C:\Users\MOCNIK\Documents\Visual Studio 2010\Projects\V4\Debug\V4.exp
C:\Users\MOCNIK\Documents\Visual Studio 2010\Projects\V4\Debug\V4.lib
C:\USERS\MOCNIK\DOCUMENTS\VISUAL STUDIO 2010\PROJECTS\V4\DEBUG\V4.PDB
C:\Users\MOCNIK\Documents\Visual Studio 2010\Projects\V4\V4\Debug\cl.command.1.tlog
C:\Users\MOCNIK\Documents\Visual Studio 2010\Projects\V4\V4\Debug\CL.read.1.tlog
C:\Users\MOCNIK\Documents\Visual Studio 2010\Projects\V4\V4\Debug\CL.write.1.tlog
C:\USERS\MOCNIK\DOCUMENTS\VISUAL STUDIO 2010\PROJECTS\V4\V4\DEBUG\DETT.OBJ
C:\USERS\MOCNIK\DOCUMENTS\VISUAL STUDIO 2010\PROJECTS\V4\V4\DEBUG\DLLMAIN.OBJ
C:\USERS\MOCNIK\DOCUMENTS\VISUAL STUDIO 2010\PROJECTS\V4\V4\DEBUG\ETALONI.OBJ
C:\USERS\MOCNIK\DOCUMENTS\VISUAL STUDIO 2010\PROJECTS\V4\V4\DEBUG\ETBALI.OBJ
C:\USERS\MOCNIK\DOCUMENTS\VISUAL STUDIO 2010\PROJECTS\V4\V4\DEBUG\GEOMAG.OBJ
C:\USERS\MOCNIK\DOCUMENTS\VISUAL STUDIO 2010\PROJECTS\V4\V4\DEBUG\JW.OBJ
C:\Users\MOCNIK\Documents\Visual Studio 2010\Projects\V4\V4\Debug\link.6624.read.1.tlog
C:\Users\MOCNIK\Documents\Visual Studio 2010\Projects\V4\V4\Debug\link.6624.write.1.tlog
C:\Users\MOCNIK\Documents\Visual Studio 2010\Projects\V4\V4\Debug\link.6624-cvtres.read.1.tlog
C:\Users\MOCNIK\Documents\Visual Studio 2010\Projects\V4\V4\Debug\link.6624-cvtres.write.1.tlog
C:\Users\MOCNIK\Documents\Visual Studio 2010\Projects\V4\V4\Debug\link.command.1.tlog
C:\Users\MOCNIK\Documents\Visual Studio 2010\Projects\V4\V4\Debug\link.read.1.tlog
C:\Users\MOCNIK\Documents\Visual Studio 2010\Projects\V4\V4\Debug\link.write.1.tlog
C:\Users\MOCNIK\Documents\Visual Studio 2010\Projects\V4\V4\Debug\link-cvtres.read.1.tlog
C:\Users\MOCNIK\Documents\Visual Studio 2010\Projects\V4\V4\Debug\link-cvtres.write.1.tlog
C:\Users\MOCNIK\Documents\Visual Studio 2010\Projects\V4\V4\Debug\mt.command.1.tlog
C:\Users\MOCNIK\Documents\Visual Studio 2010\Projects\V4\V4\Debug\mt.read.1.tlog
C:\Users\MOCNIK\Documents\Visual Studio 2010\Projects\V4\V4\Debug\mt.write.1.tlog
C:\USERS\MOCNIK\DOCUMENTS\VISUAL STUDIO 2010\PROJECTS\V4\V4\DEBUG\NEW.OBJ
C:\Users\MOCNIK\Documents\Visual Studio 2010\Projects\V4\V4\Debug\rc.command.1.tlog
C:\Users\MOCNIK\Documents\Visual Studio 2010\Projects\V4\V4\Debug\rc.read.1.tlog
C:\Users\MOCNIK\Documents\Visual Studio 2010\Projects\V4\V4\Debug\rc.write.1.tlog
C:\USERS\MOCNIK\DOCUMENTS\VISUAL STUDIO 2010\PROJECTS\V4\V4\DEBUG\REM.OBJ
C:\USERS\MOCNIK\DOCUMENTS\VISUAL STUDIO 2010\PROJECTS\V4\V4\DEBUG\REMCOMM.OBJ
C:\USERS\MOCNIK\DOCUMENTS\VISUAL STUDIO 2010\PROJECTS\V4\V4\DEBUG\REMDSP.OBJ
C:\USERS\MOCNIK\DOCUMENTS\VISUAL STUDIO 2010\PROJECTS\V4\V4\DEBUG\REMEDIT.OBJ
C:\USERS\MOCNIK\DOCUMENTS\VISUAL STUDIO 2010\PROJECTS\V4\V4\DEBUG\REMHERC.OBJ
C:\USERS\MOCNIK\DOCUMENTS\VISUAL STUDIO 2010\PROJECTS\V4\V4\DEBUG\REMLCD.OBJ
C:\USERS\MOCNIK\DOCUMENTS\VISUAL STUDIO 2010\PROJECTS\V4\V4\DEBUG\REMLINK.OBJ
C:\USERS\MOCNIK\DOCUMENTS\VISUAL STUDIO 2010\PROJECTS\V4\V4\DEBUG\REMMAIN.OBJ
C:\USERS\MOCNIK\DOCUMENTS\VISUAL STUDIO 2010\PROJECTS\V4\V4\DEBUG\REMMENU.OBJ
C:\USERS\MOCNIK\DOCUMENTS\VISUAL STUDIO 2010\PROJECTS\V4\V4\DEBUG\REMMISC.OBJ
C:\USERS\MOCNIK\DOCUMENTS\VISUAL STUDIO 2010\PROJECTS\V4\V4\DEBUG\REMPLAN.OBJ
C:\USERS\MOCNIK\DOCUMENTS\VISUAL STUDIO 2010\PROJECTS\V4\V4\DEBUG\REMPOS.OBJ
C:\USERS\MOCNIK\DOCUMENTS\VISUAL STUDIO 2010\PROJECTS\V4\V4\DEBUG\REMTIME.OBJ
C:\USERS\MOCNIK\DOCUMENTS\VISUAL STUDIO 2010\PROJECTS\V4\V4\DEBUG\RTCM.OBJ
C:\USERS\MOCNIK\DOCUMENTS\VISUAL STUDIO 2010\PROJECTS\V4\V4\DEBUG\RTILT.OBJ
C:\USERS\MOCNIK\DOCUMENTS\VISUAL STUDIO 2010\PROJECTS\V4\V4\DEBUG\STDAFX.OBJ
C:\USERS\MOCNIK\DOCUMENTS\VISUAL STUDIO 2010\PROJECTS\V4\V4\DEBUG\UTM1.OBJ
C:\USERS\MOCNIK\DOCUMENTS\VISUAL STUDIO 2010\PROJECTS\V4\V4\DEBUG\V4.DLL.EMBED.MANIFEST
C:\USERS\MOCNIK\DOCUMENTS\VISUAL STUDIO 2010\PROJECTS\V4\V4\DEBUG\V4.DLL.EMBED.MANIFEST.RES
C:\USERS\MOCNIK\DOCUMENTS\VISUAL STUDIO 2010\PROJECTS\V4\V4\DEBUG\V4.DLL.INTERMEDIATE.MANIFEST
C:\USERS\MOCNIK\DOCUMENTS\VISUAL STUDIO 2010\PROJECTS\V4\V4\DEBUG\V4.OBJ
C:\USERS\MOCNIK\DOCUMENTS\VISUAL STUDIO 2010\PROJECTS\V4\V4\DEBUG\V4.PCH
C:\Users\MOCNIK\Documents\Visual Studio 2010\Projects\V4\V4\Debug\V4.write.1.tlog
C:\Users\MOCNIK\Documents\Visual Studio 2010\Projects\V4\V4\Debug\V4_manifest.rc
C:\Users\MOCNIK\Documents\Visual Studio 2010\Projects\V4\V4\Debug\vc100.idb
C:\USERS\MOCNIK\DOCUMENTS\VISUAL STUDIO 2010\PROJECTS\V4\V4\DEBUG\VC100.PDB
C:\USERS\MOCNIK\DOCUMENTS\VISUAL STUDIO 2010\PROJECTS\V4CS\V4CS\BIN\DEBUG\V4.DLL
C:\USERS\MOCNIK\DOCUMENTS\VISUAL STUDIO 2010\PROJECTS\V4CS\V4CS\BIN\DEBUG\V4.ILK
