
>v 1 Oct 14 2014, <DA5557BF>
>
>#... WTF(1)
>#50,0... WTF(1)
>#10,46... WTF(1)
>#10,48... WTF(1)
>#10,49... WTF(1)
>#10,50... WTF(1)
>#10,51... WTF(1)
>#10,52... WTF(1)
>#10,54... WTF(1)
>#10,55... WTF(1)
>#10,56... WTF(1)
>#10,58... WTF(1)
>#10,59... WTF(1)
>#10,60... WTF(1)
>#10,61... WTF(1)
>#10,62... WTF(1)
>#10,64... WTF(1)
>#10,65... WTF(1)
>#10,66... WTF(1)
>#10,68... WTF(1)
>#10,69... WTF(1)
>#10,70... WTF(1)
>#10,71... WTF(1)
>#10,72... WTF(1)
>#10,74... WTF(1)
>#10,75... WTF(1)
>#10,76... WTF(1)
>#10,78... WTF(1)
>#10,79... WTF(1)
>#10,80... WTF(1)
>#10,81... WTF(1)
>#10,82... WTF(1)
>#10,84... WTF(1)
>#10,85... WTF(1)
>#10,86... WTF(1)
>#10,88... WTF(1)
>#10,89... WTF(1)
>#50,400... WTF(1)
>#50,0... WTF(1)
>#50,400... WTF(1)
>#50,0... WTF(1)
>#50,400... WTF(1)
>#50,10... WTF(1)
>#50,400... WTF(1)
>#50,0... WTF(1)
>#50,400... WTF(1)
>#50,0... WTF(1)
>#50,400... WTF(1)
>#50,0... WTF(1)
>#50,400... WTF(1)
>#940,0... WTF(1)
>
>v 1.04 Nov 11 2014, <CE2E3D76>
>
>
>
>
>#
>#50,0
>#10,46
>#10,48
>#10,49
>#10,50
>#10,51
>#10,52
>#10,54
>#10,55
>#10,56
>#10,58
>#10,59
>#10,60
>#10,61
>#10,62
>#10,64
>#10,65
>#10,66
>#10,68
>#10,69
>#10,70
>#10,71
>#10,72
>#10,74
>#10,75
>#10,76
>#10,78
>#10,79
>#10,80
>#10,81
>#10,82
>#10,84
>#10,85
>#10,86
>#10,88
>#10,89
>#50,400
>#50,0
>#50,400
>#50,0
>#50,400
>#50,10
>#50,400
>#50,0
>#50,400
>#50,0
>#50,400
>#50,0
>#50,400
>#940,0
>t
0,0,12
100,0,12
100,0,12
150,0,12
150,0,51
160,0,51
160,0,53
170,0,53
170,0,54
180,0,54
180,0,54
190,0,54
190,0,55
200,0,55
200,0,56
210,0,56
210,0,58
220,0,58
220,0,59
230,0,59
230,0,60
240,0,60
240,0,61
250,0,61
250,0,62
260,0,62
260,0,63
270,0,63
270,0,64
280,0,64
280,0,65
290,0,65
290,0,66
300,0,66
300,0,67
310,0,67
310,0,68
320,0,68
320,0,70
330,0,70
330,0,71
340,0,71
340,0,72
350,0,72
350,0,72
360,0,72
360,0,73
370,0,73
370,0,75
380,0,75
380,0,76
390,0,76
390,0,77
400,0,77
400,0,78
410,0,78
410,0,79
420,0,79
420,0,80
430,0,80
430,0,81
440,0,81
440,0,82
450,0,82
450,0,84
460,0,84
460,0,84
470,0,84
470,0,85
480,0,85
480,0,87
490,0,87
490,0,88
500,0,88
500,0,354
550,0,354
550,0,12
600,0,12
600,0,354
650,0,354
650,0,12
700,0,12
700,0,354
750,0,354
750,0,20
800,0,20
800,0,354
850,0,354
850,0,12
900,0,12
900,0,354
950,0,354
950,0,12
1000,0,12
1000,0,354
1050,0,354
1050,0,12
1100,0,12
1100,0,354
1150,0,354
1150,0,12
2090,0,12
2090,0,12
2190,0,12
2190,0,11
2200,0,11
2205,0,11
>
>
>#
>#50,0
>#300,10
>#10,84
>#10,85
>#10,86
>#10,88
>#10,89
>#50,400
>#50,0
>#50,400
>#50,0
>#50,400
>#50,10
>#50,400
>#50,0
>#50,400
>#50,0
>#50,400
>#50,0
>#50,400
>#940,0
>
>#
>#400,0
>#100,400
>#1490,0
>
>#
>#400,0
>#100,400
>#100,0
>#100,400
>#1290,0
>
>#
>#200,0
>#300,400
>#1490,0
>
>#
>#450,0
>#50,320
>#50,0
>#50,320
>#50,0
>#50,320
>#50,0
>#50,320
>#50,0
>#50,320
>#50,0
>#50,320
>#50,0
>#50,320
>#50,0
>#50,320
>#50,0
>#50,320
>#50,0
>#50,320
>#50,0
>#50,320
>#50,0
>#50,320
>#50,0
>#50,320
>#50,0
>#50,320
>#190,0
>
>
>
>#
>#450,0
>#50,320
>#50,0
>#50,320
>#50,0
>#50,320
>#50,0
>#50,320
>#50,0
>#50,320
>#50,0
>#50,320
>#50,0
>#50,320
>#50,0
>#50,320
>#50,0
>#50,320
>#50,0
>#50,320
>#50,0
>#50,320
>#50,0
>#50,320
>#50,0
>#50,320
>#50,0
>#50,320
>#190,0
>
>#
>#450,0
>#10,175
>#10,178
>#10,181
>#10,183
>#10,186
>#50,0
>#10,202
>#10,204
>#10,207
>#10,210
>#10,212
>#50,0
>#10,228
>#10,231
>#10,234
>#10,236
>#10,239
>#50,0
>#10,255
>#10,257
>#10,260
>#10,263
>#10,265
>#50,0
>#10,281
>#10,284
>#10,287
>#10,289
>#10,292
>#50,0
>#10,308
>#10,310
>#10,313
>#10,316
>#10,318
>#50,0
>#10,334
>#10,337
>#10,340
>#10,342
>#10,345
>#50,0
>#10,361
>#10,363
>#10,366
>#10,369
>#10,371
>#50,0
>#10,387
>#10,390
>#10,393
>#10,395
>#10,398
>#50,0
>#10,414
>#10,417
>#10,419
>#10,422
>#10,424
>#50,0
>#10,440
>#10,443
>#10,446
>#10,448
>#10,451
>#50,0
>#10,467
>#10,470
>#10,472
>#10,475
>#10,477
>#50,0
>#10,493
>#10,496
>#10,499
>#10,501
>#10,504
>#50,0
>#10,520
>#10,523
>#10,525
>#10,528
>#10,531
>#190,0
>
>#
>#450,0
>#10,175
>#10,178
>#10,181
>#10,183
>#10,186
>#50,0
>#10,202
>#10,204
>#10,207
>#10,210
>#10,212
>#50,0
>#10,228
>#10,231
>#10,234
>#10,236
>#10,239
>#50,0
>#10,255
>#10,257
>#10,260
>#10,263
>#10,265
>#50,0
>#10,281
>#10,284
>#10,287
>#10,289
>#10,292
>#50,0
>#10,308
>#10,310
>#10,313
>#10,316
>#10,318
>#50,0
>#10,334
>#10,337
>#10,340
>#10,342
>#10,345
>#50,0
>#10,361
>#10,363
>#10,366
>#10,369
>#10,371
>#50,0
>#10,387
>#10,390
>#10,393
>#10,395
>#10,398
>#50,0
>#10,414
>#10,417
>#10,419
>#10,422
>#10,424
>#50,0
>#10,440
>#10,443
>#10,446
>#10,448
>#10,451
>#50,0
>#10,467
>#10,470
>#10,472
>#10,475
>#10,477
>#50,0
>#10,493
>#10,496
>#10,499
>#10,501
>#10,504
>#50,0
>#10,520
>#10,523
>#10,525
>#10,528
>#10,531
>#190,0
>? ... SWR reset
>-l d0,d1,d2,d3,,d4,d5,d6,d7
>
>-l
>
>
>
>u 700,500,780
>
>s 180,180,50
>
>
>
>-u h
>
>+m 9,10,11
>
>
>
>q 250,250,36,70,105
>
>q 250,250,36,100,175
>
>q 250,230,36,50,50
>
>
>
>-P
>Packing sectors... 0% Done
>
>
>
>