
>v 1.13 Nov 17 2015, <13F0C4DE>
>
>#
>#110,0
>#50,400
>#70,0
>#50,400
>#70,0
>#50,400
>#70,0
>#50,400
>#100,0
>#390,600
>#110,0
>#50,400
>#70,0
>#50,400
>#70,0
>#50,400
>#70,0
>#50,400
>#100,0
>#390,600
>#950,0
>?t
0,0,12
110,0,12
110,0,141
160,0,141
160,0,12
230,0,12
230,0,141
280,0,141
280,0,12
350,0,12
350,0,141
400,0,141
400,0,12
470,0,12
470,0,141
520,0,141
520,0,12
620,0,12
620,0,205
1010,0,205
1010,0,12
1120,0,12
1120,0,141
1170,0,141
1170,0,12
1240,0,12
1240,0,141
1290,0,141
1290,0,12
1360,0,12
1360,0,141
1410,0,141
1410,0,12
1480,0,12
1480,0,141
1530,0,141
1530,0,12
1630,0,12
1630,0,205
2020,0,205
2020,0,12
2970,0,12
2970,0,12
3070,0,12
3070,0,11
3080,0,11
3085,0,11
>
>
>#
>#110,0
>#50,400
>#70,0
>#50,400
>#70,0
>#50,400
>#70,0
>#50,400
>#100,0
>#390,600
>#110,0
>#50,400
>#70,0
>#50,400
>#70,0
>#50,400
>#70,0
>#50,400
>#100,0
>#390,600
>#80,0
>#10,2
>#50,402
>#70,2
>#50,402
>#70,2
>#50,402
>#70,2
>#50,402
>#100,2
>#350,602
>
>#
>#110,0
>#50,400
>#70,0
>#50,400
>#70,0
>#50,400
>#70,0
>#50,400
>#100,0
>#390,600
>#110,0
>#50,400
>#70,0
>#50,400
>#70,0
>#50,400
>#70,0
>#50,400
>#100,0
>#390,600
>#80,0
>#10,2
>#50,402
>#70,2
>#50,402
>#70,2
>#50,402
>#70,2
>#50,402
>#100,2
>#350,602
>
>#
>#110,0
>#50,400
>#70,0
>#50,400
>#70,0
>#50,400
>#70,0
>#50,400
>#100,0
>#390,600
>#110,0
>#50,400
>#70,0
>#50,400
>#70,0
>#50,400
>#70,0
>#50,400
>#100,0
>#390,600
>#80,0
>#10,2
>#50,402
>#70,2
>#50,402
>#70,2
>#50,402
>#70,2
>#50,402
>#100,2
>#350,602
>?t
0,0,12
110,0,12
110,0,125
160,0,125
160,0,12
230,0,12
230,0,125
280,0,125
280,0,12
350,0,12
350,0,125
400,0,125
400,0,12
470,0,12
470,0,125
520,0,125
520,0,12
620,0,12
620,0,182
1010,0,182
1010,0,12
1120,0,12
1120,0,125
1170,0,125
1170,0,12
1240,0,12
1240,0,125
1290,0,125
1290,0,12
1360,0,12
1360,0,125
1410,0,125
1410,0,12
1480,0,12
1480,0,125
1530,0,125
1530,0,12
1630,0,12
1630,0,182
2020,0,182
2020,0,12
2100,0,12
2100,0,12
2110,0,12
2110,0,126
2160,0,126
2160,0,12
2230,0,12
2230,0,126
2280,0,126
2280,0,12
2350,0,12
2350,0,126
2400,0,126
2400,0,12
2470,0,12
2470,0,126
2520,0,126
2520,0,12
2620,0,12
2620,0,183
2970,0,183
2970,0,12
3070,0,12
3070,0,11
3080,0,11
3085,0,11
>
>