? ... power on reset
>-l d0,d1,d2,d3,,d4,d5,d6,d7
>
>-l
>
>
>
>u 700,500,780
>
>s 180,180,40
>
>
>
>-u h
>
>+m 9,10,11
>
>
>
>q 250,250,36,70,105
>
>q 250,250,36,100,175
>
>q 250,230,36,50,50
>
>
>
>-P
>Packing sectors... 0% Done
>
>
>v 1.13 Nov 17 2015, <13F0C4DE>
>
>#
>#110,0
>#50,400
>#70,0
>#50,400
>#70,0
>#50,400
>#70,0
>#50,400
>#100,0
>#390,600
>#110,0
>#50,400
>#70,0
>#50,400
>#70,0
>#50,400
>#70,0
>#50,400
>#100,0
>#390,600
>#950,0
>
>#
>#110,0
>#50,400
>#70,0
>#50,400
>#70,0
>#50,400
>#70,0
>#50,400
>#100,0
>#390,600
>#110,0
>#50,400
>#70,0
>#50,400
>#70,0
>#50,400
>#70,0
>#50,400
>#100,0
>#390,600
>#950,0
>?t
0,0,12
110,0,12
110,0,141
160,0,141
160,0,12
230,0,12
230,0,141
280,0,141
280,0,12
350,0,12
350,0,141
400,0,141
400,0,12
470,0,12
470,0,141
520,0,141
520,0,12
620,0,12
620,0,205
1010,0,205
1010,0,12
1120,0,12
1120,0,141
1170,0,141
1170,0,12
1240,0,12
1240,0,141
1290,0,141
1290,0,12
1360,0,12
1360,0,141
1410,0,141
1410,0,12
1480,0,12
1480,0,141
1530,0,141
1530,0,12
1630,0,12
1630,0,205
2020,0,205
2020,0,12
2970,0,12
2970,0,12
3070,0,12
3070,0,11
3080,0,11
3085,0,11
>
>