
>
>v 1.13 Nov 11 2015, <7BF567BF>
>
>?t
0,0,0
100,0,0
100,0,0
450,0,0
450,0,0
1730,0,0
1730,0,0
3010,0,0
3010,0,0
3110,0,0
3110,0,0
3120,0,0
3125,0,0
>
>
>#
>#450,0
>#550,270
>#1980,0
>?t
0,0,0
100,0,0
100,0,0
450,0,0
450,0,0
1730,0,0
1730,0,0
3010,0,0
3010,0,0
3110,0,0
3110,0,0
3120,0,0
3125,0,0
>
>?t
0,0,0
100,0,0
100,0,0
450,0,0
450,0,0
1730,0,0
1730,0,0
3010,0,0
3010,0,0
3110,0,0
3110,0,0
3120,0,0
3125,0,0
>
>?t
0,0,12
450,0,12
450,0,267
1000,0,267
1000,0,12
2980,0,12
2980,0,12
3080,0,12
3080,0,11
3090,0,11
3095,0,11
>
>?t
0,0,12
450,0,12
450,0,267
1000,0,267
1000,0,12
2980,0,12
2980,0,12
3080,0,12
3080,0,11
3090,0,11
3095,0,11
>
>
>#
>#900,0
>#100,270
>#1980,0
>?t
0,0,12
450,0,12
450,0,267
1000,0,267
1000,0,12
2980,0,12
2980,0,12
3080,0,12
3080,0,11
3090,0,11
3095,0,11
>
>?t
0,0,12
450,0,12
450,0,267
1000,0,267
1000,0,12
2980,0,12
2980,0,12
3080,0,12
3080,0,11
3090,0,11
3095,0,11
>
>?t
0,0,12
900,0,12
900,0,462
1000,0,462
1000,0,12
2980,0,12
2980,0,12
3080,0,12
3080,0,11
3090,0,11
3095,0,11
>
>
>#
>#230,0
>#270,400
>#2490,0
>?t
0,0,12
230,0,12
230,0,335
500,0,335
500,0,12
2990,0,12
2990,0,12
3090,0,12
3090,0,11
3100,0,11
3105,0,11
>
>