
>v 1.13 Nov 13 2015, <C5F5029C>
>?t
0,0,0
100,0,0
100,0,0
110,0,0
115,0,0
>
>
>#
>#450,0
>#550,400
>#3980,0
>
>#
>#450,0
>#550,400
>#3980,0
>?t
0,0,0
100,0,0
100,0,0
110,0,0
115,0,0
>
>?t
0,0,0
100,0,0
100,0,0
110,0,0
115,0,0
>
>
>#
>#450,0
>#550,400
>#3980,0
>?t
0,0,0
100,0,0
100,0,0
110,0,0
115,0,0
>
>p 100,100
>?t
0,0,0
450,0,0
450,0,0
1000,0,0
1000,0,0
4980,0,0
4980,0,0
5080,0,0
5080,0,0
6360,0,0
6360,0,0
7065,0,0
7065,0,0
7075,0,0
7080,0,0
>
>s2
>?t
0,0,12
450,0,12
450,0,57
1000,0,57
1000,0,12
4980,0,12
4980,0,12
5080,0,12
5080,0,12
5090,0,12
5095,0,12
>
>-i
>u 200
>p 100,100
>?t
0,0,12
450,0,12
450,0,181
1000,0,181
1000,0,12
4980,0,12
4980,0,12
5080,0,12
5080,0,12
5090,0,12
5095,0,12
>
>p 100,120
>?t
0,0,12
450,0,12
450,0,215
1000,0,215
1000,0,12
4980,0,12
4980,0,12
5080,0,12
5080,0,12
5090,0,12
5095,0,12
>
>p 100,100
>#
>p >p(ulse)  T,U           ... 100us,100V
>
>#
>#0,0
>#250,230
>#2740,0
>?t
0,0,12
100,0,12
100,0,312
200,0,312
200,0,12
1480,0,12
1480,0,12
2760,0,12
2760,0,12
4040,0,12
4040,0,12
5095,0,12
5095,0,12
5105,0,12
5110,0,12
>
>