
>v 1.04 Nov 12 2014, <EBBA1CD8>
>
>
>
>
>#
>#200,0
>#10,226
>#10,230
>#10,233
>#10,236
>#10,239
>#10,242
>#10,246
>#10,249
>#10,252
>#10,256
>#10,259
>#10,262
>#10,265
>#10,268
>#10,272
>#10,275
>#10,278
>#10,282
>#10,285
>#10,288
>#10,291
>#10,294
>#10,298
>#10,301
>#10,304
>#10,310
>#10,312
>#10,314
>#10,316
>#10,318
>#50,530
>#50,0
>#50,530
>#50,0
>#50,530
>#50,0
>#50,530
>#50,0
>#50,530
>#50,0
>#50,530
>#50,0
>#50,530
>#830,0
>
>#
>#200,0
>#10,226
>#10,230
>#10,233
>#10,236
>#10,239
>#10,242
>#10,246
>#10,249
>#10,252
>#10,256
>#10,259
>#10,262
>#10,265
>#10,268
>#10,272
>#10,275
>#10,278
>#10,282
>#10,285
>#10,288
>#10,291
>#10,294
>#10,298
>#10,301
>#10,304
>#10,310
>#10,312
>#10,314
>#10,316
>#10,318
>#50,530
>#50,0
>#50,530
>#50,0
>#50,530
>#50,0
>#50,530
>#50,0
>#50,530
>#50,0
>#50,530
>#50,0
>#50,530
>#830,0
>
>
>
>
>
>s2
>p 100,400
>t
0,0,12
200,0,12
200,0,104
210,0,104
210,0,106
220,0,106
220,0,107
230,0,107
230,0,108
240,0,108
240,0,109
250,0,109
250,0,110
260,0,110
260,0,112
270,0,112
270,0,113
280,0,113
280,0,115
290,0,115
290,0,116
300,0,116
300,0,117
310,0,117
310,0,119
320,0,119
320,0,120
330,0,120
330,0,121
340,0,121
340,0,123
350,0,123
350,0,124
360,0,124
360,0,125
370,0,125
370,0,127
380,0,127
380,0,128
390,0,128
390,0,129
400,0,129
400,0,131
410,0,131
410,0,132
420,0,132
420,0,133
430,0,133
430,0,135
440,0,135
440,0,136
450,0,136
450,0,138
460,0,138
460,0,139
470,0,139
470,0,140
480,0,140
480,0,141
490,0,141
490,0,142
500,0,142
500,0,228
550,0,228
550,0,12
600,0,12
600,0,228
650,0,228
650,0,12
700,0,12
700,0,228
750,0,228
750,0,12
800,0,12
800,0,228
850,0,228
850,0,12
900,0,12
900,0,228
950,0,228
950,0,12
1000,0,12
1000,0,228
1050,0,228
1050,0,12
1100,0,12
1100,0,228
1150,0,228
1150,0,12
1980,0,12
1980,0,12
2080,0,12
2080,0,10
2090,0,10
2095,0,10
>
>p 300,400
>t
0,0,12
200,0,12
200,0,145
210,0,145
210,0,147
220,0,147
220,0,149
230,0,149
230,0,151
240,0,151
240,0,153
250,0,153
250,0,154
260,0,154
260,0,157
270,0,157
270,0,158
280,0,158
280,0,160
290,0,160
290,0,163
300,0,163
300,0,164
310,0,164
310,0,166
320,0,166
320,0,168
330,0,168
330,0,170
340,0,170
340,0,172
350,0,172
350,0,174
360,0,174
360,0,176
370,0,176
370,0,178
380,0,178
380,0,180
390,0,180
390,0,181
400,0,181
400,0,183
410,0,183
410,0,185
420,0,185
420,0,187
430,0,187
430,0,189
440,0,189
440,0,191
450,0,191
450,0,194
460,0,194
460,0,196
470,0,196
470,0,197
480,0,197
480,0,198
490,0,198
490,0,199
500,0,199
500,0,324
550,0,324
550,0,12
600,0,12
600,0,324
650,0,324
650,0,12
700,0,12
700,0,324
750,0,324
750,0,12
800,0,12
800,0,324
850,0,324
850,0,12
900,0,12
900,0,324
950,0,324
950,0,12
1000,0,12
1000,0,324
1050,0,324
1050,0,12
1100,0,12
1100,0,324
1150,0,324
1150,0,12
1980,0,12
1980,0,12
2080,0,12
2080,0,10
2090,0,10
2095,0,10
>
>
>p   b 5
>t
0,0,12
200,0,12
200,0,170
210,0,170
210,0,172
220,0,172
220,0,174
230,0,174
230,0,177
240,0,177
240,0,179
250,0,179
250,0,181
260,0,181
260,0,184
270,0,184
270,0,186
280,0,186
280,0,188
290,0,188
290,0,191
300,0,191
300,0,193
310,0,193
310,0,195
320,0,195
320,0,197
330,0,197
330,0,199
340,0,199
340,0,202
350,0,202
350,0,204
360,0,204
360,0,206
370,0,206
370,0,209
380,0,209
380,0,211
390,0,211
390,0,213
400,0,213
400,0,215
410,0,215
410,0,217
420,0,217
420,0,220
430,0,220
430,0,222
440,0,222
440,0,224
450,0,224
450,0,228
460,0,228
460,0,230
470,0,230
470,0,231
480,0,231
480,0,233
490,0,233
490,0,234
500,0,234
500,0,382
550,0,382
550,0,12
600,0,12
600,0,382
650,0,382
650,0,12
700,0,12
700,0,382
750,0,382
750,0,12
800,0,12
800,0,382
850,0,382
850,0,12
900,0,12
900,0,382
950,0,382
950,0,12
1000,0,12
1000,0,382
1050,0,382
1050,0,12
1100,0,12
1100,0,382
1150,0,382
1150,0,12
1980,0,12
1980,0,12
2080,0,12
2080,0,10
2090,0,10
2095,0,10
>
>p 400,500
>t
0,0,12
200,0,12
200,0,195
210,0,195
210,0,198
220,0,198
220,0,201
230,0,201
230,0,203
240,0,203
240,0,206
250,0,206
250,0,208
260,0,208
260,0,211
270,0,211
270,0,214
280,0,214
280,0,216
290,0,216
290,0,220
300,0,220
300,0,222
310,0,222
310,0,224
320,0,224
320,0,227
330,0,227
330,0,229
340,0,229
340,0,233
350,0,233
350,0,235
360,0,235
360,0,237
370,0,237
370,0,241
380,0,241
380,0,243
390,0,243
390,0,246
400,0,246
400,0,248
410,0,248
410,0,250
420,0,250
420,0,254
430,0,254
430,0,256
440,0,256
440,0,259
450,0,259
450,0,263
460,0,263
460,0,265
470,0,265
470,0,267
480,0,267
480,0,268
490,0,268
490,0,270
500,0,270
500,0,442
550,0,442
550,0,12
600,0,12
600,0,442
650,0,442
650,0,12
700,0,12
700,0,442
750,0,442
750,0,12
800,0,12
800,0,442
850,0,442
850,0,12
900,0,12
900,0,442
950,0,442
950,0,12
1000,0,12
1000,0,442
1050,0,442
1050,0,12
1100,0,12
1100,0,442
1150,0,442
1150,0,12
1980,0,12
1980,0,12
2080,0,12
2080,0,10
2090,0,10
2095,0,10
>
>
>
>t
0,0,12
200,0,12
200,0,195
210,0,195
210,0,198
220,0,198
220,0,201
230,0,201
230,0,203
240,0,203
240,0,206
250,0,206
250,0,208
260,0,208
260,0,211
270,0,211
270,0,214
280,0,214
280,0,216
290,0,216
290,0,220
300,0,220
300,0,222
310,0,222
310,0,224
320,0,224
320,0,227
330,0,227
330,0,229
340,0,229
340,0,233
350,0,233
350,0,235
360,0,235
360,0,237
370,0,237
370,0,241
380,0,241
380,0,243
390,0,243
390,0,246
400,0,246
400,0,248
410,0,248
410,0,250
420,0,250
420,0,254
430,0,254
430,0,256
440,0,256
440,0,259
450,0,259
450,0,263
460,0,263
460,0,265
470,0,265
470,0,267
480,0,267
480,0,268
490,0,268
490,0,270
500,0,270
500,0,442
550,0,442
550,0,12
600,0,12
600,0,442
650,0,442
650,0,12
700,0,12
700,0,442
750,0,442
750,0,12
800,0,12
800,0,442
850,0,442
850,0,12
900,0,12
900,0,442
950,0,442
950,0,12
1000,0,12
1000,0,442
1050,0,442
1050,0,12
1100,0,12
1100,0,442
1150,0,442
1150,0,12
1980,0,12
1980,0,12
2080,0,12
2080,0,10
2090,0,10
2095,0,10
>
>t
0,0,12
200,0,12
200,0,195
210,0,195
210,0,198
220,0,198
220,0,201
230,0,201
230,0,203
240,0,203
240,0,206
250,0,206
250,0,208
260,0,208
260,0,211
270,0,211
270,0,214
280,0,214
280,0,216
290,0,216
290,0,220
300,0,220
300,0,222
310,0,222
310,0,224
320,0,224
320,0,227
330,0,227
330,0,229
340,0,229
340,0,233
350,0,233
350,0,235
360,0,235
360,0,237
370,0,237
370,0,241
380,0,241
380,0,243
390,0,243
390,0,246
400,0,246
400,0,248
410,0,248
410,0,250
420,0,250
420,0,254
430,0,254
430,0,256
440,0,256
440,0,259
450,0,259
450,0,263
460,0,263
460,0,265
470,0,265
470,0,267
480,0,267
480,0,268
490,0,268
490,0,270
500,0,270
500,0,442
550,0,442
550,0,12
600,0,12
600,0,442
650,0,442
650,0,12
700,0,12
700,0,442
750,0,442
750,0,12
800,0,12
800,0,442
850,0,442
850,0,12
900,0,12
900,0,442
950,0,442
950,0,12
1000,0,12
1000,0,442
1050,0,442
1050,0,12
1100,0,12
1100,0,442
1150,0,442
1150,0,12
1980,0,12
1980,0,12
2080,0,12
2080,0,10
2090,0,10
2095,0,10
>
>t
0,0,12
200,0,12
200,0,195
210,0,195
210,0,198
220,0,198
220,0,201
230,0,201
230,0,203
240,0,203
240,0,206
250,0,206
250,0,208
260,0,208
260,0,211
270,0,211
270,0,214
280,0,214
280,0,216
290,0,216
290,0,220
300,0,220
300,0,222
310,0,222
310,0,224
320,0,224
320,0,227
330,0,227
330,0,229
340,0,229
340,0,233
350,0,233
350,0,235
360,0,235
360,0,237
370,0,237
370,0,241
380,0,241
380,0,243
390,0,243
390,0,246
400,0,246
400,0,248
410,0,248
410,0,250
420,0,250
420,0,254
430,0,254
430,0,256
440,0,256
440,0,259
450,0,259
450,0,263
460,0,263
460,0,265
470,0,265
470,0,267
480,0,267
480,0,268
490,0,268
490,0,270
500,0,270
500,0,442
550,0,442
550,0,12
600,0,12
600,0,442
650,0,442
650,0,12
700,0,12
700,0,442
750,0,442
750,0,12
800,0,12
800,0,442
850,0,442
850,0,12
900,0,12
900,0,442
950,0,442
950,0,12
1000,0,12
1000,0,442
1050,0,442
1050,0,12
1100,0,12
1100,0,442
1150,0,442
1150,0,12
1980,0,12
1980,0,12
2080,0,12
2080,0,10
2090,0,10
2095,0,10
>
>t
0,0,12
200,0,12
200,0,195
210,0,195
210,0,198
220,0,198
220,0,201
230,0,201
230,0,203
240,0,203
240,0,206
250,0,206
250,0,208
260,0,208
260,0,211
270,0,211
270,0,214
280,0,214
280,0,216
290,0,216
290,0,220
300,0,220
300,0,222
310,0,222
310,0,224
320,0,224
320,0,227
330,0,227
330,0,229
340,0,229
340,0,233
350,0,233
350,0,235
360,0,235
360,0,237
370,0,237
370,0,241
380,0,241
380,0,243
390,0,243
390,0,246
400,0,246
400,0,248
410,0,248
410,0,250
420,0,250
420,0,254
430,0,254
430,0,256
440,0,256
440,0,259
450,0,259
450,0,263
460,0,263
460,0,265
470,0,265
470,0,267
480,0,267
480,0,268
490,0,268
490,0,270
500,0,270
500,0,442
550,0,442
550,0,12
600,0,12
600,0,442
650,0,442
650,0,12
700,0,12
700,0,442
750,0,442
750,0,12
800,0,12
800,0,442
850,0,442
850,0,12
900,0,12
900,0,442
950,0,442
950,0,12
1000,0,12
1000,0,442
1050,0,442
1050,0,12
1100,0,12
1100,0,442
1150,0,442
1150,0,12
1980,0,12
1980,0,12
2080,0,12
2080,0,10
2090,0,10
2095,0,10
>
>t
0,0,12
200,0,12
200,0,195
210,0,195
210,0,198
220,0,198
220,0,201
230,0,201
230,0,203
240,0,203
240,0,206
250,0,206
250,0,208
260,0,208
260,0,211
270,0,211
270,0,214
280,0,214
280,0,216
290,0,216
290,0,220
300,0,220
300,0,222
310,0,222
310,0,224
320,0,224
320,0,227
330,0,227
330,0,229
340,0,229
340,0,233
350,0,233
350,0,235
360,0,235
360,0,237
370,0,237
370,0,241
380,0,241
380,0,243
390,0,243
390,0,246
400,0,246
400,0,248
410,0,248
410,0,250
420,0,250
420,0,254
430,0,254
430,0,256
440,0,256
440,0,259
450,0,259
450,0,263
460,0,263
460,0,265
470,0,265
470,0,267
480,0,267
480,0,268
490,0,268
490,0,270
500,0,270
500,0,442
550,0,442
550,0,12
600,0,12
600,0,442
650,0,442
650,0,12
700,0,12
700,0,442
750,0,442
750,0,12
800,0,12
800,0,442
850,0,442
850,0,12
900,0,12
900,0,442
950,0,442
950,0,12
1000,0,12
1000,0,442
1050,0,442
1050,0,12
1100,0,12
1100,0,442
1150,0,442
1150,0,12
1980,0,12
1980,0,12
2080,0,12
2080,0,10
2090,0,10
2095,0,10
>
>t
0,0,12
200,0,12
200,0,195
210,0,195
210,0,198
220,0,198
220,0,201
230,0,201
230,0,203
240,0,203
240,0,206
250,0,206
250,0,208
260,0,208
260,0,211
270,0,211
270,0,214
280,0,214
280,0,216
290,0,216
290,0,220
300,0,220
300,0,222
310,0,222
310,0,224
320,0,224
320,0,227
330,0,227
330,0,229
340,0,229
340,0,233
350,0,233
350,0,235
360,0,235
360,0,237
370,0,237
370,0,241
380,0,241
380,0,243
390,0,243
390,0,246
400,0,246
400,0,248
410,0,248
410,0,250
420,0,250
420,0,254
430,0,254
430,0,256
440,0,256
440,0,259
450,0,259
450,0,263
460,0,263
460,0,265
470,0,265
470,0,267
480,0,267
480,0,268
490,0,268
490,0,270
500,0,270
500,0,442
550,0,442
550,0,12
600,0,12
600,0,442
650,0,442
650,0,12
700,0,12
700,0,442
750,0,442
750,0,12
800,0,12
800,0,442
850,0,442
850,0,12
900,0,12
900,0,442
950,0,442
950,0,12
1000,0,12
1000,0,442
1050,0,442
1050,0,12
1100,0,12
1100,0,442
1150,0,442
1150,0,12
1980,0,12
1980,0,12
2080,0,12
2080,0,10
2090,0,10
2095,0,10
>
>t
0,0,12
200,0,12
200,0,195
210,0,195
210,0,198
220,0,198
220,0,201
230,0,201
230,0,203
240,0,203
240,0,206
250,0,206
250,0,208
260,0,208
260,0,211
270,0,211
270,0,214
280,0,214
280,0,216
290,0,216
290,0,220
300,0,220
300,0,222
310,0,222
310,0,224
320,0,224
320,0,227
330,0,227
330,0,229
340,0,229
340,0,233
350,0,233
350,0,235
360,0,235
360,0,237
370,0,237
370,0,241
380,0,241
380,0,243
390,0,243
390,0,246
400,0,246
400,0,248
410,0,248
410,0,250
420,0,250
420,0,254
430,0,254
430,0,256
440,0,256
440,0,259
450,0,259
450,0,263
460,0,263
460,0,265
470,0,265
470,0,267
480,0,267
480,0,268
490,0,268
490,0,270
500,0,270
500,0,442
550,0,442
550,0,12
600,0,12
600,0,442
650,0,442
650,0,12
700,0,12
700,0,442
750,0,442
750,0,12
800,0,12
800,0,442
850,0,442
850,0,12
900,0,12
900,0,442
950,0,442
950,0,12
1000,0,12
1000,0,442
1050,0,442
1050,0,12
1100,0,12
1100,0,442
1150,0,442
1150,0,12
1980,0,12
1980,0,12
2080,0,12
2080,0,10
2090,0,10
2095,0,10
>
>b>b(urst)  N,len,per     ... 1,100us,0ms
>b 5
>t
0,0,12
200,0,12
200,0,209
210,0,209
210,0,213
220,0,213
220,0,215
230,0,215
230,0,218
240,0,218
240,0,221
250,0,221
250,0,223
260,0,223
260,0,227
270,0,227
270,0,229
280,0,229
280,0,232
290,0,232
290,0,236
300,0,236
300,0,238
310,0,238
310,0,241
320,0,241
320,0,243
330,0,243
330,0,246
340,0,246
340,0,250
350,0,250
350,0,252
360,0,252
360,0,255
370,0,255
370,0,258
380,0,258
380,0,261
390,0,261
390,0,264
400,0,264
400,0,266
410,0,266
410,0,269
420,0,269
420,0,272
430,0,272
430,0,275
440,0,275
440,0,278
450,0,278
450,0,283
460,0,283
460,0,285
470,0,285
470,0,286
480,0,286
480,0,288
490,0,288
490,0,290
500,0,290
500,0,475
550,0,475
550,0,12
600,0,12
600,0,475
650,0,475
650,0,12
700,0,12
700,0,475
750,0,475
750,0,12
800,0,12
800,0,475
850,0,475
850,0,12
900,0,12
900,0,475
950,0,475
950,0,12
1000,0,12
1000,0,475
1050,0,475
1050,0,12
1100,0,12
1100,0,475
1150,0,475
1150,0,12
1980,0,12
1980,0,12
2080,0,12
2080,0,10
2090,0,10
2095,0,10
>
>p>p(ulse)  T,PW          ... 100us,499
>p 500,500
>b>b(urst)  N,len,per     ... 1,100us,0ms
>b 5
>b>b(urst)  N,len,per     ... 1,100us,0ms
>b>b(urst)  N,len,per     ... 1,100us,0ms
>b 5
>p 400,500
>t
0,0,12
200,0,12
200,0,195
210,0,195
210,0,198
220,0,198
220,0,201
230,0,201
230,0,203
240,0,203
240,0,206
250,0,206
250,0,208
260,0,208
260,0,211
270,0,211
270,0,214
280,0,214
280,0,216
290,0,216
290,0,220
300,0,220
300,0,222
310,0,222
310,0,224
320,0,224
320,0,227
330,0,227
330,0,229
340,0,229
340,0,233
350,0,233
350,0,235
360,0,235
360,0,237
370,0,237
370,0,241
380,0,241
380,0,243
390,0,243
390,0,246
400,0,246
400,0,248
410,0,248
410,0,250
420,0,250
420,0,254
430,0,254
430,0,256
440,0,256
440,0,259
450,0,259
450,0,263
460,0,263
460,0,265
470,0,265
470,0,267
480,0,267
480,0,268
490,0,268
490,0,270
500,0,270
500,0,442
550,0,442
550,0,12
600,0,12
600,0,442
650,0,442
650,0,12
700,0,12
700,0,442
750,0,442
750,0,12
800,0,12
800,0,442
850,0,442
850,0,12
900,0,12
900,0,442
950,0,442
950,0,12
1000,0,12
1000,0,442
1050,0,442
1050,0,12
1100,0,12
1100,0,442
1150,0,442
1150,0,12
1980,0,12
1980,0,12
2080,0,12
2080,0,10
2090,0,10
2095,0,10
>
>p 500,500
>t
0,0,12
200,0,12
200,0,209
210,0,209
210,0,213
220,0,213
220,0,215
230,0,215
230,0,218
240,0,218
240,0,221
250,0,221
250,0,223
260,0,223
260,0,227
270,0,227
270,0,229
280,0,229
280,0,232
290,0,232
290,0,236
300,0,236
300,0,238
310,0,238
310,0,241
320,0,241
320,0,243
330,0,243
330,0,246
340,0,246
340,0,250
350,0,250
350,0,252
360,0,252
360,0,255
370,0,255
370,0,258
380,0,258
380,0,261
390,0,261
390,0,264
400,0,264
400,0,266
410,0,266
410,0,269
420,0,269
420,0,272
430,0,272
430,0,275
440,0,275
440,0,278
450,0,278
450,0,283
460,0,283
460,0,285
470,0,285
470,0,286
480,0,286
480,0,288
490,0,288
490,0,290
500,0,290
500,0,475
550,0,475
550,0,12
600,0,12
600,0,475
650,0,475
650,0,12
700,0,12
700,0,475
750,0,475
750,0,12
800,0,12
800,0,475
850,0,475
850,0,12
900,0,12
900,0,475
950,0,475
950,0,12
1000,0,12
1000,0,475
1050,0,475
1050,0,12
1100,0,12
1100,0,475
1150,0,475
1150,0,12
1980,0,12
1980,0,12
2080,0,12
2080,0,10
2090,0,10
2095,0,10
>
>t
0,0,12
200,0,12
200,0,209
210,0,209
210,0,213
220,0,213
220,0,215
230,0,215
230,0,218
240,0,218
240,0,221
250,0,221
250,0,223
260,0,223
260,0,227
270,0,227
270,0,229
280,0,229
280,0,232
290,0,232
290,0,236
300,0,236
300,0,238
310,0,238
310,0,241
320,0,241
320,0,243
330,0,243
330,0,246
340,0,246
340,0,250
350,0,250
350,0,252
360,0,252
360,0,255
370,0,255
370,0,258
380,0,258
380,0,261
390,0,261
390,0,264
400,0,264
400,0,266
410,0,266
410,0,269
420,0,269
420,0,272
430,0,272
430,0,275
440,0,275
440,0,278
450,0,278
450,0,283
460,0,283
460,0,285
470,0,285
470,0,286
480,0,286
480,0,288
490,0,288
490,0,290
500,0,290
500,0,475
550,0,475
550,0,12
600,0,12
600,0,475
650,0,475
650,0,12
700,0,12
700,0,475
750,0,475
750,0,12
800,0,12
800,0,475
850,0,475
850,0,12
900,0,12
900,0,475
950,0,475
950,0,12
1000,0,12
1000,0,475
1050,0,475
1050,0,12
1100,0,12
1100,0,475
1150,0,475
1150,0,12
1980,0,12
1980,0,12
2080,0,12
2080,0,10
2090,0,10
2095,0,10
>
>t
0,0,12
200,0,12
200,0,209
210,0,209
210,0,213
220,0,213
220,0,215
230,0,215
230,0,218
240,0,218
240,0,221
250,0,221
250,0,223
260,0,223
260,0,227
270,0,227
270,0,229
280,0,229
280,0,232
290,0,232
290,0,236
300,0,236
300,0,238
310,0,238
310,0,241
320,0,241
320,0,243
330,0,243
330,0,246
340,0,246
340,0,250
350,0,250
350,0,252
360,0,252
360,0,255
370,0,255
370,0,258
380,0,258
380,0,261
390,0,261
390,0,264
400,0,264
400,0,266
410,0,266
410,0,269
420,0,269
420,0,272
430,0,272
430,0,275
440,0,275
440,0,278
450,0,278
450,0,283
460,0,283
460,0,285
470,0,285
470,0,286
480,0,286
480,0,288
490,0,288
490,0,290
500,0,290
500,0,475
550,0,475
550,0,12
600,0,12
600,0,475
650,0,475
650,0,12
700,0,12
700,0,475
750,0,475
750,0,12
800,0,12
800,0,475
850,0,475
850,0,12
900,0,12
900,0,475
950,0,475
950,0,12
1000,0,12
1000,0,475
1050,0,475
1050,0,12
1100,0,12
1100,0,475
1150,0,475
1150,0,12
1980,0,12
1980,0,12
2080,0,12
2080,0,10
2090,0,10
2095,0,10
>
>p 500,500
>