
>v 1.04 Nov 13 2014, <C29FBC2E>
>
>#
>#200,0
>#100,400
>#1690,0
>
>#
>#200,0
>#100,400
>#1690,0
>
>#
>#200,0
>#100,400
>#1690,0
>
>
>p 100,400
>t
0,0,0
200,0,0
200,0,0
300,0,0
300,0,0
1990,0,0
1990,0,0
2090,0,0
2090,0,0
2100,0,0
2105,0,0
>
>s 2
>p 100,400
>s 2
>p 100,400
>t
0,0,12
200,0,12
200,0,354
300,0,354
300,0,12
1990,0,12
1990,0,12
2090,0,12
2090,0,10
2100,0,10
2105,0,10
>
>
>#
>#200,0
>#100,400
>#50,0
>#50,400
>#1590,0
>t
0,0,12
200,0,12
200,0,354
300,0,354
300,0,12
1990,0,12
1990,0,12
2090,0,12
2090,0,10
2100,0,10
2105,0,10
>
>p 100,400
>t
0,0,12
200,0,12
200,0,310
300,0,310
300,0,12
350,0,12
350,0,310
400,0,310
400,0,12
1990,0,12
1990,0,12
2090,0,12
2090,0,10
2100,0,10
2105,0,10
>
>
>#
>#200,0
>#150,400
>#30,0
>#50,400
>#1560,0
>p 100,400
>t
0,0,12
200,0,12
200,0,283
350,0,283
350,0,12
380,0,12
380,0,283
430,0,283
430,0,12
1990,0,12
1990,0,12
2090,0,12
2090,0,10
2100,0,10
2105,0,10
>
>