
>v 1.13 Nov 11 2015, <7BF567BF>
>?t
0,0,0
200,0,0
200,0,0
500,0,0
500,0,0
2990,0,0
2990,0,0
3090,0,0
3090,0,0
3100,0,0
3105,0,0
>
>?t
0,0,12
200,0,12
200,0,321
500,0,321
500,0,12
2990,0,12
2990,0,12
3090,0,12
3090,0,11
3100,0,11
3105,0,11
>
>?t
0,0,12
200,0,12
200,0,321
500,0,321
500,0,12
2990,0,12
2990,0,12
3090,0,12
3090,0,11
3100,0,11
3105,0,11
>
>
>#
>#100,0
>#10,412
>#10,408
>#10,405
>#10,402
>#10,398
>#10,395
>#10,392
>#10,389
>#10,385
>#10,382
>#100,0
>#10,346
>#10,343
>#10,339
>#10,336
>#10,333
>#10,329
>#10,326
>#10,323
>#10,320
>#10,316
>#100,0
>#10,280
>#10,277
>#10,274
>#10,270
>#10,267
>#10,264
>#10,260
>#10,257
>#10,254
>#10,251
>#10,0
>#10,12
>#10,24
>#10,36
>#10,48
>#10,60
>#10,72
>#10,84
>#10,96
>#10,108
>#10,120
>#10,133
>#10,145
>#10,157
>#10,169
>#10,181
>#10,193
>#10,205
>#10,217
>#10,229
>#10,241
>#10,253
>#10,265
>#10,277
>#10,289
>#10,301
>#10,313
>#10,325
>#10,337
>#10,349
>#10,362
>#10,374
>#10,386
>#10,398
>#10,410
>#10,422
>#10,434
>#10,446
>#10,458
>#10,470
>#1990,0
>?t
0,0,12
100,0,12
100,0,314
110,0,314
110,0,311
120,0,311
120,0,309
130,0,309
130,0,307
140,0,307
140,0,304
150,0,304
150,0,302
160,0,302
160,0,300
170,0,300
170,0,297
180,0,297
180,0,294
190,0,294
190,0,292
200,0,292
200,0,12
300,0,12
300,0,266
310,0,266
310,0,264
320,0,264
320,0,261
330,0,261
330,0,258
340,0,258
340,0,256
350,0,256
350,0,253
360,0,253
360,0,251
370,0,251
370,0,249
380,0,249
380,0,247
390,0,247
390,0,244
400,0,244
400,0,12
500,0,12
500,0,217
510,0,217
510,0,215
520,0,215
520,0,213
530,0,213
530,0,210
540,0,210
540,0,208
550,0,208
550,0,205
560,0,205
560,0,203
570,0,203
570,0,200
580,0,200
580,0,198
590,0,198
590,0,196
600,0,196
600,0,12
610,0,12
610,0,20
620,0,20
620,0,29
630,0,29
630,0,38
640,0,38
640,0,47
650,0,47
650,0,56
660,0,56
660,0,64
670,0,64
670,0,73
680,0,73
680,0,82
690,0,82
690,0,91
700,0,91
700,0,100
710,0,100
710,0,109
720,0,109
720,0,118
730,0,118
730,0,127
740,0,127
740,0,136
750,0,136
750,0,144
760,0,144
760,0,153
770,0,153
770,0,162
780,0,162
780,0,171
790,0,171
790,0,180
800,0,180
800,0,189
810,0,189
810,0,197
820,0,197
820,0,206
830,0,206
830,0,215
840,0,215
840,0,224
850,0,224
850,0,233
860,0,233
860,0,241
870,0,241
870,0,250
880,0,250
880,0,259
890,0,259
890,0,268
900,0,268
900,0,277
910,0,277
910,0,286
920,0,286
920,0,295
930,0,295
930,0,304
940,0,304
940,0,313
950,0,313
950,0,322
960,0,322
960,0,330
970,0,330
970,0,339
980,0,339
980,0,348
990,0,348
990,0,357
1000,0,357
1000,0,12
2990,0,12
2990,0,12
3090,0,12
3090,0,11
3100,0,11
3105,0,11
>
>