
>v 1.04 Nov 13 2014, <C29FBC2E>
>
>#
>#200,0
>#10,226
>#10,230
>#10,233
>#10,236
>#10,239
>#10,242
>#10,246
>#10,249
>#10,252
>#10,256
>#10,259
>#10,262
>#10,265
>#10,268
>#10,272
>#10,275
>#10,278
>#10,282
>#10,285
>#10,288
>#10,291
>#10,294
>#10,298
>#10,301
>#10,304
>#10,310
>#10,312
>#10,314
>#10,316
>#10,318
>#50,530
>#50,0
>#50,530
>#50,0
>#50,530
>#50,0
>#50,530
>#50,0
>#50,530
>#50,0
>#50,530
>#50,0
>#50,530
>#830,0
>
>#
>#200,0
>#10,226
>#10,230
>#10,233
>#10,236
>#10,239
>#10,242
>#10,246
>#10,249
>#10,252
>#10,256
>#10,259
>#10,262
>#10,265
>#10,268
>#10,272
>#10,275
>#10,278
>#10,282
>#10,285
>#10,288
>#10,291
>#10,294
>#10,298
>#10,301
>#10,304
>#10,310
>#10,312
>#10,314
>#10,316
>#10,318
>#50,530
>#50,0
>#50,530
>#50,0
>#50,530
>#50,0
>#50,530
>#50,0
>#50,530
>#50,0
>#50,530
>#50,0
>#50,530
>#830,0
>+D 30
>t
0,0,12
200,0,12
200,0,123
210,0,123
210,0,125
220,0,125
220,0,126
230,0,126
230,0,128
240,0,128
240,0,129
250,0,129
250,0,131
260,0,131
260,0,133
270,0,133
270,0,134
280,0,134
280,0,136
290,0,136
290,0,138
300,0,138
300,0,139
310,0,139
310,0,141
320,0,141
320,0,142
330,0,142
330,0,144
340,0,144
340,0,146
350,0,146
350,0,147
360,0,147
360,0,149
370,0,149
370,0,151
380,0,151
380,0,152
390,0,152
390,0,153
400,0,153
400,0,155
410,0,155
410,0,156
420,0,156
420,0,158
430,0,158
430,0,160
440,0,160
440,0,161
450,0,161
450,0,164
460,0,164
460,0,165
470,0,165
470,0,166
480,0,166
480,0,167
490,0,167
490,0,168
500,0,168
500,0,273
550,0,273
550,0,12
600,0,12
600,0,273
650,0,273
650,0,12
700,0,12
700,0,273
750,0,273
750,0,12
800,0,12
800,0,273
850,0,273
850,0,12
900,0,12
900,0,273
950,0,273
950,0,12
1000,0,12
1000,0,273
1050,0,273
1050,0,12
1100,0,12
1100,0,273
1150,0,273
1150,0,12
1980,0,12
1980,0,12
2080,0,12
2080,0,11
2090,0,11
2095,0,11
>
>t
0,0,12
200,0,12
200,0,104
210,0,104
210,0,106
220,0,106
220,0,107
230,0,107
230,0,108
240,0,108
240,0,109
250,0,109
250,0,110
260,0,110
260,0,112
270,0,112
270,0,113
280,0,113
280,0,115
290,0,115
290,0,116
300,0,116
300,0,117
310,0,117
310,0,119
320,0,119
320,0,120
330,0,120
330,0,121
340,0,121
340,0,123
350,0,123
350,0,124
360,0,124
360,0,125
370,0,125
370,0,127
380,0,127
380,0,128
390,0,128
390,0,129
400,0,129
400,0,131
410,0,131
410,0,132
420,0,132
420,0,133
430,0,133
430,0,135
440,0,135
440,0,136
450,0,136
450,0,138
460,0,138
460,0,139
470,0,139
470,0,140
480,0,140
480,0,141
490,0,141
490,0,142
500,0,142
500,0,228
550,0,228
550,0,12
600,0,12
600,0,228
650,0,228
650,0,12
700,0,12
700,0,228
750,0,228
750,0,12
800,0,12
800,0,228
850,0,228
850,0,12
900,0,12
900,0,228
950,0,228
950,0,12
1000,0,12
1000,0,228
1050,0,228
1050,0,12
1100,0,12
1100,0,228
1150,0,228
1150,0,12
1980,0,12
1980,0,12
2080,0,12
2080,0,11
2090,0,11
2095,0,11
>
>t
0,0,12
200,0,12
200,0,123
210,0,123
210,0,125
220,0,125
220,0,126
230,0,126
230,0,128
240,0,128
240,0,129
250,0,129
250,0,131
260,0,131
260,0,133
270,0,133
270,0,134
280,0,134
280,0,136
290,0,136
290,0,138
300,0,138
300,0,139
310,0,139
310,0,141
320,0,141
320,0,142
330,0,142
330,0,144
340,0,144
340,0,146
350,0,146
350,0,147
360,0,147
360,0,149
370,0,149
370,0,151
380,0,151
380,0,152
390,0,152
390,0,153
400,0,153
400,0,155
410,0,155
410,0,156
420,0,156
420,0,158
430,0,158
430,0,160
440,0,160
440,0,161
450,0,161
450,0,164
460,0,164
460,0,165
470,0,165
470,0,166
480,0,166
480,0,167
490,0,167
490,0,168
500,0,168
500,0,273
550,0,273
550,0,12
600,0,12
600,0,273
650,0,273
650,0,12
700,0,12
700,0,273
750,0,273
750,0,12
800,0,12
800,0,273
850,0,273
850,0,12
900,0,12
900,0,273
950,0,273
950,0,12
1000,0,12
1000,0,273
1050,0,273
1050,0,12
1100,0,12
1100,0,273
1150,0,273
1150,0,12
1980,0,12
1980,0,12
2080,0,12
2080,0,11
2090,0,11
2095,0,11
>
>t
0,0,12
200,0,12
200,0,123
210,0,123
210,0,125
220,0,125
220,0,126
230,0,126
230,0,128
240,0,128
240,0,129
250,0,129
250,0,131
260,0,131
260,0,133
270,0,133
270,0,134
280,0,134
280,0,136
290,0,136
290,0,138
300,0,138
300,0,139
310,0,139
310,0,141
320,0,141
320,0,142
330,0,142
330,0,144
340,0,144
340,0,146
350,0,146
350,0,147
360,0,147
360,0,149
370,0,149
370,0,151
380,0,151
380,0,152
390,0,152
390,0,153
400,0,153
400,0,155
410,0,155
410,0,156
420,0,156
420,0,158
430,0,158
430,0,160
440,0,160
440,0,161
450,0,161
450,0,164
460,0,164
460,0,165
470,0,165
470,0,166
480,0,166
480,0,167
490,0,167
490,0,168
500,0,168
500,0,273
550,0,273
550,0,12
600,0,12
600,0,273
650,0,273
650,0,12
700,0,12
700,0,273
750,0,273
750,0,12
800,0,12
800,0,273
850,0,273
850,0,12
900,0,12
900,0,273
950,0,273
950,0,12
1000,0,12
1000,0,273
1050,0,273
1050,0,12
1100,0,12
1100,0,273
1150,0,273
1150,0,12
1980,0,12
1980,0,12
2080,0,12
2080,0,11
2090,0,11
2095,0,11
>
>t
0,0,12
200,0,12
200,0,123
210,0,123
210,0,125
220,0,125
220,0,126
230,0,126
230,0,128
240,0,128
240,0,129
250,0,129
250,0,131
260,0,131
260,0,133
270,0,133
270,0,134
280,0,134
280,0,136
290,0,136
290,0,138
300,0,138
300,0,139
310,0,139
310,0,141
320,0,141
320,0,142
330,0,142
330,0,144
340,0,144
340,0,146
350,0,146
350,0,147
360,0,147
360,0,149
370,0,149
370,0,151
380,0,151
380,0,152
390,0,152
390,0,153
400,0,153
400,0,155
410,0,155
410,0,156
420,0,156
420,0,158
430,0,158
430,0,160
440,0,160
440,0,161
450,0,161
450,0,164
460,0,164
460,0,165
470,0,165
470,0,166
480,0,166
480,0,167
490,0,167
490,0,168
500,0,168
500,0,273
550,0,273
550,0,12
600,0,12
600,0,273
650,0,273
650,0,12
700,0,12
700,0,273
750,0,273
750,0,12
800,0,12
800,0,273
850,0,273
850,0,12
900,0,12
900,0,273
950,0,273
950,0,12
1000,0,12
1000,0,273
1050,0,273
1050,0,12
1100,0,12
1100,0,273
1150,0,273
1150,0,12
1980,0,12
1980,0,12
2080,0,12
2080,0,11
2090,0,11
2095,0,11
>
>
>
>
>#
>#200,0
>#10,226
>#10,230
>#10,233
>#10,236
>#10,239
>#10,242
>#10,246
>#10,249
>#10,252
>#10,256
>#10,259
>#10,262
>#10,265
>#10,268
>#10,272
>#10,275
>#10,278
>#10,282
>#10,285
>#10,288
>#10,291
>#10,294
>#10,298
>#10,301
>#10,304
>#10,310
>#10,312
>#10,314
>#10,316
>#10,318
>#50,530
>#50,0
>#50,530
>#50,0
>#50,530
>#50,0
>#50,530
>#1130,0
>t
0,0,12
200,0,12
200,0,142
210,0,142
210,0,145
220,0,145
220,0,146
230,0,146
230,0,148
240,0,148
240,0,150
250,0,150
250,0,152
260,0,152
260,0,154
270,0,154
270,0,156
280,0,156
280,0,157
290,0,157
290,0,160
300,0,160
300,0,161
310,0,161
310,0,163
320,0,163
320,0,165
330,0,165
330,0,167
340,0,167
340,0,169
350,0,169
350,0,171
360,0,171
360,0,172
370,0,172
370,0,175
380,0,175
380,0,176
390,0,176
390,0,178
400,0,178
400,0,180
410,0,180
410,0,182
420,0,182
420,0,184
430,0,184
430,0,186
440,0,186
440,0,187
450,0,187
450,0,191
460,0,191
460,0,192
470,0,192
470,0,193
480,0,193
480,0,194
490,0,194
490,0,196
500,0,196
500,0,318
550,0,318
550,0,12
600,0,12
600,0,318
650,0,318
650,0,12
700,0,12
700,0,318
750,0,318
750,0,12
800,0,12
800,0,318
850,0,318
850,0,12
1980,0,12
1980,0,12
2080,0,12
2080,0,11
2090,0,11
2095,0,11
>
>t
0,0,12
200,0,12
200,0,120
210,0,120
210,0,122
220,0,122
220,0,123
230,0,123
230,0,125
240,0,125
240,0,126
250,0,126
250,0,128
260,0,128
260,0,130
270,0,130
270,0,131
280,0,131
280,0,133
290,0,133
290,0,134
300,0,134
300,0,136
310,0,136
310,0,137
320,0,137
320,0,139
330,0,139
330,0,140
340,0,140
340,0,142
350,0,142
350,0,144
360,0,144
360,0,145
370,0,145
370,0,147
380,0,147
380,0,148
390,0,148
390,0,150
400,0,150
400,0,151
410,0,151
410,0,153
420,0,153
420,0,155
430,0,155
430,0,156
440,0,156
440,0,158
450,0,158
450,0,160
460,0,160
460,0,161
470,0,161
470,0,162
480,0,162
480,0,163
490,0,163
490,0,164
500,0,164
500,0,266
550,0,266
550,0,12
600,0,12
600,0,266
650,0,266
650,0,12
700,0,12
700,0,266
750,0,266
750,0,12
800,0,12
800,0,266
850,0,266
850,0,12
1980,0,12
1980,0,12
2080,0,12
2080,0,11
2090,0,11
2095,0,11
>
>t
0,0,12
200,0,12
200,0,142
210,0,142
210,0,145
220,0,145
220,0,146
230,0,146
230,0,148
240,0,148
240,0,150
250,0,150
250,0,152
260,0,152
260,0,154
270,0,154
270,0,156
280,0,156
280,0,157
290,0,157
290,0,160
300,0,160
300,0,161
310,0,161
310,0,163
320,0,163
320,0,165
330,0,165
330,0,167
340,0,167
340,0,169
350,0,169
350,0,171
360,0,171
360,0,172
370,0,172
370,0,175
380,0,175
380,0,176
390,0,176
390,0,178
400,0,178
400,0,180
410,0,180
410,0,182
420,0,182
420,0,184
430,0,184
430,0,186
440,0,186
440,0,187
450,0,187
450,0,191
460,0,191
460,0,192
470,0,192
470,0,193
480,0,193
480,0,194
490,0,194
490,0,196
500,0,196
500,0,318
550,0,318
550,0,12
600,0,12
600,0,318
650,0,318
650,0,12
700,0,12
700,0,318
750,0,318
750,0,12
800,0,12
800,0,318
850,0,318
850,0,12
1980,0,12
1980,0,12
2080,0,12
2080,0,11
2090,0,11
2095,0,11
>
>t
0,0,12
200,0,12
200,0,142
210,0,142
210,0,145
220,0,145
220,0,146
230,0,146
230,0,148
240,0,148
240,0,150
250,0,150
250,0,152
260,0,152
260,0,154
270,0,154
270,0,156
280,0,156
280,0,157
290,0,157
290,0,160
300,0,160
300,0,161
310,0,161
310,0,163
320,0,163
320,0,165
330,0,165
330,0,167
340,0,167
340,0,169
350,0,169
350,0,171
360,0,171
360,0,172
370,0,172
370,0,175
380,0,175
380,0,176
390,0,176
390,0,178
400,0,178
400,0,180
410,0,180
410,0,182
420,0,182
420,0,184
430,0,184
430,0,186
440,0,186
440,0,187
450,0,187
450,0,191
460,0,191
460,0,192
470,0,192
470,0,193
480,0,193
480,0,194
490,0,194
490,0,196
500,0,196
500,0,318
550,0,318
550,0,12
600,0,12
600,0,318
650,0,318
650,0,12
700,0,12
700,0,318
750,0,318
750,0,12
800,0,12
800,0,318
850,0,318
850,0,12
1980,0,12
1980,0,12
2080,0,12
2080,0,11
2090,0,11
2095,0,11
>
>t
0,0,12
200,0,12
200,0,142
210,0,142
210,0,145
220,0,145
220,0,146
230,0,146
230,0,148
240,0,148
240,0,150
250,0,150
250,0,152
260,0,152
260,0,154
270,0,154
270,0,156
280,0,156
280,0,157
290,0,157
290,0,160
300,0,160
300,0,161
310,0,161
310,0,163
320,0,163
320,0,165
330,0,165
330,0,167
340,0,167
340,0,169
350,0,169
350,0,171
360,0,171
360,0,172
370,0,172
370,0,175
380,0,175
380,0,176
390,0,176
390,0,178
400,0,178
400,0,180
410,0,180
410,0,182
420,0,182
420,0,184
430,0,184
430,0,186
440,0,186
440,0,187
450,0,187
450,0,191
460,0,191
460,0,192
470,0,192
470,0,193
480,0,193
480,0,194
490,0,194
490,0,196
500,0,196
500,0,318
550,0,318
550,0,12
600,0,12
600,0,318
650,0,318
650,0,12
700,0,12
700,0,318
750,0,318
750,0,12
800,0,12
800,0,318
850,0,318
850,0,12
1980,0,12
1980,0,12
2080,0,12
2080,0,11
2090,0,11
2095,0,11
>
>? ... SWR reset
>-l d0,d1,d2,d3,,d4,d5,d6,d7
>
>-l
>
>
>
>u 700,500,780
>
>s 180,180,50
>
>
>
>-u h
>
>+m 9,10,11
>
>
>
>q 250,250,36,70,105
>
>q 250,250,36,100,175
>
>q 250,230,36,50,50
>
>
>
>-P
>Packing sectors... 0% Done
>
>
>
>
>#
>#50,0
>#10,100
>#10,103
>#10,107
>#10,110
>#10,113
>#10,117
>#10,120
>#10,123
>#10,127
>#10,130
>#10,133
>#10,137
>#10,140
>#10,143
>#10,147
>#50,400
>#50,0
>#50,400
>#50,0
>#50,400
>#50,0
>#50,400
>#1440,0
>+D 30
>t
0,0,12
50,0,12
50,0,93
60,0,93
60,0,95
70,0,95
70,0,98
80,0,98
80,0,101
90,0,101
90,0,103
100,0,103
100,0,106
110,0,106
110,0,109
120,0,109
120,0,111
130,0,111
130,0,115
140,0,115
140,0,117
150,0,117
150,0,119
160,0,119
160,0,123
170,0,123
170,0,125
180,0,125
180,0,128
190,0,128
190,0,131
200,0,131
200,0,336
250,0,336
250,0,12
300,0,12
300,0,336
350,0,336
350,0,12
400,0,12
400,0,336
450,0,336
450,0,12
500,0,12
500,0,336
550,0,336
550,0,12
1990,0,12
1990,0,12
2090,0,12
2090,0,11
2100,0,11
2105,0,11
>
>t
0,0,12
50,0,12
50,0,79
60,0,79
60,0,81
70,0,81
70,0,84
80,0,84
80,0,86
90,0,86
90,0,88
100,0,88
100,0,90
110,0,90
110,0,92
120,0,92
120,0,94
130,0,94
130,0,97
140,0,97
140,0,99
150,0,99
150,0,101
160,0,101
160,0,104
170,0,104
170,0,106
180,0,106
180,0,108
190,0,108
190,0,111
200,0,111
200,0,281
250,0,281
250,0,12
300,0,12
300,0,281
350,0,281
350,0,12
400,0,12
400,0,281
450,0,281
450,0,12
500,0,12
500,0,281
550,0,281
550,0,12
1990,0,12
1990,0,12
2090,0,12
2090,0,11
2100,0,11
2105,0,11
>
>t
0,0,12
50,0,12
50,0,93
60,0,93
60,0,95
70,0,95
70,0,98
80,0,98
80,0,101
90,0,101
90,0,103
100,0,103
100,0,106
110,0,106
110,0,109
120,0,109
120,0,111
130,0,111
130,0,115
140,0,115
140,0,117
150,0,117
150,0,119
160,0,119
160,0,123
170,0,123
170,0,125
180,0,125
180,0,128
190,0,128
190,0,131
200,0,131
200,0,336
250,0,336
250,0,12
300,0,12
300,0,336
350,0,336
350,0,12
400,0,12
400,0,336
450,0,336
450,0,12
500,0,12
500,0,336
550,0,336
550,0,12
1990,0,12
1990,0,12
2090,0,12
2090,0,11
2100,0,11
2105,0,11
>
>t
0,0,12
50,0,12
50,0,93
60,0,93
60,0,95
70,0,95
70,0,98
80,0,98
80,0,101
90,0,101
90,0,103
100,0,103
100,0,106
110,0,106
110,0,109
120,0,109
120,0,111
130,0,111
130,0,115
140,0,115
140,0,117
150,0,117
150,0,119
160,0,119
160,0,123
170,0,123
170,0,125
180,0,125
180,0,128
190,0,128
190,0,131
200,0,131
200,0,336
250,0,336
250,0,12
300,0,12
300,0,336
350,0,336
350,0,12
400,0,12
400,0,336
450,0,336
450,0,12
500,0,12
500,0,336
550,0,336
550,0,12
1990,0,12
1990,0,12
2090,0,12
2090,0,11
2100,0,11
2105,0,11
>
>t
0,0,12
50,0,12
50,0,93
60,0,93
60,0,95
70,0,95
70,0,98
80,0,98
80,0,101
90,0,101
90,0,103
100,0,103
100,0,106
110,0,106
110,0,109
120,0,109
120,0,111
130,0,111
130,0,115
140,0,115
140,0,117
150,0,117
150,0,119
160,0,119
160,0,123
170,0,123
170,0,125
180,0,125
180,0,128
190,0,128
190,0,131
200,0,131
200,0,336
250,0,336
250,0,12
300,0,12
300,0,336
350,0,336
350,0,12
400,0,12
400,0,336
450,0,336
450,0,12
500,0,12
500,0,336
550,0,336
550,0,12
1990,0,12
1990,0,12
2090,0,12
2090,0,11
2100,0,11
2105,0,11
>
>t
0,0,12
50,0,12
50,0,93
60,0,93
60,0,95
70,0,95
70,0,98
80,0,98
80,0,101
90,0,101
90,0,103
100,0,103
100,0,106
110,0,106
110,0,109
120,0,109
120,0,111
130,0,111
130,0,115
140,0,115
140,0,117
150,0,117
150,0,119
160,0,119
160,0,123
170,0,123
170,0,125
180,0,125
180,0,128
190,0,128
190,0,131
200,0,131
200,0,336
250,0,336
250,0,12
300,0,12
300,0,336
350,0,336
350,0,12
400,0,12
400,0,336
450,0,336
450,0,12
500,0,12
500,0,336
550,0,336
550,0,12
1990,0,12
1990,0,12
2090,0,12
2090,0,11
2100,0,11
2105,0,11
>
>
>
>
>+D 0,1
>:7920 20  00
>:7920 40  00 80 01 00 00 00 00
>:8920 20  00
>:8920 40  00 80 01 00 00 00 00
>:9920 20  00
>:9920 40  00 80 01 00 00 00 00
>:0920 20  00
>:0921 40  00 80 01 00 00 00 00
>:1921 20  00
>:1921 40  00 80 01 00 00 00 00
>:2921 20  00
>:2921 40  00 80 01 00 00 00 00
>:3921 20  00
>:3921 40  00 80 01 00 00 00 00
>:4921 20  00
>:4921 40  00 80 01 00 00 00 00
>:5827 20  02 01 00
>:5927 20  00
>:5927 40  00 81 01 00 00 00 00
>:5931 20  03 A0 0F AF 00 01
>t
0,0,12
50,0,12
50,0,93
60,0,93
60,0,95
70,0,95
70,0,98
80,0,98
80,0,101
90,0,101
90,0,103
100,0,103
100,0,106
110,0,106
110,0,109
120,0,109
120,0,111
130,0,111
130,0,115
140,0,115
140,0,117
150,0,117
150,0,119
160,0,119
160,0,123
170,0,123
170,0,125
180,0,125
180,0,128
190,0,128
190,0,131
200,0,131
200,0,336
250,0,336
250,0,12
300,0,12
300,0,336
350,0,336
350,0,12
400,0,12
400,0,336
450,0,336
450,0,12
500,0,12
500,0,336
550,0,336
550,0,12
1990,0,12
1990,0,12
2090,0,12
2090,0,11
2100,0,11
2105,0,11
>
>:5938 20  04 F4 01 00 00 70 11
>t
0,0,12
50,0,12
50,0,79
60,0,79
60,0,81
70,0,81
70,0,84
80,0,84
80,0,86
90,0,86
90,0,88
100,0,88
100,0,90
110,0,90
110,0,92
120,0,92
120,0,94
130,0,94
130,0,97
140,0,97
140,0,99
150,0,99
150,0,101
160,0,101
160,0,104
170,0,104
170,0,106
180,0,106
180,0,108
190,0,108
190,0,111
200,0,111
200,0,281
250,0,281
250,0,12
300,0,12
300,0,281
350,0,281
350,0,12
400,0,12
400,0,281
450,0,281
450,0,12
500,0,12
500,0,281
550,0,281
550,0,12
1990,0,12
1990,0,12
2090,0,12
2090,0,11
2100,0,11
2105,0,11
>
>:5963 40  00 81 01 01 00 00 00
>:6096 40  00 81 01 00 00 00 00
>:6921 20  00
>:6921 40  00 81 01 00 00 00 00
>:7921 20  00
>:7921 40  00 81 01 00 00 00 00
>:8548 20  03 A0 0F AF 00 01
>t
0,0,12
50,0,12
50,0,93
60,0,93
60,0,95
70,0,95
70,0,98
80,0,98
80,0,101
90,0,101
90,0,103
100,0,103
100,0,106
110,0,106
110,0,109
120,0,100
120,0,111
130,0,111
130,0,115
140,0,115
140,0,117
150,0,117
150,0,119
160,0,119
160,0,123
170,0,123
170,0,125
180,0,125
180,0,128
190,0,128
190,0,131
200,0,131
200,0,336
250,0,336
250,0,12
300,0,12
300,0,336
350,0,336
350,0,12
400,0,12
400,0,336
450,0,336
450,0,12
500,0,12
500,0,336
550,0,336
550,0,12
1990,0,12
1990,0,12
2090,0,12
2090,0,11
2100,0,11
2105,0,11
>
>:8555 1A 
>:8558 40  07 77 56 00 00 00
>:8921 20  00
>:8921 40  00 81 01 00 00 00 00
>:9921 20  00
>:9922 40  00 81 01 00 00 00 00
>:0921 20  00
>:0922 40  00 81 01 00 00 00 00
>:1922 20  00
>:1922 40  00 81 01 00 00 00 00
>:2922 20  00
>:2922 40  00 81 01 00 00 00 00
>:3922 20  00
>:3922 40  00 81 01 00 00 00 00
>:4246 20  03 A0 0F AF 00 01
>t
0,0,12
50,0,12
50,0,93
60,0,93
60,0,95
70,0,95
70,0,98
80,0,98
80,0,101
90,0,101
90,0,103
100,0,103
100,0,106
110,0,106
110,0,109
120,0,109
120,0,111
130,0,111
130,0,115
140,0,115
140,0,117
150,0,117
150,0,119
160,0,119
160,0,123
170,0,123
170,0,125
180,0,125
180,0,128
190,0,128
190,0,131
200,0,131
200,0,336
250,0,336
250,0,12
300,0,12
300,0,336
350,0,336
350,0,12
400,0,12
400,0,336
450,0,336
450,0,12
500,0,12
500,0,336
550,0,336
550,0,12
1990,0,12
1990,0,12
2090,0,12
2090,0,11
2100,0,11
2105,0,11
>
>:4253 1A 
>:4256 40  07 E2 54 00 00 00
>:4922 20  00
>:4922 40  00 81 01 00 00 00 00
>:5922 20  00
>:5922 40  00 81 01 00 00 00 00
>:6555 20  03 A0 0F AF 00 01
>t
0,0,12
50,0,12
50,0,93
60,0,93
60,0,95
70,0,95
70,0,98
80,0,98
80,0,101
90,0,101
90,0,103
100,0,103
100,0,106
110,0,106
110,0,109
120,0,109
120,0,111
130,0,111
130,0,115
140,0,115
140,0,117
150,0,117
150,0,119
160,0,119
160,0,123
170,0,123
170,0,125
180,0,125
180,0,128
190,0,128
190,0,131
200,0,131
200,0,336
250,0,336
250,0,12
300,0,12
300,0,336
350,0,336
350,0,12
400,0,12
400,0,336
450,0,336
450,0,12
500,0,12
500,0,336
550,0,336
550,0,12
1990,0,12
1990,0,12
2090,0,12
2090,0,11
2100,0,11
2105,0,11
>
>:6561 1A 
>:6564 40  07 E7 51 00 00 00
>:6922 20  00
>:6922 40  00 81 01 00 00 00 00
>:7922 20  00
>:7922 40  00 81 01 00 00 00 00
>:8922 20  00
>:8922 40  00 81 01 00 00 00 00
>:9922 20  00
>:9923 40  00 81 01 00 00 00 00
>:0923 20  00
>:0923 40  00 81 01 00 00 00 00
>:1395 20  03 A0 0F AF 00 01
>t
0,0,12
50,0,12
50,0,93
60,0,93
60,0,95
70,0,95
70,0,98
80,0,98
80,0,101
90,0,101
90,0,103
100,0,103
100,0,106
110,0,106
110,0,109
120,0,109
120,0,111
130,0,111
130,0,115
140,0,115
140,0,117
150,0,117
150,0,119
160,0,119
160,0,123
170,0,123
170,0,125
180,0,125
180,0,128
190,0,128
190,0,131
200,0,131
200,0,336
250,0,336
250,0,12
300,0,12
300,0,336
350,0,336
350,0,12
400,0,12
400,0,336
450,0,336
450,0,12
500,0,12
500,0,336
550,0,336
550,0,12
1990,0,12
1990,0,12
2090,0,12
2090,0,11
2100,0,11
2105,0,11
>
>:1402 1A 
>:1405 40  07 3D 56 00 00 00
>:1923 20  00
>:1923 40  00 81 01 00 00 00 00
>:2923 20  00
>:2923 40  00 81 01 00 00 00 00
>:3923 20  00
>:3923 40  00 81 01 00 00 00 00
>:4923 20  00
>:4923 40  00 81 01 00 00 00 00
>:5923 20  00
>:5923 40  00 81 01 00 00 00 00
>:6923 20  00
>:6923 40  00 81 01 00 00 00 00
>:7923 20  00
>:7923 40  00 81 01 00 00 00 00
>:8923 20  00
>:8924 40  00 81 01 00 00 00 00
>:9923 20  00
>:9924 40  00 81 01 00 00 00 00
>:0924 20  00
>:0924 40  00 81 01 00 00 00 00
>:1924 20  00
>:1924 40  00 81 01 00 00 00 00
>:2924 20  00
>:2924 40  00 81 01 00 00 00 00
>:3924 20  00
>:3924 40  00 81 01 00 00 00 00
>:4217 20  03 A0 0F AF 00 01
>t
0,0,12
50,0,12
50,0,93
60,0,93
60,0,95
70,0,95
70,0,98
80,0,98
80,0,101
90,0,101
90,0,103
100,0,103
100,0,106
110,0,106
110,0,109
120,0,109
120,0,111
130,0,111
130,0,115
140,0,115
140,0,117
150,0,117
150,0,119
160,0,119
160,0,123
170,0,123
170,0,125
180,0,125
180,0,128
190,0,128
190,0,131
200,0,131
200,0,336
250,0,336
250,0,12
300,0,12
300,0,336
350,0,336
350,0,12
400,0,12
400,0,336
450,0,336
450,0,12
500,0,12
500,0,336
550,0,336
550,0,12
1990,0,12
1990,0,12
2090,0,12
2090,0,11
2100,0,11
2105,0,11
>
>:4224 1A 
>:4227 40  07 03 56 00 00 00
>:4924 20  00
>:4924 40  00 81 01 00 00 00 00
>:5924 20  00
>:5924 40  00 81 01 00 00 00 00
>:6924 20  00
>:6924 40  00 81 01 00 00 00 00
>:7924 20  00
>:7924 40  00 81 01 00 00 00 00
>:8924 20  00
>:8925 40  00 81 01 00 00 00 00
>:9925 20  00
>:9925 40  00 81 01 00 00 00 00
>:0925 20  00
>:0925 40  00 81 01 00 00 00 00
>:1899 20  02 00 00
>:1924 40  00 80 01 00 00 00 00
>:1999 20  00
>:1999 40  00 80 01 00 00 00 00
>:2925 20  00
>:2925 40  00 80 01 00 00 00 00
>:3925 20  00
>:3925 40  00 80 01 00 00 00 00
>:4925 20  00
>:4925 40  00 80 01 00 00 00 00
>:5925 20  00
>:5925 40  00 80 01 00 00 00 00
>:6925 20  00
>:6925 40  00 80 01 00 00 00 00
>:7925 20  00
>:7926 40  00 80 01 00 00 00 00
>:8926 20  00
>:8926 40  00 80 01 00 00 00 00
>:9926 20  00
>:9926 40  00 80 01 00 00 00 00
>-:0926 20  00
>:0926 40  00 80 01 00 00 00 00
>D :1926 20  00
>:1926 40  00 80 01 00 00 00 00
>0:2926 20  00
>:2926 40  00 80 01 00 00 00 00
>,1:3926 20  00
>:3926 40  00 80 01 00 00 00 00
>,2:4926 20  00
>:4926 40  00 80 01 00 00 00 00
>
>
>
>-D 30
>
>
>+D 1
>:5934 20  00
>:6934 20  00
>:7934 20  00
>:8469 20  02 01 00
>:8737 20  03 A0 0F AF 00 01
>:8741 20  04 F4 01 00 00 70 11
>:8934 20  00
>:9934 20  00
>:0934 20  00
>:1359 20  03 A0 0F AF 00 01
>:1360 1A 
>:1934 20  00
>:2934 20  00
>:3297 20  03 A0 0F AF 00 01
>:3299 1A 
>:3935 20  00
>:4935 20  00
>:5935 20  00
>:5989 20  03 A0 0F AF 00 01
>:5991 1A 
>:6491 1A 
>:6935 20  00
>:6991 1A 
>:7935 20  00
>:8935 20  00
>:9935 20  00
>:0125 20  03 A0 0F AF 00 01
>:0126 1A 
>:0626 1A 
>:0935 20  00
>:1126 1A 
>:1626 1A 
>:1935 20  00
>:2126 1A 
>:2627 1A 
>:2936 20  00
>:3127 1A 
>:3627 1A 
>:3936 20  00
>:4936 20  00
>:5936 20  00
>:6930 20  03 A0 0F AF 00 01
>:6932 1A 
>:6936 20  00
>:7432 1A 
>:7932 1A 
>:7936 20  00
>:8936 20  00
>:9936 20  00
>:0206 20  03 A0 0F AF 00 01
>:0207 1A 
>:0707 1A 
>:0936 20  00
>:1207 1A 
>:1936 20  00
>:2583 20  03 A0 0F AF 00 01
>:2585 1A 
>:2937 20  00
>:3085 1A 
>:3937 20  00
>:4937 20  00
>:5443 20  02 00 00
>:5937 20  00
>:6937 20  00
>:7937 20  00
>:8937 20  00
>:9937 20  00
>:0937 20  00
>:1938 20  00
>:2938 20  00
>:3938 20  00
>:4938 20  00
>:5938 20  00
>:6938 20  00
>:7938 20  00
>:8938 20  00
>:9938 20  00
>:0938 20  00
>:1939 20  00
>:2939 20  00
>:3939 20  00
>:4939 20  00
>:5939 20  00
>:6939 20  00
>:7939 20  00
>:8939 20  00
>:9939 20  00
>:0940 20  00
>:1940 20  00
>:2940 20  00
>:3940 20  00
>:4940 20  00
>:5940 20  00
>:6940 20  00
>:7940 20  00
>:8940 20  00
>:9941 20  00
>:0941 20  00
>:1941 20  00
>:2941 20  00
>:3941 20  00
>:4941 20  00
>:5941 20  00
>:6941 20  00
>:7941 20  00
>:8941 20  00
>:9942 20  00
>:0942 20  00
>:1942 20  00
>:2942 20  00
>:3942 20  00
>:4942 20  00
>:5942 20  00
>:6942 20  00
>:7942 20  00
>:8943 20  00
>:9943 20  00
>:0943 20  00
>:1943 20  00
>:2943 20  00
>:3943 20  00
>:4943 20  00
>:5943 20  00
>:6943 20  00
>:7943 20  00
>:8944 20  00
>:9944 20  00
>:0944 20  00
>:1944 20  00
>:2944 20  00
>:3944 20  00
>:4944 20  00
>:5944 20  00
>:6944 20  00
>:7945 20  00
>:8873 20  02 01 00
>:8974 20  00
>:8978 20  03 A0 0F AF 00 01
>:8982 20  04 F4 01 00 00 70 11
>:9643 20  03 A0 0F AF 00 01
>:9645 1A 
>:9945 20  00
>:0945 20  00
>:1945 20  00
>:2945 20  00
>:3945 20  00
>:4323 20  03 A0 0F AF 00 01
>:4324 1A 
>:4945 20  00
>:5386 20  03 A0 0F AF 00 01
>:5387 1A 
>:5887 1A 
>:5945 20  00
>:6387 1A 
>:6888 1A 
>:6946 20  00
>:7946 20  00
>:8946 20  00
>:9270 20  03 A0 0F AF 00 01
>:9272 1A 
>:9946 20  00
>:0946 20  00
>:1815 20  03 A0 0F AF 00 01
>:1817 1A 
>:1946 20  00
>:2946 20  00
>:3946 20  00
>:4905 20  02 00 00
>:5005 20  00
>:5946 20  00
>:6236 20  02 01 00
>:6506 20  03 A0 0F AF 00 01
>:6510 20  04 F4 01 00 00 70 11
>:6947 20  00
>:7947 20  00
>:8716 20  03 A0 0F AF 00 01
>:8718 1A 
>:8947 20  00
>:9947 20  00
>:0053 20  03 A0 0F AF 00 01
>:0055 1A 
>:0555 1A 
>:0947 20  00
>:1947 20  00
>:2947 20  00
>:3712 20  03 A0 0F AF 00 01
>:3713 1A 
>:3947 20  00
>:4213 1A 
>:4713 1A 
>:4947 20  00
>:5213 1A 
>:5948 20  00
>:6948 20  00
>:7561 20  03 A0 0F AF 00 01
>:7563 1A 
>:7948 20  00
>:8948 20  00
>:9287 20  03 A0 0F AF 00 01
>:9289 1A 
>:9789 1A 
>:9948 20  00
>:0948 20  00
>:1948 20  00
>:2948 20  00
>:3948 20  00
>:4948 20  00
>:5921 20  03 A0 0F AF 00 01
>:5923 1A 
>:5949 20  00
>:6949 20  00
>:7949 20  00
>:8949 20  00
>:9949 20  00
>:0949 20  00
>:1949 20  00
>:2949 20  00
>:3949 20  00
>:4950 20  00
>-:5950 20  00
>D 0:6950 20  00
>.:7950 20  00
>1
>:8950 20  00
>:9950 20  00
>:0950 20  00
>:1950 20  00
>-D 0:2950 20  00
>,1
>
>
>
>+D 0,1
>:1956 20  00
>:1956 40  00 80 01 00 00 00 00
>:2956 20  00
>:2956 40  00 80 01 00 00 00 00
>:3956 20  00
>:3956 40  00 80 01 00 00 00 00
>:4956 20  00
>:4956 40  00 80 01 00 00 00 00
>:5956 20  00
>:5956 40  00 80 01 00 00 00 00
>:6687 20  02 01 00
>:6812 40  00 81 01 01 00 00 00
>:6954 40  00 81 01 00 00 00 00
>:6956 20  00
>:6956 40  00 81 01 00 00 00 00
>:6957 20  03 A0 0F AF 00 01
>:6961 20  04 F4 01 00 00 70 11
>:7901 20  02 00 00
>:7926 40  00 80 01 00 00 00 00
>:8001 20  00
>:8001 40  00 80 01 00 00 00 00
>:8956 20  00
>:8957 40  00 80 01 00 00 00 00
>:9956 20  00
>:9957 40  00 80 01 00 00 00 00
>-:0957 20  00
>:0957 40  00 80 01 00 00 00 00
>D 0,:1957 20  00
>:1957 40  00 80 01 00 00 00 00
>1
>
>? ... SWR reset
>-l d0,d1,d2,d3,,d4,d5,d6,d7
>
>-l
>
>
>
>u 700,500,780
>
>s 180,180,50
>
>
>
>-u h
>
>+m 9,10,11
>
>
>
>q 250,250,36,70,105
>
>q 250,250,36,100,175
>
>q 250,230,36,50,50
>
>
>
>-P
>Packing sectors... 0% Done
>
>
>
>
>
>
>+D 0,1
>:5943 20  00
>:5943 40  00 00 01 00 00 00 00
>:6943 20  00
>:6944 40  00 00 01 00 00 00 00
>:7944 20  00
>:7944 40  00 00 01 00 00 00 00
>:8944 20  00
>:8944 40  00 00 01 00 00 00 00
>:9944 20  00
>:9944 40  00 00 01 00 00 00 00
>:0944 20  00
>:0944 40  00 00 01 00 00 00 00
>:1944 20  00
>:1944 40  00 00 01 00 00 00 00
>:2944 20  00
>:2944 40  00 00 01 00 00 00 00
>:3944 20  00
>:3944 40  00 00 01 00 00 00 00
>:4944 20  00
>:4944 40  00 00 01 00 00 00 00
>:5944 20  00
>:5945 40  00 00 01 00 00 00 00
>:6944 20  00
>:6945 40  00 00 01 00 00 00 00
>:7945 20  00
>:7945 40  00 00 01 00 00 00 00
>:8945 20  00
>:8945 40  00 00 01 00 00 00 00
>:9945 20  00
>:9945 40  00 00 01 00 00 00 00
>:0945 20  00
>:0945 40  00 00 01 00 00 00 00
>:1945 20  00
>:1945 40  00 00 01 00 00 00 00
>:2945 20  00
>:2945 40  00 00 01 00 00 00 00
>:3945 20  00
>:3945 40  00 00 01 00 00 00 00
>:4945 20  00
>:4945 40  00 00 01 00 00 00 00
>:5945 20  00
>:5946 40  00 00 01 00 00 00 00
>:6946 20  00
>:6946 40  00 00 01 00 00 00 00
>:7946 20  00
>:7946 40  00 00 01 00 00 00 00
>:8699 20  02 01 00
>:8825 40  00 01 01 80 00 00 00
>:8925 40  00 01 01 80 00 40 00
>:8926 20  02 00 00
>:9185 40  00 00 01 A0 00 40 00
>:6068 20  00
>:6068 40  00 00 01 A0 00 40 00
>:6168 20  00
>:6168 40  00 00 01 A0 00 40 00
>:6268 20  00
>:6268 40  00 00 01 A0 00 40 00
>:6368 20  00
>:6368 40  00 00 01 A0 00 40 00
>:6468 20  00
>:6468 40  00 00 01 A0 00 40 00
>:6568 20  00
>:6568 40  00 00 01 A0 00 40 00
>:6668 20  00
>:6668 40  00 00 01 A0 00 40 00
>:6768 20  00
>:6768 40  00 00 01 A0 00 40 00
>:6868 20  00
>:6868 40  00 00 01 A0 00 40 00
>:6968 20  00
>:6968 40  00 00 01 A0 00 40 00
>:7068 20  00
>:7068 40  00 00 01 A0 00 40 00
>:7070 20  0A
>:7070 40  0A 68 00 00 00
>:7171 20  02 00 00
>:7198 40  00 80 00 00 00 40 00
>:7272 20  00
>:7272 40  00 80 00 00 00 40 00
>:7372 20  00
>:7372 40  00 80 00 00 00 40 00
>:7472 20  00
>:7472 40  00 80 00 00 00 40 00
>:7525 40  00 80 00 00 00 00 00
>:7572 20  00
>:7572 40  00 80 00 00 00 00 00
>:7672 20  00
>:7672 40  00 80 00 00 00 00 00
>:7772 20  00
>:7772 40  00 80 00 00 00 00 00
>:7872 20  00
>:7872 40  00 80 00 00 00 00 00
>:7972 20  00
>:7972 40  00 80 01 00 00 00 00
>:7974 40  00 80 01 00 00 00 00
>:5817 20  03 D0 07 64 00 01
>:5820 20  06 C8 00 C8 00
>:5821 20  02 01 00
>:5921 20  00
>:5921 40  00 81 01 00 00 00 00
>:5946 40  00 81 01 01 00 00 00
>:6087 40  00 81 01 00 00 00 00
>:8025 20  08
>:8025 40  08 D0 07
>:8125 20  08
>:8125 40  08 D0 07
>:8181 20  00
>:8181 40  00 81 01 00 00 00 00
>:8710 20  02 00 00
>:8735 40  00 80 01 00 00 00 00
>:8950 20  00
>:8950 40  00 80 01 00 00 00 00
>:9950 20  00
>:9950 40  00 80 01 00 00 00 00
>:0950 20  00
>:0950 40  00 80 01 00 00 00 00
>:1950 20  00
>:1950 40  00 80 01 00 00 00 00
>:2950 20  00
>:2951 40  00 80 01 00 00 00 00
>:3951 20  00
>:3951 40  00 80 01 00 00 00 00
>:4233 20  02 01 00
>:4358 40  00 81 01 01 00 00 00
>:4496 40  00 81 01 00 00 00 00
>:4500 20  03 A0 0F AF 00 01
>:4504 20  04 F4 01 00 00 70 11
>:4951 20  00
>:4951 40  00 81 01 00 00 00 00
>:5326 20  03 A0 0F AF 00 01
>:5328 1A 
>:5332 40  07 91 60 00 00 00
>:5951 20  00
>:5951 40  00 81 01 00 00 00 00
>:6642 20  03 A0 0F AF 00 01
>:6644 1A 
>:6648 40  07 64 62 00 00 00
>:6951 20  00
>:6951 40  00 81 01 00 00 00 00
>:7951 20  00
>:7951 40  00 81 01 00 00 00 00
>:8283 20  03 A0 0F AF 00 01
>:8285 1A 
>:8289 40  07 85 62 00 00 00
>:8847 20  03 A0 0F AF 00 01
>:8848 1A 
>:8852 40  07 43 62 00 00 00
>:8951 20  00
>:8951 40  00 81 01 00 00 00 00
>:9456 20  03 A0 0F AF 00 01
>:9457 1A 
>:9461 40  07 C2 62 00 00 00
>:9951 20  00
>:9951 40  00 81 01 00 00 00 00
>:0570 20  03 A0 0F AF 00 01
>:0571 1A 
>:0575 40  07 E8 62 00 00 00
>:0951 20  00
>:0951 40  00 81 01 00 00 00 00
>:1869 20  03 A0 0F AF 00 01
>:1870 1A 
>:1874 40  07 C7 62 00 00 00
>:1951 20  00
>:1952 40  00 81 01 00 00 00 00
>:2634 20  03 A0 0F AF 00 01
>:2636 1A 
>:2639 40  07 EC 62 00 00 00
>:2952 20  00
>:2952 40  00 81 01 00 00 00 00
>:3418 20  03 A0 0F AF 00 01
>:3420 1A 
>:3424 40  07 6C 62 00 00 00
>:3952 20  00
>:3952 40  00 81 01 00 00 00 00
>:4212 20  03 A0 0F AF 00 01
>:4214 1A 
>:4218 40  07 BE 62 00 00 00
>:4952 20  00
>:4952 40  00 81 01 00 00 00 00
>:5217 20  03 A0 0F AF 00 01
>:5219 1A 
>:5223 40  07 E0 62 00 00 00
>:5952 20  00
>:5952 40  00 81 01 00 00 00 00
>:6083 20  03 A0 0F AF 00 01
>:6085 1A 
>:6089 40  07 C8 62 00 00 00
>:6952 20  00
>:6952 40  00 81 01 00 00 00 00
>:7537 20  03 A0 0F AF 00 01
>:7539 1A 
>:7543 40  07 F2 62 00 00 00
>:7952 20  00
>:7952 40  00 81 01 00 00 00 00
>:8631 20  03 A0 0F AF 00 01
>:8632 1A 
>:8636 40  07 A7 62 00 00 00
>:8952 20  00
>:8952 40  00 81 01 00 00 00 00
>:9862 20  03 A0 0F AF 00 01
>:9863 1A 
>:9867 40  07 B7 62 00 00 00
>:9952 20  00
>:9952 40  00 81 01 00 00 00 00
>:0952 20  00
>:0952 40  00 81 01 00 00 00 00
>:1952 20  00
>:1953 40  00 81 01 00 00 00 00
>:2636 20  03 A0 0F AF 00 01
>:2638 1A 
>:2641 40  07 C6 62 00 00 00
>:2953 20  00
>:2953 40  00 81 01 00 00 00 00
>:3547 20  03 A0 0F AF 00 01
>:3549 1A 
>:3553 40  07 E1 62 00 00 00
>:3953 20  00
>:3953 40  00 81 01 00 00 00 00
>:4953 20  00
>:4953 40  00 81 01 00 00 00 00
>:5660 20  03 A0 0F AF 00 01
>:5662 1A 
>:5666 40  07 A4 62 00 00 00
>:5953 20  00
>:5953 40  00 81 01 00 00 00 00
>:6953 20  00
>:6953 40  00 81 01 00 00 00 00
>:7953 20  00
>:7953 40  00 81 01 00 00 00 00
>:8953 20  00
>:8953 40  00 81 01 00 00 00 00
>:9953 20  00
>:9953 40  00 81 01 00 00 00 00
>:0953 20  00
>:0954 40  00 81 01 00 00 00 00
>:1954 20  00
>:1954 40  00 81 01 00 00 00 00
>:2954 20  00
>:2954 40  00 81 01 00 00 00 00
>:3954 20  00
>:3954 40  00 81 01 00 00 00 00
>:4954 20  00
>:4954 40  00 81 01 00 00 00 00
>:5954 20  00
>:5954 40  00 81 01 00 00 00 00
>:6954 20  00
>:6954 40  00 81 01 00 00 00 00
>:7954 20  00
>:7954 40  00 81 01 00 00 00 00
>:8954 20  00
>:8954 40  00 81 01 00 00 00 00
>:9954 20  00
>:9955 40  00 81 01 00 00 00 00
>:0955 20  00
>:0955 40  00 81 01 00 00 00 00
>:1955 20  00
>:1955 40  00 81 01 00 00 00 00
>:2955 20  00
>:2955 40  00 81 01 00 00 00 00
>:3955 20  00
>:3955 40  00 81 01 00 00 00 00
>:4955 20  00
>:4955 40  00 81 01 00 00 00 00
>:5955 20  00
>:5955 40  00 81 01 00 00 00 00
>:6955 20  00
>:6955 40  00 81 01 00 00 00 00
>:7955 20  00
>:7955 40  00 81 01 00 00 00 00
>:8955 20  00
>:8955 40  00 81 01 00 00 00 00
>:9955 20  00
>:9956 40  00 81 01 00 00 00 00
>:0956 20  00
>:0956 40  00 81 01 00 00 00 00
>:1956 20  00
>:1956 40  00 81 01 00 00 00 00
>:2956 20  00
>:2956 40  00 81 01 00 00 00 00
>:3956 20  00
>:3956 40  00 81 01 00 00 00 00
>:4956 20  00
>:4956 40  00 81 01 00 00 00 00
>:5956 20  00
>:5956 40  00 81 01 00 00 00 00
>:6956 20  00
>:6956 40  00 81 01 00 00 00 00
>:7956 20  00
>:7956 40  00 81 01 00 00 00 00
>:8956 20  00
>:8957 40  00 81 01 00 00 00 00
>:9957 20  00
>:9957 40  00 81 01 00 00 00 00
>:0957 20  00
>:0957 40  00 81 01 00 00 00 00
>:1957 20  00
>:1957 40  00 81 01 00 00 00 00
>:2957 20  00
>:2957 40  00 81 01 00 00 00 00
>:3957 20  00
>:3957 40  00 81 01 00 00 00 00
>:4957 20  00
>:4957 40  00 81 01 00 00 00 00
>:5957 20  00
>:5957 40  00 81 01 00 00 00 00
>:6957 20  00
>:6957 40  00 81 01 00 00 00 00
>:7957 20  00
>:7958 40  00 81 01 00 00 00 00
>:8957 20  00
>:8958 40  00 81 01 00 00 00 00
>:9958 20  00
>:9958 40  00 81 01 00 00 00 00
>:0958 20  00
>:0958 40  00 81 01 00 00 00 00
>:1958 20  00
>:1958 40  00 81 01 00 00 00 00
>:2958 20  00
>:2958 40  00 81 01 00 00 00 00
>:3958 20  00
>:3958 40  00 81 01 00 00 00 00
>:4958 20  00
>:4958 40  00 81 01 00 00 00 00
>:5958 20  00
>:5958 40  00 81 01 00 00 00 00
>:6958 20  00
>:6958 40  00 81 01 00 00 00 00
>:7958 20  00
>:7959 40  00 81 01 00 00 00 00
>:8959 20  00
>:8959 40  00 81 01 00 00 00 00
>:9959 20  00
>:9959 40  00 81 01 00 00 00 00
>:0959 20  00
>:0959 40  00 81 01 00 00 00 00
>:1959 20  00
>:1959 40  00 81 01 00 00 00 00
>:2959 20  00
>:2959 40  00 81 01 00 00 00 00
>:3959 20  00
>:3959 40  00 81 01 00 00 00 00
>:4959 20  00
>:4959 40  00 81 01 00 00 00 00
>:5959 20  00
>:5959 40  00 81 01 00 00 00 00
>:6959 20  00
>:6960 40  00 81 01 00 00 00 00
>:7960 20  00
>:7960 40  00 81 01 00 00 00 00
>:8960 20  00
>:8960 40  00 81 01 00 00 00 00
>:9960 20  00
>:9960 40  00 81 01 00 00 00 00
>:0960 20  00
>:0960 40  00 81 01 00 00 00 00
>:1960 20  00
>:1960 40  00 81 01 00 00 00 00
>:2960 20  00
>:2960 40  00 81 01 00 00 00 00
>:3960 20  00
>:3960 40  00 81 01 00 00 00 00
>:4960 20  00
>:4960 40  00 81 01 00 00 00 00
>:5960 20  00
>:5960 40  00 81 01 00 00 00 00
>:6960 20  00
>:6961 40  00 81 01 00 00 00 00
>:7961 20  00
>:7961 40  00 81 01 00 00 00 00
>:8961 20  00
>:8961 40  00 81 01 00 00 00 00
>:9961 20  00
>:9961 40  00 81 01 00 00 00 00
>:0961 20  00
>:0961 40  00 81 01 00 00 00 00
>:1961 20  00
>:1961 40  00 81 01 00 00 00 00
>:2961 20  00
>:2961 40  00 81 01 00 00 00 00
>:3961 20  00
>:3961 40  00 81 01 00 00 00 00
>:4961 20  00
>:4961 40  00 81 01 00 00 00 00
>:5961 20  00
>:5962 40  00 81 01 00 00 00 00
>:6962 20  00
>:6962 40  00 81 01 00 00 00 00
>:7962 20  00
>:7962 40  00 81 01 00 00 00 00
>:8962 20  00
>:8962 40  00 81 01 00 00 00 00
>:9962 20  00
>:9962 40  00 81 01 00 00 00 00
>:0962 20  00
>:0962 40  00 81 01 00 00 00 00
>:1962 20  00
>:1962 40  00 81 01 00 00 00 00
>:2962 20  00
>:2962 40  00 81 01 00 00 00 00
>:3962 20  00
>:3962 40  00 81 01 00 00 00 00
>:4962 20  00
>:4963 40  00 81 01 00 00 00 00
>:5962 20  00
>:5963 40  00 81 01 00 00 00 00
>:6963 20  00
>:6963 40  00 81 01 00 00 00 00
>:7963 20  00
>:7963 40  00 81 01 00 00 00 00
>:8963 20  00
>:8963 40  00 81 01 00 00 00 00
>:9963 20  00
>:9963 40  00 81 01 00 00 00 00
>:0963 20  00
>:0963 40  00 81 01 00 00 00 00
>:1963 20  00
>:1963 40  00 81 01 00 00 00 00
>:2963 20  00
>:2963 40  00 81 01 00 00 00 00
>:3963 20  00
>:3963 40  00 81 01 00 00 00 00
>:4963 20  00
>:4964 40  00 81 01 00 00 00 00
>:5964 20  00
>:5964 40  00 81 01 00 00 00 00
>:6026 20  03 A0 0F AF 00 01
>:6028 1A 
>:6031 40  07 0C 60 00 00 00
>:6847 20  03 A0 0F AF 00 01
>:6849 1A 
>:6853 40  07 72 62 00 00 00
>:6964 20  00
>:6964 40  00 81 01 00 00 00 00
>:7349 1A 
>:7353 40  07 A1 62 00 00 00
>:7849 1A 
>:7853 40  07 B3 62 00 00 00
>:7964 20  00
>:7964 40  00 81 01 00 00 00 00
>:8349 1A 
>:8353 40  07 AF 62 00 00 00
>:8849 1A 
>:8853 40  07 0E 63 00 00 00
>:8964 20  00
>:8964 40  00 81 01 00 00 00 00
>:9349 1A 
>:9353 40  07 CB 62 00 00 00
>:9849 1A 
>:9853 40  07 FE 62 00 00 00
>:9964 20  00
>:9964 40  00 81 01 00 00 00 00
>:0349 1A 
>:0353 40  07 37 62 00 00 00
>:0849 1A 
>:0853 40  07 30 63 00 00 00
>:0964 20  00
>:0964 40  00 81 01 00 00 00 00
>:1861 20  03 A0 0F AF 00 01
>:1862 1A 
>:1866 40  07 B2 62 00 00 00
>:1964 20  00
>:1964 40  00 81 01 00 00 00 00
>:2362 1A 
>:2366 40  07 71 62 00 00 00
>:2862 1A 
>:2866 40  07 A0 62 00 00 00
>:2964 20  00
>:2964 40  00 81 01 00 00 00 00
>:3964 20  00
>:3965 40  00 81 01 00 00 00 00
>:4965 20  00
>:4965 40  00 81 01 00 00 00 00
>:5965 20  00
>:5965 40  00 81 01 00 00 00 00
>:6095 20  03 A0 0F AF 00 01
>:6097 1A 
>:6101 40  07 A7 62 00 00 00
>:6597 1A 
>:6601 40  07 C0 62 00 00 00
>:6965 20  00
>:6965 40  00 81 01 00 00 00 00
>:7097 1A 
>:7101 40  07 A6 62 00 00 00
>:7597 1A 
>:7601 40  07 E8 62 00 00 00
>:7965 20  00
>:7965 40  00 81 01 00 00 00 00
>:8097 1A 
>:8101 40  07 45 62 00 00 00
>:8965 20  00
>:8965 40  00 81 01 00 00 00 00
>:9390 20  03 A0 0F AF 00 01
>:9392 1A 
>:9396 40  07 7B 62 00 00 00
>:9892 1A 
>:9896 40  07 CD 62 00 00 00
>:9965 20  00
>:9965 40  00 81 01 00 00 00 00
>:0392 1A 
>:0396 40  07 F7 62 00 00 00
>:0965 20  00
>:0965 40  00 81 01 00 00 00 00
>:1467 20  03 A0 0F AF 00 01
>:1468 1A 
>:1472 40  07 B9 62 00 00 00
>:1965 20  00
>:1965 40  00 81 01 00 00 00 00
>:1968 1A 
>:1972 40  07 D7 62 00 00 00
>:2468 1A 
>:2472 40  07 DA 62 00 00 00
>:2965 20  00
>:2966 40  00 81 01 00 00 00 00
>:3965 20  00
>:3966 40  00 81 01 00 00 00 00
>:4966 20  00
>:4966 40  00 81 01 00 00 00 00
>:5966 20  00
>:5966 40  00 81 01 00 00 00 00
>:6966 20  00
>:6966 40  00 81 01 00 00 00 00
>:7966 20  00
>:7966 40  00 81 01 00 00 00 00
>:8966 20  00
>:8966 40  00 81 01 00 00 00 00
>:9966 20  00
>:9966 40  00 81 01 00 00 00 00
>:0966 20  00
>:0966 40  00 81 01 00 00 00 00
>:1966 20  00
>:1966 40  00 81 01 00 00 00 00
>:2966 20  00
>:2967 40  00 81 01 00 00 00 00
>:3967 20  00
>:3967 40  00 81 01 00 00 00 00
>:4967 20  00
>:4967 40  00 81 01 00 00 00 00
>:5967 20  00
>:5967 40  00 81 01 00 00 00 00
>:6967 20  00
>:6967 40  00 81 01 00 00 00 00
>:7967 20  00
>:7967 40  00 81 01 00 00 00 00
>:8967 20  00
>:8967 40  00 81 01 00 00 00 00
>:9967 20  00
>:9967 40  00 81 01 00 00 00 00
>:0967 20  00
>:0967 40  00 81 01 00 00 00 00
>:1967 20  00
>:1968 40  00 81 01 00 00 00 00
>:2967 20  00
>:2968 40  00 81 01 00 00 00 00
>:3968 20  00
>:3968 40  00 81 01 00 00 00 00
>:4968 20  00
>:4968 40  00 81 01 00 00 00 00
>:5968 20  00
>:5968 40  00 81 01 00 00 00 00
>:6968 20  00
>:6968 40  00 81 01 00 00 00 00
>:7968 20  00
>:7968 40  00 81 01 00 00 00 00
>:8968 20  00
>:8968 40  00 81 01 00 00 00 00
>:9968 20  00
>:9968 40  00 81 01 00 00 00 00
>:0968 20  00
>:0968 40  00 81 01 00 00 00 00
>:1968 20  00
>:1969 40  00 81 01 00 00 00 00
>:2969 20  00
>:2969 40  00 81 01 00 00 00 00
>:3969 20  00
>:3969 40  00 81 01 00 00 00 00
>:4969 20  00
>:4969 40  00 81 01 00 00 00 00
>:5969 20  00
>:5969 40  00 81 01 00 00 00 00
>:6969 20  00
>:6969 40  00 81 01 00 00 00 00
>:7969 20  00
>:7969 40  00 81 01 00 00 00 00
>:8969 20  00
>:8969 40  00 81 01 00 00 00 00
>:9969 20  00
>:9969 40  00 81 01 00 00 00 00
>:0969 20  00
>:0970 40  00 81 01 00 00 00 00
>:1970 20  00
>:1970 40  00 81 01 00 00 00 00
>:2970 20  00
>:2970 40  00 81 01 00 00 00 00
>:3970 20  00
>:3970 40  00 81 01 00 00 00 00
>:4970 20  00
>:4970 40  00 81 01 00 00 00 00
>:5970 20  00
>:5970 40  00 81 01 00 00 00 00
>:6970 20  00
>:6970 40  00 81 01 00 00 00 00
>:7970 20  00
>:7970 40  00 81 01 00 00 00 00
>:8970 20  00
>:8970 40  00 81 01 00 00 00 00
>:9970 20  00
>:9971 40  00 81 01 00 00 00 00
>:0970 20  00
>:0971 40  00 81 01 00 00 00 00
>:1971 20  00
>:1971 40  00 81 01 00 00 00 00
>:2971 20  00
>:2971 40  00 81 01 00 00 00 00
>:3971 20  00
>:3971 40  00 81 01 00 00 00 00
>:4971 20  00
>:4971 40  00 81 01 00 00 00 00
>:5971 20  00
>:5971 40  00 81 01 00 00 00 00
>:6971 20  00
>:6971 40  00 81 01 00 00 00 00
>:7971 20  00
>:7971 40  00 81 01 00 00 00 00
>:8971 20  00
>:8971 40  00 81 01 00 00 00 00
>:9971 20  00
>:9972 40  00 81 01 00 00 00 00
>:0972 20  00
>:0972 40  00 81 01 00 00 00 00
>:1972 20  00
>:1972 40  00 81 01 00 00 00 00
>:2972 20  00
>:2972 40  00 81 01 00 00 00 00
>:3972 20  00
>:3972 40  00 81 01 00 00 00 00
>:4972 20  00
>:4972 40  00 81 01 00 00 00 00
>:5972 20  00
>:5972 40  00 81 01 00 00 00 00
>:6972 20  00
>:6972 40  00 81 01 00 00 00 00
>:7972 20  00
>:7972 40  00 81 01 00 00 00 00
>:8972 20  00
>:8973 40  00 81 01 00 00 00 00
>:9972 20  00
>:9973 40  00 81 01 00 00 00 00
>:0973 20  00
>:0973 40  00 81 01 00 00 00 00
>:1973 20  00
>:1973 40  00 81 01 00 00 00 00
>:2973 20  00
>:2973 40  00 81 01 00 00 00 00
>:3973 20  00
>:3973 40  00 81 01 00 00 00 00
>:4973 20  00
>:4973 40  00 81 01 00 00 00 00
>:5973 20  00
>:5973 40  00 81 01 00 00 00 00
>:6973 20  00
>:6973 40  00 81 01 00 00 00 00
>:7973 20  00
>:7973 40  00 81 01 00 00 00 00
>:8973 20  00
>:8974 40  00 81 01 00 00 00 00
>:9974 20  00
>:9974 40  00 81 01 00 00 00 00
>:0974 20  00
>:0974 40  00 81 01 00 00 00 00
>:1974 20  00
>:1974 40  00 81 01 00 00 00 00
>:2974 20  00
>:2974 40  00 81 01 00 00 00 00
>:3974 20  00
>:3974 40  00 81 01 00 00 00 00
>:4974 20  00
>:4974 40  00 81 01 00 00 00 00
>:5974 20  00
>:5974 40  00 81 01 00 00 00 00
>:6974 20  00
>:6974 40  00 81 01 00 00 00 00
>:7974 20  00
>:7975 40  00 81 01 00 00 00 00
>:8975 20  00
>:8975 40  00 81 01 00 00 00 00
>:9975 20  00
>:9975 40  00 81 01 00 00 00 00
>:0975 20  00
>:0975 40  00 81 01 00 00 00 00
>:1975 20  00
>:1975 40  00 81 01 00 00 00 00
>:2975 20  00
>:2975 40  00 81 01 00 00 00 00
>:3975 20  00
>:3975 40  00 81 01 00 00 00 00
>:4975 20  00
>:4975 40  00 81 01 00 00 00 00
>:5975 20  00
>:5975 40  00 81 01 00 00 00 00
>:6975 20  00
>:6976 40  00 81 01 00 00 00 00
>:7975 20  00
>:7976 40  00 81 01 00 00 00 00
>:8976 20  00
>:8976 40  00 81 01 00 00 00 00
>:9976 20  00
>:9976 40  00 81 01 00 00 00 00
>:0976 20  00
>:0976 40  00 81 01 00 00 00 00
>:1976 20  00
>:1976 40  00 81 01 00 00 00 00
>:2976 20  00
>:2976 40  00 81 01 00 00 00 00
>:3976 20  00
>:3976 40  00 81 01 00 00 00 00
>:4365 20  03 A0 0F AF 00 01
>:4366 1A 
>:4370 40  07 20 62 00 00 00
>:4976 20  00
>:4976 40  00 81 01 00 00 00 00
>:5976 20  00
>:5976 40  00 81 01 00 00 00 00
>:6976 20  00
>:6977 40  00 81 01 00 00 00 00
>:7977 20  00
>:7977 40  00 81 01 00 00 00 00
>:8977 20  00
>:8977 40  00 81 01 00 00 00 00
>:9977 20  00
>:9977 40  00 81 01 00 00 00 00
>:0977 20  00
>:0977 40  00 81 01 00 00 00 00
>:1977 20  00
>:1977 40  00 81 01 00 00 00 00
>:2977 20  00
>:2977 40  00 81 01 00 00 00 00
>:3498 20  02 00 00
>:3523 40  00 80 01 00 00 00 00
>:3977 20  00
>:3977 40  00 80 01 00 00 00 00
>:4004 20  02 01 00
>:4129 40  00 81 01 01 00 00 00
>:4270 40  00 81 01 00 00 00 00
>:4273 20  03 A0 0F AF 00 01
>:4277 20  04 F4 01 00 00 70 11
>:4977 20  00
>:4977 40  00 81 01 00 00 00 00
>:5234 20  03 A0 0F AF 00 01
>:5235 1A 
>:5239 40  07 F3 61 00 00 00
>:5977 20  00
>:5978 40  00 81 01 00 00 00 00
>:6977 20  00
>:6978 40  00 81 01 00 00 00 00
>:7978 20  00
>:7978 40  00 81 01 00 00 00 00
>:8978 20  00
>:8978 40  00 81 01 00 00 00 00
>:9978 20  00
>:9978 40  00 81 01 00 00 00 00
>:0978 20  00
>:0978 40  00 81 01 00 00 00 00
>:1978 20  00
>:1978 40  00 81 01 00 00 00 00
>:2978 20  00
>:2978 40  00 81 01 00 00 00 00
>:3978 20  00
>:3978 40  00 81 01 00 00 00 00
>:4978 20  00
>:4978 40  00 81 01 00 00 00 00
>:5978 20  00
>:5979 40  00 81 01 00 00 00 00
>:6979 20  00
>:6979 40  00 81 01 00 00 00 00
>:7979 20  00
>:7979 40  00 81 01 00 00 00 00
>:8979 20  00
>:8979 40  00 81 01 00 00 00 00
>:9979 20  00
>:9979 40  00 81 01 00 00 00 00
>:0979 20  00
>:0979 40  00 81 01 00 00 00 00
>:1979 20  00
>:1979 40  00 81 01 00 00 00 00
>:2979 20  00
>:2979 40  00 81 01 00 00 00 00
>:3979 20  00
>:3979 40  00 81 01 00 00 00 00
>:4979 20  00
>:4980 40  00 81 01 00 00 00 00
>:5980 20  00
>:5980 40  00 81 01 00 00 00 00
>:6980 20  00
>:6980 40  00 81 01 00 00 00 00
>:7980 20  00
>:7980 40  00 81 01 00 00 00 00
>:8980 20  00
>:8980 40  00 81 01 00 00 00 00
>:9826 20  03 A0 0F AF 00 01
>:9828 1A 
>:9832 40  07 F4 61 00 00 00
>:9980 20  00
>:9980 40  00 81 01 00 00 00 00
>:0980 20  00
>:0980 40  00 81 01 00 00 00 00
>:1980 20  00
>:1980 40  00 81 01 00 00 00 00
>:2980 20  00
>:2980 40  00 81 01 00 00 00 00
>:3503 20  02 00 00
>:3528 40  00 80 01 00 00 00 00
>:3980 20  00
>:3981 40  00 80 01 00 00 00 00
>:4980 20  00
>:4981 40  00 80 01 00 00 00 00
>:5981 20  00
>:5981 40  00 80 01 00 00 00 00
>:6981 20  00
>:6981 40  00 80 01 00 00 00 00
>:7981 20  00
>:7981 40  00 80 01 00 00 00 00
>:8981 20  00
>:8981 40  00 80 01 00 00 00 00
>:9981 20  00
>:9981 40  00 80 01 00 00 00 00
>:0981 20  00
>:0981 40  00 80 01 00 00 00 00
>:1981 20  00
>:1981 40  00 80 01 00 00 00 00
>:2981 20  00
>:2981 40  00 80 01 00 00 00 00
>:3981 20  00
>:3982 40  00 80 01 00 00 00 00
>:4982 20  00
>:4982 40  00 80 01 00 00 00 00
>:5982 20  00
>:5982 40  00 80 01 00 00 00 00
>:6982 20  00
>:6982 40  00 80 01 00 00 00 00
>:7982 20  00
>:7982 40  00 80 01 00 00 00 00
>:8982 20  00
>:8982 40  00 80 01 00 00 00 00
>:9982 20  00
>:9982 40  00 80 01 00 00 00 00
>:0982 20  00
>:0982 40  00 80 01 00 00 00 00
>:1982 20  00
>:1982 40  00 80 01 00 00 00 00
>:2982 20  00
>:2983 40  00 80 01 00 00 00 00
>:3983 20  00
>:3983 40  00 80 01 00 00 00 00
>:4983 20  00
>:4983 40  00 80 01 00 00 00 00
>:5983 20  00
>:5983 40  00 80 01 00 00 00 00
>:6983 20  00
>:6983 40  00 80 01 00 00 00 00
>:7983 20  00
>:7983 40  00 80 01 00 00 00 00
>:8983 20  00
>:8983 40  00 80 01 00 00 00 00
>:9983 20  00
>:9983 40  00 80 01 00 00 00 00
>:0983 20  00
>:0983 40  00 80 01 00 00 00 00
>:1983 20  00
>:1983 40  00 80 01 00 00 00 00
>:2983 20  00
>:2984 40  00 80 01 00 00 00 00
>:3984 20  00
>:3984 40  00 80 01 00 00 00 00
>:4984 20  00
>:4984 40  00 80 01 00 00 00 00
>:5984 20  00
>:5984 40  00 80 01 00 00 00 00
>:6984 20  00
>:6984 40  00 80 01 00 00 00 00
>:7984 20  00
>:7984 40  00 80 01 00 00 00 00
>:8984 20  00
>:8984 40  00 80 01 00 00 00 00
>:9984 20  00
>:9984 40  00 80 01 00 00 00 00
>:0984 20  00
>:0984 40  00 80 01 00 00 00 00
>:1984 20  00
>:1985 40  00 80 01 00 00 00 00
>:2985 20  00
>:2985 40  00 80 01 00 00 00 00
>:3985 20  00
>:3985 40  00 80 01 00 00 00 00
>:4985 20  00
>:4985 40  00 80 01 00 00 00 00
>:5985 20  00
>:5985 40  00 80 01 00 00 00 00
>:6985 20  00
>:6985 40  00 80 01 00 00 00 00
>:7985 20  00
>:7985 40  00 80 01 00 00 00 00
>:8985 20  00
>:8985 40  00 80 01 00 00 00 00
>:9985 20  00
>:9985 40  00 80 01 00 00 00 00
>:0985 20  00
>:0985 40  00 80 01 00 00 00 00
>:1985 20  00
>:1986 40  00 80 01 00 00 00 00
>:2986 20  00
>:2986 40  00 80 01 00 00 00 00
>:3986 20  00
>:3986 40  00 80 01 00 00 00 00
>:4986 20  00
>:4986 40  00 80 01 00 00 00 00
>:5986 20  00
>:5986 40  00 80 01 00 00 00 00
>:6986 20  00
>:6986 40  00 80 01 00 00 00 00
>:7986 20  00
>:7986 40  00 80 01 00 00 00 00
>:8986 20  00
>:8986 40  00 80 01 00 00 00 00
>:9986 20  00
>:9986 40  00 80 01 00 00 00 00
>:0986 20  00
>:0987 40  00 80 01 00 00 00 00
>:1987 20  00
>:1987 40  00 80 01 00 00 00 00
>:2987 20  00
>:2987 40  00 80 01 00 00 00 00
>:3987 20  00
>:3987 40  00 80 01 00 00 00 00
>:4987 20  00
>:4987 40  00 80 01 00 00 00 00
>:5987 20  00
>:5987 40  00 80 01 00 00 00 00
>:6987 20  00
>:6987 40  00 80 01 00 00 00 00
>:7987 20  00
>:7987 40  00 80 01 00 00 00 00
>:8987 20  00
>:8987 40  00 80 01 00 00 00 00
>:9987 20  00
>:9988 40  00 80 01 00 00 00 00
>:0988 20  00
>:0988 40  00 80 01 00 00 00 00
>:1988 20  00
>:1988 40  00 80 01 00 00 00 00
>:2988 20  00
>:2988 40  00 80 01 00 00 00 00
>:3988 20  00
>:3988 40  00 80 01 00 00 00 00
>:4988 20  00
>:4988 40  00 80 01 00 00 00 00
>:5988 20  00
>:5988 40  00 80 01 00 00 00 00
>:6988 20  00
>:6988 40  00 80 01 00 00 00 00
>:7988 20  00
>:7988 40  00 80 01 00 00 00 00
>:8988 20  00
>:8988 40  00 80 01 00 00 00 00
>:9988 20  00
>:9989 40  00 80 01 00 00 00 00
>:0989 20  00
>:0989 40  00 80 01 00 00 00 00
>:1989 20  00
>:1989 40  00 80 01 00 00 00 00
>:2989 20  00
>:2989 40  00 80 01 00 00 00 00
>:3989 20  00
>:3989 40  00 80 01 00 00 00 00
>:4989 20  00
>:4989 40  00 80 01 00 00 00 00
>:5989 20  00
>:5989 40  00 80 01 00 00 00 00
>:6989 20  00
>:6989 40  00 80 01 00 00 00 00
>:7989 20  00
>:7989 40  00 80 01 00 00 00 00
>:8989 20  00
>:8990 40  00 80 01 00 00 00 00
>:9990 20  00
>:9990 40  00 80 01 00 00 00 00
>:0990 20  00
>:0990 40  00 80 01 00 00 00 00
>:1990 20  00
>:1990 40  00 80 01 00 00 00 00
>:2990 20  00
>:2990 40  00 80 01 00 00 00 00
>:3990 20  00
>:3990 40  00 80 01 00 00 00 00
>:4990 20  00
>:4990 40  00 80 01 00 00 00 00
>:5990 20  00
>:5990 40  00 80 01 00 00 00 00
>:6990 20  00
>:6990 40  00 80 01 00 00 00 00
>:7990 20  00
>:7991 40  00 80 01 00 00 00 00
>:8990 20  00
>:8991 40  00 80 01 00 00 00 00
>:9991 20  00
>:9991 40  00 80 01 00 00 00 00
>:0991 20  00
>:0991 40  00 80 01 00 00 00 00
>:1991 20  00
>:1991 40  00 80 01 00 00 00 00
>:2991 20  00
>:2991 40  00 80 01 00 00 00 00
>:3991 20  00
>:3991 40  00 80 01 00 00 00 00
>:4991 20  00
>:4991 40  00 80 01 00 00 00 00
>:5991 20  00
>:5991 40  00 80 01 00 00 00 00
>:6991 20  00
>:6991 40  00 80 01 00 00 00 00
>:7991 20  00
>:7992 40  00 80 01 00 00 00 00
>:8992 20  00
>:8992 40  00 80 01 00 00 00 00
>:9992 20  00
>:9992 40  00 80 01 00 00 00 00
>:0992 20  00
>:0992 40  00 80 01 00 00 00 00
>:1992 20  00
>:1992 40  00 80 01 00 00 00 00
>:2992 20  00
>:2992 40  00 80 01 00 00 00 00
>:3992 20  00
>:3992 40  00 80 01 00 00 00 00
>:4992 20  00
>:4992 40  00 80 01 00 00 00 00
>:5992 20  00
>:5992 40  00 80 01 00 00 00 00
>:6992 20  00
>:6993 40  00 80 01 00 00 00 00
>:7993 20  00
>:7993 40  00 80 01 00 00 00 00
>:8993 20  00
>:8993 40  00 80 01 00 00 00 00
>:9993 20  00
>:9993 40  00 80 01 00 00 00 00
>:0993 20  00
>:0993 40  00 80 01 00 00 00 00
>:1993 20  00
>:1993 40  00 80 01 00 00 00 00
>:2993 20  00
>:2993 40  00 80 01 00 00 00 00
>:3993 20  00
>:3993 40  00 80 01 00 00 00 00
>:4993 20  00
>:4993 40  00 80 01 00 00 00 00
>:5993 20  00
>:5993 40  00 80 01 00 00 00 00
>:6993 20  00
>:6994 40  00 80 01 00 00 00 00
>:7994 20  00
>:7994 40  00 80 01 00 00 00 00
>:8994 20  00
>:8994 40  00 80 01 00 00 00 00
>:9994 20  00
>:9994 40  00 80 01 00 00 00 00
>:0994 20  00
>:0994 40  00 80 01 00 00 00 00
>:1994 20  00
>:1994 40  00 80 01 00 00 00 00
>:2994 20  00
>:2994 40  00 80 01 00 00 00 00
>:3994 20  00
>:3994 40  00 80 01 00 00 00 00
>:4994 20  00
>:4994 40  00 80 01 00 00 00 00
>:5994 20  00
>:5995 40  00 80 01 00 00 00 00
>:6995 20  00
>:6995 40  00 80 01 00 00 00 00
>:7995 20  00
>:7995 40  00 80 01 00 00 00 00
>:8995 20  00
>:8995 40  00 80 01 00 00 00 00
>:9995 20  00
>:9995 40  00 80 01 00 00 00 00
>:0995 20  00
>:0995 40  00 80 01 00 00 00 00
>:1995 20  00
>:1995 40  00 80 01 00 00 00 00
>:2995 20  00
>:2995 40  00 80 01 00 00 00 00
>:3995 20  00
>:3995 40  00 80 01 00 00 00 00
>:4995 20  00
>:4996 40  00 80 01 00 00 00 00
>:5995 20  00
>:5996 40  00 80 01 00 00 00 00
>:6996 20  00
>:6996 40  00 80 01 00 00 00 00
>:7996 20  00
>:7996 40  00 80 01 00 00 00 00
>:8996 20  00
>:8996 40  00 80 01 00 00 00 00
>:9996 20  00
>:9996 40  00 80 01 00 00 00 00
>:0996 20  00
>:0996 40  00 80 01 00 00 00 00
>:1996 20  00
>:1996 40  00 80 01 00 00 00 00
>:2996 20  00
>:2996 40  00 80 01 00 00 00 00
>:3996 20  00
>:3996 40  00 80 01 00 00 00 00
>:4996 20  00
>:4997 40  00 80 01 00 00 00 00
>:5997 20  00
>:5997 40  00 80 01 00 00 00 00
>:6997 20  00
>:6997 40  00 80 01 00 00 00 00
>:7997 20  00
>:7997 40  00 80 01 00 00 00 00
>:8997 20  00
>:8997 40  00 80 01 00 00 00 00
>:9997 20  00
>:9997 40  00 80 01 00 00 00 00
>:0997 20  00
>:0997 40  00 80 01 00 00 00 00
>:1997 20  00
>:1997 40  00 80 01 00 00 00 00
>:2997 20  00
>:2997 40  00 80 01 00 00 00 00
>:3997 20  00
>:3998 40  00 80 01 00 00 00 00
>:4998 20  00
>:4998 40  00 80 01 00 00 00 00
>:5998 20  00
>:5998 40  00 80 01 00 00 00 00
>:6998 20  00
>:6998 40  00 80 01 00 00 00 00
>:7998 20  00
>:7998 40  00 80 01 00 00 00 00
>:8998 20  00
>:8998 40  00 80 01 00 00 00 00
>:9998 20  00
>:9998 40  00 80 01 00 00 00 00
>:0998 20  00
>:0998 40  00 80 01 00 00 00 00
>:1998 20  00
>:1998 40  00 80 01 00 00 00 00
>:2998 20  00
>:2998 40  00 80 01 00 00 00 00
>:3998 20  00
>:3999 40  00 80 01 00 00 00 00
>:4999 20  00
>:4999 40  00 80 01 00 00 00 00
>:5999 20  00
>:5999 40  00 80 01 00 00 00 00
>:6999 20  00
>:6999 40  00 80 01 00 00 00 00
>:7999 20  00
>:7999 40  00 80 01 00 00 00 00
>:8999 20  00
>:8999 40  00 80 01 00 00 00 00
>:9999 20  00
>:9999 40  00 80 01 00 00 00 00
>:0999 20  00
>:0999 40  00 80 01 00 00 00 00
>:1999 20  00
>:1999 40  00 80 01 00 00 00 00
>:2999 20  00
>:3000 40  00 80 01 00 00 00 00
>:4000 20  00
>:4000 40  00 80 01 00 00 00 00
>:5000 20  00
>:5000 40  00 80 01 00 00 00 00
>:6000 20  00
>:6000 40  00 80 01 00 00 00 00
>:7000 20  00
>:7000 40  00 80 01 00 00 00 00
>:8000 20  00
>:8000 40  00 80 01 00 00 00 00
>:9000 20  00
>:9000 40  00 80 01 00 00 00 00
>:0000 20  00
>:0000 40  00 80 01 00 00 00 00
>:1000 20  00
>:1000 40  00 80 01 00 00 00 00
>:2000 20  00
>:2001 40  00 80 01 00 00 00 00
>:3000 20  00
>:3001 40  00 80 01 00 00 00 00
>:4001 20  00
>:4001 40  00 80 01 00 00 00 00
>:5001 20  00
>:5001 40  00 80 01 00 00 00 00
>:6001 20  00
>:6001 40  00 80 01 00 00 00 00
>:7001 20  00
>:7001 40  00 80 01 00 00 00 00
>:8001 20  00
>:8001 40  00 80 01 00 00 00 00
>:9001 20  00
>:9001 40  00 80 01 00 00 00 00
>:0001 20  00
>:0001 40  00 80 01 00 00 00 00
>:1001 20  00
>:1001 40  00 80 01 00 00 00 00
>:2001 20  00
>:2002 40  00 80 01 00 00 00 00
>:3002 20  00
>:3002 40  00 80 01 00 00 00 00
>:4002 20  00
>:4002 40  00 80 01 00 00 00 00
>:5002 20  00
>:5002 40  00 80 01 00 00 00 00
>:6002 20  00
>:6002 40  00 80 01 00 00 00 00
>:7002 20  00
>:7002 40  00 80 01 00 00 00 00
>:8002 20  00
>:8002 40  00 80 01 00 00 00 00
>:9002 20  00
>:9002 40  00 80 01 00 00 00 00
>:0002 20  00
>:0002 40  00 80 01 00 00 00 00
>:1002 20  00
>:1003 40  00 80 01 00 00 00 00
>:2003 20  00
>:2003 40  00 80 01 00 00 00 00
>:3003 20  00
>:3003 40  00 80 01 00 00 00 00
>:4003 20  00
>:4003 40  00 80 01 00 00 00 00
>:5003 20  00
>:5003 40  00 80 01 00 00 00 00
>:6003 20  00
>:6003 40  00 80 01 00 00 00 00
>:7003 20  00
>:7003 40  00 80 01 00 00 00 00
>:8003 20  00
>:8003 40  00 80 01 00 00 00 00
>:9003 20  00
>:9003 40  00 80 01 00 00 00 00
>:0003 20  00
>:0003 40  00 80 01 00 00 00 00
>:1003 20  00
>:1004 40  00 80 01 00 00 00 00
>:2004 20  00
>:2004 40  00 80 01 00 00 00 00
>:3004 20  00
>:3004 40  00 80 01 00 00 00 00
>:4004 20  00
>:4004 40  00 80 01 00 00 00 00
>:5004 20  00
>:5004 40  00 80 01 00 00 00 00
>:6004 20  00
>:6004 40  00 80 01 00 00 00 00
>:7004 20  00
>:7004 40  00 80 01 00 00 00 00
>:8004 20  00
>:8004 40  00 80 01 00 00 00 00
>:9004 20  00
>:9004 40  00 80 01 00 00 00 00
>:0004 20  00
>:0005 40  00 80 01 00 00 00 00
>:1005 20  00
>:1005 40  00 80 01 00 00 00 00
>:2005 20  00
>:2005 40  00 80 01 00 00 00 00
>:3005 20  00
>:3005 40  00 80 01 00 00 00 00
>:4005 20  00
>:4005 40  00 80 01 00 00 00 00
>:5005 20  00
>:5005 40  00 80 01 00 00 00 00
>:6005 20  00
>:6005 40  00 80 01 00 00 00 00
>:7005 20  00
>:7005 40  00 80 01 00 00 00 00
>:8005 20  00
>:8005 40  00 80 01 00 00 00 00
>:9005 20  00
>:9006 40  00 80 01 00 00 00 00
>:0005 20  00
>:0006 40  00 80 01 00 00 00 00
>:1006 20  00
>:1006 40  00 80 01 00 00 00 00
>:2006 20  00
>:2006 40  00 80 01 00 00 00 00
>:3006 20  00
>:3006 40  00 80 01 00 00 00 00
>:4006 20  00
>:4006 40  00 80 01 00 00 00 00
>:5006 20  00
>:5006 40  00 80 01 00 00 00 00
>:6006 20  00
>:6006 40  00 80 01 00 00 00 00
>:7006 20  00
>:7006 40  00 80 01 00 00 00 00
>:8006 20  00
>:8006 40  00 80 01 00 00 00 00
>:9006 20  00
>:9007 40  00 80 01 00 00 00 00
>:0007 20  00
>:0007 40  00 80 01 00 00 00 00
>:1007 20  00
>:1007 40  00 80 01 00 00 00 00
>:2007 20  00
>:2007 40  00 80 01 00 00 00 00
>:3007 20  00
>:3007 40  00 80 01 00 00 00 00
>:4007 20  00
>:4007 40  00 80 01 00 00 00 00
>:5007 20  00
>:5007 40  00 80 01 00 00 00 00
>:6007 20  00
>:6007 40  00 80 01 00 00 00 00
>:7007 20  00
>:7007 40  00 80 01 00 00 00 00
>:8007 20  00
>:8008 40  00 80 01 00 00 00 00
>:9008 20  00
>:9008 40  00 80 01 00 00 00 00
>:0008 20  00
>:0008 40  00 80 01 00 00 00 00
>:1008 20  00
>:1008 40  00 80 01 00 00 00 00
>:2008 20  00
>:2008 40  00 80 01 00 00 00 00
>:3008 20  00
>:3008 40  00 80 01 00 00 00 00
>:4008 20  00
>:4008 40  00 80 01 00 00 00 00
>:5008 20  00
>:5008 40  00 80 01 00 00 00 00
>:6008 20  00
>:6008 40  00 80 01 00 00 00 00
>:7008 20  00
>:7009 40  00 80 01 00 00 00 00
>:8008 20  00
>:8009 40  00 80 01 00 00 00 00
>:9009 20  00
>:9009 40  00 80 01 00 00 00 00
>:0009 20  00
>:0009 40  00 80 01 00 00 00 00
>:1009 20  00
>:1009 40  00 80 01 00 00 00 00
>:2009 20  00
>:2009 40  00 80 01 00 00 00 00
>:3009 20  00
>:3009 40  00 80 01 00 00 00 00
>:4009 20  00
>:4009 40  00 80 01 00 00 00 00
>:5009 20  00
>:5009 40  00 80 01 00 00 00 00
>:6009 20  00
>:6009 40  00 80 01 00 00 00 00
>:7009 20  00
>:7010 40  00 80 01 00 00 00 00
>:8010 20  00
>:8010 40  00 80 01 00 00 00 00
>:9010 20  00
>:9010 40  00 80 01 00 00 00 00
>:0010 20  00
>:0010 40  00 80 01 00 00 00 00
>:1010 20  00
>:1010 40  00 80 01 00 00 00 00
>:2010 20  00
>:2010 40  00 80 01 00 00 00 00
>:3010 20  00
>:3010 40  00 80 01 00 00 00 00
>:4010 20  00
>:4010 40  00 80 01 00 00 00 00
>:5010 20  00
>:5010 40  00 80 01 00 00 00 00
>:6010 20  00
>:6011 40  00 80 01 00 00 00 00
>:7010 20  00
>:7011 40  00 80 01 00 00 00 00
>:8011 20  00
>:8011 40  00 80 01 00 00 00 00
>:9011 20  00
>:9011 40  00 80 01 00 00 00 00
>:0011 20  00
>:0011 40  00 80 01 00 00 00 00
>:1011 20  00
>:1011 40  00 80 01 00 00 00 00
>:2011 20  00
>:2011 40  00 80 01 00 00 00 00
>:3011 20  00
>:3011 40  00 80 01 00 00 00 00
>:4011 20  00
>:4011 40  00 80 01 00 00 00 00
>:5011 20  00
>:5011 40  00 80 01 00 00 00 00
>:6011 20  00
>:6012 40  00 80 01 00 00 00 00
>:7012 20  00
>:7012 40  00 80 01 00 00 00 00
>:8012 20  00
>:8012 40  00 80 01 00 00 00 00
>:9012 20  00
>:9012 40  00 80 01 00 00 00 00
>:0012 20  00
>:0012 40  00 80 01 00 00 00 00
>:1012 20  00
>:1012 40  00 80 01 00 00 00 00
>:2012 20  00
>:2012 40  00 80 01 00 00 00 00
>:3012 20  00
>:3012 40  00 80 01 00 00 00 00
>:4012 20  00
>:4012 40  00 80 01 00 00 00 00
>:5012 20  00
>:5013 40  00 80 01 00 00 00 00
>:6013 20  00
>:6013 40  00 80 01 00 00 00 00
>:7013 20  00
>:7013 40  00 80 01 00 00 00 00
>:8013 20  00
>:8013 40  00 80 01 00 00 00 00
>:9013 20  00
>:9013 40  00 80 01 00 00 00 00
>:0013 20  00
>:0013 40  00 80 01 00 00 00 00
>:1013 20  00
>:1013 40  00 80 01 00 00 00 00
>:2013 20  00
>:2013 40  00 80 01 00 00 00 00
>:3013 20  00
>:3013 40  00 80 01 00 00 00 00
>:4013 20  00
>:4014 40  00 80 01 00 00 00 00
>:5013 20  00
>:5014 40  00 80 01 00 00 00 00
>:6014 20  00
>:6014 40  00 80 01 00 00 00 00
>:7014 20  00
>:7014 40  00 80 01 00 00 00 00
>:8014 20  00
>:8014 40  00 80 01 00 00 00 00
>:9014 20  00
>:9014 40  00 80 01 00 00 00 00
>:0014 20  00
>:0014 40  00 80 01 00 00 00 00
>:1014 20  00
>:1014 40  00 80 01 00 00 00 00
>:2014 20  00
>:2014 40  00 80 01 00 00 00 00
>:3014 20  00
>:3014 40  00 80 01 00 00 00 00
>:4014 20  00
>:4015 40  00 80 01 00 00 00 00
>:5015 20  00
>:5015 40  00 80 01 00 00 00 00
>:6015 20  00
>:6015 40  00 80 01 00 00 00 00
>:7015 20  00
>:7015 40  00 80 01 00 00 00 00
>:8015 20  00
>:8015 40  00 80 01 00 00 00 00
>:9015 20  00
>:9015 40  00 80 01 00 00 00 00
>:0015 20  00
>:0015 40  00 80 01 00 00 00 00
>:1015 20  00
>:1015 40  00 80 01 00 00 00 00
>:2015 20  00
>:2015 40  00 80 01 00 00 00 00
>:3015 20  00
>:3016 40  00 80 01 00 00 00 00
>:4015 20  00
>:4016 40  00 80 01 00 00 00 00
>:5016 20  00
>:5016 40  00 80 01 00 00 00 00
>:6016 20  00
>:6016 40  00 80 01 00 00 00 00
>:7016 20  00
>:7016 40  00 80 01 00 00 00 00
>:8016 20  00
>:8016 40  00 80 01 00 00 00 00
>:9016 20  00
>:9016 40  00 80 01 00 00 00 00
>:0016 20  00
>:0016 40  00 80 01 00 00 00 00
>:1016 20  00
>:1016 40  00 80 01 00 00 00 00
>:2016 20  00
>:2016 40  00 80 01 00 00 00 00
>:3016 20  00
>:3017 40  00 80 01 00 00 00 00
>:4017 20  00
>:4017 40  00 80 01 00 00 00 00
>:5017 20  00
>:5017 40  00 80 01 00 00 00 00
>:6017 20  00
>:6017 40  00 80 01 00 00 00 00
>:7017 20  00
>:7017 40  00 80 01 00 00 00 00
>:8017 20  00
>:8017 40  00 80 01 00 00 00 00
>:9017 20  00
>:9017 40  00 80 01 00 00 00 00
>:0017 20  00
>:0017 40  00 80 01 00 00 00 00
>:1017 20  00
>:1017 40  00 80 01 00 00 00 00
>:2017 20  00
>:2018 40  00 80 01 00 00 00 00
>:3018 20  00
>:3018 40  00 80 01 00 00 00 00
>:4018 20  00
>:4018 40  00 80 01 00 00 00 00
>:5018 20  00
>:5018 40  00 80 01 00 00 00 00
>:6018 20  00
>:6018 40  00 80 01 00 00 00 00
>:7018 20  00
>:7018 40  00 80 01 00 00 00 00
>:8018 20  00
>:8018 40  00 80 01 00 00 00 00
>:9018 20  00
>:9018 40  00 80 01 00 00 00 00
>:0018 20  00
>:0018 40  00 80 01 00 00 00 00
>:1018 20  00
>:1019 40  00 80 01 00 00 00 00
>:2018 20  00
>:2019 40  00 80 01 00 00 00 00
>:3019 20  00
>:3019 40  00 80 01 00 00 00 00
>:4019 20  00
>:4019 40  00 80 01 00 00 00 00
>:5019 20  00
>:5019 40  00 80 01 00 00 00 00
>:6019 20  00
>:6019 40  00 80 01 00 00 00 00
>:7019 20  00
>:7019 40  00 80 01 00 00 00 00
>:8019 20  00
>:8019 40  00 80 01 00 00 00 00
>:9019 20  00
>:9019 40  00 80 01 00 00 00 00
>:0019 20  00
>:0019 40  00 80 01 00 00 00 00
>:1019 20  00
>:1020 40  00 80 01 00 00 00 00
>:2020 20  00
>:2020 40  00 80 01 00 00 00 00
>:3020 20  00
>:3020 40  00 80 01 00 00 00 00
>:4020 20  00
>:4020 40  00 80 01 00 00 00 00
>:5020 20  00
>:5020 40  00 80 01 00 00 00 00
>:6020 20  00
>:6020 40  00 80 01 00 00 00 00
>:7020 20  00
>:7020 40  00 80 01 00 00 00 00
>:8020 20  00
>:8020 40  00 80 01 00 00 00 00
>:9020 20  00
>:9020 40  00 80 01 00 00 00 00
>:0020 20  00
>:0021 40  00 80 01 00 00 00 00
>:1021 20  00
>:1021 40  00 80 01 00 00 00 00
>:2021 20  00
>:2021 40  00 80 01 00 00 00 00
>:3021 20  00
>:3021 40  00 80 01 00 00 00 00
>:4021 20  00
>:4021 40  00 80 01 00 00 00 00
>:5021 20  00
>:5021 40  00 80 01 00 00 00 00
>:6021 20  00
>:6021 40  00 80 01 00 00 00 00
>:7021 20  00
>:7021 40  00 80 01 00 00 00 00
>:8021 20  00
>:8021 40  00 80 01 00 00 00 00
>:9021 20  00
>:9021 40  00 80 01 00 00 00 00
>:0021 20  00
>:0022 40  00 80 01 00 00 00 00
>:1022 20  00
>:1022 40  00 80 01 00 00 00 00
>:2022 20  00
>:2022 40  00 80 01 00 00 00 00
>:3022 20  00
>:3022 40  00 80 01 00 00 00 00
>:4022 20  00
>:4022 40  00 80 01 00 00 00 00
>:5022 20  00
>:5022 40  00 80 01 00 00 00 00
>:6022 20  00
>:6022 40  00 80 01 00 00 00 00
>:7022 20  00
>:7022 40  00 80 01 00 00 00 00
>:8022 20  00
>:8022 40  00 80 01 00 00 00 00
>:9022 20  00
>:9023 40  00 80 01 00 00 00 00
>:0023 20  00
>:0023 40  00 80 01 00 00 00 00
>:1023 20  00
>:1023 40  00 80 01 00 00 00 00
>:2023 20  00
>:2023 40  00 80 01 00 00 00 00
>:3023 20  00
>:3023 40  00 80 01 00 00 00 00
>:4023 20  00
>:4023 40  00 80 01 00 00 00 00
>:5023 20  00
>:5023 40  00 80 01 00 00 00 00
>:6023 20  00
>:6023 40  00 80 01 00 00 00 00
>:7023 20  00
>:7023 40  00 80 01 00 00 00 00
>:8023 20  00
>:8024 40  00 80 01 00 00 00 00
>:9023 20  00
>:9024 40  00 80 01 00 00 00 00
>:0024 20  00
>:0024 40  00 80 01 00 00 00 00
>:1024 20  00
>:1024 40  00 80 01 00 00 00 00
>:2024 20  00
>:2024 40  00 80 01 00 00 00 00
>:3024 20  00
>:3024 40  00 80 01 00 00 00 00
>:4024 20  00
>:4024 40  00 80 01 00 00 00 00
>:5024 20  00
>:5024 40  00 80 01 00 00 00 00
>:6024 20  00
>:6024 40  00 80 01 00 00 00 00
>? ... SWR reset
>-l d0,d1,d2,d3,,d4,d5,d6,d7
>
>-l
>
>
>
>u 700,500,780
>
>s 180,180,50
>
>
>
>-u h
>
>+m 9,10,11
>
>
>
>q 250,250,36,70,105
>
>q 250,250,36,100,175
>
>q 250,230,36,50,50
>
>
>
>-P
>Packing sectors... 0% Done
>
>
>
>