
>v 1.04 Nov 12 2014, <9CF9D1E8>
>
>#
>#200,0
>#10,226
>#10,230
>#10,233
>#10,236
>#10,239
>#10,242
>#10,246
>#10,249
>#10,252
>#10,256
>#10,259
>#10,262
>#10,265
>#10,268
>#10,272
>#10,275
>#10,278
>#10,282
>#10,285
>#10,288
>#10,291
>#10,294
>#10,298
>#10,301
>#10,304
>#10,310
>#10,312
>#10,314
>#10,316
>#10,318
>#50,530
>#50,0
>#50,530
>#50,0
>#50,530
>#50,0
>#50,530
>#50,0
>#50,530
>#50,0
>#50,530
>#50,0
>#50,530
>#830,0
>
>#
>#200,0
>#10,226
>#10,230
>#10,233
>#10,236
>#10,239
>#10,242
>#10,246
>#10,249
>#10,252
>#10,256
>#10,259
>#10,262
>#10,265
>#10,268
>#10,272
>#10,275
>#10,278
>#10,282
>#10,285
>#10,288
>#10,291
>#10,294
>#10,298
>#10,301
>#10,304
>#10,310
>#10,312
>#10,314
>#10,316
>#10,318
>#50,530
>#50,0
>#50,530
>#50,0
>#50,530
>#50,0
>#50,530
>#50,0
>#50,530
>#50,0
>#50,530
>#50,0
>#50,530
>#830,0
>
>
>
>
>? ... SWR reset
>-l d0,d1,d2,d3,,d4,d5,d6,d7
>
>-l
>
>
>
>u 700,500,780
>
>s 180,180,50
>
>
>
>-u h
>
>+m 9,10,11
>
>
>
>q 250,250,36,70,105
>
>q 250,250,36,100,175
>
>q 250,230,36,50,50
>
>
>
>-P
>Packing sectors... 0% Done
>
>
>
>
>
>
>
>#
>#200,0
>#10,226
>#10,230
>#10,233
>#10,236
>#10,239
>#10,242
>#10,246
>#10,249
>#10,252
>#10,256
>#10,259
>#10,262
>#10,265
>#10,268
>#10,272
>#10,275
>#10,278
>#10,282
>#10,285
>#10,288
>#10,291
>#10,294
>#10,298
>#10,301
>#10,304
>#10,310
>#10,312
>#10,314
>#10,316
>#10,318
>#50,530
>#50,0
>#50,530
>#50,0
>#50,530
>#50,0
>#50,530
>#50,0
>#50,530
>#50,0
>#50,530
>#50,0
>#50,530
>#830,0
>
>t
0,0,12
100,0,12
100,0,12
300,0,12
300,0,111
310,0,111
310,0,113
320,0,113
320,0,114
330,0,114
330,0,115
340,0,115
340,0,117
350,0,117
350,0,118
360,0,118
360,0,120
370,0,120
370,0,121
380,0,121
380,0,122
390,0,122
390,0,124
400,0,124
400,0,126
410,0,126
410,0,127
420,0,127
420,0,128
430,0,128
430,0,129
440,0,129
440,0,131
450,0,131
450,0,133
460,0,133
460,0,134
470,0,134
470,0,136
480,0,136
480,0,137
490,0,137
490,0,138
500,0,138
500,0,140
510,0,140
510,0,141
520,0,141
520,0,143
530,0,143
530,0,144
540,0,144
540,0,145
550,0,145
550,0,148
560,0,148
560,0,149
570,0,149
570,0,150
580,0,150
580,0,151
590,0,151
590,0,151
600,0,151
600,0,245
650,0,245
650,0,12
700,0,12
700,0,245
750,0,245
750,0,12
800,0,12
800,0,245
850,0,245
850,0,12
900,0,12
900,0,245
950,0,245
950,0,12
1000,0,12
1000,0,245
1050,0,245
1050,0,12
1100,0,12
1100,0,245
1150,0,245
1150,0,12
1200,0,12
1200,0,245
1250,0,245
1250,0,12
2080,0,12
2080,0,12
2180,0,12
2180,0,11
2190,0,11
2195,0,11
>
>t
0,0,12
100,0,12
100,0,12
300,0,12
300,0,111
310,0,111
310,0,113
320,0,113
320,0,114
330,0,114
330,0,115
340,0,115
340,0,117
350,0,117
350,0,118
360,0,118
360,0,120
370,0,120
370,0,121
380,0,121
380,0,122
390,0,122
390,0,124
400,0,124
400,0,126
410,0,126
410,0,127
420,0,127
420,0,128
430,0,128
430,0,129
440,0,129
440,0,131
450,0,131
450,0,133
460,0,133
460,0,134
470,0,134
470,0,136
480,0,136
480,0,137
490,0,137
490,0,138
500,0,138
500,0,140
510,0,140
510,0,141
520,0,141
520,0,143
530,0,143
530,0,144
540,0,144
540,0,145
550,0,145
550,0,148
560,0,148
560,0,149
570,0,149
570,0,150
580,0,150
580,0,151
590,0,151
590,0,151
600,0,151
600,0,245
650,0,245
650,0,12
700,0,12
700,0,245
750,0,245
750,0,12
800,0,12
800,0,245
850,0,245
850,0,12
900,0,12
900,0,245
950,0,245
950,0,12
1000,0,12
1000,0,245
1050,0,245
1050,0,12
1100,0,12
1100,0,245
1150,0,245
1150,0,12
1200,0,12
1200,0,245
1250,0,245
1250,0,12
2080,0,12
2080,0,12
2180,0,12
2180,0,11
2190,0,11
2195,0,11
>
>t
0,0,12
100,0,12
100,0,12
300,0,12
300,0,111
310,0,111
310,0,113
320,0,113
320,0,114
330,0,114
330,0,115
340,0,115
340,0,117
350,0,117
350,0,118
360,0,118
360,0,120
370,0,120
370,0,121
380,0,121
380,0,122
390,0,122
390,0,124
400,0,124
400,0,126
410,0,126
410,0,127
420,0,127
420,0,128
430,0,128
430,0,129
440,0,129
440,0,131
450,0,131
450,0,133
460,0,133
460,0,134
470,0,134
470,0,136
480,0,136
480,0,137
490,0,137
490,0,138
500,0,138
500,0,140
510,0,140
510,0,141
520,0,141
520,0,143
530,0,143
530,0,144
540,0,144
540,0,145
550,0,145
550,0,148
560,0,148
560,0,149
570,0,149
570,0,150
580,0,150
580,0,151
590,0,151
590,0,151
600,0,151
600,0,245
650,0,245
650,0,12
700,0,12
700,0,245
750,0,245
750,0,12
800,0,12
800,0,245
850,0,245
850,0,12
900,0,12
900,0,245
950,0,245
950,0,12
1000,0,12
1000,0,245
1050,0,245
1050,0,12
1100,0,12
1100,0,245
1150,0,245
1150,0,12
1200,0,12
1200,0,245
1250,0,245
1250,0,12
2080,0,12
2080,0,12
2180,0,12
2180,0,11
2190,0,11
2195,0,11
>
>
>p 174,400
>t
0,0,12
100,0,12
100,0,12
300,0,12
300,0,123
310,0,123
310,0,125
320,0,125
320,0,126
330,0,126
330,0,128
340,0,128
340,0,129
350,0,129
350,0,131
360,0,131
360,0,133
370,0,133
370,0,134
380,0,134
380,0,135
390,0,135
390,0,137
400,0,137
400,0,139
410,0,139
410,0,140
420,0,140
420,0,142
430,0,142
430,0,143
440,0,143
440,0,145
450,0,145
450,0,147
460,0,147
460,0,148
470,0,148
470,0,150
480,0,150
480,0,152
490,0,152
490,0,153
500,0,153
500,0,155
510,0,155
510,0,156
520,0,156
520,0,158
530,0,158
530,0,160
540,0,160
540,0,161
550,0,161
550,0,164
560,0,164
560,0,165
570,0,165
570,0,166
580,0,166
580,0,167
590,0,167
590,0,168
600,0,168
600,0,272
650,0,272
650,0,12
700,0,12
700,0,272
750,0,272
750,0,12
800,0,12
800,0,272
850,0,272
850,0,12
900,0,12
900,0,272
950,0,272
950,0,12
1000,0,12
1000,0,272
1050,0,272
1050,0,12
1100,0,12
1100,0,272
1150,0,272
1150,0,12
1200,0,12
1200,0,272
1250,0,272
1250,0,12
2080,0,12
2080,0,12
2180,0,12
2180,0,11
2190,0,11
2195,0,11
>
>