
>v 1.04 Nov 12 2014, <EBBA1CD8>
>s2
>p 100,400
>t
0,0,12
100,0,12
100,0,354
200,0,354
200,0,12
300,0,12
300,0,10
310,0,10
315,0,10
>
>t
0,0,12
100,0,12
100,0,354
200,0,354
200,0,12
300,0,12
300,0,10
310,0,10
315,0,10
>
>
>#
>#200,0
>#10,226
>#10,230
>#10,233
>#10,236
>#10,239
>#10,242
>#10,246
>#10,249
>#10,252
>#10,256
>#10,259
>#10,262
>#10,265
>#10,268
>#10,272
>#10,275
>#10,278
>#10,282
>#10,285
>#10,288
>#10,291
>#10,294
>#10,298
>#10,301
>#10,304
>#10,310
>#10,312
>#10,314
>#10,316
>#10,318
>#50,530
>#50,0
>#50,530
>#50,0
>#50,530
>#50,0
>#50,530
>#50,0
>#50,530
>#50,0
>#50,530
>#50,0
>#50,530
>#830,0
>
>
>
>
>
>s2
>p 100,400
>t
0,0,12
200,0,12
200,0,104
210,0,104
210,0,106
220,0,106
220,0,107
230,0,107
230,0,108
240,0,108
240,0,109
250,0,109
250,0,110
260,0,110
260,0,112
270,0,112
270,0,113
280,0,113
280,0,115
290,0,115
290,0,116
300,0,116
300,0,117
310,0,117
310,0,119
320,0,119
320,0,120
330,0,120
330,0,121
340,0,121
340,0,123
350,0,123
350,0,124
360,0,124
360,0,125
370,0,125
370,0,127
380,0,127
380,0,128
390,0,128
390,0,129
400,0,129
400,0,131
410,0,131
410,0,132
420,0,132
420,0,133
430,0,133
430,0,135
440,0,135
440,0,136
450,0,136
450,0,138
460,0,138
460,0,139
470,0,139
470,0,140
480,0,140
480,0,141
490,0,141
490,0,142
500,0,142
500,0,228
550,0,228
550,0,12
600,0,12
600,0,228
650,0,228
650,0,12
700,0,12
700,0,228
750,0,228
750,0,12
800,0,12
800,0,228
850,0,228
850,0,12
900,0,12
900,0,228
950,0,228
950,0,12
1000,0,12
1000,0,228
1050,0,228
1050,0,12
1100,0,12
1100,0,228
1150,0,228
1150,0,12
1980,0,12
1980,0,12
2080,0,12
2080,0,10
2090,0,10
2095,0,10
>
>p 100,800
>t
0,0,12
200,0,12
200,0,197
210,0,197
210,0,200
220,0,200
220,0,202
230,0,202
230,0,205
240,0,205
240,0,207
250,0,207
250,0,210
260,0,210
260,0,213
270,0,213
270,0,216
280,0,216
280,0,218
290,0,218
290,0,221
300,0,221
300,0,224
310,0,224
310,0,226
320,0,226
320,0,229
330,0,229
330,0,231
340,0,231
340,0,234
350,0,234
350,0,237
360,0,237
360,0,239
370,0,239
370,0,243
380,0,243
380,0,245
390,0,245
390,0,247
400,0,247
400,0,250
410,0,250
410,0,252
420,0,252
420,0,256
430,0,256
430,0,258
440,0,258
440,0,261
450,0,261
450,0,266
460,0,266
460,0,267
470,0,267
470,0,269
480,0,269
480,0,270
490,0,270
490,0,272
500,0,272
500,0,446
550,0,446
550,0,12
600,0,12
600,0,446
650,0,446
650,0,12
700,0,12
700,0,446
750,0,446
750,0,12
800,0,12
800,0,446
850,0,446
850,0,12
900,0,12
900,0,446
950,0,446
950,0,12
1000,0,12
1000,0,446
1050,0,446
1050,0,12
1100,0,12
1100,0,446
1150,0,446
1150,0,12
1980,0,12
1980,0,12
2080,0,12
2080,0,10
2090,0,10
2095,0,10
>
>t
0,0,12
200,0,12
200,0,197
210,0,197
210,0,200
220,0,200
220,0,202
230,0,202
230,0,205
240,0,205
240,0,207
250,0,207
250,0,210
260,0,210
260,0,213
270,0,213
270,0,216
280,0,216
280,0,218
290,0,218
290,0,221
300,0,221
300,0,224
310,0,224
310,0,226
320,0,226
320,0,229
330,0,229
330,0,231
340,0,231
340,0,234
350,0,234
350,0,237
360,0,237
360,0,239
370,0,239
370,0,243
380,0,243
380,0,245
390,0,245
390,0,247
400,0,247
400,0,250
410,0,250
410,0,252
420,0,252
420,0,256
430,0,256
430,0,258
440,0,258
440,0,261
450,0,261
450,0,266
460,0,266
460,0,267
470,0,267
470,0,269
480,0,269
480,0,270
490,0,270
490,0,272
500,0,272
500,0,446
550,0,446
550,0,12
600,0,12
600,0,446
650,0,446
650,0,12
700,0,12
700,0,446
750,0,446
750,0,12
800,0,12
800,0,446
850,0,446
850,0,12
900,0,12
900,0,446
950,0,446
950,0,12
1000,0,12
1000,0,446
1050,0,446
1050,0,12
1100,0,12
1100,0,446
1150,0,446
1150,0,12
1980,0,12
1980,0,12
2080,0,12
2080,0,10
2090,0,10
2095,0,10
>
>t
0,0,12
200,0,12
200,0,197
210,0,197
210,0,200
220,0,200
220,0,202
230,0,202
230,0,205
240,0,205
240,0,207
250,0,207
250,0,210
260,0,210
260,0,213
270,0,213
270,0,216
280,0,216
280,0,218
290,0,218
290,0,221
300,0,221
300,0,224
310,0,224
310,0,226
320,0,226
320,0,229
330,0,229
330,0,231
340,0,231
340,0,234
350,0,234
350,0,237
360,0,237
360,0,239
370,0,239
370,0,243
380,0,243
380,0,245
390,0,245
390,0,247
400,0,247
400,0,250
410,0,250
410,0,252
420,0,252
420,0,256
430,0,256
430,0,258
440,0,258
440,0,261
450,0,261
450,0,266
460,0,266
460,0,267
470,0,267
470,0,269
480,0,269
480,0,270
490,0,270
490,0,272
500,0,272
500,0,446
550,0,446
550,0,12
600,0,12
600,0,446
650,0,446
650,0,12
700,0,12
700,0,446
750,0,446
750,0,12
800,0,12
800,0,446
850,0,446
850,0,12
900,0,12
900,0,446
950,0,446
950,0,12
1000,0,12
1000,0,446
1050,0,446
1050,0,12
1100,0,12
1100,0,446
1150,0,446
1150,0,12
1980,0,12
1980,0,12
2080,0,12
2080,0,10
2090,0,10
2095,0,10
>
>p 100,400
>t
0,0,12
200,0,12
200,0,104
210,0,104
210,0,106
220,0,106
220,0,107
230,0,107
230,0,108
240,0,108
240,0,109
250,0,109
250,0,110
260,0,110
260,0,112
270,0,112
270,0,113
280,0,113
280,0,115
290,0,115
290,0,116
300,0,116
300,0,117
310,0,117
310,0,119
320,0,119
320,0,120
330,0,120
330,0,121
340,0,121
340,0,123
350,0,123
350,0,124
360,0,124
360,0,125
370,0,125
370,0,127
380,0,127
380,0,128
390,0,128
390,0,129
400,0,129
400,0,131
410,0,131
410,0,132
420,0,132
420,0,133
430,0,133
430,0,135
440,0,135
440,0,136
450,0,136
450,0,138
460,0,138
460,0,139
470,0,139
470,0,140
480,0,140
480,0,141
490,0,141
490,0,142
500,0,142
500,0,228
550,0,228
550,0,12
600,0,12
600,0,228
650,0,228
650,0,12
700,0,12
700,0,228
750,0,228
750,0,12
800,0,12
800,0,228
850,0,228
850,0,12
900,0,12
900,0,228
950,0,228
950,0,12
1000,0,12
1000,0,228
1050,0,228
1050,0,12
1100,0,12
1100,0,228
1150,0,228
1150,0,12
1980,0,12
1980,0,12
2080,0,12
2080,0,10
2090,0,10
2095,0,10
>
>p 100,600
>t
0,0,12
200,0,12
200,0,150
210,0,150
210,0,153
220,0,153
220,0,155
230,0,155
230,0,157
240,0,157
240,0,158
250,0,158
250,0,160
260,0,160
260,0,163
270,0,163
270,0,165
280,0,165
280,0,166
290,0,166
290,0,169
300,0,169
300,0,171
310,0,171
310,0,173
320,0,173
320,0,174
330,0,174
330,0,176
340,0,176
340,0,179
350,0,179
350,0,181
360,0,181
360,0,182
370,0,182
370,0,185
380,0,185
380,0,187
390,0,187
390,0,189
400,0,189
400,0,190
410,0,190
410,0,192
420,0,192
420,0,195
430,0,195
430,0,197
440,0,197
440,0,198
450,0,198
450,0,202
460,0,202
460,0,203
470,0,203
470,0,205
480,0,205
480,0,206
490,0,206
490,0,207
500,0,207
500,0,337
550,0,337
550,0,12
600,0,12
600,0,337
650,0,337
650,0,12
700,0,12
700,0,337
750,0,337
750,0,12
800,0,12
800,0,337
850,0,337
850,0,12
900,0,12
900,0,337
950,0,337
950,0,12
1000,0,12
1000,0,337
1050,0,337
1050,0,12
1100,0,12
1100,0,337
1150,0,337
1150,0,12
1980,0,12
1980,0,12
2080,0,12
2080,0,10
2090,0,10
2095,0,10
>
>t
0,0,12
200,0,12
200,0,150
210,0,150
210,0,153
220,0,153
220,0,155
230,0,155
230,0,157
240,0,157
240,0,158
250,0,158
250,0,160
260,0,160
260,0,163
270,0,163
270,0,165
280,0,165
280,0,166
290,0,166
290,0,169
300,0,169
300,0,171
310,0,171
310,0,173
320,0,173
320,0,174
330,0,174
330,0,176
340,0,176
340,0,179
350,0,179
350,0,181
360,0,181
360,0,182
370,0,182
370,0,185
380,0,185
380,0,187
390,0,187
390,0,189
400,0,189
400,0,190
410,0,190
410,0,192
420,0,192
420,0,195
430,0,195
430,0,197
440,0,197
440,0,198
450,0,198
450,0,202
460,0,202
460,0,203
470,0,203
470,0,205
480,0,205
480,0,206
490,0,206
490,0,207
500,0,207
500,0,337
550,0,337
550,0,12
600,0,12
600,0,337
650,0,337
650,0,12
700,0,12
700,0,337
750,0,337
750,0,12
800,0,12
800,0,337
850,0,337
850,0,12
900,0,12
900,0,337
950,0,337
950,0,12
1000,0,12
1000,0,337
1050,0,337
1050,0,12
1100,0,12
1100,0,337
1150,0,337
1150,0,12
1980,0,12
1980,0,12
2080,0,12
2080,0,10
2090,0,10
2095,0,10
>
>
>
>
>
>
>p 300,400
>t
0,0,12
200,0,12
200,0,145
210,0,145
210,0,147
220,0,147
220,0,149
230,0,149
230,0,151
240,0,151
240,0,153
250,0,153
250,0,154
260,0,154
260,0,157
270,0,157
270,0,158
280,0,158
280,0,160
290,0,160
290,0,163
300,0,163
300,0,164
310,0,164
310,0,166
320,0,166
320,0,168
330,0,168
330,0,170
340,0,170
340,0,172
350,0,172
350,0,174
360,0,174
360,0,176
370,0,176
370,0,178
380,0,178
380,0,180
390,0,180
390,0,181
400,0,181
400,0,183
410,0,183
410,0,185
420,0,185
420,0,187
430,0,187
430,0,189
440,0,189
440,0,191
450,0,191
450,0,194
460,0,194
460,0,196
470,0,196
470,0,197
480,0,197
480,0,198
490,0,198
490,0,199
500,0,199
500,0,324
550,0,324
550,0,12
600,0,12
600,0,324
650,0,324
650,0,12
700,0,12
700,0,324
750,0,324
750,0,12
800,0,12
800,0,324
850,0,324
850,0,12
900,0,12
900,0,324
950,0,324
950,0,12
1000,0,12
1000,0,324
1050,0,324
1050,0,12
1100,0,12
1100,0,324
1150,0,324
1150,0,12
1980,0,12
1980,0,12
2080,0,12
2080,0,10
2090,0,10
2095,0,10
>
>p 300,40  300
>t
0,0,12
200,0,12
200,0,112
210,0,112
210,0,113
220,0,113
220,0,115
230,0,115
230,0,116
240,0,116
240,0,117
250,0,117
250,0,119
260,0,119
260,0,121
270,0,121
270,0,122
280,0,122
280,0,123
290,0,123
290,0,125
300,0,125
300,0,126
310,0,126
310,0,128
320,0,128
320,0,129
330,0,129
330,0,130
340,0,130
340,0,132
350,0,132
350,0,133
360,0,133
360,0,135
370,0,135
370,0,137
380,0,137
380,0,138
390,0,138
390,0,139
400,0,139
400,0,141
410,0,141
410,0,142
420,0,142
420,0,144
430,0,144
430,0,145
440,0,145
440,0,146
450,0,146
450,0,149
460,0,149
460,0,150
470,0,150
470,0,151
480,0,151
480,0,152
490,0,152
490,0,152
500,0,152
500,0,246
550,0,246
550,0,12
600,0,12
600,0,246
650,0,246
650,0,12
700,0,12
700,0,246
750,0,246
750,0,12
800,0,12
800,0,246
850,0,246
850,0,12
900,0,12
900,0,246
950,0,246
950,0,12
1000,0,12
1000,0,246
1050,0,246
1050,0,12
1100,0,12
1100,0,246
1150,0,246
1150,0,12
1980,0,12
1980,0,12
2080,0,12
2080,0,10
2090,0,10
2095,0,10
>
>t
0,0,12
200,0,12
200,0,112
210,0,112
210,0,113
220,0,113
220,0,115
230,0,115
230,0,116
240,0,116
240,0,117
250,0,117
250,0,119
260,0,119
260,0,121
270,0,121
270,0,122
280,0,122
280,0,123
290,0,123
290,0,125
300,0,125
300,0,126
310,0,126
310,0,128
320,0,128
320,0,129
330,0,129
330,0,130
340,0,130
340,0,132
350,0,132
350,0,133
360,0,133
360,0,135
370,0,135
370,0,137
380,0,137
380,0,138
390,0,138
390,0,139
400,0,139
400,0,141
410,0,141
410,0,142
420,0,142
420,0,144
430,0,144
430,0,145
440,0,145
440,0,146
450,0,146
450,0,149
460,0,149
460,0,150
470,0,150
470,0,151
480,0,151
480,0,152
490,0,152
490,0,152
500,0,152
500,0,246
550,0,246
550,0,12
600,0,12
600,0,246
650,0,246
650,0,12
700,0,12
700,0,246
750,0,246
750,0,12
800,0,12
800,0,246
850,0,246
850,0,12
900,0,12
900,0,246
950,0,246
950,0,12
1000,0,12
1000,0,246
1050,0,246
1050,0,12
1100,0,12
1100,0,246
1150,0,246
1150,0,12
1980,0,12
1980,0,12
2080,0,12
2080,0,10
2090,0,10
2095,0,10
>
>