
>
>
>
>
>
>v 1.13 Nov 11 2015, <7BF567BF>
>
>?#43200
#230,0
#270,400
#2490,0
>
>
>
>#
>#150,0
>#350,400
>#2480,0
>?t
0,0,12
150,0,12
150,0,309
500,0,309
500,0,12
2980,0,12
2980,0,12
3080,0,12
3080,0,11
3090,0,11
3095,0,11
>
>?t
0,0,0
150,0,0
150,0,0
500,0,0
500,0,0
2980,0,0
2980,0,0
3080,0,0
3080,0,0
3090,0,0
3095,0,0
>
>
>#
>#150,0
>#350,400
>#2480,0
>?t
0,0,12
150,0,12
150,0,353
500,0,353
500,0,12
2980,0,12
2980,0,12
3080,0,12
3080,0,11
3090,0,11
3095,0,11
>
>
>#
>#150,0
>#350,400
>#2480,0
>?t
0,0,12
150,0,12
150,0,353
500,0,353
500,0,12
2980,0,12
2980,0,12
3080,0,12
3080,0,11
3090,0,11
3095,0,11
>
>?#56000
#150,0
#350,400
#2480,0
>