
>v 1.13 Nov 13 2015, <98FE99BE>
>
>
>
>
>?-l d0,d1,d2,d3,,d4,d5,d6,d7
>
>-l
>
>
>
>u 750,500,780?-l d0,d1,d2,d3,,d4,d5,d6,d7
>
>-l
>
>
>
>u 750,500,780... WTF(4)
>
>s 200,200,30
>
>
>
>-u h?-l d0,d1,d2,d3,,d4,d5,d6,d7
>
>-l
>
>
>
>u 750,500,780... WTF(4)
>
>s 200,200,30
>
>
>
>-u h?-l d0,d1,d2,d3,,d4,d5,d6,d7
>
>-l
>
>
>
>u 750,500,780?-l d0,d1,d2,d3,,d4,d5,d6,d7
>
>-l
>
>
>
>u 750,500,780... WTF(4)
>
>s 200,200,30
>
>
>
>-u h?-l d0,d1,d2,d3,,d4,d5,d6,d7
>
>-l
>
>
>
>u 750,500,780... WTF(4)
>
>s 200,200,30
>
>
>
>-u h
>
>+m 9,10
>
>
>
>q 200,250,35,180,180
>
>
>
>-P
>Packing sectors... 0% Done
>
>