
>v 1.13 Nov 11 2015, <7BF567BF>
>?t
0,0,12
150,0,12
150,0,353
500,0,353
500,0,12
2990,0,12
2990,0,12
3090,0,12
3090,0,11
3100,0,11
3105,0,11
>
>
>#
>#150,0
>#350,400
>#2490,0
>?t
0,0,12
150,0,12
150,0,353
500,0,353
500,0,12
2990,0,12
2990,0,12
3090,0,12
3090,0,11
3100,0,11
3105,0,11
>
>?t
0,0,12
150,0,12
150,0,312
500,0,312
500,0,12
2990,0,12
2990,0,12
3090,0,12
3090,0,11
3100,0,11
3105,0,11
>
>?t
0,0,12
150,0,12
150,0,312
500,0,312
500,0,12
2990,0,12
2990,0,12
3090,0,12
3090,0,11
3100,0,11
3105,0,11
>
>?t
0,0,12
150,0,12
150,0,312
500,0,312
500,0,12
2990,0,12
2990,0,12
3090,0,12
3090,0,11
3100,0,11
3105,0,11
>
>
>#
>#150,0
>#350,400
>#200,0
>#200,200
>#2090,0
>?t
0,0,12
150,0,12
150,0,305
500,0,305
500,0,12
700,0,12
700,0,158
900,0,158
900,0,12
2990,0,12
2990,0,12
3090,0,12
3090,0,11
3100,0,11
3105,0,11
>
>
>#
>#150,0
>#350,400
>#200,0
>#200,400
>#2090,0
>?t
0,0,0
150,0,0
150,0,0
500,0,0
500,0,0
700,0,0
700,0,0
900,0,0
900,0,0
2990,0,0
2990,0,0
3090,0,0
3090,0,0
3100,0,0
3105,0,0
>
>?t
0,0,12
150,0,12
150,0,270
500,0,270
500,0,12
700,0,12
700,0,270
900,0,270
900,0,12
2990,0,12
2990,0,12
3090,0,12
3090,0,11
3100,0,11
3105,0,11
>
>?t
0,0,12
150,0,12
150,0,329
500,0,329
500,0,12
700,0,12,
700,0,329
900,0,329
900,0,12
2990,0,12
2990,0,12
3090,0,12
3090,0,11
3100,0,11
3105,0,11
>
>
>#
>#150,0
>#350,400
>#200,0
>#200,400
>#2090,0
>?t
0,0,12
150,0,12
150,0,329
500,0,329
500,0,12
700,0,12
700,0,329
900,0,329
900,0,12
2990,0,12
2990,0,12
3090,0,12
3090,0,11
3100,0,11
3105,0,11
>
>?t
0,0,12
150,0,12
150,0,329
500,0,329
500,0,12
700,0,12
700,0,329
900,0,329
900,0,12
2990,0,12
2990,0,12
3090,0,12
3090,0,11
3100,0,11
3105,0,11
>
>?t
0,0,12
150,0,12
150,0,329
500,0,329
500,0,12
700,0,12
700,0,329
900,0,329
900,0,12
2990,0,12
2990,0,12
3090,0,12
3090,0,11
3100,0,11
3105,0,11
>
>?t
0,0,12
150,0,12
150,0,329
500,0,329
500,0,12
700,0,12
700,0,329
900,0,329
900,0,12
2990,0,12
2990,0,12
3090,0,12
3090,0,11
3100,0,11
3105,0,11
>
>?t
0,0,12
150,0,12
150,0,329
500,0,329
500,0,12
700,0,12
700,0,329
900,0,329
900,0,12
2990,0,12
2990,0,12
3090,0,12
3090,0,11
3100,0,11
3105,0,11
>
>?t
0,0,12
150,0,12
150,0,329
500,0,329
500,0,12
700,0,12
700,0,329
900,0,329
900,0,12
2990,0,12
2990,0,12
3090,0,12
3090,0,11
3100,0,11
3105,0,11
>
>?t
0,0,12
150,0,12
150,0,329
500,0,329
500,0,12
700,0,12
700,0,329
900,0,329
900,0,12
2990,0,12
2990,0,12
3090,0,12
3090,0,11
3100,0,11
3105,0,11
>
>?t
0,0,12
150,0,12
150,0,329
500,0,329
500,0,12
700,0,12
700,0,329
900,0,329
900,0,12
2990,0,12
2990,0,12
3090,0,12
3090,0,11
3100,0,11
3105,0,11
>
>
>#
>#30,0
>#10,509
>#10,506
>#10,504
>#10,501
>#10,498
>#10,495
>#10,493
>#10,490
>#10,487
>#10,484
>#10,482
>#10,479
>#10,476
>#10,473
>#10,471
>#10,468
>#10,465
>#10,462
>#10,460
>#10,457
>#80,0
>#10,432
>#10,430
>#10,427
>#10,424
>#10,421
>#10,419
>#10,416
>#10,413
>#10,410
>#10,408
>#10,405
>#10,402
>#10,399
>#10,397
>#10,394
>#10,391
>#10,388
>#10,386
>#10,383
>#10,380
>#90,0
>#10,353
>#10,350
>#10,347
>#10,345
>#10,342
>#10,339
>#10,336
>#10,334
>#10,331
>#10,328
>#10,325
>#10,323
>#10,320
>#10,317
>#10,314
>#10,312
>#10,309
>#10,306
>#10,303
>#10,301
>#310,0
>#10,509
>#10,506
>#10,504
>#10,501
>#10,498
>#10,495
>#10,493
>#10,490
>#10,487
>#10,484
>#10,482
>#10,479
>#10,476
>#10,473
>#10,471
>#10,468
>#10,465
>#10,462
>#10,460
>#10,457
>#80,0
>#10,432
>#10,430
>#10,427
>#10,424
>#10,421
>#10,419
>#10,416
>#10,413
>#10,410
>#10,408
>#10,405
>#10,402
>#10,399
>#10,397
>#10,394
>#10,391
>#10,388
>#10,386
>#10,383
>#10,380
>#90,0
>#10,353
>#10,350
>#10,347
>#10,345
>#10,342
>#10,339
>#10,336
>#10,334
>#10,331
>#10,328
>#10,325
>#10,323
>#10,320
>#10,317
>#10,314
>#10,312
>#10,309
>#10,306
>#10,303
>#10,301
>#310,0
>#10,509
>#10,506
>#10,504
>#10,501
>#10,498
>#10,495
>#10,493
>#10,490
>#10,487
>#10,484
>#10,482
>#10,479
>#10,476
>#10,473
>#10,471
>#10,468
>#10,465
>#10,462
>#10,460
>#10,457
>#80,0
>#10,432
>#10,430
>#10,427
>#10,424
>#10,421
>#10,419
>#10,416
>#10,413
>#10,410
>#10,408
>#10,405
>#10,402
>#10,399
>#10,397
>#10,394
>#10,391
>#10,388
>#10,386
>#10,383
>#10,380
>#90,0
>#10,353
>#10,350
>#10,347
>#10,345
>#10,342
>#10,339
>#10,336
>#10,334
>#10,331
>#10,328
>#10,325
>#10,323
>#10,320
>#10,317
>#10,314
>#10,312
>#10,309
>#10,306
>#10,303
>#10,301
>#20,0
>
>#
>#30,0
>#10,509
>#10,506
>#10,504
>#10,501
>#10,498
>#10,495
>#10,493
>#10,490
>#10,487
>#10,484
>#10,482
>#10,479
>#10,476
>#10,473
>#10,471
>#10,468
>#10,465
>#10,462
>#10,460
>#10,457
>#80,0
>#10,432
>#10,430
>#10,427
>#10,424
>#10,421
>#10,419
>#10,416
>#10,413
>#10,410
>#10,408
>#10,405
>#10,402
>#10,399
>#10,397
>#10,394
>#10,391
>#10,388
>#10,386
>#10,383
>#10,380
>#90,0
>#10,353
>#10,350
>#10,347
>#10,345
>#10,342
>#10,339
>#10,336
>#10,334
>#10,331
>#10,328
>#10,325
>#10,323
>#10,320
>#10,317
>#10,314
>#10,312
>#10,309
>#10,306
>#10,303
>#10,301
>#310,0
>#10,509
>#10,506
>#10,504
>#10,501
>#10,498
>#10,495
>#10,493
>#10,490
>#10,487
>#10,484
>#10,482
>#10,479
>#10,476
>#10,473
>#10,471
>#10,468
>#10,465
>#10,462
>#10,460
>#10,457
>#80,0
>#10,432
>#10,430
>#10,427
>#10,424
>#10,421
>#10,419
>#10,416
>#10,413
>#10,410
>#10,408
>#10,405
>#10,402
>#10,399
>#10,397
>#10,394
>#10,391
>#10,388
>#10,386
>#10,383
>#10,380
>#90,0
>#10,353
>#10,350
>#10,347
>#10,345
>#10,342
>#10,339
>#10,336
>#10,334
>#10,331
>#10,328
>#10,325
>#10,323
>#10,320
>#10,317
>#10,314
>#10,312
>#10,309
>#10,306
>#10,303
>#10,301
>#310,0
>#10,509
>#10,506
>#10,504
>#10,501
>#10,498
>#10,495
>#10,493
>#10,490
>#10,487
>#10,484
>#10,482
>#10,479
>#10,476
>#10,473
>#10,471
>#10,468
>#10,465
>#10,462
>#10,460
>#10,457
>#80,0
>#10,432
>#10,430
>#10,427
>#10,424
>#10,421
>#10,419
>#10,416
>#10,413
>#10,410
>#10,408
>#10,405
>#10,402
>#10,399
>#10,397
>#10,394
>#10,391
>#10,388
>#10,386
>#10,383
>#10,380
>#90,0
>#10,353
>#10,350
>#10,347
>#10,345
>#10,342
>#10,339
>#10,336
>#10,334
>#10,331
>#10,328
>#10,325
>#10,323
>#10,320
>#10,317
>#10,314
>#10,312
>#10,309
>#10,306
>#10,303
>#10,301
>#20,0
>?t
0,0,12
30,0,12
30,0,273
40,0,273
40,0,272
50,0,272
50,0,271
60,0,271
60,0,269
70,0,269
70,0,268
80,0,268
80,0,266
90,0,266
90,0,265
100,0,265
100,0,263
110,0,263
110,0,262
120,0,262
120,0,260
130,0,260
130,0,259
140,0,259
140,0,258
150,0,258
150,0,256
160,0,256
160,0,255
170,0,255
170,0,254
180,0,254
180,0,252
190,0,252
190,0,251
200,0,251
200,0,249
210,0,249
210,0,248
220,0,248
220,0,247
230,0,247
230,0,12
310,0,12
310,0,234
320,0,234
320,0,233
330,0,233
330,0,231
340,0,231
340,0,230
350,0,230
350,0,228
360,0,228
360,0,227
370,0,227
370,0,225
380,0,225
380,0,224
390,0,224
390,0,222
400,0,222
400,0,221
410,0,221
410,0,220
420,0,220
420,0,218
430,0,218
430,0,217
440,0,217
440,0,216
450,0,216
450,0,214
460,0,214
460,0,213
470,0,213
470,0,211
480,0,211
480,0,210
490,0,210
490,0,208
500,0,208
500,0,207
510,0,207
510,0,12
600,0,12
600,0,193
610,0,193
610,0,191
620,0,191
620,0,190
630,0,190
630,0,189
640,0,189
640,0,187
650,0,187
650,0,186
660,0,186
660,0,184
670,0,184
670,0,183
680,0,183
680,0,182
690,0,182
690,0,180
700,0,180
700,0,179
710,0,179
710,0,178
720,0,178
720,0,176
730,0,176
730,0,175
740,0,175
740,0,173
750,0,173
750,0,172
760,0,172
760,0,170
770,0,170
770,0,169
780,0,169
780,0,167
790,0,167
790,0,166
800,0,166
800,0,12
1110,0,12
1110,0,273
1120,0,273
1120,0,272
1130,0,272
1130,0,271
1140,0,271
1140,0,269
1150,0,269
1150,0,268
1160,0,268
1160,0,266
1170,0,266
1170,0,265
1180,0,265
1180,0,263
1190,0,263
1190,0,262
1200,0,262
1200,0,260
1210,0,260
1210,0,259
1220,0,259
1220,0,258
1230,0,258
1230,0,256
1240,0,256
1240,0,255
1250,0,255
1250,0,254
1260,0,254
1260,0,252
1270,0,252
1270,0,251
1280,0,251
1280,0,249
1290,0,249
1290,0,248
1300,0,248
1300,0,247
1310,0,247
1310,0,12
1390,0,12
1390,0,234
1400,0,234
1400,0,233
1410,0,233
1410,0,231
1420,0,231
1420,0,230
1430,0,230
1430,0,228
1440,0,228
1440,0,227
1450,0,227
1450,0,225
1460,0,225
1460,0,224
1470,0,224
1470,0,222
1480,0,222
1480,0,221
1490,0,221
1490,0,220
1500,0,220
1500,0,218
1510,0,218
1510,0,217
1520,0,217
1520,0,216
1530,0,216
1530,0,214
1540,0,214
1540,0,213
1550,0,213
1550,0,211
1560,0,211
1560,0,210
1570,0,210
1570,0,208
1580,0,208
1580,0,207
1590,0,207
1590,0,12
1680,0,12
1680,0,193
1690,0,193
1690,0,191
1700,0,191
1700,0,190
1710,0,190
1710,0,189
1720,0,189
1720,0,187
1730,0,187
1730,0,186
1740,0,186
1740,0,184
1750,0,184
1750,0,183
1760,0,183
1760,0,182
1770,0,182
1770,0,180
1780,0,180
1780,0,179
1790,0,179
1790,0,178
1800,0,178
1800,0,176
1810,0,176
1810,0,175
1820,0,175
1820,0,173
1830,0,173
1830,0,172
1840,0,172
1840,0,170
1850,0,170
1850,0,169
1860,0,169
1860,0,167
1870,0,167
1870,0,166
1880,0,166
1880,0,12
2190,0,12
2190,0,273
2200,0,273
2200,0,272
2210,0,272
2210,0,271
2220,0,271
2220,0,269
2230,0,269
2230,0,268
2240,0,268
2240,0,266
2250,0,266
2250,0,265
2260,0,265
2260,0,263
2270,0,263
2270,0,262
2280,0,262
2280,0,260
2290,0,260
2290,0,259
2300,0,259
2300,0,258
2310,0,258
2310,0,256
2320,0,256
2320,0,255
2330,0,255
2330,0,254
2340,0,254
2340,0,252
2350,0,252
2350,0,251
2360,0,251
2360,0,249
2370,0,249
2370,0,248
2380,0,248
2380,0,247
2390,0,247
2390,0,12
2470,0,12
2470,0,234
2480,0,234
2480,0,233
2490,0,233
2490,0,231
2500,0,231
2500,0,230
2510,0,230
2510,0,228
2520,0,228
2520,0,227
2530,0,227
2530,0,225
2540,0,225
2540,0,224
2550,0,224
2550,0,222
2560,0,222
2560,0,221
2570,0,221
2570,0,220
2580,0,220
2580,0,218
2590,0,218
2590,0,217
2600,0,217
2600,0,216
2610,0,216
2610,0,214
2620,0,214
2620,0,213
2630,0,213
2630,0,211
2640,0,211
2640,0,210
2650,0,210
2650,0,208
2660,0,208
2660,0,207
2670,0,207
2670,0,12
2760,0,12
2760,0,193
2770,0,193
2770,0,191
2780,0,191
2780,0,190
2790,0,190
2790,0,189
2800,0,189
2800,0,187
2810,0,187
2810,0,186
2820,0,186
2820,0,184
2830,0,184
2830,0,183
2840,0,183
2840,0,182
2850,0,182
2850,0,180
2860,0,180
2860,0,179
2870,0,179
2870,0,178
2880,0,178
2880,0,176
2890,0,176
2890,0,175
2900,0,175
2900,0,173
2910,0,173
2910,0,172
2920,0,172
2920,0,170
2930,0,170
2930,0,169
2940,0,169
2940,0,167
2950,0,167
2950,0,166
2960,0,166
2960,0,12
2980,0,12
2980,0,12
3080,0,12
3080,0,11
3090,0,11
3095,0,11
>
>
>#
>#30,0
>#10,509
>#10,506
>#10,504
>#10,501
>#10,498
>#10,495
>#10,493
>#10,490
>#10,487
>#10,484
>#10,482
>#10,479
>#10,476
>#10,473
>#10,471
>#10,468
>#10,465
>#10,462
>#10,460
>#10,457
>#80,0
>#10,432
>#10,430
>#10,427
>#10,424
>#10,421
>#10,419
>#10,416
>#10,413
>#10,410
>#10,408
>#10,405
>#10,402
>#10,399
>#10,397
>#10,394
>#10,391
>#10,388
>#10,386
>#10,383
>#10,380
>#90,0
>#10,353
>#10,350
>#10,347
>#10,345
>#10,342
>#10,339
>#10,336
>#10,334
>#10,331
>#10,328
>#10,325
>#10,323
>#10,320
>#10,317
>#10,314
>#10,312
>#10,309
>#10,306
>#10,303
>#10,301
>#310,0
>#10,509
>#10,506
>#10,504
>#10,501
>#10,498
>#10,495
>#10,493
>#10,490
>#10,487
>#10,484
>#10,482
>#10,479
>#10,476
>#10,473
>#10,471
>#10,468
>#10,465
>#10,462
>#10,460
>#10,457
>#80,0
>#10,432
>#10,430
>#10,427
>#10,424
>#10,421
>#10,419
>#10,416
>#10,413
>#10,410
>#10,408
>#10,405
>#10,402
>#10,399
>#10,397
>#10,394
>#10,391
>#10,388
>#10,386
>#10,383
>#10,380
>#90,0
>#10,353
>#10,350
>#10,347
>#10,345
>#10,342
>#10,339
>#10,336
>#10,334
>#10,331
>#10,328
>#10,325
>#10,323
>#10,320
>#10,317
>#10,314
>#10,312
>#10,309
>#10,306
>#10,303
>#10,301
>#310,0
>#10,509
>#10,506
>#10,504
>#10,501
>#10,498
>#10,495
>#10,493
>#10,490
>#10,487
>#10,484
>#10,482
>#10,479
>#10,476
>#10,473
>#10,471
>#10,468
>#10,465
>#10,462
>#10,460
>#10,457
>#80,0
>#10,432
>#10,430
>#10,427
>#10,424
>#10,421
>#10,419
>#10,416
>#10,413
>#10,410
>#10,408
>#10,405
>#10,402
>#10,399
>#10,397
>#10,394
>#10,391
>#10,388
>#10,386
>#10,383
>#10,380
>#90,0
>#10,353
>#10,350
>#10,347
>#10,345
>#10,342
>#10,339
>#10,336
>#10,334
>#10,331
>#10,328
>#10,325
>#10,323
>#10,320
>#10,317
>#10,314
>#10,312
>#10,309
>#10,306
>#10,303
>#10,301
>#20,0
>?t
0,0,12
30,0,12
30,0,254
40,0,254
40,0,253
50,0,253
50,0,252
60,0,252
60,0,250
70,0,250
70,0,249
80,0,249
80,0,247
90,0,247
90,0,246
100,0,246
100,0,245
110,0,245
110,0,244
120,0,244
120,0,242
130,0,242
130,0,241
140,0,241
140,0,240
150,0,240
150,0,238
160,0,238
160,0,237
170,0,237
170,0,236
180,0,236
180,0,235
190,0,235
190,0,233
200,0,233
200,0,232
210,0,232
210,0,231
220,0,231
220,0,229
230,0,229
230,0,12
310,0,12
310,0,217
320,0,217
320,0,216
330,0,216
330,0,215
340,0,215
340,0,214
350,0,214
35,0,212
360,0,212
360,0,211
370,0,211
370,0,210
380,0,210
380,0,208
390,0,208
390,0,207
400,0,207
400,0,206
410,0,206
410,0,205
420,0,205
420,0,203
430,0,203
430,0,202
440,0,202
440,0,201
450,0,201
450,0,199
460,0,199
460,0,198
470,0,198
470,0,196
480,0,196
480,0,195
490,0,195
490,0,194
500,0,194
500,0,193
510,0,193
510,0,12
600,0,12
600,0,180
610,0,180
610,0,178
620,0,178
620,0,177
630,0,177
630,0,176
640,0,176
640,0,175
650,0,175
650,0,173
660,0,173
660,0,172
670,0,172
670,0,171
680,0,171
680,0,169
690,0,169
690,0,168
700,0,168
700,0,166
710,0,166
710,0,165
720,0,165
720,0,164
730,0,164
730,0,163
740,0,163
740,0,161
750,0,161
750,0,160
760,0,160
760,0,159
770,0,159
770,0,157
780,0,157
780,0,156
790,0,156
790,0,155
800,0,155
800,0,12
1110,0,12
1110,0,254
1120,0,254
1120,0,253
1130,0,253
1130,0,252
1140,0,252
1140,0,250
1150,0,250
1150,0,249
1160,0,249
1160,0,247
1170,0,247
1170,0,246
1180,0,246
1180,0,245
1190,0,245
1190,0,244
1200,0,244
1200,0,242
1210,0,242
1210,0,241
1220,0,241
1220,0,240
1230,0,240
1230,0,238
1240,0,238
1240,0,237
1250,0,237
1250,0,236
1260,0,236
1260,0,235
1270,0,235
1270,0,233
1280,0,233
1280,0,232
1290,0,232
1290,0,231
1300,0,231
1300,0,229
1310,0,229
1310,0,12
1390,0,12
1390,0,217
1400,0,217
1400,0,216
1410,0,216
1410,0,215
1420,0,215
1420,0,214
1430,0,214
1430,0,212
1440,0,212
1440,0,211
1450,0,211
1450,0,210
1460,0,210
1460,0,208
1470,0,208
1470,0,207
1480,0,207
1480,0,206
1490,0,206
1490,0,205
1500,0,205
1500,0,203
1510,0,203
1510,0,202
1520,0,202
1520,0,201
1530,0,201
1530,0,199
1540,0,199
1540,0,198
1550,0,198
1550,0,196
1560,0,196
1560,0,195
1570,0,195
1570,0,194
1580,0,194
1580,0,193
1590,0,193
1590,0,12
1680,0,12
1680,0,180
1690,0,180
1690,0,178
1700,0,178
1700,0,177
1710,0,177
1710,0,176
1720,0,176
1720,0,175
1730,0,175
1730,0,173
1740,0,173
1740,0,172
1750,0,172
1750,0,171
1760,0,171
1760,0,169
1770,0,169
1770,0,168
1780,0,168
1780,0,166
1790,0,166
1790,0,165
1800,0,165
1800,0,164
1810,0,164
1810,0,163
1820,0,163
1820,0,161
1830,0,161
1830,0,160
1840,0,160
1840,0,159
1850,0,159
1850,0,157
1860,0,157
1860,0,156
1870,0,156
1870,0,155
1880,0,155
1880,0,12
2190,0,12
2190,0,254
2200,0,254
2200,0,253
2210,0,253
2210,0,252
2220,0,252
2220,0,250
2230,0,250
2230,0,249
2240,0,249
2240,0,247
2250,0,247
2250,0,246
2260,0,246
2260,0,245
2270,0,245
2270,0,244
2280,0,244
2280,0,242
2290,0,242
2290,0,241
2300,0,241
2300,0,240
2310,0,240
2310,0,238
2320,0,238
2320,0,237
2330,0,237
2330,0,236
2340,0,236
2340,0,235
2350,0,235
2350,0,233
2360,0,233
2360,0,232
2370,0,232
2370,0,231
2380,0,231
2380,0,229
2390,0,229
2390,0,12
2470,0,12
2470,0,217
2480,0,217
2480,0,216
2490,0,216
2490,0,215
2500,0,215
2500,0,214
2510,0,214
2510,0,212
2520,0,212
2520,0,211
2530,0,211
2530,0,210
2540,0,210
2540,0,208
2550,0,208
2550,0,207
2560,0,207
2560,0,206
2570,0,206
2570,0,205
2580,0,205
2580,0,203
2590,0,203
2590,0,202
2600,0,202
2600,0,201
2610,0,201
2610,0,199
2620,0,199
2620,0,198
2630,0,198
2030,0,196
2640,0,196
2640,0,195
2650,0,195
2650,0,194
2660,0,194
2660,0,193
2670,0,193
2670,0,12
2760,0,12
2760,0,180
2770,0,180
2770,0,178
2780,0,178
2780,0,177
2790,0,177
2790,0,176
2800,0,176
2800,0,175
2810,0,175
2810,0,173
2820,0,173
2820,0,172
2830,0,172
2830,0,171
2840,0,171
2040,0,169
2850,0,169
2850,0,168
2860,0,168
2860,0,166
2870,0,166
2870,0,165
2880,0,165
2880,0,164
2890,0,164
2890,0,163
2900,0,163
2900,0,161
2910,0,161
2910,0,160
2920,0,160
2920,0,159
2930,0,159
2930,0,157
2940,0,157
2940,0,156
2950,0,156
2950,0,155
2960,0,155
2960,0,12
2980,0,12
2980,0,12
3080,0,12
3080,0,11
3090,0,11
3095,0,11
>
>?t
0,0,12
30,0,12
30,0,254
40,0,254
40,0,253
50,0,253
50,0,252
60,0,252
60,0,250
70,0,250
70,0,249
80,0,249
80,0,247
90,0,247
90,0,246
100,0,246
100,0,245
110,0,245
110,0,244
120,0,244
120,0,242
130,0,242
130,0,241
140,0,241
140,0,240
150,0,240
150,0,238
160,0,238
160,0,237
170,0,237
170,0,236
180,0,236
180,0,235
190,0,235
190,0,233
200,0,233
200,0,232
210,0,232
210,0,231
220,0,231
220,0,229
230,0,229
230,0,12
310,0,12
310,0,217
320,0,217
320,0,216
330,0,216
330,0,215
340,0,215
340,0,214
350,0,214
350,0,212
360,0,212
360,0,211
370,0,211
370,0,210
380,0,210
380,0,208
390,0,208
390,0,207
400,0,207
400,0,206
410,0,206
410,0,205
420,0,205
420,0,203
430,0,203
430,0,202
440,0,202
440,0,201
450,0,201
450,0,199
460,0,199
460,0,198
470,0,198
470,0,196
480,0,196
480,0,195
490,0,195
490,0,194
500,0,194
500,0,193
510,0,193
510,0,12
600,0,12
600,0,180
610,0,180
610,0,178
620,0,178
620,0,177
630,0,177
630,0,176
640,0,176
640,0,175
650,0,175
650,0,173
660,0,173
660,0,172
670,0,172
670,0,171
680,0,171
680,0,169
690,0,169
690,0,168
700,0,168
700,0,166
710,0,166
710,0,165
720,0,165
720,0,164
730,0,164
730,0,163
740,0,163
740,0,161
750,0,161
750,0,160
760,0,160
760,0,159
770,0,159
770,0,157
780,0,157
780,0,156
790,0,156
790,0,155
800,0,155
800,0,12
1110,0,12
1110,0,254
1120,0,254
1120,0,253
1130,0,253
1130,0,252
1140,0,252
1140,0,250
1150,0,250
1150,0,249
1160,0,249
1160,0,247
1170,0,247
1170,0,246
1180,0,246
1180,0,245
1190,0,245
1190,0,244
1200,0,244
1200,0,242
1210,0,242
1210,0,241
1220,0,241
1220,0,240
1230,0,240
1230,0,238
1240,0,238
1240,0,237
1250,0,237
1250,0,236
1260,0,236
1260,0,235
1270,0,235
1270,0,233
1280,0,233
1280,0,232
1290,0,232
1290,0,231
1300,0,231
1300,0,229
1310,0,229
1310,0,12
1390,0,12
1390,0,217
1400,0,217
1400,0,216
1410,0,216
1410,0,215
1420,0,215
1420,0,214
1430,0,214
1430,0,212
1440,0,212
1440,0,211
1450,0,211
1450,0,210
1460,0,210
1460,0,208
1470,0,208
1470,0,207
1480,0,207
1480,0,206
1490,0,206
1490,0,205
1500,0,205
1500,0,203
1510,0,203
1510,0,202
1520,0,202
1520,0,201
1530,0,201
1530,0,199
1540,0,199
1540,0,198
1550,0,198
1550,0,196
1560,0,196
1560,0,195
1570,0,195
1570,0,194
1580,0,194
1580,0,193
1590,0,193
1590,0,12
1680,0,12
1680,0,180
1690,0,180
1690,0,178
1700,0,178
1700,0,177
1710,0,177
1710,0,176
1720,0,176
1720,0,175
1730,0,175
1730,0,173
1740,0,173
1740,0,172
1750,0,172
1750,0,171
1760,0,171
1760,0,169
1770,0,169
1770,0,168
1780,0,168
1780,0,166
1790,0,166
1790,0,165
1800,0,165
1800,0,164
1810,0,164
1810,0,163
1820,0,163
1820,0,161
1830,0,161
1830,0,160
1840,0,160
1840,0,159
1050,0,159
1850,0,157
1860,0,157
1860,0,156
1870,0,156
1870,0,155
1880,0,155
1880,0,12
2190,0,12
2190,0,254
2200,0,254
2200,0,253
2210,0,253
2210,0,252
2220,0,252
2220,0,250
2230,0,250
2230,0,249
2240,0,249
2240,0,247
2250,0,247
2250,0,246
2260,0,246
2260,0,245
2270,0,245
2270,0,244
2280,0,244
2280,0,242
2290,0,242
2290,0,241
2300,0,241
2300,0,240
2310,0,240
2310,0,238
2320,0,238
2320,0,237
2330,0,237
2330,0,236
2340,0,236
2340,0,235
2350,0,235
2350,0,233
2360,0,233
2360,0,232
2370,0,232
2370,0,231
2380,0,231
2380,0,229
2390,0,229
2390,0,12
2470,0,12
2470,0,217
2480,0,217
2480,0,216
2490,0,216
2490,0,215
2500,0,215
2500,0,214
2510,0,214
2510,0,212
2520,0,212
2520,0,211
2530,0,211
2530,0,210
2540,0,210
2540,0,208
2550,0,208
2550,0,207
2560,0,207
2560,0,206
2570,0,206
2570,0,205
2580,0,205
2580,0,203
2590,0,203
2590,0,202
2600,0,202
2600,0,201
2610,0,201
2610,0,199
2620,0,199
2620,0,198
2630,0,198
2630,0,196
2640,0,196
2640,0,195
2650,0,195
2650,0,194
2660,0,194
2660,0,193
2670,0,193
2670,0,12
2760,0,12
2760,0,180
2770,0,180
2770,0,178
2780,0,178
2780,0,177
2790,0,177
2790,0,176
2800,0,176
2800,0,175
2810,0,175
2810,0,173
2820,0,173
2820,0,172
2830,0,172
2830,0,171
2840,0,171
2840,0,169
2850,0,169
2850,0,168
2860,0,168
2860,0,166
2870,0,166
2870,0,165
2880,0,165
2880,0,164
2890,0,164
2890,0,163
2900,0,163
2900,0,161
2910,0,161
2910,0,160
2920,0,160
2920,0,159
2930,0,159
2930,0,157
2940,0,157
2940,0,156
2950,0,156
2950,0,155
2960,0,155
2960,0,12
2980,0,12
2980,0,12
3080,0,12
3080,0,11
3090,0,11
3095,0,11
>
>