
>v 1.04 Nov 13 2014, <C29FBC2E>
>
>
>+D 2 1
>
>
>
>
>.0201
>:2918 20  02 01
>40.<<..00.81.00.00.00.00.00
>40.<<..00.81.00.00.00.00.00
>
>
>.03010000030000
>:8707 20  03 01 00 00 03 00 00
>40.<<..00.81.00.00.01.00.00
>? ... SWR reset
>-l d0,d1,d2,d3,,d4,d5,d6,d7
>
>-l
>
>
>
>u 700,500,780... WTF(4)
>
>s 180,180,50
>
>
>
>-u h
>
>+m 9,10,11
>
>
>
>q 250,250,36,70,105
>
>q 250,250,36,100,175
>
>q 250,230,36,50,50
>
>
>
>-P
>Packing sectors... 0% Done
>
>
>
>