
>v 1.04 Nov 13 2014, <C29FBC2E>
>
>#
>#200,0
>#10,226
>#10,230
>#10,233
>#10,236
>#10,239
>#10,242
>#10,246
>#10,249
>#10,252
>#10,256
>#10,259
>#10,262
>#10,265
>#10,268
>#10,272
>#10,275
>#10,278
>#10,282
>#10,285
>#10,288
>#10,291
>#10,294
>#10,298
>#10,301
>#10,304
>#10,310
>#10,312
>#10,314
>#10,316
>#10,318
>#50,530
>#50,0
>#50,530
>#50,0
>#50,530
>#50,0
>#50,530
>#50,0
>#50,530
>#50,0
>#50,530
>#50,0
>#50,530
>#830,0
>
>#
>#200,0
>#10,226
>#10,230
>#10,233
>#10,236
>#10,239
>#10,242
>#10,246
>#10,249
>#10,252
>#10,256
>#10,259
>#10,262
>#10,265
>#10,268
>#10,272
>#10,275
>#10,278
>#10,282
>#10,285
>#10,288
>#10,291
>#10,294
>#10,298
>#10,301
>#10,304
>#10,310
>#10,312
>#10,314
>#10,316
>#10,318
>#50,530
>#50,0
>#50,530
>#50,0
>#50,530
>#50,0
>#50,530
>#50,0
>#50,530
>#50,0
>#50,530
>#50,0
>#50,530
>#830,0
>
>#
>#200,0
>#10,226
>#10,230
>#10,233
>#10,236
>#10,239
>#10,242
>#10,246
>#10,249
>#10,252
>#10,256
>#10,259
>#10,262
>#10,265
>#10,268
>#10,272
>#10,275
>#10,278
>#10,282
>#10,285
>#10,288
>#10,291
>#10,294
>#10,298
>#10,301
>#10,304
>#10,310
>#10,312
>#10,314
>#10,316
>#10,318
>#50,530
>#50,0
>#50,530
>#50,0
>#50,530
>#50,0
>#50,530
>#50,0
>#50,530
>#50,0
>#50,530
>#50,0
>#50,530
>#830,0
>
>#
>#200,0
>#10,226
>#10,230
>#10,233
>#10,236
>#10,239
>#10,242
>#10,246
>#10,249
>#10,252
>#10,256
>#10,259
>#10,262
>#10,265
>#10,268
>#10,272
>#10,275
>#10,278
>#10,282
>#10,285
>#10,288
>#10,291
>#10,294
>#10,298
>#10,301
>#10,304
>#10,310
>#10,312
>#10,314
>#10,316
>#10,318
>#50,530
>#50,0
>#50,530
>#50,0
>#50,530
>#50,0
>#50,530
>#50,0
>#50,530
>#50,0
>#50,530
>#50,0
>#50,530
>#830,0
>
>#
>#200,0
>#10,226
>#10,230
>#10,233
>#10,236
>#10,239
>#10,242
>#10,246
>#10,249
>#10,252
>#10,256
>#10,259
>#10,262
>#10,265
>#10,268
>#10,272
>#10,275
>#10,278
>#10,282
>#10,285
>#10,288
>#10,291
>#10,294
>#10,298
>#10,301
>#10,304
>#10,310
>#10,312
>#10,314
>#10,316
>#10,318
>#50,530
>#50,0
>#50,530
>#50,0
>#50,530
>#50,0
>#50,530
>#50,0
>#50,530
>#50,0
>#50,530
>#50,0
>#50,530
>#830,0
>
>#
>#200,0
>#10,226
>#10,230
>#10,233
>#10,236
>#10,239
>#10,242
>#10,246
>#10,249
>#10,252
>#10,256
>#10,259
>#10,262
>#10,265
>#10,268
>#10,272
>#10,275
>#10,278
>#10,282
>#10,285
>#10,288
>#10,291
>#10,294
>#10,298
>#10,301
>#10,304
>#10,310
>#10,312
>#10,314
>#10,316
>#10,318
>#50,530
>#50,0
>#50,530
>#50,0
>#50,530
>#50,0
>#50,530
>#50,0
>#50,530
>#50,0
>#50,530
>#50,0
>#50,530
>#830,0
>
>
>
>
>s2
>p 100,400
>
>
>t
0,0,0
200,0,0
200,0,0
210,0,0
210,0,0
220,0,0
220,0,0
230,0,0
230,0,0
240,0,0
240,0,0
250,0,0
250,0,0
260,0,0
260,0,0
270,0,0
270,0,0
280,0,0
280,0,0
290,0,0
290,0,0
300,0,0
300,0,0
310,0,0
310,0,0
320,0,0
320,0,0
330,0,0
330,0,0
340,0,0
340,0,0
350,0,0
350,0,0
360,0,0
360,0,0
370,0,0
370,0,0
380,0,0
380,0,0
390,0,0
390,0,0
400,0,0
400,0,0
410,0,0
410,0,0
420,0,0
420,0,0
430,0,0
430,0,0
440,0,0
440,0,0
450,0,0
450,0,0
460,0,0
460,0,0
470,0,0
470,0,0
480,0,0
480,0,0
490,0,0
490,0,0
500,0,0
500,0,0
550,0,0
550,0,0
600,0,0
600,0,0
650,0,0
650,0,0
700,0,0
700,0,0
750,0,0
750,0,0
800,0,0
800,0,0
850,0,0
850,0,0
900,0,0
900,0,0
950,0,0
950,0,0
1000,0,0
1000,0,0
1050,0,0
1050,0,0
1100,0,0
1100,0,0
1150,0,0
1150,0,0
1980,0,0
1980,0,0
2080,0,0
2080,0,0
2090,0,0
2095,0,0
>
>p 100,400
>t
0,0,0
200,0,0
200,0,0
210,0,0
210,0,0
220,0,0
220,0,0
230,0,0
230,0,0
240,0,0
240,0,0
250,0,0
250,0,0
260,0,0
260,0,0
270,0,0
270,0,0
280,0,0
280,0,0
290,0,0
290,0,0
300,0,0
300,0,0
310,0,0
310,0,0
320,0,0
320,0,0
330,0,0
330,0,0
340,0,0
340,0,0
350,0,0
350,0,0
360,0,0
360,0,0
370,0,0
370,0,0
380,0,0
380,0,0
390,0,0
390,0,0
400,0,0
400,0,0
410,0,0
410,0,0
420,0,0
420,0,0
430,0,0
430,0,0
440,0,0
440,0,0
450,0,0
450,0,0
460,0,0
460,0,0
470,0,0
470,0,0
480,0,0
480,0,0
490,0,0
490,0,0
500,0,0
500,0,0
550,0,0
550,0,0
600,0,0
600,0,0
650,0,0
650,0,0
700,0,0
700,0,0
750,0,0
750,0,0
800,0,0
800,0,0
850,0,0
850,0,0
900,0,0
900,0,0
950,0,0
950,0,0
1000,0,0
1000,0,0
1050,0,0
1050,0,0
1100,0,0
1100,0,0
1150,0,0
1150,0,0
1980,0,0
1980,0,0
2080,0,0
2080,0,0
2090,0,0
2095,0,0
>
>
>t
0,0,0
200,0,0
200,0,0
210,0,0
210,0,0
220,0,0
220,0,0
230,0,0
230,0,0
240,0,0
240,0,0
250,0,0
250,0,0
260,0,0
260,0,0
270,0,0
270,0,0
280,0,0
280,0,0
290,0,0
290,0,0
300,0,0
300,0,0
310,0,0
310,0,0
320,0,0
320,0,0
330,0,0
330,0,0
340,0,0
340,0,0
350,0,0
350,0,0
360,0,0
360,0,0
370,0,0
370,0,0
380,0,0
380,0,0
390,0,0
390,0,0
400,0,0
400,0,0
410,0,0
410,0,0
420,0,0
420,0,0
430,0,0
430,0,0
440,0,0
440,0,0
450,0,0
450,0,0
460,0,0
460,0,0
470,0,0
470,0,0
480,0,0
480,0,0
490,0,0
490,0,0
500,0,0
500,0,0
550,0,0
550,0,0
600,0,0
600,0,0
650,0,0
650,0,0
700,0,0
700,0,0
750,0,0
750,0,0
800,0,0
800,0,0
850,0,0
850,0,0
900,0,0
900,0,0
950,0,0
950,0,0
1000,0,0
1000,0,0
1050,0,0
1050,0,0
1100,0,0
1100,0,0
1150,0,0
1150,0,0
1980,0,0
1980,0,0
2080,0,0
2080,0,0
2090,0,0
2095,0,0
>
>