
>v 1.13 Nov 16 2015, <74A3C5F9>
>
>
>
>
>?-l d0,d1,d2,d3,,d4,d5,d6,d7
>
>-l
>
>
>
>u 700,500,780
>
>s 180,180,40
>
>
>
>-u h
>
>+m 9,10,11
>
>
>
>q 250,250,36,70,105
>
>q 250,250,36,100,175
>
>q 250,230,36,50,50
>
>
>
>-P
>Packing sectors... 0% Done
>
>
>
>
>
>
>#
>#100,0
>#100,200
>#100,0
>#100,195
>#100,0
>#100,197
>#100,0
>#300,401
>#1990,0
>?t
0,0,12
100,0,12
100,0,162
200,0,162
200,0,12
300,0,12
300,0,158
400,0,158
400,0,12
500,0,12
500,0,159
600,0,159
600,0,12
700,0,12
700,0,313
1000,0,313
1000,0,12
2990,0,12
2990,0,12
3090,0,12
3090,0,11
3100,0,11
3105,0,11
>
>?t
0,0,0
100,0,0
100,0,0
200,0,0
200,0,0
300,0,0
300,0,0
400,0,0
400,0,0
500,0,0
500,0,0
600,0,0
600,0,0
700,0,0
700,0,0
1000,0,0
1000,0,0
2990,0,0
2990,0,0
3090,0,0
3090,0,0
3100,0,0
3105,0,0
>
>?t
0,0,0
100,0,0
100,0,0
200,0,0
200,0,0
300,0,0
300,0,0
400,0,0
400,0,0
500,0,0
500,0,0
600,0,0
600,0,0
700,0,0
700,0,0
1000,0,0
1000,0,0
2990,0,0
2990,0,0
3090,0,0
3090,0,0
3100,0,0
3105,0,0
>
>?t
0,0,0
100,0,0
100,0,0
200,0,0
200,0,0
300,0,0
300,0,0
400,0,0
400,0,0
500,0,0
500,0,0
600,0,0
600,0,0
700,0,0
700,0,0
1000,0,0
1000,0,0
2990,0,0
2990,0,0
3090,0,0
3090,0,0
3100,0,0
3105,0,0
>
>?t
0,0,0
100,0,0
100,0,0
200,0,0
200,0,0
300,0,0
300,0,0
400,0,0
400,0,0
500,0,0
500,0,0
600,0,0
600,0,0
700,0,0
700,0,0
1000,0,0
1000,0,0
2990,0,0
2990,0,0
3090,0,0
3090,0,0
3100,0,0
3105,0,0
>
>?t
0,0,12
100,0,12
100,0,156
200,0,156
200,0,12
300,0,12
300,0,152
400,0,152
400,0,12
500,0,12
500,0,153
600,0,153
600,0,12
700,0,12
700,0,300
1000,0,300
1000,0,12
2990,0,12
2990,0,12
3090,0,12
3090,0,11
3100,0,11
3105,0,11
>
>?t
0,0,12
100,0,12
100,0,143
200,0,143
200,0,12
300,0,12
300,0,140
400,0,140
400,0,12
500,0,12
500,0,142
600,0,142
600,0,12
700,0,12
700,0,276
1000,0,276
1000,0,12
2990,0,12
2990,0,12
3090,0,12
3090,0,11
3100,0,11
3105,0,11
>
>?t
0,0,12
100,0,12
100,0,199
200,0,199
200,0,12
300,0,12
300,0,194
400,0,194
400,0,12
500,0,12
500,0,196
600,0,196
600,0,12
700,0,12
700,0,388
1000,0,388
1000,0,12
2990,0,12
2990,0,12
3090,0,12
3090,0,11
3100,0,11
3105,0,11
>
>?t
0,0,0
100,0,0
100,0,0
200,0,0
200,0,0
300,0,0
300,0,0
400,0,0
400,0,0
500,0,0
500,0,0
600,0,0
600,0,0
700,0,0
700,0,0
1000,0,0
1000,0,0
2990,0,0
2990,0,0
3090,0,0
3090,0,0
3100,0,0
3105,0,0
>
>