
>v 1.04 Nov 12 2014, <EBBA1CD8>
>
>
>
>
>
>t
0,0,12
100,0,12
100,0,269
200,0,269
200,0,12
300,0,12
300,0,10
310,0,10
315,0,10
>
>
>
>t
0,0,12
100,0,12
100,0,269
200,0,269
200,0,12
300,0,12
300,0,10
310,0,10
315,0,10
>
>
>t
0,0,12
100,0,12
100,0,269
200,0,269
200,0,12
300,0,12
300,0,10
310,0,10
315,0,10
>
>t
0,0,12
100,0,12
100,0,269
200,0,269
200,0,12
300,0,12
300,0,10
310,0,10
315,0,10
>
>
>t
0,0,12
100,0,12
100,0,269
200,0,269
200,0,12
300,0,12
300,0,10
310,0,10
315,0,10
>
>
>
>t
0,0,12
100,0,12
100,0,269
200,0,269
200,0,12
300,0,12
300,0,10
310,0,10
315,0,10
>
>
>
>t
0,0,12
100,0,12
100,0,269
200,0,269
200,0,12
300,0,12
300,0,10
310,0,10
315,0,10
>
>
>
>t
0,0,12
100,0,12
100,0,269
200,0,269
200,0,12
300,0,12
300,0,10
310,0,10
315,0,10
>
>t
0,0,12
100,0,12
100,0,269
200,0,269
200,0,12
300,0,12
300,0,10
310,0,10
315,0,10
>
>[15~... WTF(1)
>
>
>
>
>
>t
0,0,12
100,0,12
100,0,269
200,0,269
200,0,12
300,0,12
300,0,10
310,0,10
315,0,10
>
>
>
>
>
>
>t
0,0,12
100,0,12
100,0,269
200,0,269
200,0,12
300,0,12
300,0,10
310,0,10
315,0,10
>
>
>t
0,0,12
100,0,12
100,0,269
200,0,269
200,0,12
300,0,12
300,0,10
310,0,10
315,0,10
>
>t
0,0,12
100,0,12
100,0,269
200,0,269
200,0,12
300,0,12
300,0,10
310,0,10
315,0,10
>
>