Build started 5/28/2014 12:41:04.
     1>Project "c:\Users\MOCNIK\documents\visual studio 2010\Projects\pwmtabcpp\pwmtabcpp\pwmtabcpp.vcxproj" on node 2 (build target(s)).
     1>InitializeBuildStatus:
         Creating "Debug\pwmtabcpp.unsuccessfulbuild" because "AlwaysCreate" was specified.
       ClCompile:
         All outputs are up-to-date.
         All outputs are up-to-date.
         C:\Program Files (x86)\Microsoft Visual Studio 10.0\VC\bin\CL.exe /c /I"C:\Users\MOCNIK\Documents\STM32_USB-Host-Device_Lib_V2.1.0\Project\FatFs" /I"C:\Users\MOCNIK\Documents\STM32_USB-Host-Device_Lib_V2.1.0\Project\Pfm6Ctrl\inc" /I"C:\Users\MOCNIK\Documents\STM32_USB-Host-Device_Lib_V2.1.0\Project\Pfm6Ctrl\inc\app" /ZI /nologo /W3 /WX- /Od /Oy- /D WIN32 /D _DEBUG /D _WINDOWS /D _USRDLL /D PWMTABCPP_EXPORTS /D _WINDLL /D _UNICODE /D UNICODE /Gm /EHsc /RTC1 /MDd /GS /fp:precise /Zc:wchar_t /Zc:forScope /Yu"StdAfx.h" /Fp"Debug\pwmtabcpp.pch" /Fo"Debug\\" /Fd"Debug\vc100.pdb" /Gd /TP /analyze- /errorReport:prompt pwmtabcpp.cpp
         pwmtabcpp.cpp
       ManifestResourceCompile:
         All outputs are up-to-date.
       Link:
         C:\Program Files (x86)\Microsoft Visual Studio 10.0\VC\bin\link.exe /ERRORREPORT:PROMPT /OUT:"c:\users\mocnik\documents\visual studio 2010\Projects\pwmtabcpp\Debug\pwmtabcpp.dll" /INCREMENTAL /NOLOGO kernel32.lib user32.lib gdi32.lib winspool.lib comdlg32.lib advapi32.lib shell32.lib ole32.lib oleaut32.lib uuid.lib odbc32.lib odbccp32.lib /MANIFEST /ManifestFile:"Debug\pwmtabcpp.dll.intermediate.manifest" /MANIFESTUAC:"level='asInvoker' uiAccess='false'" /DEBUG /PDB:"c:\users\mocnik\documents\visual studio 2010\Projects\pwmtabcpp\Debug\pwmtabcpp.pdb" /SUBSYSTEM:WINDOWS /TLBID:1 /DYNAMICBASE /NXCOMPAT /IMPLIB:"c:\users\mocnik\documents\visual studio 2010\Projects\pwmtabcpp\Debug\pwmtabcpp.lib" /MACHINE:X86 /DLL Debug\pwmtabcpp.dll.embed.manifest.res
         Debug\dllmain.obj
         Debug\pwmtabcpp.obj
         Debug\stdafx.obj
       Manifest:
         C:\Program Files (x86)\Microsoft SDKs\Windows\v7.0A\bin\mt.exe /nologo /verbose /out:"Debug\pwmtabcpp.dll.embed.manifest" /manifest Debug\pwmtabcpp.dll.intermediate.manifest
         All outputs are up-to-date.
       LinkEmbedManifest:
         All outputs are up-to-date.
         pwmtabcpp.vcxproj -> c:\users\mocnik\documents\visual studio 2010\Projects\pwmtabcpp\Debug\pwmtabcpp.dll
       FinalizeBuildStatus:
         Deleting file "Debug\pwmtabcpp.unsuccessfulbuild".
         Touching "Debug\pwmtabcpp.lastbuildstate".
     1>Done Building Project "c:\Users\MOCNIK\documents\visual studio 2010\Projects\pwmtabcpp\pwmtabcpp\pwmtabcpp.vcxproj" (build target(s)).

Build succeeded.

Time Elapsed 00:00:00.40
