
>
>
>
>
>
>v 2 Jul  1 2014, <791ED425>
>
>
>v 2 Jul  1 2014, <791ED425>
>v 2 Jul  1 2014, <791ED425>
>v 2 Jul  1 2014, <791ED425>
>v 2 Jul  1 2014, <791ED425>
>v 2 Jul  1 2014, <791ED425>
>t
0,0,0
100,0,0
100,0,0
900,0,0
900,2,2
910,2,2
915,2,2
>
>
>
>
>
>
>s1
>p 100,400
>
>
>
>u 200
>p 100,60
>s1
>t
0,0,12
100,0,12
100,0,192
200,0,192
200,0,12
300,0,12
300,0,12
1100,0,12
1100,10,10
1110,10,10
1115,10,10
>
>
>
>t
0,0,12
100,0,12
100,0,192
200,0,192
200,0,12
300,0,12
300,0,12
1100,0,12
1100,10,10
1110,10,10
1115,10,10
>
>
>p 100,60,1
>t
0,0,12
100,0,12
100,0,192
200,0,192
200,0,12
300,0,12
300,0,12
1100,0,12
1100,10,10
1110,10,10
1115,10,10
>
>