
>
>v 1 Jul 11 2014, <C1459854>
>a 36448,15632,33776,15408
>a 36368,15552,33616,15360
>a 36288,15408,33504,15344
>a 36272,15632,33456,15264
>a 36176,15536,33376,15344
>a 36208,15568,33328,15264
>a 36096,15648,33280,15264
>a 36000,15536,33248,15344
>a 35856,15520,33152,15344
>a 35952,15488,33104,15344
>a 35728,15552,33056,15328
>a 35728,15504,33104,15328
>a 35696,15536,32944,15216
>a 35584,15536,32816,15344
>a 35600,15568,32816,15328
>a 35456,15568,32864,15344
>a 35456,15536,32688,15296
>a 35296,15632,32592,15328
>a 35248,15568,32576,15440
>p 5,90
>a 35152,15536,32512,15312
>a 35120,15536,32464,15344
>a 35072,15568,32496,15360
>a 34976,15488,32320,15344
>a 34912,15520,32224,15408
>a 34928,15536,32224,15424
>a 34720,15536,32160,15328
>a 34672,15568,32096,15296
>p 5,0
>a 34336,15504,31264,15312
>a 33968,15408,30944,15344
>a 33616,15552,30560,15328
>a 33296,15504,30288,15328
>a 33024,15488,29872,15232
>a 32688,15520,29616,15312
>a 32336,15536,29312,15344
>a 32192,15488,28992,15312
>a 31888,15504,28800,15296
>a 31664,15472,28400,15312
>a 31472,15536,28272,15168
>a 31200,15456,27920,15328
>p 5,90
>a 31408,15456,28528,15312
>a 31376,15600,28576,15376
>a 31408,15472,28432,15328
>a 31392,15472,28512,15392
>a 31408,15424,28496,15312
>a 31408,15552,28512,15264
>a 31408,15568,28496,15280
>p 5,0
>a 31248,15488,27680,15312
>a 30864,15456,27504,15280
>a 30640,15504,27232,15248
>a 30384,15504,27024,15280
>a 30288,15536,26880,15296
>a 30000,15520,26512,15296
>a 29776,15536,26336,15296
>a 29616,15536,26096,15344
>a 29456,15584,25904,15264
>a 29200,15472,25648,15216
>a 29104,15520,25616,15264
>a 28976,15488,25296,15280
>a 28784,15472,25056,15264
>a 28528,15504,24896,15280
>a 28448,15504,24688,15296
>a 28288,15504,24640,15264
>a 28208,15520,24448,15264
>a 28032,15456,24176,15200
>a 27792,15504,24016,15312
>a 27792,15456,23856,15184
>a 27680,15520,23664,15264
>a 27616,15472,23536,15296
>a 27456,15488,23424,15344
>a 27296,15488,23344,15152
>a 27168,15712,23136,15232
>a 27056,15616,22944,15344
>a 26928,15440,22800,15248
>a 26848,15488,22592,15280
>a 26736,15456,22576,15248
>a 26496,15504,22384,15344
>a 26480,15504,22224,15280
>a 26352,15488,22144,15248
>a 26288,15456,22064,15296
>a 26192,15440,21904,15216
>a 26112,15648,21840,15232
>a 25952,15568,21712,15184
>a 25952,15600,21808,15264
>a 25824,15616,21488,15248
>a 25744,15472,21392,15232
>a 25664,15456,21360,15264
>a 25584,15472,21152,15264
>a 25472,15488,21072,15328
>a 25408,15440,20992,15232
>a 25312,15440,20912,15232
>a 25248,15520,20784,15264
>a 25184,15552,20784,15264
>a 25072,15456,20672,15296
>a 24976,15456,20640,15216
>a 24944,15472,20480,15248
>a 24912,15408,20512,15280
>a 24784,15488,20288,15200
>a 24736,15504,20208,15248
>a 24592,15440,20160,15232
>a 24560,15568,20064,15232
>a 24368,15408,20016,15328
>a 24432,15504,19936,15248
>a 24304,15472,19840,15216
>a 24400,15504,19744,15248
>a 24112,15584,19728,15120
>a 24160,15488,19664,15232
>a 24192,15424,19696,15184
>a 24048,15600,19536,15232
>a 23952,15472,19472,15232
>a 23920,15472,19344,15216
>a 23840,15456,19392,15232
>a 23904,15488,19360,15248
>a 23712,15504,19200,15248
>a 23664,15440,19152,15104
>a 23728,15472,19120,15248
>a 23600,15552,19024,15216
>a 23536,15456,18992,15216
>a 23472,15504,18992,15232
>a 23392,15472,18880,15216
>a 23344,15472,18672,15200
>a 23344,15456,18752,15216
>a 23200,15424,18672,15248
>a 23184,15456,18688,15216
>a 23120,15488,18672,15200
>a 23200,15568,18640,15232
>a 23072,15472,18592,15248
>a 22992,15408,18512,15232
>a 22960,15456,18480,15232
>a 22896,15424,18512,15248
>a 22864,15472,18384,15248
>a 22864,15456,18320,15200
>a 22880,15408,18272,15280
>a 22640,15472,18352,15248
>a 22672,15408,18224,15216
>a 22672,15488,18192,15264
>a 22576,15472,18128,15248
>a 22576,15472,18096,15216
>a 22480,15488,18160,15232
>a 22448,15584,18000,15184
>a 22464,15472,18016,15200
>a 22416,15488,17968,15168
>a 22384,15520,17968,15232
>a 22448,15568,18000,15216
>a 22320,15488,17904,15232
>a 22256,15472,17808,15280
>a 22224,15504,17808,15328
>a 22176,15520,17824,15264
>a 22256,15488,17760,15200
>a 22096,15344,17824,15216
>p 4,90
>a 22096,15408,17888,15216
>a 22064,15456,17888,15216
>a 21936,15472,17664,15216
>a 21952,15456,17664,15264
>a 21904,15488,17552,15248
>a 22000,15344,17696,15376
>a 21872,15472,17568,15328
>a 21792,15504,17632,15216
>a 21808,15504,17504,15232
>a 21760,15472,17472,15216
>a 21760,15520,17472,15216
>a 21632,15456,17456,15264
>a 21616,15424,17424,15216
>a 21680,15584,17424,15280
>a 21536,15456,17360,15200
>a 21616,15488,17296,15168
>a 21680,15344,17296,15200
>a 21568,15568,17312,15168
>a 21584,15504,17248,15216
>a 21472,15568,17232,15232
>a 21488,15600,17152,15216
>a 21552,15488,17264,15296
>a 21360,15584,17216,15216
>a 21360,15488,17216,15168
>a 21392,15504,17216,15216
>a 21248,15488,17200,15264
>a 21296,15456,17120,15184
>a 21264,15520,17168,15232
>a 21088,15552,17248,15200
>a 21216,15504,17072,15232
>a 21216,15536,17104,15232
>a 21152,15408,17104,15168
>a 21120,15488,16976,15280
>a 21088,15456,17136,15184
>a 21040,15536,17040,15312
>a 21040,15472,16912,15248
>a 21136,15504,16944,15200
>a 21008,15632,17056,15248
>a 20944,15456,16992,15312
>a 20912,15536,17024,15216
>a 20896,15536,16896,15152
>a 20896,15504,16944,15216
>a 20704,15520,16928,15232
>a 20784,15520,16896,15136
>a 20816,15616,16848,15152
>a 20832,15536,16896,15216
>a 20624,15536,16880,15216
>a 20720,15536,16912,15216
>a 20656,15536,16880,15248
>a 20688,15520,16864,15168
>a 20656,15632,16784,15216
>a 20560,15536,16832,15184
>a 20592,15552,16816,15104
>a 20528,15568,16800,15200
>a 20512,15552,16752,15232
>a 20544,15568,16800,15232
>a 20480,15632,16848,15168
>a 20672,15536,16752,15216
>a 20432,15552,16800,15200
>a 20528,15504,16784,15200
>a 20272,15536,16752,15200
>a 20288,15536,16720,15216
>a 20320,15504,16688,15200
>a 20320,15536,16592,15216
>a 20432,15504,16736,15136
>a 20224,15552,16704,15216
>a 20288,15536,16688,15216
>a 20128,15648,16736,15200
>a 20176,15520,16608,15200
>a 20160,15536,16640,15216
>a 20144,15536,16656,15216
>a 20128,15488,16688,15264
>a 20112,15520,16624,15216
>a 20048,15456,16608,15216
>a 20048,15504,16608,15216
>a 19968,15488,16608,15200
>a 20080,15440,16608,15200
>a 20000,15584,16512,15248
>a 19968,15472,16560,15216
>a 19936,15472,16512,15120
>a 19920,15472,16480,15168
>a 19888,15472,16544,15184
>a 19888,15456,16752,15232
>a 19840,15488,16528,15200
>a 19856,15504,16528,15200
>a 19776,15504,16512,15216
>a 19920,15488,16464,15248
>a 19904,15568,16512,15296
>a 19696,15472,16480,15232
>a 19568,15488,16448,15200
>a 19632,15456,16400,15216
>a 19504,15456,16560,15248
>a 19504,15472,16544,15296
>a 19488,15456,16512,15152
>a 19392,15456,16432,15216
>a 19392,15472,16384,15184
>a 19360,15456,16480,15184
>a 19312,15440,16400,15232
>a 19216,15408,16448,15280
>a 19216,15248,16384,15216
>a 19168,15504,16336,15216
>a 19168,15440,16368,15200
>a 19056,15440,16352,15264
>a 19040,15392,16272,15184
>a 18960,15472,16304,15264
>a 18944,15456,16288,15200
>a 18848,15456,16304,15200
>a 18928,15520,16208,15200
>a 18912,15376,16272,15216
>a 18736,15392,16224,15296
>a 18736,15504,16336,15216
>a 18624,15408,16176,15248
>a 18608,15312,16304,15200
>a 18432,15376,16272,15248
>a 18576,15392,16208,15216
>a 18544,15344,16240,15216
>a 18480,15392,16192,15184
>a 18448,15328,16096,15280
>a 18448,15248,16128,15248
>a 18288,15472,16096,15216
>a 18272,15456,16064,15216
>a 18304,15424,16112,15248
>a 18288,15440,16112,15216
>a 18224,15360,16096,15184
>a 18256,15376,16032,15200
>a 18176,15392,16000,15200
>a 18096,15344,16032,15216
>a 18048,15392,16032,15216
>a 18048,15376,16048,15312
>a 18016,15344,16032,15200
>a 17952,15312,16032,15200
>a 18032,15216,15888,15216
>a 17920,15328,15856,15216
>a 18032,15344,15984,15200
>a 17808,15392,16016,15248
>a 17840,15296,16032,15232
>a 17872,15312,15968,15152
>a 17824,15216,15920,15200
>a 17712,15312,15920,15200
>a 17728,15344,15856,15184
>a 17728,15328,15904,15216
>a 17504,15280,15984,15216
>a 17648,15344,15888,15232
>a 17584,15296,15872,15264
>a 17568,15296,15824,15216
>a 17552,15328,15840,15296
>a 17504,15216,15856,15200
>a 17456,15296,15840,15248
>a 17552,15280,15824,15152
>a 17424,15264,15920,15232
>a 17296,15280,15792,15232
>a 17456,15312,15728,15200
>a 17328,15280,15744,15216
>a 17280,15280,15728,15232
>a 17328,15280,15728,15232
>a 17264,15280,15776,15248
>a 17184,15280,15840,15216
>a 17264,15296,15728,15232
>a 17280,15216,15776,15216
>a 17088,15280,15728,15168
>a 17152,15280,15728,15216
>a 17088,15184,15712,15216
>a 17056,15200,15728,15216
>a 17120,15248,15712,15312
>a 17056,15280,15696,15232
>a 17040,15264,15712,15280
>a 17008,15280,15808,15248
>a 17024,15248,15648,15216
>a 16944,15248,15600,15328
>a 16928,15264,15632,15200
>a 16880,15264,15680,15296
>a 16928,15104,15776,15312
>a 16896,15344,15744,15152
>a 16880,15248,15664,15152
>a 16784,15248,15648,15248
>a 16848,15264,15648,15200
>a 16784,15136,15792,15248
>a 16752,15264,15664,15184
>a 16768,15312,15632,15216
>a 16736,15248,15664,15232
>a 16736,15184,15584,15232
>a 16720,15216,15648,15216
>a 16832,15248,15616,15200
>a 16800,15264,15728,15296
>a 16688,15200,15664,15216
>a 16640,15216,15568,15232
>a 16640,15280,15584,15216
>a 16592,15248,15552,15200
>a 16592,15200,15600,15200
>a 16496,15216,15600,15152
>a 16640,15216,15584,15200
>a 16544,15200,15568,15168
>a 16544,15344,15552,15216
>a 16496,15216,15552,15216
>a 16512,15344,15536,15200
>a 16448,15232,15568,15216
>a 16496,15216,15520,15168
>a 16432,15280,15552,15392
>a 16416,15216,15536,15184
>a 16496,15152,15504,15216
>a 16400,15168,15504,15200
>a 16400,15232,15536,15184
>a 16448,15232,15536,15312
>a 16272,15200,15504,15072
>a 16400,15216,15536,15312
>a 16288,15424,15472,15168
>a 16400,15168,15488,15216
>a 16288,15216,15488,15216
>a 16160,15216,15504,15216
>a 16288,15216,15440,15184
>a 16256,15168,15504,15232
>a 16384,15104,15504,15216
>a 16208,15216,15472,15216
>a 16240,15264,15440,15200
>a 16208,15248,15472,15216
>a 16144,15200,15472,15216
>a 16128,15232,15552,15200
>a 16176,15232,15472,15344
>a 16160,15200,15472,15264
>a 16176,15232,15456,15280
>a 16112,15200,15536,15216
>a 16160,15216,15472,15296
>a 16048,15312,15440,15216
>a 16176,15216,15328,15216
>a 16128,15216,15456,15136
>a 16096,15120,15424,15296
>a 16064,15152,15440,15072
>a 16032,15360,15440,15184
>a 16016,15216,15440,15200
>a 16080,15248,15392,15232
>a 15984,15312,15376,15216
>a 16032,15376,15408,15216
>a 16048,15200,15424,15232
>a 16000,15152,15392,15184
>a 15920,15280,15408,15200
>a 16016,15296,15440,15296
>a 15936,15216,15408,15232
>a 15984,15168,15392,15200
>a 15952,15184,15360,15248
>a 15936,15232,15408,15312
>a 16064,15216,15488,15312
>a 15968,15248,15408,15232
>a 15888,15120,15344,15200
>a 16080,15216,15424,15216
>a 15936,15168,15360,15264
>a 15904,15344,15376,15232
>a 15920,15216,15360,15200
>a 15920,15280,15344,15312
>a 15872,15216,15328,15200
>a 15856,15184,15344,15216
>a 16000,15184,15344,15232
>a 16000,15152,15328,15216
>a 15856,15184,15328,15248
>a 15856,15136,15376,15200
>a 15920,15216,15296,15264
>a 15808,15168,15328,15200
>a 15856,15200,15328,15184
>a 15792,15184,15456,15216
>a 15872,15264,15344,15232
>a 15856,15184,15344,15248
>a 16032,15168,15376,15200
>a 15952,15216,15216,15200
>a 15808,15136,15344,15216
>a 15920,15216,15296,15232
>a 15792,15216,15344,15232
>a 15904,15168,15344,15232
>a 15776,15152,15328,15216
>a 15776,15200,15328,15280
>a 15792,15216,15312,15216
>a 15760,15168,15296,15168
>a 15760,15184,15312,15216
>a 15792,15216,15312,15184
>a 15728,15168,15328,15248
>a 15568,15152,15328,15216
>a 15728,15136,15296,15216
>a 15696,15168,15184,15296
>a 15744,15200,15344,15216
>a 15728,15280,15376,15152
>a 15744,15184,15280,15216
>a 15728,15216,15424,15216
>a 15696,15184,15344,15216
>a 15712,15216,15216,15216
>a 15728,15296,15216,15296
>a 15728,15200,15280,15216
>a 15776,15136,15280,15296
>a 15824,15184,15280,15200
>a 15712,15152,15200,15184
>a 15680,15200,15280,15216
>a 15664,15152,15248,15216
>a 15776,15200,15264,15216
>