
>t
0,0,12
100,0,12
100,0,192
200,0,192
200,0,12
300,0,12
300,0,12
1100,0,12
1100,10,10
1110,10,10
1115,10,10
>
>
>
>s2
>t
0,0,12
100,0,12
100,0,192
200,0,192
200,0,12
300,0,12
300,0,12
1100,0,12
1100,10,10
1110,10,10
1115,10,10
>
>t
0,0,12
100,0,12
100,0,192
200,0,192
200,0,12
300,0,12
300,0,12
1100,0,12
1100,10,10
1110,10,10
1115,10,10
>
>s1
>t
0,0,12
100,0,12
100,0,192
200,0,192
200,0,12
300,0,12
300,0,12
1100,0,12
1100,10,10
1110,10,10
1115,10,10
>
>t
0,0,12
100,0,12
100,0,192
200,0,192
200,0,12
300,0,12
300,0,12
1100,0,12
1100,10,10
1110,10,10
1115,10,10
>
>t
0,0,12
100,0,12
100,0,192
200,0,192
200,0,12
300,0,12
300,0,12
1100,0,12
1100,10,10
1110,10,10
1115,10,10
>
>s0
>t
0,0,0
100,0,0
100,0,0
200,0,0
200,0,0
300,0,0
300,0,0
1100,0,0
1100,10,10
1110,10,10
1115,10,10
>
>t
0,0,0
100,0,0
100,0,0
200,0,0
200,0,0
300,0,0
300,0,0
1100,0,0
1100,10,10
1110,10,10
1115,10,10
>
>t
0,0,0
100,0,0
100,0,0
200,0,0
200,0,0
300,0,0
300,0,0
1100,0,0
1100,10,10
1110,10,10
1115,10,10
>
>t
0,0,0
100,0,0
100,0,0
200,0,0
200,0,0
300,0,0
300,0,0
1100,0,0
1100,10,10
1110,10,10
1115,10,10
>
>t
0,0,0
100,0,0
100,0,0
200,0,0
200,0,0
300,0,0
300,0,0
1100,0,0
1100,10,10
1110,10,10
1115,10,10
>
>s 1
>t
0,0,12
100,0,12
100,0,192
200,0,192
200,0,12
300,0,12
300,0,12
1100,0,12
1100,10,10
1110,10,10
1115,10,10
>
>s0
>s2
>t
0,0,12
100,0,12
100,0,192
200,0,192
200,0,12
300,0,12
300,0,12
1100,0,12
1100,10,10
1110,10,10
1115,10,10
>
>t
0,0,12
100,0,12
100,0,192
200,0,192
200,0,12
300,0,12
300,0,12
1100,0,12
1100,10,10
1110,10,10
1115,10,10
>
>