
>v 1 Jul 11 2014, <C1459854>
>a 65520,16480,24144,15488
>a 65520,16432,24080,15408
>a 65520,16448,24176,15440
>a 65520,16288,24144,15376
>a 65520,16432,24144,15392
>a 65520,16416,24160,15280
>a 65520,16448,24176,15472
>a 65520,16416,24112,15440
>a 65520,16480,24096,15440
>a 65520,16480,24080,15456
>a 65520,16304,24160,15456
>a 65520,16416,24112,15360
>a 65520,16240,24144,15456
>a 65520,16288,24144,15472
>a 65520,16288,24176,15456
>a 65520,16384,24144,15520
>a 65520,16352,24176,15472
>a 65520,16352,24160,15472
>a 65520,16352,24144,15456
>a 65520,16400,24144,15440
>a 65520,16336,24176,15456
>a 65520,16432,24128,15520
>a 65520,16400,24176,15456
>a 65520,16480,24240,15408
>a 65520,16448,24112,15392
>a 65520,16480,24176,15488
>a 65520,16560,24144,15440
>a 65520,16400,24240,15472
>a 65520,16416,24176,15472
>a 65520,16400,24144,15472
>p 7,12
>p 7,12
>p 7,13
>a 65520,15600,24160,15440
>a 65520,15712,24272,15472
>a 65520,15760,24144,15600
>a 65520,15776,24112,15472
>a 65520,15792,24144,15456
>a 65520,15776,24160,15472
>p 7,12
>p 7,11
>a 65520,15744,24176,15536
>a 65520,15776,23984,15456
>a 65520,15776,24160,15488
>a 65520,15760,24240,15408
>a 65520,15792,24256,15536
>a 65520,15728,24160,15440
>a 65520,15760,24144,15456
>a 65520,15792,24128,15472
>a 65520,15792,24176,15392
>a 65520,15712,24208,15504
>a 65520,15792,24224,15456
>a 65520,15776,24144,15456
>a 65520,15920,24144,15456
>a 65520,15824,24160,15552
>a 65520,15808,24192,15472
>a 65520,15936,24000,15456
>a 65520,15792,24160,15408
>a 65520,15648,24128,15440
>a 65520,15760,24128,15376
>a 65520,15776,24208,15472
>a 65520,15824,24144,15376
>a 65520,15776,24112,15376
>a 65520,15872,24144,15392
>