
>
>
>
>
>
>
>v 1 Jul 11 2014, <C1459854>
>a 48944,15488,48720,15456
>a 49008,15440,48688,15408
>a 48944,15376,48688,15424
>a 48944,15424,48720,15456
>a 48960,15408,48768,15408
>a 48944,15392,48688,15440
>a 48944,15376,48736,15440
>a 48944,15408,48688,15456
>a 48912,15424,48752,15456
>a 48944,15344,48720,15520
>a 48944,15344,48704,15424
>a 48992,15376,48784,15376
>a 48944,15344,48752,15520
>a 48944,15344,48736,15472
>a 48928,15408,48736,15344
>a 48976,15440,48736,15472
>a 48928,15488,48736,15440
>a 49008,15456,48800,15424
>a 48944,15408,48672,15312
>a 48816,15408,48720,15408
>a 48944,15408,48720,15440
>a 48992,15424,48688,15424
>a 48960,15408,48752,15424
>a 48944,15408,48656,15456
>a 49040,15328,48784,15440
>p 6,90
>a 48992,15424,48688,15424
>a 48992,15408,48720,15472
>a 48944,15408,48720,15440
>a 48960,15408,48720,15536
>a 48944,15376,48720,15408
>a 48976,15392,48736,15440
>p 6,0
>a 48944,15408,48688,15552
>a 48992,15392,48720,15440
>a 49024,15408,48736,15488
>a 48912,15472,48752,15344
>a 48992,15424,48704,15472
>a 48976,15392,48720,15488
>a 48992,15440,48752,15472
>a 48928,15264,48720,15424
>p 6,90
>a 48944,15392,48736,15456
>a 48896,15392,48736,15472
>a 49008,15616,48736,15456
>p 6,0
>a 48992,15440,48672,15408
>a 48992,15440,48672,15424
>a 48944,15392,48736,15440
>a 49008,15392,48720,15456
>a 48960,15360,48752,15440
>a 49008,15488,48688,15520
>a 48944,15408,48736,15440
>a 48944,15408,48736,15440
>a 48944,15472,48688,15440
>a 48944,15360,48624,15456
>a 48944,15504,48688,15440
>p 5,90
>a 48912,15504,48720,15424
>a 48944,15408,48752,15424
>a 48912,15504,48736,15424
>a 48944,15440,48736,15440
>a 48992,15472,48736,15456
>a 48944,15392,48752,15424
>a 48944,15472,48752,15472
>p 5,0
>a 48848,15376,46864,15424
>a 48944,15424,46368,15424
>a 48944,15456,45904,15408
>a 48944,15344,45520,15392
>a 48976,15408,45072,15360
>a 48928,15248,44560,15392
>a 48976,15408,44144,15424
>a 49008,15408,43744,15392
>a 48944,15408,43280,15392
>p 4,90
>a 48912,15344,42592,15360
>a 48960,15344,41904,15408
>a 48944,15520,41296,15408
>p 4,0
>a 48816,15392,40736,15344
>a 48944,15424,40384,15344
>a 49008,15440,40192,15392
>a 48928,15408,39712,15344
>a 48944,15408,39408,15328
>a 48944,15408,39136,15472
>a 48880,15408,38800,15376
>a 48976,15408,38464,15376
>a 48944,15440,38208,15360
>a 48944,15392,37840,15376
>p 4,90
>a 48928,15392,37280,15360
>a 48912,15264,36624,15344
>a 48944,15360,36288,15344
>a 48944,15408,35728,15456
>a 48944,15344,35216,15344
>p 4,0
>a 48912,15376,34768,15344
>a 48944,15424,34512,15328
>a 48976,15360,34304,15344
>a 48928,15376,34000,15424
>a 48880,15456,33760,15360
>a 48848,15504,33536,15344
>a 48928,15472,33248,15424
>a 48944,15392,33024,15312
>a 48832,15376,32768,15344
>a 48912,15408,32528,15408
>p 5,90
>a 48928,15408,33664,15200
>a 48928,15408,33616,15312
>a 48944,15424,33840,15376
>a 48944,15424,33808,15344
>a 48912,15392,33888,15344
>p 5,0
>a 48944,15408,32576,15312
>a 48912,15392,32448,15312
>a 48944,15408,32096,15312
>a 48800,15408,31776,15344
>a 48944,15408,31600,15312
>a 48944,15408,31296,15360
>a 48944,15408,31152,15328
>a 48944,15376,30832,15280
>p 4,90
>a 48928,15408,30704,15344
>a 48928,15392,30112,15296
>a 48928,15440,29824,15328
>a 48944,15408,29488,15280
>a 48976,15360,29104,15280
>a 48992,15344,28688,15456
>a 49056,15440,28384,15312
>p 4,0
>a 48896,15408,28080,15280
>a 48928,15408,27856,15280
>a 48912,15376,27744,15248
>a 48912,15440,27472,15248
>p 4,90
>a 48928,15376,27232,15376
>a 48992,15360,27040,15264
>a 48880,15248,26672,15312
>a 48912,15408,26368,15280
>a 48896,15424,26080,15280
>a 49040,15472,25776,15248
>a 48896,15392,25488,15216
>a 48944,15440,25248,15280
>a 48928,15520,24928,15280
>a 49008,15472,24656,15200
>a 48896,15376,24400,15296
>a 48944,15392,24144,15152
>a 48864,15392,23904,15152
>a 48944,15536,23776,15312
>a 48976,15424,23456,15232
>a 48896,15440,23200,15232
>a 48880,15328,22928,15248
>a 48880,15392,22784,15264
>a 48928,15392,22512,15248
>a 48944,15408,22272,15280
>a 48912,15376,22048,15248
>a 48928,15440,21856,15264
>a 48864,15424,21680,15216
>a 48928,15408,21392,15232
>a 48912,15488,21280,15248
>a 48944,15408,21088,15280
>a 48864,15392,20976,15200
>a 48912,15392,20752,15344
>a 48912,15376,20560,15184
>a 48928,15408,20416,15248
>a 48912,15440,20256,15264
>a 48832,15392,20128,15264
>a 48896,15392,19904,15136
>a 48944,15376,19792,15264
>a 48912,15392,19648,15248
>a 48912,15424,19488,15248
>a 48880,15408,19328,15232
>a 48880,15424,19168,15216
>a 48912,15344,19120,15216
>a 48944,15424,18720,15312
>a 48896,15376,18800,15232
>a 48992,15424,18688,15232
>a 48880,15344,18528,15232
>a 48880,15392,18448,15264
>a 48928,15424,18288,15312
>a 48944,15408,18224,15264
>a 48944,15408,18048,15232
>a 48880,15440,17920,15216
>a 48944,15408,17872,15264
>a 48912,15392,17712,15216
>a 48848,15408,17568,15232
>a 48880,15424,17568,15216
>a 48912,15536,17456,15216
>a 48848,15424,17440,15216
>a 48912,15440,17152,15216
>a 48944,15424,17200,15232
>a 48816,15440,17088,15120
>a 48848,15408,17040,15184
>a 48944,15424,16896,15232
>a 48880,15424,16912,15168
>a 48912,15392,16768,15200
>a 48880,15424,16720,15168
>a 48928,15456,16672,15248
>a 48864,15440,16608,15264
>a 48832,15440,16480,15280
>a 48928,15440,16416,15216
>a 48896,15408,16384,15232
>a 48880,15456,16352,15200
>a 48912,15456,16272,15232
>a 48816,15328,16224,15136
>a 48928,15456,16160,15248
>a 48976,15472,16096,15232
>a 48896,15312,16048,15056
>a 48992,15472,16112,15248
>a 48864,15536,15952,15200
>a 48944,15440,15952,15280
>a 48928,15440,15904,15296
>a 48864,15424,15840,15184
>a 48944,15456,15760,15168
>a 49008,15488,15728,15216
>a 48880,15504,15680,15200
>a 48848,15488,15712,15216
>a 48880,15520,15632,15248
>a 48848,15504,15648,15248
>a 48880,15616,15664,15248
>a 48912,15488,15520,15216
>a 48864,15520,15600,15216
>a 48848,15584,15568,15200
>a 48880,15456,15536,15232
>a 48928,15456,15552,15280
>a 48896,15456,15472,15136
>a 48864,15472,15456,15344
>a 48896,15456,15456,15280
>a 48864,15440,15408,15216
>a 48864,15456,15424,15216
>a 48944,15536,15424,15200
>a 48992,15472,15360,15168
>a 48960,15456,15392,15232
>a 48896,15440,15344,15184
>a 48992,15440,15344,15216
>a 48864,15424,15312,15136
>a 48880,15424,15312,15248
>a 48848,15408,15280,15216
>a 48880,15488,15232,15248
>a 48864,15440,15312,15232
>a 48912,15408,15408,15248
>a 48848,15424,15296,15184
>a 48864,15472,15248,15184
>a 48880,15360,15264,15280
>a 48880,15376,15264,15280
>a 48880,15424,15120,15120
>a 48896,15344,15232,15216
>a 48880,15424,15280,15280
>a 48864,15408,15248,15280
>a 48928,15408,15312,15216
>a 48976,15376,15216,15264
>a 48880,15408,15200,15184
>a 48864,15408,15264,15200
>a 48816,15488,15200,15152
>a 48848,15392,15216,15152
>a 48896,15376,15312,15280
>a 48864,15344,15216,15232
>a 48880,15392,15200,15264
>a 48848,15424,15216,15232
>a 48784,15408,15184,15216
>a 48816,15344,15200,15216
>a 48864,15392,15200,15184
>a 48864,15408,15216,15184
>a 48880,15488,15136,15200
>a 48864,15488,15184,15168
>a 48816,15424,15120,15200
>a 48816,15344,15184,15216
>a 48880,15440,15200,15216
>a 48992,15392,15312,15200
>a 48864,15408,15168,15184
>a 48880,15376,15184,15280
>a 48912,15408,15184,15200
>a 48848,15392,15200,15216
>a 48816,15568,15168,15200
>a 48864,15392,15280,15168
>a 48816,15472,15088,15216
>a 48880,15440,15184,15184
>a 48880,15392,15200,15216
>a 48848,15408,15168,15184
>a 48896,15408,15184,15216
>a 48880,15408,15200,15200
>a 48880,15408,15216,15184
>a 48896,15408,15168,15248
>a 48944,15328,15248,15200
>a 48944,15344,15248,15216
>a 48864,15360,15040,15264
>a 48864,15392,15200,15344
>a 48896,15408,15216,15232
>a 48816,15344,15184,15232
>a 48832,15408,15200,15184
>a 48880,15392,15200,15280
>a 48816,15344,14992,15200
>a 48880,15408,15168,15200
>a 48864,15408,15200,15152
>a 48832,15344,15168,15200
>a 48816,15408,15184,15120
>a 48848,15392,15168,15200
>a 48848,15312,15184,15216
>a 48848,15408,15152,15152
>a 48848,15392,15184,15152
>a 48848,15408,15200,15232
>a 48880,15392,15168,15200
>a 48832,15536,15200,15216
>a 48864,15424,15264,15152
>a 48912,15312,15168,15184
>a 48896,15376,15216,15216
>a 48864,15424,15312,15136
>a 48816,15408,15312,15184
>a 48880,15408,15200,15216
>a 48784,15392,15184,15200
>a 48848,15600,15216,15216
>a 48768,15344,15184,15200
>a 48864,15344,15184,15168
>a 48880,15424,15152,15216
>a 48688,15392,15200,15216
>a 48816,15392,15184,15216
>a 48800,15344,15184,15200
>a 48864,15360,15200,15232
>a 48800,15488,15184,15184
>a 48848,15376,15184,15184
>a 48848,15408,15200,15184
>a 48864,15408,15152,15248
>a 48848,15312,15280,15136
>a 48752,15376,15120,15216
>a 48816,15472,15136,15280
>a 48864,15376,15200,15200
>a 48880,15440,15168,15216
>