
>v 1 Jul 11 2014, <C1459854>
>a 51760,15376,51600,15424
>a 51808,15376,51536,15536
>a 51840,15328,51568,15440
>a 51840,15440,51616,15552
>a 51792,15392,51536,15280
>a 51792,15440,51584,15440
>a 51792,15312,51600,15472
>a 51776,15392,51552,15376
>a 51872,15408,51568,15408
>a 51808,15392,51584,15584
>a 51824,15408,51696,15440
>a 51872,15456,51568,15424
>a 51824,15408,51696,15456
>a 51824,15536,51600,15456
>a 51792,15408,51600,15408
>a 51824,15376,51568,15424
>a 51888,15408,51552,15456
>a 51808,15408,51568,15408
>a 51808,15424,51616,15456
>a 51792,15424,51616,15376
>a 51888,15424,51536,15456
>a 51792,15392,51584,15440
>a 51728,15392,51552,15552
>a 51824,15424,51552,15424
>a 51744,15392,51568,15456
>a 51760,15424,51568,15472
>a 51824,15328,51616,15456
>a 51776,15392,51552,15408
>a 51824,15440,51568,15520
>a 51760,15376,51600,15360
>a 51824,15440,51600,15504
>a 51760,15392,51552,15440
>a 51824,15408,51616,15408
>a 51776,15424,51680,15472
>a 51776,15408,51536,15392
>a 51808,15520,51552,15424
>a 51760,15376,51632,15536
>a 51824,15424,51568,15536
>a 51888,15440,51504,15440
>a 51680,15408,51552,15440
>a 51792,15296,51600,15376
>a 51808,15424,51584,15472
>a 51824,15408,51568,15456
>p 6,90
>a 51808,15408,51552,15440
>a 51888,15408,51632,15440
>a 51808,15344,51536,15344
>a 51824,15376,51616,15536
>a 51760,15376,51568,15408
>a 51760,15392,51568,15456
>p 6,0
>a 51792,15344,51568,15440
>a 51792,15440,51568,15440
>a 51808,15392,51680,15472
>a 51808,15376,51536,15408
>a 51792,15344,51568,15456
>a 51824,15424,51584,15408
>a 51824,15408,51616,15504
>a 51824,15376,51568,15456
>a 51824,15408,51632,15424
>a 51824,15392,51504,15440
>a 51760,15392,51600,15472
>a 51760,15424,51584,15456
>a 51760,15408,51536,15472
>a 51792,15424,51616,15456
>a 51744,15472,51584,15392
>a 51792,15424,51552,15456
>a 51824,15376,51600,15536
>p 5,90
>a 51824,15408,51568,15472
>a 51856,15232,51648,15440
>a 51824,15408,51584,15456
>a 51792,15392,51584,15440
>p 5,0
>a 51808,15312,49584,15424
>a 51792,15408,49072,15440
>a 51776,15488,48608,15408
>a 51760,15408,48144,15424
>p 5,90
>a 51760,15360,49760,15472
>a 51792,15408,49776,15456
>a 51840,15520,49824,15440
>a 51760,15424,49808,15536
>a 51680,15376,49760,15376
>a 51888,15440,49824,15440
>a 51728,15392,49840,15408
>a 51808,15424,49824,15472
>p 5,0
>a 51824,15408,47808,15456
>a 51808,15392,47328,15376
>a 51760,15408,46848,15424
>a 51760,15424,46432,15440
>p 5,90
>a 51792,15440,47888,15504
>a 51808,15392,47792,15392
>a 51760,15408,47872,15424
>a 51760,15328,47872,15472
>a 51856,15344,47920,15408
>a 51744,15392,47968,15360
>a 51792,15488,47920,15424
>a 51792,15424,47904,15424
>a 51760,15392,47920,15440
>p 6,90
>a 50064,15344,48224,15440
>a 48288,15408,48064,15408
>a 48288,15456,48096,15408
>a 48336,15248,48160,15440
>a 48368,15408,48224,15424
>a 48384,15408,48144,15456
>a 48304,15392,48112,15536
>a 48384,15408,48176,15456
>a 48480,15456,48128,15312
>a 48416,15376,48176,15408
>a 48496,15392,48208,15440
>a 48432,15520,48240,15440
>a 48384,15344,48192,15312
>a 48416,15392,48224,15440
>a 48464,15408,48208,15424
>p 5,0
>a 47136,15328,46688,15440
>a 46352,15504,46032,15408
>a 45856,15344,45568,15472
>a 45456,15456,45168,15424
>a 44976,15344,44752,15424
>a 44576,15328,44288,15488
>a 44240,15344,43936,15392
>p 5,90
>a 43792,15344,43536,15392
>a 45216,15472,45008,15408
>a 45328,15392,45072,15344
>a 45360,15344,45168,15408
>a 45344,15360,45136,15392
>a 45408,15440,45280,15440
>a 45424,15376,45312,15408
>a 45376,15344,45184,15376
>a 45472,15344,45248,15408
>a 45536,15456,45264,15408
>a 45488,15344,45280,15280
>a 45552,15408,45312,15424
>a 45584,15376,45344,15408
>a 45552,15344,45328,15328
>a 45616,15392,45392,15440
>a 45648,15408,45392,15392
>a 45616,15392,45392,15392
>a 45632,15424,45360,15312
>a 45632,15392,45408,15504
>a 45680,15456,45424,15408
>a 45680,15376,45488,15392
>a 45696,15392,45520,15424
>a 45744,15440,45488,15392
>a 45680,15344,45536,15424
>a 45696,15568,45488,15472
>a 45776,15392,45520,15408
>a 45760,15376,45568,15456
>a 45808,15424,45488,15376
>a 45808,15392,45584,15440
>a 45792,15392,45568,15440
>a 45856,15408,45616,15408
>a 45840,15392,45616,15408
>a 45856,15376,45552,15440
>a 45872,15392,45616,15424
>a 45824,15392,45616,15440
>a 45872,15440,45648,15424
>a 45920,15408,45664,15408
>a 45872,15408,45680,15424
>a 45856,15392,45776,15392
>a 45872,15328,45712,15408
>a 45872,15376,45712,15488
>a 45824,15392,45744,15424
>a 45952,15360,45680,15424
>a 45920,15376,45744,15504
>a 46000,15408,45744,15440
>a 45936,15280,45760,15440
>a 45936,15344,45760,15392
>a 45936,15232,45776,15392
>a 46016,15328,45792,15440
>a 46064,15408,45856,15424
>a 45984,15376,45792,15408
>a 46032,15392,45776,15408
>a 46000,15344,45760,15408
>a 45952,15344,45792,15408
>a 46048,15488,45920,15408
>a 46048,15344,45824,15408
>a 46064,15344,45856,15424
>a 46000,15360,45824,15392
>a 46144,15408,45920,15440
>a 46160,15392,45840,15408
>a 46064,15392,45872,15392
>a 46064,15344,45872,15392
>a 46112,15392,45856,15472
>a 46128,15312,45872,15504
>a 46192,15376,45840,15424
>a 46112,15392,45872,15408
>a 46128,15376,45904,15408
>a 46128,15376,45872,15392
>a 46128,15392,45888,15424
>a 46128,15376,45904,15424
>a 46160,15392,45904,15424
>a 46192,15408,45936,15504
>a 46240,15344,45968,15408
>a 46208,15392,45936,15504
>a 46208,15408,45968,15440
>a 46192,15408,45936,15408
>a 46176,15376,45872,15392
>a 46160,15424,45920,15424
>a 46192,15408,45968,15440
>a 46208,15360,45952,15376
>a 46192,15408,45984,15392
>a 46064,15376,46032,15456
>