
>v 1 Jul 11 2014, <C1459854>
>a 65520,15792,24160,15440
>a 65520,15696,24160,15440
>a 65520,15744,24160,15408
>a 65520,15760,24096,15456
>a 65520,15856,24144,15456
>a 65520,15792,24208,15456
>a 65520,15776,24128,15456
>a 65520,15728,24256,15488
>a 65520,15792,24256,15552
>a 65520,15776,24160,15472
>a 65520,15792,24144,15456
>a 65520,15760,24160,15472
>a 65520,15776,24240,15456
>a 65520,15872,24176,15472
>a 65520,15760,24112,15376
>a 65520,15808,24160,15552
>a 65520,15792,24128,15472
>a 65520,15776,24096,15456
>a 65520,15728,24256,15408
>p 7,12
>p 7,12
>p 7,13
>p 7,14
>a 65520,15776,24144,15456
>p 7,15
>p 7,16
>p 7,17
>p 7,18
>a 65520,15824,24144,15440
>p 7,19
>p 7,20
>p 7,21
>p 7,22
>a 65520,15776,24032,15472
>p 7,24
>p 7,25
>p 7,26
>a 65520,15808,24240,15472
>a 65520,15760,24144,15408
>a 65520,15760,24160,15472
>a 65520,15760,24160,15440
>a 65520,15824,24160,15472
>a 65520,15888,24144,15552
>a 65520,15792,24288,15472
>a 65520,16224,24176,15472
>a 65520,17200,24176,15456
>a 65520,17024,24144,15408
>a 65520,17072,24176,15568
>a 65520,17104,24064,15424
>a 65520,17232,24112,15424
>a 65520,17184,24224,15440
>a 65520,17088,24160,15456
>a 65520,17136,24112,15456
>a 65520,17072,24144,15440
>a 65520,17072,24176,15552
>a 65520,17056,24160,15440
>p 7,25
>p 7,23
>a 65520,16768,24160,15408
>a 65520,15952,24160,15440
>a 65520,15744,24160,15440
>a 65520,15776,24160,15472
>p 7,24
>a 65520,15760,24128,15456
>p 7,25
>a 65520,15792,24176,15456
>p 7,26
>p 7,27
>a 65520,15744,24176,15472
>a 65520,15824,24144,15440
>a 65520,17952,24192,15472
>a 65520,17472,24160,15472
>p 7,26
>p 7,25
>a 65520,17616,24192,15552
>p 7,23
>p 7,22
>p 7,21
>p 7,20
>p 7,19
>p 7,18
>a 65520,15840,24144,15456
>p 7,17
>p 7,16
>p 7,15
>p 7,14
>p 7,13
>a 65520,15696,24032,15504
>p 7,12
>p 7,11
>a 65520,15776,24304,15472
>a 65520,15824,24256,15408
>a 65520,15680,24096,15456
>a 65520,15776,24192,15456
>a 65520,15808,24160,15280
>a 65520,15760,24144,15456
>a 65520,15648,24048,15472
>a 65520,15856,24144,15344
>a 65520,15760,24112,15456
>a 65520,15776,24256,15472
>a 65520,15792,24096,15488
>a 65520,15776,24144,15456
>a 65520,15792,24176,15456
>a 65520,15776,24208,15472
>a 65520,15728,24128,15536
>a 65520,15792,24176,15472
>a 65520,15792,24160,15440
>a 65520,15792,24144,15456
>a 65520,15760,24128,15392
>a 65520,15792,24240,15584
>a 65520,15792,24080,15456
>a 65520,15904,24112,15472
>a 65520,15728,24160,15472
>a 65520,15792,24128,15456
>a 65520,15776,24160,15456
>a 65520,15776,24112,15472
>a 65520,15760,24160,15456
>a 65520,15776,24176,15472
>a 65520,15856,24176,15488
>a 65520,15808,24272,15472
>a 65520,15760,24112,15536
>a 65520,15776,24160,15440
>a 65520,15824,24160,15440
>a 65520,15792,24240,15440
>a 65520,15792,24160,15536
>a 65520,15776,24160,15584
>a 65520,15792,24112,15456
>a 65520,15792,24256,15472
>a 65520,15824,24144,15488
>a 65520,15760,24160,15408
>a 65520,15792,24160,15488
>a 65520,15904,24112,15440
>a 65520,15824,24160,15536
>a 65520,15792,24160,15472
>a 65520,15808,24160,15472
>a 65520,15824,24160,15424
>a 65520,15760,24144,15456
>a 65520,15808,24160,15360
>a 65520,15792,24144,15456
>a 65520,15792,24144,15552
>a 65520,15776,24144,15440
>a 65520,15792,24144,15472
>a 65520,15792,24112,15472
>a 65520,15776,24048,15440
>a 65520,15920,24176,15424
>a 65520,15824,24160,15440
>a 65520,15744,24160,15568
>a 65520,15824,24192,15456
>a 65520,15792,24144,15408
>a 65520,15872,24160,15472
>