
>
>t v 1 Jul 11 2014, <C1459854>
>v 1 Jul 11 2014, <C1459854>
>a 51696,15536,51536,15456
>a 51840,15424,51552,15440
>a 51824,15424,51568,15440
>a 51776,15504,51568,15520
>a 51808,15408,51568,15472
>a 51760,15408,51504,15440
>a 51696,15392,51536,15376
>a 51632,15344,51504,15424
>a 51776,15456,51504,15440
>a 51744,15392,51536,15424
>a 51808,15408,51568,15440
>a 51728,15392,51488,15472
>a 51760,15376,51536,15440
>a 51792,15424,51520,15392
>a 51744,15328,51616,15472
>a 51712,15296,51568,15456
>a 51776,15408,51536,15408
>a 51776,15344,51536,15440
>a 51808,15424,51568,15440
>a 51632,15376,51504,15440
>a 51808,15424,51568,15472
>a 51872,15440,51552,15440
>a 51856,15344,51552,15472
>a 51760,15424,51568,15456
>a 51760,15376,51504,15440
>a 51808,15520,51568,15456
>a 51840,15520,51504,15424
>a 51808,15296,51552,15456
>a 51776,15392,51568,15440
>a 51792,15392,51488,15408
>a 51744,15376,51568,15440
>a 51824,15392,51536,15456
>a 51744,15408,51504,15408
>a 51792,15376,51536,15472
>a 51776,15408,51568,15472
>a 51760,15392,51568,15424
>a 51760,15376,51504,15440
>a 51744,15408,51504,15392
>a 51760,15408,51504,15424
>a 51808,15408,51552,15504
>a 51792,15488,51568,15440
>a 51728,15376,51584,15440
>a 51728,15392,51536,15456
>a 51760,15408,51536,15456
>a 51728,15408,51536,15456
>a 51840,15408,51536,15472
>a 51728,15376,51584,15456
>a 51760,15408,51456,15440
>a 51728,15472,51536,15328
>a 51744,15376,51488,15424
>a 51760,15408,51536,15472
>a 51760,15408,51520,15440
>a 51760,15392,51552,15456
>a 51760,15392,51520,15472
>a 51760,15344,51568,15536
>a 51760,15328,51552,15408
>a 51824,15408,51616,15472
>a 51760,15424,51552,15456
>a 51760,15392,51472,15424
>a 51856,15392,51568,15456
>a 51792,15488,51456,15472
>a 51760,15312,51552,15520
>a 51760,15488,51552,15440
>a 51936,15440,51504,15424
>a 51744,15408,51552,15344
>a 51728,15376,51488,15440
>a 51760,15408,51552,15440
>a 51776,15392,51536,15440
>a 51808,15392,51552,15440
>a 51792,15440,51552,15456
>a 51728,15360,51568,15440
>a 51760,15408,51552,15440
>a 51760,15360,51664,15472
>a 51808,15344,51504,15408
>a 51744,15488,51600,15392
>p 7,24
>p 7,24
>p 7,25
>p 7,26
>a 51760,15408,51536,15440
>a 51760,15520,51520,15456
>a 51792,15392,51504,15360
>p 7,27
>p 7,28
>p 7,29
>p 7,30
>p 7,31
>p 7,32
>p 7,33
>a 51792,15392,51504,15424
>a 48800,22672,51344,15440
>a 49584,20720,51264,15440
>a 49120,21808,51216,15568
>a 49264,21312,51008,15440
>a 48992,21536,50912,15408
>a 48880,21520,50800,15456
>a 48864,21600,50608,15520
>a 48720,21456,50576,15456
>p 7,32
>p 7,31
>p 7,30
>a 49264,20320,50464,15472
>a 49584,19424,50352,15536
>a 49392,19664,50272,15456
>a 49280,19568,50208,15472
>a 49264,19696,50096,15424
>a 49104,19696,50032,15472
>a 48928,19776,49952,15456
>a 48784,19696,49824,15504
>p 7,29
>p 7,28
>a 49072,18672,49744,15440
>a 49120,18272,49728,15424
>a 49072,18480,49520,15472
>a 48944,18432,49568,15472
>a 48752,18432,49456,15408
>a 48752,18384,49488,15440
>a 48624,18320,49360,15456
>a 48560,18384,49376,15536
>a 48496,18384,49248,15408
>a 48304,18336,49136,15424
>a 48416,18272,49120,15440
>a 48416,18272,49024,15408
>a 48272,18240,48864,15424
>a 48112,18320,48880,15456
>a 48112,18384,48832,15424
>a 48272,18224,48720,15424
>a 48096,18272,48672,15440
>a 47920,18256,48656,15440
>a 48032,18256,48624,15456
>a 47952,18256,48464,15440
>a 47936,18288,48352,15552
>a 47888,18288,48304,15408
>a 47792,18288,48352,15408
>a 47616,18256,48224,15440
>a 47664,18352,48112,15440
>a 47568,18384,48080,15440
>a 47520,18448,47984,15424
>a 47472,18464,47904,15408
>a 47312,18416,47776,15456
>a 47184,18448,47776,15392
>a 47024,18432,47696,15424
>a 46960,18368,47664,15408
>a 46944,18464,47600,15424
>p 7,27
>a 46848,18480,47536,15488
>a 47200,17456,47536,15408
>a 46896,17792,47424,15456
>a 46992,17632,47472,15456
>a 46848,17632,47360,15504
>a 46752,17664,47360,15392
>a 46800,17584,47216,15424
>a 46720,17616,47216,15392
>a 46704,17616,47168,15440
>a 46736,17696,47168,15440
>a 46608,17600,47008,15392
>a 46704,17584,46992,15536
>a 46656,17776,46992,15456
>a 46592,17584,46832,15392
>a 46448,17600,46816,15344
>a 46512,17632,46752,15456
>a 46480,17584,46784,15440
>p 7,26
>a 46528,17216,46704,15424
>a 46656,16912,46688,15440
>a 46592,17184,46592,15440
>p 7,25
>a 46528,16928,46576,15408
>a 46608,16336,46656,15520
>a 46640,16384,46544,15440
>a 46512,16464,46480,15536
>a 46480,16448,46480,15392
>a 46416,16416,46480,15360
>a 46384,16384,46416,15424
>a 46384,16336,46384,15440
>a 46496,16464,46416,15424
>a 46384,16480,46480,15344
>a 46272,16464,46304,15440
>a 46192,16416,46336,15344
>a 46240,16336,46240,15424
>a 46288,16304,46304,15472
>a 46160,16352,46272,15392
>a 46192,16304,46224,15392
>a 46224,16272,46160,15392
>a 46192,16224,46192,15424
>a 46192,16400,46176,15440
>a 46192,16320,46128,15392
>a 46224,16320,46144,15424
>a 46192,16352,46128,15440
>a 46224,16176,46000,15424
>a 46128,16384,46064,15424
>a 46048,16320,46048,15440
>a 46128,16432,45984,15424
>a 46064,16448,45952,15408
>a 46000,16448,45920,15344
>a 45952,16448,45872,15376
>a 45920,16464,45904,15424
>a 45840,16480,45808,15408
>a 45808,16416,45776,15408
>a 45728,16448,45792,15408
>a 45824,16432,45728,15408
>a 45760,16432,45744,15344
>p 7,24
>a 45744,15968,45760,15488
>a 45808,15744,45680,15376
>a 45744,15792,45744,15504
>a 45808,15664,45712,15424
>a 45776,15712,45632,15376
>a 45808,15776,45712,15408
>a 45776,15680,45680,15312
>a 45792,15728,45696,15424
>a 45792,15840,45712,15424
>a 45824,15664,45664,15408
>a 45904,15696,45616,15408
>a 45792,15616,45616,15408
>a 45776,15664,45648,15408
>a 45824,15696,45680,15520
>a 45824,15760,45632,15344
>a 45872,15712,45664,15440
>a 45840,15840,45600,15392
>a 45824,15712,45584,15408
>a 45808,15728,45504,15456
>a 45744,15776,45568,15424
>p 7,25
>a 45728,15872,45552,15424
>a 45632,16480,45568,15504
>a 45600,16448,45520,15504
>a 45424,16384,45440,15408
>a 45472,16416,45408,15520
>a 45328,16416,45392,15440
>a 45424,16448,45376,15296
>a 45264,16432,45360,15408
>a 45184,16352,45312,15328
>a 45296,16528,45280,15424
>a 45168,16304,45232,15376
>p 7,26
>a 45104,16304,45184,15392
>p 7,27
>a 44464,17840,45216,15408
>a 44640,17552,45104,15392
>a 44544,17600,45120,15344
>a 44544,17632,45104,15392
>a 44400,17552,44944,15424
>a 44512,17600,44880,15440
>a 44480,17712,44800,15296
>a 44400,17584,44768,15440
>a 44400,17696,44720,15472
>p 7,28
>p 7,29
>a 43888,18576,44448,15392
>p 7,30
>p 7,31
>a 42800,20672,44448,15408
>a 43056,20144,44496,15424
>a 42832,20304,44256,15408
>a 42768,20336,44176,15504
>a 42704,20352,44080,15344
>a 42512,20336,44000,15408
>a 42336,20224,43952,15376
>p 7,30
>a 42352,20304,43904,15408
>p 7,29
>p 7,28
>a 42928,18944,43792,15440
>p 7,27
>p 7,26
>a 43488,17216,43760,15408
>p 7,25
>a 43664,16592,43696,15408
>a 43632,16352,43728,15456
>a 43632,16448,43680,15408
>a 43568,16432,43648,15520
>a 43696,16464,43632,15472
>p 7,24
>a 43680,16032,43712,15344
>a 43760,15696,43632,15408
>a 43696,15792,43584,15408
>a 43728,15680,43632,15504
>a 43744,15584,43616,15392
>a 43696,15648,43632,15440
>a 43680,15600,43536,15376
>a 43728,15680,43632,15408
>a 43824,15712,43568,15392
>a 43776,15696,43664,15376
>a 43792,15712,43632,15504
>a 43792,15712,43568,15392
>a 43792,15728,43552,15392
>a 43776,15728,43568,15408
>a 43792,15824,43504,15408
>a 43744,15824,43520,15408
>a 43760,15760,43520,15408
>a 43632,15680,43520,15408
>a 43728,15776,43472,15392
>a 43664,15696,43504,15520
>a 43712,15728,43488,15392
>a 43616,15712,43408,15392
>a 43568,15840,43440,15392
>a 43472,15728,43424,15488
>p 4,90
>a 43424,16800,43120,15376
>a 43120,17152,43008,15408
>a 42800,17136,42528,15376
>a 42608,17152,42384,15392
>a 42352,17168,42112,15408
>a 42064,17136,41888,15488
>p 4,0
>a 41984,17152,41632,15408
>a 41888,17136,41744,15328
>a 41872,15392,41728,15424
>a 41968,15392,41712,15392
>a 41968,15344,41776,15488
>a 41968,15344,41744,15392
>a 42016,15328,41776,15392
>a 42032,15344,41728,15360
>a 42000,15344,41776,15504
>a 42064,15392,41792,15520
>a 42032,15248,41808,15408
>a 42144,15344,41792,15376
>a 42064,15408,41840,15504
>a 42144,15456,41856,15488
>a 42112,15344,41872,15408
>a 42224,15504,41904,15408
>a 42096,15376,41888,15360
>a 42064,15328,41888,15408
>a 42144,15344,41920,15392
>a 42192,15392,41968,15360
>a 42128,15344,41952,15408
>a 42192,15312,41872,15392
>a 42128,15344,41968,15376
>a 42272,15376,41936,15376
>a 42224,15376,41968,15328
>a 42192,15200,41968,15344
>a 42256,15344,42096,15360
>a 42272,15344,42032,15392
>a 42288,15392,42032,15424
>a 42272,15472,42000,15344
>a 42384,15360,42032,15488
>a 42224,15504,42048,15264
>a 42192,15616,42064,15408
>a 42240,15728,42064,15488
>a 42336,15664,42096,15408
>a 42272,15808,42096,15408
>a 42176,15648,42016,15456
>a 42192,15712,42016,15408
>a 42208,15824,42032,15328
>a 42224,15728,42096,15344
>a 42128,15760,41968,15408
>a 42160,15792,41952,15408
>a 42160,15808,41888,15408
>a 42080,15888,41936,15392
>a 42016,15888,41744,15328
>a 42080,15792,41856,15376
>a 41968,15776,41888,15408
>a 41968,15760,41840,15344
>a 41856,15744,41888,15472
>a 41920,15712,41840,15408
>a 41888,15712,41840,15392
>a 41904,15712,41808,15344
>a 41840,15680,41680,15392
>a 41888,15728,41888,15392
>a 41936,15840,41872,15344
>a 41872,15664,41776,15312
>a 41872,15648,41728,15424
>a 41904,15664,41728,15456
>a 41792,15680,41712,15392
>a 41840,15664,41712,15488
>a 41936,15632,41616,15392
>a 41920,15696,41696,15392
>a 41824,15680,41648,15376
>a 41968,15728,41664,15376
>a 41840,15680,41632,15392
>a 41920,15696,41664,15408
>a 41872,15760,41648,15312
>a 41808,15616,41600,15376
>a 41792,15856,41568,15360
>a 41776,15776,41648,15392
>a 41728,15648,41600,15488
>a 41872,15760,41552,15408
>a 41728,15744,41472,15392
>a 41680,15728,41520,15392
>a 41600,15712,41520,15408
>a 41648,15744,41504,15408
>a 41648,15728,41456,15472
>a 41520,15712,41488,15392
>a 41456,15712,41456,15392
>a 41520,15728,41472,15408
>p 7,0
>a 41648,15584,41456,15344
>a 41680,15312,41456,15376
>a 41728,15232,41472,15376
>a 41696,15376,41408,15408
>a 41680,15456,41472,15392
>a 41616,15328,41472,15392
>p 7,24
>a 41728,15344,41472,15360
>a 41712,15344,41488,15376
>a 41728,15472,41552,15264
>a 41696,15344,41472,15392
>a 41696,15280,41488,15392
>p 7,0
>a 41760,15248,41552,15424
>a 41712,15424,41488,15376
>a 41744,15440,41616,15376
>a 41728,15344,41520,15408
>a 41776,15328,41600,15392
>a 41728,15312,41504,15392
>p 7,24
>a 41744,15280,41520,15360
>a 41744,15232,41520,15392
>a 41744,15344,41648,15424
>a 41712,15344,41584,15392
>a 41776,15376,41568,15376
>a 41776,15424,41632,15392
>a 41760,15328,41536,15360
>a 41744,15312,41552,15280
>a 41824,15376,41584,15408
>p 7,0
>a 41760,15344,41536,15328
>a 41792,15280,41552,15328
>a 41808,15376,41584,15488
>a 41808,15344,41632,15408
>a 41824,15456,41680,15472
>p 7,24
>a 41840,15376,41648,15408
>a 41792,15328,41568,15392
>a 41840,15376,41584,15408
>a 41776,15344,41584,15392
>a 41856,15344,41584,15344
>a 41824,15344,41568,15440
>a 41808,15376,41520,15408
>a 41776,15344,41584,15360
>a 41824,15344,41584,15344
>a 41776,15280,41568,15392
>p 7,25
>p 7,26
>a 41744,15344,41616,15392
>p 7,27
>p 7,28
>a 41792,15392,41616,15408
>a 41904,15344,41632,15344
>a 40592,18544,41504,15376
>a 40624,18160,41456,15344
>a 40608,18352,41216,15424
>a 40560,18208,41264,15456
>a 40304,18368,41216,15392
>p 7,27
>a 40496,17968,41152,15344
>p 7,26
>a 40592,17488,41104,15344
>p 7,25
>a 40912,16816,41040,15296
>a 41056,16224,41008,15392
>a 40864,16320,40992,15392
>a 40800,16400,41056,15376
>p 7,26
>a 40704,16704,40944,15408
>a 40672,17120,40848,15408
>a 40592,16896,40784,15360
>p 7,27
>p 7,28
>a 40112,17872,40800,15392
>p 7,29
>a 39776,18432,40640,15424
>a 39328,19184,40560,15264
>p 7,30
>a 38992,19552,40448,15536
>a 39056,19488,40384,15392
>a 38928,19584,40272,15472
>a 38848,19616,40208,15392
>p 7,31
>p 7,32
>p 7,33
>p 7,34
>p 7,35
>p 7,36
>a 36864,23520,39984,15296
>p 7,37
>p 7,38
>a 36048,24320,39920,15392
>p 7,39
>p 7,40
>p 7,41
>p 7,42
>p 7,43
>p 7,44
>a 33776,27984,39632,15408
>p 7,45
>p 7,46
>p 7,47
>a 31728,30160,39408,15456
>p 7,48
>p 7,49
>p 7,50
>p 7,51
>a 31088,30128,39152,15344
>p 7,52
>p 7,53
>p 7,54
>p 7,55
>p 7,56
>p 7,57
>a 30784,30000,38976,15376
>a 30400,29456,38800,15344
>p 7,58
>p 7,59
>p 7,60
>p 7,61
>a 30096,29408,38576,15376
>p 7,62
>p 7,63
>p 7,64
>a 30032,29264,38400,15344
>p 7,65
>a 29952,29136,38240,15456
>p 7,66
>a 29776,28976,38000,15344
>a 29520,28784,37776,15360
>a 29408,28704,37664,15232
>p 7,64
>a 29232,28576,37488,15392
>p 7,63
>p 7,62
>p 7,59
>p 7,58
>p 7,57
>p 7,56
>p 7,55
>p 7,54
>a 29104,28320,37232,15312
>p 7,53
>p 7,52
>p 7,51
>p 7,50
>p 7,49
>a 29040,28272,37072,15376
>p 7,48
>p 7,47
>p 7,46
>p 7,45
>p 7,43
>a 28960,28272,36912,15392
>p 7,42
>p 7,41
>p 7,40
>p 7,39
>p 7,38
>a 28784,28080,36736,15360
>p 7,37
>p 7,36
>p 7,35
>p 7,34
>p 7,33
>a 29008,27344,36592,15344
>p 7,32
>p 7,31
>p 7,30
>p 7,29
>p 7,28
>p 7,27
>a 34064,19056,36640,15344
>p 7,26
>a 36656,15696,36816,15344
>p 7,25
>p 7,24
>p 7,23
>a 36960,15376,36800,15328
>a 36912,15280,36752,15344
>a 37040,15328,36880,15376
>a 37008,15312,36784,15392
>p 7,24
>p 7,25
>a 37120,15280,36864,15376
>a 37056,15712,36864,15424
>p 7,26
>a 36720,16608,36720,15456
>p 7,27
>p 7,28
>a 35760,18656,36720,15376
>a 35904,18256,36560,15328
>a 35680,18432,36560,15392
>a 35648,18384,36464,15344
>a 35552,18448,36448,15392
>a 35632,18512,36416,15360
>p 7,27
>a 35424,18240,36384,15344
>p 7,26
>a 36016,17072,36336,15200
>p 7,25
>p 7,24
>p 7,23
>a 36336,16272,36352,15344
>a 36560,15424,36352,15344
>a 36624,15328,36400,15344
>a 36656,15344,36416,15376
>a 36736,15344,36432,15392
>a 36816,15312,36384,15344
>a 36688,15328,36464,15360
>a 36704,15440,36464,15376
>a 36704,15344,36496,15376
>a 36704,15312,36432,15392
>a 36832,15312,36528,15360
>a 36784,15360,36560,15360
>a 36752,15328,36528,15424
>a 36864,15280,36720,15392
>a 36832,15312,36608,15440
>a 36800,15328,36624,15376
>a 36944,15328,36640,15344
>a 36848,15360,36640,15392
>a 36896,15312,36720,15280
>a 36960,15264,36608,15344
>a 36912,15312,36720,15296
>a 36864,15296,36720,15344
>a 36896,15296,36720,15376
>a 36880,15392,36688,15408
>a 36928,15328,36784,15360
>a 36944,15136,36720,15216
>a 36960,15216,36704,15344
>a 36928,15264,36752,15408
>a 37008,15344,36720,15376
>a 37008,15344,36720,15248
>a 37104,15312,36784,15344
>a 37040,15328,36784,15344
>a 36960,15312,36848,15376
>a 37040,15296,36784,15328
>a 37040,15408,36736,15344
>a 37024,15312,36784,15296
>a 37136,15264,36832,15408
>a 36912,15408,36880,15328
>a 37120,15424,36768,15344
>a 37104,15408,36784,15312
>a 37200,15328,36864,15344
>a 37104,15328,36720,15344
>a 37088,15264,36896,15376
>a 37008,15328,36864,15344
>a 37232,15296,36896,15376
>a 37056,15328,36896,15456
>a 37120,15264,36864,15344
>a 37152,15312,36928,15344
>a 37136,15296,36912,15376
>a 37120,15328,36912,15344
>a 37168,15296,36928,15344
>a 37152,15312,36944,15440
>a 37152,15312,36944,15360
>a 37072,15280,36912,15328
>a 37264,15408,37024,15344
>a 37168,15312,36944,15344
>a 37168,15344,36992,15344
>a 37168,15296,37088,15312
>a 37136,15280,36928,15344
>a 37168,15248,36944,15424
>a 37184,15328,36976,15344
>a 37216,15280,36928,15280
>a 37184,15216,37008,15376
>a 37232,15328,36832,15376
>a 37248,15312,37040,15296
>a 37168,15328,37008,15344
>a 37264,15200,36992,15312
>a 37296,15296,37008,15328
>a 37216,15296,36976,15344
>a 37200,15248,37040,15344
>a 37312,15328,36864,15344
>a 37424,15360,37024,15328
>a 37376,15344,36960,15312
>a 38160,15312,37152,15472
>a 43296,15504,37744,15408
>a 44576,15392,38064,15344
>a 44720,15344,38304,15328
>a 44736,15392,38560,15376
>a 44784,15456,38784,15376
>a 44816,15344,38864,15376
>a 44864,15392,39104,15344
>a 44976,15344,39232,15344
>a 44960,15392,39440,15344
>a 45056,15344,39680,15344
>a 45200,15376,39792,15344
>a 45200,15472,40048,15392
>a 45232,15520,40192,15392
>a 45296,15376,40368,15376
>a 45424,15408,40544,15392
>a 45552,15392,40672,15344
>a 45520,15344,40688,15424
>a 45616,15408,41008,15488
>a 45680,15376,41168,15344
>a 45744,15504,41440,15408
>a 45824,15392,41488,15328
>a 45856,15392,41760,15392
>a 45952,15392,41744,15344
>a 46032,15280,41936,15376
>a 46032,15392,42128,15344
>a 46144,15376,42288,15376
>a 46288,15392,42432,15408
>a 46288,15344,42480,15376
>a 46384,15376,42656,15376
>a 46448,15408,42704,15376
>a 46448,15408,42896,15424
>a 46544,15344,42992,15408
>a 46672,15376,43184,15344
>a 46688,15376,43312,15408
>a 46720,15392,43424,15424
>a 46848,15408,43568,15392
>a 46864,15328,43696,15392
>a 46944,15344,43824,15424
>a 46912,15360,43936,15392
>a 47136,15376,44000,15360
>a 47152,15360,44144,15392
>a 47168,15376,44288,15408
>a 47232,15344,44432,15392
>a 47280,15344,44560,15440
>a 47440,15392,44624,15440
>a 47472,15360,44752,15344
>a 47504,15392,44880,15376
>a 47600,15392,44992,15376
>a 47536,15344,45072,15408
>a 47712,15504,45184,15440
>a 47760,15376,45296,15392
>a 47792,15360,45424,15456
>a 47920,15408,45536,15408
>a 47920,15408,45648,15408
>a 48080,15360,45744,15344
>a 48080,15392,45840,15424
>a 48112,15376,45856,15520
>a 48272,15408,46032,15440
>a 48304,15488,46128,15408
>a 48272,15408,46272,15408
>a 48400,15504,46352,15440
>a 48400,15408,46432,15424
>a 48432,15376,46512,15424
>a 48496,15424,46576,15552
>a 48512,15248,46704,15440
>a 48720,15392,46832,15408
>a 48640,15392,46880,15408
>a 48624,15488,46976,15504
>a 48752,15376,47072,15424
>a 48816,15392,47152,15392
>a 48880,15504,47280,15456
>a 48976,15312,47328,15424
>a 48896,15408,47520,15424
>a 48912,15408,47568,15408
>a 49040,15392,47600,15504
>a 49072,15440,47648,15344
>a 49136,15376,47728,15520
>a 49200,15408,47824,15504
>a 49200,15344,47920,15504
>a 49232,15392,47904,15424
>a 49296,15408,48032,15440
>a 49392,15360,48112,15440
>a 49360,15328,48192,15456
>a 49456,15408,48272,15440
>a 49552,15424,48352,15536
>a 49520,15392,48416,15536
>a 49552,15376,48432,15424
>a 49616,15376,48496,15424
>a 49648,15408,48624,15424
>a 49728,15408,48656,15520
>a 49712,15488,48752,15456
>a 49728,15392,48752,15408
>a 49632,15344,48848,15408
>a 49840,15408,48960,15440
>a 49904,15376,48960,15472
>a 49936,15424,48976,15440
>a 49952,15424,49120,15472
>a 50000,15408,49120,15424
>a 50016,15504,49248,15424
>a 50096,15280,49232,15408
>a 50080,15376,49328,15440
>a 50160,15408,49344,15376
>a 50160,15424,49440,15440
>a 50224,15392,49456,15440
>a 50272,15376,49488,15424
>a 50352,15376,49600,15456
>a 50288,15440,49632,15392
>a 50304,15392,49632,15424
>a 50336,15280,49632,15424
>a 50416,15424,49728,15536
>a 50432,15408,49696,15344
>a 50432,15408,49776,15408
>a 50464,15408,49872,15504
>a 50512,15264,49904,15440
>a 50480,15392,50000,15536
>a 50576,15392,49984,15392
>a 50608,15488,50032,15456
>a 50640,15392,50080,15472
>a 50672,15424,50176,15456
>a 50752,15536,50144,15424
>a 50736,15408,50160,15440
>a 50816,15376,50224,15408
>a 50736,15392,50272,15472
>a 50752,15280,50320,15456
>a 50832,15424,50288,15456
>a 50848,15440,50352,15456
>a 50864,15472,50384,15424
>a 50896,15424,50448,15440
>a 50912,15408,50400,15424
>a 50912,15408,50480,15392
>a 50912,15408,50480,15440
>a 50960,15408,50608,15328
>a 50992,15376,50592,15424
>a 50976,15520,50656,15456
>a 51024,15424,50672,15440
>a 51120,15440,50624,15440
>a 51040,15344,50656,15440
>a 51120,15456,50720,15472
>a 51104,15408,50704,15440
>a 51120,15408,50752,15440
>a 51184,15408,50768,15408
>a 51168,15472,50784,15456
>a 51216,15392,50800,15424
>a 51216,15520,50912,15456
>a 51216,15392,50880,15456
>a 51248,15344,50848,15360
>a 51312,15392,50912,15536
>a 51328,15408,50976,15472
>a 51328,15408,50960,15440
>a 51280,15392,50976,15392
>a 51360,15392,51040,15440
>a 51280,15408,51072,15472
>a 51456,15408,51088,15472
>a 51376,15392,51088,15456
>a 51488,15408,51088,15488
>a 51440,15600,51088,15392
>a 51392,15408,51104,15424
>a 51504,15440,51216,15392
>a 51456,15440,51168,15552
>a 51488,15520,51200,15392
>a 51504,15408,51232,15440
>a 51488,15344,51168,15488
>a 51568,15408,51312,15520
>a 51536,15408,51232,15424
>a 51568,15408,51280,15520
>a 51568,15456,51296,15440
>a 51616,15408,51296,15456
>a 51632,15488,51328,15424
>a 51552,15424,51328,15456
>a 51632,15408,51344,15440
>a 51680,15392,51376,15408
>a 51632,15392,51360,15552
>a 51680,15328,51360,15504
>a 51664,15376,51296,15392
>a 51696,15392,51392,15456
>a 51712,15344,51376,15472
>a 51744,15520,51456,15440
>a 51760,15520,51472,15520
>a 51712,15424,51504,15424
>a 51728,15424,51504,15424
>a 51792,15440,51504,15424
>a 51792,15344,51472,15408
>a 51760,15392,51520,15504
>a 51808,15440,51536,15408
>a 51824,15440,51568,15440
>a 51856,15456,51568,15392
>a 51824,15408,51600,15408
>a 51856,15376,51552,15424
>a 51856,15344,51600,15440
>a 51872,15344,51568,15440
>a 51856,15408,51584,15312
>a 51888,15408,51568,15440
>a 51888,15408,51616,15440
>a 51888,15408,51616,15408
>a 51952,15424,51632,15440
>a 51920,15424,51648,15456
>a 51888,15440,51680,15456
>a 51936,15520,51712,15456
>a 51904,15424,51712,15568
>a 52064,15440,51728,15456
>a 52048,15408,51696,15456
>a 52000,15424,51696,15520
>a 51984,15488,51824,15440
>a 52064,15424,51760,15536
>a 52000,15344,51728,15440
>a 52048,15392,51696,15376
>a 51984,15408,51808,15472
>a 52048,15392,51776,15424
>a 52128,15424,51760,15424
>a 52144,15408,51808,15408
>a 52048,15440,51760,15424
>a 52144,15504,51744,15472
>a 52064,15584,51808,15504
>a 52096,15424,51856,15472
>a 52112,15472,51856,15472
>a 52208,15424,51824,15392
>a 52112,15456,51808,15440
>p 7,24
>a 52128,15472,51856,15440
>p 7,25
>p 7,26
>p 7,27
>p 7,28
>a 52144,15456,51872,15440
>a 52144,15424,51888,15440
>a 52176,15456,51888,15456
>a 52080,15408,51936,15472
>a 50800,19312,51792,15392
>a 51632,18064,51792,15552
>a 51456,18480,51680,15440
>a 51280,18432,51568,15456
>a 51120,18432,51536,15392
>a 51056,18336,51456,15376
>a 50960,18384,51424,15440
>p 7,30
>p 7,31
>p 7,33
>p 7,34
>p 7,35
>p 7,36
>p 7,37
>p 7,38
>p 7,39
>a 47792,25584,51152,15424
>p 7,40
>p 7,41
>p 7,42
>p 7,43
>p 7,44
>a 46704,28576,51008,15536
>p 7,45
>p 7,46
>p 7,47
>p 7,48
>p 7,49
>p 7,50
>p 7,51
>a 44496,33424,50704,15440
>p 7,52
>p 7,53
>a 44144,34704,50560,15504
>a 44784,34672,50400,15440
>a 45088,34624,50160,15440
>p 7,54
>a 45088,35088,50064,15520
>p 7,55
>a 44432,36096,49824,15392
>a 44448,35856,49648,15408
>a 44336,35920,49568,15392
>a 44208,35920,49280,15424
>a 44096,36128,49072,15440
>a 44000,35888,48944,15472
>a 44048,36016,48752,15392
>p 7,54
>p 7,53
>p 7,52
>p 7,51
>p 7,50
>p 7,49
>a 45408,32304,48624,15456
>p 7,48
>p 7,47
>p 7,46
>p 7,45
>p 7,44
>a 46768,29424,48560,15440
>p 7,43
>p 7,42
>p 7,41
>p 7,40
>p 7,39
>p 7,38
>a 48048,25248,48608,15472
>p 7,37
>p 7,36
>p 7,35
>a 48368,22608,48480,15424
>p 7,34
>p 7,33
>p 7,32
>p 7,31
>a 48752,20272,48400,15408
>p 7,30
>p 7,29
>p 7,28
>p 7,27
>p 7,26
>a 48752,17792,48368,15424
>a 48704,16592,48480,15440
>a 48592,17248,48496,15408
>a 48608,17024,48352,15456
>a 48608,17168,48480,15344
>p 7,27
>a 48528,17248,48480,15472
>p 7,28
>p 7,29
>a 48224,18912,48448,15360
>p 7,30
>p 7,31
>a 47888,20112,48400,15408
>a 48016,20288,48336,15408
>a 47888,20288,48288,15456
>a 47920,20240,48352,15408
>a 47952,20176,48224,15520
>a 47856,20240,48160,15424
>a 47792,20320,48112,15440
>a 47664,20240,48048,15504
>a 47712,20288,48112,15376
>a 47648,20160,47968,15408
>a 47728,20368,47920,15456
>p 7,30
>a 48032,19344,47920,15424
>a 47808,19840,47872,15376
>a 47920,19680,47824,15424
>a 47792,19664,47792,15392
>p 7,29
>p 7,28
>a 47920,19120,47696,15392
>a 47920,17968,47728,15392
>a 47888,18544,47728,15392
>p 7,27
>p 7,26
>p 7,25
>a 47952,17696,47728,15440
>p 7,24
>p 7,23
>a 48224,15648,47712,15440
>a 48256,15456,47792,15424
>a 48304,15488,47856,15408
>p 7,24
>p 7,25
>a 48368,15392,47952,15504
>p 7,26
>p 7,27
>p 7,28
>a 48048,16080,47920,15440
>p 7,29
>p 7,30
>p 7,31
>p 7,32
>a 47136,20944,47840,15408
>p 7,33
>p 7,34
>p 7,35
>p 7,36
>a 45840,23968,47712,15408
>a 46352,23440,47648,15504
>a 46352,23776,47584,15408
>p 7,37
>p 7,38
>p 7,39
>a 45168,26016,47408,15408
>a 45536,25344,47344,15552
>p 7,40
>a 44912,26528,47216,15408
>a 45056,26064,47088,15440
>a 44960,26144,47024,15440
>p 7,39
>p 7,38
>a 44960,25920,46960,15472
>p 7,37
>p 7,36
>a 45872,23792,46880,15408
>a 45872,23456,46752,15408
>a 45856,23584,46752,15424
>a 45584,23520,46640,15328
>a 45616,23456,46576,15408
>a 45600,23568,46528,15440
>a 45488,23568,46304,15440
>a 45360,23472,46320,15408
>a 45344,23632,46208,15440
>p 7,35
>p 7,34
>p 7,33
>a 46224,20928,46256,15408
>p 7,32
>a 45936,21008,46160,15440
>a 45840,21024,46176,15440
>a 45744,21056,46048,15392
>a 45712,21056,46032,15424
>a 45616,21056,45952,15408
>a 45472,21024,45872,15392
>p 7,33
>a 45424,21072,45808,15408
>p 7,34
>p 7,35
>p 7,36
>a 44400,23648,45824,15424
>p 7,37
>p 7,38
>p 7,39
>a 43760,25584,45616,15440
>p 7,40
>a 44064,26032,45552,15408
>p 7,41
>p 7,42
>a 43536,26960,45440,15408
>p 7,43
>a 43088,28432,45248,15360
>a 43312,28176,45328,15424
>a 43488,28208,45232,15408
>p 7,44
>p 7,45
>a 42656,30160,45152,15408
>p 7,46
>p 7,47
>a 42576,30560,44976,15328
>p 7,48
>p 7,49
>p 7,50
>p 7,51
>p 7,52
>p 7,53
>a 41552,34480,44832,15424
>p 7,54
>p 7,55
>a 43120,35680,44848,15440
>p 7,56
>p 7,57
>p 7,58
>a 43360,37536,44752,15440
>p 7,59
>p 7,60
>a 43056,39312,44688,15424
>a 43104,39440,44624,15408
>a 43312,39296,44528,15456
>a 43328,39232,44464,15424
>p 7,58
>p 7,57
>p 7,56
>p 7,55
>p 7,54
>p 7,53
>a 44624,34704,44432,15392
>p 7,52
>p 7,50
>p 7,49
>a 44576,33344,44432,15408
>p 7,48
>p 7,47
>p 7,46
>p 7,45
>p 7,44
>p 7,43
>p 7,42
>p 7,41
>a 45136,26880,44576,15504
>p 7,40
>p 7,39
>p 7,38
>p 7,37
>p 7,36
>p 7,35
>a 45360,23408,44592,15424
>p 7,34
>p 7,33
>a 45680,21344,44720,15408
>p 7,31
>p 7,30
>a 45792,19888,44752,15440
>a 45440,19712,44848,15488
>p 7,29
>p 7,28
>p 7,27
>a 45808,18752,44912,15392
>p 7,26
>a 46256,17136,45008,15344
>a 46064,17104,45168,15344
>p 7,27
>p 7,28
>p 7,29
>a 45616,18688,45168,15392
>p 7,30
>p 7,31
>p 7,32
>p 7,33
>a 45344,20752,45232,15424
>p 7,34
>p 7,35
>p 7,36
>p 7,37
>a 45024,24368,45168,15424
>p 7,38
>p 7,39
>p 7,40
>a 44816,25888,45136,15376
>p 7,41
>p 7,42
>p 7,43
>p 7,44
>p 7,45
>a 43824,29472,45104,15424
>p 7,46
>a 43920,30240,44944,15392
>p 7,45
>p 7,43
>p 7,42
>p 7,41
>p 7,39
>a 45488,26672,45056,15392
>p 7,38
>p 7,37
>a 45408,22896,45040,15328
>p 7,36
>p 7,35
>p 7,33
>p 7,32
>p 7,31
>p 7,30
>a 45824,20768,45120,15392
>a 45712,18720,45152,15408
>p 7,31
>p 7,32
>p 7,33
>p 7,34
>p 7,35
>a 45104,22560,45168,15440
>p 7,36
>p 7,37
>p 7,38
>a 44736,25232,45120,15408
>p 7,39
>p 7,40
>p 7,41
>a 44624,26496,45040,15408
>p 7,42
>p 7,43
>p 7,44
>p 7,45
>a 43616,30176,44848,15408
>p 7,46
>a 44336,29312,44928,15392
>a 44096,30096,44800,15472
>a 44144,30160,44848,15408
>p 7,45
>p 7,44
>p 7,43
>p 7,42
>p 7,41
>p 7,40
>a 45056,26800,44816,15440
>p 7,39
>p 7,38
>p 7,37
>p 7,36
>p 7,35
>p 7,34
>a 45200,22960,44832,15472
>p 7,33
>a 45200,21328,44832,15392
>p 7,32
>p 7,31
>p 7,30
>a 45536,20080,44880,15424
>a 45328,19648,44960,15440
>p 7,29
>a 45696,19040,45040,15504
>a 45488,19136,45056,15456
>a 45696,19008,45088,15344
>p 7,28
>a 45584,19008,45152,15392
>p 7,27
>p 7,26
>p 7,25
>a 46384,16848,45248,15392
>a 46608,15904,45392,15440
>a 46288,16352,45456,15328
>p 7,24
>p 7,23
>a 46800,15840,45600,15440
>a 46976,15424,45680,15424
>p 7,24
>p 7,23
>p 7,24
>p 7,26
>p 7,25
>a 47072,15392,45808,15360
>p 7,26
>a 46672,16016,45808,15408
>p 7,27
>p 7,28
>a 46016,18032,45872,15408
>p 7,29
>a 45968,19360,45824,15424
>p 7,30
>a 46112,18992,45872,15424
>a 46000,19632,45920,15424
>p 7,31
>a 45936,20256,45872,15392
>p 7,32
>p 7,33
>a 45760,22000,45840,15376
>a 46016,21360,45856,15440
>p 7,34
>p 7,35
>a 45600,22896,45744,15424
>a 45904,22656,45776,15232
>p 7,36
>a 45552,23952,45680,15520
>a 45664,23424,45552,15488
>a 45744,23568,45648,15504
>a 45632,23536,45584,15408
>a 45584,23600,45456,15360
>a 45520,23712,45520,15408
>a 45616,23632,45488,15408
>a 45440,23600,45344,15440
>a 45424,23664,45424,15440
>a 45312,23664,45360,15408
>a 45312,23552,45296,15328
>a 45136,23680,45264,15392
>p 7,35
>a 45328,22672,45216,15392
>a 45232,23184,45264,15424
>a 45104,22800,45200,15408
>a 45056,23008,45168,15376
>a 45120,22992,45120,15408
>a 44976,22944,45136,15360
>a 45024,22944,45104,15392
>a 44944,22896,45072,15488
>a 44944,22896,45056,15472
>a 44848,22960,45008,15472
>a 44976,22896,44912,15440
>a 44976,22832,44912,15392
>a 44928,22832,44976,15408
>a 44848,22864,44880,15424
>a 44944,22832,44864,15472
>a 44880,22864,44848,15424
>a 44960,22992,44816,15360
>a 44912,22832,44720,15408
>a 44960,22896,44752,15408
>a 44848,22864,44736,15424
>a 44832,22720,44656,15392
>a 44800,22944,44672,15440
>a 44752,22944,44624,15520
>a 44720,23008,44608,15424
>p 7,36
>a 44496,23904,44656,15392
>p 7,37
>p 7,38
>a 44064,25152,44480,15520
>p 7,39
>a 43952,25680,44464,15440
>a 44032,25552,44400,15408
>a 43920,25584,44352,15424
>a 44000,25664,44320,15408
>p 7,40
>p 7,41
>a 43376,26912,44240,15424
>a 43824,26800,44144,15392
>a 43568,26992,44192,15408
>a 43600,26800,44016,15488
>p 7,40
>p 7,39
>a 43808,25760,44080,15424
>p 7,38
>a 43984,24832,44016,15488
>p 7,37
>p 7,36
>a 44128,23440,44016,15408
>p 7,35
>a 44128,22944,44016,15408
>p 7,34
>a 44208,21888,44016,15408
>p 7,33
>a 44144,21344,44048,15424
>a 44160,21616,44064,15408
>a 44336,21520,44080,15408
>p 7,32
>a 44320,21600,44048,15376
>p 7,31
>p 7,30
>a 44720,18848,44064,15392
>a 44416,20032,44064,15392
>a 44576,19536,44224,15344
>p 7,29
>a 44688,19296,44272,15424
>p 7,28
>p 7,27
>p 7,26
>a 45216,17168,44304,15376
>a 45328,16672,44320,15440
>p 7,27
>p 7,28
>a 44976,17536,44336,15344
>p 7,29
>p 7,30
>a 44624,20016,44416,15488
>p 7,31
>p 7,32
>p 7,33
>p 7,34
>a 44480,21840,44368,15392
>p 7,35
>a 44336,23280,44336,15392
>p 7,34
>a 44416,22816,44336,15392
>p 7,33
>p 7,32
>p 7,31
>a 44720,20400,44464,15408
>p 7,30
>p 7,29
>a 44720,19600,44448,15456
>p 7,28
>p 7,27
>p 7,26
>a 45088,17904,44512,15504
>p 7,25
>p 7,24
>p 7,23
>a 45872,15776,44640,15392
>a 46224,15440,44736,15440
>a 46400,15344,44848,15376
>a 46496,15392,45056,15392
>a 46560,15376,45104,15408
>a 46672,15440,45216,15472
>a 46768,15376,45328,15408
>a 46912,15408,45392,15408
>a 47024,15408,45536,15440
>a 46928,15408,45632,15424
>a 47056,15408,45680,15440
>a 47136,15344,45824,15536
>a 47184,15360,45888,15456
>a 47280,15520,45920,15408
>a 47360,15312,46080,15408
>a 47360,15360,46160,15408
>a 47536,15392,46224,15376
>a 47536,15408,46384,15408
>a 47568,15472,46512,15376
>a 47616,15408,46608,15392
>a 47792,15408,46480,15424
>a 47696,15472,46624,15424
>a 47824,15408,46768,15456
>a 47872,15328,46832,15456
>a 47920,15408,46928,15424
>a 47984,15392,47008,15408
>a 48016,15424,47088,15536
>a 48080,15408,47152,15424
>a 48048,15536,47184,15424
>a 48112,15392,47184,15408
>a 48160,15392,47312,15376
>a 48256,15424,47344,15488
>a 48208,15392,47424,15392
>a 48288,15488,47504,15424
>a 48240,15376,47536,15408
>a 48416,15408,47648,15424
>a 48464,15440,47664,15408
>a 48448,15392,47792,15456
>a 48496,15408,47792,15392
>a 48560,15392,47840,15424
>a 48560,15376,47920,15440
>a 48624,15424,47952,15456
>a 48656,15408,48000,15408
>a 48576,15424,48048,15440
>a 48720,15408,48112,15552
>a 48800,15408,48192,15408
>a 48752,15424,48176,15344
>a 48864,15424,48256,15344
>a 48848,15504,48272,15488
>a 48928,15376,48272,15424
>a 49040,15344,48336,15408
>a 49008,15472,48432,15440
>a 49040,15376,48560,15408
>a 48960,15440,48496,15392
>a 49072,15504,48592,15440
>a 49088,15328,48576,15376
>a 49136,15408,48656,15408
>a 49104,15424,48672,15456
>a 49248,15344,48640,15440
>a 49296,15392,48736,15440
>a 49264,15376,48784,15424
>a 49328,15344,48768,15424
>a 49360,15376,48816,15456
>a 49264,15392,48880,15440
>a 49536,15408,48944,15440
>a 49488,15488,48896,15440
>a 49488,15408,49008,15440
>a 49456,15360,49008,15536
>a 49504,15408,49072,15456
>a 49584,15392,49120,15424
>a 49600,15408,49104,15504
>a 49648,15408,49184,15408
>a 49664,15504,49232,15424
>a 49696,15392,49200,15488
>a 49712,15408,49248,15312
>a 49696,15312,49296,15408
>a 49760,15424,49264,15344
>a 49808,15408,49392,15440
>a 49792,15376,49360,15424
>a 49776,15408,49440,15440
>a 49872,15280,49424,15424
>a 49888,15376,49552,15392
>a 50000,15328,49520,15408
>a 49968,15344,49520,15392
>a 49968,15408,49584,15408
>a 50016,15424,49568,15424
>a 50000,15392,49600,15440
>a 50144,15408,49648,15392
>a 50096,15424,49664,15440
>a 50160,15408,49680,15440
>