
>
>
>
>
>? ... SW reset
>-l d0,d1,d2,d3,,d4,d5,d6,d7
>
>
>
>-l
>
>
>
>-u s
>
>
>
>+m 9
>
>
>
>u 700
>
>
>
>s 180,180,50
>
>
>
>q 270,300,365,50,105
>
>q 350,220,300,100,175
>
>
>
>t
0,0,0
100,0,0
100,0,0
200,0,0
200,0,0
1100,0,0
1100,0,0
1110,0,0
1115,0,0
>
>t
0,0,0
100,0,0
100,0,0
200,0,0
200,0,0
1100,0,0
1100,0,0
1110,0,0
1115,0,0
>
>t
0,0,0
100,0,0
100,0,0
200,0,0
200,0,0
1100,0,0
1100,0,0
1110,0,0
1115,0,0
>
>? ... SW reset
>-l d0,d1,d2,d3,,d4,d5,d6,d7
>
>
>
>-l
>
>
>
>-u s
>
>
>
>+m 9
>
>
>
>u 700
>
>
>
>s 180,180,50
>
>
>
>q 270,300,365,50,105
>
>q 350,220,300,100,175
>
>
>
>? ... SW reset
>-l d0,d1,d2,d3,,d4,d5,d6,d7
>
>
>
>-l
>
>
>
>-u s
>
>
>
>+m 9
>
>
>
>u 700
>
>
>
>s 180,180,50
>
>
>
>q 270,300,365,50,105
>
>q 350,220,300,100,175
>
>
>
>