
>
>v 1 Jul 11 2014, <C1459854>
>a 15488,15168,15104,15136
>a 15440,15184,15200,15216
>a 15392,15184,15296,15152
>a 15408,15152,15168,15152
>a 15424,15184,15280,15168
>a 15536,15152,15168,15216
>a 15440,15184,15184,15216
>a 15248,15200,15200,15232
>a 15408,15184,15184,15168
>a 15376,15152,15104,15216
>a 15456,15216,15184,15200
>a 15456,15248,15200,15184
>a 15424,15280,15264,15200
>a 15392,15120,15264,15152
>a 15376,15168,15200,15152
>a 15456,15200,15200,15232
>a 15392,15200,15264,15264
>a 15520,15136,15200,15136
>a 15488,15184,15200,15216
>a 15424,15120,15216,15200
>a 15280,15184,15168,15216
>a 15408,15200,15200,15184
>a 15440,15152,15216,15216
>a 15408,15168,15200,15200
>a 15472,15280,15184,15216
>a 15424,15200,15200,15248
>a 15440,15280,15088,15248
>a 15392,15168,15248,15216
>a 15408,15120,15280,15168
>a 15424,15056,15152,15200
>a 15344,15200,15200,15184
>a 15408,15328,15200,15152
>a 15440,15200,15200,15200
>p 6,90
>a 15424,15184,15200,15216
>a 15472,15168,15200,15216
>a 15424,15168,15200,15216
>a 15456,15200,15232,15200
>a 15520,15152,15200,15216
>a 15408,15136,15200,15184
>p 6,0
>a 15568,15216,15200,15216
>a 15616,15152,15072,15232
>a 15680,15280,15216,15216
>a 15744,15040,15184,15280
>a 15824,15136,15184,15216
>a 15904,15184,15216,15184
>a 15968,15088,15200,15232
>a 16016,15280,15184,15184
>a 16032,15184,15280,15280
>a 16032,15216,15200,15216
>a 16032,15200,15200,15216
>a 16144,15184,15120,15184
>a 16160,15136,15168,15168
>a 16176,15184,15168,15280
>a 16224,15216,15216,15200
>a 16208,15184,15120,15184
>a 16224,15152,15168,15216
>p 5,90
>a 16352,15280,15184,15200
>a 16272,15216,15216,15184
>a 16384,15120,15152,15168
>a 16320,15088,15184,15216
>a 16336,15216,15120,15200
>a 16336,15152,15264,15200
>a 16336,15152,15136,15216
>p 5,0
>a 16384,15184,15184,15216
>a 16480,15200,15184,15200
>a 16416,15200,15216,15168
>a 16416,15184,15296,15216
>a 16336,15168,15120,15200
>a 16464,15136,15152,15200
>a 16400,15264,15248,15136
>a 16432,15184,15152,15216
>p 4,90
>a 16432,15184,15184,15200
>a 16480,15136,15200,15248
>a 16464,15136,15280,15312
>a 16432,15200,15184,15216
>a 16480,15264,15136,15216
>a 16496,15120,15168,15216
>a 16528,15168,15200,15216
>a 16512,15168,15136,15248
>a 16480,15184,15184,15200
>p 4,0
>a 16464,15152,15200,15216
>a 16576,15184,15184,15168
>a 16528,15184,15168,15168
>a 16544,15248,15168,15216
>a 16480,15248,15280,15200
>p 4,90
>a 16560,15184,15184,15168
>a 16560,15152,15184,15216
>a 16496,15200,15152,15248
>a 16528,15168,15136,15200
>a 16592,15200,15200,15200
>a 16624,15088,15152,15184
>a 16624,15184,15152,15184
>a 16576,15184,15184,15184
>a 16608,15152,15120,15216
>a 16640,15280,15200,15168
>a 16608,15200,15184,15216
>a 16560,15248,15184,15216
>a 16608,15168,15184,15200
>a 16736,15200,15168,15216
>a 16640,15248,15184,15184
>a 16688,15248,15248,15216
>a 16672,15216,15280,15216
>a 16672,15152,15248,15200
>a 16656,15184,15168,15216
>p 6,90
>a 16352,15168,15328,15344
>a 15600,15264,15088,15200
>a 15440,15152,15168,15200
>a 15408,15152,15184,15136
>a 15424,15200,15184,15168
>a 15344,15184,15184,15296
>a 15344,15200,15184,15232
>a 15392,15136,15248,15152
>a 15408,15216,15392,15184
>a 15408,15232,15136,15216
>a 15456,15120,15168,15200
>a 15392,15184,15264,15168
>a 15392,15184,15184,15312
>a 15408,15184,15168,15200
>a 15376,15200,15200,15216
>a 15376,15168,15168,15248
>p 6,0
>a 15408,15216,15184,15200
>a 15280,15280,15248,15216
>a 15392,15200,15152,15184
>a 15424,15184,15216,15232
>p 6,90
>a 15408,15248,15104,15200
>a 15424,15168,15136,15152
>a 15440,15200,15296,15312
>a 15376,15152,15120,15136
>a 15424,15232,15136,15200
>a 15424,15184,15184,15296
>a 15392,15072,15280,15200
>a 15472,15200,15200,15200
>a 15408,15184,15136,15184
>a 15392,15152,15104,15184
>a 15392,15184,15152,15296
>a 15488,15184,15152,15200
>a 15408,15216,15168,15296
>a 15408,15168,15168,15392
>a 15456,15280,15152,15200
>a 15392,15200,15152,15232
>a 15424,15136,15120,15200
>a 15424,15200,15152,15184
>a 15408,15184,15200,15264
>a 15488,15200,15120,15232
>a 15376,15248,15184,15200
>a 15376,15280,15216,15200
>a 15440,15072,15184,15216
>a 15392,15200,15152,15120
>a 15408,15104,15200,15200
>a 15440,15280,15264,15232
>a 15408,15280,15136,15200
>a 15440,15168,15200,15200
>a 15408,15152,15184,15200
>a 15504,15200,15184,15200
>a 15408,15168,15200,15200
>a 15424,15168,15136,15168
>a 15520,15264,15184,15184
>a 15392,15152,15184,15136
>a 15408,15152,15168,15216
>a 15376,15200,15184,15216
>a 15344,15200,15184,15200
>a 15408,15152,15168,15184
>a 15440,15200,15200,15216
>a 15424,15216,15136,15232
>a 15408,15184,15312,15168
>a 15472,15152,15136,15216
>a 15408,15184,15184,15152
>a 15392,15200,15152,15216
>a 15568,15216,15184,15152
>a 15392,15184,15184,15232
>a 15392,15152,15200,15168
>a 15344,15168,15168,15168
>a 15408,15168,15200,15072
>a 15536,15184,15072,15152
>a 15408,15248,15232,15152
>a 15504,15136,15248,15216
>a 15424,15168,15152,15216
>a 15424,15168,15200,15216
>a 15376,15232,15280,15168
>a 15408,15184,15168,15296
>a 15392,15152,15248,15200
>a 15344,15184,15168,15200
>a 15408,15152,15200,15216
>a 15328,15152,15184,15232
>a 15344,15296,15168,15216
>a 15424,15200,15088,15232
>a 15408,15248,15168,15152
>a 15328,15152,15184,15216
>a 15392,15264,15184,15136
>a 15376,15088,15168,15152
>a 15408,15088,15024,15088
>a 15520,15216,15120,15168
>a 15392,15168,15120,15184
>a 15408,15184,15152,15184
>a 15408,15168,15136,15200
>a 15424,15184,15184,15216
>a 15424,15168,15168,15216
>a 15344,15200,15152,15184
>a 15440,15200,15184,15296
>a 15344,15152,15152,15216
>a 15408,15312,15168,15136
>a 15408,15136,15184,15216
>a 15392,15264,15184,15200
>a 15424,15184,15136,15328
>a 15392,15136,15152,15152
>a 15376,15136,15152,15200
>a 15392,15136,15296,15312
>a 15424,15168,15216,15328
>a 15440,15184,15248,15216
>a 15312,15136,15184,15216
>a 15520,15120,15184,15280
>a 15264,15152,15168,15376
>a 15424,15200,15312,15216
>a 15504,15152,15168,15200
>a 15376,15120,15264,15216
>a 15392,15136,15344,15232
>a 15344,15152,15168,15152
>a 15440,15248,15120,15216
>a 15440,15200,15152,15248
>a 15408,15184,15120,15168
>a 15408,15120,15200,15200
>a 15424,15200,15184,15136
>a 15376,15152,15152,15280
>a 15392,15152,15280,15280
>a 15424,15120,15168,15184
>a 15392,15184,15168,15168
>a 15520,15216,15200,15216
>a 15376,15200,15184,15152
>a 15312,15168,15152,15184
>a 15408,15184,15280,15232
>a 15248,15152,15168,15184
>a 15408,15152,15216,15200
>a 15424,15184,15168,15248
>a 15568,15168,15024,15216
>a 15440,15168,15120,15344
>a 15376,15184,15168,15184
>a 15392,15168,15136,15232
>a 15456,15184,15184,15136
>a 15408,15152,15184,15200
>a 15440,15184,15216,15232
>a 15408,15216,15152,15200
>a 15408,15200,15184,15392
>a 15408,15152,15200,15232
>a 15408,15184,15152,15200
>a 15376,15184,15152,15184
>a 15360,15280,15168,15056
>a 15376,15152,15168,15200
>a 15424,15184,15184,15216
>a 15408,15168,15248,15200
>a 15424,15152,15184,15200
>a 15424,15168,15184,15088
>a 15440,15216,15248,15248
>a 15424,15168,15168,15216
>a 15536,14992,15184,15232
>a 15392,15200,15232,15184
>a 15440,15120,15184,15280
>a 15424,15184,15168,15200
>a 15440,15248,15264,15312
>a 15408,15216,15184,15216
>a 15344,15216,15200,15312
>a 15424,15136,15152,15184
>a 15424,15216,15168,15216
>a 15504,15072,15216,15184
>a 15632,15184,15200,15232
>a 15648,15120,15216,15232
>a 15920,15184,15264,15184
>a 16336,15200,15280,15200
>a 17056,15184,15264,15168
>a 17440,15184,15536,15296
>a 17888,15216,15456,15200
>p 6,0
>a 18288,15216,15536,15232
>a 21936,15248,15280,15216
>a 24784,15216,15408,15200
>a 26480,15216,15248,15312
>a 27600,15152,15248,15392
>p 6,90
>a 24224,15216,15776,15216
>a 20960,15232,15696,15088
>a 20672,15216,15728,15232
>a 21680,15392,15792,15216
>a 22544,15312,15936,15248
>a 23008,15344,16048,15216
>a 23376,15296,16096,15248
>a 23712,15280,16112,15216
>a 23872,15408,16176,15296
>a 24016,15312,16192,15280
>p 5,90
>a 24272,15376,16928,15216
>a 24528,15312,16944,15344
>a 24800,15344,17104,15216
>a 25056,15360,17248,15344
>a 25376,15360,17392,15232
>a 25664,15392,17520,15248
>a 26032,15376,17728,15328
>a 26368,15360,17776,15184
>a 26496,15408,17856,15216
>a 26928,15376,18016,15216
>a 27232,15408,18160,15232
>a 27504,15344,18288,15216
>a 27792,15360,18448,15216
>a 28112,15408,18560,15312
>p 4,0
>a 28304,15440,18720,15216
>a 28704,15136,18864,15248
>a 29008,15376,19168,15200
>a 29248,15280,19248,15248
>a 29600,15232,19376,15216
>p 4,90
>a 29808,15296,19568,15216
>a 30064,15216,19520,15248
>a 30272,15216,19840,15216
>a 30544,15216,19952,15216
>a 30880,15280,20096,15328
>a 31152,15408,20304,15344
>a 31280,15424,20320,15264
>a 31664,15344,20400,15120
>a 31920,15264,20624,15248
>a 32144,15376,20704,15168
>a 32352,15280,20944,15216
>a 32624,15408,20912,15232
>a 32848,15280,21120,15248
>a 33136,15280,21232,15376
>p 4,0
>a 33360,15280,21360,15264
>a 33584,15328,21616,15344
>a 33872,15264,21808,15264
>a 34080,15280,21984,15344
>a 34272,15248,22208,15280
>a 34688,15456,22368,15248
>p 4,90
>a 34704,15312,22624,15280
>a 34960,15312,22704,15296
>a 35056,15264,22720,15216
>a 35360,15312,22848,15264
>a 35568,15296,23024,15232
>a 35824,15312,23120,15152
>a 36048,15440,23280,15248
>a 36160,15328,23408,15264
>a 36400,15296,23504,15264
>a 36624,15280,23616,15264
>a 36880,15424,23792,15248
>a 36912,15296,23856,15376
>a 37312,15344,24048,15344
>a 37520,15264,24160,15376
>a 37744,15344,24240,15264
>a 37920,15344,24448,15296
>a 38096,15344,24432,15280
>a 38224,15328,24672,15264
>a 38352,15344,24720,15200
>a 38496,15376,24896,15264
>a 38656,15360,25072,15376
>a 38752,15360,25184,15312
>a 38816,15456,25264,15280
>a 38960,15344,25376,15264
>a 39152,15328,25520,15136
>a 39264,15344,25520,15280
>a 39392,15392,25760,15312
>a 39536,15392,25856,15312
>a 39600,15360,25952,15296
>p 4,0
>a 39680,15376,26064,15296
>a 39824,15440,26368,15312
>a 39888,15328,26544,15344
>a 39968,15344,26896,15232
>a 40080,15424,27024,15280
>p 4,90
>a 40112,15328,27184,15168
>a 40256,15344,27200,15296
>a 40240,15360,27376,15328
>a 40416,15344,27408,15200
>a 40496,15344,27536,15280
>a 40560,15264,27632,15280
>a 40608,15328,27696,15280
>a 40672,15312,27808,15328
>a 40800,15344,27888,15296
>a 40880,15328,27952,15296
>a 40912,15568,28080,15392
>a 40880,15312,28192,15312
>a 40944,15376,28384,15344
>a 40960,15344,28384,15328
>a 41040,15344,28400,15280
>a 41072,15376,28544,15408
>a 41104,15328,28624,15328
>a 41120,15344,28704,15296
>a 41216,15440,28784,15296
>a 41312,15344,28816,15296
>a 41296,15424,28944,15296
>a 41408,15440,29040,15328
>a 41392,15344,29152,15312
>a 41488,15456,29200,15280
>a 41488,15344,29312,15312
>a 41552,15376,29456,15376
>a 41600,15376,29488,15328
>a 41664,15344,29568,15360
>a 41760,15312,29616,15424
>a 41744,15408,29744,15248
>a 41744,15344,29760,15280
>a 41888,15328,29904,15312
>a 41872,15440,29936,15392
>a 41888,15328,30032,15248
>a 41904,15376,30128,15392
>a 41952,15312,30224,15296
>a 41968,15328,30256,15280
>a 42064,15344,30336,15264
>a 42096,15344,30512,15312
>a 42096,15344,30480,15312
>a 42176,15344,30576,15296
>a 42192,15392,30560,15328
>a 42256,15376,30688,15408
>a 42192,15360,30768,15392
>a 42288,15344,30912,15328
>a 42336,15376,30944,15312
>a 42384,15216,30976,15296
>a 42400,15392,31088,15312
>a 42416,15392,31120,15296
>a 42544,15328,31120,15312
>a 42544,15456,31280,15328
>a 42576,15392,31344,15344
>a 42544,15472,31424,15344
>a 42576,15344,31440,15328
>a 42656,15344,31600,15312
>a 42752,15344,31616,15328
>a 42704,15376,31680,15296
>a 42752,15312,31760,15344
>a 42768,15328,31856,15424
>a 42768,15328,31904,15328
>a 42848,15376,31904,15296
>a 42912,15408,32016,15328
>a 42896,15280,32064,15344
>a 42928,15424,32160,15344
>a 42992,15472,32160,15344
>a 43024,15392,32320,15344
>a 43088,15392,32304,15232
>a 43088,15376,32304,15328
>a 42992,15376,32400,15328
>a 43120,15376,32560,15360
>a 43184,15392,32560,15344
>a 43280,15472,32560,15328
>a 43120,15392,32752,15344
>a 43264,15392,32736,15344
>a 43264,15408,32688,15344
>a 43344,15440,32816,15280
>a 43376,15472,32848,15312
>a 43344,15376,32960,15328
>a 43360,15392,32976,15424
>a 43408,15408,33056,15296
>a 43424,15408,33168,15344
>a 43408,15344,33104,15344
>a 43440,15360,33200,15504
>a 43472,15472,33296,15344
>a 43504,15344,33312,15312
>a 43632,15392,33360,15328
>a 43648,15392,33376,15408
>a 43616,15408,33536,15328
>a 43632,15376,33472,15328
>a 43568,15392,33568,15344
>a 43648,15392,33616,15344
>a 43632,15392,33664,15344
>a 43696,15360,33712,15344
>a 43696,15408,33808,15344
>a 43792,15424,33776,15344
>a 43824,15376,33920,15344
>a 43760,15392,33904,15296
>a 43856,15392,33760,15344
>a 43792,15376,33920,15328
>a 43792,15376,34048,15280
>a 43856,15392,34048,15344
>a 43856,15472,34096,15344
>a 43856,15408,34160,15328
>a 43888,15408,34176,15344
>a 43920,15424,34256,15296
>a 43936,15392,34256,15280
>a 43952,15360,34256,15344
>a 43952,15360,34384,15344
>a 44000,15360,34368,15440
>a 44032,15344,34512,15344
>a 44000,15392,34480,15344
>a 44048,15328,34512,15344
>a 44064,15376,34608,15216
>a 44112,15424,34592,15360
>a 44128,15344,34624,15344
>a 44112,15392,34688,15344
>a 44208,15344,34688,15456
>a 44224,15392,34768,15312
>a 44192,15392,34816,15312
>a 44240,15344,34896,15376
>a 44176,15408,34928,15344
>a 44368,15392,34816,15344
>a 44240,15408,34960,15344
>a 44224,15392,34960,15280
>a 44288,15392,35072,15344
>a 44288,15424,35056,15344
>a 44304,15344,35104,15328
>a 44256,15424,35104,15376
>a 44352,15408,35152,15328
>a 44384,15424,35216,15360
>a 44432,15408,35216,15312
>a 44368,15392,35264,15344
>a 44432,15376,35232,15280
>a 44416,15392,35264,15344
>a 44464,15424,35376,15424
>a 44464,15440,35376,15328
>a 44400,15392,35408,15344
>a 44448,15392,35440,15296
>a 44496,15376,35456,15264
>a 44544,15328,35552,15440
>a 44528,15408,35488,15328
>a 44528,15392,35536,15344
>a 44512,15376,35600,15328
>a 44544,15552,35744,15392
>a 44496,15392,35680,15376
>a 44608,15408,35824,15344
>a 44640,15440,35728,15408
>a 44592,15392,35728,15344
>a 44592,15424,35760,15360
>a 44576,15376,35776,15344
>a 44640,15248,35824,15312
>a 44656,15440,35872,15440
>a 44656,15408,35744,15344
>a 44640,15344,35872,15328
>a 44704,15408,35936,15344
>a 44816,15408,35920,15424
>a 44704,15408,35920,15344
>a 44688,15376,35952,15344
>a 44736,15344,35968,15344
>a 44768,15296,36128,15328
>a 44768,15344,36160,15344
>a 44784,15376,36112,15376
>a 44784,15408,36128,15344
>a 44800,15408,36160,15312
>a 44848,15408,36160,15280
>a 44784,15408,36208,15376
>a 44816,15440,36192,15392
>a 44816,15424,36336,15376
>a 44848,15424,36272,15376
>a 44832,15424,36256,15312
>a 44832,15408,36336,15360
>a 44848,15424,36336,15376
>a 44896,15408,36336,15344
>a 44864,15344,36320,15200
>a 44896,15408,36400,15344
>a 45024,15424,36448,15344
>a 44944,15424,36464,15344
>a 44912,15408,36448,15392
>a 44928,15408,36496,15360
>a 44960,15440,36608,15280
>a 44976,15344,36544,15360
>a 44976,15440,36528,15472
>a 44848,15392,36512,15328
>a 44944,15408,36592,15248
>a 44976,15424,36608,15344
>a 45104,15376,36624,15344
>a 45024,15408,36640,15344
>a 45104,15360,36752,15376
>a 44976,15392,36704,15392
>a 45072,15392,36704,15392
>a 45056,15408,36704,15344
>a 45056,15344,36608,15264
>a 45088,15408,36720,15456
>a 45104,15376,36784,15440
>a 45104,15392,36800,15408
>p 7,23
>a 45136,15392,36864,15376
>a 45168,15504,36832,15392
>a 45104,15424,36816,15264
>a 45024,15408,36944,15424
>a 45104,15392,36880,15344
>p 7,0
>a 45136,15424,36912,15344
>a 45136,15408,36928,15312
>a 45088,15424,36864,15344
>a 45136,15376,36928,15344
>a 45088,15408,37072,15328
>a 44960,15440,36992,15344
>p 7,23
>a 45216,15376,37008,15344
>a 45056,15376,36992,15296
>a 45088,15408,37008,15344
>a 45104,15376,37024,15392
>a 45136,15408,36992,15328
>p 7,0
>a 45104,15424,37040,15344
>a 45104,15392,37040,15520
>a 45152,15520,37184,15376
>a 45280,15408,37056,15376
>a 45136,15408,37136,15344
>a 45232,15488,37056,15344
>a 45152,15344,37136,15344
>a 45168,15408,37136,15312
>p 7,23
>a 45184,15344,37136,15376
>a 45200,15264,37184,15344
>a 45232,15392,37168,15344
>a 45136,15376,37168,15344
>a 45216,15408,37296,15344
>a 45168,15536,37104,15360
>p 7,0
>a 45216,15392,37216,15424
>a 45232,15408,37280,15360
>a 45232,15408,37248,15312
>a 45248,15440,37280,15344
>a 45232,15440,37312,15392
>a 45232,15264,37296,15344
>p 7,23
>a 45296,15328,37344,15392
>a 45232,15408,37344,15344
>a 45360,15376,37344,15344
>a 45264,15376,37328,15344
>a 45280,15424,37344,15408
>a 45104,15344,37264,15392
>p 7,0
>a 45312,15440,37392,15344
>a 45264,15376,37360,15360
>a 45280,15456,37392,15344
>a 45280,15392,37424,15456
>a 45200,15504,37392,15408
>a 45200,15392,37408,15344
>a 45264,15408,37392,15328
>a 45168,15456,37408,15344
>a 45216,15408,37552,15344
>a 45200,15424,37424,15344
>a 45200,15392,37456,15424
>a 45200,15424,37504,15536
>a 45232,15344,37504,15376
>a 45168,15424,37472,15440
>a 45232,15488,37520,15360
>a 45216,15408,37456,15376
>a 45200,15504,37456,15344
>a 45232,15328,37648,15376
>a 45312,15408,37552,15392
>a 45200,15376,37536,15344
>a 45248,15408,37600,15344
>a 45280,15392,37552,15344
>a 45328,15376,37568,15376
>a 45344,15424,37616,15424
>a 45200,15376,37568,15360
>p 7,23
>a 45280,15440,37600,15376
>a 45168,15472,37584,15312
>a 45232,15392,37632,15328
>a 45232,15424,37616,15456
>a 45296,15376,37648,15440
>a 45280,15456,37616,15392
>a 45312,15440,37680,15312
>a 45296,15408,37616,15312
>a 45296,15440,37744,15424
>a 45328,15408,37584,15344
>a 45312,15424,37664,15392
>a 45296,15440,37648,15424
>a 45344,15408,37680,15344
>a 45312,15392,37680,15472
>a 45296,15408,37680,15456
>p 7,24
>p 7,25
>p 7,26
>a 45264,15408,37712,15376
>p 7,27
>p 7,28
>p 7,29
>p 7,30
>a 45232,15280,37792,15392
>a 45296,15408,37664,15392
>a 44592,18272,37712,15456
>a 44208,23936,37632,15280
>a 44688,23744,37600,15392
>a 45008,23968,37712,15344
>a 45184,23952,37728,15344
>a 45264,23920,37872,15408
>p 7,31
>p 7,32
>a 45328,24032,37744,15344
>p 7,33
>p 7,34
>p 7,35
>a 45328,23920,37792,15376
>p 7,36
>p 7,37
>p 7,38
>a 45344,23920,37744,15456
>a 45296,23952,37888,15360
>a 45360,23792,37792,15376
>a 45232,23920,37792,15344
>a 45280,23888,37792,15376
>a 45328,23920,37840,15376
>a 45296,23888,37808,15328
>p 7,39
>p 7,40
>p 7,41
>p 7,42
>p 7,43
>p 7,44
>p 7,45
>a 45360,23936,37856,15344
>p 7,46
>p 7,47
>p 7,48
>p 7,49
>p 7,50
>a 40416,34528,37568,15376
>p 7,51
>a 42928,32784,37584,15328
>a 43728,33728,37776,15376
>a 44208,33168,37792,15344
>a 43920,33424,37840,15328
>a 43888,33312,37856,15392
>p 7,52
>p 7,53
>p 7,54
>p 7,55
>p 7,56
>p 7,57
>p 7,58
>a 41648,37744,37744,15392
>a 41200,38176,37648,15376
>a 41344,37904,37744,15344
>a 41136,38000,37712,15392
>a 41136,37968,37744,15360
>p 7,59
>p 7,60
>p 7,62
>p 7,63
>p 7,64
>a 40448,39312,37680,15344
>p 7,65
>a 40400,39760,37728,15376
>a 40336,39776,37728,15408
>a 40336,39776,37744,15344
>a 40432,39888,37712,15376
>a 40352,39776,37744,15456
>a 40432,39888,37760,15248
>p 7,64
>p 7,63
>p 7,61
>a 40400,39824,37776,15392
>p 7,60
>p 7,59
>p 7,58
>p 7,57
>p 7,56
>p 7,55
>p 7,54
>p 7,53
>p 7,52
>p 7,51
>p 7,49
>a 40688,39248,37776,15344
>p 7,48
>p 7,47
>p 7,46
>p 7,45
>p 7,44
>p 7,42
>p 7,41
>p 7,40
>a 45168,28848,38192,15376
>p 7,38
>p 7,37
>p 7,36
>p 7,35
>p 7,34
>p 7,33
>a 45232,26672,38224,15344
>p 7,32
>p 7,31
>p 7,30
>p 7,29
>p 7,28
>a 45104,26080,38176,15344
>p 7,27
>p 7,26
>p 7,25
>p 7,24
>p 7,23
>a 44992,25808,38160,15408
>a 44976,25776,38144,15312
>a 44912,25728,38128,15344
>a 44896,25632,38096,15376
>a 44912,25696,37984,15328
>a 44912,25648,38096,15344
>a 44848,25648,38112,15392
>a 44848,25664,38096,15392
>a 44816,25680,38032,15360
>a 44880,25584,38064,15376
>p 7,24
>p 7,26
>p 7,27
>p 7,29
>p 7,30
>a 44784,25760,38080,15392
>p 7,32
>p 7,34
>p 7,35
>p 7,36
>p 7,37
>p 7,38
>p 7,40
>p 7,41
>p 7,42
>p 7,43
>p 7,44
>a 44848,25600,38064,15344
>p 7,45
>p 7,46
>p 7,47
>p 7,48
>p 7,49
>p 7,51
>p 7,52
>p 7,53
>p 7,54
>a 44848,25632,38032,15344
>p 7,56
>p 7,57
>p 7,59
>p 7,61
>p 7,62
>p 7,63
>p 7,64
>a 40096,39392,37648,15344
>a 40272,39568,37696,15328
>a 40608,39920,37696,15472
>a 41344,40768,37808,15360
>a 41648,41040,37904,15376
>a 41712,41232,37904,15408
>a 41808,41216,37984,15376
>a 41808,41216,38080,15376
>a 41776,41216,38096,15376
>a 41824,41312,38144,15392
>p 7,63
>p 7,62
>p 7,61
>p 7,60
>p 7,59
>p 7,58
>p 7,57
>p 7,56
>p 7,55
>a 41904,41216,38240,15344
>p 7,54
>p 7,53
>p 7,52
>p 7,51
>p 7,49
>p 7,48
>p 7,47
>a 45040,32912,38496,15376
>p 7,46
>p 7,45
>p 7,44
>p 7,43
>p 7,42
>p 7,41
>p 7,40
>p 7,39
>p 7,38
>a 44960,27280,38448,15456
>p 7,37
>p 7,36
>p 7,35
>p 7,34
>p 7,33
>p 7,32
>p 7,31
>p 7,30
>a 44736,26256,38400,15216
>p 7,29
>p 7,28
>p 7,27
>p 7,26
>p 7,25
>p 7,24
>a 44656,25984,38352,15312
>p 7,23
>a 44656,25936,38368,15376
>a 44640,25936,38352,15408
>a 44688,25872,38352,15392
>a 44576,25872,38432,15376
>a 44576,25904,38288,15376
>a 44592,25840,38416,15376
>a 44528,25808,38256,15392
>a 44672,25776,38256,15376
>a 44528,25808,38368,15408
>p 7,24
>p 7,25
>p 7,27
>p 7,28
>p 7,30
>p 7,32
>p 7,33
>p 7,34
>p 7,35
>a 44400,25824,38320,15344
>p 7,36
>p 7,37
>p 7,38
>p 7,39
>p 7,40
>p 7,41
>p 7,42
>a 44592,25872,38224,15392
>p 7,43
>p 7,44
>p 7,45
>p 7,46
>p 7,47
>p 7,48
>a 44464,25776,38192,15392
>p 7,49
>p 7,50
>p 7,51
>a 44528,25760,38208,15456
>a 43040,28592,38048,15392
>a 42256,33712,37952,15344
>a 43120,33904,38048,15312
>a 43888,33232,38096,15376
>a 43488,33712,38128,15376
>a 43616,33488,38192,15392
>p 7,52
>p 7,53
>p 7,54
>p 7,55
>p 7,56
>a 42416,35840,38064,15504
>p 7,57
>p 7,58
>p 7,59
>p 7,60
>a 40688,38656,37888,15344
>p 7,61
>a 40272,39296,37920,15344
>a 40304,39440,37936,15344
>a 40272,39552,37888,15376
>a 40368,39584,37936,15408
>a 40256,39696,37872,15344
>p 7,60
>p 7,59
>p 7,58
>p 7,57
>p 7,56
>p 7,55
>p 7,54
>p 7,53
>p 7,52
>a 40544,39040,37952,15360
>p 7,51
>p 7,50
>p 7,49
>p 7,48
>p 7,47
>p 7,46
>a 44592,30192,38272,15376
>p 7,45
>p 7,44
>p 7,43
>p 7,42
>p 7,40
>p 7,39
>a 45056,27216,38304,15392
>p 7,38
>p 7,37
>p 7,35
>p 7,34
>p 7,33
>p 7,32
>p 7,31
>a 44944,26160,38288,15344
>p 7,30
>p 7,29
>p 7,28
>p 7,27
>p 7,26
>p 7,25
>p 7,24
>p 7,23
>a 44944,25856,38304,15376
>a 44912,25856,38224,15344
>a 45008,25808,38288,15392
>a 44848,25744,38256,15344
>a 44848,25824,38256,15344
>a 44832,25776,38240,15472
>a 44896,25824,38192,15392
>a 44912,25776,38096,15376
>a 44896,25792,38192,15392
>a 44832,25776,38336,15408
>a 44976,25696,38256,15280
>a 44896,25728,38176,15344
>a 44896,25696,38192,15440
>a 44912,25728,38144,15376
>a 44944,25744,38192,15440
>a 44928,25792,38160,15392
>a 44864,25776,38192,15344
>a 44960,25728,38144,15376
>a 44944,25664,38144,15344
>a 44912,25712,38128,15344
>a 44912,25712,38096,15456
>a 44864,25680,38128,15376
>a 44880,25696,38224,15456
>a 44896,25712,38064,15360
>a 44944,25648,38112,15392
>a 44912,25664,38016,15392
>a 44896,25680,38176,15344
>a 44976,25664,38048,15376
>a 44976,25776,38128,15376
>a 44976,25552,38112,15280
>a 44912,25680,38128,15376
>a 44944,25632,38096,15344
>a 44976,25696,38096,15344
>a 44880,25760,38000,15376
>a 44960,25648,38096,15248
>a 44960,25680,38160,15344
>a 44960,25664,38096,15376
>a 44912,25808,38064,15392
>a 44976,25680,38160,15248
>a 44912,25664,38064,15392
>a 44944,25648,38096,15392
>a 44976,25680,38080,15392
>a 44976,25648,38176,15344
>a 44944,25632,38080,15344
>a 44976,25744,38096,15344
>a 44848,25632,37968,15344
>a 44976,25616,38080,15376
>a 45024,25552,38064,15280
>a 45008,25648,38064,15344
>a 45024,25648,38064,15392
>a 45056,25632,38112,15376
>a 44992,25616,38048,15440
>a 44976,25648,38048,15440
>a 45024,25616,38064,15328
>a 44976,25584,38000,15392
>a 44960,25600,38032,15264
>a 44976,25520,38032,15376
>a 45008,25696,38064,15280
>a 45008,25648,38048,15344
>a 45072,25616,37984,15360
>a 45008,25552,38032,15360
>a 45024,25600,38032,15408
>a 45008,25616,38048,15344
>a 44976,25648,38048,15408
>a 45008,25584,38032,15456
>a 44976,25568,38048,15392
>a 44976,25744,38000,15328
>a 45040,25616,38048,15376
>a 45088,25584,38064,15360
>a 45008,25616,38048,15344
>a 44992,25600,38000,15344
>a 45072,25568,38016,15376
>a 45088,25584,38032,15392
>a 45008,25600,38048,15280
>a 45120,25632,38000,15344
>a 45024,25712,38000,15376
>a 45024,25712,38000,15376
>a 44976,25680,37920,15344
>a 44848,25536,38032,15360
>a 45040,25600,38032,15488
>a 45024,25616,38000,15344
>a 44912,25616,38096,15328
>a 45040,25616,37984,15376
>a 45104,25568,38096,15376
>a 45072,25568,37872,15328
>a 45024,25600,37936,15376
>a 45040,25600,37936,15344
>a 45088,25584,38032,15376
>a 45040,25616,38032,15392
>a 45024,25552,37968,15296
>a 45040,25616,37984,15344
>a 45024,25616,38048,15328
>a 45040,25632,38016,15376
>a 45008,25552,38016,15472
>a 45040,25808,38000,15408
>a 45088,25504,37984,15376
>a 45024,25680,38112,15424
>a 45056,25600,38000,15344
>a 45008,25584,37984,15360
>a 44992,25568,38064,15312
>a 45024,25584,38064,15344
>a 45024,25616,38000,15376
>a 44960,25584,37984,15376
>a 44992,25600,37984,15392
>a 45008,25616,38048,15344
>a 44992,25552,37920,15248
>a 45008,25616,38016,15408
>a 45072,25552,38016,15392
>a 45088,25600,38064,15360
>a 44976,25584,38096,15344
>a 44912,25568,37936,15360
>a 45008,25616,38064,15392
>a 45024,25728,37936,15376
>a 44944,25584,38000,15344
>a 44976,25504,37952,15344
>p 7,0
>a 44992,25584,38000,15440
>a 44992,25648,37952,15392
>a 44944,25424,37936,15312
>a 45056,25568,37936,15376
>a 44976,25584,38000,15328
>a 44896,25520,37968,15344
>a 45072,25632,37904,15344
>a 44944,25504,37952,15360
>p 7,23
>a 44960,25552,38000,15344
>a 44944,25584,37936,15392
>a 45008,25584,37984,15376
>a 44912,25648,37968,15376
>p 7,0
>a 44960,25584,37936,15344
>a 44928,25568,37920,15344
>a 44960,25520,37920,15344
>a 44960,25584,37920,15344
>a 44912,25584,37968,15392
>a 44944,25552,37920,15456
>a 44944,25584,37968,15408
>a 44976,25584,37952,15312
>a 44960,25600,37936,15344
>a 44944,25568,37920,15344
>a 44944,25520,37936,15392
>a 44960,25584,37904,15344
>a 44928,25552,37904,15344
>a 44896,25552,37904,15344
>a 44912,25584,37936,15312
>a 44928,25584,37872,15376
>a 44928,25568,37952,15344
>a 44912,25680,38096,15392
>a 44832,25520,38016,15408
>a 44880,25552,37952,15392
>a 44896,25520,37920,15376
>