v 1 Jul 10 2014, <A06636A0>
>v 1 Jul 10 2014, <A06636A0>
>a 48240,15376,30032,15344
>a 48176,15424,29904,15328
>a 48176,15344,29920,15312
>a 48240,15424,29952,15344
>a 48224,15504,29952,15360
>a 48208,15408,29904,15344
>a 48224,15440,29952,15344
>a 48240,15440,29920,15296
>a 48208,15472,29936,15328
>a 48240,15408,29856,15328
>a 48208,15520,30000,15344
>a 48208,15392,29840,15328
>a 48208,15408,29904,15328
>a 48176,15408,29888,15328
>a 48224,15424,29952,15344
>a 48256,15280,29952,15344
>a 48176,15424,29936,15344
>a 48176,15408,29904,15392
>a 48288,15408,29872,15296
>a 48208,15392,30016,15328
>a 48192,15408,29872,15328
>a 48208,15408,29840,15344
>a 48256,15408,29920,15328
>a 48224,15456,29936,15344
>a 48208,15424,30048,15344
>a 48176,15312,29968,15344
>a 48160,15424,29872,15280
>a 48192,15424,29936,15312
>a 48224,15408,29952,15344
>a 48240,15424,29808,15328
>a 48272,15472,29920,15328
>a 48192,15408,29952,15344
>a 48208,15424,29920,15344
>p 4,90
>a 48176,15472,29680,15328
>a 48176,15520,29536,15344
>a 48192,15536,29408,15344
>a 48192,15472,29200,15312
>a 48224,15520,29008,15312
>a 48176,15504,28880,15248
>a 48288,15568,28688,15344
>a 48208,15488,28400,15344
>a 48192,15520,28192,15344
>a 48256,15504,28240,15328
>a 48208,15488,27952,15328
>a 48208,15440,27872,15328
>a 48224,15520,27680,15328
>a 48224,15520,27536,15328
>a 48208,15504,27376,15296
>a 48176,15520,27248,15232
>a 48176,15504,27120,15296
>a 48176,15472,26992,15312
>a 48288,15504,26848,15312
>a 48224,15504,26752,15408
>a 48224,15536,26592,15344
>a 48176,15472,26384,15280
>a 48192,15600,26304,15328
>a 48192,15424,26192,15328
>a 48192,15488,26256,15328
>a 48176,15520,25952,15312
>a 48208,15616,25776,15328
>a 48176,15520,25696,15280
>a 48208,15504,25616,15328
>a 48208,15600,25472,15296
>a 48208,15520,25376,15312
>a 48176,15504,25248,15328
>a 48224,15568,25104,15312
>a 48144,15504,25008,15312
>a 48176,15536,24912,15312
>a 48016,15456,24768,15280
>a 48224,15520,24704,15280
>a 48256,15488,24672,15328
>a 48160,15504,24432,15232
>p 7,50
>a 46128,16416,24368,15312
>a 37376,37136,24432,15312
>a 33792,33568,24368,15296
>a 30672,30432,24304,15248
>a 28032,27856,24240,15280
>a 25920,25680,24192,15312
>a 24048,23840,24032,15296
>a 22592,22336,24048,15312
>a 33488,33024,23984,15280
>a 36208,36000,23856,15280
>a 36016,35824,23920,15264
>a 35632,35360,23856,15296
>a 35232,34928,23840,15312
>a 34672,34448,23760,15280
>a 34272,34032,23728,15312
>a 33760,33616,23712,15280
>a 33536,33312,23648,15360
>a 33248,32880,23632,15312
>a 32832,32544,23536,15264
>a 32560,32368,23536,15328
>a 32304,31968,23376,15312
>a 32032,31760,23392,15296
>a 31824,31520,23344,15296
>a 31568,31168,23152,15248
>a 31408,31152,23280,15312
>a 31216,30944,23216,15344
>a 31024,30784,23216,15328
>a 30896,30624,23120,15312
>a 30736,30432,23088,15280
>a 30608,30288,22896,15408
>a 30512,30240,22960,15280
>a 30320,30048,22896,15264
>a 30288,29888,22832,15312
>a 30064,29776,22816,15392
>a 29968,29680,22736,15280
>a 29776,29600,22688,15264
>a 29744,29472,22640,15312
>a 29632,29440,22608,15312
>a 29520,29248,22576,15280
>a 29456,29104,22496,15328
>a 29408,29104,22448,15248
>a 29296,29088,22416,15296
>a 29248,28928,22256,15392
>a 29232,28960,22240,15280
>a 29104,28736,22256,15264
>a 28960,28672,22288,15392
>a 28848,28576,22144,15312
>a 28816,28528,22224,15312
>a 28720,28368,22080,15312
>a 28656,28432,22000,15344
>a 28592,28320,21968,15280
>a 28576,28224,21872,15232
>a 28448,28176,21840,15296
>a 28336,28128,21792,15264
>a 28240,28080,21776,15296
>a 28208,27968,21760,15280
>a 28016,27776,21536,15264
>a 28112,27824,21616,15280
>a 28048,27760,21584,15264
>a 27856,27552,21520,15280
>a 27888,27648,21488,15264
>a 27872,27568,21552,15376
>a 27792,27520,21424,15376
>a 27808,27488,21232,15280
>a 27632,27360,21280,15248
>a 27600,27344,21232,15376
>a 27568,27344,21200,15328
>a 27504,27216,21168,15280
>a 27488,27184,21152,15280
>a 27440,27136,21056,15248
>a 27376,27088,21072,15376
>a 27312,26976,20976,15424
>a 27216,27056,20960,15248
>a 27168,26864,20816,15296
>a 27152,26880,20880,15296
>a 26976,26800,20832,15264
>a 27008,26720,20800,15248
>a 26992,26688,20736,15328
>a 26928,26480,20736,15248
>a 26864,26624,20672,15280
>a 26864,26592,20624,15264
>a 26784,26544,20560,15344
>a 26608,26464,20560,15280
>a 26672,26384,20384,15248
>a 26672,26336,20480,15264
>a 26576,26320,20400,15280
>a 26544,26256,20432,15264
>a 26480,26192,20304,15264
>a 26272,26160,20304,15280
>a 26448,26096,20272,15248
>a 26352,26128,20240,15344
>a 26320,26032,20000,15264
>a 26272,25984,20144,15264
>a 26224,25968,20176,15264
>a 26240,25888,20064,15280
>a 26112,25808,20016,15344
>a 26112,25856,20000,15280
>a 26064,25776,19984,15248
>a 26048,25712,19888,15264
>a 26000,25712,19936,15280
>a 25936,25744,19856,15344
>a 25888,25616,19856,15280
>a 25840,25584,19808,15296
>a 25808,25488,19776,15280
>a 25776,25488,19744,15296
>a 25744,25520,19696,15264
>a 25680,25488,19680,15232
>a 25664,25344,19632,15280
>a 25616,25296,19632,15200
>a 25584,25264,19536,15280
>a 25520,25248,19520,15264
>a 25472,25200,19504,15280
>a 25456,25168,19504,15280
>a 25408,25104,19408,15248
>a 25376,25168,19376,15296
>a 25328,25056,19376,15200
>a 25280,25024,19328,15344
>a 25264,24960,19312,15216
>a 25232,25056,19280,15168
>a 25232,24928,19264,15280
>a 25120,24832,19232,15312
>a 25152,24784,19168,15248
>a 25008,24752,19168,15264
>a 25008,24720,19120,15280
>a 25056,24752,19088,15264
>a 24960,24704,19024,15248
>a 24912,24656,19008,15072
>a 25008,24624,18976,15216
>a 24880,24688,19008,15264
>a 24880,24544,18960,15264
>a 24832,24528,18944,15248
>a 24832,24432,18944,15264
>a 24736,24432,18896,15264
>a 24704,24336,18848,15216
>a 24608,24368,18784,15264
>a 24640,24336,18800,15232
>a 24624,24288,18864,15184
>a 24608,24272,18768,15216
>a 24400,24240,18720,15232
>a 24544,24240,18640,15232
>a 24480,24176,18640,15152
>a 24448,24144,18656,15264
>a 24400,24176,18672,15248
>a 24368,24080,18592,15232
>a 24368,24096,18560,15248
>a 24304,24080,18496,15264
>a 24304,24096,18512,15344
>a 24256,23968,18432,15264
>a 24272,23984,18448,15232
>a 24240,23840,18352,15328
>a 24112,23920,18384,15248
>a 24144,23872,18272,15264
>a 24112,23696,18240,15248
>a 24112,23808,18336,15216
>a 24160,23792,18288,15264
>a 24048,23744,18384,15232
>a 23984,23680,18256,15264
>a 24016,23712,18272,15280
>a 24032,23440,18224,15280
>a 23952,23632,18176,15280
>a 23856,23568,18160,15280
>a 23856,23568,18160,15248
>a 23728,23616,18144,15280
>a 23808,23536,18160,15344
>a 23696,23600,18160,15264
>a 23776,23520,18064,15248
>a 23712,23440,18048,15232
>a 23728,23424,18064,15264
>a 23696,23472,18032,15280
>a 23664,23360,17952,15248
>a 23632,23312,17952,15232
>a 23600,23296,17952,15280
>a 23584,23248,17920,15248
>a 23536,23248,17888,15264
>a 23616,23232,17872,15280
>a 23504,23280,17856,15232
>a 23456,23184,17840,15264
>a 23456,23168,17824,15264
>a 23424,23088,17808,15248
>a 23408,23104,17776,15248
>a 23376,23072,17760,15280
>a 23360,23056,17760,15280
>a 23328,23056,17728,15280
>a 23280,22992,17712,15216
>a 23264,22992,17680,15248
>a 23216,22896,17648,15248
>a 23264,22928,17664,15264
>a 23216,22944,17648,15312
>a 23200,22880,17632,15248
>a 23184,22864,17600,15264
>a 23248,22848,17632,15248
>a 23216,22784,17536,15328
>a 23072,22784,17552,15248
>a 23056,22768,17472,15248
>a 23056,22768,17552,15264
>a 22960,22704,17456,15296
>a 23008,22688,17472,15264
>a 22944,22576,17456,15216
>a 22944,22624,17376,15248
>a 22864,22560,17456,15344
>a 22880,22560,17392,15264
>a 22912,22624,17360,15264
>a 22848,22560,17392,15264
>a 22832,22560,17440,15344
>a 22832,22512,17360,15216
>a 22736,22432,17328,15184
>a 22800,22464,17360,15248
>a 22704,22384,17312,15248
>a 22704,22432,17312,15280
>a 22704,22384,17264,15264
>a 22640,22368,17232,15216
>a 22640,22384,17264,15216
>a 22640,22320,17200,15248
>a 22560,22240,17248,15280
>a 22640,22304,17232,15264
>a 22416,22288,17248,15280
>a 22640,22352,17200,15264
>a 22528,22176,17184,15264
>a 22448,22160,17168,15344
>a 22448,22160,17152,15232
>a 22464,22192,17120,15264
>a 22400,22128,17152,15248
>a 22352,22144,17200,15296
>a 22400,21952,17072,15200
>a 22480,22176,17152,15328
>a 22320,22064,17104,15264
>a 22352,21984,17040,15232
>a 22320,22048,16976,15232
>a 22320,22000,17024,15248
>a 22304,22080,16896,15056
>a 22256,21984,16880,15232
>a 22240,21872,16992,15248
>a 22320,21920,16960,15232
>a 22192,21920,16944,15232
>a 22128,21872,16992,15216
>a 22160,21824,16944,15280
>a 22160,21840,16928,15232
>a 22128,21856,16896,15152
>a 22016,21744,16896,15200
>a 22112,21712,16944,15216
>a 22000,21792,16896,15328
>a 22048,21808,16864,15248
>a 22128,21728,16880,15328
>a 21872,21760,16880,15248
>a 22000,21712,16864,15280
>a 22000,21664,16864,15264
>a 21936,21648,16864,15216
>a 21952,21648,16816,15232
>a 21904,21616,16800,15216
>a 21920,21616,16800,15184
>a 21888,21664,16784,15312
>a 21872,21584,16752,15232
>a 21808,21552,16768,15216
>a 21808,21536,16752,15216
>a 21824,21520,16736,15248
>a 21744,21536,16720,15248
>a 21760,21456,16720,15216
>a 21680,21408,16704,15312
>a 21776,21440,16720,15248
>a 21744,21536,16720,15248
>a 21712,21360,16704,15248
>a 21664,21456,16752,15200
>a 21664,21376,16688,15200
>a 21648,21376,16656,15232
>a 21616,21456,16624,15264
>a 21648,21328,16656,15248
>a 21584,21376,16576,15216
>a 21552,21296,16560,15248
>a 21552,21280,16608,15168
>a 21552,21264,16560,15200
>a 21456,21248,16592,15312
>a 21440,21216,16576,15344
>a 21536,21216,16544,15216
>a 21392,21168,16560,15216
>a 21456,21344,16528,15264
>a 21456,21264,16528,15264
>a 21424,21136,16528,15232
>a 21392,21072,16528,15216
>a 21344,21088,16608,15280
>a 21392,21088,16528,15248
>a 21472,21072,16480,15216
>a 21264,21056,16464,15232
>a 21360,21088,16512,15344
>a 21312,20976,16464,15296
>a 21296,21008,16464,15216
>a 21264,20976,16464,15216
>a 21296,20976,16384,15248
>a 21360,20976,16464,15200
>a 21344,20944,16432,15328
>a 21200,20960,16448,15216
>a 21232,20928,16496,15264
>a 21232,21008,16464,15264
>a 21200,20880,16432,15248
>a 21168,20864,16416,15280
>a 21168,20896,16272,15264
>a 21168,20896,16400,15280
>a 21200,20800,16416,15248
>a 21104,20816,16352,15232
>a 21072,20784,16400,15216
>a 21072,20768,16320,15232
>a 20960,20784,16368,15248
>a 21008,20736,16352,15184
>a 21008,20688,16448,15216
>a 21040,20736,16272,15264
>a 20944,20656,16304,15344
>a 20928,20688,16304,15264
>a 20928,20656,16288,15280
>a 20944,20784,16352,15328
>a 20944,20576,16304,15248
>a 20880,20640,16320,15264
>a 20880,20576,16240,15264
>a 20896,20624,16288,15248
>a 20848,20576,16304,15296
>a 20832,20560,16272,15232
>a 20848,20560,16288,15264
>a 20880,20496,16256,15264
>a 20800,20544,16272,15344
>a 20768,20400,16240,15248
>a 20784,20512,16224,15232
>a 20704,20496,16336,15264
>a 20768,20448,16240,15312
>a 20800,20592,16240,15280
>a 20592,20416,16208,15280
>a 20784,20432,16272,15280
>a 20720,20384,16224,15264
>a 20624,20384,16128,15248
>a 20688,20352,16112,15264
>a 20672,20368,16240,15264
>a 20656,20320,16192,15264
>a 20704,20320,16176,15264
>a 20576,20336,16176,15232
>a 20592,20400,16176,15248
>a 20592,20288,16176,15264
>a 20592,20304,16192,15264
>a 20576,20304,16208,15264
>a 20560,20272,16032,15312
>a 20544,20240,16128,15232
>a 20528,20224,16192,15264
>a 20496,20176,16160,15248
>a 20592,20192,16240,15248
>a 20480,20144,16240,15248
>a 20432,20176,16176,15232
>a 20432,20192,16160,15168
>a 20432,20256,16112,15264
>a 20400,20128,16128,15328
>a 20368,20112,16096,15344
>a 20400,20080,16096,15264
>a 20400,20112,16064,15248
>a 20336,20128,16128,15248
>a 20400,20096,16064,15264
>a 20272,20048,16048,15248
>a 20336,20144,16096,15216
>a 20336,20032,16096,15216
>a 20336,20048,16064,15200
>a 20240,20000,16112,15312
>a 20288,20032,16096,15120
>a 20272,19984,16048,15264
>a 20288,20080,16144,15216
>a 20480,19936,16096,15200
>a 20256,19920,16064,15216
>a 20192,20032,16048,15232
>a 20192,19936,16080,15200
>a 20208,19936,16064,15248
>a 20224,19936,16080,15248
>a 20176,19872,16064,15264
>a 20160,19856,16016,15264
>a 20272,19760,16032,15248
>a 20144,19824,16016,15200
>a 20128,19712,16016,15248
>a 20112,19792,16048,15280
>a 20064,19760,16032,15216
>a 20112,19808,15968,15232
>a 19984,19792,16032,15232
>a 19984,19808,16112,15264
>a 20048,19584,16032,15184
>a 20016,19728,16016,15248
>a 19984,19680,16032,15248
>a 20032,19696,15984,15184
>a 19872,19584,15936,15232
>a 19760,19472,16112,15296
>a 19680,19424,16016,15280
>a 19616,19328,15984,15136
>a 19520,19248,15952,15248
>a 19600,19152,16064,15328
>a 19424,19248,16064,15248
>a 19376,18960,15968,15248
>a 19360,19072,15952,15200
>a 19376,19024,15952,15344
>a 19232,19056,15952,15328
>a 19232,19056,15920,15216
>a 19232,18944,15952,15232
>a 19232,18944,15920,15232
>a 19232,18864,15888,15312
>a 19184,18896,15904,15248
>a 19136,18944,15936,15232
>a 19232,18864,16016,15248
>a 19200,18848,15968,15344
>a 19104,18816,15888,15216
>a 19056,18864,15888,15248
>a 19088,18752,15904,15248
>a 19072,18864,15904,15328
>a 19024,18768,15856,15168
>a 19024,18752,15856,15216
>a 19040,18736,15904,15152
>a 19024,18672,15904,15216
>a 18992,18736,15872,15328
>a 18928,18640,15856,15264
>a 19040,18640,15824,15312
>a 18944,18672,15856,15328
>a 18912,18608,15888,15216
>a 18896,18576,15840,15120
>a 18864,18448,15840,15248
>a 18832,18544,15856,15248
>a 18784,18464,15840,15248
>a 18736,18432,16016,15216
>a 18736,18400,15728,15264
>a 18624,18320,15856,15264
>a 18544,18304,15824,15232
>a 18512,18256,15824,15264
>a 18544,18224,15920,15280
>a 18448,18192,15888,15248
>a 18512,18192,15824,15248
>a 18448,18144,15824,15280
>a 18432,18112,15776,15216
>a 18384,18112,15824,15264
>a 18432,18064,15824,15232
>a 18384,18128,15792,15264
>a 18336,18096,15760,15248
>a 18352,18064,15744,15264
>a 18320,18080,15792,15248
>a 18288,18032,15728,15216
>a 18320,18080,15792,15280
>a 18416,18160,15776,15280
>a 18288,18064,15776,15264
>a 18304,18000,15776,15248
>a 18368,18112,15728,15232
>a 18320,18016,15824,15280
>a 18272,18000,15776,15328
>a 18272,18000,15776,15216
>a 18224,17888,15744,15264
>a 18192,17952,15712,15248
>a 18128,17824,15712,15248
>a 18160,17856,15808,15232
>a 18192,17792,15760,15232
>a 18032,17856,15712,15232
>a 17968,17744,15712,15200
>a 17968,17680,15696,15152
>a 17856,17632,15712,15312
>a 17904,17680,15712,15232
>a 18000,17632,15760,15248
>a 17968,17728,15760,15264
>a 17824,17712,15792,15264
>a 17872,17616,15712,15264
>a 17824,17696,15760,15200
>a 17856,17552,15712,15264
>a 17824,17568,15680,15280
>a 17808,17536,15664,15216
>a 17776,17504,15632,15216
>a 17680,17424,15696,15264
>a 17744,17568,15680,15264
>a 17776,17504,15632,15248
>a 17776,17440,15632,15216
>a 17600,17456,15648,15264
>a 17760,17552,15632,15248
>a 17696,17472,15632,15232
>a 17696,17440,15632,15216
>a 17616,17392,15696,15280
>a 17632,17344,15616,15216
>a 17440,17296,15664,15344
>a 17536,17280,15712,15280
>a 17616,17264,15632,15232
>a 17488,17264,15536,15216
>a 17488,17184,15616,15248
>a 17488,17216,15472,15264
>a 17472,17232,15632,15104
>a 17504,17200,15488,15216
>a 17296,17152,15648,15248
>a 17392,17200,15552,15248
>a 17360,17184,15552,15264
>a 17376,17200,15568,15232
>a 17376,17152,15664,15328
>a 17392,17136,15568,15312
>a 17360,17088,15568,15216
>a 17440,17168,15648,15264
>a 17360,17088,15536,15184
>a 17344,17152,15664,15232
>a 17360,17040,15568,15232
>a 17328,16880,15584,15248
>a 17296,17008,15568,15216
>a 17232,17008,15568,15248
>a 17280,17008,15600,15264
>a 17152,16992,15568,15200
>a 17296,16960,15504,15216
>a 17184,16944,15568,15200
>a 17088,16912,15648,15248
>a 17152,16976,15616,15232
>a 17216,16864,15536,15232
>a 17072,16944,15488,15264
>a 17104,16848,15504,15200
>a 17072,16832,15536,15264
>a 17056,16816,15600,15248
>a 17152,16672,15600,15232
>a 17040,16816,15584,15248
>a 17024,16800,15536,15200
>a 17040,16960,15520,15216
>a 17024,16752,15616,15232
>a 17008,16864,15488,15232
>a 16944,16816,15520,15216
>a 17008,16768,15600,15248
>a 17024,16736,15504,15248
>a 16944,16688,15472,15280
>a 16944,16688,15488,15232
>a 16912,16688,15408,15248
>a 16928,16672,15488,15328
>a 16848,16608,15408,15248
>a 16848,16656,15440,15264
>a 16848,16624,15488,15248
>a 16896,16592,15504,15216
>a 16784,16624,15472,15248
>a 16960,16624,15472,15280
>a 16816,16576,15472,15248
>a 16848,16560,15472,15200
>a 16784,16544,15520,15264
>a 16800,16528,15344,15216
>a 16816,16560,15536,15232
>a 16800,16544,15456,15264
>a 16880,16512,15264,15232
>a 16752,16464,15408,15184
>a 16688,16480,15424,15248
>a 16688,16464,15472,15232
>a 16704,16400,15440,15312
>a 16672,16496,15456,15264
>a 16640,16400,15456,15216
>a 16640,16304,15488,15248
>a 16720,16400,15440,15248
>a 16640,16464,15408,15216
>a 16640,16304,15440,15232
>a 16560,16432,15504,15216
>a 16640,16384,15408,15264
>a 16560,16304,15424,15216
>a 16672,16336,15408,15216
>a 16624,16320,15440,15232
>a 16624,16304,15440,15248
>a 16576,16336,15440,15248
>a 16592,16272,15408,15168
>a 16672,16464,15408,15248
>a 16512,16288,15360,15232
>a 16560,16320,15392,15200
>a 16560,16288,15456,15248
>a 16560,16288,15312,15264
>a 16576,16400,15392,15136
>a 16544,16288,15408,15216
>a 16496,16240,15424,15248
>a 16544,16272,15440,15264
>a 16528,16112,15376,15232
>a 16496,16240,15408,15232
>a 16480,16128,15392,15248
>a 16464,16240,15344,15216
>a 16480,16144,15472,15232
>a 16464,16144,15376,15200
>a 16416,16176,15392,15216
>a 16400,16176,15424,15264
>a 16432,16096,15392,15264
>a 16464,16176,15392,15280
>a 16448,16144,15392,15216
>a 16400,16160,15376,15216
>a 16416,16304,15408,15232
>a 16416,16160,15392,15232
>a 16400,16112,15376,15328
>a 16336,16128,15488,15248
>a 16384,16144,15248,15152
>a 16304,16112,15456,15264
>a 16384,16176,15392,15312
>a 16336,16096,15376,15216
>a 16256,16016,15376,15232
>a 16384,16032,15472,15200
>a 16240,16032,15392,15248
>a 16224,16112,15472,15248
>a 16336,15984,15376,15248
>a 16192,16080,15360,15216
>a 16304,15984,15328,15248
>a 16240,15952,15312,15264
>a 16208,16096,15280,15312
>a 16272,15968,15328,15184
>a 16208,15968,15456,15168
>a 16320,15984,15344,15232
>a 16304,15984,15440,15200
>a 16192,15968,15376,15264
>a 16160,15824,15264,15232
>a 16160,15936,15360,15232
>a 16176,15920,15344,15264
>a 16176,15936,15344,15216
>a 16192,15920,15344,15232
>a 16160,15952,15376,15216
>a 16192,15920,15264,15232
>a 16144,15904,15344,15216
>a 16160,15968,15296,15216
>a 16144,15920,15344,15248
>a 16192,15824,15344,15248
>a 16176,15920,15312,15232
>a 16160,15888,15344,15264
>a 16144,15856,15328,15152
>a 16144,15936,15280,15312
>a 16160,15920,15344,15248
>a 16144,15888,15312,15232
>a 16176,15904,15312,15200
>a 16048,15904,15232,15216
>a 16144,15888,15264,15200
>a 16096,15856,15328,15248
>a 15984,15856,15328,15168
>a 16240,15856,15344,15328
>a 16112,15904,15344,15264
>a 16016,15840,15312,15184
>a 16096,15856,15312,15184
>a 16112,15952,15344,15264
>a 16080,15824,15328,15328
>a 16032,15824,15296,15232
>a 16096,15840,15376,15200
>a 16080,15792,15328,15248
>a 16112,15808,15280,15248
>a 16064,15856,15328,15264
>a 16048,15824,15312,15312
>a 16048,15808,15280,15280
>a 16048,15808,15344,15248
>a 16032,15808,15312,15232
>a 15984,15776,15344,15264
>a 16016,15792,15312,15232
>a 15968,15840,15312,15264
>a 15984,15728,15296,15216
>a 15936,15696,15280,15216
>a 15888,15728,15312,15264
>a 16000,15696,15264,15152
>a 15856,15712,15344,15312
>a 15920,15696,15280,15200
>a 15920,15664,15392,15264
>a 15952,15696,15280,15184
>a 15952,15696,15200,15248
>a 15824,15680,15376,15328
>a 15792,15584,15312,15104
>a 15920,15776,15312,15232
>a 15840,15696,15280,15136
>a 15856,15664,15248,15232
>a 15904,15680,15376,15248
>a 15936,15680,15280,15232
>a 15888,15648,15264,15232
>a 15904,15648,15280,15248
>a 15952,15664,15296,15264
>a 15904,15600,15280,15264
>a 15920,15648,15392,15216
>a 15952,15664,15264,15264
>a 15968,15632,15264,15216
>a 15856,15616,15280,15216
>a 15904,15728,15280,15280
>a 15824,15616,15248,15264
>a 15904,15744,15264,15168
>a 15888,15792,15376,15232
>a 15840,15648,15216,15232
>a 15872,15632,15280,15104
>a 15888,15744,15264,15344
>a 15888,15648,15280,15264
>a 15888,15648,15280,15216
>a 15856,15632,15264,15120
>a 15888,15600,15216,15248
>a 15856,15648,15296,15232
>a 15920,15632,15264,15152
>a 15776,15680,15280,15296
>a 15824,15632,15216,15216
>a 15856,15712,15296,15232
>a 15840,15616,15264,15216
>a 15856,15632,15248,15216
>a 15840,15632,15280,15216
>a 15856,15648,15280,15232
>a 15824,15616,15264,15216
>a 15856,15568,15344,15216
>a 15840,15632,15280,15312
>a 15936,15568,15168,15216
>a 15808,15632,15264,15248
>a 15808,15600,15248,15200
>a 15840,15584,15344,15216
>a 15792,15600,15264,15248
>a 15856,15648,15280,15216
>a 15808,15616,15136,15264
>a 15872,15600,15232,15216
>a 15824,15600,15216,15216
>a 15856,15616,15280,15248
>a 15792,15584,15216,15248
>a 15824,15472,15168,15200
>a 15760,15664,15264,15136
>a 15840,15584,15216,15216
>a 15840,15600,15280,15248
>a 15792,15536,15280,15232
>a 15824,15568,15248,15232
>a 15824,15568,15264,15232
>a 15792,15584,15152,15216
>a 15712,15584,15280,15136
>a 15776,15552,15280,15200
>a 15824,15568,15248,15248
>a 15744,15536,15248,15248
>a 15760,15392,15248,15248
>a 15792,15632,15280,15232
>a 15760,15536,15232,15248
>a 15760,15504,15248,15216
>a 15664,15504,15264,15248
>a 15744,15488,15248,15200
>a 15824,15472,15264,15248
>a 15696,15504,15216,15216
>a 15728,15472,15264,15216
>a 15728,15376,15232,15232
>a 15696,15472,15280,15216
>a 15696,15456,15280,15248
>a 15664,15440,15248,15216
>a 15664,15456,15248,15200
>a 15696,15376,15248,15232
>a 15664,15408,15248,15264
>a 15648,15408,15216,15248
>a 15648,15440,15280,15280
>a 15664,15520,15296,15248
>a 15584,15280,15200,15248
>a 15632,15552,15248,15216
>a 15760,15440,15248,15200
>a 15664,15536,15248,15280
>a 15632,15344,15264,15264
>a 15648,15408,15232,15248
>a 15664,15424,15232,15216
>a 15744,15424,15184,15232
>a 15648,15408,15104,15344
>a 15632,15408,15216,15216
>a 15648,15520,15248,15232
>a 15664,15408,15248,15232
>a 15744,15440,15216,15248
>a 15744,15424,15264,15312
>a 15648,15504,15248,15264
>a 15584,15424,15232,15184
>a 15664,15440,15296,15264
>a 15600,15536,15200,15136
>a 15664,15440,15280,15232
>a 15696,15424,15200,15232
>a 15648,15392,15184,15248
>a 15664,15392,15328,15312
>a 15648,15408,15200,15264
>a 15648,15408,15248,15312
>a 15664,15440,15248,15248
>a 15632,15424,15312,15248
>a 15664,15520,15248,15232
>a 15584,15440,15200,15216
>a 15648,15424,15216,15216
>a 15792,15520,15216,15168
>a 15648,15424,15248,15168
>a 15696,15424,15232,15232
>a 15680,15504,15232,15328
>a 15664,15440,15216,15312
>a 15776,15408,15248,15264
>a 15632,15408,15200,15216
>a 15648,15344,15216,15232
>a 15680,15440,15248,15248
>a 15664,15408,15312,15248
>a 15648,15408,15264,15200
>a 15632,15392,15232,15264
>a 15648,15456,15216,15232
>a 15664,15376,15248,15248
>a 15648,15408,15248,15216
>a 15728,15424,15200,15232
>a 15648,15424,15216,15216
>a 15648,15440,15248,15248
>a 15504,15344,15248,15216
>a 15664,15424,15152,15200
>a 15664,15424,15216,15168
>a 15648,15408,15216,15216
>a 15664,15472,15248,15264
>a 15648,15392,15200,15280
>a 15632,15408,15248,15216
>a 15664,15376,15200,15216
>a 15648,15408,15216,15280
>a 15616,15392,15248,15200
>a 15616,15392,15216,15296
>a 15728,15392,15232,15248
>a 15632,15392,15264,15184
>a 15552,15408,15200,15328
>a 15616,15392,15232,15248
>a 15632,15408,15232,15216
>a 15616,15408,15232,15344
>a 15600,15408,15328,15216
>a 15664,15344,15216,15232
>a 15616,15376,15184,15216
>a 15600,15424,15072,15264
>a 15632,15408,15232,15216
>a 15520,15392,15264,15216
>a 15616,15360,15216,15312
>a 15616,15344,15248,15248
>a 15632,15344,15216,15248
>a 15584,15392,15248,15248
>a 15712,15232,15248,15328
>a 15584,15392,15216,15248
>a 15632,15408,15232,15232
>a 15696,15280,15200,15152
>a 15600,15408,15264,15232
>a 15600,15376,15104,15184
>a 15616,15344,15120,15088
>a 15632,15376,15216,15264
>a 15568,15392,15168,15248
>a 15584,15424,15200,15232
>a 15600,15312,15248,15248
>a 15424,15312,15216,15200
>a 15408,15344,15280,15232
>a 15536,15344,15216,15312
>a 15584,15360,15184,15264
>a 15568,15376,15216,15232
>a 15584,15392,15232,15200
>a 15584,15328,15200,15232
>a 15584,15344,15184,15200
>a 15584,15424,15184,15232
>a 15568,15344,15216,15232
>a 15520,15328,15200,15200
>a 15568,15328,15216,15296
>a 15536,15264,15232,15248
>a 15664,15296,15216,15296
>a 15536,15376,15216,15232
>a 15632,15328,15280,15264
>a 15632,15408,15216,15216
>a 15648,15328,15200,15232
>a 15552,15312,15168,15216
>a 15600,15312,15216,15216
>a 15472,15280,15216,15216
>a 15536,15280,15152,15200
>a 15680,15248,15312,15248
>a 15600,15328,15184,15232
>a 15520,15296,15200,15232
>a 15504,15280,15200,15216
>a 15520,15312,15200,15248
>a 15632,15376,15216,15264
>a 15536,15280,15216,15248
>a 15456,15312,15296,15200
>a 15536,15296,15216,15232
>a 15456,15280,15248,15232
>a 15520,15344,15216,15248
>a 15520,15248,15248,15264
>a 15536,15312,15232,15248
>a 15520,15312,15200,15216
>a 15536,15296,15216,15200
>a 15392,15264,15152,15216
>a 15536,15248,15184,15248
>a 15504,15296,15120,15200
>a 15536,15280,15200,15200
>a 15520,15264,15232,15328
>a 15472,15312,15136,15248
>a 15472,15312,15216,15104
>a 15632,15392,15232,15248
>a 15536,15280,15216,15248
>a 15344,15248,15184,15168
>a 15568,15296,15296,15264
>a 15568,15312,15232,15248
>a 15568,15328,15216,15248
>a 15488,15296,15296,15216
>a 15568,15296,15216,15216
>a 15504,15280,15216,15216
>a 15520,15280,15200,15248
>a 15488,15264,15280,15216
>a 15536,15408,15184,15232
>a 15520,15312,15216,15216
>a 15520,15184,15216,15280
>a 15712,15312,15264,15328
>a 15504,15296,15232,15200
>a 15536,15280,15120,15200
>a 15552,15312,15232,15264
>a 15504,15344,15312,15200
>a 15536,15328,15232,15216
>a 15568,15344,15216,15136
>a 15408,15280,15152,15216
>a 15536,15376,15216,15216
>a 15504,15296,15152,15216
>a 15552,15312,15152,15216
>a 15568,15280,15120,15232
>a 15520,15280,15184,15216
>a 15536,15296,15136,15216
>a 15520,15280,15232,15248
>a 15520,15312,15424,15264
>a 15536,15296,15216,15152
>a 15632,15344,15216,15248
>a 15520,15312,15216,15248
>a 15536,15280,15216,15264
>a 15600,15344,15168,15216
>a 15520,15280,15184,15216
>a 15520,15296,15152,15152
>a 15536,15280,15216,15232
>a 15568,15328,15200,15216
>a 15520,15248,15280,15232
>a 15536,15280,15184,15216
>a 15536,15264,15152,15264
>a 15552,15312,15232,15232
>a 15536,15312,15232,15152
>a 15616,15312,15232,15264
>a 15536,15376,15168,15216
>a 15536,15280,15216,15248
>a 15552,15248,15232,15248
>a 15552,15296,15248,15248
>a 15520,15280,15232,15248
>a 15536,15312,15312,15248
>a 15504,15264,15296,15264
>a 15520,15296,15248,15264
>a 15536,15408,15200,15264
>a 15536,15392,15184,15344
>a 15552,15280,15104,15264
>a 15504,15136,15248,15216
>a 15536,15296,15216,15216
>a 15600,15328,15248,15216
>a 15536,15280,15216,15232
>a 15520,15264,15200,15216
>a 15552,15312,15216,15264
>a 15488,15232,15296,15248
>a 15552,15296,15232,15264
>a 15536,15280,15216,15248
>a 15584,15152,15200,15232
>a 15616,15184,15216,15232
>a 15536,15216,15216,15216
>a 15472,15280,15200,15248
>a 15424,15376,15248,15216
>a 15520,15312,15232,15248
>a 15536,15328,15232,15248
>a 15472,15264,15216,15200
>a 15616,15280,15200,15232
>a 15488,15296,15184,15264
>a 15408,15248,15184,15264
>a 15536,15232,15200,15232
>a 15568,15280,15184,15216
>a 15520,15296,15200,15312
>a 15536,15280,15248,15248
>a 15520,15280,15200,15200
>a 15488,15376,15216,15248
>a 15520,15440,15264,15312
>a 15488,15248,15216,15248
>a 15520,15280,15200,15232
>a 15536,15296,15216,15168
>a 15552,15248,15216,15216
>a 15536,15296,15216,15280
>a 15568,15280,15216,15216
>a 15536,15296,15184,15328
>a 15536,15280,15200,15232
>a 15664,15264,15136,15264
>a 15536,15232,15232,15184
>a 15520,15280,15232,15248
>a 15536,15280,15216,15232
>a 15600,15248,15232,15152
>a 15520,15248,15200,15216
>a 15504,15264,15216,15216
>a 15520,15248,15296,15248
>a 15424,15280,15168,15232
>a 15536,15360,15200,15216
>a 15568,15280,15216,15152
>a 15488,15264,15216,15216
>a 15472,15344,15216,15216
>a 15504,15216,15216,15328
>a 15360,15264,15200,15232
>a 15520,15280,15184,15168
>a 15488,15248,15184,15232
>a 15472,15280,15184,15312
>a 15472,15280,15216,15216
>a 15584,15280,15248,15248
>a 15520,15376,15184,15136
>a 15600,15392,15296,15216
>a 15520,15280,15216,15328
>a 15504,15264,15216,15248
>a 15536,15392,15232,15232
>a 15488,15264,15200,15232
>a 15504,15264,15280,15136
>a 15504,15248,15216,15088
>a 15488,15264,15184,15216
>a 15552,15296,15312,15328
>a 15504,15296,15216,15264
>a 15504,15264,15184,15312
>a 15472,15264,15312,15184
>a 15520,15264,15360,15248
>a 15520,15376,15296,15312
>a 15520,15264,15200,15280
>a 15472,15264,15184,15408
>a 15568,15312,15184,15200
>a 15488,15296,15200,15216
>a 15536,15264,15200,15248
>a 15424,15296,15232,15264
>a 15472,15264,15200,15184
>a 15536,15264,15280,15248
>a 15504,15088,15216,15248
>a 15504,15248,15232,15248
>a 15504,15280,15216,15136
>a 15520,15296,15216,15216
>a 15504,15216,15216,15248
>a 15376,15264,15248,15264
>a 15472,15280,15216,15216
>a 15536,15280,15216,15248
>a 15504,15296,15152,15200
>a 15520,15280,15296,15216
>a 15520,15248,15168,15216
>a 15328,15264,15184,15232
>a 15488,15248,15200,15232
>a 15488,15264,15200,15248
>a 15504,15248,15200,15248
>a 15520,15280,15232,15280
>a 15488,15248,15184,15312
>a 15488,15264,15296,15232
>a 15488,15200,15216,15248
>a 15504,15280,15168,15264
>a 15600,15248,15200,15248
>a 15472,15344,15232,15232
>a 15472,15248,15200,15216
>a 15456,15248,15216,15280
>a 15504,15200,15184,15312
>a 15472,15216,15168,15200
>a 15536,15264,15136,15200
>a 15488,15248,15152,15216
>a 15488,15264,15184,15216
>a 15456,15328,15280,15280
>a 15456,15248,15168,15248
>a 15472,15216,15216,15216
>a 15504,15328,15200,15152
>a 15360,15280,15216,15264
>a 15488,15312,15216,15200
>a 15456,15264,15232,15248
>a 15312,15248,15280,15232
>a 15472,15248,15200,15232
>a 15456,15312,15216,15408
>a 15456,15232,15216,15264
>a 15536,15328,15216,15216
>a 15472,15248,15248,15232
>a 15440,15264,15216,15312
>a 15424,15200,15248,15136
>a 15456,15232,15280,15216
>a 15536,15248,15168,15264
>a 15520,15248,15216,15248
>a 15472,15248,15136,15200
>a 15456,15232,15216,15200
>a 15408,15248,15216,15184
>a 15456,15232,15248,15216
>a 15472,15216,15216,15248
>a 15536,15216,15216,15296
>a 15456,15216,15104,15184
>a 15488,15248,15232,15248
>a 15456,15248,15200,15216
>a 15584,15264,15216,15216
>a 15568,15216,15296,15248
>a 15472,15216,15152,15168
>a 15456,15264,15184,15248
>a 15488,15216,15280,15216
>a 15472,15184,15184,15312
>a 15536,15216,15216,15200
>a 15456,15232,15168,15216
>a 15376,15264,15248,15264
>a 15536,15248,15216,15184
>a 15488,15216,15200,15216
>a 15504,15280,15152,15216
>a 15312,15248,15216,15248
>a 15472,15216,15168,15216
>a 15472,15184,15216,15264
>a 15584,15200,15280,15232
>a 15520,15264,15216,15248
>a 15456,15328,15136,15312
>a 15472,15248,15200,15280
>a 15472,15232,15216,15248
>a 15472,15264,15200,15328
>a 15488,15216,15120,15184
>a 15328,15216,15120,15248
>a 15440,15248,15184,15216
>a 15440,15408,15168,15248
>a 15472,15248,15088,15248
>a 15472,15280,15216,15200
>a 15424,15248,15200,15184
>a 15376,15248,15184,15264
>a 15552,15232,15168,15216
>a 15472,15280,15216,15248
>a 15504,15264,15216,15232
>a 15488,15248,15216,15216
>a 15568,15232,15216,15200
>a 15456,15216,15136,15200
>a 15488,15264,15168,15312
>a 15456,15152,15184,15216
>a 15504,15248,15200,15248
>a 15472,15232,15232,15264
>a 15472,15232,15184,15232
>a 15440,15216,15184,15248
>a 15472,15216,15184,15296
>a 15472,15216,15136,15248
>a 15472,15264,15216,15280
>a 15472,15232,15200,15216
>a 15472,15248,15216,15216
>a 15440,15216,15184,15296
>a 15584,15328,15200,15200
>a 15424,15216,15248,15328
>a 15504,15232,15248,15232
>a 15440,15328,15184,15216
>a 15472,15232,15200,15376
>a 15488,15248,15168,15344
>a 15568,15216,15216,15264
>a 15440,15264,15184,15248
>a 15568,15216,15184,15248
>a 15440,15216,15232,15296
>a 15504,15184,15200,15216
>a 15472,15264,15216,15232
>a 15456,15248,15200,15216
>a 15424,15216,15216,15248
>a 15536,15248,15200,15296
>a 15456,15216,15152,15216
>a 15440,15168,15232,15200
>a 15584,15248,15280,15312
>a 15472,15248,15232,15248
>a 15488,15264,15216,15248
>a 15472,15264,15200,15264
>a 15504,15248,15248,15248
>a 15472,15264,15216,15264
>a 15456,15216,15200,15248
>a 15456,15264,15200,15248
>a 15488,15232,15232,15248
>a 15472,15248,15200,15216
>a 15472,15248,15264,15264
>a 15536,15280,15216,15216
>a 15440,15328,15168,15264
>a 15408,15264,15152,15248
>a 15408,15216,15200,15232
>a 15456,15200,15200,15264
>a 15504,15248,15232,15312
>a 15504,15216,15184,15216
>a 15456,15216,15232,15264
>a 15472,15232,15200,15312
>a 15408,15232,15216,15232
>a 15488,15248,15216,15328
>a 15536,15216,15216,15280
>a 15472,15248,15216,15168
>a 15520,15264,15200,15248
>a 15440,15136,15168,15312
>a 15488,15248,15200,15248
>a 15472,15248,15184,15200
>a 15440,15248,15168,15232
>a 15440,15216,15200,15248
>a 15456,15200,15184,15216
>a 15328,15232,15184,15216
>a 15472,15248,15216,15216
>a 15472,15232,15200,15216
>a 15472,15232,15200,15216
>a 15472,15248,15216,15264
>a 15520,15248,15232,15328
>a 15472,15168,15216,15248
>a 15472,15232,15216,15216
>a 15472,15248,15216,15248
>a 15456,15120,15168,15312
>a 15440,15232,15200,15232
>a 15456,15184,15184,15312
>a 15488,15248,15232,15248
>a 15456,15232,15168,15216
>a 15440,15200,15216,15232
>a 15472,15328,15168,15264
>a 15408,15312,15184,15312
>a 15424,15248,15216,15344
>a 15408,15216,15184,15216
>a 15472,15248,15232,15248
>a 15424,15216,15184,15248
>a 15456,15248,15216,15248
>a 15408,15200,15200,15216
>a 15568,15200,15152,15232
>a 15344,15232,15136,15216
>a 15472,15264,15216,15120
>a 15440,15264,15232,15248
>a 15504,15168,15216,15232
>a 15344,15232,15088,15216
>a 15488,15248,15200,15264
>a 15456,15216,15184,15168
>a 15456,15312,15200,15136
>a 15424,15248,15216,15216
>a 15584,15328,15200,15216
>a 15440,15248,15200,15248
>a 15472,15216,15200,15248
>a 15472,15232,15248,15216
>a 15472,15216,15168,15216
>a 15472,15216,15120,15200
>a 15456,15248,15184,15216
>a 15408,15248,15168,15200
>a 15472,15248,15248,15264
>a 15392,15232,15184,15216
>a 15472,15216,15216,15248
>a 15440,15248,15232,15264
>a 15568,15248,15184,15216
>a 15456,15232,15184,15216
>a 15408,15200,15184,15232
>a 15488,15344,15216,15296
>a 15472,15232,15168,15200
>a 15472,15264,15200,15216
>a 15456,15248,15056,15296
>a 15456,15216,15216,15200
>a 15408,15184,15200,15232
>a 15472,15216,15168,15248
>a 15488,15280,15216,15248
>a 15472,15232,15184,15408
>a 15504,15184,15200,15216
>a 15584,15136,15216,15232
>a 15440,15200,15168,15232
>a 15440,15248,15216,15280
>a 15536,15232,15232,15296
>a 15456,15248,15184,15248
>a 15456,15264,15280,15248
>a 15488,15216,15216,15152
>a 15504,15248,15216,15264
>a 15472,15392,15184,15216
>a 15520,15328,15184,15264
>a 15504,15248,15216,15264
>a 15472,15248,15216,15248
>a 15600,15248,15264,15344
>a 15568,15248,15184,15328
>a 15456,15248,15168,15216
>a 15472,15248,15216,15248
>a 15456,15280,15072,15200
>a 15440,15216,15168,15248
>a 15472,15120,15312,15152
>a 15504,15216,15184,15232
>a 15424,15216,15200,15184
>a 15472,15248,15200,15232
>a 15456,15216,15232,15328
>a 15488,15248,15216,15232
>a 15472,15248,15200,15216
>a 15472,15216,15120,15232
>a 15504,15280,15280,15168
>a 15472,15312,15136,15264
>a 15376,15248,15184,15264
>a 15472,15232,15200,15232
>a 15456,15232,15216,15248
>a 15408,15184,15152,15200
>a 15472,15248,15168,15232
>a 15392,15248,15200,15232
>a 15456,15264,15280,15232
>a 15472,15248,15168,15312
>a 15488,15248,15216,15248
>a 15408,15216,15152,15232
>a 15504,15264,15216,15248
>a 15472,15232,15216,15328
>a 15472,15232,15184,15184
>a 15456,15232,15216,15280
>a 15568,15216,15200,15248
>a 15568,15216,15200,15216
>a 15344,15216,15216,15264
>a 15552,15248,15184,15120
>a 15504,15248,15200,15280
>a 15488,15216,15200,15216
>a 15312,15296,15168,15200
>a 15456,15152,15216,15248
>a 15456,15248,15200,15232
>a 15472,15248,15184,15216
>a 15392,15216,15200,15200
>a 15440,15216,15200,15232
>a 15504,15264,15312,15216
>a 15456,15184,15184,15216
>a 15488,15248,15216,15264
>a 15504,15248,15216,15232
>a 15456,15216,15200,15216
>a 15456,15232,15264,15200
>a 15456,15248,15200,15280
>a 15536,15200,15264,15232
>a 15472,15216,15216,15200
>a 15472,15216,15200,15248
>a 15488,15184,15168,15232
>a 15488,15328,15184,15248
>a 15600,15248,15216,15232
>a 15472,15152,15264,15168
>a 15504,15248,15216,15248
>a 15472,15216,15184,15296
>a 15488,15248,15136,15216
>a 15440,15200,15184,15200
>a 15472,15360,15264,15200
>a 15504,15312,15200,15232
>a 15376,15216,15088,15248
>a 15472,15248,15296,15248
>a 15440,15216,15216,15232
>a 15472,15344,15216,15216
>a 15472,15248,15232,15248
>a 15424,15248,15248,15248
>a 15392,15056,15232,15248
>a 15536,15232,15184,15296
>a 15504,15232,15232,15264
>a 15440,15280,15216,15216
>a 15488,15248,15216,15184
>a 15440,15312,15168,15232
>a 15520,15248,15216,15248
>a 15472,15248,15216,15248
>a 15504,15232,15200,15248
>a 15440,15184,15168,15264
>a 15488,15152,15200,15232
>a 15440,15200,15280,15328
>a 15472,15296,15280,15232
>a 15408,15248,15200,15184
>a 15472,15232,15184,15248
>a 15488,15264,15200,15232
>a 15488,15184,15200,15328
>a 15472,15248,15248,15264
>a 15472,15248,15232,15200
>a 15488,15232,15184,15232
>a 15472,15248,15216,15248
>a 15424,15248,15216,15248
>a 15472,15216,15184,15280
>a 15456,15216,15280,15200
>a 15408,15248,15184,15120
>a 15472,15344,15216,15248
>a 15456,15264,15216,15248
>a 15424,15232,15216,15248
>a 15344,15216,15184,15200
>a 15488,15264,15184,15184
>a 15344,15264,15216,15248
>a 15424,15200,15168,15216
>a 15472,15280,15184,15216
>a 15472,15248,15232,15216
>a 15392,15248,15216,15232
>a 15472,15280,15184,15248
>a 15456,15200,15216,15232
>a 15472,15168,15232,15264
>a 15536,15312,15232,15264
>a 15472,15232,15184,15248
>a 15440,15216,15152,15232
>a 15488,15248,15248,15264
>a 15424,15264,15136,15200
>a 15472,15248,15296,15344
>a 15408,15216,15216,15264
>a 15424,15216,15200,15232
>a 15440,15184,15200,15200
>a 15440,15248,15264,15232
>a 15456,15232,15216,15248
>a 15440,15232,15216,15328
>a 15408,15216,15152,15296
>a 15440,15248,15296,15232
>a 15456,15248,15184,15248
>a 15456,15248,15200,15232
>a 15408,15184,15216,15216
>a 15472,15248,15216,15248
>a 15456,15264,15264,15200
>a 15440,15200,15184,15216
>a 15456,15200,15200,15200
>a 15456,15264,15200,15264
>a 15456,15232,15216,15200
>a 15440,15088,15216,15232
>a 15472,15264,15168,15280
>a 15520,15104,15216,15264
>a 15440,15216,15168,15216
>a 15456,15200,15200,15232
>a 15456,15216,15184,15264
>a 15488,15328,15216,15248
>a 15456,15296,15168,15216
>a 15552,15232,15168,15232
>a 15440,15168,15200,15264
>a 15552,15264,15200,15248
>a 15408,15200,15216,15312
>a 15456,15232,15184,15200
>a 15488,15232,15232,15216
>a 15472,15264,15216,15168
>a 15568,15232,15184,15232
>a 15488,15136,15216,15248
>a 15456,15216,15168,15216
>a 15392,15248,15200,15216
>a 15472,15328,15216,15248
>a 15440,15232,15248,15264
>a 15440,15216,15184,15232
>a 15472,15216,15216,15248
>a 15472,15232,15200,15216
>a 15472,15248,15232,15216
>a 15424,15232,15200,15248
>a 15456,15216,15136,15200
>a 15440,15248,15216,15200
>a 15440,15168,15216,15248
>a 15472,15232,15184,15248
>a 15472,15216,15216,15232
>a 15472,15216,15232,15216
>a 15296,15216,15216,15248
>a 15456,15232,15200,15216
>a 15472,15248,15216,15248
>a 15440,15232,15296,15120
>a 15504,15216,15200,15264
>a 15472,15088,15200,15264
>a 15472,15216,15312,15232
>a 15456,15216,15216,15200
>a 15424,15200,15200,15216
>a 15456,15216,15200,15232
>a 15440,15184,15248,15296
>a 15472,15200,15184,15232
>a 15408,15216,15184,15216
>a 15472,15264,15216,15248
>a 15408,15216,15152,15328
>a 15472,15232,15216,15248
>a 15360,15312,15152,15280
>a 15408,15232,15216,15216
>a 15664,15216,15184,15232
>a 15440,15184,15232,15248
>a 15408,15216,15088,15216
>a 15456,15232,15184,15216
>a 15536,15216,15216,15248
>a 15472,15216,15200,15232
>a 15552,15200,15168,15328
>a 15456,15200,15200,15328
>a 15424,15200,15200,15216
>a 15536,15248,15280,15232
>a 15472,15248,15216,15232
>a 15472,15248,15200,15248
>a 15472,15248,15216,15248
>a 15568,15216,15232,15200
>a 15552,15232,15216,15248
>a 15376,15200,15184,15248
>a 15472,15168,15200,15216
>a 15488,15248,15216,15280
>a 15488,15248,15296,15328
>a 15456,15328,15184,15216
>a 15552,15216,15136,15184
>a 15408,15248,15184,15232
>a 15424,15344,15264,15264
>a 15456,15248,15136,15184
>a 15296,15184,15104,15248
>a 15472,15232,15296,15264
>a 15456,15216,15216,15248
>a 15376,15184,15280,15200
>a 15440,15216,15248,15168
>a 15456,15248,15216,15264
>a 15360,15232,15200,15248
>a 15472,15216,15248,15248
>a 15456,15184,15200,15328
>a 15456,15216,15232,15264
>a 15440,15216,15200,15216
>a 15440,15168,15120,15216
>a 15440,15168,15184,15232
>a 15472,15232,15232,15232
>a 15456,15216,15200,15312
>a 15472,15216,15152,15152
>a 15472,15232,15216,15264
>a 15472,15248,15200,15248
>a 15472,15248,15200,15248
>a 15376,15232,15184,15184
>a 15440,15232,15216,15136
>a 15472,15248,15200,15216
>a 15552,15248,15152,15216
>a 15424,15200,15184,15232
>a 15440,15184,15184,15216
>a 15472,15232,15312,15280
>a 15440,15168,15232,15328
>a 15536,15232,15296,15136
>a 15472,15232,15216,15248
>a 15424,15216,15152,15232
>a 15440,15184,15200,15200
>a 15472,15216,15200,15216
>a 15424,15312,15200,15248
>a 15424,15184,15280,15216
>a 15472,15200,15216,15232
>a 15456,15280,15232,15088
>a 15456,15232,15200,15216
>a 15424,15200,15184,15200
>a 15424,15232,15184,15232
>a 15456,15232,15200,15328
>a 15536,15216,15152,15312
>a 15440,15200,15280,15248
>a 15456,15264,15264,15312
>a 15280,15216,15216,15216
>a 15456,15184,15280,15232
>a 15472,15312,15184,15232
>a 15472,15216,15168,15248
>a 15408,15232,15136,15232
>a 15424,15200,15136,15216
>a 15408,15168,15216,15216
>a 15472,15216,15248,15264
>a 15424,15200,15056,15232
>a 15440,15376,15184,15232
>a 15456,15168,15200,15264
>a 15472,15200,15232,15328
>a 15456,15200,15216,15248
>a 15504,15264,15216,15264
>a 15424,15232,15216,15248
>a 15456,15168,15216,15248
>a 15456,15216,15184,15312
>a 15456,15216,15216,15296
>a 15456,15216,15280,15152
>a 15424,15232,15216,15264
>a 15456,15136,15216,15216
>a 15456,15248,15072,15232
>a 15472,15216,15216,15216
>a 15472,15232,15184,15312
>a 15440,15200,15200,15216
>a 15472,15248,15216,15264
>a 15456,15216,15152,15248
>a 15424,15200,15296,15328
>a 15440,15216,15184,15200
>a 15472,15280,15280,15216
>a 15488,15248,15184,15216
>a 15456,15232,15248,15248
>a 15440,15216,15216,15216
>a 15440,15216,15200,15216
>a 15456,15200,15200,15216
>a 15440,15312,15248,15184
>a 15440,15184,15152,15216
>a 15472,15216,15168,15344
>a 15408,15216,15200,15312
>a 15568,15216,15184,15264
>a 15472,15216,15296,15152
>a 15440,15200,15280,15200
>a 15456,15200,15344,15328
>a 15440,15216,15200,15248
>a 15456,15232,15216,15232
>a 15408,15200,15168,15232
>a 15472,15264,15312,15232
>a 15440,15184,15200,15216
>a 15392,15216,15216,15216
>a 15312,15200,15216,15216
>a 15472,15168,15200,15104
>a 15456,15216,15168,15280
>a 15456,15216,15184,15216
>a 15456,15200,15200,15216
>a 15424,15280,15296,15264
>a 15440,15344,15200,15248
>a 15456,15312,15248,15248
>a 15392,15216,15168,15232
>a 15552,15392,15200,15248
>a 15536,15184,15312,15312
>a 15440,15232,15200,15248
>a 15472,15184,15280,15264
>a 15456,15216,15184,15168
>a 15536,15296,15184,15232
>a 15408,15168,15200,15216
>a 15440,15184,15168,15184
>a 15536,15216,15216,15376
>a 15456,15296,15216,15232
>a 15472,15312,15184,15232
>a 15456,15200,15136,15232
>a 15472,15248,15200,15232
>a 15456,15312,15232,15264
>a 15488,15200,15104,15232
>a 15472,15264,15184,15232
>a 15488,15200,15200,15232
>a 15472,15216,15216,15248
>a 15456,15200,15200,15264
>a 15440,15216,15216,15216
>a 15408,15200,15200,15168
>a 15440,15216,15216,15216
>a 15408,15216,15152,15200
>a 15440,15200,15232,15248
>a 15440,15216,15280,15248
>a 15440,15216,15184,15184
>a 15472,15216,15248,15232
>a 15424,15216,15184,15232
>a 15408,15200,15232,15232
>a 15424,15232,15216,15248
>a 15344,15200,15200,15248
>a 15408,15200,15152,15216
>a 15424,15232,15216,15376
>a 15472,15200,15200,15232
>a 15440,15248,15216,15248
>a 15440,15184,15200,15216
>a 15408,15184,15088,15248
>a 15440,15216,15184,15264
>a 15472,15248,15200,15216
>a 15312,15216,15200,15248
>a 15344,15120,15232,15216
>a 15440,15216,15200,15216
>a 15408,15200,15312,15296
>a 15488,15184,15184,15200
>a 15456,15184,15232,15312
>a 15552,15216,15168,15232
>a 15456,15232,15216,15232
>a 15424,15232,15216,15248
>a 15296,15200,15184,15312
>a 15472,15232,15216,15216
>a 15456,15232,15216,15248
>a 15360,15152,15168,15216
>a 15344,15248,15136,15248
>a 15408,15152,15184,15296
>a 15520,15232,15216,15248
>a 15424,15296,15184,15248
>a 15456,15200,15136,15296
>a 15456,15216,15216,15184
>a 15408,15168,15216,15216
>a 15408,15216,15216,15232
>a 15440,15216,15216,15200
>a 15456,15216,15104,15264
>a 15456,15216,15248,15248
>a 15456,15232,15216,15248
>a 15440,15200,15280,15232
>a 15408,15216,15264,15296
>a 15392,15328,15200,15344
>a 15472,15200,15200,15248
>a 15424,15184,15168,15312
>a 15456,15216,15200,15200
>a 15408,15168,15200,15248
>a 15392,15200,15200,15152
>a 15440,15200,15072,15328
>a 15456,15216,15200,15184
>a 15408,15216,15200,15216
>a 15440,15216,15216,15264
>a 15408,15216,15232,15264
>a 15264,15216,15312,15200
>a 15440,15216,15328,15088
>a 15440,15312,15216,15264
>a 15456,15216,15152,15232
>a 15472,15216,15264,15120
>a 15440,15216,15184,15216
>a 15408,15184,15072,15216
>a 15360,15120,15104,15312
>a 15424,15216,15216,15264
>a 15312,15200,15072,15312
>a 15456,15248,15200,15216
>a 15440,15216,15200,15248
>a 15440,15184,15184,15248
>a 15440,15280,15216,15248
>a 15312,15200,15168,15248
>a 15344,15200,15168,15232
>a 15472,15216,15200,15248
>a 15440,15216,15216,15248
>a 15584,15248,15184,15232
>a 15456,15216,15200,15232
>a 15440,15216,15200,15216
>a 15392,15152,15168,15184
>a 15568,15232,15200,15216
>a 15472,15248,15216,15232
>a 15648,15328,15296,15200
>a 15472,15312,15216,15248
>a 15568,15216,15248,15200
>a 15328,15216,15200,15216
>a 15584,15216,15216,15328
>a 15440,15232,15216,15328
>a 15344,15168,15216,15248
>a 15536,15296,15216,15328
>a 15440,15216,15216,15312
>a 15408,15136,15184,15216
>a 15456,15312,15184,15104
>a 15488,15216,15296,15232
>a 15440,15248,15152,15248
>a 15520,15152,15168,15232
>a 15408,15216,15152,15216
>a 15440,15216,15168,15216
>a 15440,15216,15168,15232
>a 15424,15184,15216,15264
>a 15536,15200,15184,15200
>a 15488,15200,15296,15232
>a 15456,15232,15232,15248
>a 15440,15056,15184,15280
>a 15568,15216,15168,15232
>a 15408,15200,15296,15296
>a 15424,15200,15200,15232
>a 15456,15200,15216,15232
>a 15280,15248,15168,15232
>a 15424,15104,15216,15248
>a 15440,15200,15216,15216
>a 15440,15216,15200,15248
>a 15424,15184,15200,15328
>a 15408,15216,15056,15216
>a 15456,15216,15216,15216
>a 15408,15248,15232,15296
>a 15408,15232,15184,15232
>a 15472,15344,15216,15216
>a 15408,15216,15200,15232
>a 15472,15344,15216,15232
>a 15440,15184,15216,15136
>a 15456,15248,15232,15216
>a 15472,15184,15216,15248
>a 15440,15200,15184,15232
>a 15456,15216,15216,15344
>a 15472,15200,15216,15232
>a 15456,15152,15200,15232
>a 15248,15200,15088,15184
>a 15456,15232,15216,15216
>a 15408,15232,15168,15248
>a 15520,15200,15216,15328
>a 15440,15216,15280,15216
>a 15520,15216,15216,15232
>a 15440,15216,15216,15216
>a 15472,15232,15216,15248
>a 15536,15216,15232,15344
>a 15488,15232,15216,15248
>a 15552,15216,15216,15216
>a 15488,15216,15136,15248
>a 15472,15216,15152,15216
>a 15440,15216,15184,15296
>a 15520,15216,15312,15232
>a 15440,15344,15088,15232
>a 15440,15120,15200,15216
>a 15440,15232,15200,15216
>a 15440,15184,15184,15216
>a 15504,15200,15216,15328
>a 15440,15184,15104,15264
>a 15472,15328,15200,15248
>a 15456,15216,15280,15296
>a 15472,15200,15184,15232
>a 15488,15328,15216,15280
>a 15520,15216,15152,15328
>a 15440,15200,15216,15232
>a 15456,15216,15184,15248
>a 15440,15216,15216,15232
>a 15440,15216,15184,15200
>a 15488,15248,15088,15232
>a 15456,15312,15216,15216
>a 15408,15232,15184,15232
>a 15472,15248,15088,15248
>a 15424,15200,15232,15248
>a 15456,15200,15232,15264
>a 15344,15168,15216,15216
>a 15424,15200,15216,15264
>a 15424,15216,15216,15312
>a 15440,15200,15200,15216
>a 15456,15216,15280,15184
>a 15472,15296,15120,15216
>a 15408,15280,15152,15232
>a 15440,15248,15200,15264
>a 15472,15216,15216,15200
>a 15456,15216,15200,15184
>a 15440,15216,15168,15296
>a 15408,15152,15216,15184
>a 15440,15200,15216,15232
>a 15472,15232,15216,15216
>a 15456,15232,15184,15232
>a 15456,15216,15120,15264
>a 15456,15248,15216,15200
>a 15456,15328,15216,15232
>a 15408,15200,15216,15264
>a 15456,15136,15184,15328
>a 15440,15232,15024,15232
>a 15536,15296,15200,15248
>a 15472,15280,15200,15232
>a 15440,15216,15184,15136
>a 15376,15216,15200,15248
>a 15568,15232,15200,15248
>a 15504,15136,15296,15248
>a 15392,15232,15072,15184
>a 15440,15216,15216,15216
>a 15440,15216,15152,15152
>a 15456,15216,15216,15232
>a 15440,15264,15216,15344
>a 15440,15216,15200,15328
>a 15424,15232,15136,15216
>a 15456,15216,15216,15184
>a 15504,15216,15232,15264
>a 15456,15232,15200,15264
>a 15488,15216,15280,15296
>a 15440,15216,15232,15232
>a 15456,15216,15200,15216
>a 15408,15200,15200,15248
>a 15424,15232,15072,15312
>a 15392,15216,15072,15216
>a 15376,15280,15136,15232
>a 15456,15216,15344,15248
>a 15440,15216,15168,15184
>a 15408,15200,15184,15296
>a 15408,15200,15216,15248
>a 15472,15312,15232,15200
>a 15456,15248,15040,15232
>a 15408,15120,15216,15264
>a 15440,15232,15216,15280
>a 15440,15216,15200,15392
>a 15456,15216,15152,15136
>a 15456,15216,15216,15216
>a 15296,15296,15216,15280
>a 15456,15312,15168,15232
>a 15472,15232,15216,15296
>a 15328,15248,15312,15232
>a 15424,15216,15216,15232
>a 15456,15328,15168,15184
>a 15376,15184,15280,15216
>a 15408,15168,15216,15248
>a 15536,15296,15120,15152
>a 15408,15104,15168,15232
>a 15440,15328,15216,15344
>a 15440,15200,15040,15296
>a 15472,15216,15200,15216
>a 15456,15184,15200,15248
>a 15552,15216,15216,15248
>a 15488,15232,15264,15264
>a 15440,15232,15152,15264
>a 15424,15200,15216,15264
>a 15440,15216,15104,15280
>a 15456,15216,15152,15184
>a 15440,15200,15168,15216
>a 15440,15280,15152,15296
>a 15424,15216,15200,15216
>a 15456,15216,15200,15232
>a 15456,15200,15200,15168
>a 15424,15200,15200,15264
>a 15472,15216,15200,15248
>a 15456,15248,15152,15312
>a 15456,15232,15216,15248
>a 15424,15216,15184,15216
>a 15520,15200,15136,15216
>a 15424,15040,15184,15264
>a 15392,15264,15200,15328
>a 15424,15216,15216,15280
>a 15472,15216,15184,15216
>a 15520,15200,15280,15216
>a 15456,15248,15200,15232
>a 15472,15280,15280,15248
>a 15472,15216,15200,15216
>a 15440,15216,15056,15184
>a 15408,15216,15216,15216
>a 15392,15168,15200,15200
>a 15440,15184,15200,15232
>a 15456,15248,15200,15248
>a 15408,15136,15152,15248
>a 15440,15200,15200,15216
>a 15392,15248,15200,15328
>a 15280,15216,15152,15216
>a 15408,15232,15152,15232
>a 15472,15312,15216,15264
>a 15440,15216,15152,15216
>a 15440,15328,15216,15232
>a 15472,15184,15168,15248
>a 15456,15200,15264,15248
>a 15424,15216,15216,15248
>a 15424,15200,15216,15248
>a 15424,15216,15184,15232
>a 15456,15216,15264,15248
>a 15472,15232,15216,15248
>a 15424,15296,15216,15264
>a 15456,15232,15216,15248
>a 15440,15280,15152,15232
>a 15488,15184,15248,15216
>a 15472,15216,15216,15248
>a 15392,15216,15200,15264
>a 15440,15184,15152,15296
>a 15440,15216,15200,15232
>a 15472,15248,15200,15248
>a 15456,15216,15120,15296
>a 15472,15152,15216,15248
>a 15440,15200,15200,15184
>a 15408,15248,15232,15264
>a 15376,15200,15136,15248
>a 15472,15216,15200,15232
>a 15408,15312,15200,15248
>a 15280,15136,15216,15232
>a 15440,15216,15184,15232
>a 15440,15216,15216,15264
>a 15520,15344,15216,15232
>a 15472,15280,15232,15248
>a 15456,15216,15184,15232
>a 15392,15200,15024,15248
>a 15456,15216,15216,15264
>a 15424,15200,15216,15216
>a 15552,15088,15216,15248
>a 15456,15248,15216,15248
>a 15456,15200,15200,15216
>a 15504,15184,15152,15216
>a 15472,15232,15216,15248
>a 15408,15200,15216,15216
>a 15456,15216,15216,15232
>a 15584,15312,15216,15184
>a 15408,15216,15200,15248
>a 15536,15200,15232,15328
>a 15360,15248,15168,15216
>a 15408,15216,15184,15200
>a 15296,15200,15184,15216
>