
>
>
>
>v 1 Jul 11 2014, <C1459854>
>a 50544,15392,50320,15424
>a 50512,15408,50320,15440
>a 50608,15392,50288,15456
>a 50544,15392,50288,15536
>a 50512,15424,50256,15456
>a 50544,15408,50432,15408
>a 50592,15408,50416,15456
>a 50544,15344,50320,15424
>a 50512,15376,50336,15408
>a 50544,15408,50304,15440
>a 50560,15392,50304,15520
>a 50576,15360,50320,15440
>a 50448,15408,50320,15440
>a 50576,15424,50352,15456
>a 50496,15392,50320,15440
>a 50512,15424,50304,15456
>a 50560,15536,50416,15472
>a 50544,15424,50480,15472
>a 50544,15344,50352,15456
>a 50528,15408,50384,15456
>a 50592,15344,50352,15440
>a 50608,15392,50416,15424
>a 50496,15408,50320,15456
>a 50544,15408,50368,15392
>a 50528,15280,50384,15360
>a 50592,15408,50336,15456
>a 50560,15376,50320,15408
>a 50576,15488,50368,15424
>a 50544,15392,50304,15536
>a 50560,15392,50320,15472
>a 50544,15424,50352,15520
>a 50528,15408,50320,15440
>a 50480,15344,50336,15440
>a 50640,15408,50352,15408
>a 50544,15472,50320,15424
>a 50544,15344,50320,15424
>a 50544,15408,50304,15344
>a 50576,15408,50320,15440
>a 50544,15312,50256,15424
>a 50576,15296,50320,15472
>a 50544,15424,50288,15424
>a 50592,15376,50432,15472
>a 50592,15424,50336,15440
>a 50608,15280,50352,15472
>a 50576,15440,50384,15456
>a 50640,15392,50336,15424
>a 50560,15440,50336,15472
>a 50416,15440,50336,15440
>a 50640,15424,50336,15424
>a 50544,15440,50336,15472
>a 50544,15392,50336,15456
>p 7,14
>p 7,14
>a 50544,15392,50352,15392
>a 50512,15328,50320,15440
>a 50640,15488,50288,15424
>p 7,15
>p 7,16
>p 7,17
>a 50608,15424,50400,15488
>a 50496,15392,50288,15440
>a 50544,15392,50272,15520
>a 50576,15504,50352,15440
>a 50544,15440,50320,15456
>a 50544,15424,50320,15488
>a 50560,15264,50256,15408
>a 50544,15360,50320,15440
>a 50512,15424,50336,15520
>p 7,18
>p 7,19
>p 7,20
>a 50496,15424,50304,15424
>p 7,21
>p 7,22
>a 50544,15408,50336,15440
>a 50544,15408,50304,15344
>a 50576,15392,50272,15536
>p 7,23
>p 7,24
>a 50544,15408,50368,15456
>a 50528,15376,50304,15456
>a 50656,15408,50336,15456
>a 50592,15376,50288,15376
>a 50560,15424,50320,15520
>a 50544,15424,50336,15456
>p 7,25
>p 7,26
>p 7,27
>a 50544,15344,50288,15440
>a 50544,15376,50240,15424
>p 7,28
>p 7,29
>p 7,30
>a 50608,15488,50352,15536
>p 7,31
>a 48096,21872,50160,15456
>a 49056,19712,50128,15456
>a 48624,20480,50064,15408
>a 48624,20304,49936,15424
>a 48544,20416,49776,15456
>a 48352,20320,49616,15424
>a 48176,20400,49584,15440
>a 48112,20384,49504,15344
>a 48080,20560,49392,15520
>a 47776,20336,49296,15440
>a 47664,20320,49136,15440
>p 7,30
>a 47584,20288,49024,15472
>a 47872,19360,48928,15440
>p 7,29
>p 7,28
>a 47984,19008,48816,15440
>a 48256,18096,48848,15456
>a 48032,18448,48736,15408
>p 7,27
>a 48208,17856,48736,15456
>a 48304,17504,48704,15472
>p 7,25
>a 48416,17200,48608,15440
>a 48624,15968,48624,15472
>p 7,24
>a 48704,15968,48592,15472
>a 48752,15728,48560,15456
>a 48720,15664,48560,15440
>p 7,25
>p 7,26
>a 48720,15760,48592,15424
>p 7,27
>a 47984,17984,48464,15392
>p 7,28
>a 47888,18400,48400,15392
>a 47904,18336,48304,15424
>p 7,27
>p 7,25
>a 48112,17264,48272,15344
>p 7,24
>a 48432,15920,48304,15456
>a 48464,15808,48176,15520
>a 48480,15728,48256,15408
>a 48448,15776,48208,15440
>p 7,23
>p 7,22
>a 48544,15472,48240,15408
>a 48528,15392,48208,15440
>a 48448,15392,48208,15424
>p 7,23
>a 48432,15408,48224,15408
>a 48448,15616,48176,15424
>p 7,24
>p 7,25
>a 48480,15408,48240,15440
>p 7,26
>a 48528,15376,48224,15456
>p 7,27
>a 48384,15392,48240,15440
>p 7,28
>a 47280,18304,48112,15488
>a 47360,18240,48048,15408
>a 47232,18256,48096,15472
>p 7,27
>a 47600,17520,47920,15424
>a 47408,17632,47904,15520
>p 7,25
>a 47904,16464,47872,15424
>a 47952,16016,47856,15392
>a 47856,16448,47824,15440
>a 47840,16320,47808,15440
>a 47872,16304,47760,15392
>a 47856,16400,47728,15408
>a 47856,16400,47712,15456
>a 47648,16336,47712,15520
>a 47760,16432,47632,15408
>a 47680,16432,47616,15424
>a 47792,16400,47536,15424
>a 47600,16448,47472,15472
>a 47648,16480,47520,15344
>a 47536,16464,47504,15440
>a 47552,16464,47408,15440
>a 47520,16480,47440,15504
>a 47360,16544,47424,15392
>a 47504,16528,47344,15408
>a 47328,16496,47408,15424
>a 47280,16352,47344,15344
>a 47344,16400,47280,15408
>p 7,24
>a 47328,16192,47280,15360
>p 7,23
>a 47472,15744,47216,15424
>a 47568,15456,47232,15408
>a 47520,15472,47280,15408
>p 7,24
>a 47536,15424,47280,15408
>p 7,25
>a 47536,15440,47296,15424
>p 7,26
>a 47312,15920,47296,15408
>p 7,27
>a 46512,18080,47168,15424
>a 46768,17424,47120,15376
>a 46752,17760,47072,15424
>a 46576,17680,47024,15328
>p 7,25
>a 46832,17264,47024,15376
>a 47232,16032,46928,15376
>a 47056,16208,46960,15440
>a 47024,16448,46928,15392
>a 46960,16400,46832,15408
>p 7,24
>a 46976,15968,46864,15392
>a 47056,15760,46848,15424
>a 47024,15728,46832,15424
>a 47072,15760,46816,15440
>a 47024,15728,46832,15504
>a 47056,15728,46864,15424
>a 47040,15760,46800,15408
>p 7,25
>a 46752,16048,46752,15440
>p 7,26
>a 46288,17296,46672,15440
>p 7,27
>a 46064,17728,46656,15408
>a 46096,17632,46784,15344
>a 45984,17552,46464,15408
>a 45936,17728,46480,15424
>a 45872,17728,46416,15456
>a 45904,17696,46416,15408
>a 45824,17632,46320,15408
>p 7,25
>a 46000,17120,46256,15408
>p 7,24
>a 46368,15856,46256,15408
>p 7,23
>a 46400,15456,46240,15392
>a 46464,15456,46208,15392
>a 46560,15344,46288,15456
>a 46528,15408,46304,15392
>a 46560,15376,46384,15424
>p 7,24
>a 46480,15344,46288,15408
>a 46576,15440,46304,15520
>p 7,25
>a 46704,15392,46320,15408
>p 7,26
>a 46576,15632,46336,15520
>a 45968,17376,46256,15440
>p 7,27
>a 46096,17200,46176,15344
>a 45728,17904,46128,15472
>a 45744,17664,46064,15376
>a 45584,17728,46032,15440
>a 45472,17744,45984,15344
>p 7,25
>a 45728,17088,45936,15424
>a 46000,16112,45888,15424
>a 45840,16416,45872,15344
>a 45744,16432,45840,15376
>a 45744,16384,45808,15424
>a 45840,16480,45744,15488
>a 45488,16336,45744,15408
>a 45680,16336,45824,15408
>a 45600,16384,45616,15312
>a 45600,16368,45680,15392
>a 45584,16240,45760,15520
>a 45600,16320,45616,15408
>a 45680,16304,45584,15408
>a 45680,16288,45536,15424
>a 45456,16416,45488,15392
>a 45568,16352,45488,15392
>a 45568,16352,45424,15392
>a 45552,16384,45360,15392
>a 45488,16368,45424,15376
>p 7,28
>a 44400,19040,45264,15408
>a 44800,18160,45280,15440
>a 44592,18480,45152,15488
>a 44528,18384,45152,15408
>a 44448,18400,45088,15408
>a 44304,18352,44976,15408
>a 44256,18352,44896,15376
>a 44240,18400,44848,15424
>a 44064,18384,44832,15440
>a 43952,18384,44720,15424
>a 43920,18384,44624,15392
>a 43744,18352,44656,15344
>a 43760,18368,44528,15408
>a 43632,18320,44416,15296
>a 43568,18304,44368,15520
>a 43472,18320,44320,15360
>a 43488,18288,44288,15408
>a 43392,18240,44112,15360
>a 43392,18288,44080,15408
>a 43312,18256,44064,15488
>a 43184,18352,44016,15408
>a 43136,18272,43952,15408
>a 43200,18368,43792,15376
>a 43056,18240,43856,15376
>a 43136,18288,43728,15408
>a 43040,18272,43664,15504
>a 42976,18304,43632,15392
>a 42992,18352,43536,15344
>p 7,31
>a 42672,18656,43408,15392
>a 41712,20448,43296,15488
>a 41648,20416,43280,15392
>a 41616,20336,43168,15408
>a 41488,20368,43040,15408
>a 41392,20384,42928,15376
>a 41216,20432,42896,15424
>a 40976,20320,42800,15408
>a 41072,20368,42672,15392
>a 41104,20432,42640,15440
>a 40736,20336,42512,15408
>a 40656,20336,42512,15424
>a 40496,20368,42400,15392
>a 40528,20336,42272,15344
>a 40432,20288,42096,15376
>a 40208,20240,42096,15408
>p 7,34
>a 38800,23024,41904,15392
>a 39104,22048,41824,15408
>a 38992,22192,41744,15408
>a 38864,21984,41616,15376
>a 38784,22288,41504,15344
>a 38704,22224,41472,15408
>a 38640,22224,41280,15408
>p 7,37
>a 38480,22160,41184,15392
>a 37040,24608,40976,15408
>p 7,40
>a 35712,27024,40800,15328
>p 7,43
>a 35040,27520,40560,15376
>p 7,46
>a 33488,29360,40416,15344
>p 7,49
>a 32240,30384,40224,15328
>a 31456,30544,40048,15376
>a 31232,30448,39728,15392
>a 30976,30208,39600,15344
>a 30768,30000,39472,15392
>a 30672,29840,39264,15376
>p 7,52
>p 7,55
>a 30416,29648,39088,15392
>p 7,58
>a 30224,29552,38864,15360
>p 7,61
>p 7,64
>a 30176,29408,38752,15392
>p 7,67
>a 30064,29344,38560,15376
>a 29968,29200,38416,15376
>a 29824,29088,38224,15328
>a 29808,28960,38080,15360
>a 29584,28864,37904,15440
>a 29472,28672,37728,15392
>p 7,70
>a 29360,28608,37712,15312
>p 7,73
>p 7,76
>a 29232,28528,37376,15248
>a 29280,28432,37264,15344
>a 29152,28416,37120,15360
>a 28960,28240,36864,15328
>p 7,73
>p 7,70
>p 7,67
>p 7,64
>a 28864,28080,36784,15376
>p 7,61
>p 7,58
>a 28848,28016,36656,15344
>a 28592,27872,36480,15456
>a 28400,27760,36400,15344
>p 7,55
>p 7,52
>p 7,49
>p 7,46
>p 7,43
>a 28560,27728,36128,15344
>a 28368,27632,36064,15440
>a 28208,27552,35984,15328
>p 7,40
>p 7,37
>p 7,34
>p 7,31
>a 28208,27376,35680,15344
>p 7,28
>a 32016,20432,35568,15344
>a 35360,16192,35824,15392
>a 35328,17296,35824,15344
>p 7,25
>p 7,22
>p 7,19
>a 35728,16416,35840,15360
>a 36080,15376,35888,15360
>a 36176,15344,35888,15376
>p 7,22
>a 36208,15344,35952,15344
>p 7,25
>a 36368,15296,35984,15344
>a 36272,15424,36032,15344
>a 36256,15408,36016,15440
>p 7,28
>a 36304,15328,36064,15344
>a 36320,15344,36064,15344
>a 35152,17904,36000,15360
>p 7,31
>a 33552,20816,35888,15328
>a 33808,20128,35824,15424
>a 33776,20224,35744,15344
>p 7,34
>a 32224,23040,35616,15360
>a 32608,21920,35536,15344
>a 32128,22320,35424,15440
>p 7,37
>a 31648,23184,35248,15328
>a 30512,24288,35104,15344
>a 30544,24176,35008,15328
>a 30240,24320,34912,15344
>p 7,40
>p 7,43
>a 28512,26912,34560,15344
>p 7,46
>p 7,49
>a 27824,27088,34480,15328
>a 28448,27456,34416,15376
>a 35104,34096,34816,15344
>p 7,46
>a 35232,34272,34976,15360
>p 7,43
>p 7,40
>p 7,37
>a 37120,26352,35088,15328
>p 7,34
>p 7,31
>a 37040,19072,35152,15376
>p 7,28
>a 35664,18784,35136,15392
>a 35552,18464,35280,15472
>p 7,31
>p 7,34
>a 34960,20848,35104,15328
>p 7,37
>p 7,40
>a 34000,24912,35104,15344
>p 7,43
>a 33712,26704,35040,15456
>a 33120,28752,34928,15344
>p 7,46
>a 32880,29728,34864,15408
>a 32432,30352,34800,15328
>a 32624,30176,34704,15312
>a 32640,30112,34640,15312
>p 7,43
>a 33456,27984,34608,15312
>a 33328,28192,34656,15328
>a 33376,28080,34480,15344
>p 7,40
>a 34192,25376,34480,15440
>a 33632,26304,34384,15472
>a 33696,26144,34416,15376
>a 33648,26352,34208,15344
>a 33456,26096,34272,15344
>p 7,37
>a 34448,23264,34256,15280
>a 33808,24560,34288,15328
>a 34080,24240,34224,15312
>a 33936,24096,34160,15424
>p 7,34
>a 34384,22992,34176,15488
>a 34032,22384,34064,15344
>a 34272,22288,34176,15376
>a 34080,22320,34176,15376
>a 34192,22288,34144,15312
>a 34016,22352,34128,15328
>p 7,31
>a 34592,19632,34128,15344
>a 34112,20816,34128,15280
>a 34240,20240,34128,15408
>a 34192,20432,34160,15312
>a 34208,20240,34080,15264
>a 34272,20336,34160,15344
>p 7,28
>a 34768,17664,34240,15280
>a 34224,18624,34256,15344
>a 34448,18160,34256,15328
>a 34432,18464,34352,15344
>a 34448,18256,34352,15440
>a 34480,18320,34400,15344
>a 34512,18272,34288,15344
>a 34528,18256,34336,15344
>a 34432,18272,34288,15344
>a 34464,18288,34336,15344
>a 34448,18272,34352,15360
>a 34480,18272,34288,15344
>a 34544,18432,34320,15344
>a 34480,18208,34304,15328
>a 34496,18320,34336,15328
>p 7,25
>a 34592,17968,34320,15472
>a 34672,16112,34400,15344
>a 34672,16176,34368,15440
>a 34608,16576,34288,15344
>a 34560,16416,34336,15344
>a 34624,16432,34448,15344
>a 34528,16464,34336,15248
>a 34576,16432,34384,15472
>a 34736,16480,34384,15280
>a 34512,16432,34400,15360
>a 34576,16416,34352,15280
>a 34528,16416,34384,15328
>a 34656,16432,34384,15376
>a 34560,16384,34384,15376
>a 34528,16320,34384,15408
>a 34528,16432,34400,15440
>a 34544,16272,34432,15344
>a 34608,16336,34400,15376
>a 34512,16304,34304,15328
>a 34352,16304,34368,15376
>a 34592,16320,34384,15328
>a 34576,16304,34384,15328
>a 34448,16288,34368,15344
>a 34608,16352,34352,15440
>a 34592,16336,34368,15344
>a 34624,16576,34352,15344
>a 34528,16352,34304,15344
>a 34672,16496,34336,15328
>a 34608,16480,34320,15344
>a 34512,16416,34320,15344
>a 34592,16448,34352,15344
>a 34384,16416,34288,15328
>a 34448,16496,34160,15328
>a 34384,16448,34288,15312
>a 34416,16336,34256,15376
>a 34544,16448,34256,15360
>a 34384,16384,34192,15328
>a 34368,16512,34160,15376
>a 34272,16416,34224,15344
>a 34400,16464,34224,15424
>p 7,22
>a 34544,15632,34256,15296
>a 34624,15344,34288,15312
>a 34656,15264,34400,15344
>a 34672,15328,34352,15328
>a 34656,15312,34352,15328
>a 34672,15328,34480,15328
>a 34832,15376,34400,15328
>a 34640,15200,34400,15456
>a 34736,15200,34432,15328
>a 34848,15312,34464,15344
>a 34768,15312,34560,15296
>a 34736,15280,34512,15424
>a 34816,15328,34496,15280
>a 34784,15312,34544,15408
>a 34832,15312,34640,15344
>a 34800,15296,34528,15408
>a 34864,15328,34544,15440
>a 34864,15264,34368,15328
>a 34848,15328,34704,15376
>a 34896,15280,34624,15456
>a 34944,15312,34624,15344
>a 34912,15280,34688,15360
>a 35024,15328,34672,15456
>a 35024,15344,34640,15344
>a 34928,15264,34688,15344
>a 34976,15328,34768,15376
>a 34960,15296,34688,15344
>a 34992,15312,34672,15328
>a 34992,15328,34720,15312
>a 34992,15280,34832,15344
>a 34992,15296,34704,15312
>a 34992,15312,34784,15344
>a 34992,15344,34688,15344
>a 35024,15328,34720,15280
>a 35104,15344,34736,15440
>a 34976,15312,34736,15424
>a 34864,15312,34784,15344
>a 35040,15328,34736,15328
>a 35072,15280,34800,15296
>a 35008,15344,34800,15344
>a 35072,15312,34736,15344
>a 35072,15280,34848,15344
>a 35040,15408,34816,15312
>a 35104,15312,34944,15328
>a 35120,15312,34848,15344
>a 35088,15280,34816,15344
>a 35088,15280,34816,15312
>a 35120,15280,34848,15280
>a 35136,15296,34880,15376
>a 35152,15264,34832,15328
>a 35120,15296,34928,15328
>a 35136,15312,34912,15424
>a 35184,15312,34928,15376
>a 35120,15312,34848,15264
>a 35120,15296,34992,15312
>