
>v 1 Jul 11 2014, <C1459854>
>a 65520,15856,24144,15472
>a 65520,15776,24128,15472
>a 65520,15776,24176,15488
>a 65520,15888,24144,15392
>a 65520,15792,24256,15456
>a 65520,15776,24176,15472
>a 65520,15760,24112,15456
>a 65520,15776,24160,15472
>a 65520,15744,24128,15504
>a 65520,15792,24160,15472
>a 65520,15920,24128,15472
>a 65520,15808,24144,15472
>a 65520,15808,24096,15472
>a 65520,15792,24144,15456
>a 65520,15776,24112,15440
>a 65520,15792,24144,15456
>a 65520,15824,24160,15472
>a 65520,15792,24144,15472
>a 65520,15808,24112,15504
>a 65520,15760,24112,15440
>a 65520,15824,24176,15472
>a 65520,15888,24128,15392
>a 65520,15792,24160,15536
>a 65520,15904,24160,15568
>a 65520,15760,24112,15456
>a 65520,15808,24144,15488
>a 65520,15824,24144,15520
>a 65520,15808,24256,15440
>a 65520,15792,24080,15456
>a 65520,15792,24160,15472
>a 65520,15760,24144,15440
>a 65520,15792,24096,15520
>a 65520,15792,24224,15456
>a 65520,15744,24144,15408
>a 65520,15792,24160,15472
>a 65520,15776,24176,15504
>a 65520,15824,24160,15568
>a 65520,15808,24160,15424
>a 65520,15808,24096,15456
>a 65520,15824,24144,15472
>a 65520,15792,24160,15488
>a 65520,15792,24192,15472
>a 65520,15824,24112,15472
>a 65520,15744,24112,15440
>a 65520,15792,24144,15424
>a 65520,15808,24144,15472
>a 65520,15920,24240,15488
>a 65520,15792,24160,15456
>a 65520,15792,24112,15472
>a 65520,15792,24240,15392
>a 65520,15808,24112,15392
>a 65520,15792,24144,15536
>a 65520,15776,24128,15440
>a 65520,15792,24144,15440
>a 65520,15760,24128,15472
>a 65520,15792,24176,15456
>a 65520,15872,24160,15552
>a 65520,15728,24112,15456
>a 65520,15776,24144,15440
>a 65520,15904,24208,15488
>a 65520,15888,24240,15472
>a 65520,15888,24112,15456
>a 65520,15872,24240,15520
>a 65520,15792,24176,15456
>a 65520,15840,24176,15440
>a 65520,15840,24240,15408
>a 65520,15728,24144,15520
>