
>
>
>
>
>
>?>
>
>
>
>
>
>v 1 Jul 10 2014, <0E8682B8>
>a 15984,15248,15184,15152
>a 16096,15248,15200,15232
>a 15952,15248,15200,15152
>a 15952,15184,15200,15312
>a 15952,15216,15184,15248
>a 15920,15216,15152,15216
>a 15952,15200,15216,15200
>a 15968,15232,15152,15216
>a 15952,15312,15216,15264
>a 15952,15152,15200,15104
>a 15936,15216,15200,15264
>a 15968,15248,15200,15248
>a 15952,15264,15184,15184
>a 15904,15216,15248,15296
>a 16016,15216,15184,15184
>a 15856,15232,15184,15248
>a 15968,15216,15280,15136
>a 15904,15200,15104,15248
>a 15856,15312,15104,15248
>a 15952,15232,15152,15264
>a 15920,15280,15152,15248
>a 15904,15328,15168,15344
>a 15920,15312,15264,15216
>a 15904,15216,15216,15264
>a 15984,15232,15184,15216
>a 15936,15232,15216,15248
>a 15920,15200,15152,15200
>a 16016,15216,15184,15216
>a 15920,15232,15264,15296
>a 15952,15232,15216,15232
>a 15920,15200,15216,15248
>a 15920,15248,15200,15216
>a 15984,15200,15200,15248
>a 15952,15296,15248,15232
>a 15920,15168,15168,15216
>a 15904,15312,15184,15232
>a 15920,15216,15200,15248
>a 15952,15312,15184,15216
>a 15952,15216,15200,15216
>a 16032,15328,15216,15216
>a 15968,15312,15264,15312
>a 16048,15248,15184,15216
>a 15936,15184,15200,15216
>a 15952,15232,15280,15248
>a 15952,15280,15200,15216
>a 15968,15232,15168,15184
>a 16000,15216,15056,15264
>a 15952,15312,15120,15216
>a 15968,15248,15184,15216
>a 15824,15248,15280,15232
>a 15952,15248,15184,15312
>a 15936,15200,15280,15184
>a 15920,15328,15024,15216
>a 15888,15184,15184,15392
>a 15984,15248,15264,15216
>a 16032,15184,15248,15328
>a 16032,15216,15152,15280
>a 15936,15200,15232,15312
>a 15824,15312,15184,15264
>a 15952,15312,15216,15184
>a 15968,15344,15216,15232
>a 15968,15248,15184,15232
>a 15952,15232,15216,15232
>a 15920,15312,15200,15184
>a 15936,15216,15184,15216
>a 15920,15248,15184,15248
>a 15904,15216,15184,15328
>a 15920,15280,15136,15328
>a 15952,15184,15184,15232
>a 15888,15264,15264,15184
>a 15952,15184,15216,15232
>a 15920,15248,15136,15296
>a 16032,15216,15168,15216
>a 15920,15216,15184,15328
>a 16048,15248,15200,15216
>a 15760,15216,15312,15264
>a 15792,15280,15136,15216
>a 15920,15232,15200,15280
>a 15952,15152,15216,15312
>a 15936,15200,15216,15200
>a 16048,15200,15216,15216
>a 15952,15216,15216,15232
>a 16048,15216,15168,15168
>a 15984,15184,15280,15200
>a 15952,15216,15200,15328
>a 15856,15248,15216,15232
>a 16032,15184,15200,15232
>a 15984,15184,15200,15248
>a 16016,15248,15200,15216
>a 15984,15216,15344,15264
>a 15856,15312,15168,15200
>a 15952,15216,15200,15200
>a 15952,15248,15184,15216
>a 15920,15216,15168,15232
>a 15872,15328,15360,15328
>a 15936,15200,15216,15120
>a 15856,15216,15216,15168
>a 15952,15152,15184,15184
>a 15936,15248,15184,15216
>a 15968,15200,15216,15216
>a 15920,15312,15200,15216
>a 16000,15200,15200,15232
>a 15920,15312,15184,15216
>a 15920,15232,15184,15280
>a 15936,15216,15184,15216
>a 15968,15200,15232,15248
>a 15920,15168,15120,15184
>a 15968,15248,15136,15248
>a 15952,15152,15152,15264
>a 15952,15184,15184,15264
>a 15968,15216,15152,15216
>a 16080,15216,15200,15264
>a 15952,15152,15232,15248
>a 15952,15216,15184,15216
>a 15936,15184,15184,15232
>a 15920,15232,15040,15216
>a 15936,15200,15184,15248
>a 15968,15216,15200,15200
>a 15920,15216,15168,15184
>a 15984,15264,15184,15200
>a 15952,15216,15184,15152
>a 15968,15264,15216,15264
>a 15952,15216,15136,15328
>a 16064,15248,15184,15248
>a 15888,15248,15200,15248
>a 15920,15216,15168,15264
>a 15808,15200,15200,15200
>a 16016,15168,15200,15216
>a 15952,15216,15184,15264
>a 15936,15216,15216,15280
>a 15968,15232,15168,15216
>a 15952,15280,15184,15216
>a 15872,15248,15216,15248
>a 16096,15328,15200,15200
>a 15920,15168,15200,15200
>a 15936,15200,15216,15328
>a 15968,15264,15168,15216
>a 15968,15184,15216,15248
>a 15952,15216,15216,15232
>a 15920,15184,15232,15168
>a 15920,15200,15200,15216
>a 16032,15248,15216,15344
>a 15952,15200,15216,15184
>a 15952,15264,15216,15200
>a 15872,15248,15184,15216
>a 15968,15168,15184,15200
>a 15952,15312,15200,15056
>