
>v 1 Jul 11 2014, <C1459854>
>a 65520,15824,65520,15712
>a 65520,15776,65520,15680
>a 65520,15856,65520,15712
>a 65520,15792,65520,15696
>a 65520,15776,65520,15712
>a 65520,15712,65520,15712
>a 65520,15776,65520,15712
>a 65520,15744,65520,15648
>a 65520,15792,65520,15712
>a 65520,15904,65520,15632
>a 65520,15728,65520,15776
>a 65520,15728,65520,15712
>a 65520,15792,65520,15712
>a 65520,15904,65520,15728
>p 6,90
>a 65520,15792,65520,15696
>a 65520,15792,65520,15696
>a 65520,15792,65520,15792
>a 65520,15712,65520,15680
>a 65520,15792,65520,15712
>a 65520,15792,65520,15728
>a 65520,15792,65520,15680
>p 6,0
>a 65520,15920,65520,15776
>a 65520,15760,65520,15696
>a 65520,15776,65520,15712
>a 65520,15760,65520,15712
>a 65520,15792,65520,15664
>a 65520,15760,65520,15744
>a 65520,15792,65520,15712
>a 65520,15824,65520,15712
>a 65520,15792,65520,15696
>p 6,90
>a 65520,15904,65520,15696
>a 65520,15792,65520,15744
>a 65520,15808,65520,15744
>a 65520,15904,65520,15808
>a 65520,15728,65520,15696
>a 65520,15760,65520,15664
>a 65520,15792,65520,15728
>a 65520,15792,65520,15664
>a 65520,15792,65520,15664
>a 65520,15776,65520,15712
>a 65520,15792,65520,15728
>a 65520,15792,65520,15712
>p 6,0
>a 65520,15728,65520,15648
>a 65520,15808,65520,15792
>a 65520,15760,65520,15696
>a 65520,15776,65520,15728
>a 65520,15904,65520,15760
>a 65520,15792,65520,15728
>a 65520,15776,65520,15744
>a 65520,15824,65520,15728
>a 65520,15824,65520,15776
>p 5,90
>a 65520,15776,65520,15648
>a 65520,15776,65504,15728
>a 65520,15792,65520,15744
>a 65520,15776,65520,15712
>a 65520,15792,65520,15696
>a 65520,15792,65520,15696
>a 65520,15808,65520,15776
>p 5,0
>a 65520,15744,65520,15712
>a 65520,15792,65520,15712
>a 65520,15792,65520,15728
>a 65520,15872,65520,15696
>a 65520,15776,65520,15728
>a 65520,15776,65520,15680
>a 65520,15760,65520,15728
>a 65520,15776,65520,15712
>a 65520,15856,65520,15840
>a 65520,15760,65520,15728
>a 65520,15760,65072,15712
>a 65520,15792,64416,15728
>a 65520,15792,63616,15712
>a 65520,15808,63024,15712
>a 65520,15776,62368,15680
>a 65520,15856,61616,15696
>a 65520,15776,60976,15664
>a 65520,15792,60384,15664
>a 65520,15840,59728,15744
>a 65520,15792,59040,15744
>a 65520,15728,58352,15664
>a 65520,15840,57776,15664
>a 65520,15664,57248,15680
>a 65520,15824,56688,15776
>a 65520,15888,56080,15600
>a 65520,15776,55536,15680
>a 65520,15760,54944,15632
>a 65520,15872,54496,15584
>a 65520,15792,53888,15664
>a 65520,15792,53344,15632
>a 65520,15760,52880,15584
>a 65520,15776,52320,15616
>a 65520,15792,51920,15664
>a 65520,15760,51376,15632
>a 65520,15776,51008,15632
>a 65520,15760,50416,15616
>a 65520,15760,49936,15616
>a 65520,15808,49520,15648
>a 65520,15792,49008,15744
>a 65520,15808,48592,15584
>a 65520,15776,48112,15664
>a 65520,15808,47680,15584
>a 65520,15792,47216,15616
>a 65520,15776,46736,15600
>a 65520,15792,46288,15632
>a 65520,15712,45824,15616
>a 65520,15808,45440,15632
>a 65520,15872,44720,15584
>a 65520,15776,44256,15616
>a 65520,15760,43632,15568
>a 65520,15776,43120,15680
>a 65520,15792,42480,15568
>a 65520,15776,41968,15552
>a 65520,15776,41552,15632
>a 65520,15776,41232,15536
>a 65520,15728,40752,15584
>a 65520,15792,40512,15616
>a 65520,15792,40208,15504
>a 65520,15776,39856,15536
>a 65520,15808,39568,15568
>a 65520,15824,39216,15536
>a 65520,15824,38896,15584
>a 65520,15776,38608,15552
>a 65520,15776,38288,15552
>a 65520,15776,38016,15600
>a 65520,15792,37712,15488
>a 65520,15856,37376,15568
>a 65520,15888,37088,15584
>a 65520,15808,36736,15568
>a 65520,15776,36432,15568
>a 65520,15776,36192,15536
>a 65520,15808,35824,15536
>a 65520,15776,35520,15568
>a 65520,15792,35328,15536
>a 65520,15712,34992,15568
>a 65520,15776,34688,15648
>a 65520,15792,34480,15520
>a 65520,15856,34128,15536
>a 65520,15776,33904,15392
>a 65520,15872,33584,15520
>a 65520,15808,33344,15520
>a 65520,15792,33072,15584
>a 65520,15712,32784,15536
>a 65520,15792,32496,15472
>a 65520,15776,32240,15520
>a 65520,15792,32032,15552
>a 65520,15760,31776,15536
>a 65520,15776,31632,15504
>a 65520,15776,31200,15424
>a 65520,15872,31200,15520
>a 65520,15824,30816,15520
>a 65520,15792,30544,15520
>a 65520,15760,30352,15520
>a 65520,15760,30064,15520
>a 65520,15792,29856,15504
>a 65520,15776,29600,15488
>a 65520,15760,29392,15520
>a 65520,15808,29088,15504
>a 65520,15680,28896,15456
>a 65520,15776,28688,15472
>a 65520,15648,28416,15520
>a 65520,15760,28256,15392
>a 65520,15776,27936,15472
>a 65520,15792,27776,15456
>a 65520,15776,27600,15584
>a 65520,15744,27360,15424
>a 65520,15728,27136,15488
>a 65520,15888,26992,15488
>a 65520,15744,26768,15456
>a 65520,15808,26496,15456
>a 65520,15824,26352,15408
>a 65520,15792,26112,15456
>a 65520,15760,25920,15488
>a 65520,15776,25728,15456
>a 65520,15792,25568,15456
>a 65520,15744,25376,15440
>a 65520,15776,25168,15456
>a 65520,15808,24944,15440
>a 65520,15776,24800,15536
>a 65520,15728,24592,15456
>a 65520,15744,24544,15376
>a 65520,15904,24240,15536
>a 65520,15776,24096,15472
>a 65520,15760,23920,15472
>a 65520,15808,23776,15456
>a 65520,15728,23536,15520
>a 65520,15776,23360,15440
>a 65520,15792,23264,15456
>a 65520,15776,23168,15456
>a 65520,15728,22960,15520
>a 65520,15728,22784,15472
>a 65520,15776,22640,15504
>a 65520,15808,22496,15456
>a 65520,15776,22320,15440
>a 65520,15760,22160,15440
>a 65520,15728,22048,15440
>a 65520,15792,21904,15424
>a 65520,15792,21696,15456
>a 65520,15776,21616,15456
>a 65520,15776,21552,15440
>a 65520,15792,21328,15456
>a 65520,15792,21200,15440
>a 65520,15760,21056,15424
>a 65520,15792,20896,15344
>a 65520,15760,20848,15408
>a 65520,15728,20656,15424
>a 65520,15888,20640,15456
>a 65520,15776,20352,15472
>a 65520,15792,20288,15392
>a 65520,15792,20176,15456
>a 65520,15744,20064,15456
>a 65520,15792,19952,15408
>a 65520,15808,19824,15456
>a 65520,15808,19728,15344
>a 65520,15840,19696,15328
>a 65520,15792,19456,15392
>a 65520,15792,19376,15408
>a 65520,15920,19248,15424
>a 65520,15792,19184,15440
>a 65520,15712,19088,15424
>a 65520,15760,18944,15424
>a 65520,15760,18848,15424
>a 65520,15744,18752,15456
>a 65520,15760,18672,15392
>a 65520,15792,18656,15392
>a 65520,15808,18512,15424
>a 65520,15792,18384,15424
>a 65520,15792,18336,15456
>a 65520,15776,18224,15520
>a 65520,15760,18128,15440
>a 65520,15792,18064,15408
>a 65520,15792,17968,15472
>a 65520,15792,17840,15456
>a 65520,15792,17808,15440
>a 65520,15792,17712,15344
>a 65520,15888,17728,15392
>a 65520,15776,17584,15392
>a 65520,15776,17504,15392
>a 65520,15856,17408,15392
>a 65520,15712,17360,15472
>a 65520,15792,17296,15408
>a 65520,15808,17232,15424
>a 65520,15792,17120,15440
>a 65520,15792,17088,15424
>a 65520,15792,16992,15392
>a 65520,15760,17072,15392
>a 65520,15792,16944,15392
>a 65520,15792,16928,15408
>a 65520,15776,16688,15408
>a 65520,15776,16752,15424
>a 65520,15712,16688,15424
>a 65520,15776,16608,15376
>a 65520,15888,16592,15488
>a 65520,15744,16608,15392
>a 65520,15712,16464,15344
>a 65520,15856,16384,15408
>a 65520,15808,16336,15424
>a 65520,15840,16352,15424
>a 65520,15904,16240,15408
>a 65520,15776,16240,15392
>a 65520,15792,16288,15408
>a 65520,15808,16160,15392
>a 65520,15792,16144,15408
>a 65520,15792,16160,15408
>a 65520,15776,16144,15376
>a 65520,15824,15936,15408
>a 65520,15776,15888,15376
>a 65520,15808,15952,15408
>a 65520,15776,15904,15344
>a 65520,15776,15904,15440
>a 65520,15728,15936,15424
>a 65520,15792,15888,15408
>a 65520,15776,15840,15424
>a 65520,15840,15792,15440
>a 65520,15792,15728,15232
>a 65520,15744,15712,15376
>a 65520,15792,15728,15440
>a 65520,15792,15712,15424
>a 65520,15776,15536,15344
>a 65520,15760,15632,15472
>a 65520,15760,15648,15408
>a 65520,15760,15680,15408
>a 65520,15792,15600,15296
>a 65520,15728,15584,15488
>a 65520,15728,15568,15392
>a 65520,15744,15536,15456
>a 65520,15776,15568,15328
>a 65520,15744,15504,15328
>a 65520,15792,15504,15232
>a 65520,15728,15456,15408
>a 65520,15760,15504,15392
>a 65520,15808,15504,15408
>a 65520,15792,15488,15392
>a 65520,15776,15456,15392
>a 65520,15760,15472,15424
>a 65520,15760,15536,15472
>a 65520,15856,15552,15424
>a 65520,15792,15456,15392
>a 65520,15632,15440,15392
>a 65520,15776,15392,15344
>a 65520,15728,15424,15408
>a 65520,15824,15392,15376
>a 65520,15776,15392,15376
>a 65520,15888,15344,15472
>a 65520,15728,15344,15376
>a 65520,15760,15408,15376
>a 65520,15776,15392,15328
>a 65520,15760,15344,15408
>a 65520,15776,15392,15424
>a 65520,15904,15312,15408
>a 65520,15792,15392,15408
>a 65520,15776,15424,15376
>a 65520,15824,15376,15456
>a 65520,15792,15376,15376
>a 65520,15776,15408,15424
>a 65520,15616,15392,15392
>a 65520,15792,15392,15376
>a 65520,15824,15392,15392
>a 65520,15664,15344,15408
>a 65520,15760,15424,15392
>a 65520,15776,15392,15408
>a 65520,15776,15344,15456
>a 65520,15808,15472,15408
>a 65520,15712,15472,15376
>a 65520,15776,15376,15392
>a 65520,15808,15312,15424
>a 65520,15776,15392,15376
>a 65520,15776,15344,15408
>a 65520,15760,15392,15424
>a 65520,15744,15328,15392
>a 65520,15792,15408,15424
>a 65520,15856,15344,15408
>a 65520,15664,15392,15456
>a 65520,15760,15344,15424
>a 65520,15760,15392,15392
>a 65520,15776,15392,15376
>a 65520,15872,15392,15456
>a 65520,15792,15472,15344
>a 65520,15824,15392,15488
>a 65520,15792,15376,15392
>a 65520,15792,15392,15472
>a 65520,15728,15344,15392
>a 65520,15792,15376,15440
>a 65520,15712,15312,15472
>a 65520,15808,15456,15440
>a 65520,15760,15360,15344
>a 65520,15824,15344,15408
>a 65520,15792,15296,15392
>a 65520,15760,15376,15392
>a 65520,15856,15392,15408
>a 65520,15824,15392,15408
>a 65520,15808,15392,15392
>a 65520,15648,15344,15472
>a 65520,15776,15376,15392
>a 65520,15792,15456,15408
>a 65520,15792,15360,15392
>a 65520,15744,15344,15504
>a 65520,15792,15248,15344
>a 65520,15760,15344,15424
>a 65520,15792,15392,15408
>a 65520,15696,15408,15360
>a 65520,15712,15344,15392
>a 65520,15792,15376,15408
>a 65520,15888,15392,15392
>a 65520,15696,15344,15392
>a 65520,15792,15376,15392
>a 65520,15808,15344,15424
>a 65520,15728,15296,15424
>a 65520,15760,15328,15488
>a 65520,15776,15392,15376
>a 65520,15632,15280,15328
>a 65520,15792,15472,15408
>a 65520,15792,15328,15376
>a 65520,15712,15312,15376
>a 65520,15760,15392,15408
>a 65520,15792,15264,15344
>a 65520,15872,15344,15328
>a 65520,15760,15376,15392
>a 65520,15776,15456,15408
>a 65520,15792,15472,15344
>a 65520,15840,15440,15408
>a 65520,15792,15360,15376
>a 65520,15888,15344,15376
>a 65520,15776,15456,15360
>a 65520,15808,15472,15520
>a 65520,15808,15328,15424
>a 65520,15760,15344,15408
>a 65520,15776,15264,15392
>a 65520,15792,15296,15408
>a 65520,15872,15408,15376
>a 65520,15776,15344,15392
>a 65520,15760,15280,15440
>a 65520,15728,15376,15392
>a 65520,15808,15392,15280
>a 65520,15728,15392,15408
>a 65520,15712,15392,15392
>a 65520,15808,15312,15488
>a 65520,15792,15376,15328
>a 65520,15792,15376,15392
>a 65520,15808,15440,15520
>a 65520,15824,15408,15408
>a 65520,15840,15344,15392
>a 65520,15904,15408,15408
>a 65520,15776,15312,15408
>a 65520,15792,15328,15440
>a 65520,15792,15392,15408
>a 65520,15856,15424,15280
>a 65520,15792,15344,15392
>a 65520,15776,15376,15488
>a 65520,15760,15280,15392
>a 65520,15760,15472,15392
>a 65520,15792,15392,15504
>a 65520,15776,15376,15424
>a 65520,15824,15392,15392
>a 65520,15760,15360,15344
>a 65520,15728,15344,15424
>a 65520,15808,15392,15344
>a 65520,15856,15440,15376
>a 65520,15808,15392,15408
>a 65520,15728,15376,15408
>a 65520,15760,15344,15424
>a 65520,15904,15392,15408
>a 65520,15760,15408,15376
>a 65520,15808,15376,15408
>a 65520,15776,15392,15392
>a 65520,15808,15408,15424
>a 65520,15856,15360,15456
>a 65520,15904,15376,15392
>a 65520,15888,15392,15440
>a 65520,15792,15392,15408
>a 65520,15792,15376,15408
>a 65520,15760,15344,15392
>a 65520,15792,15408,15424
>a 65520,15792,15344,15408
>a 65520,15792,15376,15408
>a 65520,15792,15376,15392
>a 65520,15776,15456,15456
>a 65520,15840,15360,15376
>a 65520,15888,15280,15408
>a 65520,15792,15344,15408
>a 65520,15792,15344,15472
>a 65520,15776,15344,15408
>a 65520,15792,15520,15488
>a 65520,15760,15408,15424
>a 65520,15792,15376,15392
>a 65520,15792,15392,15408
>a 65520,15792,15328,15344
>a 65520,15760,15376,15392
>a 65520,15792,15360,15392
>a 65520,15760,15344,15392
>a 65520,15792,15344,15456
>a 65520,15664,15376,15408
>a 65520,15648,15376,15392
>a 65520,15792,15360,15344
>a 65520,15792,15344,15392
>a 65520,15776,15312,15472
>p 5,90
>a 65520,15760,15344,15408
>a 65520,15680,15376,15408
>a 65520,15792,15376,15328
>a 65520,15808,15408,15392
>a 65520,15792,15392,15408
>a 65520,15792,15488,15408
>a 65520,15760,15344,15408
>p 5,0
>a 65520,15792,15328,15392
>a 65520,15856,15408,15408
>a 65520,15840,15328,15392
>a 65520,15840,15392,15392
>a 65520,15776,15344,15376
>a 65520,15744,15392,15440
>a 65520,15760,15440,15328
>a 65520,15856,15344,15344
>a 65520,15792,15376,15408
>a 65520,15856,15344,15392
>a 65520,15808,15392,15520
>a 65520,15888,15344,15408
>a 65520,15792,15328,15376
>a 65520,15792,15344,15392
>a 65520,15856,15344,15504
>a 65520,15792,15376,15488
>a 65520,15776,15344,15360
>a 65520,15792,15344,15392
>a 65520,15792,15376,15408
>a 65520,15792,15344,15376
>a 65520,15776,15360,15472
>a 65520,15888,15392,15408
>a 65520,15792,15360,15392
>a 65520,15792,15344,15344
>a 65520,15760,15344,15408
>a 65520,15744,15376,15392
>a 65520,15792,15392,15424
>a 65520,15760,15392,15376
>a 65520,15776,15472,15408
>a 65520,15808,15328,15424
>a 65520,15808,15456,15408
>a 65520,15792,15376,15328
>a 65520,15792,15328,15408
>a 65520,15808,15392,15424
>a 65520,15776,15328,15440
>a 65520,15792,15376,15376
>a 65520,15840,15344,15392
>a 65520,15760,15344,15376
>a 65520,15792,15328,15456
>p 5,90
>a 65520,15776,15376,15408
>a 65520,15760,15440,15408
>a 65520,15760,15440,15344
>a 65520,15792,15376,15344
>a 65520,15776,15424,15408
>a 65520,15696,15392,15408
>a 65520,15760,15376,15392
>a 65520,15728,15456,15392
>a 65520,15696,15344,15392
>a 65520,15696,15376,15376
>a 65520,15792,15392,15392
>a 65520,15856,15376,15344
>a 65520,15808,15392,15424
>a 65520,15744,15392,15472
>a 65520,15920,15408,15408
>a 65520,15856,15200,15392
>a 65520,15792,15392,15424
>a 65520,15792,15328,15392
>a 65520,15984,15392,15472
>a 65520,15760,15344,15376
>a 65520,15824,15504,15408
>a 65520,15888,15392,15328
>a 65520,15792,15376,15424
>a 65520,15728,15344,15392
>a 65520,15744,15344,15440
>a 65520,15760,15360,15408
>a 65520,15792,15376,15376
>a 65520,15776,15392,15376
>p 5,0
>a 65520,15728,15376,15472
>a 65520,15792,15344,15392
>a 65520,15776,15376,15280
>a 65520,15792,15392,15504
>a 65520,15792,15488,15312
>a 65520,15776,15360,15408
>a 65520,15776,15328,15424
>a 65520,15792,15344,15392
>a 65520,15792,15392,15344
>a 65520,15760,15344,15328
>a 65520,15792,15344,15376
>a 65520,15808,15456,15424
>a 65520,15792,15456,15392
>a 65520,15776,15376,15392
>a 65520,15760,15440,15408
>a 65520,15808,15328,15424
>a 65520,15776,15408,15408
>a 65520,15776,15456,15344
>a 65520,15808,15376,15408
>a 65520,15728,15328,15376
>a 65520,15792,15264,15408
>a 65520,15760,15344,15392
>p 5,90
>a 65520,15776,15312,15408
>a 65520,15792,15392,15504
>a 65520,15792,15360,15344
>a 65520,15808,15552,15392
>a 65520,15664,15472,15408
>a 65520,15856,15344,15408
>a 65520,15808,15376,15376
>a 65520,15808,15360,15392
>a 65520,15824,15472,15488
>a 65520,15792,15376,15328
>a 65520,15808,15344,15488
>a 65520,15712,15328,15376
>a 65520,15760,15376,15472
>a 65520,15760,15392,15392
>a 65520,15712,15376,15408
>a 65520,15792,15312,15392
>a 65520,15872,15392,15392
>a 65520,15728,15392,15408
>a 65520,15744,15344,15392
>a 65520,15888,15344,15360
>a 65520,15792,15472,15344
>a 65520,15856,15376,15392
>a 65520,15792,15408,15408
>a 65520,15776,15344,15376
>a 65520,15744,15472,15312
>a 65520,15792,15456,15392
>a 65520,15776,15232,15392
>a 65520,15776,15392,15408
>a 65520,15792,15376,15392
>a 65520,15808,15344,15472
>a 65520,15888,15456,15488
>p 6,90
>a 65520,15808,15376,15376
>a 65520,15776,22656,15440
>a 65520,15776,23248,15472
>a 65520,15792,23584,15424
>a 65520,15776,24048,15472
>a 65520,15792,24432,15472
>a 65520,15728,24768,15440
>a 65520,15776,25232,15488
>a 65520,15872,25776,15488
>a 65520,15792,26096,15472
>a 65520,15776,26576,15488
>a 65520,15792,26992,15472
>a 65520,15760,27408,15504
>a 65520,15840,27888,15440
>a 65520,15792,28336,15472
>a 65520,15776,28720,15456
>a 65520,15776,29216,15456
>a 65520,15616,29536,15472
>a 65520,15792,30080,15456
>a 65520,15776,30560,15520
>a 65520,15792,31008,15520
>a 65520,15760,31488,15536
>a 65520,15776,31984,15520
>a 65520,15760,32480,15520
>a 65520,15888,32880,15520
>a 65520,15856,33536,15536
>a 65520,15728,33952,15520
>a 65520,15776,34320,15520
>a 65520,15760,34848,15536
>a 65520,15728,35376,15520
>a 65520,15808,35760,15520
>a 65520,15792,36320,15488
>a 65520,15776,36784,15488
>a 65520,15792,37264,15552
>a 65520,15792,37712,15552
>a 65520,15760,38240,15536
>a 65520,15776,38704,15600
>a 65520,15840,39184,15568
>a 65520,15792,39632,15568
>a 65520,15792,40144,15552
>a 65520,15856,40656,15616
>a 65520,15792,41152,15600
>a 65520,15840,41584,15696
>a 65520,15792,42032,15568
>a 65520,15808,42544,15616
>a 65520,15808,42976,15584
>a 65520,15808,43488,15600
>a 65520,15792,43936,15600
>a 65520,15776,44368,15616
>a 65520,15776,44816,15584
>a 65520,15824,45328,15600
>a 65520,15792,45872,15552
>a 65520,15856,46272,15568
>a 65520,15744,46752,15600
>a 65520,15808,47088,15632
>a 65520,15776,47648,15696
>a 65520,15712,48048,15520
>a 65520,15760,48544,15712
>a 65520,15872,49008,15632
>a 65520,15808,49424,15648
>a 65520,15824,49904,15728
>a 65520,15792,50336,15632
>a 65520,15712,50752,15632
>a 65520,15808,51232,15728
>a 65520,15920,51600,15632
>a 65520,15776,52080,15632
>a 65520,15872,52528,15664
>a 65520,15808,52960,15600
>a 65520,15792,53328,15632
>a 65520,15744,53824,15728
>a 65520,15808,54192,15632
>a 65520,15776,54656,15616
>a 65520,15792,54992,15680
>a 65520,15712,55440,15648
>a 65520,15792,55920,15680
>a 65520,15792,56240,15664
>a 65520,15776,56624,15664
>a 65520,15744,57008,15536
>a 65520,15792,57376,15776
>a 65520,15872,57824,15616
>a 65520,15792,58160,15664
>a 65520,15760,58608,15696
>a 65520,15728,58928,15696
>a 65520,15792,59232,15664
>a 65520,15776,59664,15664
>a 65520,15792,60016,15680
>a 65520,15824,60400,15696
>a 65520,15808,60704,15712
>a 65520,15808,61104,15712
>a 65520,15760,61424,15696
>a 65520,15824,61824,15680
>a 65520,15792,62112,15520
>a 65520,15904,62448,15696
>a 65520,15744,62704,15712
>a 65520,15776,63120,15696
>a 65520,15776,63536,15664
>a 65520,15792,63792,15712
>a 65520,15792,64064,15680
>a 65520,15776,64432,15728
>a 65520,15792,64688,15696
>a 65520,15776,64928,15696
>a 65520,15760,65264,15680
>a 65520,15664,65504,15712
>a 65520,15808,65520,15792
>a 65520,15792,65520,15728
>a 65520,15792,65520,15728
>a 65520,15808,65520,15728
>a 65520,15856,65520,15728
>a 65520,15808,65520,15680
>a 65520,15776,65520,15664
>a 65520,15776,65520,15728
>a 65520,15792,65520,15712
>a 65520,15760,65520,15728
>a 65520,15760,65520,15728
>a 65520,15856,65520,15728
>a 65520,15792,65520,15728
>a 65520,15776,65520,15696
>a 65520,15760,65520,15728
>a 65520,15824,65520,15728
>a 65520,15728,65520,15712
>a 65520,15792,65520,15696
>a 65520,15808,65520,15824
>a 65520,15760,65520,15728
>a 65520,15744,65520,15680
>a 65520,15808,65520,15696
>a 65520,15792,65520,15728
>a 65520,15760,65520,15584
>a 65520,15792,65520,15712
>a 65520,15792,65520,15648
>a 65520,15856,65520,15680
>a 65520,15872,65520,15712
>a 65520,15808,65520,15696
>a 65520,15760,65520,15728
>a 65520,15744,65520,15712
>a 65520,15792,65520,15712
>a 65520,15776,65520,15744
>a 65520,15808,65520,15728
>a 65520,15776,65520,15728
>a 65520,15760,65520,15712
>a 65520,15776,65520,15696
>a 65520,15792,65520,15728
>a 65520,15792,65520,15696
>a 65520,15776,65520,15712
>a 65520,15776,65520,15696
>a 65520,15792,65520,15584
>a 65520,15792,65520,15728
>a 65520,15760,65520,15712
>a 65520,15760,65520,15696
>a 65520,15808,65520,15728
>a 65520,15760,65520,15568
>a 65520,15776,65520,15648
>a 65520,15904,65504,15696
>a 65520,15760,65520,15712
>a 65520,15728,65520,15680
>a 65520,15728,65520,15712
>a 65520,15792,65520,15712
>a 65520,15696,65520,15728
>a 65520,15760,65520,15680
>a 65520,15760,65520,15728
>a 65520,15792,65520,15728
>a 65520,15760,65520,15712
>a 65520,15904,65520,15744
>a 65520,15792,65520,15664
>a 65520,15776,65520,15648
>a 65520,15792,65520,15696
>a 65520,15712,65520,15824
>a 65520,15776,65520,15728
>a 65520,15792,65520,15696
>a 65520,15792,65520,15808
>a 65520,15872,65456,15664
>a 65520,15664,65520,15776
>a 65520,15792,65520,15712
>a 65520,15872,65520,15728
>a 65520,15760,65520,15712
>a 65520,15744,65520,15680
>a 65520,15760,65520,15728
>a 65520,15840,65520,15712
>a 65520,15712,65520,15616
>a 65520,15760,65488,15600
>a 65520,15728,65520,15696
>a 65520,15760,65456,15728
>a 65520,15728,65520,15792
>a 65520,15776,65520,15696
>a 65520,15760,65520,15776
>a 65520,15808,65520,15728
>a 65520,15792,65520,15728
>a 65520,15744,65520,15664
>a 65520,15760,65520,15728
>a 65520,15856,65520,15744
>a 65520,15856,65520,15648
>a 65520,15808,65520,15712
>a 65520,15792,65520,15664
>a 65520,15728,65520,15664
>a 65520,15808,65520,15808
>a 65520,15792,65520,15712
>a 65520,15792,65520,15744
>a 65520,15792,65520,15696
>a 65520,15792,65520,15760
>a 65520,15776,65520,15792
>a 65520,15744,65520,15712
>a 65520,15792,65520,15728
>a 65520,15744,65520,15728
>a 65520,15776,65520,15744
>a 65520,15728,65520,15712
>a 65520,15728,65520,15728
>a 65520,15776,65520,15712
>a 65520,15728,65520,15712
>a 65520,15744,65520,15664
>a 65520,15792,65520,15776
>a 65520,15776,65520,15696
>a 65520,15744,65520,15728
>a 65520,15776,65520,15728
>a 65520,15776,65520,15760
>a 65520,15792,65504,15728
>a 65520,15856,65456,15648
>a 65520,15776,65520,15760
>a 65520,15760,65520,15696
>a 65520,15808,65520,15712
>a 65520,15808,65520,15728
>a 65520,15792,65520,15808
>a 65520,15776,65520,15728
>a 65520,15792,65520,15744
>a 65520,15792,65520,15712
>a 65520,15808,65520,15648
>a 65520,15808,65520,15744
>a 65520,15792,65520,15680
>a 65520,15776,65520,15712
>a 65520,15792,65520,15648
>a 65520,15728,65520,15760
>a 65520,15856,65520,15728
>a 65520,15760,65520,15760
>a 65520,15888,65520,15680
>a 65520,15792,65520,15680
>a 65520,15808,65520,15712
>a 65520,15888,65520,15648
>a 65520,15776,65520,15712
>a 65520,15792,65520,15728
>a 65520,15776,65520,15712
>a 65520,15760,65520,15728
>a 65520,15792,65520,15744
>a 65520,15792,65520,15792
>a 65520,15824,65520,15744
>a 65520,15728,65520,15792
>a 65520,15792,65520,15744
>a 65520,15776,65520,15664
>a 65520,15792,65520,15728
>a 65520,15792,65504,15744
>a 65520,15792,65520,15728
>a 65520,15776,65520,15712
>a 65520,15824,65520,15696
>a 65520,15792,65520,15728
>a 65520,15872,65520,15712
>a 65520,15792,65520,15712
>a 65520,15792,65520,15696
>a 65520,15792,65520,15792
>a 65520,15728,65520,15648
>a 65520,15840,65520,15728
>a 65520,15760,65520,15728
>a 65520,15808,65520,15744
>a 65520,15776,65520,15696
>a 65520,15792,65520,15712
>a 65520,15792,65520,15712
>a 65520,15792,65520,15696
>a 65520,15792,65520,15744
>a 65520,15792,65520,15712
>a 65520,15792,65520,15728
>a 65520,15808,65520,15728
>a 65520,15792,65520,15840
>a 65520,15776,65520,15728
>a 65520,15760,65520,15712
>a 65520,15712,65520,15728
>a 65520,15728,65504,15728
>a 65520,15776,65520,15680
>a 65520,15904,65520,15680
>a 65520,15760,65520,15712
>a 65520,15824,65520,15696
>a 65520,15744,65520,15776
>a 65520,15728,65488,15712
>a 65520,15792,65520,15728
>a 65520,15824,65520,15744
>a 65520,15808,65520,15680
>a 65520,15792,65520,15696
>a 65520,15776,65504,15712
>a 65520,15792,65520,15648
>a 65520,15792,65520,15712
>a 65520,15792,65520,15712
>a 65520,15792,65520,15696
>a 65520,15904,65520,15728
>a 65520,15872,65520,15824
>a 65520,15792,65520,15744
>a 65520,15872,65520,15696
>a 65520,15808,65520,15712
>a 65520,15664,65520,15728
>a 65520,15776,65520,15696
>a 65520,15744,65520,15728
>a 65520,15760,65520,15728
>a 65520,15792,65520,15584
>a 65520,15824,65520,15744
>a 65520,15792,65520,15728
>a 65520,15776,65520,15696
>a 65520,15744,65520,15712
>a 65520,15904,65520,15680
>a 65520,15760,65520,15776
>a 65520,15728,65520,15664
>a 65520,15744,65520,15696
>a 65520,15792,65520,15728
>a 65520,15776,65520,15696
>a 65520,15792,65520,15728
>a 65520,15808,65520,15696
>a 65520,15696,65520,15712
>a 65520,15776,65520,15664
>a 65520,15760,65456,15696
>a 65520,15760,65520,15696
>a 65520,15728,65520,15696
>a 65520,15808,65520,15824
>a 65520,15808,65520,15696
>a 65520,15776,65504,15744
>a 65520,15792,65520,15728
>a 65520,15792,65520,15760
>a 65520,15728,65520,15744
>a 65520,15808,65520,15664
>a 65520,15808,65520,15616
>a 65520,15792,65520,15712
>a 65520,15760,65520,15712
>a 65520,15760,65520,15728
>a 65520,15888,65520,15744
>a 65520,15712,65520,15664
>a 65520,15792,65520,15712
>a 65520,15728,65520,15744
>a 65520,15664,65520,15664
>a 65520,15760,65520,15680
>a 65520,15808,65520,15728
>a 65520,15776,65520,15696
>a 65520,15792,65520,15680
>a 65520,15760,65520,15712
>a 65520,15808,65488,15712
>a 65520,15808,65520,15792
>a 65520,15776,65520,15728
>a 65520,15792,65520,15712
>a 65520,15776,65520,15712
>a 65520,15792,65520,15712
>a 65520,15792,65520,15776
>a 65520,15808,65520,15712
>a 65520,15776,65520,15808
>a 65520,15808,65520,15632
>a 65520,15760,65520,15664
>a 65520,15776,65520,15680
>a 65520,15792,65488,15696
>a 65520,15744,65520,15712
>a 65520,15776,65520,15696
>a 65520,15760,65520,15744
>a 65520,15776,65520,15728
>a 65520,15664,65520,15760
>a 65520,15856,65520,15680
>a 65520,15760,65520,15696
>a 65520,15904,65520,15712
>a 65520,15792,65520,15728
>a 65520,15664,65520,15712
>a 65520,15712,65520,15680
>a 65520,15760,65520,15776
>a 65520,15696,65520,15696
>a 65520,15776,65520,15792
>a 65520,15728,65520,15728
>a 65520,15776,65520,15616
>a 65520,15792,65520,15712
>a 65520,15792,65520,15728
>a 65520,15888,65520,15728
>a 65520,15872,65520,15712
>a 65520,15760,65520,15728
>a 65520,15808,65520,15696
>a 65520,15856,65520,15632
>a 65520,15760,65520,15696
>a 65520,15808,65520,15712
>a 65520,15808,65520,15664
>a 65520,15792,65520,15728
>a 65520,15696,65520,15728
>a 65520,15760,65520,15728
>a 65520,15872,65520,15712
>a 65520,15808,65520,15728
>a 65520,15728,65520,15712
>a 65520,15792,65520,15664
>a 65520,15776,65520,15728
>a 65520,15840,65520,15664
>a 65520,15808,65520,15712
>a 65520,15760,65520,15712
>a 65520,15776,65520,15776
>a 65520,15712,65520,15632
>a 65520,15680,65520,15680
>a 65520,15776,65520,15680
>a 65520,15824,65520,15728
>a 65520,15792,65520,15600
>a 65520,15792,65520,15648
>a 65520,15888,65520,15808
>a 65520,15792,65520,15808
>a 65520,15776,65520,15728
>a 65520,15776,65520,15728
>a 65520,15776,65520,15712
>a 65520,15792,65520,15728
>a 65520,15792,65520,15680
>a 65520,15792,65520,15712
>a 65520,15792,65520,15712
>a 65520,15776,65520,15728
>a 65520,15792,65520,15712
>a 65520,15792,65456,15664
>a 65520,15792,65520,15712
>a 65520,15760,65520,15712
>a 65520,15760,65520,15728
>a 65520,15792,65520,15792
>a 65520,15808,65520,15712
>a 65520,15792,65520,15728
>a 65520,15824,65520,15680
>a 65520,15776,65520,15808
>a 65520,15792,65520,15728
>a 65520,15744,65520,15792
>a 65520,15792,65520,15760
>a 65520,15824,65520,15744
>a 65520,15792,65520,15728
>a 65520,15808,65520,15728
>a 65520,15744,65520,15728
>a 65520,15792,65520,15760
>a 65520,15792,65520,15712
>a 65520,15792,65520,15728
>a 65520,15776,65520,15776
>a 65520,15776,65520,15792
>a 65520,15792,65520,15744
>a 65520,15760,65488,15712
>a 65520,15744,65520,15728
>a 65520,15808,65520,15712
>a 65520,15776,65520,15728
>a 65520,15680,65520,15808
>a 65520,15792,65520,15744
>a 65520,15792,65520,15696
>a 65520,15792,65456,15792
>a 65520,15872,65520,15712
>a 65520,15776,65520,15696
>a 65520,15760,65520,15712
>a 65520,15904,65520,15680
>a 65520,15728,65520,15808
>a 65520,15792,65520,15712
>a 65520,15824,65520,15632
>a 65520,15776,65520,15840
>a 65520,15808,65520,15776
>a 65520,15824,65520,15792
>a 65520,15888,65520,15728
>a 65520,15920,65520,15696
>a 65520,15808,65520,15728
>a 65520,15792,65520,15824
>a 65520,15776,65520,15744
>a 65520,15808,65520,15680
>a 65520,15872,65520,15648
>a 65520,15712,65520,15728
>a 65520,15776,65520,15712
>a 65520,15792,65520,15584
>a 65520,15776,65520,15648
>a 65520,15712,65520,15696
>a 65520,15872,65520,15728
>a 65520,15904,65520,15728
>a 65520,15824,65520,15728
>a 65520,15760,65520,15728
>a 65520,15776,65520,15792
>a 65520,15792,65520,15712
>a 65520,15712,65520,15696
>a 65520,15648,65520,15712
>a 65520,15792,65520,15712
>a 65520,15792,65520,15808
>a 65520,15872,65520,15712
>a 65520,15824,65520,15728
>a 65520,15792,65520,15696
>a 65520,15760,65520,15776
>a 65520,15728,65520,15696
>a 65520,15712,65520,15680
>a 65520,15824,65520,15744
>a 65520,15856,65520,15728
>a 65520,15792,65520,15696
>a 65520,15792,65520,15728
>a 65520,15984,65520,15728
>a 65520,15760,65520,15712
>a 65520,15760,65520,15728
>a 65520,15872,65520,15792
>a 65520,15776,65520,15744
>a 65520,15776,65520,15712
>a 65520,15776,65520,15696
>a 65520,15792,65520,15792
>a 65520,15792,65520,15728
>a 65520,15776,65520,15696
>a 65520,15744,65520,15728
>a 65520,15728,65520,15696
>a 65520,15888,65520,15760
>a 65520,15888,65520,15728
>a 65520,15760,65520,15760
>a 65520,15776,65520,15728
>a 65520,15776,65520,15728
>