
>
>v 1 Jul 11 2014, <C1459854>
>a 46832,15424,46624,15456
>a 46880,15392,46576,15408
>a 46896,15344,46576,15328
>a 46880,15344,46576,15408
>a 46832,15408,46592,15408
>a 46784,15376,46576,15392
>a 46896,15360,46560,15376
>a 46864,15392,46576,15424
>a 46912,15392,46544,15408
>a 46848,15392,46640,15504
>a 46864,15424,46656,15424
>a 46816,15344,46608,15344
>a 46800,15488,46544,15408
>a 46928,15328,46544,15456
>a 46816,15328,46608,15408
>a 46848,15312,46688,15504
>a 46896,15328,46576,15520
>p 7,2
>p 7,24
>a 46864,15344,46688,15424
>p 7,2
>a 46832,15408,46608,15424
>a 46864,15408,46608,15392
>a 46800,15392,46608,15440
>a 46864,15408,46592,15344
>a 46864,15392,46608,15504
>a 46912,15344,46608,15504
>p 7,2
>p 7,2
>p 7,2
>a 46800,15520,46592,15376
>p 7,2
>a 46816,15472,46624,15440
>a 46864,15312,46704,15424
>a 46864,15344,46624,15424
>a 46736,15472,46544,15488
>a 46832,15344,46624,15440
>a 46800,15248,46576,15440
>a 46816,15392,46624,15376
>p 7,3
>p 7,3
>p 7,3
>p 7,3
>a 46816,15376,46544,15392
>p 7,3
>p 7,3
>p 7,3
>p 7,3
>a 46832,15392,46576,15392
>a 46768,15376,46624,15440
>a 46928,15392,46624,15392
>a 46768,15392,46672,15520
>a 46832,15312,46624,15472
>a 46848,15328,46528,15376
>p 7,3
>p 7,3
>p 7,4
>p 7,4
>p 7,4
>p 7,4
>a 46896,15344,46672,15392
>a 46800,15344,46608,15408
>a 46816,15424,46592,15408
>a 46864,15488,46624,15440
>a 46832,15344,46624,15424
>p 7,4
>a 46832,15376,46592,15344
>a 46848,15392,46608,15424
>a 46896,15488,46624,15424
>a 46832,15408,46576,15392
>a 46928,15424,46704,15536
>a 46864,15344,46592,15408
>a 46864,15344,46544,15392
>a 46816,15344,46640,15440
>a 46864,15280,46576,15424
>p 7,4
>p 7,5
>a 46816,15600,46592,15376
>p 7,5
>p 7,5
>p 7,5
>p 7,5
>p 7,5
>p 7,5
>p 7,5
>p 7,6
>p 7,6
>p 7,6
>p 7,6
>p 7,6
>p 7,7
>a 46880,15360,46640,15440
>p 7,7
>p 7,7
>p 7,7
>p 7,7
>p 7,7
>p 7,7
>a 46944,15392,46624,15440
>a 46896,15472,46688,15424
>a 46848,15408,46544,15440
>a 46784,15360,46464,15424
>a 46800,15264,46576,15408
>a 46768,15344,46640,15408
>a 46816,15392,46640,15424
>a 46816,15392,46592,15520
>a 46640,15328,46624,15424
>a 46768,15392,46576,15504
>a 46896,15488,46624,15424
>a 46832,15328,46640,15440
>a 46864,15392,46576,15536
>