
>v 1 Jul 11 2014, <C1459854>
>a 50432,15776,33840,15456
>p 6,90
>a 47792,15792,35296,15504
>a 47504,15776,35568,15632
>a 47248,15856,35936,15552
>a 47088,15792,36256,15552
>a 46896,15712,36544,15568
>a 46768,15776,36816,15584
>a 46624,15792,37104,15552
>a 46480,15888,37296,15664
>a 46288,15744,37680,15520
>a 46160,15776,37808,15568
>a 46096,15824,38032,15456
>a 45920,15760,38240,15632
>a 45808,15776,38464,15536
>a 45712,15760,38688,15536
>a 45712,15760,38944,15568
>a 45472,15760,39136,15584
>a 45408,15856,39280,15552
>a 45296,15744,39504,15552
>a 45136,15760,39696,15584
>a 45136,15728,39888,15648
>a 45024,15888,40064,15568
>a 44992,15728,40208,15552
>a 44880,15760,40352,15648
>a 44848,15760,40560,15584
>a 44656,15744,40656,15584
>a 44688,15712,40816,15568
>a 44576,15728,41008,15488
>a 44512,15664,41104,15552
>a 44512,15856,41296,15504
>a 44384,15776,41424,15584
>a 44304,15712,41552,15552
>a 44304,15712,41760,15552
>a 44304,15776,41808,15584
>a 44256,15792,41968,15536
>a 44208,15712,41968,15552
>a 44128,15840,42096,15536
>a 44112,15760,42192,15680
>a 44048,15520,42304,15600
>a 44064,15744,42464,15632
>a 44016,15808,42464,15680
>a 43952,15760,42560,15600
>a 43952,15712,42624,15584
>a 43952,15760,42768,15600
>a 43936,15760,42800,15616
>a 43824,15776,42816,15600
>a 43888,15840,42960,15664
>a 43936,15744,43056,15552
>a 43872,15664,42976,15568
>a 43824,15760,43072,15568
>a 43824,15728,43056,15584
>a 43792,15712,43168,15424
>a 43840,15728,43200,15568
>a 43824,15760,43232,15584
>a 43792,15712,43312,15616
>a 43808,15840,43344,15664
>a 43808,15776,43344,15664
>a 43824,15760,43392,15584
>a 43728,15696,43472,15568
>a 43776,15728,43440,15584
>a 43760,15760,43600,15600
>a 43888,15648,43472,15568
>a 43776,15808,43504,15600
>a 43744,15728,43488,15600
>p 5,90
>a 43712,15696,43488,15584
>p 5,0
>a 43440,15728,42144,15600
>a 43216,15728,41824,15520
>a 43120,15744,41472,15584
>a 42928,15664,41120,15568
>a 42832,15760,40768,15536
>a 42800,15712,40480,15664
>a 42640,15696,40288,15568
>a 42480,15728,39904,15568
>a 42352,15760,39600,15584
>a 42288,15760,39280,15488
>a 42048,15632,39040,15552
>a 41968,15760,38880,15664
>a 41824,15760,38560,15552
>a 41728,15744,38320,15568
>a 41536,15840,38016,15488
>a 41424,15696,37824,15536
>a 41296,15680,37648,15568
>a 41152,15824,37392,15504
>a 41008,15648,37136,15552
>a 40880,15744,37088,15504
>a 40752,15680,36736,15536
>a 40624,15712,36528,15584
>a 40496,15728,36272,15552
>a 40352,15696,36208,15520
>a 40272,15808,35952,15520
>a 40112,15712,35824,15552
>a 40000,15664,35600,15552
>a 39808,15728,35472,15632
>a 39728,15728,35296,15632
>a 39632,15728,35056,15568
>a 39504,15792,34912,15536
>a 39376,15712,34864,15408
>a 39248,15712,34736,15504
>a 39152,15712,34464,15520
>a 39008,15712,34272,15616
>a 38832,15712,34096,15536
>a 38752,15696,33984,15536
>a 38656,15728,33856,15472
>a 38512,15696,33712,15488
>a 38416,15792,33520,15520
>p 5,90
>p 6,0
>a 39712,15696,33904,15520
>p 5,0
>p 6,90
>a 38400,15728,33584,15520
>p 5,90
>p 6,0
>a 39712,15728,33824,15472
>p 5,0
>p 6,90
>a 38304,15712,33488,15520
>p 5,90
>p 6,0
>a 39568,15696,33712,15584
>p 5,0
>p 6,90
>a 38208,15696,33296,15488
>p 5,90
>p 6,0
>a 39472,15696,33632,15536
>a 39504,15696,33664,15520
>a 39456,15712,33728,15536
>p 5,0
>p 6,90
>a 38144,15712,33328,15632
>p 5,90
>p 6,0
>a 39440,15728,33584,15536
>a 39456,15696,33616,15520
>a 39408,15696,33616,15504
>a 39472,15648,33680,15472
>p 5,0
>p 6,90
>a 38112,15712,33328,15456
>p 5,90
>p 6,0
>a 39440,15696,33584,15472
>a 39392,15696,33632,15520
>a 39344,15696,33760,15552
>p 5,0
>p 6,90
>a 38048,15728,33200,15600
>p 5,90
>p 6,0
>a 39184,15696,33504,15536
>a 39344,15728,33456,15536
>a 39344,15680,33568,15520
>a 39344,15728,33568,15536
>a 39344,15632,33584,15504
>a 39376,15712,33712,15488
>p 5,0
>p 6,90
>a 38160,15712,33296,15504
>p 5,90
>p 6,0
>a 39264,15712,33472,15552
>a 39264,15680,33376,15520
>a 39264,15904,33520,15504
>a 39296,15696,33536,15488
>a 39328,15792,33536,15536
>a 39344,15680,33552,15488
>a 39376,15664,33552,15520
>a 39344,15712,33536,15520
>a 39408,15712,33632,15520
>a 39504,15776,33712,15440
>p 5,0
>p 6,90
>a 37952,15824,33104,15520
>p 5,90
>p 6,0
>a 39280,15728,33280,15632
>a 39280,15776,33440,15440
>a 39248,15712,33424,15520
>a 39312,15712,33504,15568
>a 39312,15728,33520,15600
>a 39392,15696,33504,15520
>a 39344,15696,33584,15536
>a 39376,15728,33552,15520
>a 39344,15728,33584,15536
>a 39344,15744,33584,15536
>a 39376,15712,33520,15520
>a 39344,15728,33632,15536
>a 39424,15712,33648,15520
>a 39472,15696,33584,15520
>a 39376,15728,33632,15488
>a 39424,15696,33616,15536
>a 39408,15696,33568,15536
>a 39504,15712,33632,15600
>a 39392,15616,33648,15536
>a 39344,15696,33648,15472
>a 39456,15696,33664,15632
>a 39440,15712,33664,15488
>a 39472,15792,33648,15536
>a 39472,15808,33616,15504
>a 39520,15728,33696,15536
>p 5,0
>p 6,90
>a 38144,15696,33200,15472
>p 5,90
>p 6,0
>a 39360,15664,33536,15568
>a 39344,15680,33552,15504
>a 39344,15648,33520,15616
>a 39408,15680,33616,15520
>a 39456,15648,33632,15440
>a 39344,15760,33536,15472
>a 39376,15712,33536,15504
>a 39424,15824,33584,15536
>a 39472,15728,33600,15536
>a 39424,15728,33568,15520
>a 39456,15680,33600,15536
>a 39472,15696,33552,15488
>a 39440,15744,33600,15536
>a 39472,15680,33664,15504
>a 39456,15648,33568,15472
>a 39488,15712,33584,15552
>a 39584,15680,33744,15504
>p 5,0
>p 6,90
>a 38160,15728,33184,15600
>p 5,90
>p 6,0
>a 39344,15664,33440,15584
>a 39472,15712,33488,15536
>a 39344,15584,33456,15536
>a 39312,15712,33440,15504
>a 39392,15728,33440,15504
>a 39392,15712,33488,15536
>a 39392,15712,33504,15520
>a 39408,15680,33488,15488
>p 5,0
>p 6,90
>a 38048,15712,33008,15520
>a 37824,15664,32768,15472
>a 37680,15680,32624,15552
>a 37552,15712,32528,15520
>a 37376,15680,32272,15584
>a 37280,15712,32208,15408
>a 37120,15680,32016,15520
>a 36992,15696,31920,15488
>a 36816,15696,31712,15504
>a 36720,15712,31584,15520
>a 36368,15712,31488,15488
>a 36368,15712,31344,15520
>a 36320,15712,31200,15504
>a 36224,15792,31152,15472
>a 36016,15712,30896,15488
>a 35872,15728,30784,15488
>a 35792,15696,30704,15584
>a 35664,15648,30512,15472
>a 35552,15712,30384,15504
>a 35408,15648,30288,15488
>a 35376,15712,30160,15504
>a 35200,15712,30064,15536
>a 35072,15648,29904,15488
>a 34912,15664,29776,15520
>a 34736,15696,29648,15520
>a 34736,15696,29536,15520
>a 34608,15664,29456,15584
>a 34480,15712,29360,15488
>a 34480,15680,29200,15536
>a 34256,15696,29152,15424
>a 34112,15664,28928,15472
>a 34000,15680,28880,15456
>a 33920,15792,28880,15504
>a 33872,15664,28640,15488
>a 33648,15712,28608,15536
>a 33632,15664,28592,15472
>a 33488,15616,28400,15488
>a 33376,15696,28304,15408
>a 33312,15712,28256,15520
>a 33168,15728,28096,15504
>a 33072,15664,28016,15472
>a 32960,15680,27936,15568
>a 32960,15680,27872,15536
>a 32720,15696,27744,15504
>a 32592,15696,27728,15472
>a 32576,15696,27600,15504
>a 32432,15664,27504,15504
>a 32336,15664,27376,15440
>a 32096,15648,27280,15488
>a 32096,15664,27312,15488
>a 32016,15648,27088,15408
>a 31936,15664,27040,15472
>a 31760,15648,26976,15472
>a 31600,15664,26880,15536
>a 31632,15648,26864,15600
>a 31648,15696,26720,15584
>a 31456,15664,26624,15472
>a 31328,15664,26464,15488
>a 31232,15648,26544,15488
>a 31184,15632,26352,15488
>a 30992,15584,26304,15504
>a 30944,15760,26288,15456
>a 30896,15664,26160,15392
>a 30880,15520,26128,15472
>a 30624,15648,26000,15472
>a 30624,15664,25936,15472
>a 30512,15664,25776,15536
>a 30416,15664,25776,15504
>a 30320,15664,25696,15408
>a 30192,15696,25632,15472
>a 30160,15680,25552,15456
>a 30032,15664,25584,15504
>a 29968,15648,25296,15552
>a 29984,15680,25184,15488
>a 29760,15648,25232,15552
>a 29680,15568,25152,15440
>a 29600,15648,25072,15424
>a 29536,15776,25008,15456
>a 29536,15712,24944,15552
>a 29296,15632,24848,15504
>a 29264,15664,24848,15440
>a 29200,15632,24720,15504
>a 29136,15696,24688,15456
>a 29008,15632,24560,15472
>a 28944,15504,24544,15408
>a 28848,15536,24432,15440
>a 28832,15584,24432,15520
>a 28704,15584,24304,15456
>a 28592,15632,24320,15552
>a 28400,15664,24192,15456
>a 28368,15600,24144,15472
>a 28304,15584,24160,15584
>a 28320,15664,24032,15456
>a 28336,15664,23904,15456
>a 29040,15664,23888,15456
>a 29232,15712,23888,15456
>a 29472,15600,23856,15392
>a 29648,15632,23824,15456
>a 29808,15632,23808,15472
>a 30064,15696,23728,15472
>a 30000,15664,23872,15472
>a 30304,15616,23824,15424
>a 30320,15664,23680,15472
>a 30512,15632,23792,15440
>a 30672,15696,23760,15456
>a 30816,15856,23728,15520
>a 30976,15664,23696,15440
>a 31200,15632,23712,15472
>a 31248,15616,23696,15408
>a 31344,15680,23728,15408
>a 31520,15664,23680,15536
>a 31696,15648,23760,15440
>a 31920,15664,23696,15456
>a 32112,15664,23712,15520
>a 32432,15664,23728,15456
>a 32496,15664,23760,15328
>a 32656,15664,23776,15392
>a 32912,15696,23904,15472
>a 32976,15680,23664,15456
>a 33024,15776,23920,15456
>a 33232,15664,23792,15440
>a 33600,15664,23824,15456
>a 33552,15680,23856,15424
>a 33456,15664,23920,15344
>a 33728,15664,23936,15456
>a 33904,15680,23984,15456
>a 34000,15680,24016,15536
>a 34256,15696,24016,15424
>a 34240,15680,24048,15536
>a 34480,15712,24112,15472
>a 34448,15648,24112,15536
>a 34576,15712,24016,15440
>a 34736,15680,24160,15440
>a 34768,15600,24160,15456
>a 34880,15760,24176,15456
>a 34976,15664,24256,15568
>a 35072,15664,24240,15440
>a 35168,15696,24288,15376
>a 35200,15664,24368,15440
>a 35376,15776,24400,15552
>a 35520,15696,24368,15392
>a 35552,15680,24432,15440
>a 35680,15696,24480,15472
>a 35760,15728,24480,15472
>a 35840,15648,24592,15456
>a 35936,15712,24512,15456
>a 36000,15680,24528,15472
>a 36256,15696,24656,15440
>a 36240,15696,24496,15456
>a 36320,15776,24640,15456
>a 36368,15664,24720,15456
>a 36480,15792,24880,15568
>a 36576,15712,24800,15456
>a 36704,15728,24784,15344
>a 36688,15680,24864,15408
>a 36752,15696,24896,15488
>a 37040,15776,24912,15456
>a 37024,15792,24928,15472
>a 37088,15712,25104,15456
>a 37200,15792,25120,15568
>a 37312,15792,25104,15472
>a 37296,15696,25072,15472
>a 37424,15824,25120,15440
>a 37552,15792,25152,15520
>a 37616,15696,25232,15408
>a 37632,15616,25136,15472
>a 37648,15696,25264,15456
>a 37808,15632,25280,15440
>a 37872,15664,25328,15472
>a 37936,15712,25376,15488
>a 38144,15776,25408,15472
>a 38112,15712,25408,15456
>a 38144,15728,25472,15456
>a 38192,15680,25520,15456
>a 38256,15712,25616,15424
>a 38416,15824,25680,15472
>a 38448,15712,25584,15472
>a 38464,15696,25664,15552
>a 38560,15536,25696,15472
>a 38576,15728,25712,15536
>a 38640,15760,25728,15328
>a 38736,15696,25776,15472
>a 38832,15712,25824,15472
>a 38800,15728,25968,15456
>a 38816,15728,25904,15472
>a 38768,15664,25920,15472
>a 38864,15728,25936,15472
>a 38944,15664,26000,15488
>a 39072,15856,26064,15584
>a 39040,15680,26048,15536
>a 39040,15792,26096,15504
>a 39200,15744,26224,15504
>p 5,90
>p 6,0
>a 41872,15728,26160,15488
>p 5,0
>p 6,90
>a 39728,15584,26176,15504
>a 39568,15712,26192,15424
>a 39440,15808,26208,15456
>a 39648,15856,26400,15520
>a 39680,15712,26336,15440
>a 39792,15664,26320,15408
>a 39776,15728,26368,15584
>a 39904,15680,26400,15488
>a 40032,15728,26448,15408
>a 39984,15728,26464,15488
>a 39984,15696,26544,15488
>a 40272,15680,26528,15488
>a 40224,15664,26624,15472
>a 40336,15712,26640,15552
>a 40432,15760,26768,15440
>a 40416,15728,26800,15440
>a 40560,15760,26736,15472
>a 40608,15840,26832,15472
>a 40512,15712,26784,15456
>a 40720,15792,26832,15488
>a 40832,15712,26928,15472
>a 40752,15728,26976,15488
>a 40992,15728,26928,15488
>a 40864,15728,27024,15504
>a 40880,15712,27024,15488
>a 40912,15776,27088,15536
>a 40864,15696,27136,15552
>a 40880,15664,27104,15584
>a 40912,15712,27056,15504
>a 40880,15728,27264,15472
>a 41008,15808,27280,15456
>a 41056,15712,27232,15440
>a 41152,15728,27232,15472
>a 41184,15696,27248,15424
>a 41248,15744,27344,15472
>a 41200,15728,27344,15408
>a 41232,15680,27312,15472
>a 41440,15712,27408,15472
>a 41472,15760,27488,15392
>a 41504,15808,27584,15456
>a 41616,15712,27536,15504
>a 41648,15712,27568,15472
>a 41728,15680,27568,15392
>a 41888,15728,27600,15488
>a 41936,15840,27824,15456
>a 41968,15696,27584,15520
>a 41856,15696,27760,15456
>a 42000,15680,27760,15504
>a 42032,15728,27728,15456
>a 42048,15824,27776,15488
>a 42032,15712,27840,15568
>a 42048,15632,27792,15488
>a 41968,15808,27904,15488
>a 42032,15728,27952,15472
>a 42064,15824,28032,15520
>a 42080,15744,27920,15424
>a 42144,15712,28016,15456
>a 42208,15728,28048,15456
>a 42272,15824,28080,15456
>a 42256,15712,28080,15440
>a 42288,15696,28128,15600
>a 42400,15760,28128,15488
>a 42416,15728,28208,15456
>a 42496,15728,28192,15584
>a 42512,15712,28256,15472
>a 42736,15712,28208,15456
>a 42752,15824,28320,15520
>a 42800,15680,28432,15488
>a 42848,15760,28336,15488
>a 42960,15760,28432,15472
>a 42912,15744,28416,15488
>a 42928,15744,28576,15488
>a 42944,15664,28336,15488
>a 43072,15696,28528,15392
>a 42864,15680,28512,15488
>a 42880,15712,28608,15488
>a 42912,15760,28576,15472
>a 43056,15712,28640,15504
>a 43056,15744,28592,15488
>a 42896,15728,28720,15552
>a 43088,15760,28752,15536
>a 43056,15712,28736,15504
>a 43136,15728,28752,15472
>a 43184,15712,28768,15488
>a 43264,15664,28784,15472
>a 43376,15728,28832,15488
>a 43488,15760,28880,15472
>a 43472,15760,28880,15584
>a 43552,15728,28864,15456
>a 43600,15776,28992,15504
>a 43632,15808,28944,15408
>a 43664,15808,28992,15680
>a 43616,15728,29168,15408
>a 43536,15744,29056,15520
>a 43520,15840,29104,15504
>a 43536,15728,29104,15472
>a 43632,15600,29072,15472
>a 43616,15824,29152,15504
>a 43632,15728,29280,15568
>a 43696,15712,29280,15472
>a 43760,15696,29328,15520
>a 43776,15824,29232,15456
>a 43824,15792,29280,15472
>a 43856,15648,29408,15504
>a 44080,15936,29328,15504
>a 44064,15680,29360,15488
>a 43984,15712,29296,15536
>a 44208,15728,29392,15472
>a 44080,15728,29520,15472
>a 44240,15776,29424,15520
>a 44080,15728,29488,15488
>a 44080,15728,29488,15488
>a 44064,15760,29520,15520
>a 44144,15760,29552,15456
>a 44128,15760,29536,15504
>a 44144,15760,29568,15488
>a 44160,15728,29536,15504
>a 44208,15728,29616,15504
>a 44192,15728,29664,15488
>a 44304,15760,29712,15584
>a 44272,15776,29744,15504
>a 44448,15712,29744,15488
>a 44480,15728,29840,15472
>a 44656,15760,29744,15504
>a 44592,15728,29792,15504
>a 44608,15760,29856,15520
>p 5,90
>p 6,0
>a 47408,15936,29808,15472
>a 47680,15744,29808,15488
>a 47808,15728,29776,15472
>a 48160,15728,29808,15488
>a 48480,15792,29824,15504
>a 48784,15776,29808,15504
>a 49136,15776,29776,15568
>a 49520,15776,29808,15440
>a 49872,15728,29808,15472
>a 50352,15760,29776,15584
>a 50608,15744,29760,15504
>a 50720,15760,29792,15488
>a 51104,15760,29776,15504
>a 51088,15776,29792,15488
>a 51088,15792,29776,15504
>a 51104,15856,29744,15520
>a 51376,15776,29696,15504
>a 51728,15664,29760,15456
>a 52080,15792,29744,15504
>a 52368,15728,29760,15488
>a 52640,15808,29680,15488
>a 53040,15808,29744,15504
>a 53456,15792,29664,15488
>a 53680,15760,29792,15472
>a 53712,15904,29728,15488
>a 53792,15904,29696,15456
>a 53840,15792,29744,15504
>a 53872,15840,29680,15568
>a 54160,15904,29792,15520
>a 54448,15808,29712,15472
>a 54752,15808,29696,15536
>a 55136,15808,29696,15488
>p 5,0
>p 6,90
>a 52064,15808,29968,15584
>a 51472,15792,30064,15520
>a 51488,15760,30128,15488
>a 51392,15776,30256,15488
>a 51328,15792,30304,15488
>a 51056,15792,30512,15520
>a 50976,15776,30496,15520
>a 50960,15792,30608,15488
>a 50912,15760,30704,15488
>a 50816,15792,30768,15424
>a 50800,15792,30848,15520
>a 50800,15792,30928,15520
>a 50736,15776,30992,15520
>a 50688,15760,31088,15504
>a 50752,15664,31120,15488
>a 50704,15824,31216,15424
>a 50544,15936,31264,15568
>a 50464,15792,31248,15504
>a 50464,15888,31472,15504
>a 50416,15728,31392,15504
>a 50304,15792,31472,15520
>a 50384,15936,31504,15520
>a 50320,15856,31632,15520
>a 50416,15824,31664,15520
>a 50352,15776,31664,15504
>a 50272,15808,31760,15536
>a 50336,15760,31792,15520
>a 50144,15808,31792,15504
>a 50096,15792,31920,15520
>a 50080,15776,31920,15520
>a 50048,15664,32048,15456
>a 49904,15760,32000,15472
>a 50000,15776,32064,15520
>a 50032,15776,32048,15536
>a 50080,15792,32144,15536
>a 50080,15920,32208,15520
>a 50096,15760,32160,15504
>a 50032,15760,32272,15536
>a 49936,15744,32304,15536
>a 49792,15856,32304,15520
>a 49808,15776,32336,15488
>a 49776,15776,32464,15520
>a 49760,15776,32448,15472
>a 49776,15792,32464,15520
>a 49744,15808,32512,15616
>a 49888,15728,32512,15504
>a 49856,15600,32560,15520
>a 49872,15856,32608,15552
>a 49920,15760,32624,15536
>a 49760,15696,32592,15488
>a 49680,15792,32688,15536
>a 49568,15760,32688,15552
>a 49616,15792,32720,15584
>a 49552,15760,32720,15520
>a 49584,15856,32784,15504
>a 49696,15792,32864,15472
>a 49680,15776,32832,15520
>a 49792,15776,32944,15488
>a 49760,15712,32864,15504
>a 49744,15760,32976,15568
>a 49584,15936,32928,15456
>a 49616,15760,33024,15504
>a 49456,15776,32944,15488
>a 49552,15680,32912,15584
>a 49472,15728,33008,15520
>a 49552,15728,33024,15504
>a 49488,15744,33056,15488
>a 49520,15760,33040,15488
>a 49584,15696,33040,15424
>a 49632,15728,33040,15552
>a 49568,15792,33104,15520
>a 49584,15856,33104,15504
>a 49440,15776,33168,15536
>a 49296,15728,33152,15520
>a 49392,15776,33200,15504
>a 49328,15760,33152,15632
>a 49408,15712,33200,15520
>a 49360,15728,33232,15536
>a 49424,15776,33216,15536
>a 49456,15776,33200,15584
>a 49520,15872,33328,15616
>a 49552,15728,33296,15632
>a 49520,15648,33296,15488
>a 49440,15824,33392,15568
>a 49328,15776,33296,15520
>a 49248,15888,33296,15520
>a 49232,15728,33344,15616
>a 49280,15744,33344,15504
>a 49200,15776,33328,15568
>a 49344,15744,33360,15536
>a 49392,15760,33376,15504
>a 49488,15792,33376,15536
>a 49456,15792,33408,15520
>p 5,90
>p 6,0
>a 52672,15824,33488,15552
>p 5,0
>p 6,90
>a 50000,15856,33440,15520
>a 49696,15808,33440,15504
>a 49520,15856,33504,15664
>a 49456,15856,33504,15488
>a 49488,15760,33488,15520
>a 49504,15776,33488,15520
>a 49424,15792,33504,15520
>a 49584,15840,33376,15392
>a 49616,15776,33552,15520
>a 49648,15776,33472,15504
>a 49648,15776,33552,15536
>a 49600,15760,33568,15456
>a 49504,15840,33552,15536
>a 49408,15712,33584,15520
>a 49376,15744,33552,15520
>a 49456,15776,33696,15536
>a 49424,15760,33616,15520
>a 49424,15776,33632,15536
>a 49488,15792,33584,15504
>a 49552,15728,33632,15536
>a 49696,15776,33632,15552
>a 49584,15760,33776,15520
>a 49520,15856,33680,15456
>a 49504,15744,33680,15520
>a 49456,15728,33648,15472
>a 49376,15856,33776,15536
>a 49376,15760,33696,15504
>a 49392,15904,33744,15504
>a 49376,15680,33744,15616
>a 49408,15792,33712,15520
>a 49456,15792,33744,15552
>a 49552,15792,33824,15552
>a 49456,15840,33776,15552
>a 49456,15616,33728,15536
>a 49488,15760,33904,15552
>a 49360,15792,33760,15536
>a 49312,15744,33696,15504
>a 49328,15776,33792,15552
>a 49328,15808,33760,15504
>a 49408,15792,33792,15536
>a 49280,15760,33776,15520
>a 49488,15792,33728,15552
>a 49424,15760,33792,15552
>a 49520,15856,33792,15520
>a 49520,15648,33824,15632
>a 49488,15776,33776,15616
>a 49392,15856,33744,15536
>a 49328,15728,33776,15520
>a 49264,15728,33840,15536
>a 49280,15712,33920,15648
>a 49264,15760,33776,15600
>a 49296,15760,33824,15536
>a 49280,15760,33840,15536
>a 49408,15776,33904,15600
>a 49536,15760,33872,15600
>a 49520,15792,33744,15520
>a 49520,15776,33968,15520
>a 49376,15792,33856,15536
>a 49104,15792,33872,15504
>a 49280,15792,33856,15504
>a 49264,15776,33872,15536
>a 49360,15744,33760,15536
>a 49264,15776,33792,15472
>a 49264,15760,33840,15536
>a 49440,15712,33968,15552
>a 49440,15600,33904,15408
>a 49568,15760,33904,15536
>a 49408,15776,33824,15472
>a 49424,15776,33920,15536
>a 49216,15696,33904,15568
>a 49200,15744,33904,15552
>a 49232,15664,33872,15504
>a 49296,15856,33792,15536
>a 49328,15664,33904,15520
>a 49312,15728,33904,15472
>a 49328,15824,33872,15552
>a 49408,15760,33920,15536
>a 49504,15824,34032,15632
>a 49440,15760,33856,15504
>a 49360,15744,33792,15504
>p 5,90
>a 49376,15792,35328,15552
>p 5,0
>a 49264,15792,34112,15520
>a 49248,15840,34048,15520
>a 49360,15792,34096,15568
>a 49200,15680,34080,15504
>p 5,90
>a 49328,15808,35616,15472
>p 5,0
>a 49328,15760,34256,15552
>a 49504,15760,34272,15568
>p 5,90
>a 49680,15776,35824,15520
>p 5,0
>a 49488,15728,34528,15632
>a 49504,15664,34576,15472
>a 49408,15776,34544,15552
>a 49344,15760,34464,15536
>a 49264,15808,34496,15392
>a 49312,15792,34560,15520
>a 49264,15712,34384,15616
>a 49296,15776,34432,15536
>a 49424,15728,34512,15552
>a 49456,15856,34400,15504
>a 49440,15792,34432,15504
>a 49424,15776,34384,15520
>a 49488,15792,34432,15536
>a 49376,15792,34496,15552
>p 5,90
>a 49312,15792,35760,15520
>a 49392,15776,36192,15536
>p 5,0
>a 49376,15760,34928,15536
>a 49312,15760,34656,15504
>a 49280,15728,34816,15568
>a 49488,15712,34832,15504
>a 49472,15760,34768,15536
>a 49584,15744,34752,15504
>p 5,90
>p 6,0
>a 52704,15824,34752,15488
>a 52800,15792,34816,15536
>a 52848,15776,34800,15520
>a 53072,15680,34832,15616
>a 53392,15712,34768,15488
>a 53792,15744,34800,15568
>a 54128,15808,34736,15552
>a 54544,15792,34736,15504
>a 55024,15824,34768,15536
>a 55280,15824,34784,15504
>a 55344,15824,34768,15568
>a 55408,15792,34736,15504
>a 55312,15792,34752,15536
>a 55536,15792,34720,15536
>a 55904,15808,34736,15520
>a 56240,15728,34720,15632
>a 56624,15840,34736,15600
>a 57104,15792,34752,15552
>a 57440,15808,34720,15520
>a 57648,15792,34720,15552
>a 57584,15824,34752,15632
>a 57456,15808,34720,15536
>a 57664,15840,34672,15536
>a 57952,15824,34688,15376
>a 58336,15968,34720,15552
>a 58640,15840,34752,15536
>a 59088,15840,34720,15520
>a 59440,15824,34736,15552
>a 59472,15824,34672,15568
>a 59440,15856,34736,15552
>a 59440,15888,34704,15552
>a 59616,15776,34688,15504
>a 60016,16000,34720,15520
>a 60336,15872,34752,15568
>a 60688,15952,34704,15520
>a 60976,15840,34720,15648
>a 61168,15840,34720,15616
>a 60976,15776,34736,15536
>a 60944,15840,34736,15536
>a 61232,15840,34688,15616
>a 61520,15856,34736,15552
>a 61840,15888,34672,15536
>a 62256,15840,34704,15504
>a 62640,15808,34768,15536
>a 62624,15952,34656,15472
>a 62496,15856,34688,15536
>a 62576,15840,34704,15552
>a 62976,15856,34720,15536
>a 63312,15856,34720,15552
>a 63504,15856,34704,15504
>a 63888,15776,34656,15536
>a 64112,15856,34720,15552
>a 64000,15888,34640,15520
>a 63840,15840,34784,15520
>a 64064,15872,34736,15552
>a 64336,15920,34688,15552
>a 64720,15792,34656,15600
>a 65136,15840,34640,15504
>a 65360,15952,34784,15600
>a 65344,15856,34688,15536
>a 65136,15856,34704,15568
>a 65280,15888,34688,15536
>a 65520,15952,34816,15552
>a 65520,15872,34736,15536
>a 65520,15840,34656,15488
>a 65520,15744,34704,15520
>a 65520,15856,34672,15504
>a 65520,15840,34656,15552
>a 65520,15776,34704,15584
>a 65520,15904,34704,15504
>a 65520,15888,34688,15536
>a 65520,15952,34656,15536
>a 65520,15856,34704,15488
>a 65520,15856,34720,15568
>a 65520,15872,34672,15504
>a 65520,15936,34672,15488
>a 65520,15856,34720,15568
>a 65520,15856,34672,15520
>a 65520,15952,34656,15440
>a 65520,15824,34560,15504
>a 65520,15776,34672,15552
>a 65520,15872,34720,15504
>a 65520,15840,34800,15584
>a 65520,15808,34672,15472
>a 65520,15856,34688,15520
>a 65520,15824,34704,15488
>a 65520,15904,34704,15536
>a 65520,15856,34736,15632
>a 65520,15968,34688,15536
>a 65520,15824,34576,15552
>a 65520,15856,34704,15520
>a 65520,15872,34656,15520
>a 65520,15888,34672,15488
>a 65520,15856,34656,15536
>a 65520,15872,34704,15616
>a 65520,15840,34672,15536
>a 65520,15872,34608,15488
>a 65520,15888,34704,15520
>a 65520,15856,34672,15536
>a 65520,15888,34672,15584
>a 65520,15984,34592,15552
>a 65520,15904,34688,15536
>a 65520,15808,34608,15536
>a 65520,15888,34720,15648
>a 65520,15808,34640,15600
>a 65520,15856,34656,15552
>a 65520,15840,34720,15568
>a 65520,15808,34688,15536
>a 65520,15856,34656,15520
>a 65520,15856,34640,15536
>a 65520,15856,34672,15536
>a 65520,15856,34576,15536
>a 65520,15904,34720,15552
>a 65520,15840,34672,15536
>a 65520,15856,34608,15472
>a 65520,15952,34672,15408
>a 65520,15872,34672,15504
>a 65520,15872,34560,15488
>a 65520,15904,34736,15488
>a 65520,15872,34704,15536
>a 65520,15888,34688,15504
>a 65520,15840,34640,15552
>a 65520,15952,34736,15536
>a 65520,15856,34608,15536
>a 65520,15856,34672,15536
>a 65520,15856,34688,15616
>a 65520,15824,34592,15520
>a 65520,15936,34624,15520
>a 65520,15856,34688,15552
>a 65520,15856,34672,15536
>a 65520,15872,34688,15632
>a 65520,15856,34672,15536
>a 65520,15888,34608,15616
>a 65520,15840,34656,15520
>a 65520,15888,34640,15504
>a 65520,15952,34784,15456
>a 65520,15920,34704,15536
>a 65520,15904,34688,15552
>a 65520,15808,34656,15520
>a 65520,15872,34640,15552
>a 65520,15856,34672,15600
>a 65520,15888,34704,15648
>a 65520,15872,34688,15392
>a 65520,15824,34672,15600
>a 65520,15952,34624,15520
>a 65520,15856,34672,15536
>a 65520,15856,34688,15552
>a 65520,15984,34784,15632
>a 65520,15888,34656,15536
>a 65520,15952,34704,15488
>a 65520,15872,34672,15632
>a 65520,15888,34672,15568
>a 65520,15824,34672,15536
>a 65520,15968,34752,15520
>a 65520,16000,34672,15552
>a 65520,15856,34640,15536
>a 65520,15888,34688,15568
>a 65520,15888,34672,15520
>a 65520,15792,34608,15392
>a 65520,15856,34672,15568
>a 65520,15872,34672,15488
>a 65520,15840,34656,15536
>a 65520,15856,34688,15632
>a 65520,15872,34688,15536
>a 65520,15856,34688,15568
>a 65520,15840,34736,15536
>a 65520,15920,34720,15552
>a 65520,15952,34688,15504
>a 65520,15824,34672,15520
>a 65520,15856,34656,15536
>a 65520,15824,34640,15520
>a 65520,15872,34656,15456
>a 65520,15920,34608,15520
>a 65520,15856,34656,15536
>a 65520,15824,34656,15536
>a 65520,15856,34704,15536
>a 65520,15776,34656,15520
>a 65520,15856,34608,15536
>a 65520,15872,34672,15536
>a 65520,15856,34512,15600
>a 65520,15824,34672,15520
>a 65520,15920,34656,15536
>a 65520,15872,34640,15488
>a 65520,15888,34672,15488
>a 65520,15936,34688,15536
>a 65520,15792,34608,15584
>a 65520,15872,34672,15488
>a 65520,15856,34656,15568
>a 65520,15872,34672,15536
>a 65520,15856,34640,15520
>a 65520,15840,34768,15568
>