
>
>v 1 Jul 11 2014, <C1459854>
>a 38544,15312,38272,15408
>a 38576,15328,38320,15408
>a 38560,15424,38384,15376
>a 38528,15408,38256,15312
>a 38544,15344,38320,15408
>a 38544,15344,38320,15344
>a 38544,15344,38256,15376
>a 38528,15392,38240,15376
>a 38544,15344,38304,15344
>a 38560,15344,38304,15376
>a 38512,15312,38304,15392
>a 38592,15344,38272,15376
>a 38544,15312,38288,15456
>a 38544,15344,38320,15392
>a 38624,15328,38320,15296
>a 38720,15488,38256,15376
>a 38592,15376,38352,15488
>a 38576,15344,38384,15488
>a 38560,15488,38288,15392
>a 38544,15328,38320,15424
>a 38544,15296,38320,15376
>a 38496,15456,38304,15344
>a 38608,15360,38304,15392
>a 38608,15376,38256,15392
>a 38560,15312,38336,15376
>a 38576,15456,38432,15392
>a 38544,15344,38320,15392
>a 38560,15344,38272,15264
>a 38512,15280,38384,15392
>a 38544,15328,38336,15344
>a 38512,15312,38304,15376
>a 38512,15344,38320,15376
>a 38528,15392,38320,15328
>a 38560,15344,38368,15376
>a 38560,15328,38304,15376
>a 38528,15344,38336,15344
>a 38512,15344,38304,15360
>a 38560,15344,38336,15392
>a 38512,15376,38416,15344
>a 38528,15280,38288,15328
>a 38512,15344,38320,15392
>a 38544,15344,38272,15376
>a 38496,15360,38288,15392
>a 38512,15344,38320,15392
>a 38560,15344,38352,15392
>a 38512,15328,38288,15376
>a 38512,15344,38320,15392
>a 38576,15344,38336,15408
>a 38544,15344,38336,15472
>a 38656,15360,38336,15392
>a 38560,15344,38288,15376
>a 38512,15312,38368,15424
>a 38512,15328,38416,15392
>a 38560,15376,38320,15408
>a 38496,15488,38320,15376
>a 38560,15328,38320,15344
>a 38544,15440,38336,15344
>a 38512,15392,38368,15408
>a 38560,15248,38256,15472
>a 38576,15344,38336,15344
>a 38560,15280,38304,15392
>a 38624,15344,38336,15248
>a 38560,15440,38432,15392
>a 38608,15376,38288,15360
>a 38544,15360,38384,15376
>p 5,90
>a 38512,15360,38352,15408
>a 38512,15328,38288,15328
>a 38544,15328,38320,15376
>p 5,0
>a 37664,15312,37152,15344
>a 36864,15296,36624,15360
>a 36496,15376,36160,15344
>a 36160,15264,35984,15344
>a 35808,15312,35568,15296
>a 35488,15424,35248,15376
>a 35168,15328,34912,15392
>a 34768,15312,34608,15328
>a 34528,15328,34304,15312
>a 34096,15328,33984,15344
>a 33888,15280,33648,15200
>a 33568,15312,33360,15312
>a 33328,15296,33072,15280
>a 33040,15264,32816,15344
>a 32688,15296,32400,15312
>a 32448,15296,32208,15376
>a 32176,15296,31952,15312
>a 31888,15312,31696,15296
>a 31664,15296,31440,15296
>a 31440,15264,31072,15312
>a 31104,15344,30880,15360
>a 30960,15232,30704,15344
>a 30672,15408,30352,15312
>a 30496,15264,30048,15312
>a 30128,15248,29808,15328
>a 29872,15264,29680,15312
>a 29664,15248,29424,15200
>a 29424,15280,29088,15296
>a 29184,15280,29008,15296
>a 29008,15280,28784,15312
>a 28752,15488,28592,15280
>a 28592,15280,28368,15344
>a 28352,15280,28256,15328
>p 7,23
>a 28144,15264,27952,15312
>a 27920,15200,27760,15312
>a 27760,15264,27568,15344
>a 27600,15248,27376,15280
>a 27408,15264,27248,15216
>a 27088,15280,27088,15312
>a 27024,15216,26784,15216
>a 26816,15232,26608,15312
>a 26656,15200,26448,15232
>a 26480,15264,26352,15264
>a 26320,15216,26032,15168
>p 7,0
>a 26400,15264,26016,15248
>a 35920,15344,26832,15280
>a 35648,15424,26736,15280
>a 35168,15312,26752,15312
>a 34832,15312,26736,15232
>a 34608,15312,26736,15296
>a 34416,15312,26800,15280
>a 34288,15280,26752,15280
>a 34144,15296,26768,15280
>a 34000,15280,26704,15264
>a 33936,15296,26736,15312
>a 33840,15328,26720,15248
>a 33840,15328,26752,15280
>a 33664,15296,26672,15280
>a 33584,15264,26672,15296
>a 33456,15248,26656,15296
>a 33344,15280,26544,15248
>a 33152,15296,26544,15312
>a 33120,15264,26544,15264
>a 33088,15248,26544,15312
>a 32896,15424,26528,15344
>a 32800,15312,26464,15280
>a 32656,15312,26416,15376
>a 32576,15232,26416,15312
>a 32480,15408,26304,15296
>a 32368,15408,26224,15264
>a 32320,15280,26288,15312
>a 32176,15280,26112,15296
>a 32032,15312,26064,15312
>a 31984,15312,26128,15408
>a 31920,15280,26096,15456
>a 31872,15328,26048,15200
>a 31792,15248,25984,15216
>a 31664,15168,25968,15312
>a 31456,15312,25888,15296
>a 31328,15296,25856,15296
>a 31312,15376,25840,15248
>p 4,90
>a 31280,15184,25616,15280
>a 31024,15216,25440,15296
>a 30800,15312,25264,15376
>a 30736,15344,25120,15312
>a 30448,15344,24944,15280
>a 30352,15344,24816,15296
>a 30096,15312,24640,15264
>p 4,0
>a 30064,15344,24528,15216
>a 29952,15232,24544,15280
>a 29680,15264,24400,15280
>a 29760,15392,24464,15312
>p 4,90
>a 29744,15280,24448,15296
>a 29472,15408,24176,15232
>a 29440,15280,24160,15280
>a 29376,15296,23856,15280
>a 29248,15248,23856,15280
>a 29088,15312,23568,15264
>a 29024,15328,23472,15280
>a 28880,15392,23344,15248
>a 28768,15264,23216,15280
>a 28640,15328,23104,15264
>a 28496,15328,22992,15264
>a 28400,15440,22960,15264
>a 28272,15328,22592,15264
>a 27984,15376,22496,15216
>a 28064,15440,22496,15264
>a 27936,15312,22384,15280
>a 27840,15328,22352,15264
>a 27760,15312,22176,15280
>a 27600,15280,22096,15280
>a 27504,15296,21936,15248
>a 27424,15296,21824,15248
>a 27408,15280,21712,15248
>a 27168,15280,21680,15344
>a 27152,15232,21568,15264
>a 27040,15296,21456,15248
>a 26944,15392,21360,15232
>a 26976,15264,21312,15232
>a 26768,15280,21280,15248
>a 26656,15312,21104,15312
>a 26624,15328,21104,15344
>a 26544,15408,21152,15344
>a 26384,15312,20944,15264
>a 26336,15312,20816,15264
>a 26256,15312,20752,15248
>a 26304,15344,20704,15312
>a 26144,15328,20544,15328
>a 26016,15280,20560,15264
>a 25936,15296,20448,15344
>a 25840,15280,20384,15216
>a 25824,15408,20336,15216
>a 25616,15264,20256,15344
>a 25584,15280,20192,15248
>a 25440,15248,20080,15232
>a 25520,15312,20160,15328
>a 25472,15344,20000,15392
>a 25520,15296,19952,15216
>a 25280,15296,19952,15184
>a 25200,15296,19792,15216
>a 25168,15264,19744,15216
>a 25136,15280,19648,15344
>a 25136,15328,19632,15216
>a 24960,15248,19552,15248
>a 24848,15328,19552,15200
>a 24880,15344,19472,15328
>a 24800,15264,19456,15232
>a 24736,15248,19360,15216
>a 24672,15216,19312,15248
>a 24576,15296,19296,15264
>a 24528,15296,19248,15216
>a 24480,15296,19152,15104
>a 24432,15424,19056,15232
>a 24208,15248,19072,15168
>a 24288,15312,19120,15216
>a 24240,15296,18992,15216
>a 24192,15280,18880,15232
>a 24160,15344,18912,15280
>a 24112,15296,18864,15232
>a 24016,15312,18832,15216
>a 23984,15168,18784,15184
>a 23936,15312,18768,15200
>a 23856,15280,18672,15312
>a 23824,15392,18672,15296
>a 23600,15296,18624,15248
>a 23584,15280,18624,15216
>a 23472,15312,18528,15248
>a 23424,15296,18496,15232
>a 23376,15312,18496,15216
>a 23248,15280,18432,15216
>a 23376,15312,18384,15216
>a 23184,15312,18368,15200
>a 23184,15312,18352,15232
>a 23104,15248,18288,15248
>a 23056,15408,18256,15248
>a 23040,15280,18224,15232
>a 22896,15328,18208,15264
>a 22784,15296,18176,15232
>a 22752,15328,18224,15248
>a 22640,15296,18112,15344
>a 22752,15312,18064,15216
>a 22576,15328,18048,15152
>a 22464,15312,18016,15248
>a 22416,15280,17952,15232
>a 22336,15296,17920,15216
>a 22208,15312,17904,15232
>a 22224,15328,17856,15408
>a 22128,15312,17808,15232
>a 22048,15280,17760,15296
>a 21936,15360,17712,15248
>a 21968,15280,17744,15216
>a 21872,15312,17728,15248
>a 21744,15392,17776,15232
>a 21744,15312,17600,15152
>a 21680,15312,17600,15248
>a 21616,15328,17616,15248
>a 21616,15296,17440,15280
>a 21536,15136,17584,15232
>a 21488,15376,17520,15232
>a 21424,15312,17504,15152
>a 21408,15248,17376,15216
>a 21248,15152,17440,15200
>a 21248,15328,17440,15184
>a 21104,15280,17344,15232
>a 20992,15248,17360,15280
>a 21040,15312,17328,15232
>a 20992,15328,17328,15200
>a 20944,15312,17264,15232
>a 20736,15296,17264,15216
>a 20848,15280,17296,15216
>a 20768,15344,17232,15232
>a 20640,15312,17168,15232
>a 20704,15328,17136,15216
>a 20640,15312,17152,15216
>a 20576,15312,17120,15232
>a 20656,15280,17072,15200
>a 20480,15344,17072,15248
>a 20288,15344,17072,15248
>a 20368,15376,17056,15312
>a 20336,15344,16992,15344
>a 20224,15328,16992,15216
>a 20240,15312,16976,15200
>a 20192,15344,16944,15232
>a 19984,15328,17008,15232
>a 20144,15328,16848,15248
>a 20048,15344,16896,15216
>a 19792,15376,16848,15248
>a 19888,15328,16816,15216
>a 19872,15344,16800,15200
>a 19808,15312,16752,15200
>a 19664,15328,16880,15168
>a 19696,15280,16784,15216
>a 19712,15376,16736,15216
>a 19504,15344,16736,15216
>a 19616,15344,16688,15280
>a 19504,15344,16720,15232
>a 19504,15344,16624,15168
>a 19488,15424,16608,15200
>a 19456,15312,16656,15216
>a 19488,15328,16560,15152
>a 19344,15456,16608,15216
>a 19328,15472,16592,15296
>a 19248,15360,16560,15232
>a 19216,15328,16528,15168
>a 19168,15344,16544,15200
>a 19280,15392,16464,15168
>a 18976,15344,16576,15248
>a 19056,15216,16480,15200
>a 18992,15328,16544,15168
>a 18928,15312,16560,15216
>a 18928,15344,16464,15248
>a 18832,15456,16416,15264
>a 18832,15376,16432,15248
>a 18848,15472,16480,15200
>a 18784,15328,16288,15248
>a 18768,15360,16352,15232
>a 18720,15408,16320,15344
>a 18688,15408,16400,15200
>a 18592,15392,16288,15280
>a 18608,15376,16272,15264
>a 18560,15344,16304,15216
>a 18448,15392,16192,15264
>a 18432,15408,16272,15248
>a 18464,15408,16240,15200
>a 18448,15344,16176,15216
>a 18352,15392,16208,15168
>a 18384,15408,16160,15216
>a 18288,15376,16176,15200
>a 18352,15408,16096,15216
>a 18320,15424,16176,15264
>a 18240,15408,16176,15248
>a 18128,15392,16048,15264
>a 18112,15392,16176,15216
>a 18096,15488,16128,15184
>a 18064,15360,16112,15216
>a 18048,15376,16144,15200
>a 17920,15328,16080,15248
>a 17920,15312,16032,15344
>a 17888,15344,16048,15216
>a 17952,15376,16080,15248
>a 17904,15344,16032,15168
>a 17952,15296,16016,15216
>a 17792,15424,16016,15120
>a 17760,15344,15984,15424
>a 17632,15328,15984,15216
>a 17776,15360,16000,15232
>a 17808,15424,16000,15216
>a 17744,15344,16000,15216
>a 17680,15312,16000,15200
>a 17632,15344,15920,15248
>a 17600,15328,15936,15248
>a 17632,15312,15840,15232
>a 17536,15312,15904,15136
>a 17504,15328,15920,15248
>a 17520,15280,15904,15296
>a 17472,15296,15984,15216
>a 17440,15328,15920,15232
>a 17376,15296,15824,15232
>a 17408,15264,15824,15216
>a 17456,15312,15840,15280
>a 17344,15312,15824,15152
>a 17360,15328,15856,15248
>a 17232,15312,15824,15216
>a 17232,15328,15824,15184
>a 17216,15248,15728,15088
>a 17200,15264,15776,15184
>a 17184,15280,15808,15232
>a 17296,15408,15792,15248
>a 17168,15328,15760,15232
>a 17136,15280,15776,15216
>a 17008,15264,15760,15200
>a 17088,15472,15712,15312
>a 17024,15312,15760,15232
>a 17056,15344,15760,15232
>a 17056,15280,15712,15152
>a 16992,15264,15760,15216
>a 16960,15376,15728,15184
>a 16960,15280,15792,15344
>a 17024,15280,15664,15200
>a 16944,15248,15728,15248
>a 16880,15264,15760,15168
>a 16976,15216,15536,15216
>a 16816,15248,15664,15200
>a 16848,15248,15680,15184
>a 16816,15216,15648,15280
>a 16816,15200,15664,15216
>a 16752,15344,15600,15216
>a 16752,15184,15664,15184
>a 16752,15200,15600,15072
>a 16752,15200,15632,15216
>a 16720,15232,15728,15184
>a 16688,15200,15648,15248
>a 16656,15248,15616,15136
>a 16576,15152,15712,15312
>a 16640,15248,15632,15232
>a 16656,15248,15632,15216
>a 16640,15200,15536,15184
>a 16544,15200,15536,15088
>a 16624,15280,15568,15216
>a 16624,15200,15616,15248
>a 16528,15216,15568,15232
>a 16400,15248,15504,15216
>a 16512,15200,15568,15216
>a 16512,15248,15584,15216
>a 16480,15216,15568,15216
>a 16448,15216,15552,15184
>a 16512,15216,15600,15216
>a 16560,15232,15536,15216
>a 16384,15216,15536,15216
>a 16384,15280,15520,15168
>a 16400,15216,15488,15248
>a 16416,15232,15520,15184
>a 16272,15232,15648,15296
>a 16352,15216,15472,15232
>a 16304,15264,15472,15232
>a 16208,15216,15552,15200
>a 16256,15184,15504,15232
>a 16288,15216,15488,15168
>a 16304,15248,15520,15216
>a 16272,15168,15504,15056
>a 16256,15232,15568,15168
>a 16240,15232,15472,15216
>a 16240,15216,15504,15200
>a 16176,15216,15536,15216
>a 16208,15216,15488,15296
>a 16352,15216,15488,15232
>a 16224,15232,15456,15184
>a 16208,15264,15472,15248
>a 16160,15232,15424,15216
>a 16240,15264,15456,15200
>a 16128,15232,15456,15184
>a 16144,15216,15392,15216
>a 16144,15216,15408,15184
>a 16112,15200,15632,15216
>a 16096,15232,15280,15232
>a 16112,15200,15424,15168
>a 16048,15168,15408,15216
>a 16080,15168,15424,15184
>a 16144,15216,15440,15184
>a 16032,15184,15376,15248
>a 16080,15296,15440,15312
>a 16144,15232,15472,15264
>a 16032,15088,15408,15232
>a 16048,15216,15504,15216
>a 16032,15200,15392,15232
>a 15984,15216,15424,15328
>a 15968,15200,15376,15216
>a 15984,15200,15408,15280
>a 15952,15216,15376,15184
>a 16016,15152,15248,15200
>a 15968,15232,15472,15200
>a 15952,15280,15376,15200
>a 15968,15216,15440,15232
>a 15952,15232,15392,15216
>a 15904,15280,15344,15184
>a 15920,15280,15344,15184
>a 15952,15248,15472,15200
>a 15920,15216,15344,15216
>a 15936,15216,15360,15200
>a 15904,15184,15376,15232
>a 15840,15296,15456,15296
>a 15888,15216,15392,15312
>a 15840,15200,15376,15152
>a 15872,15136,15408,15200
>a 15840,15184,15344,15200
>a 15856,15184,15296,15232
>a 15936,15152,15328,15072
>a 15856,15184,15296,15248
>a 15856,15328,15312,15200
>a 15840,15200,15424,15248
>a 15856,15216,15360,15232
>a 15840,15200,15344,15168
>a 15824,15168,15312,15216
>a 15808,15200,15312,15200
>a 16000,15200,15328,15216
>a 15792,15200,15344,15248
>a 15760,15120,15408,15200
>a 15776,15152,15408,15184
>a 15776,15184,15328,15328
>a 15792,15216,15392,15200
>a 15728,15200,15408,15216
>a 15760,15184,15216,15216
>a 15776,15184,15376,15216
>a 15776,15184,15312,15312
>a 15728,15120,15296,15200
>a 15856,15216,15216,15200
>a 15776,15184,15328,15200
>a 15728,15232,15328,15216
>a 15648,15152,15296,15328
>a 15760,15216,15232,15200
>a 15744,15200,15344,15088
>a 15728,15216,15312,15216
>a 15760,15184,15280,15216
>a 15696,15136,15312,15184
>a 15664,15168,15312,15184
>a 15728,15216,15312,15216
>a 15696,15200,15280,15216
>a 15696,15328,15376,15216
>a 15696,15152,15216,15200
>a 15808,15168,15280,15280
>a 15648,15184,15296,15168
>a 15648,15184,15232,15216
>a 15696,15152,15264,15264
>a 15616,15184,15264,15152
>a 15680,15296,15280,15216
>a 15696,15216,15280,15216
>a 15648,15184,15264,15200
>a 15664,15200,15296,15248
>a 15664,15104,15264,15280
>a 15680,15184,15376,15248
>a 15568,15088,15264,15216
>a 15680,15184,15264,15168
>a 15648,15264,15264,15216
>a 15648,15200,15248,15088
>a 15600,15216,15296,15232
>a 15584,15216,15264,15216
>a 15616,15120,15248,15216
>a 15616,15104,15232,15136
>a 15648,15200,15344,15216
>a 15632,15184,15280,15296
>a 15616,15280,15248,15184
>a 15648,15200,15264,15200
>a 15584,15184,15264,15328
>a 15552,15184,15264,15200
>a 15584,15184,15376,15232
>a 15664,15184,15216,15216
>a 15648,15216,15392,15248
>a 15696,15136,15408,15216
>a 15584,15136,15264,15232
>a 15728,15104,15264,15216
>a 15616,15072,15216,15088
>a 15600,15168,15200,15200
>a 15616,15184,15264,15232
>a 15584,15168,15216,15264
>a 15616,15072,15264,15184
>a 15552,15152,15264,15232
>a 15584,15248,15344,15248
>a 15568,15200,15312,15216
>a 15552,15168,15248,15216
>a 15552,15184,15248,15168
>a 15616,15200,15264,15216
>a 15744,15184,15216,15232
>a 15520,15200,15216,15232
>a 15552,15168,15264,15232
>a 15600,15200,15232,15200
>a 15600,15088,15200,15136
>a 15584,15136,15200,15200
>a 15568,15216,15216,15248
>a 15568,15168,15264,15312
>a 15600,15184,15120,15344
>a 15536,15152,15200,15200
>a 15536,15248,15184,15216
>a 15536,15152,15296,15184
>a 15584,15216,15344,15232
>a 15568,15136,15152,15184
>a 15536,15200,15248,15232
>a 15504,15232,15232,15200
>a 15536,15072,15216,15216
>a 15488,15200,15248,15264
>a 15568,15040,15216,15216
>a 15632,15104,15248,15312
>a 15376,15152,15328,15232
>a 15536,15184,15184,15216
>a 15600,15152,15264,15136
>a 15552,15216,15168,15312
>a 15552,15200,15232,15200
>a 15584,15216,15216,15216
>a 15616,15184,15232,15216
>a 15600,15104,15344,15216
>a 15536,15152,15200,15200
>a 15536,15232,15200,15184
>a 15488,15216,15200,15216
>a 15632,15200,15152,15296
>a 15504,15264,15232,15312
>a 15536,15200,15232,15296
>a 15536,15184,15232,15184
>a 15520,15152,15200,15216
>a 15472,15088,15440,15232
>a 15520,15184,15200,15216
>a 15584,15280,15312,15184
>a 15456,15200,15200,15344
>a 15504,15248,15216,15072
>a 15408,15184,15216,15312
>a 15520,15168,15216,15216
>a 15536,15152,15216,15184
>a 15472,15184,15216,15216
>a 15408,15056,15200,15280
>a 15504,15296,15232,15088
>a 15504,15200,15184,15216
>a 15536,15152,15216,15216
>a 15536,15200,15232,15296
>a 15504,15184,15216,15200
>a 15504,15168,15248,15216
>a 15504,15216,15216,15216
>a 15408,15248,15216,15232
>a 15472,15184,15184,15136
>a 15488,15184,15216,15200
>a 15472,15184,15184,15168
>a 15472,15280,15216,15216
>a 15456,15184,15216,15184
>a 15488,15184,15200,15200
>a 15504,15200,15216,15280
>a 15488,15184,15200,15264
>a 15456,15040,15216,15152
>a 15488,15072,15200,15200
>a 15488,15264,15184,15248
>a 15520,15200,15200,15232
>a 15440,15168,15152,15200
>a 15504,15136,15200,15232
>a 15504,15152,15248,15216
>a 15488,15184,15200,15280
>a 15520,15200,15184,15200
>a 15504,15200,15248,15216
>a 15520,15184,15280,15152
>a 15520,15168,15216,15200
>a 15520,15184,15168,15216
>a 15456,15152,15040,15248
>a 15488,15328,15184,15280
>a 15552,15200,15216,15216
>a 15456,15216,15216,15232
>a 15392,15120,15312,15248
>a 15488,15168,15152,15200
>a 15472,15184,15200,15216
>a 15472,15216,15312,15328
>a 15440,15152,15152,15216
>a 15440,15248,15184,15216
>a 15488,15200,15280,15280
>a 15440,15200,15104,15264
>a 15456,15184,15184,15152
>a 15472,15152,15184,15168
>a 15488,15200,15184,15184
>a 15440,15216,15152,15216
>a 15456,15168,15152,15184
>a 15472,15184,15216,15232
>a 15472,15184,15312,15168
>a 15456,15216,15184,15232
>a 15488,15200,15200,15280
>a 15504,15280,15216,15280
>a 15440,15072,15184,15216
>a 15472,15200,15296,15296
>a 15488,15200,15216,15280
>a 15456,15168,15200,15120
>a 15616,15136,15216,15232
>a 15472,15184,15088,15216
>a 15504,15280,15184,15328
>a 15472,15184,15312,15216
>a 15424,15216,15184,15216
>a 15472,15120,15184,15216
>a 15504,15184,15200,15200
>a 15552,15184,15216,15200
>a 15424,15184,15168,15216
>a 15456,15088,15232,15216
>a 15504,15200,15216,15184
>a 15504,15152,15184,15216
>a 15472,15216,15200,15152
>a 15472,15152,15216,15232
>a 15440,15248,15152,15184
>a 15424,15184,15200,15216
>a 15488,15168,15296,15216
>a 15456,15120,15152,15200
>a 15488,15200,15312,15232
>a 15472,15152,15040,15200
>a 15424,15168,15280,15200
>a 15472,15200,15200,15232
>a 15392,15168,15184,15216
>a 15504,15184,15200,15184
>a 15472,15136,15200,15184
>a 15440,15200,15216,15232
>a 15408,15184,15216,15232
>a 15424,15184,15200,15200
>a 15456,15168,15184,15200
>a 15504,15184,15184,15152
>a 15488,15184,15296,15232
>a 15440,15168,15184,15200
>a 15472,15152,15200,15232
>a 15456,15184,15200,15200
>a 15472,15152,15216,15280
>a 15408,15184,15184,15216
>a 15472,15184,15088,15296
>a 15440,15200,15168,15216
>a 15504,15184,15168,15216
>a 15520,15184,15184,15216
>a 15600,15120,15312,15200
>a 15456,15184,15200,15216
>a 15456,15184,15200,15312
>a 15456,15168,15184,15168
>a 15472,15200,15216,15216
>