
>
>
>v 1 Jul 10 2014, <A06636A0>
>a 39248,15344,31888,15328
>a 39264,15376,31824,15360
>a 39248,15344,31808,15344
>a 39248,15376,31824,15360
>a 39248,15360,31696,15328
>a 39248,15328,31792,15328
>a 39232,15376,31792,15344
>a 39216,15376,31824,15376
>a 39184,15344,31792,15360
>a 39248,15472,31728,15296
>a 39264,15344,31760,15344
>a 39264,15376,31792,15344
>a 39264,15392,31824,15344
>a 39280,15376,31888,15456
>a 39200,15344,31728,15344
>a 39248,15216,31792,15312
>a 39264,15328,31728,15280
>a 39216,15360,31872,15344
>a 39216,15344,31808,15376
>p 5,90
>a 39280,15280,31760,15344
>a 39248,15360,31792,15344
>a 39216,15376,31808,15360
>a 39344,15344,31728,15360
>a 39264,15392,31824,15344
>a 39248,15312,31808,15360
>p 5,0
>a 39248,15344,30592,15376
>a 39328,15376,30224,15328
>a 39120,15376,29984,15344
>a 39248,15344,29664,15296
>a 39280,15344,29408,15328
>a 39248,15344,29024,15328
>a 39216,15344,28896,15408
>a 39264,15344,28592,15312
>p 5,90
>a 39280,15344,29040,15344
>a 39248,15440,29424,15440
>a 39328,15504,29424,15232
>a 39232,15376,29456,15344
>a 39280,15376,29408,15296
>a 39136,15344,29472,15296
>a 39248,15376,29488,15344
>p 4,90
>a 39264,15344,29280,15344
>a 39280,15440,29088,15280
>a 39280,15552,29024,15328
>a 39264,15440,28768,15312
>a 39264,15408,28640,15440
>a 39280,15408,28448,15280
>a 39280,15440,28304,15344
>a 39216,15424,28144,15328
>a 39248,15408,27984,15312
>a 39408,15424,27920,15328
>a 39264,15456,27696,15296
>a 39280,15456,27472,15280
>a 39248,15536,27456,15312
>a 39264,15408,27312,15408
>a 39248,15520,27136,15328
>a 39248,15408,27024,15296
>a 39312,15472,26960,15264
>a 39280,15440,26800,15248
>a 39232,15456,26688,15328
>a 39280,15440,26528,15312
>a 39216,15376,26432,15328
>p 7,50
>a 33216,32880,26368,15296
>a 30272,30016,26208,15296
>a 27856,27616,26192,15296
>a 26240,26080,26096,15328
>a 26848,26704,26064,15296
>a 29232,29024,25968,15328
>a 30960,30752,25888,15344
>a 31968,31664,25856,15328
>a 32336,32160,25776,15328
>p 5,0
>a 32544,32224,24720,15296
>a 32496,32192,24448,15344
>a 32400,32112,24080,15296
>a 32304,32000,23904,15408
>a 32208,31904,23696,15392
>a 32048,31776,23408,15296
>a 31936,31728,23184,15200
>a 31792,31504,22944,15280
>a 31664,31360,22784,15312
>a 31632,31328,22576,15248
>a 31344,31056,22336,15280
>a 31248,30944,22128,15376
>a 31152,30896,21936,15280
>a 31008,30672,21728,15264
>a 30912,30544,21520,15264
>a 30736,30416,21424,15264
>a 30592,30320,21248,15280
>a 30480,30160,21072,15216
>a 30368,30080,20880,15248
>a 30224,29904,20720,15248
>a 30064,29936,20480,15344
>a 30064,29744,20480,15200
>a 30000,29744,20368,15280
>a 29808,29536,20160,15200
>a 29712,29424,20048,15264
>a 29648,29344,19888,15280
>a 29552,29216,19744,15280
>a 29456,29168,19632,15280
>a 29280,29040,19488,15264
>a 29280,28944,19312,15264
>a 29232,28896,19248,15232
>a 29104,28768,19136,15264
>a 29024,28560,19024,15280
>a 28928,28624,18928,15184
>a 28864,28672,18912,15344
>a 28688,28352,18672,15248
>a 28656,28336,18640,15280
>a 28752,28384,18528,15264
>a 28560,28240,18448,15232
>a 28448,28160,18320,15376
>a 28432,28080,18224,15232
>a 28432,27936,18128,15280
>a 28304,27888,18032,15264
>a 28192,27904,17984,15264
>a 28128,27824,17872,15248
>a 28080,27760,17776,15280
>a 28000,27824,17760,15232
>a 27888,27600,17728,15248
>a 28000,27680,17584,15248
>a 27824,27600,17520,15296
>a 27776,27568,17424,15328
>a 27664,27344,17424,15264
>a 27616,27392,17280,15232
>a 27568,27248,17104,15216
>a 27536,27232,17152,15248
>a 27488,27152,17104,15184
>a 27408,27072,17008,15296
>a 27312,27040,17008,15264
>a 27328,26976,16928,15248
>a 27232,26912,16896,15232
>a 27184,26864,16896,15248
>a 27024,26736,16832,15264
>a 27104,26784,16672,15216
>a 27088,26720,16784,15296
>a 26960,26640,16640,15216
>a 26928,26640,16624,15232
>a 26912,26576,16576,15232
>a 26864,26528,16432,15264
>a 26784,26480,16496,15216
>a 26736,26352,16432,15216
>a 26704,26352,16480,15296
>