
>v 1 Jul 11 2014, <C1459854>
>a 34208,15392,33952,15344
>a 34224,15296,33968,15344
>a 34224,15328,34032,15360
>a 34336,15312,33984,15328
>a 34208,15280,34048,15424
>a 34224,15280,34000,15392
>a 34160,15280,33968,15328
>a 34224,15328,34032,15376
>a 34288,15264,34080,15360
>a 34224,15264,33856,15360
>a 34224,15280,33984,15344
>a 34144,15296,33984,15376
>a 34240,15328,34016,15408
>a 34256,15312,33952,15312
>a 34224,15312,34000,15344
>a 34160,15296,33984,15312
>a 34352,15312,33968,15312
>p 4,90
>a 33936,15328,33760,15344
>a 33792,15328,33520,15280
>a 33456,15376,33328,15328
>a 33264,15344,33104,15296
>a 33136,15296,33040,15296
>a 32960,15280,32720,15264
>a 32880,15280,32544,15328
>a 32544,15328,32352,15344
>a 32384,15408,32224,15328
>a 32192,15360,31968,15392
>a 32048,15312,31728,15344
>p 5,90
>a 31840,15344,31648,15440
>a 31664,15392,31520,15344
>a 31584,15344,31216,15312
>a 31312,15408,31088,15200
>a 31136,15376,30912,15296
>p 5,0
>a 30000,15424,29680,15296
>a 29424,15312,29200,15376
>a 29040,15264,28896,15264
>a 28720,15312,28416,15280
>a 35648,15280,28832,15280
>a 36912,15344,28816,15280
>a 36560,15344,28464,15248
>a 36048,15376,28336,15328
>a 35728,15376,28096,15312
>a 35424,15344,27856,15280
>a 35216,15344,27760,15344
>a 34992,15344,27568,15280
>a 34704,15376,27440,15296
>a 34512,15296,27248,15312
>a 34352,15440,27040,15280
>a 34128,15328,26848,15280
>a 33936,15344,26752,15328
>a 33696,15344,26640,15280
>a 33616,15328,26416,15280
>a 33376,15344,26352,15280
>a 33264,15344,26016,15296
>a 33200,15344,25984,15296
>a 32928,15328,25872,15280
>a 32688,15392,25632,15296
>a 32560,15408,25552,15296
>a 32480,15344,25440,15280
>a 32448,15344,25312,15280
>a 32144,15344,25200,15264
>a 32016,15392,25024,15280
>a 31856,15344,24912,15312
>a 31776,15376,24784,15280
>a 31680,15344,24672,15376
>a 31472,15312,24480,15248
>a 31248,15328,24368,15344
>a 31216,15344,24256,15280
>a 31056,15344,24112,15248
>a 30992,15376,24032,15216
>a 30816,15248,23920,15280
>a 30704,15344,23856,15280
>a 30576,15296,23760,15248
>a 30576,15344,23632,15296
>