
>
>
>
>
>v 1 Jul 10 2014, <0E8682B8>
>a 49104,16032,35264,15664
>a 49072,16032,35312,15664
>a 49104,15936,35344,15664
>a 49072,15920,35280,15616
>a 49136,15936,35136,15664
>a 49200,15888,35248,15664
>a 49120,15920,35168,15696
>a 49072,15920,35248,15680
>a 49120,15984,35248,15696
>a 49072,15888,35264,15632
>a 49104,15968,35344,15616
>a 49072,15984,35248,15776
>a 49072,15952,35248,15664
>a 49104,15888,35248,15600
>a 49072,15872,35216,15760
>a 49088,16048,35280,15664
>p 5,0
>a 49200,15920,35280,15632
>a 49104,16016,33424,15712
>a 49264,15936,32816,15600
>p 5,90
>a 49120,16016,33904,15648
>a 49120,15968,33840,15664
>a 49072,15968,33936,15744
>a 49136,15888,33872,15664
>a 49056,15984,33968,15632
>a 49056,15952,33872,15664
>a 49200,15920,33872,15648
>a 49104,16000,34000,15680
>a 49120,16000,33968,15648
>a 49120,15936,33920,15664
>a 49072,15920,33872,15648
>a 49056,15952,33920,15680
>a 49072,15936,33936,15680
>a 49040,15920,33904,15648
>a 49072,15936,33968,15648
>a 49072,15920,33952,15632
>a 49072,15952,33952,15664
>a 49088,15984,33952,15648
>a 49104,15920,33968,15680
>a 49120,15952,34000,15696
>a 49120,15952,34000,15632
>a 49072,15968,34048,15680
>a 49136,15968,34000,15600
>a 49072,15920,34032,15664
>a 48992,15968,34016,15664
>a 49072,15968,34048,15648
>a 49136,15968,34048,15664
>a 49040,15952,33904,15632
>a 49056,16032,33920,15760
>a 49040,15952,34112,15664
>a 49072,15968,34080,15696
>a 49056,16000,34096,15664
>a 49088,15952,34176,15536
>a 49072,15984,34048,15616
>a 49200,15936,34064,15680
>a 49072,15952,34096,15648
>a 49072,15984,34096,15648
>a 49072,15904,34080,15632
>a 49136,15968,34096,15696
>a 49072,15952,34080,15696
>a 49072,15968,34096,15760
>a 49056,15936,34192,15680
>a 49008,15984,34080,15648
>a 49056,15920,34128,15632
>a 49072,16016,34096,15696
>a 49072,15920,34128,15664
>a 49056,15952,34096,15664
>a 48976,16032,34096,15664
>a 49136,15968,34144,15696
>