
>
>v 1 Jul 10 2014, <A06636A0>
>a 31856,15264,31808,15376
>a 32000,15344,31824,15296
>a 32048,15232,31872,15328
>a 31936,15216,31792,15424
>a 32016,15328,31872,15328
>a 32016,15328,31792,15376
>a 32000,15280,31808,15344
>a 31920,15328,31792,15312
>a 32000,15264,31808,15392
>a 32048,15216,31792,15376
>a 32096,15280,31792,15328
>a 32048,15344,31792,15328
>a 31984,15344,31792,15376
>a 32064,15392,31792,15328
>a 32016,15328,31792,15344
>a 32080,15296,31792,15344
>a 32000,15216,31808,15408
>a 32048,15344,31792,15344
>a 32048,15328,31792,15344
>a 32016,15328,31760,15328
>a 32032,15312,31792,15296
>a 32032,15280,31728,15312
>a 32032,15312,31792,15344
>p 6,90
>a 32032,15344,31808,15376
>a 32000,15280,31728,15232
>a 31984,15328,31808,15344
>a 32112,15392,31808,15344
>a 31824,15312,31792,15376
>a 31968,15280,31808,15344
>p 6,0
>a 32080,15344,31776,15376
>a 32192,15312,31776,15344
>a 32112,15296,31920,15312
>a 32096,15408,31792,15376
>a 32128,15248,31824,15376
>a 32128,15360,31808,15376
>a 32112,15312,31712,15344
>a 32144,15328,31792,15456
>p 7,50
>a 27184,26928,31888,15456
>a 24640,24480,31872,15328
>a 22384,22288,31856,15344
>a 34192,33808,31888,15344
>a 35248,34928,31936,15344
>a 35008,34656,31952,15344
>a 34656,34352,31920,15344
>a 34320,34000,31920,15344
>p 7,0
>a 34688,30896,31920,15392
>a 37152,20144,31824,15328
>a 37936,16032,31776,15344
>a 38176,15376,31728,15328
>a 38416,15360,31840,15328
>a 38512,15344,31808,15344
>a 38608,15440,31808,15344
>a 38672,15376,31792,15344
>a 38704,15376,31808,15344
>a 38720,15376,31776,15440
>a 38800,15408,31760,15488
>a 38704,15376,31792,15344
>a 38864,15344,31904,15344
>a 38736,15376,31696,15392
>a 38768,15376,31776,15312
>a 38768,15376,31792,15440
>a 38752,15312,31888,15376
>a 38912,15392,31728,15376
>a 38672,15376,31776,15376
>a 38768,15408,31840,15344
>a 38768,15392,31872,15392
>a 38768,15328,31824,15312
>a 38816,15344,31776,15344
>a 38768,15344,31776,15344
>a 38896,15344,31872,15328
>a 38784,15392,31824,15344
>a 38816,15472,31792,15344
>a 38768,15392,31760,15344
>a 38752,15360,31808,15376
>a 38768,15360,31792,15392
>a 38832,15376,31792,15344
>a 38816,15376,31792,15408
>a 38912,15456,31760,15344
>a 38864,15360,31792,15360
>a 38960,15392,31808,15360
>a 38816,15344,31792,15344
>a 38848,15344,31792,15376
>a 38928,15344,31792,15440
>a 38848,15344,31840,15328
>a 38784,15408,31792,15312
>a 38832,15376,31792,15328
>a 38832,15376,31776,15328
>a 38832,15312,31728,15344
>a 38864,15376,31760,15344
>a 38864,15376,31776,15344
>a 38832,15376,31728,15344
>a 38880,15392,31776,15344
>a 38880,15392,31792,15344
>a 38832,15392,31904,15344
>a 38896,15344,31760,15360
>a 38864,15488,31840,15408
>a 38832,15376,31824,15392
>a 38848,15376,31776,15424
>a 38880,15344,31776,15344
>a 38832,15344,31808,15392
>a 38864,15344,31792,15328
>a 38832,15408,31872,15344
>a 38752,15328,31776,15328
>a 38848,15472,31792,15264
>a 38800,15344,31792,15344
>a 38864,15376,31792,15328
>a 38864,15376,31776,15328
>a 38832,15408,31776,15312
>a 38880,15344,31776,15376
>a 38928,15376,31824,15360
>a 38944,15344,31792,15360
>a 38912,15376,31792,15376
>a 38928,15328,31776,15440
>a 38896,15392,31792,15536
>a 38880,15392,31824,15344
>a 38880,15344,31808,15344
>a 38912,15328,31792,15440
>a 38928,15376,31808,15344
>a 38944,15456,31776,15440
>a 38864,15344,31792,15312
>a 38848,15360,31792,15424
>a 38864,15344,31728,15344
>a 38896,15360,31872,15328
>a 38928,15344,31776,15440
>a 38768,15344,31776,15456
>a 38832,15344,31904,15328
>a 38896,15312,31808,15392
>a 38960,15312,31792,15328
>a 38896,15376,31776,15344
>a 38912,15344,31792,15328
>a 39008,15344,31744,15344
>a 38928,15376,31808,15344
>a 38912,15344,31792,15344
>a 38912,15312,31776,15456
>a 38832,15376,31792,15376
>a 38816,15392,31808,15360
>a 38928,15360,31824,15344
>a 38992,15424,31776,15344
>a 38960,15408,31792,15344
>a 38928,15376,31808,15344
>a 38960,15280,31824,15344
>a 38928,15328,31760,15328
>a 38928,15376,31920,15488
>a 38928,15376,31808,15392
>a 38928,15264,31808,15344
>a 38896,15376,31760,15328
>a 39024,15312,31792,15344
>a 39040,15440,31840,15312
>a 38960,15344,31776,15360
>a 38832,15344,31760,15360
>a 39008,15328,31808,15392
>a 38960,15344,31840,15296
>a 38960,15344,31808,15296
>