
>v 1 Jul 11 2014, <C1459854>
>a 65520,15648,15344,15376
>a 65520,15696,15488,15392
>a 65520,15696,15392,15344
>a 65520,15712,15392,15408
>a 65520,15616,15360,15392
>a 65520,15696,15344,15392
>a 65520,15680,15328,15392
>a 65520,15648,15344,15392
>a 65520,15664,15344,15392
>a 65520,15664,15456,15408
>a 65520,15664,15376,15344
>a 65520,15664,15328,15424
>a 65520,15664,15392,15472
>a 65520,15664,15344,15376
>a 65520,15664,15376,15392
>a 65520,15712,15360,15328
>a 65520,15696,15296,15408
>a 65520,15712,15408,15344
>a 65520,15680,15440,15392
>a 65520,15776,15312,15344
>a 65520,15664,15344,15392
>a 65520,15664,15472,15376
>a 65520,15680,15360,15376
>a 65520,15568,15280,15360
>a 65520,15648,15424,15424
>a 65520,15712,15344,15376
>a 65520,15712,15376,15408
>a 65520,15696,15376,15392
>a 65520,15680,15344,15344
>a 65520,15632,15392,15408
>a 65520,15680,15440,15344
>p 6,90
>p 5,90
>a 65520,15664,22480,15472
>p 6,0
>a 65520,15680,16160,15392
>p 6,90
>a 65520,15664,22928,15472
>p 6,0
>a 65520,15680,16832,15392
>p 6,90
>a 65520,15648,23504,15440
>p 6,0
>a 65520,15696,17504,15376
>p 6,90
>a 65520,15568,23920,15456
>p 6,0
>a 65520,15648,18176,15424
>p 6,90
>a 65520,15648,24336,15488
>p 6,0
>a 65520,15776,18880,15472
>p 6,90
>a 65520,15696,24944,15456
>p 6,0
>a 65520,15616,19488,15424
>p 6,90
>a 65520,15600,25296,15456
>p 6,0
>a 65520,15696,20256,15440
>p 6,90
>a 65520,15792,25920,15456
>p 6,0
>a 65520,15792,20784,15424
>p 6,90
>a 65520,15680,26528,15472
>p 6,0
>a 65520,15680,21552,15392
>a 65520,15648,21472,15408
>a 65520,15664,21344,15424
>a 65520,15616,21328,15456
>a 65520,15696,21280,15488
>a 65520,15568,21280,15440
>a 65520,15600,21280,15472
>a 65520,15760,21216,15440
>a 65520,15696,21152,15424
>a 65520,15664,21200,15360
>a 65520,15664,21248,15408
>a 65520,15696,21200,15408
>a 65520,15712,21200,15424
>a 65520,15792,21200,15456
>a 65520,15696,21216,15504
>a 65520,15680,21168,15424
>a 65520,15568,21200,15424
>a 65520,15664,21056,15392
>a 65520,15696,21216,15536
>a 65520,15696,21040,15440
>a 65520,15712,21168,15488
>a 65520,15568,21136,15344
>a 65520,15680,21136,15440
>a 65520,15728,21168,15424
>a 65520,15664,21088,15440
>a 65520,15680,21152,15456
>a 65520,15680,21152,15424
>a 65520,15696,21056,15472
>a 65520,15680,21248,15440
>a 65520,15664,21152,15440
>a 65520,15776,21152,15456
>a 65520,15648,21232,15440
>a 65520,15632,21152,15504
>a 65520,15680,21152,15440
>a 65520,15712,21232,15520
>a 65520,15600,21136,15360
>a 65520,15648,21072,15424
>a 65520,15664,21104,15472
>a 65520,15792,21136,15424
>a 65520,15664,20976,15392
>a 65520,15648,21152,15440
>a 65520,15696,21152,15456
>a 65520,15664,21232,15424
>a 65520,15696,21136,15456
>a 65520,15760,21152,15440
>a 65520,15712,21136,15424
>a 65520,15616,21152,15440
>a 65520,15680,21168,15472
>a 65520,15680,21232,15424
>a 65520,15696,21168,15440
>a 65520,15616,21136,15456
>a 65520,15728,21248,15440
>p 5,0
>a 65520,15648,20336,15440
>p 5,90
>a 65520,15648,20864,15424
>a 65520,15696,20816,15328
>a 65520,15664,20880,15440
>a 65520,15680,20896,15424
>a 65520,15696,20944,15440
>p 5,0
>a 65520,15680,20176,15440
>p 5,90
>a 65520,15680,20688,15408
>a 65520,15680,20656,15440
>a 65520,15664,20720,15392
>a 65520,15712,20672,15456
>a 65520,15696,20608,15408
>a 65520,15648,20672,15440
>a 65520,15632,20624,15312
>a 65520,15680,20656,15424
>a 65520,15648,20672,15472
>a 65520,15632,20656,15344
>a 65520,15664,20608,15504
>p 6,90
>a 65520,15680,26528,15440
>p 6,0
>p 5,0
>a 65520,15712,20752,15408
>p 5,90
>a 65520,15664,21248,15440
>p 5,0
>a 65520,15760,20592,15440
>p 5,90
>a 65520,15648,21008,15456
>p 5,0
>a 65520,15680,20240,15440
>p 5,90
>a 65520,15616,20720,15440
>a 65520,15712,20688,15472
>a 65520,15600,20688,15456
>a 65520,15664,20720,15408
>a 65520,15712,20784,15504
>a 65520,15680,20720,15440
>a 65520,15680,20752,15408
>a 65520,15664,20752,15488
>a 65520,15680,20752,15456
>a 65520,15664,20768,15440
>a 65520,15680,20784,15440
>a 65520,15728,20736,15392
>a 65520,15696,20768,15584
>a 65520,15680,20848,15392
>a 65520,15664,20752,15456
>a 65520,15648,20704,15392
>a 65520,15680,20768,15424
>a 65520,15664,20784,15408
>a 65520,15680,20784,15456
>a 65520,15664,20784,15440
>p 6,90
>a 65520,15648,26544,15488
>p 6,0
>a 65520,15664,21552,15328
>p 6,90
>a 65520,15632,27136,15488
>a 65520,15664,27712,15552
>a 65520,15632,28448,15504
>a 65520,15696,29024,15552
>a 65520,15680,29648,15488
>p 6,0
>a 65520,15648,25200,15456
>p 6,90
>a 65520,15600,30096,15472
>p 6,0
>a 65520,15680,25808,15440
>p 6,90
>a 65520,15648,30768,15584
>p 6,0
>a 65520,15696,26448,15472
>p 6,90
>a 65520,15680,31184,15456
>p 6,0
>a 65520,15680,27088,15456
>p 6,90
>a 65520,15696,31856,15472
>p 6,0
>a 65520,15664,27728,15456
>p 6,90
>a 65520,15696,32368,15536
>a 65520,15616,32944,15504
>p 6,0
>a 65520,15696,29104,15472
>p 6,90
>a 65520,15696,33472,15504
>p 6,0
>a 65520,15680,29744,15488
>a 65520,15616,29664,15456
>a 65520,15648,29648,15488
>a 65520,15696,29552,15504
>a 65520,15776,29648,15504
>a 65520,15680,29536,15488
>a 65520,15664,29440,15504
>a 65520,15632,29472,15520
>a 65520,15712,29472,15472
>a 65520,15792,29424,15520
>a 65520,15664,29408,15568
>a 65520,15696,29440,15504
>a 65520,15648,29360,15488
>a 65520,15760,29376,15424
>a 65520,15696,29376,15488
>a 65520,15600,29360,15472
>a 65520,15696,29392,15408
>a 65520,15648,29344,15472
>a 65520,15568,29344,15440
>a 65520,15680,29344,15504
>a 65520,15696,29392,15472
>a 65520,15664,29408,15536
>a 65520,15696,29376,15520
>a 65520,15680,29408,15552
>a 65520,15728,29328,15472
>a 65520,15728,29328,15520
>a 65520,15664,29408,15520
>a 65520,15664,29328,15456
>a 65520,15728,29328,15504
>a 65520,15696,29360,15504
>a 65520,15680,29312,15488
>a 65520,15680,29296,15504
>a 65520,15632,29296,15472
>a 65520,15696,29200,15552
>p 6,90
>a 65520,15680,33760,15536
>p 6,0
>a 65520,15648,29936,15520
>a 65520,15680,30064,15504
>a 65520,15664,30048,15504
>a 65520,15712,30032,15488
>a 65520,15696,29968,15472
>a 65520,15680,30016,15520
>a 65520,15664,29984,15520
>a 65520,15696,29904,15456
>a 65520,15776,29984,15536
>a 65520,15680,29872,15568
>a 65520,15696,29808,15488
>a 65520,15712,29952,15520
>a 65520,15680,29936,15472
>a 65520,15728,29920,15520
>a 65520,15680,29856,15504
>a 65520,15760,29904,15488
>a 65520,15776,29952,15536
>a 65520,15776,30000,15472
>a 65520,15600,29904,15504
>a 65520,15728,29936,15504
>a 65520,15696,29920,15616
>a 65520,15696,29920,15584
>a 65520,15696,29904,15488
>a 65520,15680,29920,15504
>a 65520,15664,29840,15520
>a 65520,15728,29920,15504
>a 65520,15664,29872,15504
>p 5,0
>a 65520,15664,28560,15520
>p 5,90
>a 65520,15760,29472,15488
>p 5,0
>a 65520,15776,28144,15520
>p 5,90
>a 65520,15664,29072,15456
>p 5,0
>a 65520,15680,27808,15504
>p 5,90
>a 65520,15776,28656,15504
>p 5,0
>a 65520,15712,27408,15344
>p 5,90
>a 65520,15632,28240,15392
>a 65520,15696,28288,15600
>a 65520,15664,28272,15504
>a 65520,15680,28288,15520
>a 65520,15776,28304,15440
>a 65520,15648,28320,15440
>a 65520,15680,28320,15520
>a 65520,15696,28320,15504
>a 65520,15696,28352,15456
>a 65520,15664,28336,15488
>p 5,0
>a 65520,15664,27152,15536
>a 65520,15632,26848,15408
>a 65520,15712,26368,15456
>p 5,90
>a 65520,15680,27216,15488
>p 5,0
>a 65520,15632,26032,15520
>p 5,90
>a 65520,15680,26880,15472
>p 5,0
>a 65520,15680,25728,15488
>p 5,90
>a 65520,15696,26576,15472
>p 5,0
>a 65520,15680,25408,15488
>p 5,90
>a 65520,15680,26160,15456
>a 65520,15664,26160,15488
>a 65520,15696,26240,15488
>a 65520,15664,26304,15424
>a 65520,15728,26288,15520
>a 65520,15712,26384,15584
>a 65520,15648,26208,15488
>a 65520,15696,26352,15440
>a 65520,15664,26352,15456
>a 65520,15568,26288,15488
>a 65520,15728,26384,15504
>a 65520,15728,26416,15424
>a 65520,15696,26400,15472
>a 65520,15648,26512,15504
>p 5,0
>a 65520,15680,25344,15408
>p 5,90
>a 65520,15664,26064,15552
>a 65520,15696,26128,15392
>a 65520,15712,26128,15424
>a 65520,15696,26128,15472
>a 65520,15776,26224,15536
>a 65520,15664,26160,15488
>a 65520,15712,26160,15488
>a 65520,15664,26208,15568
>a 65520,15712,26208,15456
>a 65520,15680,26240,15440
>a 65520,15696,26288,15472
>a 65520,15696,26256,15504
>a 65520,15728,26208,15584
>a 65520,15648,26224,15472
>a 65520,15680,26272,15536
>a 65520,15840,26272,15504
>a 65520,15648,26256,15424
>a 65520,15664,26256,15504
>a 65520,15712,26304,15536
>a 65520,15648,26256,15488
>a 65520,15696,26320,15472
>a 65520,15696,26208,15472
>p 4,90
>a 65520,15712,26320,15472
>a 65520,15712,26336,15488
>a 65520,15632,26272,15456
>a 65520,15712,26336,15488
>a 65520,15712,26288,15472
>a 65520,15680,26320,15488
>a 65520,15728,26288,15472
>a 65520,15696,26304,15472
>a 65520,15696,26272,15456
>a 65520,15696,26256,15472
>a 65520,15760,26288,15504
>p 7,12
>p 7,12
>p 7,13
>p 7,14
>p 7,15
>p 7,16
>a 65520,15728,26256,15440
>p 7,17
>p 7,18
>p 7,19
>p 7,20
>p 7,21
>p 7,22
>p 7,24
>p 7,26
>p 7,27
>p 7,28
>p 7,29
>a 65520,15712,26352,15456
>p 7,30
>p 7,31
>p 7,32
>p 7,33
>p 7,34
>p 6,90
>p 7,35
>a 65520,15696,29792,15504
>p 7,36
>p 7,37
>p 7,38
>p 6,0
>p 5,0
>a 65520,30400,26160,15472
>p 7,39
>p 7,40
>p 7,41
>p 5,90
>p 7,44
>a 65520,31088,26736,15456
>p 7,45
>p 5,0
>a 65520,30832,25856,15472
>p 5,90
>a 65520,27792,26640,15600
>p 5,0
>a 65520,24176,25488,15488
>p 5,90
>a 65520,30976,26288,15520
>a 65520,29088,26272,15456
>a 65520,29328,26288,15456
>a 65520,29680,26304,15408
>a 65520,29408,26272,15456
>a 65520,29584,26304,15488
>a 65520,29536,26288,15520
>p 7,42
>p 7,41
>a 65520,28176,26288,15456
>p 7,40
>a 65520,25968,26288,15488
>p 7,39
>a 65520,26368,26176,15472
>a 65520,25504,26288,15472
>a 65520,25712,26304,15504
>a 65520,25616,26256,15456
>a 65520,25680,26256,15472
>a 65520,25648,26256,15472
>a 65520,25568,26304,15440
>a 65520,25520,26256,15488
>a 65520,25568,26272,15472
>a 65520,25520,26272,15472
>a 65520,25456,26368,15504
>a 65520,25424,26368,15472
>a 65520,25456,26320,15456
>a 65520,25552,26272,15472
>a 65520,25440,26384,15536
>a 65520,25504,26256,15472
>a 65520,25472,26320,15472
>a 65520,25408,26192,15456
>a 65520,25648,26112,15488
>a 65520,25632,26224,15504
>a 65520,25520,26304,15408
>a 65520,25632,26160,15520
>a 65520,25600,26224,15504
>a 65520,25600,26272,15488
>a 65520,25616,26160,15408
>a 65520,25632,26160,15616
>a 65520,25648,26144,15488
>a 65520,25680,26176,15504
>a 65520,25712,26240,15504
>a 65520,25680,26160,15472
>a 65520,25584,26192,15440
>a 65520,25568,26160,15424
>a 65520,25632,26208,15504
>a 65520,25568,26016,15472
>a 65520,25504,26192,15488
>a 65520,25456,26160,15456
>a 65520,25520,26144,15472
>a 65520,25488,26128,15424
>a 65520,25504,26160,15472
>a 65520,25536,26160,15568
>a 65520,25440,26144,15488
>a 65520,25376,26144,15456
>a 65520,25392,26032,15456
>a 65520,25392,26048,15424
>a 65520,25504,26128,15504
>a 65520,25488,26160,15504
>a 65520,25360,26128,15472
>a 65520,25504,26080,15456
>a 65520,25456,26096,15456
>a 65520,25648,26080,15392
>a 65520,25584,26096,15472
>a 65520,25648,26128,15472
>a 65520,25616,26080,15472
>a 65520,25648,26096,15456
>a 65520,25680,26096,15472
>a 65520,25568,26096,15504
>a 65520,25632,26048,15456
>a 65520,25600,26048,15584
>a 65520,25728,26048,15472
>a 65520,25632,26112,15488
>a 65520,25552,26144,15424
>a 65520,25536,26064,15504
>a 65520,25520,26048,15472
>a 65520,25488,26032,15504
>a 65520,25520,25968,15488
>a 65520,25472,26080,15536
>a 65520,25472,26048,15456
>a 65520,25424,26048,15472
>a 65520,25568,26032,15408
>a 65520,25440,26000,15472
>a 65520,25552,26000,15488
>a 65520,25504,26128,15504
>a 65520,25600,25984,15536
>a 65520,25440,26016,15504
>a 65520,25632,26016,15568
>a 65520,25584,25968,15536
>a 65520,25680,26016,15472
>a 65520,25584,25968,15456
>a 65520,25584,26000,15456
>a 65520,25648,26000,15488
>a 65520,25680,25984,15488
>a 65520,25600,26032,15456
>a 65520,25584,25984,15456
>a 65520,25488,25936,15424
>a 65520,25632,25984,15552
>a 65520,25680,26032,15456
>a 65520,25600,25984,15456
>a 65520,25744,25888,15472
>a 65520,25616,25952,15472
>a 65520,25616,25936,15488
>a 65520,25536,25952,15472
>a 65520,25616,25888,15504
>a 65520,25504,25952,15504
>a 65520,25456,25904,15472
>a 65520,25424,25904,15392
>a 65520,25440,25952,15472
>a 65520,25440,25936,15456
>a 65520,25440,25936,15456
>a 65520,25520,25936,15520
>a 65520,25568,25920,15472
>a 65520,25584,25920,15440
>a 65520,25376,25872,15472
>a 65520,25584,26000,15488
>a 65520,25632,25904,15488
>a 65520,25568,25856,15472
>a 65520,25520,25904,15472
>a 65520,25744,25904,15456
>a 65520,25584,25856,15536
>a 65520,25680,25888,15520
>a 65520,25760,25808,15536
>a 65520,25616,25744,15472
>a 65520,25680,25904,15520
>a 65520,25568,25888,15472
>a 65520,25568,25840,15456
>a 65520,25648,25936,15456
>a 65520,25568,25872,15568
>p 4,0
>a 65520,25456,25840,15472
>a 65520,25360,25760,15408
>a 65520,25392,25856,15440
>a 65520,25552,25888,15472
>a 65520,25504,25872,15424
>a 65520,25424,25936,15456
>a 65520,25744,25888,15488
>a 65520,25632,25872,15376
>a 65520,25392,25776,15488
>a 65520,25520,25872,15472
>p 7,0
>a 65520,23088,25856,15472
>a 65520,17328,25792,15456
>a 65520,15824,25776,15552
>a 65520,15712,25776,15504
>a 65520,15712,25776,15472
>a 65520,15696,25872,15488
>a 65520,15712,25776,15488
>p 6,90
>a 65520,15712,30672,15504
>p 6,0
>p 5,0
>a 65520,15712,25520,15472
>p 5,90
>a 65520,15728,26304,15440
>a 65520,15712,26176,15424
>a 65520,15728,26256,15504
>a 65520,15712,26192,15456
>a 65520,15712,26288,15440
>a 65520,15696,26224,15408
>a 65520,15760,26224,15488
>a 65520,15760,26240,15472
>a 65520,15728,26224,15552
>a 65520,15728,26336,15504
>a 65520,15840,26256,15488
>a 65520,15712,26240,15488
>a 65520,15776,26192,15472
>a 65520,15712,26224,15504
>a 65520,15760,26208,15472
>a 65520,15712,26208,15408
>a 65520,15648,26224,15424
>a 65520,15744,26224,15456
>a 65520,15760,26176,15456
>a 65520,15696,26224,15488
>a 65520,15648,26224,15408
>a 65520,15728,26240,15536
>a 65520,15760,26400,15504
>a 65520,15744,26224,15456
>a 65520,15824,26288,15472
>a 65520,15728,26224,15472
>a 65520,15744,26224,15536
>a 65520,15776,26176,15472
>a 65520,15824,26240,15504
>a 65520,15728,26208,15472
>a 65520,15712,26144,15488
>a 65520,15712,26192,15536
>a 65520,15776,26192,15408
>a 65520,15744,26208,15504
>a 65520,15760,26224,15488
>a 65520,15744,26224,15424
>a 65520,15728,26224,15488
>a 65520,15824,26192,15472
>a 65520,15792,26240,15472
>a 65520,15760,26208,15488
>a 65520,15776,26224,15488
>a 65520,15776,26192,15472
>a 65520,15760,26224,15472
>a 65520,15872,26192,15456
>a 65520,15744,26224,15552
>a 65520,15680,26224,15472
>a 65520,15856,26224,15472
>a 65520,15744,26208,15488
>a 65520,15728,26208,15552
>a 65520,15712,26224,15504
>a 65520,15776,26288,15488
>a 65520,15728,26208,15472
>a 65520,15776,26192,15536
>a 65520,15824,26192,15472
>a 65520,15792,26224,15520
>a 65520,15744,26256,15440
>a 65520,15856,26208,15456
>a 65520,15728,26208,15472
>a 65520,15744,26192,15472
>a 65520,15728,26144,15472
>a 65520,15776,26256,15488
>a 65520,15792,26192,15568
>a 65520,15776,26304,15456
>a 65520,15760,26080,15472
>a 65520,15760,26192,15488
>a 65520,15760,26336,15408
>a 65520,15776,26208,15488
>a 65520,15744,26208,15392
>a 65520,15760,26208,15552
>a 65520,15856,26288,15552
>p 6,90
>a 65520,15776,31024,15520
>p 6,0
>a 65520,15760,26992,15504
>p 6,90
>a 65520,15744,31648,15488
>p 6,0
>a 65520,15776,27824,15552
>a 65520,15760,27680,15440
>a 65520,15744,27632,15488
>a 65520,15728,27632,15488
>a 65520,15712,27712,15472
>a 65520,15776,27696,15520
>a 65520,15776,27600,15488
>a 65520,15760,27552,15440
>a 65520,15552,27504,15488
>a 65520,15760,27632,15584
>a 65520,15680,27536,15472
>a 65520,15744,27520,15328
>a 65520,15760,27520,15472
>p 6,90
>a 65520,15760,32144,15488
>p 6,0
>a 65520,15856,28400,15440
>p 6,90
>a 65520,15728,32816,15520
>p 6,0
>a 65520,15776,28960,15488
>p 6,90
>a 65520,15824,33392,15504
>p 6,0
>a 65520,15760,29776,15472
>p 6,90
>a 65520,15760,34000,15616
>p 6,0
>a 65520,15728,30368,15472
>p 6,90
>a 65520,15728,34576,15536
>p 6,0
>a 65520,15760,31024,15504
>p 6,90
>a 65520,15760,35136,15536
>p 6,0
>a 65520,15696,31728,15504
>p 6,90
>a 65520,15760,35744,15536
>p 6,0
>a 65520,15744,32304,15520
>a 65520,15712,32240,15472
>a 65520,15776,32144,15584
>a 65520,15712,32064,15504
>p 6,90
>a 65520,15792,36224,15616
>p 6,0
>a 65520,15760,32848,15504
>a 65520,15792,32832,15520
>a 65520,15728,32832,15456
>a 65520,15712,32640,15520
>a 65520,15856,32688,15504
>a 65520,15712,32752,15600
>a 65520,15728,32624,15552
>a 65520,15792,32624,15536
>a 65520,15744,32592,15504
>a 65520,15728,32560,15504
>a 65520,15696,32416,15520
>a 65520,15776,32560,15536
>a 65520,15744,32528,15520
>a 65520,15728,32560,15552
>a 65520,15776,32560,15552
>a 65520,15744,32512,15552
>a 65520,15824,32544,15552
>a 65520,15744,32512,15504
>a 65520,15856,32544,15536
>a 65520,15776,32384,15488
>a 65520,15792,32528,15520
>a 65520,15776,32544,15488
>a 65520,15776,32496,15520
>a 65520,15840,32496,15472
>a 65520,15760,32496,15520
>a 65520,15760,32560,15520
>a 65520,15776,32480,15520
>a 65520,15776,32432,15520
>a 65520,15664,32480,15552
>a 65520,15760,32480,15472
>a 65520,15792,32480,15584
>a 65520,15760,32496,15520
>a 65520,15792,32432,15504
>a 65520,15776,32464,15520
>a 65520,15792,32496,15536
>a 65520,15792,32432,15536
>a 65520,15776,32464,15536
>a 65520,15776,32464,15376
>a 65520,15728,32464,15520
>a 65520,15792,32480,15504
>a 65520,15888,32464,15536
>a 65520,15680,32432,15552
>a 65520,15776,32480,15504
>a 65520,15776,32432,15456
>a 65520,15760,32464,15520
>a 65520,15744,32464,15520
>a 65520,15792,32464,15456
>p 7,39
>a 65520,15792,32432,15472
>a 65520,16752,32432,15456
>a 65520,25920,32496,15520
>a 65520,25904,32528,15520
>a 65520,25312,32528,15440
>a 65520,25552,32512,15552
>a 65520,25360,32480,15536
>a 65520,25648,32480,15520
>a 65520,25664,32480,15520
>a 65520,25616,32496,15536
>a 65520,25616,32496,15520
>a 65520,25424,32496,15504
>a 65520,25664,32496,15376
>a 65520,25712,32512,15552
>a 65520,25600,32496,15600
>a 65520,25648,32512,15600
>a 65520,25520,32560,15504
>a 65520,25648,32480,15456
>a 65520,25456,32512,15568
>a 65520,25536,32528,15504
>a 65520,25616,32480,15520
>a 65520,25568,32480,15536
>a 65520,25424,32544,15488
>a 65520,25632,32464,15568
>a 65520,25424,32576,15568
>a 65520,25520,32432,15584
>a 65520,25488,32464,15504
>a 65520,25520,32480,15504
>a 65520,25616,32480,15424
>a 65520,25424,32576,15520
>a 65520,25488,32400,15472
>a 65520,25440,32496,15552
>a 65520,25552,32400,15520
>a 65520,25536,32464,15536
>a 65520,25648,32496,15536
>a 65520,25584,32496,15520
>a 65520,25552,32496,15488
>a 65520,25632,32496,15536
>p 7,0
>a 65520,18640,32384,15504
>a 65520,15792,32528,15536
>a 65520,15680,32432,15488
>a 65520,15664,32400,15520
>a 65520,15648,32416,15520
>a 65520,15648,32448,15456
>a 65520,15696,32288,15520
>a 65520,15680,32368,15520
>a 65520,15760,32416,15504
>a 65520,15680,32368,15520
>a 65520,15664,32400,15488
>a 65520,15616,32336,15520
>a 65520,15696,32304,15520
>a 65520,15728,32432,15488
>a 65520,15792,32400,15504
>a 65520,15696,32416,15536
>a 65520,15664,32464,15520
>a 65520,15696,32608,15552
>a 65520,15728,32368,15440
>p 4,90
>a 65520,15712,32368,15504
>a 65520,15712,32352,15520
>a 65520,15744,32352,15536
>a 65520,15728,32336,15536
>a 65520,15712,32368,15536
>a 65520,15696,32304,15536
>a 65520,15696,32368,15520
>a 65520,15696,32240,15488
>a 65520,15712,32336,15488
>a 65520,15696,32240,15552
>a 65520,15712,32240,15536
>a 65520,15712,32208,15520
>a 65520,15728,32224,15504
>a 65520,15712,32176,15520
>a 65520,15664,32080,15552
>a 65520,15728,32176,15440
>a 65520,15648,32096,15536
>a 65520,15696,32160,15552
>a 65520,15696,32080,15520
>a 65520,15664,32176,15600
>a 65520,15696,32048,15520
>p 7,39
>p 6,90
>a 65520,15744,36096,15536
>p 6,0
>a 65520,32096,32832,15504
>a 65520,31264,32784,15392
>a 65520,30624,32912,15504
>a 65520,29872,32720,15568
>a 65520,29344,32624,15488
>a 65520,26656,32672,15520
>a 65520,24752,32560,15488
>a 65520,23744,32592,15456
>a 65520,23152,32560,15456
>a 65520,22608,32560,15488
>a 65520,22304,32560,15552
>a 65520,27248,32624,15520
>a 65520,25072,32592,15536
>a 65520,25168,32624,15616
>a 65520,26192,32544,15552
>a 65520,25424,32624,15536
>a 65520,25664,32496,15536
>a 65520,25664,32496,15504
>a 65520,25584,32544,15520
>a 65520,25712,32480,15552
>a 65520,25584,32432,15504
>a 65520,25392,32416,15488
>a 65520,25712,32496,15552
>a 65520,25648,32416,15552
>a 65520,25440,32416,15520
>a 65520,25504,32416,15648
>a 65520,25392,32512,15552
>a 65520,25440,32400,15520
>a 65520,25488,32320,15504
>a 65520,25456,32368,15552
>a 65520,25536,32304,15552
>a 65520,25440,32368,15488
>a 65520,25488,32304,15536
>a 65520,25488,32352,15520
>a 65520,25456,32288,15504
>a 65520,25568,32304,15600
>a 65520,25472,32240,15504
>a 65520,25648,32240,15456
>a 65520,25552,32256,15520
>a 65520,25728,32112,15552
>a 65520,25616,32240,15536
>a 65520,25632,32208,15504
>a 65520,25504,32208,15520
>a 65520,25616,32224,15536
>a 65520,25648,32144,15456
>p 7,40
>a 65520,25712,32224,15520
>p 7,41
>p 7,42
>p 7,45
>a 65520,28288,32176,15504
>a 65520,29728,32128,15520
>p 7,46
>a 65520,30048,32016,15504
>p 6,90
>p 7,47
>a 65520,30448,36112,15488
>p 6,0
>a 65520,31104,32976,15536
>a 65520,30976,32896,15504
>a 65520,30576,32912,15504
>a 65520,30704,32912,15520
>a 65520,30624,32896,15584
>a 65520,30704,32880,15616
>p 7,48
>p 7,49
>a 65520,32336,32896,15584
>a 65520,31712,32832,15520
>a 65520,32112,32848,15504
>a 65520,32032,32848,15536
>a 65520,32016,32912,15504
>p 7,50
>a 65520,31984,32784,15520
>p 7,51
>p 7,52
>a 65520,34896,32832,15520
>a 65520,34080,32720,15520
>a 65520,34096,32768,15472
>a 65520,34176,32768,15504
>a 65520,34304,32800,15520
>a 65520,34176,32672,15520
>p 7,51
>p 7,50
>a 65520,33392,32768,15392
>a 65520,32848,32656,15536
>a 65520,32784,32672,15504
>a 65520,32880,32688,15520
>a 65520,32864,32688,15536
>a 65520,32800,32656,15504
>a 65520,32656,32688,15568
>a 65520,32720,32736,15520
>a 65520,32688,32688,15552
>a 65520,32624,32720,15616
>a 65520,32640,32592,15520
>a 65520,32848,32688,15552
>a 65520,32656,32608,15568
>a 65520,32512,32640,15520
>a 65520,32560,32688,15504
>a 65520,32720,32608,15472
>a 65520,32736,32624,15632
>a 65520,32720,32576,15536
>a 65520,32672,32608,15504
>a 65520,32640,32720,15536
>a 65520,32656,32608,15520
>a 65520,32864,32560,15472
>a 65520,32736,32624,15504
>a 65520,32880,32560,15536
>a 65520,32976,32560,15536
>a 65520,32864,32544,15568
>a 65520,32912,32528,15520
>a 65520,32960,32544,15520
>a 65520,32880,32528,15472
>a 65520,32912,32496,15520
>a 65520,32864,32528,15552
>a 65520,32784,32528,15648
>a 65520,32928,32528,15600
>a 65520,32656,32496,15520
>a 65520,32640,32544,15536
>a 65520,32688,32416,15504
>a 65520,32688,32480,15520
>a 65520,32736,32480,15600
>a 65520,32816,32448,15520
>a 65520,32624,32432,15488
>a 65520,32640,32448,15520
>a 65520,32688,32416,15552
>a 65520,32720,32320,15520
>a 65520,32608,32304,15584
>a 65520,32640,32464,15584
>a 65520,32656,32416,15488
>a 65520,32704,32448,15488
>a 65520,32752,32432,15552
>a 65520,32672,32416,15584
>a 65520,32784,32368,15520
>a 65520,32848,32336,15520
>a 65520,32816,32416,15536
>a 65520,32912,32368,15472
>a 65520,32880,32272,15520
>a 65520,32816,32352,15536
>a 65520,32960,32336,15552
>a 65520,32832,32464,15488
>a 65520,32896,32336,15536
>a 65520,32912,32368,15568
>a 65520,32816,32336,15472
>a 65520,32768,32352,15536
>a 65520,32896,32400,15504
>a 65520,32832,32384,15520
>a 65520,32816,32320,15520
>a 65520,32656,32272,15456
>a 65520,32624,32320,15456
>a 65520,32784,32384,15520
>a 65520,32560,32304,15536
>a 65520,32592,32224,15520
>a 65520,32688,32288,15536
>a 65520,32656,32368,15504
>a 65520,32736,32272,15520
>a 65520,32704,32256,15488
>a 65520,32672,32240,15536
>a 65520,32848,32240,15552
>a 65520,32832,32160,15504
>a 65520,32688,32240,15536
>a 65520,32944,32240,15520
>a 65520,32736,32224,15520
>a 65520,32720,32224,15472
>a 65520,32896,32208,15456
>a 65520,32960,32224,15616
>a 65520,32960,32224,15536
>a 65520,32864,32176,15520
>a 65520,32976,32128,15536
>a 65520,32784,32240,15520
>a 65520,32912,32176,15632
>a 65520,32736,32192,15520
>a 65520,32688,32176,15488
>a 65520,32752,32176,15504
>a 65520,32672,32208,15520
>a 65520,32688,32160,15552
>a 65520,32688,32176,15520
>a 65520,32688,32144,15520
>a 65520,32640,32304,15504
>a 65520,32656,32144,15504
>a 65520,32624,32112,15520
>a 65520,32688,32144,15648
>a 65520,32688,32144,15536
>a 65520,32656,32128,15488
>a 65520,32736,32144,15536
>a 65520,32656,32144,15504
>a 65520,32656,32112,15536
>a 65520,32864,32112,15536
>a 65520,32864,32080,15504
>a 65520,32800,32112,15536
>a 65520,32912,32096,15632
>a 65520,33008,32096,15600
>a 65520,32864,32080,15536
>a 65520,32880,32000,15536
>p 6,90
>a 65520,32544,36000,15568
>p 6,0
>a 65520,32976,32688,15520
>a 65520,33104,32800,15392
>a 65520,32816,32816,15536
>a 65520,32864,32736,15536
>a 65520,32688,32800,15520
>p 7,0
>a 65520,31088,32720,15488
>a 65520,25104,32672,15472
>a 65520,23232,32592,15488
>a 65520,22512,32624,15536
>a 65520,22096,32592,15520
>a 65520,21824,32656,15520
>p 4,0
>a 65520,21584,32624,15536
>a 65520,18368,32544,15616
>a 65520,16064,32528,15520
>a 65520,15824,32464,15520
>a 65520,15984,32464,15536
>a 65520,15968,32528,15536
>a 65520,15824,32624,15536
>a 65520,15776,32496,15520
>a 65520,15904,32496,15472
>a 65520,15808,32464,15520
>a 65520,15856,32528,15632
>a 65520,15840,32464,15520
>a 65520,15872,32496,15520
>a 65520,15776,32512,15520
>a 65520,15776,32464,15472
>a 65520,15840,32496,15552
>a 65520,15760,32512,15520
>a 65520,15792,32496,15504
>a 65520,15776,32464,15600
>a 65520,15776,32528,15552
>a 65520,15792,32544,15552
>a 65520,15744,32496,15504
>a 65520,15760,32480,15520
>a 65520,15792,32496,15520
>a 65520,15808,32592,15536
>a 65520,15776,32512,15520
>a 65520,15744,32480,15536
>a 65520,15776,32496,15504
>a 65520,15776,32464,15504
>a 65520,15760,32496,15504
>a 65520,15792,32496,15520
>a 65520,15792,32496,15552
>a 65520,15776,32496,15472
>a 65520,15776,32496,15520
>a 65520,15792,32496,15472
>a 65520,15760,32496,15456
>a 65520,15744,32496,15552
>a 65520,15776,32480,15488
>a 65520,15760,32336,15520
>a 65520,15792,32528,15504
>a 65520,15856,32432,15584
>a 65520,15824,32480,15472
>a 65520,15776,32496,15504
>a 65520,15792,32480,15536
>a 65520,15792,32480,15424
>a 65520,15792,32528,15616
>a 65520,15792,32512,15632
>a 65520,15760,32496,15600
>a 65520,15792,32496,15488
>a 65520,15792,32496,15520
>a 65520,15760,32480,15552
>a 65520,15856,32464,15552
>a 65520,15808,32480,15488
>a 65520,15760,32368,15552
>a 65520,15792,32496,15536
>a 65520,15808,32512,15536
>a 65520,15792,32496,15504
>a 65520,15904,32496,15520
>a 65520,15792,32464,15504
>a 65520,15792,32528,15488
>a 65520,15792,32528,15536
>a 65520,15776,32496,15520
>a 65520,15792,32528,15504
>a 65520,15744,32496,15536
>a 65520,15792,32544,15584
>a 65520,15728,32480,15648
>a 65520,15744,32496,15488
>a 65520,15744,32544,15536
>a 65520,15824,32544,15536
>a 65520,15776,32560,15600
>a 65520,15872,32368,15520
>a 65520,15808,32528,15472
>a 65520,15728,32512,15552
>a 65520,15760,32464,15504
>a 65520,15760,32480,15520
>a 65520,15776,32464,15520
>a 65520,15792,32464,15424
>a 65520,15872,32592,15600
>a 65520,15808,32496,15504
>a 65520,15808,32464,15536
>a 65520,15792,32528,15552
>a 65520,15792,32448,15504
>a 65520,15776,32480,15536
>a 65520,15792,32448,15488
>p 4,90
>a 65520,15792,32480,15504
>a 65520,15904,32480,15536
>a 65520,15824,32544,15600
>a 65520,15792,32336,15488
>a 65520,15808,32400,15504
>a 65520,15824,32368,15536
>a 65520,15808,32368,15488
>a 65520,15920,32320,15616
>a 65520,15904,32304,15520
>a 65520,15824,32336,15536
>a 65520,15728,32336,15616
>a 65520,15824,32272,15504
>a 65520,15808,32240,15568
>p 4,0
>a 65520,15776,32192,15536
>a 65520,15824,32240,15504
>a 65520,15856,32224,15520
>a 65520,15792,32416,15504
>a 65520,15824,32192,15536
>a 65520,15808,32288,15504
>a 65520,15792,32256,15600
>a 65520,15824,32240,15520
>a 65520,15792,32272,15536
>a 65520,15744,32272,15536
>a 65520,15984,32304,15616
>a 65520,15792,32240,15504
>a 65520,15824,32240,15488
>a 65520,15840,32304,15552
>a 65520,15808,32208,15520
>a 65520,15824,32288,15536
>a 65520,15824,32368,15536
>a 65520,15792,32208,15504
>a 65520,15856,32272,15520
>a 65520,15792,32256,15536
>a 65520,15840,32304,15648
>a 65520,15808,32336,15552
>a 65520,15808,32304,15520
>a 65520,15696,32304,15616
>a 65520,15824,32128,15520
>p 6,90
>a 65520,15744,36320,15552
>a 65520,15808,37056,15520
>a 65520,15808,37648,15520
>a 65520,15936,38304,15552
>a 65520,15776,38896,15680
>a 65520,15712,39616,15568
>a 65520,15744,40080,15568
>p 6,0
>a 65520,15856,37216,15648
>p 6,90
>a 65520,15824,40624,15584
>p 6,0
>a 65520,15760,37728,15552
>p 6,90
>a 65520,15792,41072,15568
>p 6,0
>a 65520,15824,38352,15568
>p 6,90
>a 65520,15840,41744,15584
>p 6,0
>a 65520,15808,38960,15648
>p 6,90
>a 65520,15824,42192,15664
>p 6,0
>a 65520,15888,39376,15568
>p 6,90
>a 65520,15792,42768,15584
>p 6,0
>a 65520,15792,40096,15536
>a 65520,15856,40032,15552
>a 65520,15824,39888,15600
>a 65520,15824,39920,15600
>a 65520,15776,39856,15520
>a 65520,15792,39840,15584
>a 65520,15776,39792,15536
>a 65520,15792,39792,15616
>a 65520,15792,39792,15568
>a 65520,15776,39760,15504
>a 65520,15840,39728,15536
>p 6,90
>a 65520,15824,42992,15600
>p 6,0
>a 65520,15760,40384,15568
>a 65520,15856,40416,15456
>a 65520,15808,40352,15600
>a 65520,15792,40272,15536
>a 65520,15616,40400,15568
>p 4,90
>a 65520,15792,40256,15584
>a 65520,15808,40160,15584
>a 65520,15792,40144,15552
>a 65520,15808,40128,15568
>a 65520,15792,40096,15584
>a 65520,15760,40048,15488
>a 65520,15824,40032,15584
>a 65520,15792,39984,15440
>a 65520,15840,39984,15600
>a 65520,15808,39936,15536
>a 65520,15840,39984,15584
>a 65520,15792,39824,15584
>a 65520,15920,39840,15584
>a 65520,15808,39840,15536
>a 65520,15840,39792,15536
>a 65520,15856,39792,15584
>a 65520,15824,39728,15648
>p 6,90
>a 65520,15920,42928,15600
>p 6,0
>a 65520,15840,40432,15584
>a 65520,15920,40336,15568
>a 65520,15856,40320,15664
>a 65520,15776,40368,15600
>a 65520,15936,40240,15520
>a 65520,15760,40272,15584
>a 65520,15824,40144,15568
>a 65520,15808,40160,15552
>a 65520,15728,40160,15584
>a 65520,15792,40096,15584
>a 65520,15824,40048,15568
>a 65520,15840,40048,15552
>p 4,0
>a 65520,15792,40000,15616
>a 65520,15792,40048,15568
>a 65520,15728,40048,15664
>a 65520,15840,40048,15536
>a 65520,15920,40048,15648
>a 65520,15808,40032,15568
>a 65520,15824,40032,15568
>a 65520,15808,40048,15584
>a 65520,15840,40000,15536
>a 65520,15776,40048,15568
>a 65520,15840,40048,15520
>a 65520,15968,40048,15568
>a 65520,15840,40048,15584
>a 65520,15840,40000,15536
>a 65520,15824,39952,15536
>p 4,90
>a 65520,15840,40000,15632
>a 65520,15792,39968,15568
>a 65520,15856,39920,15552
>a 65520,15856,39840,15568
>a 65520,15840,39888,15552
>a 65520,15824,39824,15552
>a 65520,15824,39840,15568
>a 65520,15872,39824,15568
>a 65520,15920,39776,15584
>a 65520,15840,39728,15568
>p 6,90
>a 65520,15840,42928,15584
>p 6,0
>a 65520,15792,40416,15584
>a 65520,15856,40336,15568
>p 7,50
>a 65520,15824,40368,15648
>a 65520,43664,40496,15584
>a 65520,41792,40592,15648
>a 65520,40608,40432,15568
>a 65520,39536,40432,15584
>a 65520,36704,40368,15568
>a 65520,32480,40336,15568
>a 65520,29424,40304,15552
>a 65520,27952,40256,15632
>a 65520,29184,40336,15568
>a 65520,34336,40256,15584
>a 65520,30688,40240,15584
>a 65520,33904,40288,15568
>a 65520,32400,40208,15584
>a 65520,33104,40160,15648
>a 65520,32800,40176,15584
>a 65520,32928,40112,15488
>a 65520,32816,40112,15600
>a 65520,32928,40144,15664
>a 65520,32832,40128,15568
>a 65520,32800,40080,15552
>a 65520,32896,40080,15664
>a 65520,32544,40048,15568
>a 65520,32720,40032,15664
>a 65520,32752,40016,15584
>a 65520,32688,40032,15600
>a 65520,32736,39968,15520
>a 65520,32784,40080,15552
>a 65520,32688,40048,15536
>a 65520,32656,40016,15584
>a 65520,32624,39904,15488
>a 65520,32752,39920,15584
>a 65520,32592,39920,15552
>a 65520,32672,39888,15472
>p 6,90
>a 65520,32048,43008,15584
>p 6,0
>a 65520,33536,40608,15536
>a 65520,32176,40560,15520
>a 65520,33184,40496,15568
>a 65520,32560,40608,15664
>a 65520,32912,40432,15488
>a 65520,32864,40496,15568
>a 65520,32848,40528,15584
>a 65520,32912,40352,15600
>a 65520,32848,40368,15552
>a 65520,32912,40368,15584
>a 65520,32832,40384,15584
>a 65520,32928,40288,15568
>a 65520,32720,40320,15584
>a 65520,32800,40320,15568
>a 65520,32848,40208,15520
>a 65520,32944,40272,15424
>a 65520,32832,40272,15552
>a 65520,32688,40272,15520
>a 65520,32640,40240,15552
>a 65520,32704,40240,15584
>a 65520,32576,40144,15536
>a 65520,32720,40208,15584
>a 65520,32624,40192,15536
>a 65520,32688,40176,15728
>a 65520,32624,40176,15584
>a 65520,32624,40208,15520
>a 65520,32672,40080,15664
>a 65520,32688,40096,15600
>a 65520,32752,40080,15536
>a 65520,32880,40064,15584
>a 65520,32688,40048,15568
>a 65520,32688,40048,15520
>a 65520,32896,40016,15568
>a 65520,32720,40032,15600
>a 65520,32896,40096,15584
>a 65520,32640,39984,15648
>a 65520,32976,39920,15568
>a 65520,32896,39920,15616
>a 65520,32848,40016,15664
>a 65520,32944,39968,15568
>a 65520,32752,39920,15568
>a 65520,32864,39888,15568
>a 65520,32752,39952,15568
>a 65520,32976,39840,15568
>a 65520,32656,39840,15552
>a 65520,32656,39824,15552
>a 65520,32640,39840,15568
>a 65520,32688,39808,15568
>a 65520,32544,39744,15568
>a 65520,32688,39792,15584
>a 65520,32672,39808,15568
>a 65520,32656,39744,15568
>p 4,0
>a 65520,31344,39680,15552
>p 6,90
>a 65520,32352,42768,15536
>p 6,0
>a 65520,32816,40464,15584
>a 65520,32992,40496,15584
>a 65520,32768,40464,15584
>a 65520,32864,40464,15536
>a 65520,32928,40432,15568
>a 65520,32816,40384,15568
>a 65520,32912,40448,15584
>p 7,0
>a 65520,26992,40320,15664
>a 65520,19344,40432,15568
>a 65520,16304,40336,15568
>a 65520,15728,40288,15616
>a 65520,15840,40272,15568
>a 65520,15776,40320,15568
>a 65520,15648,40224,15552
>a 65520,15808,40288,15552
>a 65520,15824,40272,15552
>a 65520,15792,40288,15568
>a 65520,15792,40304,15552
>a 65520,15776,40368,15536
>a 65520,15776,40272,15552
>a 65520,15728,40272,15568
>a 65520,15904,40336,15600
>a 65520,15824,40272,15584
>a 65520,15808,40272,15520
>a 65520,15760,40272,15568
>p 6,90
>a 65520,15808,43504,15584
>p 6,0
>a 65520,15808,41024,15584
>a 65520,15792,40928,15616
>a 65520,15856,41040,15568
>a 65520,15808,40976,15536
>a 65520,15792,40928,15552
>a 65520,15680,40912,15584
>a 65520,15808,40928,15648
>a 65520,15824,40912,15680
>p 5,0
>a 65520,15792,39168,15536
>a 65520,15792,38560,15456
>a 65520,15744,38016,15568
>a 65520,15792,37536,15568
>a 65520,15824,37040,15552
>a 65520,15776,36560,15472
>a 65520,15792,36112,15504
>a 65520,15824,35680,15568
>a 65520,15792,35232,15536
>a 65520,15776,34816,15536
>a 65520,15824,34352,15536
>a 65520,15792,34080,15552
>a 65520,15824,33616,15536
>a 65520,15792,33168,15712
>a 65520,15792,32800,15344
>a 65520,15792,32416,15616
>a 65520,15808,32016,15504
>a 65520,15824,31824,15504
>a 65520,15792,31312,15488
>a 65520,15792,31008,15440
>a 65520,15808,30704,15536
>a 65520,15808,30320,15392
>a 65520,15840,29936,15440
>a 65520,15936,29792,15536
>a 65520,15792,29408,15504
>a 65520,15792,29040,15472
>a 65520,15824,28816,15488
>a 65520,15792,28480,15584
>a 65520,15776,28192,15520
>a 65520,15808,28016,15488
>a 65520,15824,27600,15552
>a 65520,15808,27408,15488
>a 65520,15808,27072,15504
>a 65520,15824,26832,15424
>a 65520,15872,26560,15584
>a 65520,15792,26304,15520
>a 65520,15792,26144,15456
>a 65520,15776,25808,15456
>a 65520,15808,25600,15456
>a 65520,15728,25424,15440
>p 5,90
>a 65520,15888,26256,15456
>p 5,0
>a 65520,15792,25248,15472
>p 5,90
>p 4,90
>a 65520,15776,26160,15504
>p 5,0
>a 65520,15792,25088,15376
>p 5,90
>a 65520,15808,25888,15472
>p 5,0
>a 65520,15824,24896,15488
>p 5,90
>a 65520,15808,25616,15600
>p 5,0
>a 65520,15760,24656,15568
>p 5,90
>a 65520,15760,25472,15440
>a 65520,15824,25568,15392
>p 5,0
>a 65520,15792,24544,15456
>p 5,90
>a 65520,15840,25296,15488
>a 65520,15792,25376,15456
>a 65520,15808,25488,15472
>a 65520,15856,25392,15472
>a 65520,15888,25552,15456
>a 65520,15824,25520,15408
>a 65520,15808,25568,15456
>p 5,0
>a 65520,15776,24544,15472
>p 5,90
>a 65520,15824,25328,15520
>a 65520,15760,25344,15488
>a 65520,15808,25376,15472
>a 65520,15808,25456,15488
>a 65520,15712,25472,15472
>a 65520,15824,25488,15488
>a 65520,15760,25488,15568
>a 65520,15792,25520,15456
>a 65520,15840,25536,15552
>a 65520,15824,25584,15440
>p 5,0
>a 65520,15824,24544,15472
>p 5,90
>a 65520,15840,25296,15472
>a 65520,15904,25296,15472
>a 65520,15840,25360,15360
>a 65520,15872,25360,15568
>a 65520,15824,25376,15472
>a 65520,15792,25376,15440
>a 65520,15760,25424,15440
>a 65520,15824,25376,15472
>a 65520,15824,25424,15488
>a 65520,15824,25600,15472
>p 5,0
>a 65520,15760,24464,15456
>p 5,90
>a 65520,15792,25200,15472
>a 65520,15936,25168,15472
>a 65520,15824,25168,15536
>a 65520,15840,25296,15472
>a 65520,15840,25200,15504
>a 65520,15808,25200,15488
>a 65520,15824,25216,15408
>a 65520,15888,25200,15456
>a 65520,15840,25280,15472
>a 65520,15840,25232,15456
>a 65520,15840,25232,15456
>a 65520,15808,25264,15536
>a 65520,15840,25296,15472
>a 65520,15904,25264,15472
>a 65520,15840,25216,15472
>a 65520,15856,25264,15488
>a 65520,15824,25248,15408
>a 65520,15840,25312,15456
>a 65520,15840,25296,15472
>a 65520,15904,25312,15456
>a 65520,15888,25376,15440
>a 65520,15776,25296,15536
>a 65520,15824,25280,15456
>a 65520,15840,25376,15424
>p 5,0
>a 65520,15856,24288,15456
>a 65520,15808,23920,15456
>a 65520,15776,23696,15456
>a 65520,15840,23408,15456
>a 65520,15824,23184,15456
>a 65520,15728,22960,15456
>a 65520,15824,22816,15472
>a 65520,15840,22480,15456
>a 65520,15856,22272,15456
>a 65520,15824,22000,15440
>a 65520,15840,21792,15408
>a 65520,15776,21600,15360
>a 65520,15856,21360,15424
>a 65520,15824,21248,15456
>a 65520,15824,21104,15440
>a 65520,15792,20800,15392
>a 65520,15856,20640,15424
>a 65520,15808,20416,15424
>a 65520,15824,20336,15440
>a 65520,15840,20192,15520
>a 65520,15856,19984,15440
>a 65520,15856,19888,15424
>a 65520,15872,19696,15344
>a 65520,15856,19536,15360
>a 65520,15840,19360,15440
>a 65520,15824,19216,15408
>a 65520,15824,19040,15440
>a 65520,15904,18976,15328
>a 65520,15792,18912,15280
>a 65520,15824,18736,15408
>a 65520,15824,18592,15280
>a 65520,15840,18512,15424
>a 65520,15840,18384,15472
>a 65520,15888,18384,15456
>a 65520,15840,18160,15424
>a 65520,15808,18048,15376
>a 65520,15856,17968,15424
>a 65520,15856,17904,15440
>a 65520,15856,17760,15408
>a 65520,15808,17680,15424
>a 65520,15840,17600,15392
>a 65520,15840,17456,15408
>a 65520,15824,17424,15424
>a 65520,15824,17456,15392
>a 65520,15808,17232,15392
>a 65520,15824,17152,15424
>p 5,90
>a 65520,15872,17488,15424
>p 5,0
>a 65520,15920,17136,15408
>p 5,90
>a 65520,15824,17360,15408
>p 5,0
>a 65520,15856,17088,15344
>p 5,90
>a 65520,15824,17344,15376
>p 5,0
>a 65520,15856,17056,15344
>a 65520,15920,16944,15328
>p 5,90
>a 65520,15856,17184,15424
>a 65520,15888,17216,15408
>p 5,0
>a 65520,15968,16992,15408
>p 5,90
>a 65520,15856,17168,15392
>a 65520,15840,17200,15344
>a 65520,15952,17328,15408
>p 5,0
>a 65520,15856,16928,15392
>p 5,90
>a 65520,15872,17168,15376
>a 65520,15920,17184,15440
>a 65520,15856,17152,15392
>a 65520,15968,17248,15424
>p 5,0
>a 65520,15888,16960,15440
>p 5,90
>a 65520,15872,17152,15408
>a 65520,15888,17168,15408
>a 65520,15904,17200,15440
>a 65520,15968,17232,15424
>p 5,0
>a 65520,15920,16928,15376
>p 5,90
>a 65520,15856,17104,15424
>a 65520,15904,17136,15408
>a 65520,15776,17136,15440
>a 65520,15888,17152,15408
>a 65520,15888,17120,15376
>a 65520,15920,17216,15408
>p 5,0
>a 65520,15920,16880,15440
>p 5,90
>a 65520,15952,17120,15440
>a 65520,15904,17216,15440
>p 5,0
>a 65520,15776,16832,15408
>p 5,90
>a 65520,15952,17088,15312
>a 65520,15920,17072,15440
>a 65520,15824,17104,15424
>a 65520,15904,17104,15424
>a 65520,15920,17088,15408
>a 65520,15920,17072,15360
>a 65520,15936,17104,15408
>a 65520,15936,17088,15392
>a 65520,15968,17136,15488
>a 65520,15936,17120,15488
>a 65520,15920,17152,15408
>a 65520,15936,17168,15392
>a 65520,16016,17136,15408
>a 65520,15888,17168,15424
>a 65520,15952,17200,15408
>a 65520,15904,17152,15328
>a 65520,15888,17120,15536
>a 65520,15920,17200,15424
>a 65520,15920,17184,15440
>a 65520,15936,17168,15376
>a 65520,15920,17168,15344
>a 65520,15904,17136,15392
>a 65520,15904,17136,15392
>a 65520,15968,17216,15408
>p 5,0
>a 65520,15920,17040,15440
>p 5,90
>a 65520,15968,17136,15440
>a 65520,15952,17072,15344
>a 65520,15968,17072,15408
>p 7,49
>p 7,49
>p 7,48
>p 7,47
>p 7,46
>p 7,45
>a 65520,23312,17136,15408
>p 7,44
>p 7,42
>p 7,41
>p 7,40
>p 7,39
>p 7,38
>a 65520,29008,17184,15344
>p 7,37
>p 7,36
>p 7,35
>a 65520,18704,17152,15392
>p 7,34
>p 7,33
>p 7,32
>a 65520,22224,17216,15344
>p 5,0
>a 65520,20544,16864,15424
>p 5,90
>p 7,33
>a 65520,22096,17072,15408
>a 65520,21552,17184,15424
>a 65520,21840,17072,15408
>a 65520,21680,17120,15376
>a 65520,21712,17072,15392
>a 65520,21664,17056,15344
>a 65520,21616,17184,15408
>a 65520,21648,17040,15312
>a 65520,21584,17024,15392
>a 65520,21504,17168,15376
>a 65520,21552,17168,15408
>a 65520,21632,17136,15520
>a 65520,21664,17104,15408
>a 65520,21584,17088,15344
>a 65520,21552,17136,15424
>a 65520,21488,17152,15392
>a 65520,21568,17072,15472
>a 65520,21520,17104,15392
>a 65520,21600,17152,15472
>a 65520,21552,17152,15344
>a 65520,21616,17216,15344
>p 5,0
>a 65520,21616,16848,15440
>p 5,90
>a 65520,21536,17040,15392
>a 65520,21744,17056,15456
>a 65520,21760,17008,15456
>p 6,90
>a 65520,21232,23376,15440
>p 6,0
>p 5,0
>a 65520,22064,17456,15424
>a 65520,21856,17264,15376
>a 65520,21664,17120,15424
>p 5,90
>a 65520,21744,17328,15456
>p 5,0
>a 65520,21712,17104,15376
>p 5,90
>a 65520,21728,17232,15408
>p 5,0
>a 65520,21664,16944,15408
>p 5,90
>a 65520,21680,17088,15472
>a 65520,21712,17104,15392
>a 65520,21600,17216,15408
>p 5,0
>a 65520,21424,16848,15392
>p 5,90
>a 65520,21600,17040,15408
>a 65520,21536,17168,15440
>a 65520,21536,17216,15408
>p 5,0
>a 65520,21472,16752,15408
>p 5,90
>a 65520,21536,16944,15376
>a 65520,21520,16912,15312
>a 65520,21568,16944,15488
>p 7,0
>a 65520,18384,16912,15392
>a 65520,15792,16928,15568
>a 65520,15696,16944,15504
>a 65520,15696,16944,15424
>a 65520,15664,16896,15392
>a 65520,15680,16896,15392
>a 65520,15680,16896,15376
>a 65520,15648,16896,15424
>a 65520,15680,16976,15376
>a 65520,15696,16944,15424
>a 65520,15712,17040,15376
>a 65520,15632,16864,15392
>a 65520,15664,16928,15440
>a 65520,15696,16928,15392
>a 65520,15680,16896,15424
>a 65520,15680,16992,15328
>a 65520,15696,16928,15312
>a 65520,15680,16944,15440
>a 65520,15696,16848,15440
>a 65520,15728,16944,15392
>a 65520,15776,16928,15408
>a 65520,15792,17024,15392
>a 65520,15840,17008,15376
>a 65520,15744,16928,15408
>a 65520,15712,16928,15392
>a 65520,15840,16928,15392
>a 65520,15824,16928,15424
>a 65520,15824,16912,15408
>a 65520,15936,16944,15344
>a 65520,15856,16912,15424
>a 65520,15920,16928,15408
>a 65520,15856,16912,15472
>a 65520,15840,16896,15376
>a 65520,15856,16912,15392
>a 65520,15856,16896,15344
>a 65520,15824,16912,15472
>a 65520,15888,16896,15376
>a 65520,15904,16944,15424
>a 65520,15856,16928,15392
>a 65520,15808,16848,15344
>a 65520,15856,16912,15408
>a 65520,15888,16944,15328
>a 65520,15872,16960,15392
>a 65520,15888,16944,15408
>a 65520,16080,17008,15408
>a 65520,15936,16944,15344
>a 65520,15920,16944,15376
>a 65520,15888,16912,15408
>a 65520,15888,16912,15408
>a 65520,15856,17008,15488
>a 65520,15840,16912,15392
>a 65520,15968,16928,15376
>a 65520,15840,17056,15408
>a 65520,15824,16912,15440
>a 65520,15936,16912,15360
>a 65520,15840,16928,15472
>a 65520,15920,16928,15408
>a 65520,15840,16928,15360
>a 65520,15920,16912,15424
>a 65520,15888,16896,15408
>a 65520,15904,16944,15504
>a 65520,15936,16928,15376
>a 65520,15920,17056,15520
>a 65520,16000,16896,15392
>a 65520,15792,16912,15408
>a 65520,15920,16928,15424
>a 65520,15920,16864,15376
>a 65520,15904,16912,15456
>a 65520,15760,16928,15424
>a 65520,15920,16912,15424
>a 65520,15888,16896,15408
>a 65520,15872,16912,15408
>a 65520,15968,16928,15424
>a 65520,15904,16976,15392
>a 65520,15920,16928,15312
>a 65520,15936,16864,15360
>a 65520,15856,17008,15504
>a 65520,15920,16800,15440
>a 65520,15904,16896,15376
>a 65520,15840,16896,15424
>a 65520,15936,16928,15392
>a 65520,15888,16912,15408
>a 65520,15840,16896,15408
>a 65520,15904,16928,15376
>a 65520,15904,16880,15408
>a 65520,15888,16880,15376
>a 65520,15792,16928,15376
>a 65520,15920,16896,15408
>a 65520,15872,16912,15392
>a 65520,15856,16848,15392
>a 65520,15904,16736,15408
>a 65520,15872,16928,15424
>a 65520,15888,16880,15408
>a 65520,15904,16928,15408
>a 65520,15872,16976,15392
>a 65520,15856,16896,15392
>a 65520,15904,16864,15408
>a 65520,15904,16896,15408
>a 65520,15904,16912,15392
>a 65520,15984,16928,15360
>a 65520,15904,16864,15344
>a 65520,15904,16896,15376
>a 65520,15920,16896,15424
>a 65520,15920,16736,15344
>a 65520,15920,16912,15344
>a 65520,16016,16992,15392
>a 65520,15920,16880,15376
>a 65520,16016,16896,15408
>a 65520,15840,16816,15408
>a 65520,15936,16880,15424
>a 65520,15984,16880,15408
>a 65520,15856,16896,15376
>a 65520,15904,16864,15504
>a 65520,15856,16976,15392
>a 65520,15888,16816,15408
>a 65520,15856,16880,15408
>a 65520,15952,16896,15376
>a 65520,15904,16864,15408
>a 65520,15824,16752,15392
>a 65520,15888,16896,15424
>a 65520,15904,16880,15392
>a 65520,15904,16896,15392
>a 65520,15872,16864,15408
>a 65520,15888,16896,15376
>a 65520,15840,16864,15376
>a 65520,16016,16848,15408
>a 65520,15856,16896,15408
>a 65520,15856,16848,15408
>a 65520,15920,16960,15424
>a 65520,15856,16896,15408
>a 65520,15888,16848,15376
>a 65520,15904,16960,15488
>a 65520,15824,16848,15328
>a 65520,15920,16848,15424
>a 65520,15840,16896,15408
>a 65520,15888,16864,15392
>a 65520,15872,16848,15376
>a 65520,15904,16816,15504
>a 65520,15920,16912,15376
>a 65520,15968,16832,15392
>a 65520,16016,16896,15456
>a 65520,15856,16832,15440
>a 65520,15904,16848,15408
>a 65520,15904,16848,15424
>a 65520,15856,16832,15344
>a 65520,15888,16816,15344
>a 65520,15968,16880,15424
>a 65520,15888,16832,15376
>a 65520,15888,16864,15424
>a 65520,15872,16848,15408
>a 65520,15856,16848,15408
>a 65520,15904,16864,15408
>a 65520,15888,16816,15360
>a 65520,15888,16848,15376
>a 65520,15856,16960,15424
>a 65520,15904,16848,15488
>a 65520,15888,16848,15488
>a 65520,15792,16832,15472
>a 65520,15856,16864,15424
>a 65520,15872,16816,15392
>a 65520,15920,16816,15376
>a 65520,15888,16784,15408
>a 65520,15824,16832,15376
>a 65520,15840,16800,15392
>a 65520,15808,16848,15392
>a 65520,15888,16816,15360
>a 65520,15776,16864,15376
>a 65520,15840,16848,15472
>a 65520,15840,16848,15424
>a 65520,15856,16832,15264
>a 65520,15952,16960,15472
>a 65520,15840,16768,15344
>a 65520,15824,16816,15472
>a 65520,15856,16912,15408
>a 65520,15856,16800,15360
>a 65520,15856,16848,15392
>a 65520,15888,16848,15488
>a 65520,15920,16832,15424
>a 65520,15824,16816,15456
>a 65520,15872,16768,15392
>a 65520,15872,16832,15408
>a 65520,15856,16848,15360
>a 65520,15824,16816,15408
>a 65520,15856,16816,15536
>a 65520,15856,16832,15392
>a 65520,15856,16912,15360
>a 65520,15840,16816,15408
>a 65520,15920,16816,15328
>a 65520,15936,16832,15424
>a 65520,15888,16816,15408
>a 65520,15840,16736,15280
>a 65520,15888,16912,15408
>a 65520,15856,16784,15392
>a 65520,15824,16784,15424
>a 65520,15808,16816,15392
>a 65520,15888,16832,15408
>a 65520,15952,16864,15296
>a 65520,15856,16896,15344
>a 65520,15872,16800,15424
>a 65520,15856,16816,15408
>a 65520,15872,16896,15392
>a 65520,16016,16816,15344
>a 65520,15888,16816,15408
>a 65520,15904,16848,15424
>a 65520,15872,16784,15328
>a 65520,15888,16816,15376
>a 65520,15872,16912,15488
>a 65520,15888,16768,15376
>a 65520,15888,16816,15328
>a 65520,15856,16784,15392
>a 65520,15856,16784,15376
>a 65520,15904,16832,15360
>a 65520,15856,16816,15408
>a 65520,15856,16800,15424
>a 65520,15904,16800,15344
>a 65520,15872,16800,15408
>a 65520,15888,16816,15376
>a 65520,15808,16816,15360
>a 65520,15888,16800,15392
>a 65520,15920,16784,15392
>a 65520,15968,16768,15344
>a 65520,15968,16896,15296
>a 65520,15888,16800,15440
>a 65520,15824,16768,15472
>a 65520,15888,16752,15440
>a 65520,15840,16960,15408
>a 65520,15856,16832,15376
>a 65520,15824,16752,15424
>a 65520,15856,16784,15312
>a 65520,15888,16784,15408
>a 65520,15840,16768,15328
>a 65520,15904,16784,15344
>a 65520,15872,16800,15408
>a 65520,15856,16752,15440
>a 65520,15984,16816,15504
>a 65520,15856,16768,15392
>a 65520,15920,16752,15408
>a 65520,15904,16784,15424
>a 65520,15872,16768,15392
>a 65520,15856,16752,15344
>a 65520,15840,16768,15376
>a 65520,15872,16784,15360
>a 65520,15904,16800,15408
>a 65520,15888,16752,15408
>a 65520,15840,16768,15408
>a 65520,15888,16688,15392
>a 65520,15888,16736,15424
>a 65520,15824,16640,15408
>a 65520,15856,16864,15408
>a 65520,15904,16832,15392
>a 65520,15888,16848,15392
>a 65520,15888,16768,15232
>a 65520,15856,16768,15392
>a 65520,15856,16720,15392
>a 65520,15904,16752,15408
>a 65520,15904,16752,15456
>a 65520,15952,16768,15424
>a 65520,15872,16752,15392
>a 65520,15888,16768,15408
>a 65520,15888,16768,15392
>a 65520,15840,16720,15408
>a 65520,15904,16720,15264
>a 65520,15872,16784,15456
>a 65520,15904,16704,15392
>a 65520,15856,16832,15392
>a 65520,15840,16736,15392
>a 65520,15888,16752,15376
>a 65520,15856,16736,15392
>a 65520,15888,16784,15376
>a 65520,15888,16736,15488
>a 65520,15872,16736,15408
>a 65520,15888,16736,15408
>a 65520,15904,16752,15424
>a 65520,15920,16752,15408
>a 65520,15840,16720,15408
>a 65520,15888,16752,15408
>a 65520,15952,16768,15408
>a 65520,15888,16752,15424
>a 65520,15936,16688,15392
>a 65520,15904,16752,15520
>a 65520,15920,16752,15536
>a 65520,15904,16736,15424
>a 65520,15920,16688,15344
>a 65520,15792,16736,15376
>a 65520,15920,16752,15408
>a 65520,15840,16736,15408
>a 65520,15888,16864,15424
>a 65520,15904,16736,15328
>a 65520,15904,16688,15360
>a 65520,15920,16672,15456
>a 65520,15856,16816,15392
>a 65520,15856,16720,15408
>a 65520,15776,16704,15488
>a 65520,15904,16752,15408
>a 65520,15904,16672,15328
>a 65520,15904,16720,15376
>a 65520,15776,16752,15392
>a 65520,15856,16736,15424
>a 65520,15840,16688,15408
>a 65520,15792,16736,15408
>a 65520,15984,16720,15408
>a 65520,15888,16752,15392
>a 65520,16016,16736,15344
>a 65520,15904,16752,15504
>a 65520,15936,16736,15424
>a 65520,15728,16640,15456
>a 65520,15856,16720,15392
>a 65520,15888,16720,15376
>a 65520,15888,16720,15392
>a 65520,15968,16720,15440
>a 65520,15904,16720,15408
>a 65520,15888,16688,15472
>a 65520,15904,16704,15408
>a 65520,15856,16704,15504
>a 65520,15872,16816,15488
>a 65520,15888,16736,15440
>a 65520,15888,16736,15424
>a 65520,15856,16704,15408
>a 65520,15888,16720,15392
>a 65520,15984,16720,15424
>a 65520,15904,16736,15376
>a 65520,15920,16720,15376
>a 65520,15904,16704,15408
>a 65520,15824,16736,15376
>a 65520,15904,16704,15488
>a 65520,15904,16656,15392
>a 65520,15808,16720,15344
>a 65520,15904,16704,15392
>a 65520,15904,16672,15504
>a 65520,15904,16720,15408
>a 65520,15856,16704,15408
>a 65520,15856,16704,15424
>a 65520,15872,16752,15424
>a 65520,15904,16704,15504
>a 65520,15904,16688,15392
>a 65520,15824,16704,15344
>a 65520,15904,16688,15408
>a 65520,15904,16720,15376
>a 65520,15920,16688,15392
>a 65520,15856,16720,15376
>a 65520,15856,16688,15392
>a 65520,15888,16704,15408
>a 65520,15920,16704,15376
>a 65520,15920,16656,15408
>a 65520,15904,16688,15424
>a 65520,15744,16672,15408
>a 65520,15920,16688,15376
>a 65520,15904,16800,15424
>a 65520,15856,16672,15392
>a 65520,15872,16720,15424
>a 65520,15888,16688,15392
>a 65520,15872,16672,15408
>a 65520,15888,16640,15392
>a 65520,16000,16688,15392
>a 65520,15920,16672,15408
>a 65520,15856,16672,15392
>a 65520,15872,16704,15568
>a 65520,15872,16688,15488
>a 65520,15872,16688,15392
>a 65520,15904,16688,15472
>a 65520,15888,16704,15408
>a 65520,15888,16672,15408
>a 65520,15888,16752,15392
>a 65520,15728,16688,15392
>a 65520,15904,16672,15392
>a 65520,15840,16640,15344
>a 65520,15856,16656,15264
>a 65520,15872,16672,15392
>a 65520,15856,16656,15344
>a 65520,15872,16656,15408
>a 65520,15872,16704,15392
>a 65520,15904,16688,15424
>a 65520,15888,16672,15408
>a 65520,15856,16704,15424
>a 65520,15904,16672,15424
>a 65520,15856,16672,15408
>a 65520,15776,16656,15408
>a 65520,15904,16640,15392
>a 65520,15888,16688,15504
>a 65520,15840,16768,15488
>a 65520,15856,16688,15392
>a 65520,15920,16688,15408
>a 65520,15856,16640,15344
>a 65520,15856,16672,15392
>a 65520,15952,16752,15408
>a 65520,15888,16720,15392
>a 65520,15872,16672,15392
>a 65520,15840,16656,15344
>a 65520,15856,16672,15440
>a 65520,15856,16672,15408
>a 65520,15888,16672,15344
>a 65520,15808,16672,15488
>a 65520,15856,16672,15392
>a 65520,15856,16640,15344
>a 65520,15824,16624,15376
>a 65520,15888,16640,15392
>a 65520,15920,16624,15488
>a 65520,15872,16672,15360
>a 65520,15856,16624,15376
>a 65520,15824,16576,15392
>a 65520,15888,16640,15408
>a 65520,15824,16640,15408
>a 65520,15872,16608,15424
>a 65520,15888,16736,15392
>a 65520,15904,16656,15376
>a 65520,15792,16640,15408
>a 65520,15808,16640,15424
>a 65520,15856,16640,15280
>a 65520,15840,16608,15344
>a 65520,15840,16640,15456
>a 65520,15856,16640,15376
>a 65520,15888,16576,15312
>a 65520,15856,16656,15424
>a 65520,15872,16624,15280
>a 65520,15856,16640,15376
>a 65520,15856,16640,15408
>a 65520,15872,16656,15408
>a 65520,15856,16656,15392
>a 65520,15888,16624,15424
>a 65520,15792,16752,15408
>a 65520,15904,16640,15392
>a 65520,15968,16512,15344
>a 65520,15776,16640,15456
>a 65520,15856,16688,15360
>a 65520,15856,16640,15408
>a 65520,15856,16624,15424
>a 65520,15872,16656,15408
>a 65520,15856,16704,15440
>a 65520,15888,16544,15408
>a 65520,15872,16608,15424
>a 65520,15840,16624,15344
>a 65520,15824,16608,15392
>a 65520,15856,16592,15408
>a 65520,15808,16624,15408
>a 65520,15888,16624,15280
>a 65520,15872,16624,15408
>a 65520,15872,16640,15504
>a 65520,15824,16624,15328
>a 65520,15952,16624,15504
>a 65520,15904,16592,15392
>a 65520,15888,16624,15408
>a 65520,15984,16608,15392
>a 65520,15904,16608,15376
>a 65520,15872,16624,15408
>a 65520,15952,16608,15392
>a 65520,15952,16608,15408
>a 65520,15888,16800,15344
>a 65520,15856,16608,15472
>a 65520,15840,16640,15488
>a 65520,15856,16608,15392
>a 65520,15872,16592,15392
>a 65520,15888,16640,15424
>a 65520,15904,16752,15504
>a 65520,15840,16592,15392
>a 65520,15824,16608,15328
>a 65520,15760,16640,15408
>a 65520,15856,16608,15392
>a 65520,15856,16688,15408
>a 65520,15952,16640,15440
>a 65520,15728,16640,15408
>a 65520,15968,16560,15376
>a 65520,15792,16656,15360
>a 65520,15936,16672,15296
>a 65520,15728,16592,15408
>a 65520,15904,16608,15248
>a 65520,15872,16592,15392
>a 65520,15888,16544,15408
>a 65520,15840,16608,15328
>a 65520,15840,16608,15392
>a 65520,15888,16608,15408
>a 65520,15904,16656,15392
>a 65520,15856,16640,15408
>a 65520,15904,16624,15440
>a 65520,15856,16512,15392
>a 65520,15904,16608,15360
>a 65520,15856,16592,15392
>a 65520,15856,16576,15376
>a 65520,15888,16528,15376
>a 65520,15872,16576,15376
>a 65520,15968,16592,15392
>a 65520,15872,16576,15408
>a 65520,15856,16576,15392
>a 65520,15856,16592,15376
>a 65520,15872,16592,15408
>a 65520,15776,16592,15408
>a 65520,15888,16608,15488
>p 6,90
>a 65520,15856,23328,15584
>p 6,0
>a 65520,15840,17216,15424
>p 6,90
>a 65520,16016,23632,15536
>p 6,0
>a 65520,15904,17904,15344
>p 6,90
>a 65520,15856,24160,15472
>p 6,0
>a 65520,15952,18448,15408
>p 6,90
>a 65520,15952,24560,15456
>p 6,0
>a 65520,15952,18976,15424
>a 65520,15984,18928,15408
>a 65520,16048,18848,15408
>a 65520,16048,18784,15392
>p 6,90
>a 65520,16176,24976,15536
>p 6,0
>a 65520,16096,19488,15440
>a 65520,16144,19376,15456
>a 65520,16144,19312,15408
>a 65520,16176,19360,15520
>a 65520,16224,19280,15440
>a 65520,16240,19312,15408
>a 65520,16176,19312,15424
>a 65520,16208,19152,15408
>a 65520,16336,19280,15408
>a 65520,16320,19280,15440
>a 65520,16272,19344,15456
>a 65520,16304,19232,15424
>a 65520,16336,19264,15440
>a 65520,16320,19328,15344
>a 65520,16384,19216,15408
>a 65520,16304,19168,15424
>a 65520,16256,19216,15456
>a 65520,16448,19200,15424
>a 65520,16400,19152,15456
>a 65520,16384,19184,15392
>a 65520,16400,19184,15408
>a 65520,16352,19184,15456
>a 65520,16400,19312,15408
>a 65520,16448,19184,15312
>a 65520,16352,19184,15408
>a 65520,16432,19168,15408
>a 65520,16432,19184,15424
>a 65520,16352,19168,15392
>a 65520,16432,19152,15408
>a 65520,16432,19168,15408
>a 65520,16448,19152,15520
>a 65520,16480,19120,15424
>a 65520,16432,19104,15376
>a 65520,16304,19168,15440
>a 65520,16480,19072,15536
>a 65520,16464,19296,15536
>a 65520,16432,19216,15440
>a 65520,16448,19152,15456
>a 65520,16384,19072,15440
>a 65520,16464,19200,15456
>a 65520,16544,19120,15408
>a 65520,16464,19104,15360
>a 65520,16560,19008,15440
>a 65520,16480,19104,15440
>a 65520,16416,19088,15424
>a 65520,16480,19200,15440
>a 65520,16480,19072,15520
>a 65520,16480,19072,15504
>a 65520,16464,19024,15392
>a 65520,16464,19040,15424
>a 65520,16496,19072,15408
>a 65520,16480,19184,15392
>a 65520,16336,19088,15424
>a 65520,16496,19056,15408
>a 65520,16480,19232,15408
>a 65520,16480,19184,15424
>a 65520,16496,19056,15456
>a 65520,16480,19040,15456
>a 65520,16496,19072,15392
>a 65520,16576,19040,15408
>a 65520,16448,19024,15440
>a 65520,16480,19008,15424
>a 65520,16480,19152,15440
>a 65520,16480,19040,15392
>a 65520,16608,19056,15440
>a 65520,16480,19040,15424
>a 65520,16464,19040,15296
>p 5,0
>a 65520,16464,18528,15408
>a 65520,16400,18368,15440
>a 65520,16448,18224,15488
>a 65520,16448,18144,15408
>a 65520,16448,17920,15408
>p 5,90
>a 65520,16432,18192,15344
>p 5,0
>a 65520,16432,17840,15440
>p 5,90
>a 65520,16400,18080,15488
>a 65520,16384,18144,15392
>p 5,0
>a 65520,16352,17728,15424
>p 5,90
>a 65520,16400,18016,15424
>a 65520,16384,18032,15456
>a 65520,16384,18032,15440
>a 65520,16256,18096,15408
>a 65520,16320,18032,15424
>a 65520,16256,18064,15504
>a 65520,16304,18032,15536
>a 65520,16240,18032,15392
>a 65520,16240,18080,15440
>a 65520,16240,18048,15392
>a 65520,16144,18048,15440
>a 65520,16256,18192,15440
>a 65520,16224,18032,15424
>a 65520,16208,18080,15456
>a 65520,16208,18048,15424
>a 65520,16224,18080,15408
>a 65520,16080,18064,15440
>a 65520,16192,18000,15392
>a 65520,16192,18032,15376
>a 65520,16224,18080,15440
>a 65520,16112,18080,15408
>a 65520,16208,18064,15424
>a 65520,16176,18160,15408
>a 65520,16304,18096,15424
>a 65520,16160,18160,15408
>a 65520,16208,18096,15408
>a 65520,16160,18032,15408
>a 65520,16128,18096,15424
>a 65520,16192,18032,15456
>a 65520,16128,18080,15424
>a 65520,16208,18064,15376
>a 65520,16208,18096,15440
>a 65520,16144,18080,15440
>a 65520,16176,18096,15392
>p 5,0
>a 65520,16192,17696,15344
>a 65520,16176,17584,15408
>a 65520,16128,17424,15328
>a 65520,16144,17360,15376
>a 65520,16128,17200,15440
>a 65520,16128,17168,15344
>a 65520,16112,17152,15424
>a 65520,16048,16960,15440
>a 65520,16112,16848,15424
>a 65520,16080,16784,15360
>a 65520,16096,16672,15376
>a 65520,16064,16576,15376
>a 65520,15984,16512,15376
>a 65520,15984,16432,15312
>a 65520,16000,16352,15408
>a 65520,15984,16320,15328
>a 65520,16016,16240,15392
>a 65520,15968,16272,15472
>a 65520,15984,16128,15440
>a 65520,15904,16048,15424
>a 65520,15968,16032,15408
>a 65520,15840,15968,15392
>a 65520,15888,15968,15392
>a 65520,15856,15952,15408
>a 65520,15856,15856,15344
>a 65520,15824,15792,15280
>a 65520,15824,15664,15520
>a 65520,15824,15776,15424
>a 65520,15792,15712,15392
>a 65520,15776,15728,15456
>a 65520,15760,15664,15392
>a 65520,15792,15632,15392
>a 65520,15792,15632,15408
>a 65520,15760,15616,15392
>a 65520,15776,15584,15408
>a 65520,15760,15584,15392
>p 6,90
>p 5,90
>a 65520,15792,22768,15472
>p 6,0
>p 5,0
>a 65520,15760,16256,15376
>a 65520,15744,16080,15392
>a 65520,15808,16048,15408
>a 65520,15760,15952,15408
>a 65520,15744,15856,15408
>a 65520,15792,15920,15440
>a 65520,15840,15712,15296
>a 65520,15792,15824,15440
>a 65520,15776,15744,15392
>a 65520,15776,15760,15408
>a 65520,15776,15696,15424
>a 65520,15824,15600,15408
>a 65520,15760,15632,15280
>a 65520,15792,15632,15424
>a 65520,15744,15696,15408
>a 65520,15728,15536,15392
>a 65520,15728,15504,15408
>a 65520,15728,15472,15408
>a 65520,15696,15472,15392
>a 65520,15840,15456,15392
>a 65520,15760,15488,15408
>a 65520,15744,15472,15456
>a 65520,15744,15536,15472
>a 65520,15728,15440,15392
>a 65520,15728,15440,15392
>a 65520,15744,15392,15408
>a 65520,15680,15392,15392
>a 65520,15680,15424,15408
>a 65520,15792,15392,15392
>a 65520,15712,15344,15424
>p 5,90
>a 65520,15744,15536,15312
>p 5,0
>a 65520,15712,15408,15344
>a 65520,15632,15360,15504
>a 65520,15664,15392,15424
>a 65520,15696,15328,15440
>p 5,90
>a 65520,15616,15456,15440
>p 5,0
>a 65520,15616,15360,15440
>a 65520,15664,15440,15456
>a 65520,15648,15360,15408
>a 65520,15632,15344,15424
>p 5,90
>a 65520,15632,15344,15376
>a 65520,15696,15424,15360
>a 65520,15632,15392,15408
>p 5,0
>a 65520,15696,15392,15408
>a 65520,15664,15360,15344
>a 65520,15696,15440,15392
>a 65520,15648,15392,15472
>a 65520,15648,15392,15392
>a 65520,15680,15328,15376
>p 5,90
>a 65520,15680,15392,15328
>p 5,0
>a 65520,15664,15360,15392
>a 65520,15680,15376,15376
>a 65520,15696,15408,15424
>a 65520,15680,15424,15392
>a 65520,15680,15344,15328
>p 5,90
>a 65520,15632,15392,15456
>p 5,0
>a 65520,15600,15376,15408
>a 65520,15680,15408,15440
>a 65520,15616,15424,15552
>a 65520,15632,15328,15472
>p 5,90
>a 65520,15792,15504,15456
>p 5,0
>a 65520,15664,15376,15376
>a 65520,15632,15376,15376
>a 65520,15632,15376,15392
>a 65520,15664,15344,15328
>p 5,90
>a 65520,15680,15392,15408
>p 5,0
>a 65520,15664,15472,15584
>a 65520,15584,15392,15392
>a 65520,15632,15408,15536
>a 65520,15600,15312,15376
>p 5,90
>a 65520,15712,15344,15392
>a 65520,15664,15392,15408
>p 5,0
>a 65520,15728,15376,15312
>a 65520,15568,15392,15328
>a 65520,15696,15376,15392
>a 65520,15616,15376,15408
>a 65520,15632,15344,15392
>p 5,90
>a 65520,15648,15392,15408
>p 5,0
>a 65520,15648,15376,15312
>a 65520,15632,15376,15392
>a 65520,15632,15360,15392
>a 65520,15664,15376,15408
>a 65520,15648,15280,15440
>p 5,90
>a 65520,15664,15392,15488
>p 5,0
>a 65520,15632,15328,15408
>p 5,90
>a 65520,15728,15408,15376
>p 5,0
>a 65520,15648,15344,15328
>p 5,90
>a 65520,15712,15504,15408
>p 5,0
>a 65520,15600,15408,15472
>a 65520,15584,15376,15408
>a 65520,15648,15392,15344
>a 65520,15648,15376,15424
>a 65520,15632,15328,15472
>p 5,90
>a 65520,15664,15392,15424
>p 5,0
>a 65520,15632,15376,15408
>a 65520,15648,15376,15344
>a 65520,15648,15376,15408
>a 65520,15632,15472,15408
>a 65520,15648,15328,15312
>p 5,90
>a 65520,15632,15392,15488
>p 5,0
>a 65520,15632,15408,15392
>a 65520,15648,15392,15424
>a 65520,15648,15328,15424
>p 5,90
>a 65520,15600,15328,15440
>a 65520,15616,15392,15408
>p 5,0
>a 65520,15616,15392,15440
>a 65520,15632,15376,15376
>a 65520,15616,15344,15504
>p 5,90
>a 65520,15728,15392,15488
>p 5,0
>a 65520,15584,15344,15392
>p 5,90
>a 65520,15632,15456,15472
>p 5,0
>a 65520,15632,15344,15488
>p 5,90
>a 65520,15584,15408,15424
>p 5,0
>a 65520,15632,15344,15328
>p 5,90
>a 65520,15648,15280,15408
>a 65520,15632,15376,15312
>p 5,0
>a 65520,15632,15472,15408
>a 65520,15648,15456,15488
>a 65520,15568,15456,15392
>a 65520,15712,15344,15408
>p 5,90
>a 65520,15648,15376,15408
>p 5,0
>a 65520,15616,15376,15376
>a 65520,15648,15504,15424
>a 65520,15616,15360,15392
>a 65520,15648,15392,15408
>a 65520,15584,15392,15408
>a 65520,15664,15344,15392
>p 5,90
>a 65520,15648,15344,15328
>a 65520,15600,15344,15392
>a 65520,15632,15360,15328
>p 5,0
>a 65520,15632,15376,15408
>a 65520,15616,15328,15408
>p 5,90
>a 65520,15664,15392,15408
>p 5,0
>a 65520,15712,15376,15392
>a 65520,15648,15344,15392
>p 5,90
>a 65520,15648,15376,15408
>p 5,0
>a 65520,15632,15376,15248
>a 65520,15600,15376,15408
>a 65520,15616,15344,15472
>p 5,90
>a 65520,15632,15392,15408
>a 65520,15616,15456,15376
>a 65520,15632,15376,15328
>a 65520,15648,15312,15376
>a 65520,15728,15344,15280
>p 6,90
>a 65520,15600,22496,15440
>p 6,0
>a 65520,15648,16016,15392
>p 6,90
>a 65520,15744,22800,15440
>p 6,0
>a 65520,15696,16592,15344
>p 6,90
>a 65520,15648,23216,15440
>p 6,0
>a 65520,15696,17136,15440
>p 6,90
>a 65520,15808,23664,15472
>p 6,0
>a 65520,15792,17728,15440
>a 65520,15744,17648,15360
>a 65520,15824,17632,15392
>a 65520,15872,17600,15408
>a 65520,15888,17536,15408
>a 65520,15840,17568,15312
>a 65520,15888,17584,15296
>a 65520,15888,17536,15488
>a 65520,15904,17520,15408
>a 65520,15936,17616,15344
>a 65520,15936,17520,15424
>a 65520,15936,17520,15344
>a 65520,15792,17520,15440
>a 65520,16032,17472,15360
>a 65520,15952,17488,15376
>a 65520,15984,17376,15392
>a 65520,15984,17504,15376
>a 65520,15952,17488,15408
>a 65520,15920,17456,15392
>a 65520,15968,17440,15376
>a 65520,15904,17456,15392
>a 65520,15984,17488,15424
>a 65520,15984,17440,15392
>a 65520,15968,17456,15408
>a 65520,15952,17488,15392
>a 65520,16048,17440,15424
>a 65520,15968,17472,15408
>a 65520,15952,17520,15264
>a 65520,16000,17440,15424
>a 65520,16000,17472,15424
>a 65520,15984,17440,15424
>a 65520,16112,17424,15392
>a 65520,15952,17440,15488
>a 65520,15952,17360,15408
>a 65520,16112,17456,15408
>a 65520,15952,17408,15328
>a 65520,15984,17408,15456
>a 65520,16016,17424,15408
>a 65520,15968,17488,15408
>a 65520,15984,17424,15408
>a 65520,15984,17376,15408
>a 65520,15872,17424,15232
>a 65520,16112,17392,15408
>a 65520,16096,17520,15280
>a 65520,16048,17392,15408
>a 65520,15984,17408,15392
>a 65520,15984,17376,15376
>a 65520,15984,17376,15408
>a 65520,16064,17408,15408
>a 65520,16016,17504,15296
>a 65520,15984,17392,15424
>a 65520,15968,17456,15408
>a 65520,16048,17392,15440
>a 65520,15984,17456,15472
>a 65520,16000,17360,15392
>a 65520,16080,17392,15408
>a 65520,15952,17392,15440
>a 65520,15952,17424,15424
>a 65520,16080,17392,15344
>a 65520,15984,17360,15408
>a 65520,15984,17456,15408
>a 65520,16000,17360,15392
>a 65520,15968,17392,15376
>a 65520,15984,17456,15440
>a 65520,15968,17376,15344
>a 65520,16048,17360,15376
>a 65520,15968,17344,15312
>a 65520,16000,17360,15408
>a 65520,15984,17360,15504
>a 65520,15984,17344,15408
>a 65520,15984,17360,15408
>a 65520,15968,17376,15376
>a 65520,16016,17248,15488
>a 65520,15968,17360,15408
>a 65520,15952,17328,15408
>a 65520,16096,17424,15376
>a 65520,15984,17312,15392
>a 65520,16000,17360,15408
>a 65520,15984,17376,15392
>a 65520,15984,17344,15392
>a 65520,15936,17312,15440
>a 65520,15968,17440,15472
>a 65520,15936,17328,15440
>a 65520,15968,17344,15424
>a 65520,15968,17424,15408
>a 65520,15952,17280,15456
>a 65520,15952,17408,15312
>a 65520,15936,17328,15392
>a 65520,15920,17248,15392
>a 65520,15920,17296,15456
>a 65520,15952,17264,15424
>a 65520,16032,17296,15424
>a 65520,15936,17312,15456
>a 65520,16016,17328,15344
>a 65520,15888,17280,15408
>a 65520,16032,17328,15424
>a 65520,15888,17312,15424
>a 65520,15952,17312,15408
>a 65520,15840,17328,15472
>a 65520,15936,17312,15328
>a 65520,15936,17312,15408
>a 65520,15936,17440,15392
>a 65520,15760,17312,15424
>a 65520,15904,17296,15424
>a 65520,15952,17376,15440
>a 65520,15968,17200,15424
>a 65520,15936,17312,15392
>a 65520,15888,17360,15472
>a 65520,15952,17392,15408
>a 65520,15904,17344,15376
>a 65520,15920,17312,15280
>a 65520,15920,17264,15344
>a 65520,15904,17248,15456
>a 65520,15936,17264,15408
>a 65520,15936,17296,15392
>a 65520,15936,17280,15392
>a 65520,15952,17328,15392
>a 65520,15920,17296,15408
>a 65520,15904,17264,15408
>a 65520,15904,17248,15408
>a 65520,15968,17312,15440
>a 65520,15968,17280,15424
>a 65520,15936,17296,15408
>a 65520,15920,17232,15472
>a 65520,15952,17376,15328
>a 65520,15904,17248,15392
>a 65520,15872,17232,15408
>a 65520,15952,17296,15424
>a 65520,15952,17280,15424
>a 65520,15968,17264,15408
>a 65520,15936,17232,15392
>a 65520,15888,17376,15344
>a 65520,15920,17264,15504
>a 65520,15920,17280,15408
>a 65520,15952,17232,15424
>a 65520,15872,17360,15440
>a 65520,16032,17248,15408
>a 65520,16016,17264,15376
>a 65520,16032,17264,15360
>a 65520,15936,17296,15376
>a 65520,15920,17264,15280
>a 65520,15904,17264,15504
>a 65520,15984,17248,15424
>a 65520,15936,17296,15408
>a 65520,15728,17232,15392
>a 65520,15968,17232,15424
>a 65520,16048,17120,15408
>a 65520,15936,17232,15392
>a 65520,16032,17264,15440
>a 65520,15952,17264,15536
>a 65520,15968,17216,15472
>a 65520,15920,17328,15520
>a 65520,15840,17200,15392
>a 65520,15952,17264,15424
>a 65520,15952,17216,15408
>a 65520,15904,17200,15344
>a 65520,16000,17264,15440
>a 65520,15936,17248,15488
>a 65520,15952,17216,15424
>a 65520,15984,17248,15440
>a 65520,15936,17232,15408
>a 65520,15952,17216,15488
>a 65520,15936,17248,15424
>a 65520,15984,17248,15424
>a 65520,15952,17232,15408
>a 65520,15952,17312,15424
>a 65520,15952,17200,15408
>a 65520,15920,17232,15360
>a 65520,15952,17200,15408
>a 65520,15952,17104,15392
>a 65520,15952,17248,15408
>a 65520,15920,17200,15392
>a 65520,15936,17264,15376
>a 65520,15952,17232,15424
>a 65520,15952,17264,15440
>a 65520,15936,17296,15440
>a 65520,15936,17200,15376
>a 65520,15936,17232,15376
>a 65520,15920,17216,15424
>a 65520,16000,17248,15424
>a 65520,15760,17184,15424
>a 65520,15952,17216,15440
>a 65520,15968,17136,15408
>a 65520,16048,17200,15344
>a 65520,16032,17200,15408
>a 65520,15952,17184,15488
>p 6,90
>a 65520,15920,23680,15504
>p 6,0
>p 5,0
>a 65520,16048,17504,15440
>p 5,90
>a 65520,15952,17744,15424
>a 65520,15856,17680,15504
>a 65520,15936,17744,15392
>a 65520,15984,17696,15424
>a 65520,15968,17664,15408
>a 65520,15856,17808,15440
>a 65520,15984,17664,15376
>a 65520,16000,17664,15408
>a 65520,16016,17712,15520
>a 65520,15968,17664,15424
>a 65520,15952,17680,15472
>a 65520,16000,17632,15392
>a 65520,16000,17616,15424
>a 65520,16016,17648,15408
>a 65520,16016,17648,15424
>a 65520,15952,17680,15424
>a 65520,15984,17632,15408
>a 65520,16016,17600,15408
>a 65520,15984,17616,15424
>a 65520,16016,17632,15376
>a 65520,16016,17648,15424
>a 65520,15984,17584,15344
>a 65520,15984,17568,15408
>a 65520,15968,17632,15520
>a 65520,15952,17552,15392
>a 65520,15952,17568,15392
>a 65520,16000,17712,15504
>a 65520,16080,17520,15408
>a 65520,15840,17600,15424
>a 65520,16016,17568,15472
>a 65520,15952,17616,15424
>a 65520,16032,17600,15424
>a 65520,15920,17600,15504
>a 65520,16064,17568,15408
>a 65520,16064,17568,15408
>a 65520,16000,17472,15392
>a 65520,16016,17696,15456
>a 65520,16000,17520,15424
>a 65520,16000,17568,15424
>a 65520,15984,17568,15392
>a 65520,16016,17552,15408
>a 65520,16016,17616,15392
>a 65520,15984,17584,15360
>a 65520,15888,17584,15392
>a 65520,16016,17648,15392
>a 65520,16016,17568,15424
>a 65520,15968,17552,15408
>a 65520,15888,17552,15376
>a 65520,16112,17536,15392
>a 65520,16016,17584,15440
>a 65520,15984,17568,15424
>a 65520,15952,17472,15408
>a 65520,15920,17488,15424
>a 65520,15968,17568,15520
>a 65520,15936,17632,15392
>a 65520,15984,17568,15456
>a 65520,15984,17552,15440
>a 65520,16016,17568,15408
>a 65520,15984,17440,15344
>a 65520,16000,17520,15408
>a 65520,16000,17520,15408
>a 65520,16032,17552,15424
>a 65520,16032,17648,15424
>a 65520,16048,17536,15408
>a 65520,16096,17536,15392
>a 65520,16016,17552,15408
>a 65520,16192,17536,15504
>a 65520,15984,17408,15424
>a 65520,15968,17552,15392
>a 65520,15920,17552,15440
>a 65520,16144,17552,15408
>a 65520,15952,17424,15392
>a 65520,15984,17520,15360
>p 7,34
>p 7,34
>p 7,35
>p 7,36
>p 7,37
>a 65520,15984,17408,15424
>p 7,38
>p 7,39
>p 7,40
>a 65520,27472,17616,15424
>p 7,41
>p 7,42
>p 7,44
>a 65520,27120,17584,15424
>p 7,45
>a 65520,31392,17712,15408
>a 65520,28544,17632,15440
>p 6,90
>a 65520,29232,23664,15472
>p 6,0
>p 5,0
>a 65520,29856,17872,15408
>p 5,90
>a 65520,29664,18096,15344
>a 65520,29376,18064,15440
>a 65520,29504,18080,15408
>a 65520,29520,18160,15424
>a 65520,29616,18080,15376
>a 65520,29536,18112,15440
>a 65520,29616,18080,15456
>a 65520,29520,18112,15456
>a 65520,29504,18128,15520
>a 65520,29440,18128,15456
>a 65520,29520,18000,15392
>a 65520,29376,18128,15392
>a 65520,29424,18112,15504
>a 65520,29376,18096,15376
>a 65520,29344,18144,15456
>a 65520,29392,18144,15344
>a 65520,29344,18176,15440
>a 65520,29392,18160,15456
>a 65520,29392,18128,15424
>a 65520,29424,18176,15424
>a 65520,29296,18208,15408
>a 65520,29552,18160,15392
>p 7,44
>a 65520,29344,18288,15488
>p 7,42
>p 7,41
>a 65520,27696,18256,15424
>p 7,40
>p 7,39
>a 65520,25904,18304,15408
>p 7,38
>a 65520,25584,18256,15472
>a 65520,24704,18256,15424
>p 7,37
>p 7,36
>p 7,35
>a 65520,22368,18256,15472
>a 65520,23280,18256,15408
>a 65520,22896,18224,15392
>a 65520,23136,18224,15408
>a 65520,22992,18256,15440
>a 65520,22960,18240,15424
>a 65520,23024,18208,15360
>a 65520,23024,18256,15440
>a 65520,22896,18208,15392
>a 65520,22880,18208,15392
>a 65520,22688,18160,15408
>a 65520,22880,18352,15376
>a 65520,22784,18304,15248
>a 65520,22832,18320,15440
>p 6,90
>a 65520,22320,24208,15408
>p 6,0
>p 5,0
>a 65520,23216,18304,15440
>p 5,90
>a 65520,22800,18704,15408
>a 65520,22784,18528,15456
>p 7,34
>p 7,33
>p 7,32
>p 7,29
>a 65520,21456,18640,15376
>p 7,28
>p 7,27
>p 7,26
>a 65520,17712,18688,15392
>p 7,25
>a 65520,15968,18624,15392
>p 7,24
>a 65520,15904,18576,15392
>a 65520,15904,18528,15408
>p 7,23
>p 7,22
>p 7,21
>p 7,20
>p 7,19
>p 7,18
>p 7,17
>p 7,16
>a 65520,15760,18576,15440
>a 65520,15776,18512,15328
>a 65520,15744,18544,15408
>a 65520,15712,18608,15392
>a 65520,15792,18576,15488
>a 65520,15744,18512,15408
>a 65520,15760,18480,15392
>a 65520,15728,18448,15424
>a 65520,15776,18560,15408
>a 65520,15776,18480,15392
>a 65520,15808,18496,15456
>a 65520,15808,18512,15392
>a 65520,15776,18352,15408
>a 65520,15792,18464,15424
>a 65520,15824,18480,15408
>a 65520,15760,18368,15408
>a 65520,15808,18480,15392
>a 65520,15824,18384,15456
>a 65520,15824,18464,15360
>a 65520,15840,18480,15360
>a 65520,15840,18464,15440
>a 65520,15792,18352,15456
>a 65520,15856,18464,15424
>a 65520,15664,18448,15424
>a 65520,15792,18448,15424
>a 65520,15808,18432,15392
>a 65520,15776,18432,15408
>a 65520,15808,18432,15392
>a 65520,15792,18432,15392
>a 65520,15792,18432,15424
>a 65520,15824,18384,15344
>a 65520,15824,18352,15376
>a 65520,15856,18432,15392
>a 65520,15888,18400,15408
>a 65520,15904,18400,15376
>a 65520,15888,18352,15408
>a 65520,15904,18352,15424
>a 65520,15952,18432,15424
>a 65520,15984,18336,15376
>a 65520,15984,18400,15392
>a 65520,16080,18352,15408
>a 65520,16016,18368,15472
>a 65520,16016,18352,15424
>a 65520,16048,18368,15520
>a 65520,16032,18384,15408
>a 65520,16080,18384,15456
>a 65520,16096,18384,15408
>a 65520,16080,18352,15296
>a 65520,16064,18256,15392
>a 65520,16096,18368,15376
>a 65520,16112,18368,15376
>p 7,17
>p 7,18
>a 65520,16112,18320,15456
>a 65520,16096,18336,15440
>p 7,19
>a 65520,16096,18336,15408
>p 7,20
>p 7,21
>a 65520,16112,18336,15440
>p 7,22
>a 65520,16112,18352,15456
>p 7,23
>a 65520,16128,18352,15344
>a 65520,16144,18352,15408
>a 65520,16176,18272,15424
>a 65520,16144,18448,15456
>a 65520,16144,18336,15408
>a 65520,16160,18352,15440
>a 65520,16144,18384,15504
>a 65520,16128,18288,15424
>a 65520,16176,18336,15520
>a 65520,16112,18320,15456
>a 65520,16176,18336,15424
>a 65520,16176,18320,15344
>a 65520,16128,18320,15424
>a 65520,16144,18320,15408
>a 65520,16192,18352,15440
>p 7,24
>a 65520,16240,18256,15424
>a 65520,16112,18320,15520
>a 65520,16176,18288,15408
>a 65520,16144,18320,15488
>a 65520,16240,18320,15424
>a 65520,16160,18272,15408
>a 65520,16144,18320,15408
>a 65520,16080,18304,15472
>a 65520,16256,18448,15424
>a 65520,16176,18240,15408
>a 65520,16112,18224,15392
>a 65520,16208,18416,15520
>a 65520,16160,18288,15456
>a 65520,16128,18288,15440
>a 65520,16016,18272,15408
>a 65520,16176,18272,15408
>p 7,25
>a 65520,16144,18304,15392
>a 65520,16160,18304,15440
>a 65520,16160,18288,15456
>a 65520,16144,18272,15424
>a 65520,16176,18288,15472
>a 65520,16288,18368,15504
>a 65520,16160,18272,15424
>a 65520,16176,18208,15456
>a 65520,16144,18288,15408
>a 65520,16176,18288,15440
>a 65520,16192,18272,15424
>a 65520,16192,18288,15344
>a 65520,16176,18224,15392
>p 7,26
>a 65520,16208,18288,15440
>a 65520,16240,18400,15440
>a 65520,16096,18272,15264
>a 65520,16304,18272,15440
>a 65520,16176,18240,15424
>a 65520,16176,18256,15440
>a 65520,16192,18176,15408
>a 65520,17056,18208,15408
>a 65520,18144,18288,15440
>a 65520,18096,18240,15408
>a 65520,16784,18240,15408
>a 65520,16400,18160,15408
>a 65520,16336,18240,15424
>a 65520,16208,18224,15408
>a 65520,17264,18256,15392
>a 65520,17168,18320,15408
>a 65520,16992,18240,15424
>a 65520,17040,18224,15456
>a 65520,17104,18240,15440
>a 65520,17072,18256,15408
>a 65520,17040,18224,15392
>a 65520,17008,18320,15488
>a 65520,17072,18192,15392
>a 65520,17040,18272,15440
>a 65520,17040,18192,15504
>a 65520,17072,18224,15424
>a 65520,16992,18112,15472
>a 65520,16992,18208,15424
>a 65520,17040,18192,15408
>a 65520,17040,18224,15408
>a 65520,16960,18176,15408
>a 65520,16800,18224,15424
>a 65520,17008,18240,15440
>a 65520,17008,18320,15424
>a 65520,17072,18240,15440
>a 65520,17008,18144,15520
>a 65520,17072,18208,15440
>a 65520,17072,18224,15424
>a 65520,17152,18224,15456
>p 7,27
>a 65520,17600,18240,15264
>a 65520,17936,18208,15440
>a 65520,17616,18288,15424
>a 65520,17648,18240,15456
>a 65520,17856,18160,15328
>a 65520,17776,18224,15408
>a 65520,17760,18208,15504
>a 65520,17744,18224,15456
>a 65520,17648,18224,15360
>a 65520,17680,18176,15392
>a 65520,17632,18240,15552
>a 65520,17632,18224,15408
>a 65520,17632,18176,15424
>a 65520,17680,18208,15408
>a 65520,17568,18208,15392
>a 65520,17632,18192,15424
>a 65520,17584,18240,15392
>a 65520,17616,18160,15440
>a 65520,17568,18288,15520
>a 65520,17600,18224,15456
>a 65520,17712,18192,15408
>a 65520,17648,18272,15488
>a 65520,17712,18288,15424
>a 65520,17632,18128,15504
>a 65520,17808,18208,15440
>a 65520,17696,18192,15424
>p 7,28
>a 65520,17712,18176,15424
>a 65520,18688,18144,15328
>a 65520,18368,18176,15424
>a 65520,18416,18176,15456
>p 7,29
>a 65520,18896,18160,15408
>a 65520,19136,18176,15440
>a 65520,19024,18192,15440
>a 65520,19088,18192,15456
>a 65520,18976,18160,15392
>a 65520,19296,18288,15392
>a 65520,18944,18176,15376
>a 65520,19040,18192,15408
>a 65520,18976,17984,15344
>a 65520,18960,18192,15424
>a 65520,18928,18160,15408
>a 65520,19024,18176,15392
>a 65520,18896,18144,15424
>a 65520,18896,18192,15440
>a 65520,19056,18192,15440
>a 65520,18928,18192,15440
>a 65520,18944,18176,15440
>a 65520,18944,18192,15424
>a 65520,18944,18080,15424
>a 65520,19008,18096,15360
>a 65520,18960,18160,15504
>a 65520,18960,18176,15440
>a 65520,19024,18144,15408
>a 65520,18944,18176,15440
>a 65520,19136,18176,15440
>a 65520,19088,18176,15408
>a 65520,19104,18144,15360
>a 65520,19040,18272,15392
>a 65520,19088,18256,15408
>a 65520,19056,18160,15392
>a 65520,19008,18160,15536
>p 6,90
>a 65520,18496,24336,15424
>p 6,0
>p 5,0
>a 65520,19856,18224,15408
>p 5,90
>a 65520,18704,18640,15408
>a 65520,19088,18640,15408
>a 65520,18960,18576,15408
>a 65520,18896,18608,15408
>a 65520,18976,18592,15392
>a 65520,19008,18608,15392
>a 65520,19120,18608,15424
>a 65520,18848,18608,15440
>a 65520,18992,18528,15360
>a 65520,18928,18576,15408
>a 65520,18912,18592,15408
>a 65520,18976,18544,15408
>a 65520,19024,18576,15392
>a 65520,19040,18528,15360
>a 65520,19008,18576,15344
>a 65520,19008,18640,15296
>a 65520,19024,18640,15424
>a 65520,19040,18576,15440
>a 65520,19056,18528,15392
>a 65520,19088,18560,15456
>a 65520,19184,18544,15440
>a 65520,19104,18640,15392
>a 65520,19024,18544,15408
>a 65520,19104,18640,15440
>a 65520,19088,18624,15408
>a 65520,19072,18576,15424
>a 65520,19072,18576,15488
>a 65520,19056,18640,15440
>a 65520,18976,18528,15472
>a 65520,18928,18528,15424
>a 65520,18912,18560,15424
>a 65520,18928,18544,15392
>a 65520,18832,18464,15392
>a 65520,19088,18576,15424
>a 65520,18880,18480,15408
>a 65520,18896,18528,15424
>a 65520,18896,18576,15440
>a 65520,18832,18512,15392
>a 65520,18960,18464,15392
>a 65520,18944,18608,15488
>a 65520,19040,18544,15424
>a 65520,19104,18528,15376
>a 65520,19056,18496,15376
>a 65520,19024,18512,15424
>a 65520,19072,18512,15408
>a 65520,19056,18528,15408
>a 65520,18992,18544,15408
>a 65520,19056,18496,15456
>a 65520,19120,18480,15328
>a 65520,19184,18528,15392
>a 65520,19104,18512,15408
>a 65520,19056,18544,15424
>a 65520,19040,18576,15392
>a 65520,19008,18544,15424
>a 65520,19152,18464,15376
>a 65520,18944,18512,15408
>a 65520,19056,18480,15392
>a 65520,18928,18528,15424
>a 65520,18944,18528,15392
>a 65520,18896,18480,15408
>a 65520,18832,18512,15440
>a 65520,18928,18464,15408
>a 65520,18928,18624,15424
>a 65520,18960,18464,15456
>a 65520,18912,18560,15376
>a 65520,18912,18512,15424
>a 65520,18896,18544,15408
>a 65520,19072,18512,15424
>a 65520,19024,18448,15472
>a 65520,19024,18496,15344
>a 65520,19008,18544,15456
>a 65520,19008,18576,15392
>a 65520,19072,18496,15408
>a 65520,18960,18480,15408
>p 7,30
>a 65520,19920,18624,15440
>a 65520,19696,18560,15392
>a 65520,19712,18496,15408
>a 65520,19728,18512,15424
>a 65520,19792,18480,15424
>a 65520,19728,18512,15440
>a 65520,19824,18512,15408
>a 65520,19680,18480,15376
>a 65520,19632,18496,15392
>a 65520,19568,18544,15376
>a 65520,19680,18512,15408
>a 65520,19552,18480,15424
>a 65520,19472,18464,15472
>a 65520,19632,18432,15424
>a 65520,19568,18432,15408
>a 65520,19504,18512,15424
>a 65520,19568,18432,15424
>a 65520,19552,18576,15392
>a 65520,19600,18464,15408
>a 65520,19680,18480,15408
>a 65520,19568,18480,15408
>a 65520,19728,18368,15424
>a 65520,19600,18464,15280
>a 65520,19616,18496,15424
>a 65520,19600,18464,15472
>a 65520,19760,18480,15424
>a 65520,19744,18480,15488
>a 65520,19744,18480,15328
>a 65520,19776,18464,15312
>a 65520,19776,18480,15440
>a 65520,19760,18544,15440
>a 65520,19696,18256,15424
>a 65520,19712,18496,15408
>a 65520,19760,18480,15392
>a 65520,19776,18608,15456
>a 65520,19712,18544,15392
>a 65520,19744,18448,15408
>a 65520,19584,18496,15296
>p 7,31
>a 65520,19728,18432,15488
>a 65520,20336,18512,15424
>a 65520,20112,18480,15376
>a 65520,20320,18496,15440
>a 65520,20208,18576,15424
>p 7,32
>a 65520,21088,18528,15424
>a 65520,20736,18336,15408
>a 65520,20992,18432,15392
>a 65520,20928,18464,15408
>p 6,90
>a 65520,20368,24400,15392
>p 6,0
>p 5,0
>a 65520,21424,18608,15392
>p 5,90
>a 65520,20752,18928,15344
>a 65520,20912,18944,15392
>a 65520,20976,18912,15440
>a 65520,20944,18896,15408
>a 65520,21104,18960,15408
>a 65520,21072,18912,15424
>a 65520,21072,18832,15392
>p 7,33
>a 65520,21872,18928,15424
>a 65520,21552,18880,15408
>p 7,34
>a 65520,21696,18928,15440
>a 65520,22448,18896,15488
>a 65520,22368,18928,15456
>a 65520,22272,18912,15424
>a 65520,22304,18832,15344
>a 65520,22272,18976,15424
>a 65520,22192,18896,15392
>a 65520,22336,18896,15440
>a 65520,22240,18896,15424
>a 65520,22208,18880,15408
>a 65520,22112,18896,15424
>a 65520,22192,18864,15360
>a 65520,22176,18960,15408
>a 65520,22256,18880,15392
>a 65520,22160,18864,15424
>a 65520,22288,18912,15440
>a 65520,22272,18848,15456
>a 65520,22240,18864,15392
>a 65520,22384,18896,15424
>a 65520,22288,18848,15424
>a 65520,22144,18864,15424
>a 65520,22368,18880,15344
>a 65520,22352,18880,15408
>a 65520,22416,18928,15424
>p 7,35
>a 65520,22400,18896,15392
>a 65520,23136,18864,15392
>a 65520,23024,18848,15392
>a 65520,23024,18928,15456
>p 7,36
>a 65520,23472,18944,15408
>a 65520,23584,18880,15424
>a 65520,23664,18896,15408
>a 65520,23664,18864,15440
>a 65520,23568,18896,15408
>a 65520,23600,18864,15408
>a 65520,23472,18864,15424
>a 65520,23504,18864,15344
>a 65520,23440,18768,15408
>a 65520,23472,18848,15424
>a 65520,23472,18848,15376
>a 65520,23456,18816,15488
>a 65520,23536,18928,15456
>a 65520,23440,18896,15424
>a 65520,23568,18960,15472
>a 65520,23504,18896,15360
>a 65520,23632,18960,15408
>a 65520,23472,18864,15408
>a 65520,23536,18960,15376
>a 65520,23664,18880,15376
>a 65520,23680,18896,15440
>a 65520,23648,18896,15424
>a 65520,23760,18864,15504
>a 65520,23728,18864,15424
>a 65520,23648,18944,15408
>a 65520,23712,18896,15424
>a 65520,23632,18880,15424
>a 65520,23696,18896,15424
>a 65520,23584,19008,15392
>p 7,35
>a 65520,23600,18912,15424
>a 65520,22832,18928,15344
>a 65520,23056,18864,15408
>a 65520,22832,18848,15392
>p 7,34
>a 65520,22064,18832,15408
>a 65520,22272,18880,15408
>a 65520,22128,18848,15408
>a 65520,22272,18864,15376
>p 7,33
>a 65520,21216,18880,15488
>a 65520,21680,18864,15504
>a 65520,21552,18960,15408
>a 65520,21584,18912,15424
>a 65520,21536,18864,15408
>a 65520,21632,18896,15392
>a 65520,21616,18960,15424
>a 65520,21696,18848,15440
>p 7,34
>a 65520,21616,18976,15424
>a 65520,22560,18928,15456
>a 65520,22144,18864,15408
>a 65520,22384,18864,15440
>a 65520,22400,18880,15408
>a 65520,22464,18864,15408
>a 65520,22384,18864,15408
>a 65520,22384,18864,15280
>a 65520,22368,18864,15440
>a 65520,22384,18864,15424
>a 65520,22432,18880,15440
>a 65520,22320,18896,15552
>a 65520,22272,18880,15424
>a 65520,22160,18768,15440
>a 65520,22304,18816,15264
>a 65520,22176,18768,15424
>a 65520,22192,18848,15456
>a 65520,22176,18864,15504
>a 65520,22192,18880,15440
>a 65520,22192,18864,15488
>a 65520,22160,18864,15456
>a 65520,22192,18832,15440
>a 65520,22144,18848,15424
>a 65520,22288,18848,15424
>a 65520,22240,18864,15408
>a 65520,22288,18896,15440
>a 65520,22320,18848,15392
>a 65520,22384,18880,15504
>a 65520,22320,18832,15392
>a 65520,22352,18848,15520
>a 65520,22336,18832,15408
>a 65520,22464,18992,15424
>a 65520,22432,18864,15440
>a 65520,22384,18848,15504
>a 65520,22368,18864,15440
>a 65520,22368,18944,15424
>a 65520,22400,18896,15408
>a 65520,22256,18912,15440
>a 65520,22288,18832,15360
>a 65520,22256,18880,15312
>a 65520,22272,18864,15392
>a 65520,22256,18800,15344
>a 65520,22064,18816,15440
>a 65520,22224,18832,15360
>a 65520,22192,18848,15424
>a 65520,22192,18864,15456
>a 65520,22176,18832,15344
>a 65520,22192,18832,15440
>a 65520,22256,18832,15392
>a 65520,22224,18800,15440
>a 65520,22112,18736,15424
>a 65520,22240,18960,15408
>a 65520,22272,18864,15392
>a 65520,22144,18784,15392
>a 65520,22224,18928,15408
>a 65520,22464,18864,15376
>a 65520,22384,18864,15424
>a 65520,22304,18832,15408
>a 65520,22208,18832,15408
>a 65520,22400,18848,15424
>a 65520,22448,18848,15408
>a 65520,22336,18864,15424
>a 65520,22384,18848,15344
>a 65520,22384,18848,15376
>a 65520,22336,18880,15392
>a 65520,22320,18976,15424
>a 65520,22384,18864,15440
>a 65520,22352,18912,15344
>a 65520,22256,18832,15424
>a 65520,22176,18832,15344
>a 65520,22272,18944,15408
>a 65520,22192,18864,15408
>a 65520,22128,18784,15392
>a 65520,22160,18864,15440
>a 65520,22128,18864,15424
>a 65520,22208,18848,15392
>a 65520,22176,18864,15408
>a 65520,22288,18832,15376
>a 65520,22128,18704,15424
>a 65520,22240,18848,15456
>a 65520,22256,18912,15424
>a 65520,22336,18832,15392
>a 65520,22400,18864,15440
>a 65520,22304,18864,15424
>a 65520,22368,18864,15376
>a 65520,22368,18832,15440
>a 65520,22368,18848,15488
>a 65520,22368,18864,15424
>a 65520,22384,18864,15424
>a 65520,22480,18816,15472
>a 65520,22336,18848,15392
>a 65520,22384,18832,15280
>a 65520,22336,18864,15408
>a 65520,22240,18848,15424
>a 65520,22432,18944,15440
>a 65520,22256,18816,15424
>a 65520,22256,18944,15408
>a 65520,22112,18832,15424
>a 65520,22160,18832,15440
>a 65520,22240,18848,15424
>a 65520,22144,18928,15504
>a 65520,22160,18800,15376
>a 65520,22160,18832,15408
>a 65520,22128,18704,15424
>a 65520,22096,18832,15344
>a 65520,22256,18832,15296
>a 65520,22368,18832,15408
>a 65520,22336,18864,15456
>a 65520,22336,18912,15392
>a 65520,22304,18864,15504
>a 65520,22128,18864,15504
>a 65520,22320,18800,15408
>a 65520,22384,18848,15472
>a 65520,22384,18848,15424
>a 65520,22416,18784,15520
>a 65520,22368,18864,15440
>a 65520,22304,18736,15376
>a 65520,22272,18800,15392
>a 65520,22416,18832,15424
>a 65520,22352,18800,15392
>a 65520,22336,18928,15504
>a 65520,22384,18848,15408
>a 65520,22224,18816,15392
>a 65520,22160,18768,15408
>a 65520,22160,18800,15456
>a 65520,22192,18928,15488
>a 65520,22096,18800,15408
>a 65520,22208,18784,15408
>a 65520,22176,18832,15504
>a 65520,22144,18832,15408
>a 65520,22176,18816,15344
>a 65520,22224,18768,15424
>a 65520,22304,18832,15424
>a 65520,22224,18848,15440
>a 65520,22224,18848,15504
>a 65520,22304,18928,15392
>a 65520,22160,18800,15424
>a 65520,22320,18816,15408
>a 65520,22272,18832,15456
>a 65520,22384,18816,15344
>a 65520,22384,18896,15424
>a 65520,22320,18848,15440
>a 65520,22368,18800,15424
>a 65520,22304,18800,15424
>a 65520,22368,18832,15424
>a 65520,22256,18912,15280
>a 65520,22416,18848,15424
>a 65520,22240,18912,15440
>a 65520,22384,18928,15456
>a 65520,22224,18816,15328
>a 65520,22256,18816,15440
>a 65520,22192,18800,15424
>a 65520,22240,18832,15456
>a 65520,22176,18784,15456
>a 65520,22112,18944,15280
>a 65520,22160,18832,15424
>a 65520,22128,18864,15392
>a 65520,22224,18816,15472
>a 65520,22224,18832,15456
>a 65520,22240,18816,15424
>a 65520,22240,18816,15408
>a 65520,22240,18816,15440
>a 65520,22304,18784,15296
>a 65520,22448,18864,15504
>a 65520,22368,18864,15376
>a 65520,22320,18800,15392
>a 65520,22384,18864,15408
>a 65520,22368,18800,15280
>a 65520,22432,18832,15392
>a 65520,22384,18848,15408
>a 65520,22384,18816,15520
>a 65520,22256,18896,15488
>a 65520,22432,18800,15408
>a 65520,22288,18816,15392
>a 65520,22288,18800,15408
>a 65520,22304,18864,15424
>a 65520,22384,18848,15472
>a 65520,22224,18816,15280
>a 65520,22304,18800,15424
>a 65520,22256,18816,15424
>a 65520,22288,18784,15424
>a 65520,22160,18832,15520
>a 65520,22128,18848,15440
>a 65520,22256,18832,15424
>a 65520,22160,18816,15440
>a 65520,22240,18832,15440
>a 65520,22128,18800,15392
>a 65520,22240,18800,15472
>a 65520,22128,18736,15408
>a 65520,22320,18784,15424
>a 65520,22320,18720,15440
>a 65520,22256,18800,15376
>a 65520,22416,18848,15440
>a 65520,22400,18816,15408
>a 65520,22432,18800,15456
>a 65520,22336,18816,15472
>a 65520,22416,18880,15424
>a 65520,22304,18896,15392
>a 65520,22416,18896,15424
>a 65520,22368,18800,15440
>a 65520,22320,18848,15424
>a 65520,22224,18896,15440
>a 65520,22288,18832,15456
>a 65520,22144,18880,15408
>a 65520,22272,18800,15312
>a 65520,22112,18800,15408
>a 65520,22256,18768,15408
>a 65520,22128,18832,15440
>a 65520,22144,18784,15392
>a 65520,22112,18784,15424
>a 65520,22128,18752,15360
>a 65520,22224,18832,15392
>a 65520,22192,18800,15408
>a 65520,22224,18800,15424
>a 65520,22128,18816,15488
>a 65520,22272,18816,15376
>a 65520,22416,18688,15440
>a 65520,22368,18832,15424
>a 65520,22320,18800,15440
>a 65520,22432,18832,15408
>a 65520,22336,18864,15360
>a 65520,22416,18784,15440
>a 65520,22496,18720,15408
>a 65520,22304,18800,15408
>a 65520,22384,18800,15344
>a 65520,22352,18800,15408
>a 65520,22416,18784,15472
>a 65520,22272,18784,15328
>a 65520,22304,18832,15488
>p 7,0
>a 65520,19344,18752,15472
>a 65520,16672,18736,15472
>a 65520,16448,18752,15392
>a 65520,16448,18768,15472
>a 65520,16496,18736,15488
>a 65520,16432,18688,15424
>a 65520,16432,18736,15392
>p 4,0
>a 65520,16464,18752,15376
>a 65520,15808,18736,15392
>a 65520,15760,18736,15408
>a 65520,15776,18736,15408
>a 65520,15760,18832,15408
>a 65520,15776,18736,15312
>a 65520,15856,18752,15376
>a 65520,15824,18624,15440
>a 65520,15728,18768,15408
>a 65520,15808,18768,15552
>a 65520,15824,18752,15424
>a 65520,15792,18736,15424
>a 65520,15808,18736,15392
>a 65520,15808,18768,15440
>a 65520,15776,18768,15424
>a 65520,15792,18720,15392
>a 65520,15712,18688,15376
>a 65520,15760,18752,15392
>a 65520,15776,18752,15408
>a 65520,15792,18768,15440
>a 65520,15776,18816,15424
>a 65520,15792,18768,15568
>a 65520,15808,18720,15408
>a 65520,15808,18736,15392
>a 65520,15776,18720,15408
>a 65520,15776,18704,15424
>a 65520,15872,18736,15408
>a 65520,15792,18768,15424
>a 65520,15760,18720,15408
>a 65520,15728,18736,15408
>a 65520,15760,18704,15408
>a 65520,15792,18720,15456
>a 65520,15776,18768,15424
>a 65520,15792,18768,15424
>a 65520,15904,18736,15376
>a 65520,15824,18752,15536
>a 65520,15824,18768,15424
>a 65520,15760,18736,15440
>a 65520,15792,18736,15408
>a 65520,15776,18736,15392
>a 65520,15824,18816,15504
>a 65520,15792,18752,15344
>a 65520,15952,18816,15408
>a 65520,15728,18784,15312
>a 65520,15808,18688,15360
>a 65520,15808,18768,15504
>a 65520,15824,18752,15440
>a 65520,15792,18736,15424
>a 65520,15792,18752,15456
>a 65520,15776,18752,15440
>a 65520,15792,18720,15424
>a 65520,15760,18608,15392
>a 65520,15856,18752,15408
>a 65520,15792,18736,15344
>a 65520,15808,18912,15488
>a 65520,15792,18720,15408
>a 65520,15792,18832,15520
>a 65520,15904,18752,15440
>a 65520,15840,18752,15408
>a 65520,15808,18736,15344
>a 65520,15808,18768,15440
>a 65520,15824,18720,15424
>a 65520,15792,18672,15376
>a 65520,15808,18768,15376
>a 65520,15824,18800,15408
>a 65520,15776,18736,15408
>a 65520,15792,18752,15408
>a 65520,15824,18736,15312
>a 65520,15744,18704,15472
>a 65520,15808,18768,15408
>a 65520,15904,18736,15328
>a 65520,15808,18736,15360
>a 65520,15824,18784,15440
>a 65520,15808,18752,15392
>a 65520,15856,18752,15408
>a 65520,15792,18816,15392
>a 65520,15792,18752,15424
>a 65520,15840,18768,15424
>a 65520,15776,18672,15440
>a 65520,15808,18768,15424
>a 65520,15712,18752,15424
>a 65520,15840,18720,15424
>a 65520,15888,18736,15424
>a 65520,15712,18768,15424
>a 65520,15760,18752,15424
>a 65520,15728,18752,15424
>a 65520,15840,18736,15424
>a 65520,15712,18736,15344
>a 65520,15872,18720,15392
>a 65520,15792,18736,15456
>a 65520,15728,18656,15408
>a 65520,15760,18784,15440
>a 65520,15776,18768,15408
>a 65520,15664,18752,15392
>a 65520,15744,18752,15392
>a 65520,15696,18768,15376
>a 65520,15728,18704,15408
>a 65520,15696,18736,15424
>a 65520,15728,18752,15408
>a 65520,15760,18752,15536
>a 65520,15792,18928,15424
>a 65520,15744,18832,15392
>a 65520,15760,18688,15424
>a 65520,15760,18688,15408
>a 65520,15728,18752,15392
>a 65520,15744,18736,15408
>a 65520,15776,18768,15408
>a 65520,15728,18800,15408
>a 65520,15744,18752,15408
>a 65520,15728,18736,15440
>a 65520,15744,18800,15440
>a 65520,15776,18768,15424
>a 65520,15712,18752,15392
>a 65520,15792,18752,15440
>a 65520,15776,18768,15408
>a 65520,15744,18768,15408
>a 65520,15776,18720,15408
>a 65520,15856,18720,15392
>a 65520,15776,18720,15408
>a 65520,15632,18736,15392
>a 65520,15760,18736,15312
>a 65520,15760,18768,15424
>a 65520,15776,18736,15392
>a 65520,15760,18736,15376
>a 65520,15760,18736,15408
>a 65520,15776,18768,15424
>a 65520,15728,18736,15440
>a 65520,15744,18848,15392
>a 65520,15808,18736,15408
>a 65520,15760,18848,15408
>a 65520,15872,18864,15296
>a 65520,15696,18784,15424
>a 65520,15712,18784,15344
>a 65520,15728,18768,15392
>a 65520,15760,18848,15296
>a 65520,15760,18784,15424
>a 65520,15760,18736,15344
>a 65520,15760,18688,15520
>a 65520,15760,18768,15296
>a 65520,15856,18768,15408
>a 65520,15792,18816,15456
>a 65520,15712,18688,15424
>a 65520,15776,18752,15328
>a 65520,15712,18800,15504
>a 65520,15872,18752,15408
>a 65520,15872,18608,15456
>a 65520,15792,18784,15376
>a 65520,15776,18752,15440
>a 65520,15760,18752,15344
>a 65520,15696,18752,15424
>a 65520,15744,18752,15344
>a 65520,15904,18784,15536
>a 65520,15760,18624,15424
>a 65520,15776,18736,15440
>a 65520,15712,18784,15408
>a 65520,15616,18752,15344
>a 65520,15760,18768,15376
>a 65520,15712,18752,15408
>a 65520,15792,18752,15408
>a 65520,15760,18688,15392
>a 65520,15792,18752,15392
>a 65520,15776,18688,15392
>a 65520,15760,18848,15520
>a 65520,15760,18704,15424
>a 65520,15760,18784,15424
>a 65520,15760,18752,15328
>a 65520,15696,18752,15440
>a 65520,15728,18736,15424
>a 65520,15760,18832,15408
>a 65520,15856,18832,15376
>a 65520,15760,18832,15424
>a 65520,15760,18736,15424
>a 65520,15744,18752,15520
>a 65520,15728,18736,15408
>a 65520,15696,18784,15440
>a 65520,15776,18720,15520
>a 65520,15792,18800,15520
>a 65520,15760,18720,15408
>a 65520,15728,18720,15440
>a 65520,15856,18768,15408
>a 65520,15776,18752,15408
>a 65520,15728,18720,15408
>a 65520,15760,18720,15408
>a 65520,15760,18736,15408
>a 65520,15872,18736,15488
>a 65520,15728,18736,15440
>a 65520,15760,18784,15424
>a 65520,15776,18752,15456
>a 65520,15776,18768,15408
>a 65520,15776,18848,15552
>a 65520,15872,18768,15456
>p 6,90
>a 65520,15728,24912,15440
>p 6,0
>a 65520,15776,19360,15456
>a 65520,15664,19344,15408
>a 65520,15776,19488,15552
>a 65520,15792,19328,15456
>a 65520,15776,19296,15440
>a 65520,15760,19264,15424
>a 65520,15776,19392,15504
>a 65520,15744,19264,15408
>a 65520,15744,19280,15392
>a 65520,15712,19264,15504
>a 65520,15776,19280,15392
>a 65520,15776,19280,15408
>a 65520,15760,19248,15440
>a 65520,15792,19280,15376
>a 65520,15744,19280,15456
>a 65520,15760,19280,15424
>a 65520,15776,19248,15408
>p 6,90
>a 65520,15728,25136,15440
>p 6,0
>a 65520,15776,19904,15408
>a 65520,15792,19872,15344
>a 65520,15760,19744,15424
>a 65520,15760,19824,15424
>a 65520,15776,19744,15424
>a 65520,15760,19808,15408
>a 65520,15760,19760,15408
>a 65520,15712,19760,15408
>a 65520,15728,19808,15472
>a 65520,15728,19808,15408
>a 65520,15728,19776,15408
>a 65520,15760,19760,15408
>a 65520,15712,19600,15392
>a 65520,15808,19744,15424
>a 65520,15776,19792,15408
>a 65520,15776,19744,15520
>a 65520,15664,19760,15408
>a 65520,15792,19776,15440
>a 65520,15792,19792,15440
>a 65520,15840,19760,15440
>a 65520,15728,19760,15392
>a 65520,15664,19840,15408
>a 65520,15744,19856,15504
>a 65520,15776,19760,15488
>a 65520,15888,19696,15408
>a 65520,15792,19760,15424
>a 65520,15792,19872,15456
>a 65520,15792,19744,15408
>a 65520,15760,19712,15408
>a 65520,15696,19856,15520
>a 65520,15744,19744,15376
>a 65520,15792,19728,15344
>a 65520,15744,19824,15408
>a 65520,15776,19728,15408
>a 65520,15712,19728,15392
>a 65520,15856,19760,15424
>a 65520,15760,19776,15440
>a 65520,15856,19680,15408
>a 65520,15776,19712,15424
>a 65520,15776,19728,15440
>a 65520,15792,19760,15408
>a 65520,15856,19712,15408
>a 65520,15760,19744,15408
>a 65520,15776,19728,15392
>a 65520,15744,19760,15472
>a 65520,15728,19696,15440
>a 65520,15792,19760,15440
>a 65520,15744,19744,15408
>a 65520,15728,19712,15328
>a 65520,15664,19760,15424
>a 65520,15792,19664,15392
>a 65520,15856,19712,15456
>a 65520,15712,19728,15456
>a 65520,15760,19728,15424
>a 65520,15792,19696,15440
>a 65520,15856,19744,15536
>a 65520,15760,19744,15456
>a 65520,15744,19760,15440
>a 65520,15744,19712,15408
>a 65520,15776,19760,15520
>a 65520,15856,19664,15392
>a 65520,15760,19728,15520
>a 65520,15792,19712,15424
>a 65520,15760,19744,15440
>a 65520,15776,19760,15456
>a 65520,15792,19888,15456
>a 65520,15760,19728,15376
>a 65520,15792,19664,15344
>a 65520,15792,19744,15456
>a 65520,15776,19760,15424
>a 65520,15776,19680,15392
>a 65520,15744,19760,15456
>a 65520,15760,19712,15408
>a 65520,15760,19648,15424
>a 65520,15712,19744,15392
>a 65520,15760,19760,15392
>a 65520,15712,19744,15520
>a 65520,15824,19744,15536
>a 65520,15776,19744,15424
>a 65520,15776,19696,15408
>a 65520,15776,19728,15440
>a 65520,15760,19712,15424
>a 65520,15776,19728,15440
>a 65520,15760,19744,15456
>a 65520,15728,19808,15440
>a 65520,15728,19760,15408
>a 65520,15776,19744,15424
>a 65520,15728,19904,15440
>a 65520,15760,19616,15408
>a 65520,15840,19744,15536
>a 65520,15792,19728,15440
>a 65520,15728,19712,15392
>a 65520,15776,19744,15456
>a 65520,15792,19760,15456
>a 65520,15856,19760,15440
>a 65520,15792,19760,15456
>a 65520,15776,19712,15424
>a 65520,15856,19680,15424
>a 65520,15760,19728,15424
>a 65520,15792,19728,15408
>a 65520,15776,19760,15520
>a 65520,15776,19680,15392
>a 65520,15792,19728,15440
>a 65520,15792,19728,15440
>a 65520,15776,19712,15424
>a 65520,15792,19728,15408
>a 65520,15760,19712,15440
>a 65520,15808,19696,15440
>a 65520,15760,19744,15424
>a 65520,15792,19696,15456
>a 65520,15776,19744,15440
>a 65520,15792,19680,15392
>a 65520,15744,19696,15456
>a 65520,15776,19712,15424
>a 65520,15856,19584,15376
>a 65520,15712,19840,15520
>a 65520,15792,19712,15456
>