
>v 1 Jul 11 2014, <C1459854>
>a 53264,15424,53040,15568
>a 53232,15408,53104,15456
>a 53344,15312,53120,15552
>a 53296,15440,53040,15456
>a 53376,15456,53072,15424
>a 53296,15376,53072,15472
>a 53328,15408,52992,15424
>a 53360,15472,53088,15568
>a 53296,15424,53104,15472
>a 53360,15392,53040,15456
>a 53296,15408,52976,15456
>a 53264,15408,53008,15472
>a 53264,15424,53072,15456
>a 53296,15488,53136,15440
>a 53248,15392,53024,15440
>a 53280,15408,53040,15520
>a 53296,15408,53040,15440
>a 53296,15440,53088,15536
>a 53296,15408,53088,15488
>a 53344,15424,53040,15472
>a 53312,15440,53088,15520
>a 53280,15392,53056,15408
>a 53280,15392,53136,15472
>a 53296,15520,53040,15424
>a 53296,15376,53088,15408
>a 53248,15392,53072,15472
>a 53280,15424,53040,15472
>a 53280,15440,53040,15424
>a 53280,15408,53056,15536
>a 53264,15344,53072,15424
>a 53296,15408,53120,15472
>a 53296,15408,53040,15456
>a 53280,15408,53056,15504
>a 53280,15392,53120,15472
>a 53296,15504,53152,15456
>a 53312,15440,53056,15472
>a 53296,15392,53056,15408
>a 53344,15408,53088,15472
>p 7,28
>p 7,28
>a 53296,15488,53040,15424
>a 53248,15376,53008,15472
>a 53312,15408,53040,15344
>p 7,33
>a 53312,15408,53040,15440
>a 49664,23680,52848,15456
>a 51040,21360,52832,15472
>a 50672,21792,52592,15456
>a 50768,21632,52528,15456
>a 50576,21552,52400,15520
>a 50432,21520,52272,15520
>a 50336,21536,52144,15472
>a 50160,21504,51936,15440
>a 50160,21408,51920,15440
>a 50048,21520,51808,15504
>a 49968,21424,51696,15424
>a 49904,21536,51568,15424
>a 49712,21456,51488,15424
>a 49696,21568,51328,15424
>a 49616,21584,51216,15408
>a 49424,21552,51120,15472
>p 7,34
>p 7,35
>p 7,36
>p 7,37
>a 48576,23136,50944,15424
>p 7,38
>p 7,39
>a 47008,26096,50752,15456
>p 7,40
>a 46800,26368,50592,15440
>a 46736,26096,50432,15344
>a 46512,26320,50272,15408
>a 46432,26240,50128,15344
>a 46128,26160,49968,15408
>a 46160,26288,49792,15504
>a 45824,26240,49696,15552
>a 45904,26400,49536,15520
>a 45648,26384,49360,15440
>a 45376,26304,49392,15392
>a 45216,26256,49008,15376
>a 45184,26272,48928,15504
>p 7,41
>p 7,42
>p 7,43
>p 7,44
>a 43648,29072,48752,15440
>p 7,45
>p 7,46
>p 7,47
>a 43360,30208,48544,15440
>p 7,48
>a 43360,31344,48352,15408
>p 7,49
>a 43568,32064,48288,15440
>p 7,50
>a 43440,32944,48096,15456
>p 7,51
>p 7,52
>a 43376,33616,47904,15392
>p 7,53
>a 43696,34208,47888,15456
>a 43376,34960,47664,15440
>p 7,54
>a 43600,35312,47552,15440
>p 7,55
>a 43696,35296,47408,15424
>a 43360,36176,47264,15360
>p 7,56
>a 43184,36784,47152,15392
>p 7,57
>p 7,58
>a 43104,37568,46992,15424
>a 43136,38160,46752,15408
>a 43504,37968,46768,15424
>a 43504,38032,46784,15440
>a 43520,37968,46528,15472
>p 7,59
>a 43376,37984,46416,15424
>p 7,60
>a 42656,39248,46288,15392
>p 7,61
>p 7,62
>a 42528,40128,46256,15440
>a 42400,40608,46064,15456
>a 42672,40752,45952,15424
>p 7,63
>a 42704,40880,45920,15424
>a 42672,40992,45744,15424
>a 42608,41136,45616,15408
>a 42640,41024,45520,15392
>a 42384,41008,45424,15440
>p 7,64
>p 7,65
>p 7,66
>p 7,67
>a 42192,41136,45168,15392
>a 42112,41136,45136,15408
>p 7,68
>a 42032,41040,45088,15376
>a 42000,41008,44960,15408
>p 7,67
>p 7,66
>p 7,65
>a 41968,40976,44848,15456
>p 7,64
>p 7,63
>p 7,62
>p 7,61
>a 41888,40912,44784,15472
>p 7,59
>p 7,58
>p 7,57
>p 7,56
>p 7,55
>p 7,54
>p 7,53
>a 42032,40368,44624,15344
>p 7,52
>p 7,50
>p 7,49
>p 7,48
>p 7,47
>p 7,46
>p 7,45
>a 45792,27200,44800,15408
>p 7,44
>p 7,43
>p 7,42
>p 7,41
>p 7,40
>p 7,39
>p 7,38
>a 44992,25616,44832,15360
>p 7,37
>p 7,36
>p 7,35
>a 45440,22720,44816,15392
>p 7,34
>p 7,33
>p 7,32
>p 7,31
>a 45424,20608,44928,15424
>p 7,30
>p 7,29
>p 7,28
>a 45872,18464,44976,15408
>p 7,27
>a 46000,17456,45072,15408
>p 7,26
>p 7,25
>a 46288,16608,45136,15344
>p 7,24
>a 46448,15920,45360,15408
>a 46624,15872,45472,15392
>p 7,25
>p 7,26
>p 7,27
>a 46544,15744,45600,15408
>p 7,28
>p 7,29
>p 7,30
>p 7,31
>a 45568,20560,45488,15424
>p 7,32
>p 7,33
>p 7,34
>a 45360,22256,45488,15408
>p 7,35
>p 7,36
>a 45456,23520,45488,15392
>p 7,37
>p 7,38
>p 7,39
>p 7,40
>a 44544,26192,45392,15424
>p 7,41
>p 7,42
>p 7,43
>p 7,44
>a 43792,28704,45312,15312
>p 7,45
>a 43712,29440,45168,15376
>p 7,43
>p 7,41
>p 7,40
>a 44480,28192,45168,15424
>p 7,39
>a 44800,25696,45168,15424
>a 44768,25504,45168,15440
>a 44624,25600,45072,15392
>a 44752,25584,45008,15408
>a 44592,25568,44944,15424
>a 44576,25568,44960,15424
>a 44512,25536,44960,15440
>a 44560,25504,44880,15408
>a 44496,25440,44864,15440
>a 44512,25584,44784,15568
>a 44368,25568,44800,15392
>a 44496,25456,44656,15392
>a 44432,25504,44672,15568
>