
>v 1 Jul 11 2014, <C1459854>
>a 28848,15248,28640,15248
>a 29008,15392,28640,15280
>a 28992,15360,28624,15312
>a 28880,15264,28608,15360
>a 28848,15376,28640,15280
>a 28896,15280,28688,15296
>a 28848,15232,28592,15216
>a 28928,15216,28656,15408
>a 28880,15264,28576,15312
>a 28880,15296,28688,15392
>a 28784,15264,28624,15296
>a 28864,15264,28688,15296
>a 28928,15216,28736,15280
>a 28880,15280,28624,15296
>a 28928,15312,28784,15328
>a 28896,15264,28608,15408
>a 28928,15344,28800,15328
>a 28880,15184,28704,15280
>a 28912,15264,28656,15280
>a 28928,15344,28672,15312
>p 4,90
>a 28832,15312,28544,15296
>a 28608,15328,28272,15328
>a 28384,15312,28144,15472
>a 28256,15248,28000,15312
>a 28112,15280,27872,15392
>a 27904,15360,27696,15312
>a 27792,15280,27568,15376
>a 27648,15264,27376,15312
>a 27488,15232,27280,15312
>a 27328,15280,27056,15280
>a 27248,15296,26960,15280
>p 4,0
>a 27200,15344,26896,15280
>a 27088,15376,26944,15280
>a 27184,15232,26944,15344
>a 27152,15248,26832,15248
>a 27184,15248,26928,15280
>a 27184,15248,26880,15424
>p 4,90
>a 27120,15312,26816,15296
>a 26928,15232,26672,15248
>a 26832,15216,26576,15296
>a 26672,15248,26400,15280
>a 26544,15136,26304,15312
>a 26400,15264,26240,15376
>a 26224,15280,26000,15296
>a 26096,15264,25888,15280
>a 26112,15408,25744,15296
>a 25984,15216,25632,15280
>a 25776,15264,25552,15280
>a 25648,15088,25488,15248
>a 25520,15248,25376,15264
>a 25488,15184,25296,15296
>a 25344,15248,25024,15328
>a 25152,15152,24880,15280
>a 24848,15248,24832,15264
>a 25024,15248,24736,15264
>a 24832,15216,24624,15344
>a 24752,15184,24432,15264
>a 24640,15280,24400,15248
>a 24528,15232,24288,15312
>a 24432,15232,24272,15376
>a 24368,15232,24080,15264
>a 24224,15248,23984,15312
>a 24128,15200,23920,15280
>a 24064,15184,23808,15264
>a 24080,15248,23648,15280
>a 23856,15216,23648,15280
>a 23776,15200,23616,15280
>a 23792,15264,23360,15248
>a 23600,15184,23440,15248
>p 6,90
>a 23472,15296,23264,15232
>a 23408,15232,23184,15248
>a 23360,15264,23168,15232
>a 23296,15264,23024,15328
>a 23136,15248,22896,15248
>a 23104,15200,22864,15248
>a 23008,15280,22704,15296
>a 22816,15248,22624,15248
>a 22864,15264,22592,15328
>a 22688,15216,22496,15328
>a 22704,15248,22336,15264
>a 22560,15216,22336,15152
>a 22544,15248,22368,15280
>a 22448,15232,22160,15264
>a 22208,15184,22080,15280
>a 22320,15248,22000,15264
>a 22192,15248,21952,15328
>a 22160,15232,21904,15264
>a 22112,15184,21824,15280
>a 21984,15168,21792,15232
>a 22064,15280,21680,15168
>a 21888,15264,21616,15344
>a 22000,15264,21552,15312
>a 21760,15184,21488,15216
>a 21712,15216,21392,15232
>p 5,90
>a 21536,15296,21296,15232
>a 21680,15216,21312,15280
>a 21504,15216,21200,15168
>p 5,0
>a 21424,15248,20528,15216
>a 20880,15248,20480,15216
>a 20848,15168,20336,15328
>a 20480,15168,20144,15248
>a 20320,15248,19952,15264
>a 20144,15264,19792,15344
>a 20032,15344,19616,15248
>a 19920,15216,19664,15248
>a 19808,15232,19248,15328
>a 19648,15216,19104,15248
>p 4,0
>a 19568,15216,19056,15200
>a 19456,15184,19024,15264
>a 19552,15184,18864,15264
>p 4,90
>a 19424,15088,18928,15248
>a 19104,15200,18704,15232
>a 19232,15184,18720,15312
>a 19168,15184,18480,15232
>a 19072,15152,18368,15216
>a 19072,15216,18224,15248
>a 18944,15216,18192,15248
>a 18928,15168,18080,15232
>p 6,0
>a 19680,15216,17792,15200
>a 21152,15312,17632,15216
>a 22512,15280,17568,15232
>a 23792,15248,17520,15328
>a 24704,15216,17392,15200
>a 25280,15360,17232,15312
>p 6,90
>a 22320,15248,17472,15216
>a 19680,15200,17408,15232
>a 18560,15232,17328,15216
>a 18384,15200,17312,15232
>a 18496,15200,17248,15264
>a 18480,15264,17184,15216
>a 18576,15232,17104,15328
>a 18496,15136,17184,15200
>a 18512,15216,17056,15216
>a 18480,15216,17088,15216
>a 18448,15296,16992,15248
>a 18400,15248,16896,15216
>a 18256,15216,16896,15200
>a 18336,15344,16848,15232
>a 18288,15216,16832,15232
>a 18224,15120,16720,15200
>a 18192,15232,16752,15216
>a 18192,15216,16736,15296
>a 18224,15200,16688,15216
>