
>
>
>
>v 1 Jul 10 2014, <0E8682B8>
>a 33424,15536,15184,15216
>a 33440,15568,15216,15296
>a 33408,15616,15248,15248
>a 33408,15584,15344,15280
>a 33408,15616,15216,15296
>a 33440,15600,15216,15248
>a 33424,15616,15216,15216
>a 33360,15600,15200,15152
>a 33424,15600,15216,15248
>a 33408,15600,15184,15248
>a 33472,15616,15264,15184
>a 33392,15616,15216,15248
>a 33472,15712,15312,15216
>a 33424,15600,15216,15264
>a 33408,15600,15232,15264
>a 33456,15616,15232,15232
>a 33440,15600,15232,15232
>a 33440,15584,15232,15216
>a 33536,15696,15152,15136
>a 33376,15584,15216,15232
>a 33440,15600,15232,15280
>a 33440,15616,15248,15216
>a 33424,15568,15216,15216
>a 33456,15616,15200,15248
>a 33488,15632,15216,15216
>a 33376,15536,15152,15216
>a 33536,15632,15168,15264
>a 33456,15584,15216,15184
>a 33440,15568,15200,15184
>a 33360,15568,15200,15248
>a 33456,15504,15184,15216
>a 33520,15552,15232,15216
>a 33648,15584,15168,15216
>a 33840,15648,15328,15216
>a 34144,15648,15216,15264
>a 34464,15616,15232,15232
>a 35152,15616,15280,15216
>a 35760,15696,15184,15216
>a 36560,15696,15216,15200
>a 37120,15664,15216,15264
>a 37760,15696,15200,15232
>a 38320,15776,15216,15040
>a 38992,15744,15232,15216
>a 39600,15760,15232,15248
>a 40208,15776,15216,15184
>a 40720,15744,15216,15248
>a 41328,15776,15216,15312
>a 41872,15792,15200,15216
>a 42320,15792,15168,15264
>a 42800,15840,15232,15216
>a 43328,15824,15216,15264
>a 43776,15824,15200,15200
>a 44160,15840,15216,15232
>a 44528,15872,15248,15216
>a 44848,15888,15424,15264
>a 45152,15824,15072,15168
>a 45408,15888,15200,15184
>a 45632,15792,15248,15248
>a 45840,15920,15248,15168
>a 45968,15888,15200,15248
>a 46192,15904,15056,15216
>a 46352,15824,15168,15168
>a 46448,15904,15312,15248
>a 46688,15856,15216,15200
>a 46704,15904,15216,15264
>a 46800,15936,15248,15248
>a 46928,15920,15200,15216
>a 47024,15728,15184,15216
>a 47120,15888,15200,15216
>a 47264,16080,15248,15216
>a 47280,15856,15296,15216
>a 47360,15856,15232,15248
>a 47344,15888,15280,15328
>a 47312,15744,15184,15216
>a 47568,15904,15248,15216
>a 47536,15872,15248,15312
>p 7,50
>a 40240,39792,15728,15264
>a 45216,44784,15888,15184
>a 45456,45152,15792,15280
>a 44816,44448,15856,15280
>a 44208,43888,15856,15280
>a 43776,43344,15776,15216
>a 43344,42912,15840,15296
>a 43104,42592,15760,15264
>a 42704,42320,15824,15344
>a 42544,42096,15760,15200
>a 42272,41872,15776,15296
>a 42160,41648,15728,15248
>a 41888,41488,15744,15264
>a 41728,41328,15856,15344
>a 41616,41136,15728,15264
>a 41488,41072,15760,15264
>a 41424,41008,15712,15120
>a 41328,40912,15728,15264
>p 7,0
>a 45312,28480,15488,15248
>a 48336,16672,15216,15264
>a 48816,15984,15216,15216
>a 49072,15920,15152,15216
>a 49232,15920,15232,15216
>a 49296,15920,15232,15280
>a 49392,15920,15184,15184
>p 7,50
>a 38560,38176,15792,15200
>a 38256,37712,15632,15264
>a 42464,42096,15792,15248
>a 43120,42736,15824,15344
>a 43088,42672,15856,15184
>a 42928,42528,15808,15264
>a 42768,42352,15792,15264
>a 42576,42192,15824,15248
>a 42400,41968,15792,15344
>a 42224,41856,15792,15216
>p 7,0
>a 44304,34608,15616,15344
>a 47920,17776,15280,15200
>a 48688,15856,15248,15216
>a 48944,15984,15248,15264
>a 49200,15920,15216,15232
>p 7,50
>a 38704,38320,15728,15264
>a 37264,36624,15792,15344
>a 40720,40304,15856,15152
>a 42208,41808,15792,15216
>a 42352,42016,15808,15248
>a 42288,41888,15792,15248
>a 42144,41760,15808,15248
>a 42000,41616,15776,15280
>a 41904,41552,15776,15296
>a 41824,41504,15856,15344
>a 41728,41376,15776,15280
>a 41680,41296,15760,15232
>a 41584,41104,15632,15232
>a 41456,41040,15744,15248
>a 41424,40928,15808,15216
>a 41296,40880,15792,15248
>a 41248,40784,15760,15216
>a 41312,40752,15728,15264
>a 41136,40720,15792,15344
>a 41088,40656,15808,15232
>a 41104,40592,15696,15264
>a 40848,40592,15776,15280
>a 40928,40544,15824,15280
>a 40880,40464,15760,15232
>a 40880,40464,15808,15120
>a 40816,40528,15760,15264
>a 40800,40432,15808,15216
>a 40752,40336,15840,15120
>a 40752,40368,15792,15216
>a 40704,40320,15728,15280
>a 40752,40240,15712,15200
>a 40672,40336,15776,15312
>a 40656,40192,15744,15248
>a 40640,40224,15792,15216
>a 40560,40144,15856,15248
>a 40560,40144,15760,15216
>p 7,0
>a 40576,40144,15776,15280
>a 46624,18720,15248,15232
>a 47792,15888,15248,15280
>a 48240,15936,15280,15216
>a 48432,15952,15248,15248
>a 48672,15952,15280,15264
>a 48816,15968,15232,15312
>a 48912,15920,15216,15248
>a 48944,15952,15200,15232
>a 49104,15952,15216,15168
>a 49248,15920,15264,15248
>a 49312,15888,15248,15232
>a 49440,16016,15232,15216
>a 49488,15920,15200,15264
>a 49536,15856,15200,15280
>a 49648,16016,15216,15216
>a 49712,15904,15232,15264
>a 49776,15920,15232,15200
>a 49872,15920,15248,15200
>a 50048,15920,15184,15168
>p 7,50
>a 39024,38608,15760,15248
>a 40048,39536,15728,15248
>a 43952,43488,15776,15200
>a 44128,43776,15792,15248
>a 43952,43488,15808,15120
>a 43728,43312,15792,15248
>a 43376,43056,15824,15232
>a 43296,42864,15760,15216
>a 43120,42656,15808,15264
>a 42912,42448,15792,15232
>a 42768,42384,15840,15344
>a 42672,42192,15824,15280
>a 42448,42160,15792,15280
>a 42336,41936,15744,15248
>a 42240,41808,15792,15264
>a 42128,41760,15792,15264
>a 42032,41744,15792,15232
>a 41904,41584,15792,15328
>a 41936,41504,15792,15168
>a 41792,41392,15792,15232
>p 7,0
>a 45360,29344,15440,15232
>a 47968,16816,15216,15216
>a 48624,15920,15216,15216
>a 48912,15888,15200,15232
>a 49008,15920,15200,15248
>a 49248,15920,15232,15216
>a 49264,15904,15184,15216
>a 49408,15856,15184,15200
>a 49552,15920,15232,15216
>a 49552,15824,15248,15248
>a 49648,15952,15280,15232
>a 49648,15920,15216,15184
>a 49760,15952,15248,15200
>a 49712,15888,15232,15216
>a 49840,15888,15216,15248
>a 49936,15920,15216,15232
>a 49936,15952,15296,15216
>a 50064,15920,15232,15248
>a 50224,15952,15232,15200
>a 50192,15888,15248,15200
>a 50256,15968,15248,15232
>a 50304,15968,15264,15200
>a 50432,15952,15248,15248
>a 50416,15984,15232,15216
>a 50384,15952,15248,15392
>a 50320,15952,15216,15248
>a 50432,15920,15232,15232
>a 50352,15968,15200,15232
>a 50432,15840,15232,15200
>a 50384,15920,15216,15200
>a 50352,16064,15216,15216
>a 50432,15952,15248,15216
>a 50352,15984,15280,15248
>a 50432,15952,15248,15184
>a 50416,15984,15296,15216
>a 50416,15872,15232,15216
>a 50352,15968,15136,15232
>a 50400,15920,15200,15344
>