
>
>
>
>
>
>
>
>q>q(shape) w,U,td,to,tref ...
250,250,10,70,105
250,250,36,100,175
250,230,36,50,50
>q 250,250,20,70,105
>e
0,0,6
1,0,7
2,0,7
3,0,7
4,0,8
5,0,8
7,0,8
8,0,8
9,0,9
10,0,10
11,0,10
12,0,12
14,0,13
15,0,14
16,0,14
17,0,15
18,0,17
19,0,18
21,0,18
22,0,19
23,0,21
24,0,23
25,0,23
26,0,25
28,0,27
29,0,29
30,0,29
31,0,32
32,0,34
33,0,37
35,0,37
36,0,39
37,0,42
38,0,46
39,0,46
40,0,48
42,0,52
43,0,57
44,0,57
45,0,59
46,0,64
47,0,67
49,0,67
50,0,72
51,0,78
52,0,82
53,0,82
54,0,88
56,0,91
57,0,99
58,0,99
59,0,105
60,0,111
61,0,117
63,0,117
64,0,123
65,0,131
66,0,139
67,0,139
68,0,144
70,0,154
71,0,161
72,0,161
73,0,169
74,0,178
75,0,187
77,0,187
78,0,195
79,0,206
80,0,213
81,0,213
82,0,225
84,0,236
85,0,247
86,0,247
87,0,254
88,0,268
89,0,280
91,0,280
92,0,293
93,0,304
94,0,316
95,0,316
96,0,333
98,0,348
99,0,359
100,0,359
101,0,373
102,0,389
103,0,405
105,0,405
106,0,418
107,0,432
108,0,448
109,0,448
110,0,465
112,0,486
113,0,507
114,0,507
115,0,519
116,0,539
117,0,559
119,0,559
120,0,575
121,0,592
122,0,619
123,0,619
124,0,635
126,0,653
127,0,675
128,0,675
129,0,699
130,0,724
131,0,749
133,0,749
134,0,767
135,0,792
136,0,822
137,0,822
138,0,843
140,0,866
141,0,891
142,0,891
143,0,922
144,0,942
145,0,968
147,0,968
148,0,1005
149,0,1028
150,0,1059
151,0,1059
152,0,1090
154,0,1115
155,0,1150
156,0,1150
157,0,1185
158,0,1213
159,0,1243
161,0,1243
162,0,1282
163,0,1314
164,0,1349
165,0,1349
166,0,1372
168,0,1408
169,0,1452
170,0,1452
171,0,1485
172,0,1523
173,0,1565
175,0,1565
176,0,1601
177,0,1632
178,0,1669
179,0,1669
180,0,1717
182,0,1765
183,0,1801
184,0,1801
185,0,1839
186,0,1887
187,0,1925
189,0,1925
190,0,1980
191,0,2020
192,0,2056
193,0,2056
194,0,2106
196,0,2160
197,0,2204
198,0,2204
199,0,2252
200,0,2302
201,0,2350
203,0,2350
204,0,2402
205,0,2455
206,0,2515
207,0,2515
208,0,2556
210,0,2608
211,0,2654
212,0,2654
213,0,2707
214,0,2771
215,0,2822
217,0,2822
218,0,2883
219,0,2949
220,0,3012
221,0,3012
222,0,3061
224,0,3128
225,0,3188
226,0,3188
227,0,3250
228,0,3316
229,0,3380
231,0,3380
232,0,3421
233,0,3507
234,0,3561
235,0,3561
236,0,3633
238,0,3691
239,0,3760
240,0,3760
241,0,3834
242,0,3900
243,0,3981
245,0,3981
246,0,4038
247,0,4120
248,0,4206
249,0,4206
250,0,4253
252,0,4335
253,0,4410
254,0,4410
255,0,4484
256,0,4549
257,0,4630
259,0,4630
260,0,4727
261,0,4791
262,0,4791
263,0,4904
264,0,4979
266,0,5052
267,0,5052
268,0,5129
269,0,5222
270,0,5306
271,0,5306
273,0,5398
274,0,5473
275,0,5553
276,0,5553
277,0,5668
278,0,5735
280,0,5838
281,0,5838
282,0,5932
283,0,6025
284,0,6119
285,0,6119
287,0,6216
288,0,6328
289,0,6394
290,0,6394
291,0,6502
292,0,6613
294,0,6693
295,0,6693
296,0,6797
297,0,6898
298,0,7029
299,0,7029
301,0,7094
302,0,7206
303,0,7301
304,0,7301
305,0,7416
306,0,7523
308,0,7671
309,0,7671
310,0,7741
311,0,7863
312,0,7956
313,0,7956
315,0,8107
316,0,8215
317,0,8319
318,0,8319
319,0,8418
320,0,8535
322,0,8694
323,0,8694
324,0,8819
325,0,8935
326,0,9045
327,0,9045
329,0,9171
330,0,9298
331,0,9416
332,0,9416
333,0,9571
334,0,9638
336,0,9708
337,0,9778
338,0,9849
339,0,9914
340,0,9988
341,0,10059
343,0,10137
344,0,10208
345,0,10285
346,0,10350
347,0,10419
348,0,10492
350,0,10569
351,0,10651
352,0,10714
353,0,10803
354,0,10872
355,0,10944
357,0,11044
358,0,11122
359,0,11202
360,0,11257
361,0,11343
362,0,11431
364,0,11521
365,0,11583
366,0,11679
367,0,11744
368,0,11845
369,0,11914
371,0,12019
372,0,12091
373,0,12165
374,0,12278
375,0,12355
376,0,12433
378,0,12513
379,0,12595
380,0,12678
381,0,12805
382,0,12892
383,0,12980
385,0,13070
386,0,13161
387,0,13254
388,0,13348
389,0,13444
390,0,13542
392,0,13591
393,0,13691
394,0,13793
395,0,13897
396,0,14002
397,0,14108
399,0,14162
400,0,14272
401,0,14383
402,0,14495
403,0,14552
404,0,14668
406,0,14785
407,0,14903
408,0,14964
409,0,15085
410,0,15208
411,0,15271
413,0,15397
414,0,15525
415,0,15590
416,0,15720
417,0,15853
418,0,15920
420,0,16055
421,0,16124
422,0,16262
423,0,16332
424,0,16473
425,0,16616
427,0,16689
428,0,16835
429,0,16908
430,0,17057
431,0,17133
432,0,17285
434,0,17362
435,0,17517
436,0,17595
437,0,17753
438,0,17833
439,0,17994
441,0,18076
442,0,18158
443,0,18323
444,0,18407
445,0,18575
446,0,18660
448,0,18832
449,0,18919
450,0,19094
451,0,19182
452,0,19271
453,0,19451
455,0,19541
456,0,19724
457,0,19816
458,0,19909
459,0,20096
460,0,20190
462,0,20285
463,0,20477
464,0,20573
465,0,20768
466,0,20867
467,0,20966
469,0,21165
470,0,21266
471,0,21367
472,0,21571
473,0,21674
474,0,21778
476,0,21987
477,0,22092
478,0,22198
479,0,22412
480,0,22520
481,0,22628
483,0,22737
484,0,22957
485,0,23068
486,0,23179
487,0,23403
488,0,23517
490,0,23630
491,0,23860
492,0,23976
493,0,24092
494,0,24209
495,0,24445
497,0,24563
498,0,24683
499,0,24803
500,0,25045
501,0,25167
502,0,25290
504,0,25413
505,0,25661
506,0,25786
507,0,25912
508,0,26166
509,0,26294
511,0,26422
512,0,26551
513,0,26681
514,0,26942
515,0,27074
516,0,27206
518,0,27340
519,0,27608
520,0,27743
521,0,27878
522,0,28015
523,0,28290
525,0,28428
526,0,28567
527,0,28707
528,0,28848
529,0,29131
530,0,29273
532,0,29416
533,0,29560
534,0,29705
535,0,29996
536,0,30143
537,0,30290
539,0,30439
540,0,30587
541,0,30887
542,0,31038
543,0,31190
544,0,31342
546,0,31495
547,0,31803
548,0,31959
549,0,32115
550,0,32271
551,0,32429
553,0,32587
554,0,32905
555,0,33065
556,0,33226
557,0,33388
558,0,33551
560,0,33878
561,0,34043
562,0,34208
563,0,34374
564,0,34541
565,0,34709
567,0,35047
568,0,35217
569,0,35387
570,0,35559
571,0,35731
572,0,35904
574,0,36252
575,0,36427
576,0,36603
577,0,36780
578,0,36958
579,0,37136
581,0,37315
582,0,37676
583,0,37857
584,0,38039
585,0,38222
586,0,38406
588,0,38591
589,0,38776
590,0,39149
591,0,39337
592,0,39525
593,0,39715
595,0,39905
596,0,40095
597,0,40287
598,0,40673
599,0,40867
600,0,41062
602,0,41258
603,0,41454
604,0,41651
605,0,41850
606,0,42048
607,0,42449
609,0,42650
610,0,42852
611,0,43055
612,0,43259
613,0,43464
614,0,43670
616,0,43876
617,0,44291
618,0,44500
619,0,44710
620,0,44920
621,0,45131
623,0,45344
624,0,45557
625,0,45771
626,0,46201
627,0,46417
628,0,46634
630,0,46853
631,0,47072
632,0,47291
633,0,47512
634,0,47734
635,0,47956
637,0,48403
638,0,48628
639,0,48854
640,0,49081
641,0,49309
642,0,49537
644,0,49766
645,0,49997
646,0,50228
647,0,50693
648,0,50926
649,0,51161
651,0,51396
652,0,51633
653,0,51870
654,0,52108
655,0,52347
656,0,52587
658,0,52828
659,0,53313
660,0,53556
661,0,53801
662,0,54046
663,0,54292
665,0,54539
666,0,54787
667,0,55036
668,0,55286
669,0,55537
670,0,55789
672,0,56295
673,0,56550
674,0,56805
675,0,57061
676,0,57319
677,0,57577
679,0,57836
680,0,58096
681,0,58357
682,0,58619
683,0,58882
684,0,59146
686,0,59676
687,0,59942
688,0,60210
689,0,60479
690,0,60748
691,0,61018
693,0,61290
694,0,61562
695,0,61835
696,0,62109
697,0,62385
698,0,62661
>
>
>q >q(shape) w,U,td,to,tref ...
250,250,20,70,105
250,250,36,100,175
250,230,36,50,50
>q 250,250,10,70,105
>t
0,0,12
100,0,12
100,0,200
110,0,200
110,0,277
120,0,277
120,0,300
130,0,300
130,0,299
140,0,299
140,0,286
150,0,286
150,0,269
160,0,269
160,0,251
170,0,251
170,0,235
180,0,235
180,0,220
190,0,220
190,0,208
200,0,208
200,0,198
210,0,198
210,0,188
220,0,188
220,0,180
230,0,180
230,0,174
240,0,174
240,0,169
250,0,169
250,0,164
260,0,164
260,0,160
270,0,160
270,0,157
280,0,157
280,0,154
290,0,154
290,0,152
300,0,152
300,0,151
310,0,151
310,0,150
320,0,150
320,0,148
330,0,148
330,0,147
340,0,147
340,0,146
350,0,146
350,0,576
420,0,576
420,0,12
540,0,12
540,0,12
1350,0,12
1350,10,10
1360,10,10
1365,10,10
>
>e
0,0,6
1,0,6
2,0,6
3,0,7
4,0,8
5,0,8
7,0,8
8,0,8
9,0,9
10,0,9
11,0,9
12,0,10
14,0,11
15,0,12
16,0,12
17,0,12
18,0,13
19,0,14
21,0,14
22,0,14
23,0,16
24,0,17
25,0,17
26,0,18
28,0,19
29,0,20
30,0,20
31,0,22
32,0,23
33,0,25
35,0,25
36,0,26
37,0,28
38,0,30
39,0,30
40,0,32
42,0,34
43,0,37
44,0,37
45,0,38
46,0,41
47,0,43
49,0,43
50,0,46
51,0,49
52,0,51
53,0,51
54,0,54
56,0,56
57,0,61
58,0,61
59,0,65
60,0,69
61,0,72
63,0,72
64,0,76
65,0,80
66,0,84
67,0,84
68,0,87
70,0,93
71,0,98
72,0,98
73,0,103
74,0,107
75,0,113
77,0,113
78,0,116
79,0,124
80,0,128
81,0,128
82,0,134
84,0,142
85,0,147
86,0,147
87,0,151
88,0,160
89,0,166
91,0,166
92,0,174
93,0,181
94,0,187
95,0,187
96,0,199
98,0,207
99,0,212
100,0,212
101,0,219
102,0,230
103,0,239
105,0,239
106,0,246
107,0,253
108,0,262
109,0,262
110,0,273
112,0,288
113,0,300
114,0,300
115,0,306
116,0,316
117,0,330
119,0,330
120,0,337
121,0,346
122,0,364
123,0,364
124,0,373
126,0,385
127,0,397
128,0,397
129,0,408
130,0,424
131,0,439
133,0,439
134,0,449
135,0,465
136,0,482
137,0,482
138,0,494
140,0,506
141,0,521
142,0,521
143,0,539
144,0,552
145,0,567
147,0,567
148,0,587
149,0,602
150,0,620
151,0,620
152,0,640
154,0,653
155,0,671
156,0,671
157,0,692
158,0,709
159,0,723
161,0,723
162,0,748
163,0,767
164,0,789
165,0,789
166,0,800
168,0,819
169,0,847
170,0,847
171,0,868
172,0,888
173,0,910
175,0,910
176,0,933
177,0,953
178,0,975
179,0,975
180,0,1001
182,0,1028
183,0,1049
184,0,1049
185,0,1072
186,0,1100
187,0,1122
189,0,1122
190,0,1155
191,0,1177
192,0,1194
193,0,1194
194,0,1223
196,0,1259
197,0,1283
198,0,1283
199,0,1313
200,0,1342
201,0,1370
203,0,1370
204,0,1400
205,0,1433
206,0,1464
207,0,1464
208,0,1492
210,0,1517
211,0,1542
212,0,1542
213,0,1571
214,0,1613
215,0,1643
217,0,1643
218,0,1680
219,0,1718
220,0,1754
221,0,1754
222,0,1781
224,0,1822
225,0,1853
226,0,1853
227,0,1893
228,0,1930
229,0,1968
231,0,1968
232,0,1991
233,0,2038
234,0,2070
235,0,2070
236,0,2115
238,0,2148
239,0,2191
240,0,2191
241,0,2226
242,0,2270
243,0,2318
245,0,2318
246,0,2337
247,0,2391
248,0,2444
249,0,2444
250,0,2476
252,0,2521
253,0,2567
254,0,2567
255,0,2609
256,0,2647
257,0,2699
259,0,2699
260,0,2746
261,0,2782
262,0,2782
263,0,2856
264,0,2893
266,0,2937
267,0,2937
268,0,2988
269,0,3034
270,0,3087
271,0,3087
273,0,3139
274,0,3181
275,0,3225
276,0,3225
277,0,3296
278,0,3331
280,0,3393
281,0,3393
282,0,3453
283,0,3505
284,0,3550
285,0,3550
287,0,3606
288,0,3682
289,0,3725
290,0,3725
291,0,3794
292,0,3845
294,0,3886
295,0,3886
296,0,3947
297,0,4019
298,0,4083
299,0,4083
301,0,4108
302,0,4180
303,0,4239
304,0,4239
305,0,4314
306,0,4370
308,0,4463
309,0,4463
310,0,4494
311,0,4567
312,0,4617
313,0,4617
315,0,4711
316,0,4772
317,0,4830
318,0,4830
319,0,4882
320,0,4956
322,0,5056
323,0,5056
324,0,5136
325,0,5189
326,0,5258
327,0,5258
329,0,5322
330,0,5397
331,0,5466
332,0,5466
333,0,5574
334,0,5642
336,0,5711
337,0,5782
338,0,5853
339,0,5918
340,0,5992
341,0,6063
343,0,6141
344,0,6212
345,0,6288
346,0,6354
347,0,6423
348,0,6496
350,0,6573
351,0,6654
352,0,6718
353,0,6806
354,0,6876
355,0,6948
357,0,7047
358,0,7125
359,0,7206
360,0,7261
361,0,7346
362,0,7434
364,0,7525
365,0,7587
366,0,7683
367,0,7748
368,0,7849
369,0,7917
371,0,8023
372,0,8095
373,0,8169
374,0,8281
375,0,8359
376,0,8437
378,0,8517
379,0,8598
380,0,8681
381,0,8809
382,0,8895
383,0,8983
385,0,9073
386,0,9164
387,0,9257
388,0,9352
389,0,9448
390,0,9545
392,0,9595
393,0,9695
394,0,9797
395,0,9900
396,0,10005
397,0,10112
399,0,10166
400,0,10275
401,0,10386
402,0,10499
403,0,10556
404,0,10671
406,0,10788
407,0,10907
408,0,10967
409,0,11089
410,0,11212
411,0,11274
413,0,11401
414,0,11528
415,0,11593
416,0,11724
417,0,11856
418,0,11923
420,0,12059
421,0,12127
422,0,12266
423,0,12335
424,0,12477
425,0,12620
427,0,12692
428,0,12838
429,0,12912
430,0,13061
431,0,13136
432,0,13288
434,0,13365
435,0,13520
436,0,13599
437,0,13757
438,0,13837
439,0,13998
441,0,14079
442,0,14161
443,0,14327
444,0,14410
445,0,14579
446,0,14664
448,0,14836
449,0,14922
450,0,15098
451,0,15186
452,0,15275
453,0,15454
455,0,15545
456,0,15727
457,0,15819
458,0,15912
459,0,16099
460,0,16194
462,0,16289
463,0,16480
464,0,16577
465,0,16772
466,0,16870
467,0,16969
469,0,17169
470,0,17270
471,0,17371
472,0,17575
473,0,17678
474,0,17782
476,0,17991
477,0,18096
478,0,18202
479,0,18416
480,0,18523
481,0,18632
483,0,18741
484,0,18960
485,0,19071
486,0,19182
487,0,19407
488,0,19520
490,0,19634
491,0,19864
492,0,19979
493,0,20096
494,0,20212
495,0,20448
497,0,20567
498,0,20686
499,0,20807
500,0,21049
501,0,21171
502,0,21293
504,0,21416
505,0,21665
506,0,21790
507,0,21916
508,0,22169
509,0,22297
511,0,22426
512,0,22555
513,0,22684
514,0,22946
515,0,23078
516,0,23210
518,0,23343
519,0,23611
520,0,23746
521,0,23882
522,0,24018
523,0,24293
525,0,24432
526,0,24571
527,0,24711
528,0,24851
529,0,25134
530,0,25277
532,0,25420
533,0,25564
534,0,25708
535,0,26000
536,0,26147
537,0,26294
539,0,26442
540,0,26591
541,0,26891
542,0,27042
543,0,27193
544,0,27346
546,0,27499
547,0,27807
548,0,27962
549,0,28118
550,0,28275
551,0,28432
553,0,28590
554,0,28909
555,0,29069
556,0,29230
557,0,29392
558,0,29554
560,0,29882
561,0,30046
562,0,30212
563,0,30378
564,0,30545
565,0,30713
567,0,31050
568,0,31220
569,0,31391
570,0,31562
571,0,31735
572,0,31908
574,0,32256
575,0,32431
576,0,32607
577,0,32784
578,0,32961
579,0,33140
581,0,33319
582,0,33679
583,0,33861
584,0,34043
585,0,34226
586,0,34410
588,0,34594
589,0,34780
590,0,35153
591,0,35340
592,0,35529
593,0,35718
595,0,35908
596,0,36099
597,0,36291
598,0,36676
599,0,36871
600,0,37065
602,0,37261
603,0,37458
604,0,37655
605,0,37853
606,0,38052
607,0,38452
609,0,38654
610,0,38856
611,0,39059
612,0,39263
613,0,39468
614,0,39673
616,0,39879
617,0,40295
618,0,40503
619,0,40713
620,0,40924
621,0,41135
623,0,41347
624,0,41560
625,0,41774
626,0,42204
627,0,42421
628,0,42638
630,0,42856
631,0,43075
632,0,43295
633,0,43516
634,0,43737
635,0,43960
637,0,44407
638,0,44632
639,0,44858
640,0,45085
641,0,45312
642,0,45541
644,0,45770
645,0,46000
646,0,46231
647,0,46696
648,0,46930
649,0,47165
651,0,47400
652,0,47636
653,0,47874
654,0,48112
655,0,48351
656,0,48591
658,0,48832
659,0,49316
660,0,49560
661,0,49804
662,0,50050
663,0,50296
665,0,50543
666,0,50791
667,0,51040
668,0,51290
669,0,51541
670,0,51793
672,0,52299
673,0,52553
674,0,52809
675,0,53065
676,0,53322
677,0,53580
679,0,53840
680,0,54100
681,0,54361
682,0,54622
683,0,54885
684,0,55149
686,0,55679
687,0,55946
688,0,56214
689,0,56482
690,0,56752
691,0,57022
693,0,57293
694,0,57566
695,0,57839
696,0,58113
697,0,58388
698,0,58664
>
>e
0,0,6
1,0,6
2,0,6
3,0,7
4,0,8
5,0,8
7,0,8
8,0,8
9,0,9
10,0,9
11,0,9
12,0,10
14,0,11
15,0,12
16,0,12
17,0,12
18,0,13
19,0,14
21,0,14
22,0,14
23,0,16
24,0,17
25,0,17
26,0,18
28,0,19
29,0,20
30,0,20
31,0,22
32,0,23
33,0,25
35,0,25
36,0,26
37,0,28
38,0,30
39,0,30
40,0,32
42,0,34
43,0,37
44,0,37
45,0,38
46,0,41
47,0,43
49,0,43
50,0,46
51,0,49
52,0,51
53,0,51
54,0,54
56,0,56
57,0,61
58,0,61
59,0,65
60,0,69
61,0,72
63,0,72
64,0,76
65,0,80
66,0,84
67,0,84
68,0,87
70,0,93
71,0,98
72,0,98
73,0,103
74,0,107
75,0,113
77,0,113
78,0,116
79,0,124
80,0,128
81,0,128
82,0,134
84,0,142
85,0,147
86,0,147
87,0,151
88,0,160
89,0,166
91,0,166
92,0,174
93,0,181
94,0,187
95,0,187
96,0,199
98,0,207
99,0,212
100,0,212
101,0,219
102,0,230
103,0,239
105,0,239
106,0,246
107,0,253
108,0,262
109,0,262
110,0,273
112,0,288
113,0,300
114,0,300
115,0,306
116,0,316
117,0,330
119,0,330
120,0,337
121,0,346
122,0,364
123,0,364
124,0,373
126,0,385
127,0,397
128,0,397
129,0,408
130,0,424
131,0,439
133,0,439
134,0,449
135,0,465
136,0,482
137,0,482
138,0,494
140,0,506
141,0,521
142,0,521
143,0,539
144,0,552
145,0,567
147,0,567
148,0,587
149,0,602
150,0,620
151,0,620
152,0,640
154,0,653
155,0,671
156,0,671
157,0,692
158,0,709
159,0,723
161,0,723
162,0,748
163,0,767
164,0,789
165,0,789
166,0,800
168,0,819
169,0,847
170,0,847
171,0,868
172,0,888
173,0,910
175,0,910
176,0,933
177,0,953
178,0,975
179,0,975
180,0,1001
182,0,1028
183,0,1049
184,0,1049
185,0,1072
186,0,1100
187,0,1122
189,0,1122
190,0,1155
191,0,1177
192,0,1194
193,0,1194
194,0,1223
196,0,1259
197,0,1283
198,0,1283
199,0,1313
200,0,1342
201,0,1370
203,0,1370
204,0,1400
205,0,1433
206,0,1464
207,0,1464
208,0,1492
210,0,1517
211,0,1542
212,0,1542
213,0,1571
214,0,1613
215,0,1643
217,0,1643
218,0,1680
219,0,1718
220,0,1754
221,0,1754
222,0,1781
224,0,1822
225,0,1853
226,0,1853
227,0,1893
228,0,1930
229,0,1968
231,0,1968
232,0,1991
233,0,2038
234,0,2070
235,0,2070
236,0,2115
238,0,2148
239,0,2191
240,0,2191
241,0,2226
242,0,2270
243,0,2318
245,0,2318
246,0,2337
247,0,2391
248,0,2444
249,0,2444
250,0,2476
252,0,2521
253,0,2567
254,0,2567
255,0,2609
256,0,2647
257,0,2699
259,0,2699
260,0,2746
261,0,2782
262,0,2782
263,0,2856
264,0,2893
266,0,2937
267,0,2937
268,0,2988
269,0,3034
270,0,3087
271,0,3087
273,0,3139
274,0,3181
275,0,3225
276,0,3225
277,0,3296
278,0,3331
280,0,3393
281,0,3393
282,0,3453
283,0,3505
284,0,3550
285,0,3550
287,0,3606
288,0,3682
289,0,3725
290,0,3725
291,0,3794
292,0,3845
294,0,3886
295,0,3886
296,0,3947
297,0,4019
298,0,4083
299,0,4083
301,0,4108
302,0,4180
303,0,4239
304,0,4239
305,0,4314
306,0,4370
308,0,4463
309,0,4463
310,0,4494
311,0,4567
312,0,4617
313,0,4617
315,0,4711
316,0,4772
317,0,4830
318,0,4830
319,0,4882
320,0,4956
322,0,5056
323,0,5056
324,0,5136
325,0,5189
326,0,5258
327,0,5258
329,0,5322
330,0,5397
331,0,5466
332,0,5466
333,0,5574
334,0,5642
336,0,5711
337,0,5782
338,0,5853
339,0,5918
340,0,5992
341,0,6063
343,0,6141
344,0,6212
345,0,6288
346,0,6354
347,0,6423
348,0,6496
350,0,6573
351,0,6654
352,0,6718
353,0,6806
354,0,6876
355,0,6948
357,0,7047
358,0,7125
359,0,7206
360,0,7261
361,0,7346
362,0,7434
364,0,7525
365,0,7587
366,0,7683
367,0,7748
368,0,7849
369,0,7917
371,0,8023
372,0,8095
373,0,8169
374,0,8281
375,0,8359
376,0,8437
378,0,8517
379,0,8598
380,0,8681
381,0,8809
382,0,8895
383,0,8983
385,0,9073
386,0,9164
387,0,9257
388,0,9352
389,0,9448
390,0,9545
392,0,9595
393,0,9695
394,0,9797
395,0,9900
396,0,10005
397,0,10112
399,0,10166
400,0,10275
401,0,10386
402,0,10499
403,0,10556
404,0,10671
406,0,10788
407,0,10907
408,0,10967
409,0,11089
410,0,11212
411,0,11274
413,0,11401
414,0,11528
415,0,11593
416,0,11724
417,0,11856
418,0,11923
420,0,12059
421,0,12127
422,0,12266
423,0,12335
424,0,12477
425,0,12620
427,0,12692
428,0,12838
429,0,12912
430,0,13061
431,0,13136
432,0,13288
434,0,13365
435,0,13520
436,0,13599
437,0,13757
438,0,13837
439,0,13998
441,0,14079
442,0,14161
443,0,14327
444,0,14410
445,0,14579
446,0,14664
448,0,14836
449,0,14922
450,0,15098
451,0,15186
452,0,15275
453,0,15454
455,0,15545
456,0,15727
457,0,15819
458,0,15912
459,0,16099
460,0,16194
462,0,16289
463,0,16480
464,0,16577
465,0,16772
466,0,16870
467,0,16969
469,0,17169
470,0,17270
471,0,17371
472,0,17575
473,0,17678
474,0,17782
476,0,17991
477,0,18096
478,0,18202
479,0,18416
480,0,18523
481,0,18632
483,0,18741
484,0,18960
485,0,19071
486,0,19182
487,0,19407
488,0,19520
490,0,19634
491,0,19864
492,0,19979
493,0,20096
494,0,20212
495,0,20448
497,0,20567
498,0,20686
499,0,20807
500,0,21049
501,0,21171
502,0,21293
504,0,21416
505,0,21665
506,0,21790
507,0,21916
508,0,22169
509,0,22297
511,0,22426
512,0,22555
513,0,22684
514,0,22946
515,0,23078
516,0,23210
518,0,23343
519,0,23611
520,0,23746
521,0,23882
522,0,24018
523,0,24293
525,0,24432
526,0,24571
527,0,24711
528,0,24851
529,0,25134
530,0,25277
532,0,25420
533,0,25564
534,0,25708
535,0,26000
536,0,26147
537,0,26294
539,0,26442
540,0,26591
541,0,26891
542,0,27042
543,0,27193
544,0,27346
546,0,27499
547,0,27807
548,0,27962
549,0,28118
550,0,28275
551,0,28432
553,0,28590
554,0,28909
555,0,29069
556,0,29230
557,0,29392
558,0,29554
560,0,29882
561,0,30046
562,0,30212
563,0,30378
564,0,30545
565,0,30713
567,0,31050
568,0,31220
569,0,31391
570,0,31562
571,0,31735
572,0,31908
574,0,32256
575,0,32431
576,0,32607
577,0,32784
578,0,32961
579,0,33140
581,0,33319
582,0,33679
583,0,33861
584,0,34043
585,0,34226
586,0,34410
588,0,34594
589,0,34780
590,0,35153
591,0,35340
592,0,35529
593,0,35718
595,0,35908
596,0,36099
597,0,36291
598,0,36676
599,0,36871
600,0,37065
602,0,37261
603,0,37458
604,0,37655
605,0,37853
606,0,38052
607,0,38452
609,0,38654
610,0,38856
611,0,39059
612,0,39263
613,0,39468
614,0,39673
616,0,39879
617,0,40295
618,0,40503
619,0,40713
620,0,40924
621,0,41135
623,0,41347
624,0,41560
625,0,41774
626,0,42204
627,0,42421
628,0,42638
630,0,42856
631,0,43075
632,0,43295
633,0,43516
634,0,43737
635,0,43960
637,0,44407
638,0,44632
639,0,44858
640,0,45085
641,0,45312
642,0,45541
644,0,45770
645,0,46000
646,0,46231
647,0,46696
648,0,46930
649,0,47165
651,0,47400
652,0,47636
653,0,47874
654,0,48112
655,0,48351
656,0,48591
658,0,48832
659,0,49316
660,0,49560
661,0,49804
662,0,50050
663,0,50296
665,0,50543
666,0,50791
667,0,51040
668,0,51290
669,0,51541
670,0,51793
672,0,52299
673,0,52553
674,0,52809
675,0,53065
676,0,53322
677,0,53580
679,0,53840
680,0,54100
681,0,54361
682,0,54622
683,0,54885
684,0,55149
686,0,55679
687,0,55946
688,0,56214
689,0,56482
690,0,56752
691,0,57022
693,0,57293
694,0,57566
695,0,57839
696,0,58113
697,0,58388
698,0,58664
>
>
>
>
>?1>ERASE 2>SIGN 3>RUN
-------------------------------
--------------------------------
--------------------------------
--------------------------------
--------------------------------
--------------------------------
--------------------------------
--------------------------------
--------------------------------
--------------------------------
--------------------------------
--------------------------------
--------------------------------
--------------------------------
--------------------------------
--------------------------------
--------------------------------
--------------------------------
--------------------------------
--------------------------------
--------------------------------
--------------------------------
--------------------------------
--------------------------------
--------------------------------
--------------------------------
--------------------------------
--------------------------------
--------------------------------
--------------------------------
--------------------------------
--------------------------------
--------------------------------
--------------------------------
--------------------------------
--------------------------------
--------------------------------
--------------------------------
--------------------------------
--------------------------------
--------------------------------
--------------------------------
--------------------------------
--------------------------------
--------------------------------
--------------------------------
--------------------------------
--------------------------------
--------------------------------
--------------------------------
--------------------------------
--------------------------------
--------------------------------
--------------------------------
--------------------------------
--------------------------------
--------------------------------
--------------------------------
--------------------------------
--------------------------------
--------------------------------
--------------------------------
--------------------------------
--------------------------------
--------------------------------
--------------------------------
--------------------------------
--------------------------------
--------------------------------
--------------------------------
--------------------------------
--------------------------------
--------------------------------
--------------------------------
--------------------------------
--------------------------------
--------------------------------
--------------------------------
--------------------------------
--------------------------------
--------------------------------
--------------------------------
--------------------------------
--------------------------------
--------------------------------
--------------------------------
--------------------------------
--------------------------------
--------------------------------
--------------------------------
--------------------------------
--------------------------------
--------------------------------
--------------------------------
--------------------------------
--------------------------------
--------------------------------
--------------------------------
--------------------------------
--------------------------------
--------------------------------
--------------------------------
--------------------------------
--------------------------------
--------------------------------
--------------------------------
--------------------------------
--------------------------------
--------------------------------
--------------------------------
--------------------------------
--------------------------------
--------------------------------
--------------------------------
--------------------------------
--------------------------------
--------------------------------
--------------------------------
--------------------------------
--------------------------------
--------------------------------
--------------------------------
--------------------------------
--------------------------------
--------------------------------
--------------------------------
--------------------------------
--------------------------------
--------------------------------
--------------------------------
--------------------------------
--------------------------------
--------------------------------
--------------------------------
--------------------------------
--------------------------------
--------------------------------
--------------------------------
--------------------------------
--------------------------------
--------------------------------
--------------------------------
--------------------------------
--------------------------------
--------------------------------
--------------------------------
--------------------------------
--------------------------------
--------------------------------
--------------------------------
--------------------------------
--------------------------------
--------------------------------
--------------------------------
--------------------------------
--------------------------------
--------------------------------
--------------------------------
--------------------------------
--------------------------------
--------------------------------
--------------------------------
--------------------------------
--------------------------------
--------------------------------
--------------------------------
--------------------------------
--------------------------------
--------------------------------
--------------------------------
--------------------------------
--------------------------------
--------------------------------
--------------------------------
--------------------------------
--------------------------------
--------------------------------
--------------------------------
--------------------------------
--------------------------------
--------------------------------
--------------------------------
--------------------------------
--------------------------------
--------------------------------
--------------------------------
--------------------------------
--------------------------------
--------------------------------
--------------------------------
--------------------------------
--------------------------------
--------------------------------
--------------------------------
--------------------------------
--------------------------------
--------------------------------
--------------------------------
--------------------------------
--------------------------------
--------------------------------
--------------------------------
--------------------------------
--------------------------------
--------------------------------
--------------------------------
--------------------------------
--------------------------------
--------------------------------
--------------------------------
--------------------------------
--------------------------------
--------------------------------
--------------------------------
--------------------------------
--------------------------------
--------------------------------
--------------------------------
--------------------------------
--------------------------------
--------------------------------
--------------------------------
--------------------------------
--------------------------------
--------------------------------
--------------------------------
--------------------------------
--------------------------------
--------------------------------
--------------------------------
--------------------------------
--------------------------------
--------------------------------
--------------------------------
--------------------------------
--------------------------------
--------------------------------
--------------------------------
--------------------------------
--------------------------------
--------------------------------
--------------------------------
--------------------------------
--------------------------------
--------------------------------
--------------------------------
--------------------------------
--------------------------------
--------------------------------
--------------------------------
--------------------------------
--------------------------------
--------------------------------
--------------------------------
--------------------------------
--------------------------------
--------------------------------
--------------------------------
--------------------------------
--------------------------------
--------------------------------
--------------------------------
--------------------------------
--------------------------------
--------------------------------
--------------------------------
--------------------------------
--------------------------------
--------------------------------
--------------------------------
--------------------------------
--------------------------------
--------------------------------
--------------------------------
--------------------------------
--------------------------------
--------------------------------
--------------------------------
--------------------------------
--------------------------------
--------------------------------
--------------------------------
--------------------------------
--------------------------------
--------------------------------
--------------------------------
--------------------------------
--------------------------------
--------------------------------? ... SWR reset
>
>-l d0,d1,d2,d3,,d4,d5,d6,d7
>
>
>
>-l
>
>
>
>-u serial
>
>
>
>s 180,180,50
>
>
>
>u 700... WTF(4)
>
>
>
>q 250,250,36,70,105
>
>
>
>
>
>q 250,250,36,100,175
>
>
>
>
>
>q 250,230,36,50,50
>
>
>
>
>
>+m 9,10,11
>
>
>
>-i
>
>
>
>
>
>
>
>
>
>
>
>s1
>p 105,500
>
>
>
>
>
>
>
>
>q>q(shape) w,U,td,to,tref ...
250,250,36,70,105
250,250,36,100,175
250,230,36,50,50
>
>
>
>e
0,0,6
1,0,8
2,0,8
3,0,8
4,0,9
5,0,9
7,0,9
8,0,9
9,0,11
10,0,12
11,0,12
12,0,16
14,0,17
15,0,20
16,0,20
17,0,22
18,0,24
19,0,27
21,0,27
22,0,30
23,0,33
24,0,37
25,0,37
26,0,40
28,0,46
29,0,51
30,0,51
31,0,55
32,0,61
33,0,66
35,0,66
36,0,71
37,0,77
38,0,84
39,0,84
40,0,91
42,0,98
43,0,107
44,0,107
45,0,114
46,0,123
47,0,134
49,0,134
50,0,144
51,0,154
52,0,165
53,0,165
54,0,176
56,0,186
57,0,200
58,0,200
59,0,212
60,0,225
61,0,240
63,0,240
64,0,255
65,0,269
66,0,288
67,0,288
68,0,302
70,0,320
71,0,339
72,0,339
73,0,357
74,0,375
75,0,396
77,0,396
78,0,416
79,0,436
80,0,457
81,0,457
82,0,480
84,0,505
85,0,527
86,0,527
87,0,550
88,0,578
89,0,606
91,0,606
92,0,630
93,0,659
94,0,685
95,0,685
96,0,718
98,0,748
99,0,782
100,0,782
101,0,811
102,0,849
103,0,880
105,0,880
106,0,914
107,0,947
108,0,990
109,0,990
110,0,1024
112,0,1066
113,0,1108
114,0,1108
115,0,1144
116,0,1185
117,0,1227
119,0,1227
120,0,1278
121,0,1314
122,0,1368
123,0,1368
124,0,1409
126,0,1455
127,0,1503
128,0,1503
129,0,1554
130,0,1606
131,0,1664
133,0,1664
134,0,1714
135,0,1768
136,0,1828
137,0,1828
138,0,1882
140,0,1945
141,0,1999
142,0,1999
143,0,2060
144,0,2117
145,0,2176
147,0,2176
148,0,2251
149,0,2317
150,0,2371
151,0,2371
152,0,2448
154,0,2516
155,0,2587
156,0,2587
157,0,2662
158,0,2728
159,0,2800
161,0,2800
162,0,2882
163,0,2962
164,0,3036
165,0,3036
166,0,3104
168,0,3196
169,0,3281
170,0,3281
171,0,3360
172,0,3445
173,0,3532
175,0,3532
176,0,3612
177,0,3706
178,0,3798
179,0,3798
180,0,3901
182,0,3994
183,0,4088
184,0,4088
185,0,4166
186,0,4284
187,0,4374
189,0,4374
190,0,4497
191,0,4582
192,0,4680
193,0,4680
194,0,4786
196,0,4903
197,0,5009
198,0,5009
199,0,5126
200,0,5244
201,0,5346
203,0,5346
204,0,5476
205,0,5587
206,0,5723
207,0,5723
208,0,5816
210,0,5940
211,0,6061
212,0,6061
213,0,6191
214,0,6321
215,0,6436
217,0,6436
218,0,6579
219,0,6737
220,0,6877
221,0,6877
222,0,7004
224,0,7151
225,0,7279
226,0,7279
227,0,7435
228,0,7566
229,0,7709
231,0,7709
232,0,7857
233,0,8001
234,0,8147
235,0,8147
236,0,8323
238,0,8491
239,0,8619
240,0,8619
241,0,8794
242,0,8943
243,0,9130
245,0,9130
246,0,9283
247,0,9465
248,0,9614
249,0,9614
250,0,9776
252,0,9963
253,0,10125
254,0,10125
255,0,10305
256,0,10476
257,0,10641
259,0,10641
260,0,10868
261,0,11009
262,0,11009
263,0,11249
264,0,11437
266,0,11616
267,0,11616
268,0,11817
269,0,11982
270,0,12193
271,0,12193
273,0,12401
274,0,12604
275,0,12809
276,0,12809
277,0,13059
278,0,13227
280,0,13448
281,0,13448
282,0,13669
283,0,13888
284,0,14101
285,0,14101
287,0,14312
288,0,14550
289,0,14753
290,0,14753
291,0,14983
292,0,15237
294,0,15444
295,0,15444
296,0,15672
297,0,15936
298,0,16182
299,0,16182
301,0,16392
302,0,16638
303,0,16884
304,0,16884
305,0,17158
306,0,17416
308,0,17697
309,0,17697
310,0,17879
311,0,18155
312,0,18385
313,0,18385
315,0,18686
316,0,18991
317,0,19236
318,0,19236
319,0,19496
320,0,19770
322,0,20083
323,0,20083
324,0,20359
325,0,20656
326,0,20934
327,0,20934
329,0,21191
330,0,21483
331,0,21758
332,0,21758
333,0,22112
334,0,22179
336,0,22249
337,0,22319
338,0,22390
339,0,22455
340,0,22529
341,0,22600
343,0,22678
344,0,22749
345,0,22826
346,0,22891
347,0,22960
348,0,23033
350,0,23110
351,0,23192
352,0,23255
353,0,23344
354,0,23413
355,0,23485
357,0,23585
358,0,23663
359,0,23743
360,0,23799
361,0,23884
362,0,23972
364,0,24062
365,0,24124
366,0,24220
367,0,24285
368,0,24386
369,0,24455
371,0,24560
372,0,24632
373,0,24706
374,0,24819
375,0,24896
376,0,24975
378,0,25054
379,0,25136
380,0,25219
381,0,25346
382,0,25433
383,0,25521
385,0,25611
386,0,25702
387,0,25795
388,0,25889
389,0,25985
390,0,26083
392,0,26132
393,0,26232
394,0,26334
395,0,26438
396,0,26543
397,0,26649
399,0,26703
400,0,26813
401,0,26924
402,0,27036
403,0,27093
404,0,27209
406,0,27326
407,0,27445
408,0,27505
409,0,27626
410,0,27750
411,0,27812
413,0,27938
414,0,28066
415,0,28131
416,0,28261
417,0,28394
418,0,28461
420,0,28596
421,0,28665
422,0,28803
423,0,28873
424,0,29014
425,0,29157
427,0,29230
428,0,29376
429,0,29449
430,0,29599
431,0,29674
432,0,29826
434,0,29903
435,0,30058
436,0,30136
437,0,30294
438,0,30374
439,0,30535
441,0,30617
442,0,30699
443,0,30864
444,0,30948
445,0,31116
446,0,31201
448,0,31373
449,0,31460
450,0,31635
451,0,31723
452,0,31812
453,0,31992
455,0,32082
456,0,32265
457,0,32357
458,0,32450
459,0,32637
460,0,32731
462,0,32826
463,0,33018
464,0,33114
465,0,33309
466,0,33408
467,0,33507
469,0,33706
470,0,33807
471,0,33908
472,0,34112
473,0,34215
474,0,34319
476,0,34528
477,0,34633
478,0,34739
479,0,34953
480,0,35061
481,0,35169
483,0,35278
484,0,35498
485,0,35609
486,0,35720
487,0,35945
488,0,36058
490,0,36172
491,0,36401
492,0,36517
493,0,36633
494,0,36750
495,0,36986
497,0,37104
498,0,37224
499,0,37344
500,0,37586
501,0,37708
502,0,37831
504,0,37954
505,0,38202
506,0,38327
507,0,38453
508,0,38707
509,0,38835
511,0,38963
512,0,39092
513,0,39222
514,0,39483
515,0,39615
516,0,39748
518,0,39881
519,0,40149
520,0,40284
521,0,40419
522,0,40556
523,0,40831
525,0,40969
526,0,41108
527,0,41248
528,0,41389
529,0,41672
530,0,41814
532,0,41957
533,0,42101
534,0,42246
535,0,42537
536,0,42684
537,0,42831
539,0,42980
540,0,43128
541,0,43428
542,0,43579
543,0,43731
544,0,43883
546,0,44036
547,0,44344
548,0,44500
549,0,44656
550,0,44812
551,0,44970
553,0,45128
554,0,45446
555,0,45606
556,0,45767
557,0,45929
558,0,46092
560,0,46419
561,0,46584
562,0,46749
563,0,46915
564,0,47082
565,0,47250
567,0,47588
568,0,47758
569,0,47928
570,0,48100
571,0,48272
572,0,48445
574,0,48793
575,0,48968
576,0,49144
577,0,49321
578,0,49499
579,0,49677
581,0,49856
582,0,50217
583,0,50398
584,0,50580
585,0,50763
586,0,50947
588,0,51132
589,0,51317
590,0,51690
591,0,51878
592,0,52066
593,0,52256
595,0,52446
596,0,52637
597,0,52828
598,0,53214
599,0,53408
600,0,53603
602,0,53799
603,0,53995
604,0,54193
605,0,54391
606,0,54590
607,0,54990
609,0,55191
610,0,55393
611,0,55597
612,0,55800
613,0,56005
614,0,56211
616,0,56417
617,0,56832
618,0,57041
619,0,57251
620,0,57461
621,0,57672
623,0,57885
624,0,58098
625,0,58312
626,0,58742
627,0,58958
628,0,59176
630,0,59394
631,0,59613
632,0,59832
633,0,60053
634,0,60275
635,0,60497
637,0,60945
638,0,61170
639,0,61395
640,0,61622
641,0,61850
642,0,62078
644,0,62307
645,0,62538
646,0,62769
647,0,63234
648,0,63467
649,0,63702
651,0,63937
652,0,64174
653,0,64411
654,0,64649
655,0,64888
656,0,65128
658,0,65369
659,0,65854
660,0,66097
661,0,66342
662,0,66587
663,0,66833
665,0,67080
666,0,67328
667,0,67577
668,0,67827
669,0,68078
670,0,68330
672,0,68836
673,0,69091
674,0,69346
675,0,69602
676,0,69860
677,0,70118
679,0,70377
680,0,70637
681,0,70898
682,0,71160
683,0,71423
684,0,71687
686,0,72217
687,0,72484
688,0,72751
689,0,73020
690,0,73289
691,0,73559
693,0,73831
694,0,74103
695,0,74376
696,0,74650
697,0,74926
698,0,75202
>
>
>
>
>
>q>q(shape) w,U,td,to,tref ...
250,250,36,70,105
250,250,36,100,175
250,230,36,50,50
>q 24    q 250,240,36,70,105
>s1
>e
0,0,6
1,0,8
2,0,8
3,0,8
4,0,9
5,0,9
7,0,9
8,0,9
9,0,11
10,0,12
11,0,12
12,0,16
14,0,17
15,0,20
16,0,20
17,0,22
18,0,24
19,0,27
21,0,27
22,0,30
23,0,33
24,0,37
25,0,37
26,0,40
28,0,46
29,0,51
30,0,51
31,0,55
32,0,61
33,0,66
35,0,66
36,0,71
37,0,77
38,0,84
39,0,84
40,0,91
42,0,98
43,0,107
44,0,107
45,0,114
46,0,123
47,0,134
49,0,134
50,0,144
51,0,154
52,0,165
53,0,165
54,0,176
56,0,186
57,0,200
58,0,200
59,0,212
60,0,225
61,0,240
63,0,240
64,0,255
65,0,269
66,0,288
67,0,288
68,0,302
70,0,320
71,0,339
72,0,339
73,0,357
74,0,375
75,0,396
77,0,396
78,0,416
79,0,436
80,0,457
81,0,457
82,0,480
84,0,505
85,0,527
86,0,527
87,0,550
88,0,578
89,0,606
91,0,606
92,0,630
93,0,659
94,0,685
95,0,685
96,0,718
98,0,748
99,0,782
100,0,782
101,0,811
102,0,849
103,0,880
105,0,880
106,0,914
107,0,947
108,0,990
109,0,990
110,0,1024
112,0,1066
113,0,1108
114,0,1108
115,0,1144
116,0,1185
117,0,1227
119,0,1227
120,0,1278
121,0,1314
122,0,1368
123,0,1368
124,0,1409
126,0,1455
127,0,1503
128,0,1503
129,0,1554
130,0,1606
131,0,1664
133,0,1664
134,0,1714
135,0,1768
136,0,1828
137,0,1828
138,0,1882
140,0,1945
141,0,1999
142,0,1999
143,0,2060
144,0,2117
145,0,2176
147,0,2176
148,0,2251
149,0,2317
150,0,2371
151,0,2371
152,0,2448
154,0,2516
155,0,2587
156,0,2587
157,0,2662
158,0,2728
159,0,2800
161,0,2800
162,0,2882
163,0,2962
164,0,3036
165,0,3036
166,0,3104
168,0,3196
169,0,3281
170,0,3281
171,0,3360
172,0,3445
173,0,3532
175,0,3532
176,0,3612
177,0,3706
178,0,3798
179,0,3798
180,0,3901
182,0,3994
183,0,4088
184,0,4088
185,0,4166
186,0,4284
187,0,4374
189,0,4374
190,0,4497
191,0,4582
192,0,4680
193,0,4680
194,0,4786
196,0,4903
197,0,5009
198,0,5009
199,0,5126
200,0,5244
201,0,5346
203,0,5346
204,0,5476
205,0,5587
206,0,5723
207,0,5723
208,0,5816
210,0,5940
211,0,6061
212,0,6061
213,0,6191
214,0,6321
215,0,6436
217,0,6436
218,0,6579
219,0,6737
220,0,6877
221,0,6877
222,0,7004
224,0,7151
225,0,7279
226,0,7279
227,0,7435
228,0,7566
229,0,7709
231,0,7709
232,0,7857
233,0,8001
234,0,8147
235,0,8147
236,0,8323
238,0,8491
239,0,8619
240,0,8619
241,0,8794
242,0,8943
243,0,9130
245,0,9130
246,0,9283
247,0,9465
248,0,9614
249,0,9614
250,0,9776
252,0,9963
253,0,10125
254,0,10125
255,0,10305
256,0,10476
257,0,10641
259,0,10641
260,0,10868
261,0,11009
262,0,11009
263,0,11249
264,0,11437
266,0,11616
267,0,11616
268,0,11817
269,0,11982
270,0,12193
271,0,12193
273,0,12401
274,0,12604
275,0,12809
276,0,12809
277,0,13059
278,0,13227
280,0,13448
281,0,13448
282,0,13669
283,0,13888
284,0,14101
285,0,14101
287,0,14312
288,0,14550
289,0,14753
290,0,14753
291,0,14983
292,0,15237
294,0,15444
295,0,15444
296,0,15672
297,0,15936
298,0,16182
299,0,16182
301,0,16392
302,0,16638
303,0,16884
304,0,16884
305,0,17158
306,0,17416
308,0,17697
309,0,17697
310,0,17879
311,0,18155
312,0,18385
313,0,18385
315,0,18686
316,0,18991
317,0,19236
318,0,19236
319,0,19514
320,0,19577
322,0,19640
323,0,19707
324,0,19767
325,0,19828
326,0,19898
327,0,19966
329,0,20027
330,0,20094
331,0,20166
332,0,20228
333,0,20293
334,0,20362
336,0,20435
337,0,20512
338,0,20573
339,0,20636
340,0,20723
341,0,20792
343,0,20863
344,0,20936
345,0,21012
346,0,21065
347,0,21145
348,0,21229
350,0,21315
351,0,21374
352,0,21464
353,0,21526
354,0,21590
355,0,21687
357,0,21754
358,0,21822
359,0,21927
360,0,21998
361,0,22071
362,0,22145
364,0,22221
365,0,22337
366,0,22416
367,0,22497
368,0,22579
369,0,22663
371,0,22748
372,0,22835
373,0,22923
374,0,22967
375,0,23058
376,0,23150
378,0,23244
379,0,23339
380,0,23436
381,0,23534
382,0,23584
383,0,23685
385,0,23788
386,0,23892
387,0,23945
388,0,24051
389,0,24160
390,0,24270
392,0,24325
393,0,24438
394,0,24553
395,0,24610
396,0,24728
397,0,24787
399,0,24907
400,0,25028
401,0,25090
402,0,25214
403,0,25277
404,0,25404
406,0,25532
407,0,25598
408,0,25729
409,0,25796
410,0,25930
411,0,25998
413,0,26136
414,0,26205
415,0,26345
416,0,26416
417,0,26559
418,0,26632
420,0,26778
421,0,26851
422,0,27000
423,0,27076
424,0,27228
425,0,27305
427,0,27460
428,0,27538
429,0,27617
430,0,27776
431,0,27856
432,0,28019
434,0,28101
435,0,28183
436,0,28350
437,0,28434
438,0,28603
439,0,28689
441,0,28775
442,0,28949
443,0,29037
444,0,29125
445,0,29303
446,0,29393
448,0,29575
449,0,29667
450,0,29759
451,0,29945
452,0,30039
453,0,30133
455,0,30324
456,0,30420
457,0,30516
458,0,30711
459,0,30810
460,0,30909
462,0,31008
463,0,31209
464,0,31310
465,0,31412
466,0,31617
467,0,31721
469,0,31825
470,0,32035
471,0,32141
472,0,32248
473,0,32355
474,0,32571
476,0,32680
477,0,32790
478,0,32900
479,0,33122
480,0,33234
481,0,33346
483,0,33460
484,0,33688
485,0,33803
486,0,33919
487,0,34035
488,0,34269
490,0,34388
491,0,34506
492,0,34626
493,0,34867
494,0,34988
495,0,35110
497,0,35232
498,0,35480
499,0,35604
500,0,35729
501,0,35855
502,0,36109
504,0,36237
505,0,36365
506,0,36494
507,0,36624
508,0,36885
509,0,37017
511,0,37149
512,0,37282
513,0,37416
514,0,37686
515,0,37821
516,0,37958
518,0,38095
519,0,38233
520,0,38510
521,0,38650
522,0,38790
523,0,38932
525,0,39074
526,0,39359
527,0,39503
528,0,39648
529,0,39793
530,0,39939
532,0,40086
533,0,40381
534,0,40530
535,0,40680
536,0,40830
537,0,40981
539,0,41133
540,0,41438
541,0,41592
542,0,41746
543,0,41902
544,0,42057
546,0,42214
547,0,42530
548,0,42688
549,0,42848
550,0,43008
551,0,43169
553,0,43331
554,0,43657
555,0,43821
556,0,43986
557,0,44151
558,0,44317
560,0,44484
561,0,44652
562,0,44990
563,0,45159
564,0,45330
565,0,45502
567,0,45674
568,0,45847
569,0,46021
570,0,46370
571,0,46546
572,0,46723
574,0,46901
575,0,47079
576,0,47258
577,0,47438
578,0,47619
579,0,47982
581,0,48165
582,0,48349
583,0,48534
584,0,48719
585,0,48905
586,0,49092
588,0,49468
589,0,49657
590,0,49848
591,0,50038
592,0,50230
593,0,50423
595,0,50616
596,0,50810
597,0,51005
598,0,51397
599,0,51594
600,0,51793
602,0,51991
603,0,52191
604,0,52392
605,0,52593
606,0,52795
607,0,52998
609,0,53407
610,0,53612
611,0,53819
612,0,54026
613,0,54234
614,0,54443
616,0,54653
617,0,54863
618,0,55074
619,0,55500
620,0,55713
621,0,55928
623,0,56144
624,0,56360
625,0,56577
626,0,56796
627,0,57015
628,0,57234
630,0,57455
631,0,57899
632,0,58122
633,0,58346
634,0,58571
635,0,58797
637,0,59024
638,0,59252
639,0,59480
640,0,59709
641,0,59940
642,0,60171
644,0,60636
645,0,60869
646,0,61104
647,0,61339
648,0,61576
649,0,61813
651,0,62051
652,0,62290
653,0,62530
654,0,62771
655,0,63013
656,0,63499
658,0,63744
659,0,63989
660,0,64235
661,0,64482
662,0,64730
663,0,64979
665,0,65229
666,0,65480
667,0,65732
668,0,65985
669,0,66238
670,0,66748
672,0,67004
673,0,67262
674,0,67520
675,0,67779
676,0,68039
677,0,68300
679,0,68562
680,0,68825
681,0,69088
682,0,69353
683,0,69619
684,0,69885
686,0,70421
687,0,70691
688,0,70961
689,0,71233
690,0,71505
691,0,71778
693,0,72052
694,0,72328
695,0,72604
696,0,72881
697,0,73159
698,0,73438
>
>e
0,0,6
1,0,8
2,0,8
3,0,8
4,0,9
5,0,9
7,0,9
8,0,9
9,0,11
10,0,12
11,0,12
12,0,16
14,0,17
15,0,20
16,0,20
17,0,22
18,0,24
19,0,27
21,0,27
22,0,30
23,0,33
24,0,37
25,0,37
26,0,40
28,0,46
29,0,51
30,0,51
31,0,55
32,0,61
33,0,66
35,0,66
36,0,71
37,0,77
38,0,84
39,0,84
40,0,91
42,0,98
43,0,107
44,0,107
45,0,114
46,0,123
47,0,134
49,0,134
50,0,144
51,0,154
52,0,165
53,0,165
54,0,176
56,0,186
57,0,200
58,0,200
59,0,212
60,0,225
61,0,240
63,0,240
64,0,255
65,0,269
66,0,288
67,0,288
68,0,302
70,0,320
71,0,339
72,0,339
73,0,357
74,0,375
75,0,396
77,0,396
78,0,416
79,0,436
80,0,457
81,0,457
82,0,480
84,0,505
85,0,527
86,0,527
87,0,550
88,0,578
89,0,606
91,0,606
92,0,630
93,0,659
94,0,685
95,0,685
96,0,718
98,0,748
99,0,782
100,0,782
101,0,811
102,0,849
103,0,880
105,0,880
106,0,914
107,0,947
108,0,990
109,0,990
110,0,1024
112,0,1066
113,0,1108
114,0,1108
115,0,1144
116,0,1185
117,0,1227
119,0,1227
120,0,1278
121,0,1314
122,0,1368
123,0,1368
124,0,1409
126,0,1455
127,0,1503
128,0,1503
129,0,1554
130,0,1606
131,0,1664
133,0,1664
134,0,1714
135,0,1768
136,0,1828
137,0,1828
138,0,1882
140,0,1945
141,0,1999
142,0,1999
143,0,2060
144,0,2117
145,0,2176
147,0,2176
148,0,2251
149,0,2317
150,0,2371
151,0,2371
152,0,2448
154,0,2516
155,0,2587
156,0,2587
157,0,2662
158,0,2728
159,0,2800
161,0,2800
162,0,2882
163,0,2962
164,0,3036
165,0,3036
166,0,3104
168,0,3196
169,0,3281
170,0,3281
171,0,3360
172,0,3445
173,0,3532
175,0,3532
176,0,3612
177,0,3706
178,0,3798
179,0,3798
180,0,3901
182,0,3994
183,0,4088
184,0,4088
185,0,4166
186,0,4284
187,0,4374
189,0,4374
190,0,4497
191,0,4582
192,0,4680
193,0,4680
194,0,4786
196,0,4903
197,0,5009
198,0,5009
199,0,5126
200,0,5244
201,0,5346
203,0,5346
204,0,5476
205,0,5587
206,0,5723
207,0,5723
208,0,5816
210,0,5940
211,0,6061
212,0,6061
213,0,6191
214,0,6321
215,0,6436
217,0,6436
218,0,6579
219,0,6737
220,0,6877
221,0,6877
222,0,7004
224,0,7151
225,0,7279
226,0,7279
227,0,7435
228,0,7566
229,0,7709
231,0,7709
232,0,7857
233,0,8001
234,0,8147
235,0,8147
236,0,8323
238,0,8491
239,0,8619
240,0,8619
241,0,8794
242,0,8943
243,0,9130
245,0,9130
246,0,9283
247,0,9465
248,0,9614
249,0,9614
250,0,9776
252,0,9963
253,0,10125
254,0,10125
255,0,10305
256,0,10476
257,0,10641
259,0,10641
260,0,10868
261,0,11009
262,0,11009
263,0,11249
264,0,11437
266,0,11616
267,0,11616
268,0,11817
269,0,11982
270,0,12193
271,0,12193
273,0,12401
274,0,12604
275,0,12809
276,0,12809
277,0,13059
278,0,13227
280,0,13448
281,0,13448
282,0,13669
283,0,13888
284,0,14101
285,0,14101
287,0,14312
288,0,14550
289,0,14753
290,0,14753
291,0,14983
292,0,15237
294,0,15444
295,0,15444
296,0,15672
297,0,15936
298,0,16182
299,0,16182
301,0,16392
302,0,16638
303,0,16884
304,0,16884
305,0,17158
306,0,17416
308,0,17697
309,0,17697
310,0,17879
311,0,18155
312,0,18385
313,0,18385
315,0,18686
316,0,18991
317,0,19236
318,0,19236
319,0,19514
320,0,19577
322,0,19640
323,0,19707
324,0,19767
325,0,19828
326,0,19898
327,0,19966
329,0,20027
330,0,20094
331,0,20166
332,0,20228
333,0,20293
334,0,20362
336,0,20435
337,0,20512
338,0,20573
339,0,20636
340,0,20723
341,0,20792
343,0,20863
344,0,20936
345,0,21012
346,0,21065
347,0,21145
348,0,21229
350,0,21315
351,0,21374
352,0,21464
353,0,21526
354,0,21590
355,0,21687
357,0,21754
358,0,21822
359,0,21927
360,0,21998
361,0,22071
362,0,22145
364,0,22221
365,0,22337
366,0,22416
367,0,22497
368,0,22579
369,0,22663
371,0,22748
372,0,22835
373,0,22923
374,0,22967
375,0,23058
376,0,23150
378,0,23244
379,0,23339
380,0,23436
381,0,23534
382,0,23584
383,0,23685
385,0,23788
386,0,23892
387,0,23945
388,0,24051
389,0,24160
390,0,24270
392,0,24325
393,0,24438
394,0,24553
395,0,24610
396,0,24728
397,0,24787
399,0,24907
400,0,25028
401,0,25090
402,0,25214
403,0,25277
404,0,25404
406,0,25532
407,0,25598
408,0,25729
409,0,25796
410,0,25930
411,0,25998
413,0,26136
414,0,26205
415,0,26345
416,0,26416
417,0,26559
418,0,26632
420,0,26778
421,0,26851
422,0,27000
423,0,27076
424,0,27228
425,0,27305
427,0,27460
428,0,27538
429,0,27617
430,0,27776
431,0,27856
432,0,28019
434,0,28101
435,0,28183
436,0,28350
437,0,28434
438,0,28603
439,0,28689
441,0,28775
442,0,28949
443,0,29037
444,0,29125
445,0,29303
446,0,29393
448,0,29575
449,0,29667
450,0,29759
451,0,29945
452,0,30039
453,0,30133
455,0,30324
456,0,30420
457,0,30516
458,0,30711
459,0,30810
460,0,30909
462,0,31008
463,0,31209
464,0,31310
465,0,31412
466,0,31617
467,0,31721
469,0,31825
470,0,32035
471,0,32141
472,0,32248
473,0,32355
474,0,32571
476,0,32680
477,0,32790
478,0,32900
479,0,33122
480,0,33234
481,0,33346
483,0,33460
484,0,33688
485,0,33803
486,0,33919
487,0,34035
488,0,34269
490,0,34388
491,0,34506
492,0,34626
493,0,34867
494,0,34988
495,0,35110
497,0,35232
498,0,35480
499,0,35604
500,0,35729
501,0,35855
502,0,36109
504,0,36237
505,0,36365
506,0,36494
507,0,36624
508,0,36885
509,0,37017
511,0,37149
512,0,37282
513,0,37416
514,0,37686
515,0,37821
516,0,37958
518,0,38095
519,0,38233
520,0,38510
521,0,38650
522,0,38790
523,0,38932
525,0,39074
526,0,39359
527,0,39503
528,0,39648
529,0,39793
530,0,39939
532,0,40086
533,0,40381
534,0,40530
535,0,40680
536,0,40830
537,0,40981
539,0,41133
540,0,41438
541,0,41592
542,0,41746
543,0,41902
544,0,42057
546,0,42214
547,0,42530
548,0,42688
549,0,42848
550,0,43008
551,0,43169
553,0,43331
554,0,43657
555,0,43821
556,0,43986
557,0,44151
558,0,44317
560,0,44484
561,0,44652
562,0,44990
563,0,45159
564,0,45330
565,0,45502
567,0,45674
568,0,45847
569,0,46021
570,0,46370
571,0,46546
572,0,46723
574,0,46901
575,0,47079
576,0,47258
577,0,47438
578,0,47619
579,0,47982
581,0,48165
582,0,48349
583,0,48534
584,0,48719
585,0,48905
586,0,49092
588,0,49468
589,0,49657
590,0,49848
591,0,50038
592,0,50230
593,0,50423
595,0,50616
596,0,50810
597,0,51005
598,0,51397
599,0,51594
600,0,51793
602,0,51991
603,0,52191
604,0,52392
605,0,52593
606,0,52795
607,0,52998
609,0,53407
610,0,53612
611,0,53819
612,0,54026
613,0,54234
614,0,54443
616,0,54653
617,0,54863
618,0,55074
619,0,55500
620,0,55713
621,0,55928
623,0,56144
624,0,56360
625,0,56577
626,0,56796
627,0,57015
628,0,57234
630,0,57455
631,0,57899
632,0,58122
633,0,58346
634,0,58571
635,0,58797
637,0,59024
638,0,59252
639,0,59480
640,0,59709
641,0,59940
642,0,60171
644,0,60636
645,0,60869
646,0,61104
647,0,61339
648,0,61576
649,0,61813
651,0,62051
652,0,62290
653,0,62530
654,0,62771
655,0,63013
656,0,63499
658,0,63744
659,0,63989
660,0,64235
661,0,64482
662,0,64730
663,0,64979
665,0,65229
666,0,65480
667,0,65732
668,0,65985
669,0,66238
670,0,66748
672,0,67004
673,0,67262
674,0,67520
675,0,67779
676,0,68039
677,0,68300
679,0,68562
680,0,68825
681,0,69088
682,0,69353
683,0,69619
684,0,69885
686,0,70421
687,0,70691
688,0,70961
689,0,71233
690,0,71505
691,0,71778
693,0,72052
694,0,72328
695,0,72604
696,0,72881
697,0,73159
698,0,73438
>
>q>q(shape) w,U,td,to,tref ...
250,239,36,70,105
250,250,36,100,175
250,230,36,50,50
>q 250,250,36,70,105
>p 105,400
>e
0,0,6
1,0,8
2,0,8
3,0,8
4,0,9
5,0,9
7,0,9
8,0,9
9,0,11
10,0,12
11,0,12
12,0,16
14,0,17
15,0,20
16,0,20
17,0,22
18,0,24
19,0,27
21,0,27
22,0,30
23,0,33
24,0,37
25,0,37
26,0,40
28,0,46
29,0,51
30,0,51
31,0,55
32,0,61
33,0,66
35,0,66
36,0,71
37,0,77
38,0,84
39,0,84
40,0,91
42,0,98
43,0,107
44,0,107
45,0,114
46,0,123
47,0,134
49,0,134
50,0,144
51,0,154
52,0,165
53,0,165
54,0,176
56,0,186
57,0,200
58,0,200
59,0,212
60,0,225
61,0,240
63,0,240
64,0,255
65,0,269
66,0,288
67,0,288
68,0,302
70,0,320
71,0,339
72,0,339
73,0,357
74,0,375
75,0,396
77,0,396
78,0,416
79,0,436
80,0,457
81,0,457
82,0,480
84,0,505
85,0,527
86,0,527
87,0,550
88,0,578
89,0,606
91,0,606
92,0,630
93,0,659
94,0,685
95,0,685
96,0,718
98,0,748
99,0,782
100,0,782
101,0,811
102,0,849
103,0,880
105,0,880
106,0,914
107,0,947
108,0,990
109,0,990
110,0,1024
112,0,1066
113,0,1108
114,0,1108
115,0,1144
116,0,1185
117,0,1227
119,0,1227
120,0,1278
121,0,1314
122,0,1368
123,0,1368
124,0,1409
126,0,1455
127,0,1503
128,0,1503
129,0,1554
130,0,1606
131,0,1664
133,0,1664
134,0,1714
135,0,1768
136,0,1828
137,0,1828
138,0,1882
140,0,1945
141,0,1999
142,0,1999
143,0,2060
144,0,2117
145,0,2176
147,0,2176
148,0,2251
149,0,2317
150,0,2371
151,0,2371
152,0,2448
154,0,2516
155,0,2587
156,0,2587
157,0,2662
158,0,2728
159,0,2800
161,0,2800
162,0,2882
163,0,2962
164,0,3036
165,0,3036
166,0,3104
168,0,3196
169,0,3281
170,0,3281
171,0,3360
172,0,3445
173,0,3532
175,0,3532
176,0,3612
177,0,3706
178,0,3798
179,0,3798
180,0,3901
182,0,3994
183,0,4088
184,0,4088
185,0,4166
186,0,4284
187,0,4374
189,0,4374
190,0,4497
191,0,4582
192,0,4680
193,0,4680
194,0,4786
196,0,4903
197,0,5009
198,0,5009
199,0,5126
200,0,5244
201,0,5346
203,0,5346
204,0,5476
205,0,5587
206,0,5723
207,0,5723
208,0,5816
210,0,5940
211,0,6061
212,0,6061
213,0,6191
214,0,6321
215,0,6436
217,0,6436
218,0,6579
219,0,6737
220,0,6877
221,0,6877
222,0,7004
224,0,7151
225,0,7279
226,0,7279
227,0,7435
228,0,7566
229,0,7709
231,0,7709
232,0,7857
233,0,8001
234,0,8147
235,0,8147
236,0,8323
238,0,8491
239,0,8619
240,0,8619
241,0,8794
242,0,8943
243,0,9130
245,0,9130
246,0,9283
247,0,9465
248,0,9614
249,0,9614
250,0,9776
252,0,9963
253,0,10125
254,0,10125
255,0,10305
256,0,10476
257,0,10641
259,0,10641
260,0,10868
261,0,11009
262,0,11009
263,0,11249
264,0,11437
266,0,11616
267,0,11616
268,0,11817
269,0,11982
270,0,12193
271,0,12193
273,0,12401
274,0,12604
275,0,12809
276,0,12809
277,0,13059
278,0,13227
280,0,13448
281,0,13448
282,0,13669
283,0,13888
284,0,14101
285,0,14101
287,0,14312
288,0,14550
289,0,14753
290,0,14753
291,0,14983
292,0,15237
294,0,15444
295,0,15444
296,0,15672
297,0,15936
298,0,16182
299,0,16182
301,0,16392
302,0,16638
303,0,16884
304,0,16884
305,0,17158
306,0,17416
308,0,17697
309,0,17697
310,0,17879
311,0,18155
312,0,18385
313,0,18385
315,0,18686
316,0,18991
317,0,19236
318,0,19236
319,0,19496
320,0,19770
322,0,20083
323,0,20083
324,0,20359
325,0,20656
326,0,20934
327,0,20934
329,0,21191
330,0,21483
331,0,21758
332,0,21758
333,0,22112
334,0,22179
336,0,22249
337,0,22319
338,0,22390
339,0,22455
340,0,22529
341,0,22600
343,0,22678
344,0,22749
345,0,22826
346,0,22891
347,0,22960
348,0,23033
350,0,23110
351,0,23192
352,0,23255
353,0,23344
354,0,23413
355,0,23485
357,0,23585
358,0,23663
359,0,23743
360,0,23799
361,0,23884
362,0,23972
364,0,24062
365,0,24124
366,0,24220
367,0,24285
368,0,24386
369,0,24455
371,0,24560
372,0,24632
373,0,24706
374,0,24819
375,0,24896
376,0,24975
378,0,25054
379,0,25136
380,0,25219
381,0,25346
382,0,25433
383,0,25521
385,0,25611
386,0,25702
387,0,25795
388,0,25889
389,0,25985
390,0,26083
392,0,26132
393,0,26232
394,0,26334
395,0,26438
396,0,26543
397,0,26649
399,0,26703
400,0,26813
401,0,26924
402,0,27036
403,0,27093
404,0,27209
406,0,27326
407,0,27445
408,0,27505
409,0,27626
410,0,27750
411,0,27812
413,0,27938
414,0,28066
415,0,28131
416,0,28261
417,0,28394
418,0,28461
420,0,28596
421,0,28665
422,0,28803
423,0,28873
424,0,29014
425,0,29157
427,0,29230
428,0,29376
429,0,29449
430,0,29599
431,0,29674
432,0,29826
434,0,29903
435,0,30058
436,0,30136
437,0,30294
438,0,30374
439,0,30535
441,0,30617
442,0,30699
443,0,30864
444,0,30948
445,0,31116
446,0,31201
448,0,31373
449,0,31460
450,0,31635
451,0,31723
452,0,31812
453,0,31992
455,0,32082
456,0,32265
457,0,32357
458,0,32450
459,0,32637
460,0,32731
462,0,32826
463,0,33018
464,0,33114
465,0,33309
466,0,33408
467,0,33507
469,0,33706
470,0,33807
471,0,33908
472,0,34112
473,0,34215
474,0,34319
476,0,34528
477,0,34633
478,0,34739
479,0,34953
480,0,35061
481,0,35169
483,0,35278
484,0,35498
485,0,35609
486,0,35720
487,0,35945
488,0,36058
490,0,36172
491,0,36401
492,0,36517
493,0,36633
494,0,36750
495,0,36986
497,0,37104
498,0,37224
499,0,37344
500,0,37586
501,0,37708
502,0,37831
504,0,37954
505,0,38202
506,0,38327
507,0,38453
508,0,38707
509,0,38835
511,0,38963
512,0,39092
513,0,39222
514,0,39483
515,0,39615
516,0,39748
518,0,39881
519,0,40149
520,0,40284
521,0,40419
522,0,40556
523,0,40831
525,0,40969
526,0,41108
527,0,41248
528,0,41389
529,0,41672
530,0,41814
532,0,41957
533,0,42101
534,0,42246
535,0,42537
536,0,42684
537,0,42831
539,0,42980
540,0,43128
541,0,43428
542,0,43579
543,0,43731
544,0,43883
546,0,44036
547,0,44344
548,0,44500
549,0,44656
550,0,44812
551,0,44970
553,0,45128
554,0,45446
555,0,45606
556,0,45767
557,0,45929
558,0,46092
560,0,46419
561,0,46584
562,0,46749
563,0,46915
564,0,47082
565,0,47250
567,0,47588
568,0,47758
569,0,47928
570,0,48100
571,0,48272
572,0,48445
574,0,48793
575,0,48968
576,0,49144
577,0,49321
578,0,49499
579,0,49677
581,0,49856
582,0,50217
583,0,50398
584,0,50580
585,0,50763
586,0,50947
588,0,51132
589,0,51317
590,0,51690
591,0,51878
592,0,52066
593,0,52256
595,0,52446
596,0,52637
597,0,52828
598,0,53214
599,0,53408
600,0,53603
602,0,53799
603,0,53995
604,0,54193
605,0,54391
606,0,54590
607,0,54990
609,0,55191
610,0,55393
611,0,55597
612,0,55800
613,0,56005
614,0,56211
616,0,56417
617,0,56832
618,0,57041
619,0,57251
620,0,57461
621,0,57672
623,0,57885
624,0,58098
625,0,58312
626,0,58742
627,0,58958
628,0,59176
630,0,59394
631,0,59613
632,0,59832
633,0,60053
634,0,60275
635,0,60497
637,0,60945
638,0,61170
639,0,61395
640,0,61622
641,0,61850
642,0,62078
644,0,62307
645,0,62538
646,0,62769
647,0,63234
648,0,63467
649,0,63702
651,0,63937
652,0,64174
653,0,64411
654,0,64649
655,0,64888
656,0,65128
658,0,65369
659,0,65854
660,0,66097
661,0,66342
662,0,66587
663,0,66833
665,0,67080
666,0,67328
667,0,67577
668,0,67827
669,0,68078
670,0,68330
672,0,68836
673,0,69091
674,0,69346
675,0,69602
676,0,69860
677,0,70118
679,0,70377
680,0,70637
681,0,70898
682,0,71160
683,0,71423
684,0,71687
686,0,72217
687,0,72484
688,0,72751
689,0,73020
690,0,73289
691,0,73559
693,0,73831
694,0,74103
695,0,74376
696,0,74650
697,0,74926
698,0,75202
>
>p   wq  q>q(shape) w,U,td,to,tref ...
250,250,36,70,105
250,250,36,100,175
250,230,36,50,50
>q 250,2590  0,10,70,105
>e
0,0,6
1,0,6
2,0,6
3,0,7
4,0,8
5,0,8
7,0,8
8,0,8
9,0,9
10,0,9
11,0,9
12,0,10
14,0,11
15,0,12
16,0,12
17,0,12
18,0,13
19,0,14
21,0,14
22,0,14
23,0,16
24,0,17
25,0,17
26,0,18
28,0,19
29,0,20
30,0,20
31,0,22
32,0,23
33,0,25
35,0,25
36,0,26
37,0,28
38,0,30
39,0,30
40,0,32
42,0,34
43,0,37
44,0,37
45,0,38
46,0,41
47,0,43
49,0,43
50,0,46
51,0,49
52,0,51
53,0,51
54,0,54
56,0,56
57,0,61
58,0,61
59,0,65
60,0,69
61,0,72
63,0,72
64,0,76
65,0,80
66,0,84
67,0,84
68,0,87
70,0,93
71,0,98
72,0,98
73,0,103
74,0,107
75,0,113
77,0,113
78,0,116
79,0,124
80,0,128
81,0,128
82,0,134
84,0,142
85,0,147
86,0,147
87,0,151
88,0,160
89,0,166
91,0,166
92,0,174
93,0,181
94,0,187
95,0,187
96,0,199
98,0,207
99,0,212
100,0,212
101,0,219
102,0,230
103,0,239
105,0,239
106,0,246
107,0,253
108,0,262
109,0,262
110,0,273
112,0,288
113,0,300
114,0,300
115,0,306
116,0,316
117,0,330
119,0,330
120,0,337
121,0,346
122,0,364
123,0,364
124,0,373
126,0,385
127,0,397
128,0,397
129,0,408
130,0,424
131,0,439
133,0,439
134,0,449
135,0,465
136,0,482
137,0,482
138,0,494
140,0,506
141,0,521
142,0,521
143,0,539
144,0,552
145,0,567
147,0,567
148,0,587
149,0,602
150,0,620
151,0,620
152,0,640
154,0,653
155,0,671
156,0,671
157,0,692
158,0,709
159,0,723
161,0,723
162,0,748
163,0,767
164,0,789
165,0,789
166,0,800
168,0,819
169,0,847
170,0,847
171,0,868
172,0,888
173,0,910
175,0,910
176,0,933
177,0,953
178,0,975
179,0,975
180,0,1001
182,0,1028
183,0,1049
184,0,1049
185,0,1072
186,0,1100
187,0,1122
189,0,1122
190,0,1155
191,0,1177
192,0,1194
193,0,1194
194,0,1223
196,0,1259
197,0,1283
198,0,1283
199,0,1313
200,0,1342
201,0,1370
203,0,1370
204,0,1400
205,0,1433
206,0,1464
207,0,1464
208,0,1492
210,0,1517
211,0,1542
212,0,1542
213,0,1571
214,0,1613
215,0,1643
217,0,1643
218,0,1680
219,0,1718
220,0,1754
221,0,1754
222,0,1781
224,0,1822
225,0,1853
226,0,1853
227,0,1893
228,0,1930
229,0,1968
231,0,1968
232,0,1991
233,0,2038
234,0,2070
235,0,2070
236,0,2115
238,0,2148
239,0,2191
240,0,2191
241,0,2226
242,0,2270
243,0,2318
245,0,2318
246,0,2337
247,0,2391
248,0,2444
249,0,2444
250,0,2476
252,0,2521
253,0,2567
254,0,2567
255,0,2609
256,0,2647
257,0,2699
259,0,2699
260,0,2746
261,0,2782
262,0,2782
263,0,2856
264,0,2893
266,0,2937
267,0,2937
268,0,2988
269,0,3034
270,0,3087
271,0,3087
273,0,3139
274,0,3181
275,0,3225
276,0,3225
277,0,3296
278,0,3331
280,0,3393
281,0,3393
282,0,3453
283,0,3505
284,0,3550
285,0,3550
287,0,3606
288,0,3682
289,0,3725
290,0,3725
291,0,3794
292,0,3845
294,0,3886
295,0,3886
296,0,3947
297,0,4019
298,0,4083
299,0,4083
301,0,4108
302,0,4180
303,0,4239
304,0,4239
305,0,4314
306,0,4370
308,0,4463
309,0,4463
310,0,4494
311,0,4567
312,0,4617
313,0,4617
315,0,4711
316,0,4772
317,0,4830
318,0,4830
319,0,4882
320,0,4956
322,0,5056
323,0,5056
324,0,5136
325,0,5189
326,0,5258
327,0,5258
329,0,5322
330,0,5397
331,0,5466
332,0,5466
333,0,5574
334,0,5642
336,0,5711
337,0,5782
338,0,5853
339,0,5918
340,0,5992
341,0,6063
343,0,6141
344,0,6212
345,0,6288
346,0,6354
347,0,6423
348,0,6496
350,0,6573
351,0,6654
352,0,6718
353,0,6806
354,0,6876
355,0,6948
357,0,7047
358,0,7125
359,0,7206
360,0,7261
361,0,7346
362,0,7434
364,0,7525
365,0,7587
366,0,7683
367,0,7748
368,0,7849
369,0,7917
371,0,8023
372,0,8095
373,0,8169
374,0,8281
375,0,8359
376,0,8437
378,0,8517
379,0,8598
380,0,8681
381,0,8809
382,0,8895
383,0,8983
385,0,9073
386,0,9164
387,0,9257
388,0,9352
389,0,9448
390,0,9545
392,0,9595
393,0,9695
394,0,9797
395,0,9900
396,0,10005
397,0,10112
399,0,10166
400,0,10275
401,0,10386
402,0,10499
403,0,10556
404,0,10671
406,0,10788
407,0,10907
408,0,10967
409,0,11089
410,0,11212
411,0,11274
413,0,11401
414,0,11528
415,0,11593
416,0,11724
417,0,11856
418,0,11923
420,0,12059
421,0,12127
422,0,12266
423,0,12335
424,0,12477
425,0,12620
427,0,12692
428,0,12838
429,0,12912
430,0,13061
431,0,13136
432,0,13288
434,0,13365
435,0,13520
436,0,13599
437,0,13757
438,0,13837
439,0,13998
441,0,14079
442,0,14161
443,0,14327
444,0,14410
445,0,14579
446,0,14664
448,0,14836
449,0,14922
450,0,15098
451,0,15186
452,0,15275
453,0,15454
455,0,15545
456,0,15727
457,0,15819
458,0,15912
459,0,16099
460,0,16194
462,0,16289
463,0,16480
464,0,16577
465,0,16772
466,0,16870
467,0,16969
469,0,17169
470,0,17270
471,0,17371
472,0,17575
473,0,17678
474,0,17782
476,0,17991
477,0,18096
478,0,18202
479,0,18416
480,0,18523
481,0,18632
483,0,18741
484,0,18960
485,0,19071
486,0,19182
487,0,19407
488,0,19520
490,0,19634
491,0,19864
492,0,19979
493,0,20096
494,0,20212
495,0,20448
497,0,20567
498,0,20686
499,0,20807
500,0,21049
501,0,21171
502,0,21293
504,0,21416
505,0,21665
506,0,21790
507,0,21916
508,0,22169
509,0,22297
511,0,22426
512,0,22555
513,0,22684
514,0,22946
515,0,23078
516,0,23210
518,0,23343
519,0,23611
520,0,23746
521,0,23882
522,0,24018
523,0,24293
525,0,24432
526,0,24571
527,0,24711
528,0,24851
529,0,25134
530,0,25277
532,0,25420
533,0,25564
534,0,25708
535,0,26000
536,0,26147
537,0,26294
539,0,26442
540,0,26591
541,0,26891
542,0,27042
543,0,27193
544,0,27346
546,0,27499
547,0,27807
548,0,27962
549,0,28118
550,0,28275
551,0,28432
553,0,28590
554,0,28909
555,0,29069
556,0,29230
557,0,29392
558,0,29554
560,0,29882
561,0,30046
562,0,30212
563,0,30378
564,0,30545
565,0,30713
567,0,31050
568,0,31220
569,0,31391
570,0,31562
571,0,31735
572,0,31908
574,0,32256
575,0,32431
576,0,32607
577,0,32784
578,0,32961
579,0,33140
581,0,33319
582,0,33679
583,0,33861
584,0,34043
585,0,34226
586,0,34410
588,0,34594
589,0,34780
590,0,35153
591,0,35340
592,0,35529
593,0,35718
595,0,35908
596,0,36099
597,0,36291
598,0,36676
599,0,36871
600,0,37065
602,0,37261
603,0,37458
604,0,37655
605,0,37853
606,0,38052
607,0,38452
609,0,38654
610,0,38856
611,0,39059
612,0,39263
613,0,39468
614,0,39673
616,0,39879
617,0,40295
618,0,40503
619,0,40713
620,0,40924
621,0,41135
623,0,41347
624,0,41560
625,0,41774
626,0,42204
627,0,42421
628,0,42638
630,0,42856
631,0,43075
632,0,43295
633,0,43516
634,0,43737
635,0,43960
637,0,44407
638,0,44632
639,0,44858
640,0,45085
641,0,45312
642,0,45541
644,0,45770
645,0,46000
646,0,46231
647,0,46696
648,0,46930
649,0,47165
651,0,47400
652,0,47636
653,0,47874
654,0,48112
655,0,48351
656,0,48591
658,0,48832
659,0,49316
660,0,49560
661,0,49804
662,0,50050
663,0,50296
665,0,50543
666,0,50791
667,0,51040
668,0,51290
669,0,51541
670,0,51793
672,0,52299
673,0,52553
674,0,52809
675,0,53065
676,0,53322
677,0,53580
679,0,53840
680,0,54100
681,0,54361
682,0,54622
683,0,54885
684,0,55149
686,0,55679
687,0,55946
688,0,56214
689,0,56482
690,0,56752
691,0,57022
693,0,57293
694,0,57566
695,0,57839
696,0,58113
697,0,58388
698,0,58664
>
>t
0,0,12
100,0,12
100,0,194
110,0,194
110,0,264
120,0,264
120,0,280
130,0,280
130,0,273
140,0,273
140,0,254
150,0,254
150,0,232
160,0,232
160,0,210
170,0,210
170,0,190
180,0,190
180,0,172
190,0,172
190,0,157
200,0,157
200,0,145
210,0,145
210,0,133
220,0,133
220,0,124
230,0,124
230,0,116
240,0,116
240,0,110
250,0,110
250,0,104
260,0,104
260,0,100
270,0,100
270,0,96
280,0,96
280,0,93
290,0,93
290,0,90
300,0,90
300,0,89
310,0,89
310,0,87
320,0,87
320,0,85
330,0,85
330,0,84
340,0,84
340,0,83
350,0,83
350,0,576
420,0,576
420,0,12
540,0,12
540,0,12
1350,0,12
1350,10,10
1360,10,10
1365,10,10
>
>t
0,0,12
100,0,12
100,0,194
110,0,194
110,0,264
120,0,264
120,0,280
130,0,280
130,0,273
140,0,273
140,0,254
150,0,254
150,0,232
160,0,232
160,0,210
170,0,210
170,0,190
180,0,190
180,0,172
190,0,172
190,0,157
200,0,157
200,0,145
210,0,145
210,0,133
220,0,133
220,0,124
230,0,124
230,0,116
240,0,116
240,0,110
250,0,110
250,0,104
260,0,104
260,0,100
270,0,100
270,0,96
280,0,96
280,0,93
290,0,93
290,0,90
300,0,90
300,0,89
310,0,89
310,0,87
320,0,87
320,0,85
330,0,85
330,0,84
340,0,84
340,0,83
350,0,83
350,0,576
420,0,576
420,0,12
540,0,12
540,0,12
1350,0,12
1350,10,10
1360,10,10
1365,10,10
>
>q 250,      ? ... SWR reset
>
>-l d0,d1,d2,d3,,d4,d5,d6,d7
>
>
>
>-l
>
>
>
>-u serial
>
>
>
>s 180,180,50
>
>
>
>u 700... WTF(4)
>
>
>
>q 250,250,36,70,105
>
>
>
>
>
>q 250,250,36,100,175
>
>
>
>
>
>q 250,230,36,50,50
>
>
>
>
>
>+m 9,10,11
>
>
>
>-i
>
>s1
>p 105,500
>e
0,0,6
1,0,8
2,0,8
3,0,8
4,0,9
5,0,9
7,0,9
8,0,9
9,0,11
10,0,12
11,0,12
12,0,16
14,0,17
15,0,20
16,0,20
17,0,22
18,0,24
19,0,27
21,0,27
22,0,30
23,0,33
24,0,37
25,0,37
26,0,40
28,0,46
29,0,51
30,0,51
31,0,55
32,0,61
33,0,66
35,0,66
36,0,71
37,0,77
38,0,84
39,0,84
40,0,91
42,0,98
43,0,107
44,0,107
45,0,114
46,0,123
47,0,134
49,0,134
50,0,144
51,0,154
52,0,165
53,0,165
54,0,176
56,0,186
57,0,200
58,0,200
59,0,212
60,0,225
61,0,240
63,0,240
64,0,255
65,0,269
66,0,288
67,0,288
68,0,302
70,0,320
71,0,339
72,0,339
73,0,357
74,0,375
75,0,396
77,0,396
78,0,416
79,0,436
80,0,457
81,0,457
82,0,480
84,0,505
85,0,527
86,0,527
87,0,550
88,0,578
89,0,606
91,0,606
92,0,630
93,0,659
94,0,685
95,0,685
96,0,718
98,0,748
99,0,782
100,0,782
101,0,811
102,0,849
103,0,880
105,0,880
106,0,914
107,0,947
108,0,990
109,0,990
110,0,1024
112,0,1066
113,0,1108
114,0,1108
115,0,1144
116,0,1185
117,0,1227
119,0,1227
120,0,1278
121,0,1314
122,0,1368
123,0,1368
124,0,1409
126,0,1455
127,0,1503
128,0,1503
129,0,1554
130,0,1606
131,0,1664
133,0,1664
134,0,1714
135,0,1768
136,0,1828
137,0,1828
138,0,1882
140,0,1945
141,0,1999
142,0,1999
143,0,2060
144,0,2117
145,0,2176
147,0,2176
148,0,2251
149,0,2317
150,0,2371
151,0,2371
152,0,2448
154,0,2516
155,0,2587
156,0,2587
157,0,2662
158,0,2728
159,0,2800
161,0,2800
162,0,2882
163,0,2962
164,0,3036
165,0,3036
166,0,3104
168,0,3196
169,0,3281
170,0,3281
171,0,3360
172,0,3445
173,0,3532
175,0,3532
176,0,3612
177,0,3706
178,0,3798
179,0,3798
180,0,3901
182,0,3994
183,0,4088
184,0,4088
185,0,4166
186,0,4284
187,0,4374
189,0,4374
190,0,4497
191,0,4582
192,0,4680
193,0,4680
194,0,4786
196,0,4903
197,0,5009
198,0,5009
199,0,5126
200,0,5244
201,0,5346
203,0,5346
204,0,5476
205,0,5587
206,0,5723
207,0,5723
208,0,5816
210,0,5940
211,0,6061
212,0,6061
213,0,6191
214,0,6321
215,0,6436
217,0,6436
218,0,6579
219,0,6737
220,0,6877
221,0,6877
222,0,7004
224,0,7151
225,0,7279
226,0,7279
227,0,7435
228,0,7566
229,0,7709
231,0,7709
232,0,7857
233,0,8001
234,0,8147
235,0,8147
236,0,8323
238,0,8491
239,0,8619
240,0,8619
241,0,8794
242,0,8943
243,0,9130
245,0,9130
246,0,9283
247,0,9465
248,0,9614
249,0,9614
250,0,9776
252,0,9963
253,0,10125
254,0,10125
255,0,10305
256,0,10476
257,0,10641
259,0,10641
260,0,10868
261,0,11009
262,0,11009
263,0,11249
264,0,11437
266,0,11616
267,0,11616
268,0,11817
269,0,11982
270,0,12193
271,0,12193
273,0,12401
274,0,12604
275,0,12809
276,0,12809
277,0,13059
278,0,13227
280,0,13448
281,0,13448
282,0,13669
283,0,13888
284,0,14101
285,0,14101
287,0,14312
288,0,14550
289,0,14753
290,0,14753
291,0,14983
292,0,15237
294,0,15444
295,0,15444
296,0,15672
297,0,15936
298,0,16182
299,0,16182
301,0,16392
302,0,16638
303,0,16884
304,0,16884
305,0,17158
306,0,17416
308,0,17697
309,0,17697
310,0,17879
311,0,18155
312,0,18385
313,0,18385
315,0,18686
316,0,18991
317,0,19236
318,0,19236
319,0,19496
320,0,19770
322,0,20083
323,0,20083
324,0,20359
325,0,20656
326,0,20934
327,0,20934
329,0,21191
330,0,21483
331,0,21758
332,0,21758
333,0,22112
334,0,22179
336,0,22249
337,0,22319
338,0,22390
339,0,22455
340,0,22529
341,0,22600
343,0,22678
344,0,22749
345,0,22826
346,0,22891
347,0,22960
348,0,23033
350,0,23110
351,0,23192
352,0,23255
353,0,23344
354,0,23413
355,0,23485
357,0,23585
358,0,23663
359,0,23743
360,0,23799
361,0,23884
362,0,23972
364,0,24062
365,0,24124
366,0,24220
367,0,24285
368,0,24386
369,0,24455
371,0,24560
372,0,24632
373,0,24706
374,0,24819
375,0,24896
376,0,24975
378,0,25054
379,0,25136
380,0,25219
381,0,25346
382,0,25433
383,0,25521
385,0,25611
386,0,25702
387,0,25795
388,0,25889
389,0,25985
390,0,26083
392,0,26132
393,0,26232
394,0,26334
395,0,26438
396,0,26543
397,0,26649
399,0,26703
400,0,26813
401,0,26924
402,0,27036
403,0,27093
404,0,27209
406,0,27326
407,0,27445
408,0,27505
409,0,27626
410,0,27750
411,0,27812
413,0,27938
414,0,28066
415,0,28131
416,0,28261
417,0,28394
418,0,28461
420,0,28596
421,0,28665
422,0,28803
423,0,28873
424,0,29014
425,0,29157
427,0,29230
428,0,29376
429,0,29449
430,0,29599
431,0,29674
432,0,29826
434,0,29903
435,0,30058
436,0,30136
437,0,30294
438,0,30374
439,0,30535
441,0,30617
442,0,30699
443,0,30864
444,0,30948
445,0,31116
446,0,31201
448,0,31373
449,0,31460
450,0,31635
451,0,31723
452,0,31812
453,0,31992
455,0,32082
456,0,32265
457,0,32357
458,0,32450
459,0,32637
460,0,32731
462,0,32826
463,0,33018
464,0,33114
465,0,33309
466,0,33408
467,0,33507
469,0,33706
470,0,33807
471,0,33908
472,0,34112
473,0,34215
474,0,34319
476,0,34528
477,0,34633
478,0,34739
479,0,34953
480,0,35061
481,0,35169
483,0,35278
484,0,35498
485,0,35609
486,0,35720
487,0,35945
488,0,36058
490,0,36172
491,0,36401
492,0,36517
493,0,36633
494,0,36750
495,0,36986
497,0,37104
498,0,37224
499,0,37344
500,0,37586
501,0,37708
502,0,37831
504,0,37954
505,0,38202
506,0,38327
507,0,38453
508,0,38707
509,0,38835
511,0,38963
512,0,39092
513,0,39222
514,0,39483
515,0,39615
516,0,39748
518,0,39881
519,0,40149
520,0,40284
521,0,40419
522,0,40556
523,0,40831
525,0,40969
526,0,41108
527,0,41248
528,0,41389
529,0,41672
530,0,41814
532,0,41957
533,0,42101
534,0,42246
535,0,42537
536,0,42684
537,0,42831
539,0,42980
540,0,43128
541,0,43428
542,0,43579
543,0,43731
544,0,43883
546,0,44036
547,0,44344
548,0,44500
549,0,44656
550,0,44812
551,0,44970
553,0,45128
554,0,45446
555,0,45606
556,0,45767
557,0,45929
558,0,46092
560,0,46419
561,0,46584
562,0,46749
563,0,46915
564,0,47082
565,0,47250
567,0,47588
568,0,47758
569,0,47928
570,0,48100
571,0,48272
572,0,48445
574,0,48793
575,0,48968
576,0,49144
577,0,49321
578,0,49499
579,0,49677
581,0,49856
582,0,50217
583,0,50398
584,0,50580
585,0,50763
586,0,50947
588,0,51132
589,0,51317
590,0,51690
591,0,51878
592,0,52066
593,0,52256
595,0,52446
596,0,52637
597,0,52828
598,0,53214
599,0,53408
600,0,53603
602,0,53799
603,0,53995
604,0,54193
605,0,54391
606,0,54590
607,0,54990
609,0,55191
610,0,55393
611,0,55597
612,0,55800
613,0,56005
614,0,56211
616,0,56417
617,0,56832
618,0,57041
619,0,57251
620,0,57461
621,0,57672
623,0,57885
624,0,58098
625,0,58312
626,0,58742
627,0,58958
628,0,59176
630,0,59394
631,0,59613
632,0,59832
633,0,60053
634,0,60275
635,0,60497
637,0,60945
638,0,61170
639,0,61395
640,0,61622
641,0,61850
642,0,62078
644,0,62307
645,0,62538
646,0,62769
647,0,63234
648,0,63467
649,0,63702
651,0,63937
652,0,64174
653,0,64411
654,0,64649
655,0,64888
656,0,65128
658,0,65369
659,0,65854
660,0,66097
661,0,66342
662,0,66587
663,0,66833
665,0,67080
666,0,67328
667,0,67577
668,0,67827
669,0,68078
670,0,68330
672,0,68836
673,0,69091
674,0,69346
675,0,69602
676,0,69860
677,0,70118
679,0,70377
680,0,70637
681,0,70898
682,0,71160
683,0,71423
684,0,71687
686,0,72217
687,0,72484
688,0,72751
689,0,73020
690,0,73289
691,0,73559
693,0,73831
694,0,74103
695,0,74376
696,0,74650
697,0,74926
698,0,75202
>
>t
0,0,12
100,0,12
100,0,209
110,0,209
110,0,298
120,0,298
120,0,331
130,0,331
130,0,341
140,0,341
140,0,337
150,0,337
150,0,328
160,0,328
160,0,318
170,0,318
170,0,307
180,0,307
180,0,297
190,0,297
190,0,289
200,0,289
200,0,282
210,0,282
210,0,276
220,0,276
220,0,270
230,0,270
230,0,266
240,0,266
240,0,263
250,0,263
250,0,259
260,0,259
260,0,257
270,0,257
270,0,255
280,0,255
280,0,253
290,0,253
290,0,251
300,0,251
300,0,250
310,0,250
310,0,250
320,0,250
320,0,249
330,0,249
330,0,247
340,0,247
340,0,247
350,0,247
350,0,576
420,0,576
420,0,12
540,0,12
540,0,12
1350,0,12
1350,10,10
1360,10,10
1365,10,10
>
>t
0,0,12
100,0,12
100,0,209
110,0,209
110,0,298
120,0,298
120,0,331
130,0,331
130,0,341
140,0,341
140,0,337
150,0,337
150,0,328
160,0,328
160,0,318
170,0,318
170,0,307
180,0,307
180,0,297
190,0,297
190,0,289
200,0,289
200,0,282
210,0,282
210,0,276
220,0,276
220,0,270
230,0,270
230,0,266
240,0,266
240,0,263
250,0,263
250,0,259
260,0,259
260,0,257
270,0,257
270,0,255
280,0,255
280,0,253
290,0,253
290,0,251
300,0,251
300,0,250
310,0,250
310,0,250
320,0,250
320,0,249
330,0,249
330,0,247
340,0,247
340,0,247
350,0,247
350,0,576
420,0,576
420,0,12
540,0,12
540,0,12
1350,0,12
1350,10,10
1360,10,10
1365,10,10
>
>