... WTF(1)
>
>
>
>
>
>adasads... WTF(1)
>
>
>
>
>
>
>
>
>
>
>
>
>
>
>
>
>
>
>
>
>
>
>
>
>D 0,100
S3FD000000009051002099010008A1010008A3010008A5010008A7010008A901000800000000000000000000000000000000AB010008AD01000800000000AF010008951B0008B3010008B3010008B3010008B3010008B3010008B3010008B3010008B3010008B3010008B3010008B3010008B3010008B3010008B3010008B3010008B3010008B3010008B3010008B3010008B3010008B3010008B3010008B3010008B3010008B3010008B3010008B3010008B3010008B3010008B3010008B3010008B3010008B3010008B3010008B3010008B3010008B30100083D1C0008B3010008B3010008B3010008B3010008B3010008B3010008B3010008B3010008B2
S30D000000F8B3010008B301000882
>Da