
>
>
>
>
>
>v 1 Jul 10 2014, <0E8682B8>
>a 15904,15216,15200,15232
>a 15920,15168,15280,15232
>a 15872,15216,15168,15216
>a 15952,15216,15184,15216
>a 15904,15200,15120,15216
>a 15888,15216,15184,15296
>a 15904,15312,15216,15248
>a 15968,15312,15280,15200
>a 15888,15216,15216,15296
>p 7,0
>a 15952,15216,15216,15152
>a 16016,15216,15248,15232
>p 7,50
>a 15920,15232,15280,15264
>a 15984,15344,15216,15216
>a 15920,15200,15200,15232
>p 7,0
>a 15920,15312,15120,15232
>a 16000,15200,15168,15344
>p 7,50
>a 15936,15328,15152,15216
>a 15904,15248,15216,15248
>a 16000,15312,15184,15216
>a 15840,15216,15184,15056
>a 15872,15232,15136,15072
>p 6,0
>a 15776,15200,15232,15248
>p 6,90
>a 15888,15184,15248,15216
>a 16000,15280,15216,15280
>a 15952,15216,15104,15216
>a 15952,15216,15184,15200
>p 5,0
>a 15984,15184,15136,15216
>a 15936,15248,15136,15296
>p 5,90
>a 15920,15248,15200,15232
>a 15920,15216,15168,15360
>a 15952,15216,15184,15200
>a 15904,15216,15216,15264
>p 4,0
>a 15920,15216,15184,15200
>a 15936,15232,15216,15264
>p 4,90
>a 15952,15328,15200,15216
>a 15808,15344,15200,15152
>a 15904,15232,15200,15088
>a 15920,15216,15152,15056
>a 15952,15200,15168,15312
>a 16016,15248,15184,15216
>p 5,0
>a 15952,15168,15136,15152
>p 5,90
>a 15920,15200,15216,15216
>a 15888,15216,15200,15216
>a 15824,15184,15184,15200
>a 15872,15232,15232,15248
>a 15920,15232,15200,15248
>a 16032,15216,15216,15248
>a 15920,15152,15216,15344
>a 16080,15168,15184,15216
>p 4,0
>a 16048,15328,15280,15248
>p 4,90
>a 15920,15328,15216,15232
>a 15904,15248,15152,15232
>a 15888,15216,15200,15216
>a 15920,15264,15296,15248
>a 15920,15248,15216,15312
>a 15904,15216,15104,15232
>p 4,0
>a 15920,15216,15216,15216
>a 15936,15328,15200,15184
>a 15888,15312,15184,15216
>a 15904,15232,15216,15248
>a 15904,15200,15232,15248
>p 4,90
>a 15888,15296,15200,15248
>a 15952,15200,15216,15216
>a 15888,15296,15184,15136
>a 15920,15216,15200,15200
>a 15920,15152,15200,15152
>a 15984,15216,15232,15248
>a 15904,15184,15168,15280
>a 16000,15232,15200,15232
>a 16032,15184,15200,15296
>a 15888,15216,15200,15216
>a 15920,15216,15184,15216
>a 15920,15184,15216,15184
>a 15824,15232,15184,15280
>a 16016,15344,15200,15200
>a 15856,15136,15200,15200
>a 15936,15248,15280,15168
>a 15840,15200,15152,15216
>a 15904,15184,15152,15280
>a 15936,15216,15280,15248
>a 16016,15280,15200,15248
>a 15920,15216,15216,15328
>a 15920,15232,15216,15328
>a 15920,15232,15184,15248
>a 15936,15168,15184,15216
>a 15888,15200,15200,15248
>a 15920,15216,15232,15216
>a 15952,15216,15168,15232
>a 15920,15216,15200,15152
>a 16032,15248,15184,15264
>a 15888,15408,15280,15232
>a 15920,15312,15280,15200
>a 15952,15200,15184,15200
>a 16032,15232,15184,15248
>a 15920,15328,15200,15152
>a 15952,15232,15152,15312
>a 15920,15200,15200,15216
>a 15920,15248,15200,15200
>a 15888,15232,15168,15216
>a 15904,15168,15152,15232
>a 15920,15328,15216,15168
>a 15920,15280,15200,15328
>a 16032,15184,15152,15232
>a 15920,15120,15200,15232
>a 15920,15232,15184,15232
>a 15760,15200,15264,15200
>a 15920,15328,15280,15312
>a 15904,15216,15216,15248
>a 15824,15248,15216,15328
>a 15968,15312,15216,15248
>a 15920,15248,15200,15232
>a 15936,15216,15184,15232
>a 15952,15296,15152,15152
>a 15936,15216,15216,15216
>a 15760,15200,15264,15200
>a 16112,15248,15200,15216
>a 15920,15216,15184,15264
>a 15920,15216,15152,15232
>a 16000,15248,15152,15152
>a 15920,15312,15184,15248
>a 15920,15232,15120,15216
>a 15936,15312,15088,15232
>a 15952,15248,15184,15200
>a 15856,15200,15168,15216
>a 15952,15232,15184,15216
>a 15904,15216,15248,15312
>a 16032,15152,15184,15280
>a 15920,15168,15168,15200
>a 15920,15280,15280,15280
>a 29040,28384,17200,15120
>a 28704,28208,17488,15312
>a 28512,27920,17744,15280
>a 28480,27936,18048,15280
>a 28496,27952,18320,15280
>a 28528,28000,18592,15248
>a 28624,28080,18896,15296
>a 28816,28128,19152,15344
>a 28816,28304,19376,15280
>a 28912,28256,19584,15328
>a 28960,28320,19856,15344
>a 29024,28464,20080,15376
>a 29104,28480,20384,15344
>a 29312,28496,20624,15344
>a 29248,28688,20784,15312
>a 29328,28784,20944,15456
>a 29456,28880,21296,15344
>a 29536,28912,21312,15344
>a 29536,29168,21536,15344
>a 29648,29200,21680,15424
>a 29808,29232,21872,15392
>a 29840,29280,22160,15408
>a 29840,29424,22240,15408
>a 30000,29424,22448,15376
>a 30032,29520,22640,15376
>a 30096,29568,22784,15408
>a 30192,29616,22992,15344
>a 30320,29744,23056,15376
>a 30304,29808,23264,15344
>a 30416,30000,23424,15424
>a 30544,30080,23632,15392
>a 30560,30096,23760,15440
>a 30704,30112,23888,15504
>a 30688,30160,23984,15424
>a 30736,30192,24320,15472
>a 30752,30256,24336,15456
>a 30880,30320,24432,15408
>a 30768,30336,24576,15424
>a 31008,30432,24704,15408
>a 31008,30576,24928,15408
>a 31136,30560,25072,15408
>a 31120,30736,25184,15440
>a 31264,30768,25232,15456
>a 31152,30832,25360,15456
>a 31344,30960,25456,15488
>a 31504,30848,25552,15472
>a 31648,31024,25696,15376
>a 31536,31024,25808,15408
>a 31616,31056,25888,15552
>a 31632,31152,26096,15488
>a 31728,31232,26096,15472
>p 5,0
>a 31696,31184,25616,15488
>a 31408,30880,25200,15456
>a 31200,30688,24992,15536
>a 31040,30416,24688,15424
>a 30896,30448,24464,15440
>a 30624,30208,24208,15440
>a 30352,30064,24000,15440
>a 30464,29904,23760,15456
>a 30336,29808,23696,15408
>a 30208,29680,23408,15552
>a 30064,29584,23264,15456
>p 5,90
>a 30048,29520,23808,15424
>a 30128,29648,23952,15440
>a 30448,29872,24240,15408
>a 30560,29968,24432,15456
>a 30528,30048,24640,15440
>a 30768,30096,24736,15392
>a 30768,30224,24944,15408
>a 30896,30320,25104,15440
>a 30976,30368,25232,15472
>a 31024,30496,25360,15424
>a 31088,30560,25520,15488
>a 31152,30624,25584,15472
>a 31152,30640,25696,15488
>a 31264,30768,25760,15408
>a 31328,30832,25904,15504
>a 31312,30880,26000,15488
>a 31392,30928,26128,15488
>a 31408,31056,26240,15504
>a 31568,31040,26352,15504
>a 31536,31072,26416,15472
>a 31568,31136,26544,15488
>a 31664,31184,26592,15600
>a 31728,31280,26688,15472
>a 31792,31312,26736,15424
>a 31856,31344,26864,15504
>a 31920,31312,26928,15536
>a 31920,31376,27088,15488
>a 31968,31472,27120,15568
>a 32000,31536,27168,15504
>a 32048,31456,27248,15488
>a 32080,31536,27216,15472
>a 32144,31680,27376,15488
>a 32192,31696,27392,15488
>a 32240,31792,27568,15600
>a 32272,31792,27680,15520
>a 32336,31872,27696,15520
>a 32352,31872,27728,15504
>a 32368,31920,27824,15552
>a 32496,32000,27904,15488
>a 32432,31984,27920,15504
>p 7,0
>a 34160,25520,28000,15536
>a 34064,20784,27952,15568
>a 33824,20496,27936,15504
>a 33648,20400,27952,15536
>a 33648,20416,27952,15488
>a 33712,20336,27984,15472
>a 33776,20432,28112,15536
>a 33792,20416,28016,15520
>a 33760,20400,28144,15520
>p 7,50
>a 30448,29968,27872,15536
>a 30128,29680,27952,15536
>a 30080,29648,27824,15520
>a 30096,29584,27776,15632
>p 7,0
>a 32288,22560,27760,15520
>a 33728,20448,27936,15552
>a 33984,20336,28016,15536
>a 34064,20432,27936,15504
>a 34160,20432,28096,15568
>a 34096,20432,28080,15456
>a 34160,20480,28048,15520
>a 34208,20448,28272,15664
>a 34192,20528,28144,15536
>p 7,50
>a 31888,29024,28176,15520
>a 30464,29872,28080,15584
>a 30192,29712,27984,15648
>a 30192,29712,27920,15504
>a 30128,29680,27856,15536
>a 30240,29664,27904,15456
>a 30064,29600,27744,15536
>a 30000,29552,27792,15440
>a 30048,29552,27792,15536
>a 30032,29488,27712,15536
>a 29968,29488,27728,15520
>a 30000,29456,27680,15536
>a 29968,29456,27600,15616
>a 29936,29440,27568,15584
>a 29856,29488,27664,15616
>a 29824,29392,27584,15536
>a 29920,29328,27536,15424
>a 29824,29280,27504,15504
>a 29808,29328,27504,15536
>a 29616,29280,27488,15520
>a 29728,29360,27440,15504
>a 29872,29360,27440,15504
>a 29728,29232,27408,15488
>a 29744,29296,27456,15520
>a 29680,29232,27360,15536
>a 29696,29168,27344,15488
>a 29712,29152,27312,15536
>a 29712,29120,27312,15488
>a 29648,29136,27376,15504
>a 29712,29072,27280,15488
>a 29600,29040,27232,15504
>a 29520,29040,27312,15600
>a 29552,29168,27216,15488
>a 29584,28912,27280,15504
>a 29488,29088,27248,15472
>a 29584,29040,27136,15504
>a 29552,28976,27152,15584
>a 29552,29056,27264,15504
>a 29616,29008,27136,15456
>a 29552,28992,27088,15584
>a 29664,29008,27056,15488
>a 29488,28976,27024,15456
>a 29456,28960,27088,15472
>a 29568,28944,27040,15472
>a 29456,28928,27024,15520
>a 29456,28912,27024,15456
>a 29552,28928,26960,15424
>a 29552,28896,26992,15568
>a 29408,28928,26992,15344
>a 29488,28880,26960,15472
>a 29424,28896,27056,15504
>a 29376,28880,26896,15504
>a 29392,28816,26896,15568
>a 29360,28880,26928,15392
>a 29392,28928,26912,15472
>a 29456,28832,26944,15472
>a 29296,28816,26864,15472
>a 29440,28784,26832,15456
>a 29328,28880,26864,15488
>a 29280,28768,26928,15408
>a 29296,28736,26832,15408
>a 29248,28752,26928,15440
>a 29312,28768,26928,15456
>a 29232,28688,26768,15472
>a 29200,28704,26784,15552
>a 29232,28640,26832,15472
>a 29216,28688,26736,15488
>a 29248,28784,26736,15392
>a 29168,28688,26736,15456
>a 29424,28560,26848,15456
>a 29184,28656,26736,15440
>a 29296,28720,26704,15472
>a 29408,28832,26704,15472
>a 29392,28784,26768,15504
>a 29232,28752,26736,15520
>a 29312,28784,26880,15552
>a 29312,28768,26704,15472
>a 29344,28752,26736,15488
>a 29280,28720,26720,15440
>a 29232,28720,26672,15424
>a 29264,28800,26720,15520
>a 29232,28640,26608,15520
>a 29232,28704,26768,15488
>a 29264,28816,26768,15552
>a 29264,28784,26640,15472
>a 29232,28688,26656,15488
>a 29232,28720,26608,15472
>a 29232,28656,26720,15408
>a 29216,28592,26768,15408
>a 29200,28624,26656,15488
>a 29200,28608,26672,15616
>a 29152,28672,26768,15488
>a 29216,28768,26736,15440
>a 29216,28704,26592,15472
>a 29056,28736,26720,15600
>a 29200,28592,26624,15440
>a 29152,28640,26576,15536
>a 29168,28624,26688,15472
>a 29216,28448,26624,15472
>a 29136,28640,26624,15616
>a 29120,28592,26544,15536
>a 29104,28560,26528,15472
>a 29168,28592,26640,15504
>a 29104,28592,26688,15584
>a 29200,28560,26624,15504
>a 29136,28528,26592,15488
>a 29120,28592,26592,15504
>a 29104,28528,26560,15488
>a 29104,28512,26416,15568
>a 29088,28576,26576,15600
>a 29024,28496,26576,15600
>a 29088,28544,26656,15440
>a 29104,28464,26480,15504
>a 29040,28544,26512,15440
>a 29104,28560,26640,15440
>a 29168,28496,26544,15536
>a 29072,28464,26512,15520
>a 29040,28464,26512,15472
>a 29072,28544,26576,15488
>a 29040,28480,26528,15520
>a 29040,28496,26480,15504
>a 29024,28480,26528,15392
>a 29152,28512,26480,15520
>a 29040,28432,26448,15504
>a 29040,28416,26464,15504
>a 28976,28432,26464,15504
>a 29216,28448,26480,15600
>a 28976,28464,26480,15488
>a 29056,28384,26432,15488
>a 29008,28512,26416,15472
>a 29120,28400,26464,15472
>a 28992,28400,26464,15504
>a 29120,28432,26416,15504
>a 28992,28432,26448,15488
>a 28928,28432,26432,15520
>a 29008,28432,26464,15584
>a 28960,28416,26528,15520
>a 29104,28384,26432,15488
>a 28976,28384,26416,15456
>a 28928,28416,26320,15520
>a 28944,28384,26416,15504
>a 28960,28336,26512,15504
>a 28896,28400,26384,15504
>a 29040,28400,26448,15520
>a 28944,28304,26240,15568
>a 28928,28352,26384,15472
>a 28912,28336,26336,15536
>a 28944,28336,26384,15504
>a 28912,28384,26384,15488
>a 28896,28320,26352,15520
>a 28944,28320,26368,15520
>a 28912,28320,26336,15488
>a 28944,28368,26352,15520
>a 28880,28304,26368,15520
>a 28928,28448,26368,15504
>a 28912,28336,26352,15504
>a 28976,28336,26352,15504
>a 28944,28432,26352,15536
>a 29056,28608,26368,15504
>a 29104,28512,26384,15504
>a 29072,28464,26336,15488
>a 29088,28528,26336,15488
>a 29088,28512,26368,15616
>a 29104,28528,26464,15520
>a 29104,28624,26448,15472
>a 29104,28496,26416,15520
>a 29072,28512,26432,15520
>a 29072,28528,26384,15520
>a 29072,28528,26416,15504
>a 29168,28528,26416,15536
>a 29104,28528,26416,15488
>a 29104,28368,26384,15488
>a 29072,28464,26384,15424
>a 29728,29168,26320,15504
>a 29792,29216,26512,15504
>a 29728,29104,26512,15520
>a 29392,28864,26480,15472
>a 29104,28576,26544,15536
>a 28848,28224,26416,15408
>a 28496,27952,26368,15568
>a 28208,27616,26336,15504
>a 27984,27424,26256,15488
>a 27712,27136,26224,15520
>a 27472,26864,25952,15424
>a 27216,26656,26000,15408
>a 27024,26224,25936,15456
>a 26800,26112,25744,15472
>a 26432,25904,25568,15472
>a 26256,25712,25392,15440
>a 26192,25360,25312,15472
>a 25872,25296,25136,15520
>a 25664,25136,24912,15424
>a 25520,24976,24848,15424
>a 25392,24784,24800,15456
>a 25456,24736,24656,15408
>a 25104,24480,24464,15472
>a 24992,24368,24320,15408
>a 24768,24176,24208,15456
>a 24704,24064,24064,15520
>a 24608,23888,24080,15472
>a 24416,23856,23744,15440
>a 24272,23728,23680,15440
>a 24224,23648,23584,15408
>a 24096,23504,23376,15472
>a 23984,23408,23264,15456
>a 23824,23296,23152,15408
>a 23760,23152,23120,15440
>a 23680,23024,22960,15392
>a 23568,22896,22864,15408
>p 7,0
>a 23888,21168,22800,15392
>a 24272,18112,22736,15392
>a 24048,17904,22640,15344
>a 23952,17936,22544,15328
>a 23856,17776,22496,15408
>a 23808,17776,22432,15440
>p 7,50
>a 22928,22320,22336,15424
>a 22752,22192,22176,15392
>a 22624,21872,22032,15312
>p 7,0
>a 23216,18096,21984,15504
>a 23296,17520,21888,15376
>a 23216,17504,21808,15408
>a 23120,17440,21712,15424
>p 7,50
>a 22288,21504,21568,15408
>a 22160,21536,21552,15360
>a 22064,21392,21408,15376
>a 21904,21280,21280,15328
>a 21840,21184,21184,15440
>a 21680,21056,21232,15280
>p 7,0
>a 21920,19152,21040,15344
>a 22368,17216,21040,15376
>a 22416,17184,20912,15328
>a 22224,17120,20864,15488
>a 22272,17120,20896,15408
>a 22288,17152,20816,15280
>p 7,50
>a 21344,20704,20784,15264
>a 21264,20576,20528,15312
>a 21152,20496,20400,15456
>a 21072,20352,20432,15344
>p 7,0
>a 21712,17760,20336,15376
>a 21728,16912,20368,15344
>a 21664,16848,20352,15344
>a 21760,16832,20240,15360
>a 21552,16816,20096,15408
>a 21728,16816,20128,15376
>a 21552,16816,20112,15392
>p 7,50
>a 20752,20048,20064,15344
>a 20656,20080,20080,15344
>a 20704,19920,19920,15344
>a 20512,19824,19824,15344
>a 20384,19760,19728,15312
>a 20368,19664,19664,15312
>a 20272,19632,19568,15296
>p 7,0
>a 20352,19248,19616,15312
>a 20928,16624,19472,15376
>p 7,50
>a 20080,19344,19440,15296
>a 20048,19376,19328,15328
>a 20016,19328,19264,15296
>a 19936,19280,19296,15264
>a 19920,19296,19152,15280
>a 19792,19152,19072,15360
>a 19808,19088,19120,15312
>a 19824,19056,18944,15312
>a 19648,18976,18896,15392
>a 19616,18928,18800,15280
>a 19536,18848,18736,15248
>a 19488,18768,18688,15264
>a 19504,18800,18608,15248
>a 19472,18608,18576,15296
>a 19280,18688,18544,15216
>a 19440,18736,18544,15312
>a 19328,18480,18432,15264
>a 19184,18608,18432,15312
>a 19120,18496,18336,15312
>a 19104,18448,18288,15312
>a 19152,18352,18368,15344
>a 19024,18320,18256,15312
>a 18928,18352,18224,15248
>a 18928,18256,18128,15248
>a 19024,18208,18128,15328
>a 18800,18160,18112,15200
>a 18848,18128,18032,15280
>a 18800,18176,18032,15264
>a 18752,18160,18000,15280
>a 18688,18016,17952,15392
>a 18800,17952,18000,15296
>a 18688,17952,17840,15344
>a 18640,17952,17936,15392
>p 7,0
>a 19088,16160,17824,15184
>a 19312,15856,17840,15280
>a 19328,15952,17904,15392
>a 19376,16032,17984,15312
>a 19344,15952,17984,15296
>p 7,50
>a 18704,18000,17824,15264
>a 18672,17920,17840,15296
>a 18768,17872,17776,15264
>a 18512,17840,17840,15248
>p 7,0
>a 19024,16192,17760,15312
>a 19136,15856,17728,15216
>a 19296,15904,17744,15248
>a 19200,15904,17760,15376
>a 19280,15904,17712,15296
>a 19248,15888,17856,15296
>a 19152,15888,17856,15264
>p 7,50
>a 18464,17776,17696,15344
>a 18384,17728,17680,15312
>p 7,0
>a 18512,17376,17664,15200
>a 18992,15904,17680,15280
>a 18976,15872,17664,15280
>p 7,50
>a 18400,17712,17616,15296
>a 18320,17664,17504,15248
>a 18288,17712,17504,15264
>a 18256,17584,17472,15104
>a 18256,17552,17360,15264
>a 18160,17600,17360,15280
>