
>t
0,0,12
100,0,12
100,0,440
270,0,440
270,0,12
370,0,12
370,0,12
1090,0,12
1090,10,10
1100,10,10
1105,10,10
>
>t
0,0,12
100,0,12
100,0,440
270,0,440
270,0,12
370,0,12
370,0,12
1090,0,12
1090,10,10
1100,10,10
1105,10,10
>
>t
0,0,12
100,0,12
100,0,440
270,0,440
270,0,12
370,0,12
370,0,12
1090,0,12
1090,10,10
1100,10,10
1105,10,10
>
>t
0,0,12
100,0,12
100,0,440
270,0,440
270,0,12
370,0,12
370,0,12
1090,0,12
1090,10,10
1100,10,10
1105,10,10
>
>t
0,0,12
100,0,12
100,0,440
270,0,440
270,0,12
370,0,12
370,0,12
1090,0,12
1090,10,10
1100,10,10
1105,10,10
>
>t
0,0,12
100,0,12
100,0,440
270,0,440
270,0,12
370,0,12
370,0,12
1090,0,12
1090,10,10
1100,10,10
1105,10,10
>
>t
0,0,12
100,0,12
100,0,440
270,0,440
270,0,12
370,0,12
370,0,12
1090,0,12
1090,10,10
1100,10,10
1105,10,10
>
>t
0,0,12
100,0,12
100,0,440
270,0,440
270,0,12
370,0,12
370,0,12
1090,0,12
1090,10,10
1100,10,10
1105,10,10
>
>