
>v 1 Jul 11 2014, <C1459854>
>a 59296,15696,37712,15632
>p 6,90
>a 56224,15696,39664,15536
>a 55728,15712,40080,15568
>a 55424,15664,40464,15584
>a 55280,15664,40880,15584
>a 55024,15712,41232,15536
>a 54832,15696,41504,15488
>a 54672,15616,41856,15568
>a 54512,15728,42272,15536
>a 54320,15696,42496,15600
>a 54048,15664,42704,15536
>a 53984,15760,43104,15600
>a 53920,15664,43344,15616
>a 53680,15632,43664,15568
>a 53488,15680,43952,15664
>a 53360,15760,44176,15616
>a 53104,15664,44368,15568
>a 53152,15696,44720,15616
>a 52960,15712,44912,15600
>a 52816,15664,45120,15520
>a 52704,15664,45360,15616
>a 52560,15680,45728,15616
>a 52528,15696,45840,15600
>a 52384,15616,45968,15696
>a 52240,15696,46240,15632
>a 52144,15664,46432,15536
>a 52016,15648,46592,15616
>a 51888,15632,46800,15632
>a 51872,15664,47024,15568
>a 51792,15648,47152,15648
>a 51760,15568,47440,15568
>a 51552,15680,47536,15616
>a 51504,15648,47680,15600
>a 51488,15664,47888,15632
>a 51440,15744,47984,15472
>a 51312,15568,48176,15616
>a 51184,15664,48304,15568
>a 51216,15616,48480,15648
>a 51200,15520,48560,15600
>a 51088,15648,48624,15632
>a 51040,15616,48816,15744
>a 51024,15632,48928,15600
>a 50960,15760,48992,15600
>a 50896,15648,49136,15600
>a 50960,15632,49248,15632
>a 50864,15664,49328,15568
>a 50832,15648,49520,15632
>a 50864,15680,49536,15728
>a 50832,15648,49568,15584
>a 50768,15584,49648,15744
>a 50736,15680,49696,15600
>a 50752,15648,49936,15632
>a 50720,15568,49888,15632
>a 50736,15664,49920,15728
>a 50736,15680,49968,15600
>a 50816,15616,50016,15648
>a 50848,15776,50096,15632
>a 50704,15664,50080,15600
>a 50656,15632,50144,15616
>a 50608,15664,50192,15616
>a 50704,15632,50320,15664
>a 50784,15680,50240,15616
>a 50720,15728,50208,15648
>a 50752,15696,50352,15584
>a 50736,15632,50336,15616
>a 50816,15616,50416,15632
>a 50720,15728,50368,15632
>a 50736,15664,50384,15808
>a 50752,15504,50416,15616
>a 50848,15696,50480,15728
>a 50832,15696,50432,15696
>a 50800,15632,50448,15616
>a 50864,15760,50480,15600
>a 50784,15648,50512,15712
>a 50736,15744,50496,15696
>a 50800,15664,50512,15600
>a 50800,15792,50688,15632
>a 50784,15664,50544,15584
>a 50832,15680,50512,15600
>a 50800,15536,50544,15568
>a 50864,15680,50544,15584
>a 50800,15808,50528,15632
>a 50832,15664,50592,15648
>a 50848,15648,50592,15552
>a 50896,15632,50608,15824
>a 50848,15664,50592,15632
>a 50864,15616,50592,15600
>a 50864,15664,50592,15632
>a 50976,15680,50656,15632
>a 50832,15584,50720,15648
>p 5,90
>p 6,0
>a 50944,15664,50544,15648
>a 50960,15792,50608,15600
>a 50960,15664,50576,15616
>a 50992,15696,50608,15632
>a 50992,15680,50576,15520
>a 50992,15680,50544,15568
>p 5,0
>p 6,90
>a 50480,15680,49104,15632
>a 50432,15584,48624,15632
>a 50192,15648,48352,15584
>a 49984,15648,47904,15568
>a 49872,15648,47472,15616
>a 49712,15648,47072,15600
>a 49552,15872,46800,15616
>a 49424,15792,46416,15616
>a 49328,15648,46128,15584
>a 49072,15648,45744,15632
>a 48848,15632,45504,15584
>a 48752,15456,45168,15552
>a 48608,15648,44864,15536
>a 48448,15616,44640,15632
>a 48240,15616,44320,15584
>a 48112,15632,44000,15600
>a 47936,15648,43760,15552
>a 47824,15584,43472,15600
>a 47600,15664,43280,15568
>a 47520,15600,42960,15616
>a 47392,15664,42800,15664
>a 47184,15616,42512,15584
>a 47008,15664,42288,15600
>a 46848,15648,42016,15568
>a 46720,15680,41776,15584
>a 46544,15616,41632,15600
>a 46496,15728,41424,15600
>a 46288,15648,41200,15584
>a 46064,15616,41040,15536
>a 45968,15632,40768,15552
>a 45872,15648,40560,15568
>a 45600,15616,40368,15584
>a 45504,15648,40160,15520
>a 45408,15648,39984,15568
>a 45248,15616,39808,15584
>a 45136,15616,39600,15536
>a 44960,15648,39456,15536
>a 44768,15584,39232,15552
>a 44784,15584,39120,15584
>a 44464,15536,38928,15616
>
>a 42032,15616,36144,15536
>p 6,90
>a 41856,15632,36016,15520
>a 41696,15552,35952,15552
>a 41632,15616,35744,15520
>a 41472,15600,35600,15536
>a 41344,15584,35472,15456
>a 41216,15616,35392,15504
>a 41072,15600,35232,15664
>a 40960,15600,35120,15536
>a 40960,15616,34992,15520
>a 40704,15632,34864,15520
>a 40560,15600,34752,15616
>a 40480,15472,34624,15504
>a 40272,15552,34512,15520
>a 40208,15600,34304,15520
>a 40096,15536,34240,15536
>a 39920,15568,34128,15536
>a 39840,15696,34144,15584
>a 39744,15568,33888,15568
>a 39552,15552,33712,15520
>a 39568,15472,33632,15472
>a 39280,15584,33408,15488
>p 5,90
>p 6,0
>a 40880,15632,33840,15536
>a 40928,15632,33888,15536
>a 40960,15568,33872,15504
>a 40976,15584,33936,15520
>a 41024,15648,33952,15520
>a 41072,15584,34000,15520
>a 41216,15568,34112,15504
>a 41136,15584,34128,15552
>a 41248,15632,34160,15536
>p 5,0
>p 6,90
>a 39728,15568,33808,15536
>a 39472,15616,33696,15520
>a 39344,15664,33536,15472
>a 39328,15568,33424,15616
>a 39152,15552,33360,15504
>a 38992,15600,33168,15584
>p 5,90
>p 6,0
>a 40400,15616,33376,15520
>a 40480,15600,33456,15520
>a 40480,15616,33520,15536
>a 40496,15696,33520,15456
>a 40560,15632,33552,15520
>a 40624,15648,33584,15520
>a 40688,15648,33616,15568
>a 40656,15600,33584,15536
>a 40656,15600,33600,15552
>a 40704,15616,33712,15536
>a 40736,15616,33696,15504
>a 40736,15616,33712,15504
>a 40720,15584,33760,15504
>a 40800,15616,33760,15472
>a 40784,15616,33728,15536
>a 40880,15728,33952,15536
>a 40848,15584,33856,15536
>a 40720,15584,33840,15472
>a 40848,15584,33824,15520
>a 40864,15600,33968,15600
>a 40928,15472,33904,15520
>a 40976,15552,33936,15472
>a 40976,15568,33920,15504
>a 41008,15584,34000,15568
>a 40992,15616,34080,15552
>a 41056,15632,33936,15536
>a 41104,15568,34048,15504
>a 41008,15584,33888,15488
>a 41040,15584,34000,15536
>a 41104,15568,34032,15536
>a 41072,15616,34016,15504
>a 41184,15616,34048,15520
>a 41136,15616,34064,15536
>a 41120,15680,34176,15536
>a 41136,15616,34064,15520
>a 41136,15632,34096,15488
>a 41184,15600,34048,15504
>a 41168,15616,34112,15536
>a 41296,15600,34240,15536
>a 41200,15568,34240,15504
>a 41248,15568,34128,15520
>a 41184,15520,34128,15536
>a 41232,15600,34144,15504
>a 41200,15552,34144,15520
>a 41264,15616,34128,15520
>a 41264,15568,34192,15520
>a 41232,15584,34176,15504
>a 41376,15696,34208,15472
>a 41264,15568,34208,15536
>a 41248,15600,34176,15520
>a 41328,15600,34224,15488
>a 41328,15600,34240,15648
>a 41392,15696,34224,15536
>a 41296,15600,34240,15456
>a 41344,15616,34224,15488
>a 41312,15584,34224,15568
>a 41360,15584,34256,15616
>a 41392,15728,34288,15504
>a 41392,15616,34256,15504
>a 41344,15472,34288,15552
>a 41328,15600,34336,15520
>a 41488,15536,34272,15520
>a 41392,15584,34256,15616
>a 41424,15584,34304,15568
>a 41392,15616,34336,15536
>a 41376,15728,34288,15568
>a 41328,15584,34288,15504
>a 41440,15600,34272,15552
>a 41440,15584,34288,15520
>a 41504,15552,34320,15600
>a 41360,15584,34320,15504
>a 41408,15712,34304,15520
>a 41392,15616,34336,15440
>a 41584,15600,34288,15536
>a 41456,15616,34240,15520
>a 41456,15536,34304,15504
>a 41456,15584,34320,15504
>a 41504,15712,34304,15536
>a 41504,15616,34256,15520
>a 41472,15616,34336,15408
>a 41504,15584,34400,15504
>a 41504,15680,34320,15584
>a 41520,15616,34352,15600
>a 41600,15760,34352,15536
>a 41520,15552,34336,15504
>a 41504,15584,34304,15504
>a 41488,15648,34352,15504
>a 41504,15584,34400,15504
>a 41504,15584,34336,15520
>a 41536,15616,34368,15568
>a 41616,15632,34320,15520
>a 41616,15664,34352,15520
>a 41504,15552,34368,15472
>a 41504,15504,34384,15520
>a 41552,15632,34400,15616
>a 41520,15712,34320,15536
>a 41568,15664,34352,15456
>a 41456,15536,34352,15536
>a 41648,15568,34448,15632
>a 41504,15616,34352,15504
>a 41568,15568,34352,15600
>a 41520,15568,34288,15504
>a 41536,15536,34352,15520
>a 41552,15680,34400,15568
>a 41600,15696,34464,15664
>a 41584,15600,34480,15536
>a 41520,15632,34352,15536
>a 41552,15600,34352,15520
>a 41584,15648,34352,15520
>a 41456,15616,34384,15568
>a 41584,15600,34304,15616
>a 41616,15584,34400,15632
>a 41568,15600,34464,15520
>a 41584,15616,34384,15488
>a 41536,15584,34400,15536
>a 41600,15616,34368,15552
>a 41568,15616,34368,15504
>a 41568,15600,34464,15616
>a 41584,15600,34384,15520
>a 41536,15584,34352,15536
>a 41616,15616,34352,15600
>a 41696,15616,34352,15504
>a 41616,15616,34416,15552
>a 41568,15600,34384,15536
>a 41600,15600,34352,15536
>a 41632,15568,34384,15536
>a 41520,15568,34352,15536
>a 41584,15600,34400,15536
>a 41680,15440,34384,15536
>a 41520,15584,34400,15488
>a 41584,15616,34544,15472
>a 41680,15600,34416,15536
>a 41616,15600,34416,15536
>a 41584,15696,34400,15472
>a 41648,15632,34400,15536
>a 41584,15680,34432,15568
>a 41584,15616,34416,15552
>a 41616,15616,34416,15568
>a 41520,15536,34416,15664
>a 41632,15712,34400,15552
>a 41616,15552,34512,15664
>a 41648,15536,34384,15520
>a 41648,15568,34400,15552
>a 41680,15584,34384,15536
>a 41600,15760,34432,15584
>a 41680,15616,34528,15520
>a 41536,15712,34400,15616
>a 41552,15696,34400,15488
>a 41648,15632,34400,15504
>a 41600,15600,34448,15552
>a 41552,15568,34400,15536
>a 42336,15616,34416,15520
>a 42848,15616,34352,15552
>a 42928,15648,34384,15536
>a 43312,15632,34432,15568
>a 43600,15632,34400,15584
>a 43872,15632,34384,15504
>a 44080,15616,34432,15632
>a 44336,15632,34496,15440
>a 44592,15632,34432,15536
>a 44832,15600,34352,15504
>a 45072,15632,34400,15520
>a 45280,15616,34400,15552
>a 45472,15632,34448,15536
>a 45744,15584,34384,15552
>a 46032,15616,34432,15488
>a 46240,15712,34400,15488
>a 46576,15664,34352,15520
>a 46864,15648,34416,15520
>a 47200,15536,34384,15456
>a 47520,15648,34448,15616
>a 47808,15632,34432,15568
>a 48112,15664,34448,15552
>a 48384,15664,34336,15504
>a 48624,15600,34416,15536
>a 48976,15600,34432,15520
>a 49328,15648,34512,15552
>a 49632,15632,34480,15536
>a 49936,15584,34480,15440
>a 50240,15632,34416,15552
>a 50400,15664,34416,15472
>a 50544,15648,34528,15504
>a 50800,15536,34544,15472
>a 50832,15680,34432,15488
>a 50896,15648,34416,15504
>a 50992,15664,34384,15568
>a 51152,15664,34416,15472
>a 51360,15648,34400,15536
>a 51632,15680,34448,15536
>a 51936,15552,34416,15504
>a 52320,15600,34560,15536
>a 52528,15664,34384,15456
>a 52816,15680,34592,15520
>a 53152,15680,34432,15536
>a 53568,15680,34512,15472
>a 53840,15696,34464,15584
>a 53968,15696,34432,15632
>a 54160,15680,34384,15536
>a 54256,15664,34416,15504
>a 54288,15664,34432,15488
>a 54384,15760,34400,15536
>a 54464,15680,34432,15536
>a 54608,15680,34416,15536
>a 54944,15680,34432,15616
>a 55200,15664,34400,15520
>a 55504,15664,34432,15552
>a 55792,15728,34352,15408
>a 56192,15776,34464,15552
>a 56528,15696,34448,15584
>a 56768,15632,34512,15488
>a 56944,15792,34512,15472
>a 56992,15776,34400,15520
>a 57008,15680,34384,15472
>a 56944,15696,34432,15536
>a 57088,15648,34464,15552
>a 57328,15696,34384,15536
>a 57744,15680,34400,15536
>a 57952,15696,34496,15536
>a 58416,15696,34368,15520
>a 58672,15712,34384,15536
>a 58944,15776,34416,15472
>a 59184,15680,34432,15440
>a 59312,15824,34448,15568
>a 59248,15792,34416,15504
>a 59312,15552,34352,15536
>a 59312,15824,34448,15616
>a 59504,15712,34512,15552
>a 59824,15696,34432,15520
>a 60128,15728,34480,15536
>a 60400,15696,34352,15536
>a 60832,15728,34448,15600
>a 61200,15696,34496,15536
>a 60400,15680,34432,15488
>a 60336,15728,34480,15536
>a 60384,15680,34432,15408
>a 60272,15728,34448,15552
>a 60304,15824,34448,15616
>a 60208,15728,34416,15536
>a 60256,15712,34432,15520
>a 60080,15696,34400,15536
>a 60064,15696,34416,15520
>a 60048,15680,34368,15536
>a 60080,15696,34416,15552
>a 60000,15664,34448,15616
>a 59952,15712,34480,15552
>a 59824,15664,34480,15584
>a 59888,15680,34384,15616
>a 59872,15664,34512,15504
>a 59632,15728,34464,15456
>a 59744,15728,34448,15648
>a 59696,15712,34432,15648
>a 59728,15760,34480,15552
>a 59696,15728,34400,15552
>a 59696,15712,34432,15488
>a 59616,15696,34480,15504
>a 59648,15712,34432,15536
>a 59568,15712,34368,15504
>a 59600,15680,34464,15488
>a 59504,15760,34416,15504
>a 59488,15728,34480,15568
>a 59504,15696,34400,15456
>a 59504,15728,34448,15552
>a 59488,15728,34416,15536
>a 59424,15680,34432,15584
>a 59424,15664,34432,15600
>a 59424,15696,34416,15520
>a 59360,15680,34464,15552
>a 59392,15696,34448,15504
>a 59312,15680,34448,15536
>a 59248,15728,34464,15520
>a 59312,15664,34416,15488
>a 59248,15696,34480,15520
>a 59280,15712,34528,15552
>a 59264,15600,34432,15536
>a 59264,15792,34448,15536
>a 59232,15680,34448,15616
>a 59264,15648,34384,15536
>a 59248,15840,34336,15536
>a 59216,15728,34416,15536
>a 59136,15792,34416,15536
>a 59152,15728,34448,15536
>a 59216,15680,34480,15536
>a 59216,15680,34416,15520
>a 59120,15680,34416,15536
>a 59120,15760,34432,15472
>a 59056,15712,34432,15440
>a 59104,15696,34480,15616
>a 59120,15728,34448,15504
>a 59040,15664,34416,15632
>a 59024,15728,34384,15536
>a 59056,15808,34432,15616
>a 59056,15712,34384,15504
>a 59040,15712,34432,15632
>a 59008,15712,34576,15568
>a 59008,15728,34448,15520
>a 58992,15680,34448,15504
>a 58992,15696,34400,15472
>a 58992,15712,34448,15520
>a 58992,15728,34448,15536
>a 59072,15712,34448,15536
>a 58928,15696,34448,15536
>a 58976,15696,34304,15552
>a 58928,15696,34416,15520
>a 58960,15728,34512,15616
>a 58880,15648,34384,15472
>a 58960,15600,34384,15488
>a 58960,15712,34336,15600
>a 58928,15696,34464,15488
>a 58928,15728,34496,15536
>a 58880,15712,34384,15456
>a 58896,15744,34480,15536
>a 58960,15792,34432,15600
>a 58864,15712,34432,15504
>a 58880,15728,34576,15472
>a 58976,15776,34432,15536
>a 58768,15696,34416,15504
>a 58864,15680,34416,15536
>a 58864,15728,34416,15552
>a 58800,15696,34464,15552
>a 58896,15712,34480,15536
>a 58832,15696,34480,15568
>a 58832,15648,34528,15488
>a 58832,15728,34512,15472
>a 58800,15696,34528,15520
>a 58800,15680,34416,15520
>a 58832,15712,34448,15520
>a 58800,15712,34416,15616
>a 58768,15696,34400,15520
>a 58848,15680,34464,15568
>a 58736,15680,34432,15520
>a 58848,15536,34448,15536
>a 58768,15712,34464,15504
>a 58800,15728,34672,15552
>a 58752,15664,34448,15472
>a 58752,15696,34448,15504
>a 58768,15712,34448,15536
>a 58800,15728,34416,15520
>a 58704,15696,34400,15520
>a 58720,15680,34368,15520
>a 58736,15648,34416,15536
>a 58768,15680,34448,15552
>a 58736,15696,34384,15536
>a 58704,15696,34448,15520
>a 58720,15760,34480,15552
>a 58656,15680,34512,15536
>a 58720,15776,34480,15536
>a 58688,15680,34384,15552
>a 58656,15744,34448,15632
>a 58704,15648,34464,15520
>a 58720,15728,34544,15552
>a 58640,15696,34480,15536
>a 58768,15696,34432,15536
>a 58704,15696,34432,15600
>a 58672,15696,34448,15504
>a 58752,15696,34448,15552
>a 58768,15664,34368,15552
>a 58736,15712,34448,15472
>a 58688,15696,34464,15488
>a 58672,15664,34464,15536
>a 58672,15664,34400,15568
>a 58640,15680,34464,15552
>a 58624,15648,34480,15568
>a 58672,15728,34464,15552
>a 58624,15728,34416,15520
>a 58672,15712,34448,15520
>a 58656,15712,34448,15440
>a 58704,15728,34416,15536
>a 58688,15568,34480,15552
>a 58672,15696,34528,15488
>a 58672,15856,34560,15552
>a 58720,15696,34480,15520
>a 58640,15616,34416,15552
>a 58704,15712,34384,15504
>a 58640,15680,34288,15504
>a 58720,15760,34448,15568
>a 58624,15648,34400,15504
>a 58608,15792,34368,15504
>a 58656,15712,34384,15520
>a 58640,15664,34512,15536
>a 58624,15728,34416,15520
>a 58640,15536,34432,15520
>a 58544,15664,34480,15648
>a 58624,15712,34432,15520
>a 58576,15728,34448,15536
>a 58544,15664,34448,15536
>a 58592,15712,34304,15520
>a 58544,15728,34448,15536
>a 58592,15744,34416,15520
>a 58592,15696,34480,15520
>a 58576,15616,34576,15552
>a 58528,15696,34432,15536
>a 58592,15824,34448,15632
>a 58512,15680,34400,15552
>a 58656,15712,34448,15632
>a 58560,15712,34464,15536
>a 58640,15728,34464,15568
>a 58544,15664,34528,15536
>a 58608,15680,34400,15520
>a 58544,15712,34448,15520
>a 58672,15728,34400,15520
>a 58592,15712,34448,15536
>a 58576,15696,34336,15520
>a 58624,15664,34544,15536
>a 58544,15728,34336,15520
>a 58480,15728,34480,15536
>a 58512,15712,34464,15536
>a 58656,15584,34416,15520
>a 58688,15728,34464,15568
>a 58656,15664,34464,15568
>a 58544,15712,34416,15536
>a 58640,15696,34400,15568
>a 58592,15696,34432,15536
>a 58544,15696,34432,15504
>a 58640,15712,34416,15568
>a 58544,15760,34416,15648
>a 58544,15728,34448,15568
>a 58576,15664,34352,15504
>a 58528,15696,34464,15552
>a 58512,15760,34528,15536
>a 58592,15696,34448,15568
>a 58592,15712,34432,15504
>a 58480,15728,34432,15536
>a 58560,15696,34464,15552
>a 58576,15680,34352,15408
>a 58592,15680,34448,15504
>a 58608,15632,34416,15504
>a 58512,15696,34384,15504
>a 58544,15712,34432,15552
>a 58464,15712,34448,15520
>a 58576,15728,34464,15536
>a 58528,15664,34448,15520
>a 58560,15728,34432,15472
>a 58544,15680,34432,15456
>a 58576,15712,34448,15520
>a 58576,15712,34512,15536
>a 58576,15680,34544,15536
>a 58544,15680,34416,15504
>a 58576,15664,34448,15440
>a 58576,15712,34448,15520
>a 58544,15696,34416,15360
>a 58544,15712,34432,15568
>a 58512,15696,34416,15568
>a 58528,15696,34464,15552
>a 58512,15712,34448,15616
>a 58528,15696,34400,15520
>a 58496,15680,34432,15504
>a 58480,15696,34464,15568
>a 58512,15648,34432,15504
>a 58544,15792,34416,15504
>a 58624,15792,34432,15472
>a 58544,15680,34432,15520
>a 58544,15648,34464,15520
>a 58512,15712,34416,15552
>a 58512,15712,34448,15520
>a 58512,15680,34432,15616
>a 58592,15696,34512,15520
>a 58528,15664,34480,15632
>a 58528,15616,34464,15664
>a 58544,15712,34496,15552
>a 58496,15872,34416,15536
>a 58576,15872,34448,15632
>a 58528,15936,34464,15536
>a 58528,15728,34416,15456
>a 58480,15680,34448,15584
>a 58448,15808,34496,15520
>a 58544,15712,34432,15520
>a 58512,15696,34416,15488
>a 58480,15664,34448,15552
>a 58448,15680,34432,15520
>a 58400,15696,34432,15536
>a 58448,15648,34464,15536
>a 58528,15648,34432,15472
>a 58464,15712,34464,15536
>a 58576,15696,34480,15552
>a 58512,15680,34432,15520
>a 58496,15760,34352,15520
>a 58512,15712,34496,15552
>a 58512,15712,34480,15552
>a 58512,15728,34416,15536
>a 58544,15728,34448,15504
>a 58544,15792,34448,15504
>a 58512,15680,34480,15536
>a 58576,15584,34448,15472
>a 58496,15680,34400,15536
>a 58512,15712,34448,15504
>a 58528,15712,34448,15536
>a 58528,15760,34384,15584
>a 58528,15648,34528,15504
>a 58624,15664,34416,15584
>a 58352,15712,34432,15520
>a 58480,15664,34400,15504
>a 58544,15696,34464,15520
>a 58480,15680,34368,15648
>a 58480,15696,34432,15456
>a 58464,15648,34464,15552
>a 58528,15696,34400,15536
>a 58512,15680,34416,15536
>a 58576,15664,34432,15536
>a 58464,15728,34448,15648
>a 58480,15680,34528,15552
>a 58544,15712,34448,15568
>a 58608,15696,34464,15552
>a 58480,15616,34448,15536
>a 58528,15680,34448,15632
>a 58496,15744,34448,15536
>a 58416,15632,34464,15632
>a 58608,15712,34432,15648
>a 58496,15696,34448,15536
>a 58544,15728,34432,15536
>a 58480,15696,34400,15712
>a 58528,15712,34448,15680
>a 58480,15712,34384,15536
>a 58416,15664,34576,15536
>a 58528,15680,34432,15616
>a 58512,15728,34480,15536
>a 58480,15696,34448,15552
>a 58464,15696,34448,15504
>a 58464,15696,34416,15520
>a 58512,15728,34448,15552
>a 58480,15792,34464,15520
>a 58512,15712,34432,15552
>a 58608,15728,34320,15504
>a 58496,15728,34416,15552
>a 58512,15680,34416,15520
>a 58512,15792,34512,15536
>a 58400,15632,34384,15600
>a 58480,15792,34544,15536
>a 58528,15664,34480,15488
>a 58448,15664,34384,15520
>a 58512,15696,34464,15520
>a 58688,15696,34384,15504
>a 58512,15808,34432,15520
>a 58480,15664,34544,15552
>a 58480,15712,34480,15536
>a 58496,15696,34432,15520
>a 58432,15712,34448,15536
>a 58416,15696,34432,15536
>a 58480,15728,34416,15536
>a 58512,15648,34464,15472
>a 58464,15696,34464,15568
>a 58512,15680,34416,15520
>a 58464,15680,34384,15552
>a 58496,15632,34448,15520
>a 58528,15744,34496,15536
>a 58496,15712,34384,15504
>a 58512,15696,34464,15536
>a 58416,15712,34416,15536
>a 58480,15696,34560,15616
>a 58416,15664,34480,15552
>a 58352,15632,34432,15520
>a 58464,15792,34496,15632
>a 58416,15744,34464,15552
>a 58512,15600,34464,15552
>a 58480,15728,34480,15552
>a 58512,15760,34528,15520
>a 58464,15712,34544,15632
>a 58544,15744,34464,15392
>a 58480,15712,34448,15536
>a 58544,15728,34416,15536
>a 58480,15696,34448,15488
>a 58480,15728,34640,15536
>a 58416,15696,34416,15536
>a 58496,15680,34480,15552
>a 58480,15696,34384,15520
>a 58480,15664,34384,15504
>a 58512,15696,34400,15568
>a 58480,15712,34416,15472
>a 58480,15680,34448,15536
>a 58448,15648,34400,15536
>a 58448,15712,34448,15456
>a 58496,15728,34544,15472
>a 58480,15696,34512,15520
>a 58544,15504,34480,15536
>a 58528,15712,34528,15536
>a 58480,15696,34400,15520
>a 58512,15712,34464,15536
>a 58480,15728,34352,15536
>a 58512,15728,34480,15552
>a 58480,15728,34480,15536
>a 58448,15696,34448,15536
>a 58480,15712,34432,15584
>a 58512,15824,34560,15536
>a 58416,15760,34416,15408
>a 58448,15680,34448,15536
>a 58464,15696,34448,15568
>a 58480,15696,34400,15536
>a 58512,15712,34416,15520
>a 58544,15808,34416,15536
>a 58576,15728,34416,15536
>a 58528,15712,34448,15536
>a 58416,15808,34448,15488
>a 58528,15744,34528,15536
>a 58576,15664,34464,15584
>a 58480,15680,34416,15568
>a 58528,15728,34464,15552
>a 58496,15696,34368,15520
>a 58480,15680,34416,15536
>a 58480,15696,34480,15520
>a 58512,15680,34400,15536
>a 58512,15728,34480,15552
>a 58416,15728,34416,15552
>a 58464,15696,34448,15488
>a 58592,15696,34480,15632
>a 58544,15744,34416,15632
>a 58448,15696,34448,15440
>a 58496,15712,34528,15536
>a 58448,15712,34464,15520
>a 58480,15600,34432,15552
>a 58464,15616,34352,15472
>a 58480,15728,34560,15536
>a 58448,15664,34416,15424
>a 58464,15696,34480,15536
>a 58496,15728,34480,15568
>a 58416,15648,34448,15520
>a 58464,15664,34432,15664
>a 58464,15696,34416,15568
>a 58480,15632,34416,15536
>a 58480,15808,34464,15520
>a 58416,15760,34496,15488
>a 58432,15744,34464,15552
>a 58480,15728,34464,15536
>a 58480,15696,34480,15520
>a 58448,15696,34496,15552
>a 58480,15728,34448,15536
>a 58448,15792,34416,15456
>a 58480,15536,34496,15552
>a 58416,15712,34448,15552
>a 58352,15712,34464,15408
>a 58464,15712,34464,15536
>a 58480,15888,34400,15504
>a 58416,15664,34384,15536
>a 58432,15664,34448,15520
>a 58448,15712,34416,15520
>a 58480,15728,34480,15536
>a 58432,15696,34448,15536
>a 58480,15712,34496,15520
>a 58528,15712,34432,15520
>a 58480,15728,34480,15536
>a 58496,15696,34480,15552
>a 58480,15696,34544,15600
>a 58496,15712,34496,15536
>p 5,0
>a 58448,15760,33136,15456
>p 5,90
>a 58368,15696,34224,15520
>a 58496,15712,34304,15440
>a 58480,15712,34352,15536
>a 58448,15696,34240,15520
>a 58512,15696,34272,15440
>a 58416,15856,34240,15424
>a 58544,15728,34208,15456
>p 5,0
>p 5,90
>a 58416,15792,34176,15648
>a 58464,15728,34224,15568
>p 5,0
>a 58448,15776,33024,15536
>p 5,90
>a 58416,15712,34032,15712
>a 58480,15712,34016,15504
>a 58480,15712,34016,15504
>a 58448,15536,34000,15536
>p 5,0
>p 5,90
>a 58480,15728,33952,15504
>a 58496,15712,33968,15536
>p 5,0
>a 58480,15680,32608,15536
>p 5,90
>a 58448,15776,33632,15520
>p 5,0
>a 58416,15760,32240,15520
>p 5,90
>a 58480,15600,33360,15520
>a 58544,15680,33312,15552
>a 58480,15664,33312,15488
>a 58480,15712,33312,15456
>a 58448,15824,33440,15536
>p 5,0
>a 58464,15696,32000,15488
>p 5,90
>a 58352,15680,33056,15520
>a 58448,15712,33072,15504
>a 58480,15712,33056,15472
>a 58608,15712,33024,15504
>p 5,0
>a 58416,15712,31648,15600
>p 5,90
>a 58480,15728,32640,15504
>a 58432,15728,32672,15520
>a 58464,15776,32816,15472
>a 58464,15792,32688,15552
>a 58352,15680,32736,15520
>a 58464,15680,32672,15536
>a 58464,15760,32752,15552
>a 58448,15664,32736,15536
>a 58448,15728,32784,15520
>a 58400,15728,32784,15600
>p 6,90
>a 55664,15776,34896,15600
>p 6,0
>a 58160,15712,33216,15520
>a 58256,15728,33024,15408
>a 58224,15680,33120,15520
>a 58272,15728,33136,15536
>a 58224,15664,33136,15504
>a 58208,15696,33120,15536
>a 58304,15824,33184,15568
>a 58272,15728,33136,15520
>p 6,90
>a 54992,15840,35344,15536
>p 6,0
>a 57952,15840,33728,15616
>a 57984,15664,33632,15600
>p 6,90
>a 55360,15696,35744,15504
>p 6,0
>a 57808,15696,33936,15536
>a 57808,15696,33904,15456
>p 6,90
>p 6,0
>a 57824,15664,33968,15440
>a 57840,15776,33872,15408
>p 6,90
>p 6,0
>a 57728,15632,34048,15552
>a 57904,15696,33968,15520
>p 6,90
>a 54608,15696,36176,15568
>p 5,0
>a 53920,15664,34608,15536
>p 5,90
>p 6,0
>a 57136,15712,34608,15504
>a 57104,15712,34528,15520
>a 57200,15712,34608,15552
>a 57168,15712,34592,15408
>a 57184,15712,34656,15648
>a 57200,15696,34480,15536
>a 57168,15536,34368,15536
>a 57200,15712,34608,15536
>p 7,11
>a 57184,15648,34416,15520
>a 57168,15824,34544,15632
>a 57200,15712,34528,15520
>a 57248,15808,34624,15520
>a 57072,15680,34544,15536
>a 57264,15808,34448,15504
>a 57248,15728,34512,15504
>a 57200,15744,34496,15520
>p 7,0
>a 57200,15648,34480,15520
>a 57264,15712,34480,15536
>a 57264,15728,34432,15536
>a 57312,15728,34496,15536
>a 57200,15792,34512,15552
>a 57200,15712,34336,15520
>a 57248,15712,34480,15472
>a 57264,15728,34448,15568
>a 57232,15664,34464,15392
>a 57248,15696,34480,15520
>p 7,12
>p 7,12
>a 57264,15696,34544,15536
>p 7,14
>a 57200,15664,34432,15648
>p 7,15
>a 57328,15648,34496,15632
>a 57216,15696,34480,15488
>a 57328,15680,34336,15504
>a 57200,15648,34416,15472
>a 57296,15712,34544,15648
>a 57248,15776,34448,15520
>a 57264,15696,34480,15520
>a 57248,15696,34528,15664
>a 57312,15632,34544,15472
>a 57296,15680,34560,15536
>a 57232,15696,34464,15536
>a 57264,15520,34416,15472
>p 7,14
>a 57296,15712,34464,15504
>p 7,13
>a 57280,15728,34496,15488
>a 57264,15664,34448,15536
>a 57264,15664,34528,15536
>p 7,14
>p 7,15
>p 7,16
>p 7,17
>p 7,18
>a 57232,15696,34416,15504
>p 7,19
>p 7,20
>p 7,21
>p 7,22
>a 57328,15664,34464,15536
>a 57296,15664,34480,15520
>a 57232,15520,34432,15520
>a 57296,15808,34432,15536
>a 57264,15680,34400,15552
>a 57264,15792,34400,15536
>a 57248,15728,34432,15536
>a 57280,15744,34448,15392
>a 57328,15680,34464,15648
>a 57232,15712,34576,15536
>a 57296,15696,34416,15568
>p 7,24
>p 7,25
>a 57232,15696,34464,15536
>a 57296,15664,34544,15616
>a 57312,15728,34384,15536
>a 57264,15696,34432,15568
>a 57264,15696,34416,15504
>a 57232,15792,34528,15536
>a 57312,15712,34448,15536
>a 57296,15760,34416,15520
>a 57360,15712,34432,15536
>a 57328,15792,34528,15648
>a 57392,15696,34448,15552
>a 57264,15696,34416,15488
>a 57328,15712,34512,15536
>p 7,26
>p 7,27
>a 57312,15712,34416,15488
>a 56928,18544,34464,15520
>a 57056,17488,34480,15632
>a 56928,17856,34448,15536
>a 56880,17760,34464,15520
>a 56752,17808,34416,15536
>a 56736,17680,34560,15568
>a 56624,17872,34528,15488
>a 56576,17680,34432,15536
>a 56560,17632,34448,15520
>a 56544,17680,34416,15536
>a 56480,17664,34384,15520
>a 56496,17616,34480,15616
>a 56464,17552,34448,15536
>a 56528,17568,34448,15552
>a 56272,17632,34432,15536
>a 56368,17568,34480,15440
>a 56432,17584,34368,15536
>a 56464,17616,34448,15568
>a 56496,17632,34464,15536
>a 56416,17648,34448,15520
>a 56352,17664,34448,15504
>p 7,26
>p 7,25
>p 7,24
>p 7,23
>p 7,22
>p 7,21
>p 7,20
>p 7,19
>p 7,18
>a 56416,15760,34336,15520
>p 7,17
>p 7,16
>a 56304,15712,34416,15520
>a 56304,15696,34416,15456
>a 56480,15744,34464,15568
>a 56368,15840,34464,15552
>a 56400,15792,34416,15504
>a 56368,15824,34368,15472
>a 56400,15728,34432,15472
>a 56432,15840,34528,15536
>a 56432,15744,34400,15472
>a 56384,15824,34384,15504
>a 56416,15728,34352,15552
>a 56416,15728,34480,15520
>a 56432,15744,34448,15504
>a 56496,15712,34464,15536
>a 56480,15712,34384,15520
>a 56432,15744,34432,15600
>p 7,14
>p 7,13
>p 7,12
>p 7,11
>a 56400,15616,34432,15504
>a 56384,15840,34432,15488
>a 56432,15760,34432,15536
>a 56560,15776,34336,15488
>a 56416,15776,34416,15680
>a 56400,15568,34432,15536
>a 56432,15696,34416,15632
>a 56400,15696,34400,15552
>a 56432,15792,34448,15552
>a 56432,15664,34432,15616
>a 56464,15568,34352,15520
>p 6,90
>p 6,0
>a 56416,15712,34464,15552
>a 56368,15664,34480,15472
>a 56432,15584,34512,15392
>p 6,90
>a 53936,15712,36240,15568
>p 5,0
>a 52912,15664,34816,15552
>p 5,90
>p 6,0
>a 56000,15712,34848,15536
>a 56048,15648,34816,15504
>p 6,90
>p 6,0
>a 55968,15680,34912,15520
>a 55840,15728,34880,15536
>a 55920,15632,34880,15536
>a 55968,15696,34912,15520
>a 55920,15632,34880,15536
>a 55968,15584,34896,15488
>a 55952,15648,34912,15520
>a 55952,15664,34848,15520
>a 55952,15680,34848,15488
>a 56000,15696,34832,15488
>a 55968,15696,34864,15504
>a 55984,15680,34880,15536
>a 56016,15712,34848,15616
>a 55952,15712,34912,15456
>a 55920,15648,34848,15520
>a 55984,15664,34992,15504
>a 56128,15712,34848,15552
>a 55984,15680,34816,15552
>a 56032,15792,34864,15600
>a 55984,15696,34800,15552
>