 1 Jul 11 2014, <C1459854>
>
>
>
>
>
>
>
>
>v 1 Jul 11 2014, <C1459854>
>a 65520,15712,65520,15712
>a 65520,15664,65520,15728
>a 65520,15712,65520,15664
>a 65520,15744,65520,15696
>a 65520,15744,65520,15776
>a 65520,15712,65520,15696
>a 65520,15712,65520,15712
>p 6,90
>p 5,90
>a 65520,15712,65520,15728
>p 6,0
>p 5,0
>a 65520,15728,65520,15728
>a 65520,15728,65520,15696
>a 65520,15680,65520,15696
>a 65520,15728,65520,15712
>a 65520,15744,65520,15728
>a 65520,15728,65520,15696
>a 65520,15744,65520,15728
>a 65520,15728,65456,15648
>a 65520,15728,65520,15728
>a 65520,15712,65520,15696
>a 65520,15728,65520,15696
>a 65520,15824,65520,15728
>a 65520,15728,65008,15696
>a 65520,15728,64400,15680
>a 65520,15696,63680,15696
>a 65520,15744,62960,15712
>a 65520,15760,62368,15728
>a 65520,15712,61600,15744
>a 65520,15712,61104,15680
>a 65520,15696,60400,15664
>a 65520,15728,59888,15696
>a 65520,15664,59328,15696
>a 65520,15728,58736,15664
>a 65520,15728,58080,15664
>a 65520,15712,57552,15680
>a 65520,15744,56992,15664
>a 65520,15808,56480,15664
>a 65520,15600,55920,15632
>a 65520,15728,55392,15632
>a 65520,15680,54944,15584
>a 65520,15760,54416,15664
>a 65520,15744,53888,15632
>a 65520,15536,53328,15616
>a 65520,15728,52896,15632
>a 65520,15728,52400,15632
>p 6,90
>p 5,90
>a 65520,15840,56016,15616
>a 65520,15728,56656,15632
>a 65520,15728,57408,15744
>a 65520,15696,57984,15664
>a 65520,15728,58800,15616
>a 65520,15648,59328,15664
>a 65520,15760,59952,15600
>a 65520,15728,60576,15712
>a 65520,15568,61040,15664
>a 65520,15776,61616,15664
>a 65520,15616,62064,15696
>a 65520,15680,62560,15680
>a 65520,15760,63008,15696
>a 65520,15696,63360,15648
>a 65520,15696,63824,15712
>a 65520,15792,64192,15664
>a 65520,15712,64592,15664
>p 6,0
>p 5,0
>a 65520,15696,61312,15696
>a 65520,15728,60592,15664
>a 65520,15616,59968,15664
>a 65520,15712,59280,15792
>a 65520,15744,58592,15600
>a 65520,15744,57904,15680
>a 65520,15712,57248,15712
>a 65520,15824,56656,15632
>a 65520,15728,56048,15632
>a 65520,15728,55472,15664
>a 65520,15728,54880,15648
>a 65520,15808,54256,15648
>a 65520,15728,53712,15616
>a 65520,15744,53168,15680
>a 65520,15744,52576,15632
>a 65520,15728,52128,15616
>a 65520,15712,51552,15552
>a 65520,15616,51040,15664
>a 65520,15728,50576,15728
>a 65520,15712,49968,15632
>a 65520,15648,49520,15568
>a 65520,15744,48992,15648
>a 65520,15712,48464,15584
>a 65520,15712,47968,15536
>a 65520,15728,47472,15600
>a 65520,15728,47088,15632
>a 65520,15728,46512,15600
>a 65520,15616,45984,15600
>a 65520,15728,45424,15584
>a 65520,15744,44896,15600
>p 6,90
>p 5,90
>a 65520,15744,48816,15552
>a 65520,15728,49472,15600
>a 65520,15728,50240,15632
>a 65520,15728,50864,15616
>a 65520,15728,51664,15728
>a 65520,15728,52240,15696
>a 65520,15712,52816,15616
>a 65520,15728,53456,15584
>a 65520,15760,54064,15648
>a 65520,15808,54624,15664
>a 65520,15776,55152,15568
>a 65520,15696,55664,15648
>p 6,0
>p 5,0
>a 65520,15744,51984,15632
>a 65520,15760,51360,15632
>a 65520,15680,50704,15648
>a 65520,15648,50144,15648
>a 65520,15712,49632,15632
>a 65520,15824,49072,15680
>a 65520,15632,48544,15696
>a 65520,15728,47984,15600
>a 65520,15744,47456,15616
>a 65520,15728,46976,15632
>a 65520,15712,46288,15616
>a 65520,15696,45856,15616
>a 65520,15632,45280,15600
>a 65520,15712,44656,15584
>p 6,90
>p 5,90
>a 65520,15760,48688,15664
>a 65520,15696,49280,15664
>a 65520,15728,49840,15600
>a 65520,15728,50448,15616
>a 65520,15744,51040,15632
>a 65520,15728,51664,15632
>a 65520,15648,52144,15600
>a 65520,15696,52752,15664
>a 65520,15728,53184,15648
>a 65520,15712,53680,15616
>a 65520,15760,54176,15616
>a 65520,15712,54656,15664
>a 65520,15760,55072,15648
>a 65520,15728,55520,15632
>p 6,0
>p 5,0
>a 65520,15728,51824,15648
>a 65520,15760,51168,15664
>a 65520,15664,50544,15632
>a 65520,15664,49920,15648
>a 65520,15696,49264,15600
>a 65520,15760,48736,15712
>a 65520,15728,48192,15616
>a 65520,15744,47632,15600
>a 65520,15728,47056,15728
>a 65520,15728,46576,15632
>a 65520,15760,46000,15584
>a 65520,15744,45440,15600
>a 65520,15728,44880,15600
>p 6,90
>p 5,90
>a 65520,15728,48816,15616
>a 65520,15696,49440,15632
>a 65520,15744,50032,15632
>a 65520,15744,50592,15616
>a 65520,15680,51152,15616
>a 65520,15696,51712,15616
>a 65520,15728,52272,15584
>a 65520,15680,52784,15664
>a 65520,15744,53296,15632
>a 65520,15648,53744,15648
>a 65520,15728,54192,15648
>a 65520,15744,54688,15616
>a 65520,15728,55136,15648
>a 65520,15760,55600,15632
>p 6,0
>p 5,0
>a 65520,15744,51856,15616
>a 65520,15696,51200,15648
>a 65520,15728,50448,15616
>a 65520,15760,49872,15616
>a 65520,15824,49360,15616
>a 65520,15728,48800,15584
>a 65520,15744,48224,15568
>a 65520,15680,47632,15600
>a 65520,15728,47120,15600
>a 65520,15744,46544,15616
>a 65520,15728,46016,15616
>a 65520,15824,45488,15632
>a 65520,15680,44848,15584
>p 6,90
>p 5,90
>a 65520,15776,48896,15616
>a 65520,15712,49520,15616
>a 65520,15696,50096,15616
>a 65520,15712,50640,15616
>a 65520,15696,51248,15632
>a 65520,15712,51696,15616
>a 65520,15792,52160,15600
>a 65520,15728,52864,15584
>a 65520,15728,53280,15648
>a 65520,15664,53744,15648
>a 65520,15728,54224,15584
>a 65520,15728,54672,15632
>a 65520,15728,55184,15632
>a 65520,15728,55600,15632
>p 6,0
>p 5,0
>a 65520,15696,51888,15632
>a 65520,15728,51120,15648
>a 65520,15696,50560,15632
>a 65520,15744,49952,15632
>a 65520,15760,49408,15616
>a 65520,15728,48752,15616
>a 65520,15728,48288,15616
>a 65520,15712,47632,15600
>a 65520,15728,47136,15584
>a 65520,15728,46624,15584
>a 65520,15760,46080,15696
>a 65520,15728,45520,15568
>a 65520,15728,44912,15632
>p 6,90
>p 5,90
>a 65520,15712,48864,15616
>a 65520,15696,49472,15568
>a 65520,15728,50080,15616
>a 65520,15728,50672,15568
>a 65520,15696,51184,15648
>a 65520,15696,51824,15648
>a 65520,15744,52336,15664
>a 65520,15712,52848,15648
>a 65520,15728,53344,15648
>a 65520,15680,53872,15728
>a 65520,15696,54288,15664
>a 65520,15680,54768,15600
>a 65520,15712,55200,15744
>a 65520,15728,55648,15664
>p 6,0
>p 5,0
>a 65520,15728,51856,15600
>a 65520,15712,51232,15664
>a 65520,15728,50592,15584
>a 65520,15728,49968,15632
>a 65520,15696,49392,15664
>a 65520,15728,48768,15632
>a 65520,15680,48192,15616
>a 65520,15712,47664,15584
>a 65520,15744,47152,15616
>a 65520,15696,46672,15600
>a 65520,15728,46032,15568
>a 65520,15728,45536,15616
>a 65520,15760,44944,15696
>p 6,90
>p 5,90
>a 65520,15728,49008,15632
>a 65520,15712,49600,15616
>a 65520,15712,50160,15632
>a 65520,15744,50592,15616
>a 65520,15744,51248,15616
>a 65520,15728,51888,15584
>a 65520,15696,52304,15616
>a 65520,15728,52912,15648
>a 65520,15728,53392,15632
>a 65520,15728,53888,15664
>a 65520,15664,54336,15632
>a 65520,15728,54816,15680
>a 65520,15712,55280,15664
>a 65520,15728,55696,15728
>p 6,0
>p 5,0
>a 65520,15808,52000,15632
>a 65520,15648,51216,15616
>a 65520,15664,50656,15600
>a 65520,15728,49968,15600
>a 65520,15728,49440,15600
>a 65520,15712,48848,15648
>a 65520,15712,48336,15648
>a 65520,15680,47744,15584
>a 65520,15696,47104,15568
>a 65520,15728,46640,15632
>a 65520,15712,46192,15680
>a 65520,15776,45616,15568
>a 65520,15728,45040,15632
>a 65520,15744,44464,15584
>p 6,90
>p 5,90
>a 65520,15760,48496,15648
>a 65520,15712,49072,15520
>a 65520,15744,49664,15552
>a 65520,15760,50256,15648
>a 65520,15696,50816,15696
>a 65520,15680,51360,15536
>