
>
>v 1 Jul 11 2014, <FA352A08>
>a 47664,15408,47408,15488
>a 47632,15392,47456,15472
>a 47664,15408,47504,15392
>a 47664,15488,47472,15424
>a 47680,15488,47456,15440
>a 47648,15408,47408,15424
>a 47760,15536,47440,15456
>a 47664,15312,47440,15408
>a 47680,15504,47456,15456
>a 47680,15456,47440,15488
>a 47664,15408,47440,15520
>a 47632,15344,47424,15424
>a 47664,15360,47440,15456
>a 47664,15408,47376,15440
>a 47664,15408,47456,15488
>a 47664,15408,47552,15392
>a 47600,15440,47472,15472
>a 47696,15424,47456,15440
>a 47696,15424,47456,15440
>a 47664,15376,47456,15552
>a 47664,15408,47456,15424
>a 47664,15392,47472,15408
>a 47696,15408,47408,15424
>a 47664,15392,47456,15456
>a 47648,15376,47440,15440
>a 47632,15504,47440,15440
>a 47664,15440,47456,15536
>a 47664,15408,47408,15488
>a 47568,15424,47488,15456
>a 47696,15408,47520,15392
>a 47584,15344,47520,15440
>a 47760,15472,47472,15616
>a 47664,15408,47456,15440
>p 7,1
>p 7,1
>p 7,2
>p 7,4
>a 47696,15280,47424,15536
>p 7,5
>a 47648,15424,47488,15456
>a 47568,15392,47424,15440
>a 47696,15360,47456,15392
>a 47648,15392,47376,15424
>a 47664,15440,47456,15424
>a 47712,15360,47424,15440
>a 47632,15408,47424,15424
>a 47568,15424,47408,15440
>a 47680,15408,47440,15440
>a 47664,15408,47424,15456
>a 47712,15424,47456,15408
>a 47664,15488,47472,15328
>a 47664,15424,47440,15408
>a 47696,15360,47520,15424
>a 47680,15536,47392,15536
>a 47696,15408,47504,15488
>a 47616,15408,47376,15440
>a 47664,15520,47488,15456
>a 47680,15424,47408,15376
>p 7,4
>p 7,2
>p 7,1
>p 7,0
>a 47632,15456,47408,15472
>a 47648,15552,47440,15360
>a 47568,15520,47536,15456
>a 47648,15536,47408,15440
>a 47680,15408,47520,15456
>a 47664,15344,47472,15408
>a 47664,15392,47424,15424
>a 47664,15424,47472,15456
>a 47632,15392,47536,15440
>a 47664,15456,47440,15440
>a 47664,15408,47456,15424
>a 47568,15344,47472,15440
>a 47664,15408,47424,15456
>a 47664,15584,47424,15440
>a 47696,15424,47456,15472
>a 47696,15392,47456,15440
>a 47648,15296,47456,15456
>a 47664,15376,47408,15408
>a 47600,15408,47440,15344
>a 47664,15408,47360,15344
>a 47600,15424,47440,15392
>a 47760,15440,47440,15488
>a 47696,15504,47440,15536
>a 47696,15424,47440,15472
>a 47632,15376,47440,15424
>a 47696,15408,47392,15424
>a 47648,15392,47408,15456
>