
>v 1 Jul 11 2014, <C1459854>
>a 65520,15712,34784,15616
>p 5,90
>a 65520,15840,34832,15504
>a 65520,15712,34880,15504
>a 65520,15712,34752,15600
>a 65520,15728,34816,15520
>a 65520,15760,34832,15472
>a 65520,15744,34928,15504
>a 65520,15744,34816,15520
>a 65520,15632,34832,15600
>a 65520,15760,34832,15504
>a 65520,15760,34736,15536
>a 65520,15920,34832,15536
>a 65520,15744,34912,15632
>a 65520,15872,34784,15536
>p 6,90
>p 5,0
>a 65520,15648,35616,15520
>p 6,0
>p 5,90
>a 65520,15824,35120,15536
>a 65520,15744,35024,15520
>a 65520,15744,35088,15456
>a 65520,15760,35072,15520
>a 65520,15760,35040,15488
>a 65520,15728,35040,15616
>a 65520,15696,34960,15520
>a 65520,15776,35056,15552
>a 65520,15760,34960,15520
>a 65520,15744,35120,15616
>a 65520,15744,35104,15456
>a 65520,15840,35040,15536
>a 65520,15760,35040,15536
>p 6,90
>p 5,0
>a 65520,15680,35744,15552
>p 6,0
>p 5,90
>a 65520,15760,35280,15552
>a 65520,15728,35312,15568
>a 65520,15776,35264,15536
>a 65520,15728,35120,15504
>a 65520,15712,35376,15536
>a 65520,15776,35248,15536
>a 65520,15744,35312,15424
>a 65520,15696,35264,15520
>a 65520,15728,35168,15536
>a 65520,15776,35232,15520
>a 65520,15792,35168,15536
>a 65520,15632,35200,15552
>a 65520,15728,35280,15504
>a 65520,15728,35216,15440
>a 65520,15760,35200,15552
>a 65520,15744,35216,15536
>a 65520,15760,35216,15632
>a 65520,15632,35200,15536
>a 65520,15776,35168,15536
>a 65520,15760,35184,15472
>a 65520,15744,35168,15520
>a 65520,15760,35200,15520
>a 65520,15840,35280,15520
>a 65520,15744,35136,15600
>a 65520,15744,35184,15520
>a 65520,15760,35232,15632
>a 65520,15728,35184,15600
>a 65520,15760,35152,15520
>a 65520,15728,35184,15504
>a 65520,15680,35232,15632
>a 65520,15744,35184,15520
>a 65520,15744,35168,15456
>a 65520,15728,35200,15632
>a 65520,15856,35280,15504
>a 65520,15728,35184,15536
>a 65520,15728,35184,15536
>p 6,90
>p 5,0
>a 65520,15712,35888,15520
>p 6,0
>p 5,90
>a 65520,15648,35440,15520
>a 65520,15728,35536,15616
>a 65520,15840,35440,15536
>a 65520,15728,35408,15504
>a 65520,15840,35488,15520
>a 65520,15728,35360,15504
>a 65520,15776,35424,15536
>a 65520,15760,35408,15520
>a 65520,15808,35440,15616
>a 65520,15712,35392,15536
>a 65520,15744,35408,15536
>a 65520,15712,35424,15472
>a 65520,15760,35376,15536
>a 65520,15744,35408,15520
>a 65520,15728,35392,15536
>a 65520,15696,35376,15552
>a 65520,15648,35408,15520
>a 65520,15744,35376,15488
>a 65520,15696,35424,15536
>a 65520,15760,35376,15616
>a 65520,15760,35376,15648
>a 65520,15712,35344,15520
>a 65520,15600,35360,15456
>a 65520,15776,35376,15584
>a 65520,15712,35328,15584
>a 65520,15856,35488,15552
>a 65520,15632,35392,15552
>a 65520,15728,35344,15536
>a 65520,15776,35360,15520
>a 65520,15712,35280,15520
>a 65520,15728,35408,15536
>a 65520,15712,35328,15520
>a 65520,15824,35376,15728
>a 65520,15712,35376,15520
>a 65520,15744,35360,15520
>a 65520,15728,35488,15504
>a 65520,15744,35360,15536
>a 65520,15728,35360,15536
>a 65520,15760,35360,15600
>a 65520,15744,35344,15536
>a 65520,15728,35344,15552
>a 65520,15728,35280,15456
>a 65520,15760,35408,15552
>a 65520,15760,35360,15504
>a 65520,15760,35344,15536
>a 65520,15760,35360,15488
>a 65520,15904,35424,15568
>a 65520,15776,35392,15536
>a 65520,15840,35328,15504
>a 65520,15632,35392,15600
>a 65520,15680,35216,15536
>a 65520,15664,35376,15600
>a 65520,15728,35392,15552
>a 65520,15760,35376,15552
>a 65520,15728,35360,15536
>a 65520,15744,35408,15520
>a 65520,15744,35344,15520
>a 65520,15728,35360,15520
>a 65520,15712,35376,15552
>a 65520,15728,35328,15520
>a 65520,15856,35456,15568
>a 65520,15680,35344,15520
>a 65520,15728,35344,15520
>a 65520,15760,35136,15520
>a 65520,15728,35344,15536
>a 65520,15744,35344,15568
>a 65520,15744,35392,15536
>a 65520,15680,35328,15536
>a 65520,15728,35440,15520
>a 65520,15776,35312,15520
>a 65520,15648,35296,15504
>a 65520,15728,35328,15520
>a 65520,15728,35328,15520
>a 65520,15760,35424,15520
>a 65520,15840,35344,15536
>a 65520,15728,35376,15536
>a 65520,15664,35216,15536
>a 65520,15728,35408,15488
>a 65520,15584,35264,15600
>a 65520,15824,35376,15488
>a 65520,15728,35392,15520
>a 65520,15728,35344,15520
>a 65520,15664,35360,15552
>a 65520,15776,35344,15520
>a 65520,15840,35360,15488
>a 65520,15744,35328,15600
>a 65520,15744,35328,15504
>a 65520,15792,35360,15536
>a 65520,15856,35344,15520
>a 65520,15712,35328,15584
>a 65520,15744,35424,15648
>a 65520,15744,35376,15488
>a 65520,15712,35296,15536
>a 65520,15728,35360,15520
>a 65520,15728,35248,15504
>a 65520,15760,35424,15504
>a 65520,15776,35376,15520
>a 65520,15728,35376,15536
>p 6,90
>p 5,0
>a 65520,15824,36128,15408
>p 6,0
>p 5,90
>a 65520,15728,35568,15520
>a 65520,15728,35584,15536
>a 65520,15696,35536,15536
>a 65520,15744,35568,15552
>a 65520,15808,35552,15488
>a 65520,15792,35552,15536
>a 65520,15728,35584,15472
>a 65520,15824,35584,15376
>a 65520,15712,35552,15616
>a 65520,15776,35568,15568
>a 65520,15664,35440,15664
>a 65520,15744,35504,15504
>a 65520,15760,35584,15536
>a 65520,15744,35600,15536
>a 65520,15824,35456,15456
>a 65520,15760,35568,15520
>a 65520,15760,35568,15552
>a 65520,15744,35536,15472
>a 65520,15856,35680,15616
>a 65520,15744,35568,15552
>a 65520,15632,35488,15552
>a 65520,15744,35552,15536
>a 65520,15776,35632,15536
>a 65520,15712,35536,15536
>a 65520,15856,35536,15472
>a 65520,15728,35552,15552
>a 65520,15744,35584,15552
>a 65520,15728,35552,15568
>a 65520,15728,35504,15568
>a 65520,15744,35536,15504
>a 65520,15760,35568,15568
>a 65520,15728,35568,15504
>a 65520,15728,35536,15520
>a 65520,15728,35504,15600
>a 65520,15696,35552,15536
>a 65520,15680,35536,15536
>a 65520,15760,35536,15536
>a 65520,15840,35504,15536
>a 65520,15760,35520,15600
>a 65520,15680,35552,15568
>a 65520,15760,35520,15504
>a 65520,15824,35584,15536
>a 65520,15728,35536,15504
>a 65520,15760,35472,15536
>a 65520,15760,35552,15520
>a 65520,15712,35552,15520
>a 65520,15760,35632,15536
>a 65520,15760,35488,15424
>a 65520,15712,35536,15504
>a 65520,15744,35552,15568
>a 65520,15856,35488,15536
>a 65520,15744,35600,15520
>a 65520,15776,35360,15520
>a 65520,15776,35536,15536
>a 65520,15776,35552,15568
>a 65520,15808,35440,15536
>a 65520,15776,35488,15552
>a 65520,15744,35520,15536
>a 65520,15776,35536,15536
>a 65520,15712,35536,15536
>a 65520,15696,35520,15504
>a 65520,15744,35552,15632
>a 65520,15760,35600,15552
>a 65520,15728,35520,15520
>a 65520,15728,35520,15392
>a 65520,15696,35440,15600
>a 65520,15776,35536,15536
>a 65520,15728,35504,15504
>a 65520,15616,35536,15568
>a 65520,15728,35552,15536
>a 65520,15744,35472,15536
>a 65520,15648,35504,15504
>a 65520,15728,35536,15520
>a 65520,15760,35552,15648
>a 65520,15824,35536,15344
>a 65520,15728,35520,15552
>a 65520,15712,35536,15648
>a 65520,15744,35536,15552
>a 65520,15744,35520,15632
>a 65520,15728,35520,15520
>a 65520,15744,35488,15520
>a 65520,15760,35552,15504
>a 65520,15744,35520,15520
>a 65520,15760,35536,15552
>a 65520,15728,35536,15536
>p 6,90
>p 5,0
>a 65520,15824,36224,15632
>a 65520,15728,36272,15488
>a 65520,15712,36752,15520
>a 65520,15760,36864,15648
>a 65520,15680,37040,15552
>a 65520,15840,37168,15632
>a 65520,15760,37376,15568
>a 65520,15616,37632,15536
>a 65520,15744,37856,15536
>a 65520,15728,38000,15536
>p 6,0
>p 5,90
>a 65520,15712,37600,15536
>a 65520,15760,37600,15568
>a 65520,15760,37536,15536
>a 65520,15760,37568,15664
>a 65520,15792,37504,15536
>a 65520,15696,37520,15504
>a 65520,15712,37488,15536
>a 65520,15744,37424,15536
>a 65520,15760,37584,15648
>a 65520,15744,37360,15536
>a 65520,15696,37392,15520
>a 65520,15728,37424,15616
>a 65520,15776,37456,15584
>a 65520,15744,37488,15568
>a 65520,15744,37504,15520
>p 6,90
>p 5,0
>a 65520,15728,38032,15584
>a 65520,15728,38176,15536
>a 65520,15728,38352,15536
>a 65520,15760,38688,15504
>a 65520,15728,38784,15568
>a 65520,15776,38896,15536
>a 65520,15760,39072,15568
>a 65520,15760,39120,15536
>a 65520,15600,39328,15376
>p 6,0
>p 5,90
>a 65520,15760,39008,15568
>p 6,90
>p 5,0
>a 65520,15728,39536,15600
>p 6,0
>p 5,90
>a 65520,15760,39104,15552
>p 6,90
>p 5,0
>a 65520,15712,39680,15536
>p 6,0
>p 5,90
>a 65520,15728,39344,15536
>a 65520,15728,39120,15552
>p 6,90
>p 5,0
>a 65520,15840,39696,15552
>p 6,0
>p 5,90
>a 65520,15840,39408,15568
>a 65520,15824,39328,15648
>a 65520,15728,39312,15584
>a 65520,15680,39296,15568
>a 65520,15728,39280,15504
>a 65520,15712,39328,15536
>a 65520,15760,39264,15536
>a 65520,15728,39248,15520
>a 65520,15744,39200,15568
>a 65520,15840,39280,15600
>a 65520,15760,39328,15568
>a 65520,15776,39120,15552
>p 6,90
>p 5,0
>a 65520,15728,39664,15552
>p 6,0
>p 5,90
>a 65520,15776,39392,15648
>a 65520,15728,39328,15552
>a 65520,15728,39264,15568
>a 65520,15728,39280,15568
>a 65520,15744,39280,15568
>a 65520,15728,39312,15552
>a 65520,15728,39248,15536
>a 65520,15744,39280,15632
>a 65520,15840,39392,15424
>a 65520,15712,39296,15472
>a 65520,15712,39312,15568
>a 65520,15744,39280,15536
>a 65520,15776,39280,15664
>a 65520,15760,39312,15584
>a 65520,15792,39264,15536
>a 65520,15760,39232,15760
>a 65520,15728,39264,15600
>a 65520,15664,39232,15504
>a 65520,15760,39200,15568
>a 65520,15712,39216,15568
>a 65520,15744,39248,15536
>a 65520,15840,39280,15600
>a 65520,15744,39248,15600
>a 65520,15696,39216,15568
>a 65520,15744,39280,15584
>a 65520,15728,39152,15552
>a 65520,15728,39200,15616
>a 65520,15712,39136,15568
>a 65520,15776,39232,15568
>a 65520,15728,39216,15600
>a 65520,15728,39248,15616
>a 65520,15840,39184,15568
>a 65520,15712,39200,15584
>a 65520,15728,39296,15584
>a 65520,15744,39248,15536
>a 65520,15728,39232,15648
>a 65520,15776,39216,15568
>a 65520,15760,39232,15568
>a 65520,15744,39200,15632
>a 65520,15728,39168,15568
>a 65520,15712,39184,15568
>a 65520,15728,39216,15552
>a 65520,15664,39152,15552
>a 65520,15680,39168,15504
>a 65520,15760,39200,15616
>a 65520,15776,39184,15552
>a 65520,15760,39264,15520
>a 65520,15744,39184,15504
>a 65520,15728,39200,15488
>a 65520,15952,39152,15536
>a 65520,15760,39120,15504
>a 65520,15728,39200,15552
>a 65520,15680,39168,15520
>a 65520,15712,39168,15632
>a 65520,15728,39168,15584
>a 65520,15792,39120,15552
>a 65520,15888,39200,15536
>a 65520,15776,39184,15616
>a 65520,15904,39088,15568
>a 65520,15760,39200,15520
>a 65520,15712,39168,15536
>a 65520,15840,39184,15504
>a 65520,15760,39120,15568
>a 65520,15776,39184,15744
>a 65520,15776,39136,15568
>a 65520,15664,39136,15536
>a 65520,15664,39168,15536
>a 65520,15728,39152,15536
>a 65520,15728,39168,15536
>a 65520,15760,39184,15552
>a 65520,15744,39152,15552
>p 5,0
>a 65520,15744,37744,15520
>p 5,90
>a 65520,15712,39040,15536
>a 65520,15728,39008,15568
>a 65520,15760,39008,15536
>a 65520,15728,38976,15472
>a 65520,15696,39024,15568
>p 5,0
>a 65520,15728,37760,15648
>p 5,90
>a 65520,15728,38816,15568
>a 65520,15760,38800,15568
>a 65520,15712,38880,15584
>a 65520,15760,38832,15568
>a 65520,15712,38768,15456
>a 65520,15744,38832,15648
>a 65520,15680,38832,15552
>a 65520,15728,38704,15568
>a 65520,15744,38816,15504
>a 65520,15728,38896,15568
>a 65520,15744,38832,15648
>a 65520,15744,38736,15488
>a 65520,15712,38784,15536
>p 6,90
>p 5,0
>a 65520,15840,39344,15568
>a 65520,15664,39456,15616
>a 65520,15744,39712,15536
>a 65520,15760,39840,15568
>a 65520,15760,39920,15584
>a 65520,15712,40096,15712
>p 6,0
>p 5,90
>a 65520,15728,39776,15552
>a 65520,15776,39856,15584
>a 65520,15712,39776,15552
>a 65520,15744,39792,15520
>a 65520,15712,39792,15680
>a 65520,15744,39760,15536
>a 65520,15616,39744,15552
>a 65520,15840,39856,15648
>a 65520,15776,39792,15584
>a 65520,15728,39792,15584
>a 65520,15776,39792,15568
>a 65520,15728,39744,15536
>a 65520,15728,39792,15600
>a 65520,15728,39712,15584
>a 65520,15696,39776,15584
>a 65520,15776,39760,15536
>a 65520,15744,39760,15568
>a 65520,15744,39760,15472
>a 65520,15776,39744,15712
>a 65520,15744,39648,15568
>a 65520,15744,39792,15536
>p 6,90
>p 5,0
>a 65520,15728,40144,15568
>p 6,0
>p 5,90
>a 65520,15760,39888,15664
>a 65520,15776,39840,15568
>a 65520,15744,39872,15536
>a 65520,15744,39888,15552
>a 65520,15696,39856,15520
>a 65520,15760,39808,15552
>a 65520,15760,39904,15664
>a 65520,15760,39840,15552
>a 65520,15712,39856,15552
>a 65520,15728,39840,15584
>a 65520,15760,39856,15568
>a 65520,15712,39840,15536
>a 65520,15728,39856,15552
>a 65520,15744,39840,15520
>a 65520,15728,39776,15568
>a 65520,15744,39824,15536
>a 65520,15760,39856,15520
>a 65520,15744,39792,15520
>a 65520,15744,39856,15520
>a 65520,15712,39760,15584
>a 65520,15840,39904,15552
>a 65520,15696,39872,15568
>a 65520,15728,39792,15536
>a 65520,15840,39840,15568
>a 65520,15664,39824,15584
>a 65520,15712,39856,15568
>a 65520,15840,39904,15504
>a 65520,15728,39776,15552
>a 65520,15712,39824,15536
>a 65520,15744,39792,15568
>a 65520,15776,39824,15568
>a 65520,15728,39824,15536
>a 65520,15776,39824,15648
>a 65520,15760,39808,15632
>a 65520,15712,39856,15568
>a 65520,15696,39792,15568
>a 65520,15760,39808,15568
>a 65520,15728,39808,15584
>a 65520,15728,39760,15568
>a 65520,15680,39712,15472
>a 65520,15712,39808,15520
>a 65520,15632,39728,15568
>a 65520,15728,39760,15568
>a 65520,15824,39856,15552
>a 65520,15776,39920,15552
>a 65520,15760,39792,15568
>a 65520,15760,39776,15504
>a 65520,15600,39728,15520
>a 65520,15760,39776,15552
>a 65520,15728,39824,15584
>a 65520,15744,39808,15552
>a 65520,15616,39792,15664
>a 65520,15712,39872,15584
>p 6,90
>a 65520,15856,42800,15616
>p 6,0
>a 65520,15728,40256,15680
>a 65520,15744,40176,15520
>a 65520,15776,40224,15552
>a 65520,15728,40160,15536
>a 65520,15744,40144,15568
>p 6,90
>a 65520,15728,40192,15552
>p 6,0
>a 65520,15776,40304,15584
>a 65520,15744,40240,15712
>a 65520,15792,40240,15552
>a 65520,15744,40224,15616
>a 65520,15760,40096,15584
>a 65520,15728,40256,15664
>a 65520,15712,40272,15568
>a 65520,15728,40240,15568
>a 65520,15744,40256,15504
>p 6,90
>a 65520,15696,43120,15584
>p 6,0
>a 65520,15744,40784,15648
>a 65520,15776,40832,15664
>a 65520,15712,40784,15536
>a 65520,15712,40752,15552
>p 6,90
>a 65520,15760,40752,15568
>a 65520,15616,43808,15600
>p 6,0
>a 65520,15712,41488,15536
>a 65520,15808,41472,15552
>a 65520,15808,41424,15520
>a 65520,15712,41552,15568
>a 65520,15728,41488,15520
>a 65520,15744,41392,15600
>a 65520,15840,41472,15584
>p 6,90
>a 65520,15776,43888,15600
>p 6,0
>a 65520,15712,41744,15568
>a 65520,15728,41648,15536
>a 65520,15712,41600,15520
>a 65520,15744,41632,15552
>a 65520,15760,41712,15584
>a 65520,15728,41616,15536
>p 6,90
>a 65520,15776,44288,15568
>p 6,0
>a 65520,15744,42112,15584
>a 65520,15728,42080,15488
>a 65520,15696,42080,15600
>a 65520,15728,42048,15584
>a 65520,15744,42032,15504
>p 6,90
>a 65520,15744,43264,15584
>p 6,0
>a 65520,15856,42192,15600
>a 65520,15696,42160,15520
>a 65520,15728,42128,15632
>a 65520,15744,42080,15600
>a 65520,15712,42112,15696
>a 65520,15712,42176,15536
>a 65520,15792,42080,15520
>a 65520,15744,42096,15584
>a 65520,15792,42032,15552
>a 65520,15712,41984,15600
>p 5,0
>a 65520,15760,40768,15440
>p 5,90
>a 65520,15728,41920,15568
>a 65520,15744,41904,15536
>a 65520,15776,41904,15568
>a 65520,15712,41904,15584
>a 65520,15664,41904,15584
>a 65520,15776,41904,15648
>p 5,0
>a 65520,15696,40304,15536
>p 5,90
>a 65520,15696,41568,15584
>p 6,90
>p 5,0
>a 65520,15760,41872,15536
>p 6,0
>p 5,90
>a 65520,15728,41776,15584
>a 65520,15632,41760,15600
>a 65520,15728,41728,15504
>a 65520,15760,41744,15600
>a 65520,15824,41680,15504
>a 65520,15840,41648,15552
>a 65520,15840,41696,15536
>a 65520,15760,41712,15552
>a 65520,15728,41744,15520
>a 65520,15776,41808,15648
>a 65520,15824,41792,15488
>a 65520,15760,41744,15536
>a 65520,15760,41680,15568
>a 65520,15728,41760,15600
>a 65520,15760,41632,15584
>a 65520,15712,41712,15664
>a 65520,15584,41744,15600
>a 65520,15728,41744,15584
>a 65520,15696,41744,15664
>a 65520,15760,41728,15584
>a 65520,15760,41744,15568
>a 65520,15664,41712,15600
>a 65520,15728,41728,15600
>a 65520,15856,41728,15664
>a 65520,15760,41744,15584
>a 65520,15728,41712,15584
>a 65520,15840,41648,15600
>a 65520,15680,41712,15536
>a 65520,15696,41776,15536
>a 65520,15760,41712,15520
>a 65520,15760,41760,15600
>a 65520,15840,41648,15568
>a 65520,15744,41776,15440
>a 65520,15728,41728,15472
>a 65520,15696,41744,15600
>a 65520,15712,41744,15584
>a 65520,15824,41696,15440
>a 65520,15760,41744,15584
>a 65520,15728,41776,15664
>p 5,0
>a 65520,15760,39904,15552
>p 5,90
>a 65520,15760,41312,15568
>a 65520,15744,41248,15552
>a 65520,15728,41280,15584
>a 65520,15728,41264,15552
>a 65520,15808,41328,15568
>a 65520,15712,41216,15568
>a 65520,15856,41280,15568
>a 65520,15728,41232,15552
>p 5,0
>a 65520,15728,39792,15568
>p 5,90
>a 65520,15728,41088,15568
>a 65520,15760,41104,15552
>p 5,0
>a 65520,15664,39216,15552
>p 5,90
>a 65520,15760,40688,15600
>a 65520,15760,40688,15584
>p 5,0
>a 65520,15824,40672,15536
>a 65520,15712,38832,15568
>p 5,90
>a 65520,15712,40112,15536
>p 5,0
>a 65520,15760,38368,15536
>p 5,90
>a 65520,15840,39696,15536
>p 5,0
>a 65520,15744,37952,15552
>p 5,90
>p 5,0
>a 65520,15776,38224,15568
>a 65520,15712,37376,15456
>p 5,90
>p 5,0
>a 65520,15712,37264,15520
>p 5,90
>a 65520,15776,38512,15488
>p 5,0
>a 65520,15744,36784,15552
>p 5,90
>a 65520,15760,38176,15568
>p 5,0
>p 5,90
>a 65520,15728,38176,15648
>p 5,0
>a 65520,15728,38000,15536
>a 65520,15744,36448,15616
>p 5,90
>p 5,0
>a 65520,15840,36176,15520
>p 5,90
>a 65520,15728,37424,15536
>a 65520,15744,37424,15552
>p 5,0
>a 65520,15760,35824,15520
>p 5,90
>a 65520,15824,37104,15568
>a 65520,15792,37168,15520
>a 65520,15728,37152,15520
>p 5,0
>a 65520,15728,35712,15488
>p 5,90
>a 65520,15744,36960,15536
>a 65520,15744,36912,15552
>a 65520,15712,37120,15536
>a 65520,15744,37024,15520
>a 65520,15776,37056,15632
>a 65520,15696,37024,15536
>a 65520,15728,37088,15536
>a 65520,15680,37152,15632
>a 65520,15728,37152,15568
>a 65520,15600,37136,15536
>a 65520,15712,37232,15472
>p 5,0
>a 65520,15712,35824,15472
>p 5,90
>a 65520,15696,37072,15472
>p 5,0
>a 65520,15728,35632,15504
>p 5,90
>a 65520,15728,36912,15520
>p 5,0
>a 65520,15776,35456,15504
>p 5,90
>a 65520,15632,36688,15616
>p 5,0
>a 65520,15744,35328,15504
>p 5,90
>a 65520,15840,36480,15520
>a 65520,15584,36512,15568
>a 65520,15760,36560,15488
>a 65520,15760,36496,15536
>a 65520,15760,36560,15456
>a 65520,15824,36624,15568
>a 65520,15728,36576,15664
>a 65520,15712,36576,15584
>a 65520,15760,36640,15664
>a 65520,15728,36720,15552
>a 65520,15760,36624,15568
>a 65520,15696,36672,15520
>a 65520,15760,36720,15664
>a 65520,15744,36720,15568
>a 65520,15744,36640,15536
>a 65520,15760,36704,15536
>a 65520,15696,36736,15536
>a 65520,15792,36752,15584
>a 65520,15760,36736,15488
>a 65520,15792,36784,15568
>a 65520,15648,36752,15536
>a 65520,15696,36752,15616
>a 65520,15712,36816,15568
>a 65520,15744,36800,15536
>a 65520,15648,36864,15520
>a 65520,15712,36832,15520
>a 65520,15760,36784,15552
>a 65520,15584,36912,15504
>a 65520,15840,36864,15536
>a 65520,15744,36784,15568
>a 65520,15824,36864,15488
>a 65520,15728,36864,15600
>a 65520,15760,36880,15520
>a 65520,15808,36880,15504
>a 65520,15760,36864,15568
>a 65520,15744,36928,15552
>a 65520,15824,37024,15552
>a 65520,15728,36864,15520
>p 7,12
>p 7,12
>a 65520,15712,36960,15536
>p 7,13
>p 7,14
>a 65520,15856,36960,15632
>p 7,15
>p 7,16
>a 65520,15712,36896,15584
>p 7,17
>p 7,18
>p 7,19
>a 65520,15760,36944,15568
>a 65520,15712,37152,15536
>a 65520,15776,36880,15552
>a 65520,15760,36880,15536
>a 65520,15760,36976,15552
>a 65520,15728,36992,15488
>a 65520,15744,36992,15552
>p 7,20
>p 7,21
>p 7,22
>p 7,23
>a 65520,15728,37040,15600
>a 65520,15728,37120,15536
>a 65520,15728,36976,15536
>a 65520,15744,36976,15584
>a 65520,15760,37008,15520
>a 65520,15728,36960,15632
>a 65520,15728,36944,15440
>a 65520,15632,36944,15520
>a 65520,15728,36992,15600
>p 7,24
>a 65520,15696,37040,15520
>a 65520,15936,37008,15472
>a 65520,15824,37008,15536
>a 65520,15744,37072,15536
>a 65520,15760,37040,15552
>p 7,25
>a 65520,15744,37008,15552
>p 7,26
>p 7,27
>p 7,29
>p 7,30
>p 7,31
>a 65520,15760,37008,15536
>a 65520,15840,37024,15520
>a 65520,22064,36976,15536
>a 65520,19200,37008,15584
>a 65520,20448,37088,15504
>a 65520,20128,37104,15536
>a 65520,20304,37072,15552
>a 65520,20320,37088,15552
>a 65520,20256,37040,15536
>p 7,30
>a 65520,20368,36928,15536
>p 7,28
>a 65520,18704,37024,15536
>a 65520,18048,37168,15520
>a 65520,18320,37072,15632
>a 65520,18240,37024,15520
>p 7,27
>a 65520,18272,37088,15536
>a 65520,17424,37040,15552
>a 65520,17728,37088,15520
>a 65520,17808,37104,15632
>a 65520,17776,37232,15616
>p 7,26
>a 65520,17440,37088,15440
>a 65520,16944,37072,15536
>a 65520,16944,37104,15568
>a 65520,17120,37136,15552
>a 65520,17072,37072,15520
>p 7,25
>p 7,24
>a 65520,16624,37056,15536
>a 65520,15824,37056,15520
>a 65520,15792,37168,15632
>a 65520,15696,37008,15536
>a 65520,15600,37088,15536
>a 65520,15904,37040,15536
>a 65520,15840,37120,15568
>a 65520,15744,37040,15568
>a 65520,15712,37056,15520
>a 65520,15712,37104,15568
>a 65520,15824,37120,15504
>a 65520,15728,37120,15568
>a 65520,15776,37072,15536
>a 65520,15776,37136,15568
>a 65520,15840,37120,15568
>a 65520,15808,37120,15536
>a 65520,15792,37104,15504
>a 65520,15760,37120,15584
>a 65520,15760,37040,15632
>p 7,25
>a 65520,15776,37136,15568
>a 65520,15808,37136,15616
>a 65520,15808,37072,15568
>a 65520,16400,37200,15536
>a 65520,16368,37040,15536
>a 65520,16480,37104,15536
>a 65520,16464,37152,15536
>a 65520,16416,37136,15568
>a 65520,16400,37296,15552
>a 65520,16416,37088,15472
>a 65520,16480,37120,15504
>a 65520,16464,37120,15536
>a 65520,16304,37088,15600
>a 65520,16224,37088,15536
>a 65520,16336,37120,15520
>a 65520,16304,37040,15552
>a 65520,16384,37136,15536
>a 65520,16288,37264,15536
>a 65520,16304,37120,15456
>a 65520,16304,37120,15504
>a 65520,16432,37136,15520
>a 65520,16288,37136,15552
>a 65520,16352,37152,15504
>a 65520,16496,37152,15568
>a 65520,16368,37120,15536
>a 65520,16416,37120,15536
>a 65520,16512,37152,15456
>a 65520,16544,37136,15616
>a 65520,16416,37104,15632
>a 65520,16304,37136,15552
>a 65520,16416,37104,15472
>a 65520,16464,37200,15520
>a 65520,16416,37072,15504
>a 65520,16416,37120,15536
>a 65520,16448,37136,15456
>a 65520,16400,37072,15584
>a 65520,16416,37136,15616
>a 65520,16384,37072,15520
>p 7,26
>a 65520,16480,37104,15520
>a 65520,17152,37008,15536
>a 65520,17040,37152,15536
>a 65520,16928,37136,15488
>a 65520,16928,37216,15472
>a 65520,16912,37104,15520
>a 65520,16912,37136,15536
>a 65520,16880,37088,15472
>a 65520,16992,37136,15648
>a 65520,17088,37136,15536
>a 65520,16992,37104,15536
>p 7,27
>a 65520,17824,37136,15536
>a 65520,17552,37152,15536
>a 65520,17712,37120,15632
>a 65520,17696,37152,15552
>a 65520,17776,37168,15552
>a 65520,17632,37136,15376
>a 65520,17792,37152,15536
>a 65520,17840,37168,15536
>p 7,28
>a 65520,17856,37184,15536
>a 65520,18640,37120,15536
>a 65520,18256,37152,15504
>a 65520,18384,37168,15568
>a 65520,18400,37152,15520
>a 65520,18400,37136,15536
>a 65520,18320,37152,15536
>p 7,29
>a 65520,18224,37168,15552
>a 65520,19136,37168,15552
>a 65520,18944,37216,15504
>a 65520,18976,37184,15552
>a 65520,18976,37232,15568
>a 65520,18896,37136,15536
>p 7,30
>a 65520,19376,37248,15472
>a 65520,19568,37120,15520
>a 65520,19600,37136,15536
>a 65520,19536,37152,15552
>a 65520,19472,37104,15536
>a 65520,19632,37168,15504
>a 65520,19664,37168,15536
>p 7,31
>a 65520,20704,37152,15536
>a 65520,20240,37184,15536
>a 65520,20368,37184,15568
>a 65520,20288,37168,15504
>a 65520,20368,37264,15536
>a 65520,20400,37120,15472
>p 7,32
>a 65520,20992,37168,15536
>a 65520,20944,37168,15536
>a 65520,21168,37152,15568
>a 65520,21008,37152,15536
>a 65520,21040,37232,15520
>a 65520,21024,37264,15552
>p 7,33
>a 65520,22048,37216,15568
>a 65520,21488,37168,15536
>a 65520,21616,37136,15648
>a 65520,21584,37200,15568
>a 65520,21552,37152,15536
>p 7,34
>a 65520,21920,37184,15472
>a 65520,22096,37248,15520
>a 65520,22368,37184,15536
>a 65520,22000,37216,15568
>a 65520,22128,37184,15536
>p 6,90
>p 5,0
>a 61664,21776,37424,15552
>p 6,0
>p 5,90
>p 7,35
>a 65520,23312,37264,15520
>a 65520,22800,37296,15552
>a 65520,22848,37312,15520
>a 65520,22944,37264,15536
>a 65520,22976,37280,15552
>a 65520,23040,37200,15520
>a 65520,23040,37280,15568
>a 65456,23088,37296,15632
>a 65248,23008,37296,15632
>a 65200,23024,37264,15504
>a 65040,23024,37184,15536
>a 65136,23152,37408,15632
>a 64720,23056,37296,15552
>a 64720,22912,37232,15536
>a 64592,23072,37376,15504
>a 64400,22960,37232,15536
>a 64368,22976,37280,15520
>a 64272,22928,37200,15536
>a 64256,22960,37376,15552
>a 64160,22816,37264,15536
>a 64032,22976,37280,15472
>a 64032,22896,37296,15488
>a 64032,22880,37280,15520
>a 64048,22784,37232,15696
>a 63904,22816,37280,15552
>a 63696,22784,37280,15472
>a 63856,22816,37200,15536
>a 63568,22832,37280,15616
>p 7,34
>a 63792,22832,37168,15536
>a 63760,22032,37232,15536
>p 7,33
>a 63776,21488,37328,15616
>a 63648,21744,37216,15536
>p 7,32
>a 63648,20624,37296,15552
>a 63456,21328,37280,15568
>p 7,31
>a 63472,20048,37184,15552
>a 63264,20576,37232,15536
>p 7,30
>a 63280,19504,37280,15504
>a 63120,20048,37232,15536
>p 7,29
>a 63264,18896,37232,15536
>a 63264,19168,37280,15552
>p 7,28
>a 63088,18400,37280,15552
>a 62960,18256,37280,15568
>p 7,27
>a 63184,17968,37232,15520
>a 63024,17504,37248,15520
>a 62960,17808,37216,15552
>a 62896,17616,37312,15552
>p 7,26
>a 63024,17056,37248,15472
>a 63008,16848,37248,15552
>a 62992,16960,37232,15584
>p 7,25
>a 62960,17040,37232,15440
>a 63056,16288,37184,15552
>a 63056,16208,37216,15536
>a 63152,16288,37280,15520
>a 63152,16272,37232,15536
>a 63232,16272,37264,15616
>a 63200,16304,37136,15536
>a 63200,16304,37232,15568
>a 63216,16320,37200,15552
>a 63232,16464,37296,15520
>a 63216,16464,37232,15552
>a 63200,16400,37344,15520
>a 63152,16400,37232,15536
>a 63136,16320,37232,15584
>a 63120,16416,37232,15504
>a 63200,16320,37248,15568
>a 63120,16528,37232,15584
>a 63088,16448,37200,15536
>a 62960,16496,37232,15536
>a 62880,16432,37232,15392
>a 62944,16480,37296,15520
>a 62896,16352,37168,15520
>a 62864,16400,37248,15504
>a 62832,16320,37152,15520
>a 63024,16512,37168,15504
>a 62864,16336,37232,15600
>a 62960,16336,37264,15536
>a 62928,16304,37232,15552
>a 62928,16272,37216,15472
>a 62992,16256,37232,15504
>a 62928,16272,37200,15536
>a 62928,16320,37264,15632
>a 62992,16352,37232,15504
>a 63024,16336,37296,15536
>a 62992,16432,37248,15552
>a 63024,16352,37296,15520
>a 63008,16464,37200,15552
>a 63024,16368,37248,15536
>a 62960,16432,37200,15584
>a 62944,16608,37200,15520
>a 62896,16432,37248,15536
>a 62880,16432,37216,15568
>a 62880,16544,37248,15680
>a 62944,16416,37344,15520
>a 62832,16432,37232,15520
>a 62720,16464,37216,15568
>a 62688,16432,37216,15504
>a 62640,16448,37168,15552
>a 62592,16416,37248,15536
>a 62640,16432,37248,15552
>a 62640,16528,37264,15488
>a 62560,16384,37248,15552
>a 62592,16240,37248,15536
>a 62608,16320,37344,15504
>a 62608,16336,37328,15616
>a 62640,16304,37232,15536
>a 62624,16256,37200,15520
>a 62592,16304,37248,15552
>a 62544,16320,37248,15632
>a 62640,16304,37264,15520
>a 62656,16320,37248,15536
>a 62768,16336,37248,15648
>a 62448,16320,37232,15536
>a 62688,16384,37136,15584
>a 62672,16464,37232,15632
>a 62640,16432,37200,15584
>a 62608,16432,37264,15440
>a 62560,16464,37248,15536
>a 62512,16432,37248,15552
>a 62512,16464,37232,15504
>a 62496,16464,37296,15632
>a 62384,16464,37216,15504
>a 62384,16448,37200,15552
>p 7,24
>a 62368,16432,37184,15600
>a 62448,16016,37216,15536
>p 7,23
>a 62448,15824,37232,15632
>a 62512,15776,37264,15520
>p 7,22
>a 62512,15712,37216,15456
>a 62512,15760,37216,15552
>a 62480,15760,37168,15536
>a 62544,15760,37184,15504
>p 7,21
>a 62512,15824,37216,15552
>p 7,20
>p 7,19
>p 7,18
>p 7,17
>a 62560,15760,37232,15536
>a 62528,15824,37248,15424
>a 62544,15664,37216,15552
>a 62544,15776,37216,15536
>a 62576,15776,37232,15520
>a 62512,15744,37216,15568
>a 62608,15776,37248,15568
>a 62640,15792,37296,15536
>a 62576,15792,37184,15632
>a 62576,15760,37248,15552
>a 62608,15840,37296,15584
>a 62640,15712,37200,15536
>a 62640,15824,37296,15536
>a 62672,15792,37344,15568
>a 62672,15728,37248,15440
>a 62640,15792,37232,15472
>a 62576,15760,37264,15552
>a 62720,15744,37216,15520
>a 62704,15872,37344,15552
>a 62640,15792,37232,15568
>a 62576,15776,37216,15536
>a 62704,15888,37232,15472
>a 62768,15728,37328,15536
>a 62640,15856,37232,15552
>a 62720,15776,37232,15504
>a 62768,15776,37280,15536
>a 62704,15808,37264,15536
>a 62688,15792,37264,15568
>a 62768,15776,37232,15536
>a 62704,15856,37248,15568
>a 62752,15776,37184,15520
>a 62752,15776,37328,15520
>a 62736,15856,37264,15520
>a 62576,15760,37200,15536
>a 62704,15872,37232,15536
>a 62736,15632,37216,15536
>a 62768,15824,37328,15504
>a 62720,15600,37248,15520
>a 62752,15696,37232,15536
>a 62768,15728,37136,15536
>a 62768,15680,37296,15568
>a 62736,15728,37232,15552
>a 62800,15728,37232,15600
>a 62640,15680,37216,15472
>a 62768,15728,37216,15440
>a 62896,15712,37168,15568
>a 62800,15760,37296,15584
>a 62768,15696,37216,15536
>a 62800,15680,37248,15536
>a 62864,15728,37280,15520
>a 62768,15728,37232,15504
>a 62832,15728,37248,15536
>a 62800,15616,37232,15520
>a 62864,15824,37232,15568
>a 62800,15632,37232,15536
>a 62832,15824,37200,15648
>a 62768,15936,37264,15536
>a 62832,15744,37232,15536
>a 62832,15712,37232,15504
>a 62816,15744,37328,15552
>a 62880,15728,37248,15648
>a 62880,15744,37248,15536
>a 62752,15648,37200,15536
>a 62960,15728,37280,15552
>a 62832,15712,37264,15520
>a 62864,15712,37200,15616
>a 62848,15712,37232,15632
>a 62896,15664,37264,15552
>a 62832,15664,37216,15536
>a 62944,15664,37344,15520
>a 62864,15760,37248,15568
>a 62960,15776,37264,15536
>a 62864,15712,37232,15568
>a 62960,15760,37232,15520
>a 62896,15728,37200,15536
>a 62896,15744,37376,15520
>a 62864,15776,37248,15616
>a 62960,15728,37264,15536
>a 62800,15728,37264,15520
>a 62976,15728,37232,15520
>a 62864,15760,37232,15536
>a 62928,15824,37328,15488
>a 62896,15776,37216,15504
>a 62832,15840,37264,15568
>a 62880,15760,37264,15536
>a 62896,15728,37232,15520
>a 62864,15728,37232,15536
>a 62880,15760,37232,15552
>a 62960,15760,37280,15536
>a 62928,15760,37264,15552
>a 62864,15728,37152,15536
>a 62864,15648,37232,15536
>a 62944,15728,37232,15536
>a 62928,15680,37280,15520
>a 62896,15728,37248,15456
>a 62896,15712,37248,15616
>a 62896,15760,37168,15520
>a 62896,15824,37232,15536
>a 62896,15696,37232,15520
>a 62896,15728,37232,15584
>a 62896,15744,37264,15504
>a 62896,15712,37232,15536
>a 62928,15840,37232,15552
>a 62896,15728,37216,15536
>a 62912,15760,37232,15568
>a 62912,15728,37248,15536
>a 62928,15760,37344,15552
>a 62960,15728,37216,15536
>a 62944,15712,37216,15440
>a 62896,15760,37296,15536
>a 62848,15728,37264,15536
>a 62896,15728,37280,15520
>a 62960,15728,37424,15568
>a 62896,15760,37344,15536
>a 62944,15760,37280,15520
>a 62960,15776,37280,15520
>a 62960,15712,37200,15520
>a 62992,15696,37248,15536
>a 62928,15760,37168,15552
>a 62960,15856,37248,15632
>a 62992,15728,37248,15552
>a 62960,15728,37232,15552
>a 62928,15728,37232,15536
>a 62960,15728,37264,15552
>a 62928,15712,37312,15536
>a 62976,15712,37168,15520
>a 62960,15744,37168,15536
>a 62928,15680,37216,15520
>a 62960,15712,37296,15552
>a 62928,15744,37296,15536
>a 62944,15824,37264,15552
>a 63008,15776,37248,15536
>a 62992,15744,37264,15504
>a 62960,15696,37152,15568
>a 62864,15712,37264,15632
>a 62960,15744,37264,15536
>a 62960,15760,37232,15520
>a 62960,15760,37232,15536
>a 63008,15680,37264,15536
>a 63008,15744,37264,15552
>a 62960,15744,37232,15536
>a 63024,15744,37232,15552
>a 62960,15728,37216,15568
>a 62896,15696,37248,15520
>a 62896,15712,37152,15536
>a 62928,15728,37184,15472
>a 62960,15712,37232,15536
>a 63056,15728,37232,15472
>a 62960,15792,37232,15552
>a 62960,15728,37200,15568
>a 62960,15760,37328,15536
>a 62992,15776,37184,15616
>a 63008,15712,37248,15536
>a 62960,15728,37280,15632
>a 63024,15712,37152,15536
>a 62960,15712,37248,15504
>a 62896,15856,37296,15584
>a 62960,15760,37200,15600
>a 62960,15760,37232,15536
>a 62960,15776,37232,15568
>a 62976,15776,37200,15520
>a 62960,15840,37232,15616
>a 63024,15664,37232,15552
>a 62960,15712,37232,15632
>a 62960,15840,37232,15536
>a 63008,15856,37296,15616
>a 63088,15760,37232,15584
>a 63008,15760,37264,15504
>a 62960,15776,37232,15648
>a 62960,15728,37232,15552
>a 62960,15744,37200,15552
>a 62960,15680,37184,15536
>a 62992,15696,37184,15536
>a 62960,15760,37216,15536
>a 63008,15776,37296,15616
>a 62976,15760,37136,15520
>a 62960,15744,37248,15472
>a 63024,15760,37232,15632
>a 62928,15776,37152,15680
>a 63024,15760,37280,15520
>a 62992,15760,37168,15424
>a 63024,15792,37248,15552
>a 62992,15744,37232,15536
>a 62960,15824,37248,15552
>a 63024,15760,37248,15520
>a 62960,15744,37232,15616
>a 63024,15696,37232,15472
>a 62992,15760,37264,15536
>a 63024,15776,37264,15568
>a 62976,15760,37232,15632
>a 63008,15776,37264,15536
>a 63072,15808,37296,15488
>a 62960,15744,37248,15568
>a 62992,15696,37232,15552
>a 62976,15728,37264,15568
>a 62960,15728,37264,15536
>a 62960,15760,37168,15632
>a 62944,15776,37232,15648
>a 63056,15840,37184,15536
>a 63056,15856,37344,15568
>a 62976,15824,37216,15488
>a 62992,15712,37280,15552
>a 63024,15856,37312,15520
>a 62960,15760,37248,15568
>a 62896,15744,37232,15488
>a 63024,15712,37136,15520
>a 63024,15744,37280,15536
>a 62976,15728,37328,15632
>a 63024,15632,37248,15552
>a 62976,15728,37248,15520
>a 62992,15712,37248,15648
>a 63024,15760,37232,15536
>a 62960,15776,37216,15552
>a 62992,15776,37248,15568
>a 62960,15712,37200,15520
>a 62992,15840,37232,15504
>a 63008,15728,37216,15520
>a 62960,15728,37280,15552
>a 63024,15744,37216,15552
>a 63056,15776,37232,15616
>a 63008,15760,37312,15536
>a 62928,15776,37344,15536
>a 63024,15728,37232,15600
>a 62960,15712,37232,15520
>a 62960,15728,37232,15616
>a 63056,15760,37216,15664
>a 63008,15856,37248,15552
>a 62992,15696,37232,15504
>a 63024,15776,37248,15552
>a 63056,15760,37232,15536
>a 62992,15760,37232,15760
>a 62960,15696,37248,15552
>a 63056,15760,37248,15536
>a 63088,15712,37248,15536
>a 63088,15744,37136,15536
>a 63024,15744,37328,15504
>a 62928,15776,37264,15600
>a 63024,15760,37232,15568
>a 63024,15728,37360,15520
>a 63024,15744,37232,15520
>a 63008,15744,37072,15536
>a 62928,15728,37152,15616
>a 63024,15776,37328,15552
>a 63024,15776,37232,15552
>a 62992,15760,37072,15520
>a 63056,15760,37264,15552
>a 63024,15696,37264,15504
>a 63072,15696,37216,15472
>a 63120,15776,37216,15472
>a 62992,15776,37168,15536
>a 62960,15760,37232,15536
>a 63024,15760,37184,15568
>a 63024,15776,37232,15536
>a 63056,15744,37328,15536
>a 62960,15744,37184,15520
>a 63056,15728,37152,15520
>a 62992,15760,37232,15552
>a 63056,15744,37232,15520
>a 62992,15760,37296,15552
>a 63136,15664,37168,15504
>a 63056,15792,37264,15568
>a 62992,15856,37344,15536
>a 63056,15760,37216,15552
>a 63008,15744,37312,15488
>a 63024,15840,37264,15536
>a 63024,15824,37264,15568
>a 63040,15696,37264,15504
>a 63024,15776,37216,15504
>a 63056,15728,37328,15632
>a 63024,15776,37216,15536
>a 63056,15776,37216,15504
>a 63040,15792,37328,15584
>a 63024,15792,37168,15520
>a 62960,15680,37216,15632
>a 62992,15760,37216,15632
>a 62992,15728,37232,15488
>a 63024,15856,37232,15584
>a 63040,15744,37232,15520
>a 63024,15776,37216,15536
>a 63024,15760,37232,15536
>a 63024,15760,37392,15536
>a 63008,15792,37232,15488
>a 63072,15776,37232,15632
>a 63056,15760,37232,15536
>a 63008,15632,37152,15568
>a 63024,15776,37248,15632
>a 63056,15856,37344,15520
>a 63024,15680,37232,15536
>a 63024,15760,37248,15552
>a 62992,15744,37232,15616
>a 63056,15776,37232,15536
>a 63024,15696,37248,15536
>a 62992,15760,37232,15504
>a 63024,15696,37248,15456
>a 62992,15696,37248,15552
>a 63104,15728,37216,15568
>a 63024,15776,37200,15488
>a 62992,15792,37232,15536
>a 63008,15776,37264,15520
>a 62928,15760,37232,15552
>a 63088,15792,37216,15568
>a 62992,15760,37216,15536
>a 63024,15728,37280,15568
>a 63088,15776,37248,15552
>a 62976,15840,37264,15536
>a 63024,15744,37168,15552
>a 63056,15728,37328,15648
>a 63088,15792,37328,15648
>a 63024,15776,37264,15584
>a 63072,15792,37168,15568
>a 63024,15760,37248,15520
>a 63024,15936,37232,15504
>a 62960,15712,37184,15536
>a 63056,15728,37264,15536
>a 63072,15856,37312,15568
>a 63040,15792,37216,15584
>a 63024,15760,37216,15552
>a 63024,15824,37344,15504
>a 63184,15760,37264,15520
>a 63024,15856,37248,15648
>a 63040,15760,37072,15552
>a 63040,15696,37248,15536
>a 63008,15744,37216,15536
>a 63072,15760,37232,15568
>a 62896,15728,37232,15536
>a 63056,15776,37232,15568
>a 63088,15760,37248,15552
>a 62992,15824,37296,15536
>a 63136,15712,37264,15536
>a 63024,15760,37136,15520
>a 62992,15744,37232,15536
>a 63024,15712,37216,15520
>a 63072,15792,37248,15536
>a 62976,15728,37232,15584
>a 63008,15824,37248,15504
>a 63008,15712,37264,15376
>a 63040,15792,37232,15392
>a 63024,15856,37168,15520
>a 62992,15744,37152,15472
>a 63088,15824,37216,15520
>a 63072,15808,37216,15408
>a 63024,15760,37232,15536
>a 63072,15792,37232,15552
>a 63024,15856,37232,15536
>a 62960,15616,37168,15536
>a 63024,15616,37184,15536
>a 63024,15888,37200,15536
>a 62880,15696,37232,15536
>a 63056,15760,37264,15632
>a 63088,15760,37248,15552
>a 63024,15776,37232,15536
>a 63072,15776,37232,15536
>a 63072,15792,37200,15456
>a 63040,15728,37264,15552
>a 63008,15760,37264,15504
>a 62992,15824,37232,15472
>a 63024,15696,37248,15648
>a 63024,15744,37232,15520
>a 63024,15760,37232,15536
>a 63024,15776,37216,15536
>a 63056,15744,37248,15536
>a 62960,15792,37248,15536
>a 63024,15712,37232,15504
>a 63024,15760,37248,15520
>a 63072,15632,37248,15568
>a 63024,15824,37312,15536
>a 62960,15712,37424,15520
>a 62928,15728,37264,15504
>a 63088,15808,37216,15520
>a 63056,15760,37232,15536
>a 62992,15824,37264,15536
>a 63024,15760,37136,15520
>a 63024,15744,37168,15632
>a 62960,15728,37200,15488
>a 63040,15728,37280,15632
>a 63024,15744,37216,15504
>a 63024,15744,37296,15536
>a 63024,15776,37232,15552
>a 63056,15840,37232,15536
>a 63024,15744,37232,15648
>a 63008,15712,37312,15536
>a 63056,15712,37248,15536
>a 63056,15760,37200,15504
>a 63056,15776,37120,15552
>a 63088,15776,37216,15552
>a 62992,15856,37232,15552
>a 63056,15760,37328,15536
>a 63088,15648,37280,15536
>a 63024,15776,37328,15616
>a 63088,15776,37104,15536
>a 63088,15760,37168,15632
>a 63088,15792,37376,15536
>a 63008,15712,37216,15456
>a 63056,15760,37184,15552
>a 63024,15824,37232,15536
>a 63008,15856,37216,15472
>a 63120,15760,37232,15552
>a 63088,15760,37248,15456
>a 63024,15744,37232,15632
>a 62960,15728,37184,15536
>a 63152,15776,37232,15536
>a 63152,15776,37328,15536
>a 63072,15856,37344,15536
>a 63024,15760,37200,15552
>a 62960,15760,37232,15712
>a 63024,15696,37248,15536
>a 62960,15776,37248,15472
>a 63072,15744,37280,15536
>a 63040,15776,37280,15584
>a 63024,15792,37216,15568
>a 63056,15760,37232,15520
>a 63072,15856,37296,15568
>a 63072,15856,37344,15568
>a 63024,15856,37248,15504
>a 62960,15712,37232,15520
>a 63040,15760,37232,15536
>a 63104,15760,37232,15504
>a 63072,15760,37216,15488
>a 63072,15776,37216,15536
>a 63024,15760,37280,15504
>a 63104,15728,37232,15488
>a 63056,15760,37200,15536
>a 63072,15616,37232,15552
>a 63008,15760,37232,15536
>a 63024,15776,37232,15520
>a 62880,15856,37328,15456
>a 63056,15744,37168,15520
>a 63040,15856,37216,15520
>a 62960,15776,37264,15488
>a 63008,15760,37200,15536
>a 63136,15664,37232,15568
>a 63024,15776,37200,15520
>a 62992,15776,37312,15568
>a 63024,15792,37120,15552
>a 63024,15776,37264,15664
>a 63024,15872,37264,15472
>a 63056,15760,37280,15552
>a 63008,15728,37168,15552
>a 63088,15792,37200,15520
>a 62992,15776,37200,15424
>a 63024,15744,37120,15520
>a 63072,15760,37200,15536
>a 63024,15840,37184,15504
>a 63056,15776,37216,15616
>a 63024,15616,37248,15536
>a 63040,15712,37232,15488
>a 63040,15792,37168,15536
>a 62976,15760,37232,15568
>a 63056,15728,37232,15536
>a 63088,15744,37248,15456
>a 63024,15760,37184,15552
>a 63072,15792,37200,15552
>a 63008,15968,37216,15520
>a 63024,15776,37344,15536
>a 63056,15776,37296,15568
>a 63072,15760,37232,15552
>a 62976,15744,37248,15472
>a 63024,15776,37232,15536
>a 63056,15744,37248,15536
>a 63088,15776,37344,15536
>a 63088,15728,37264,15536
>a 63024,15760,37232,15632
>a 63040,15776,37344,15536
>a 63024,15744,37344,15600
>a 63072,15776,37232,15536
>a 63072,15792,37232,15584
>a 62992,15776,37216,15504
>a 63008,15760,37280,15536
>a 63008,15728,37168,15568
>a 63024,15776,37152,15568
>a 62960,15712,37216,15632
>a 62880,15744,37216,15536
>a 63024,15712,37248,15552
>a 63008,15760,37408,15440
>a 62992,15776,37264,15552
>a 63056,15792,37264,15520
>a 63024,15728,37216,15536
>a 63056,15792,37280,15584
>a 63024,15856,37168,15536
>a 63072,15760,37328,15520
>a 63024,15792,37184,15536
>a 63056,15744,37216,15488
>a 63024,15760,37216,15504
>a 63008,15744,37248,15568
>a 63120,15872,37232,15552
>a 63008,15856,37200,15584
>a 63056,15728,37232,15536
>a 63136,15840,37232,15520
>a 63072,15776,37232,15520
>a 63072,15776,37200,15536
>a 63024,15856,37328,15568
>a 63056,15776,37232,15520
>a 63024,15760,37184,15536
>a 63088,15792,37232,15552
>a 63088,15760,37168,15616
>p 6,90
>p 5,0
>a 59520,15728,37440,15536
>p 6,0
>p 5,90
>a 62688,15728,37296,15536
>a 62704,15856,37280,15552
>a 62736,15776,37328,15536
>a 62752,15776,37344,15536
>a 62704,15760,37248,15536
>a 62720,15744,37232,15536
>a 62768,15712,37360,15648
>a 62816,15792,37264,15520
>a 62720,15616,37296,15536
>a 62736,15776,37392,15536
>a 62640,15776,37280,15488
>a 62752,15776,37328,15440
>a 62736,15760,37200,15616
>a 62736,15744,37264,15440
>a 62800,15632,37312,15600
>a 62768,15776,37328,15568
>a 62768,15808,37232,15536
>a 62800,15792,37296,15552
>a 62640,15744,37248,15536
>a 62688,15696,37296,15536
>a 62800,15728,37312,15568
>a 62768,15760,37344,15536
>a 62704,15760,37312,15472
>a 62768,15728,37472,15520
>a 62720,15728,37328,15568
>a 62752,15872,37312,15568
>a 62768,15792,37328,15520
>a 62752,15872,37392,15520
>a 62800,15728,37296,15568
>a 62640,15728,37264,15504
>a 62640,15856,37312,15584
>a 62752,15760,37248,15488
>a 62768,15712,37280,15552
>a 62736,15776,37312,15552
>a 62736,15680,37280,15552
>a 62752,15776,37360,15536
>a 62736,15776,37312,15616
>a 62720,15888,37296,15552
>a 62688,15712,37296,15552
>a 62752,15776,37280,15440
>a 62800,15776,37328,15536
>a 62672,15760,37296,15536
>a 62752,15760,37392,15472
>a 62672,15728,37280,15472
>a 62736,15776,37296,15520
>a 62768,15664,37264,15536
>a 62752,15776,37296,15568
>a 62704,15776,37312,15552
>a 62736,15776,37344,15456
>a 62672,15728,37264,15520
>a 62768,15760,37296,15632
>a 62784,15696,37328,15584
>a 62752,15776,37312,15568
>a 62752,15888,37312,15520
>a 62736,15792,37296,15504
>a 62736,15696,37264,15520
>a 62784,15760,37408,15616
>a 62768,15776,37280,15648
>a 62752,15744,37248,15568
>a 62752,15776,37296,15504
>a 62816,15728,37296,15520
>a 62800,15856,37312,15552
>a 62832,15760,37232,15520
>a 62768,15760,37296,15536
>a 62768,15776,37280,15536
>a 62768,15728,37280,15552
>a 62720,15728,37296,15520
>a 62736,15760,37280,15520
>a 62720,15744,37232,15648
>a 62768,15792,37392,15504
>a 62768,15776,37280,15472
>a 62736,15744,37312,15536
>a 62752,15792,37392,15520
>a 62800,15872,37408,15568
>a 62752,15776,37328,15520
>a 62736,15776,37296,15504
>a 62768,15776,37280,15488
>a 62816,15792,37328,15520
>a 62720,15600,37264,15536
>a 62768,15760,37296,15536
>a 62800,15728,37328,15552
>a 62752,15728,37456,15504
>a 62864,15920,37264,15616
>a 62736,15760,37264,15504
>a 62752,15776,37376,15632
>a 62736,15840,37360,15616
>a 62672,15744,37280,15536
>a 62640,15776,37296,15536
>a 62768,15824,37264,15536
>a 62768,15728,37296,15520
>a 62768,15760,37312,15504
>a 62720,15760,37296,15536
>a 62800,15856,37264,15552
>a 62704,15792,37264,15488
>a 62832,15696,37296,15536
>a 62816,15776,37280,15552
>a 62768,15776,37296,15472
>a 62768,15664,37296,15520
>a 62784,15728,37296,15616
>a 62768,15792,37296,15552
>a 62832,15824,37296,15520
>a 62768,15744,37296,15520
>a 62816,15760,37168,15536
>a 62784,15760,37312,15552
>a 62768,15760,37296,15568
>a 62768,15792,37392,15552
>a 62768,15744,37216,15536
>a 62768,15712,37392,15488
>a 62768,15760,37296,15536
>a 62800,15776,37328,15568
>a 62768,15776,37296,15536
>a 62800,15792,37296,15568
>a 62768,15680,37168,15520
>a 62800,15760,37248,15536
>a 62768,15728,37264,15616
>a 62768,15760,37344,15632
>p 6,90
>p 5,0
>a 59232,15728,37456,15552
>p 6,0
>p 5,90
>a 62384,15728,37392,15552
>a 62416,15776,37392,15552
>a 62448,15776,37376,15552
>a 62448,15712,37344,15520
>a 62432,15856,37392,15664
>a 62480,15856,37376,15488
>a 62448,15760,37360,15392
>a 62384,15744,37456,15536
>a 62432,15856,37376,15552
>a 62496,15760,37392,15504
>a 62560,15904,37392,15552
>a 62416,15776,37344,15664
>a 62576,15776,37360,15536
>a 62448,15776,37568,15568
>a 62448,15760,37360,15504
>a 62448,15744,37376,15552
>a 62448,15744,37376,15536
>a 62384,15776,37328,15520
>a 62448,15760,37360,15472
>a 62448,15760,37344,15632
>a 62496,15776,37376,15552
>a 62448,15760,37328,15552
>a 62448,15680,37360,15536
>a 62448,15840,37360,15552
>a 62416,15760,37536,15520
>a 62416,15824,37392,15520
>a 62448,15728,37376,15568
>a 62512,15856,37472,15504
>a 62448,15776,37328,15472
>a 62512,15760,37376,15552
>a 62448,15760,37392,15504
>a 62512,15792,37360,15520
>a 62496,15776,37408,15536
>a 62448,15728,37360,15504
>a 62448,15760,37344,15456
>a 62480,15728,37408,15616
>a 62512,15776,37456,15536
>a 62512,15760,37392,15520
>a 62448,15776,37360,15520
>a 62480,15728,37392,15552
>a 62496,15744,37360,15600
>a 62384,15728,37344,15616
>a 62512,15840,37392,15616
>a 62528,15728,37360,15648
>a 62576,15776,37200,15536
>a 62544,15712,37360,15536
>a 62496,15792,37344,15536
>a 62496,15728,37264,15536
>a 62528,15776,37376,15488
>a 62480,15760,37360,15504
>a 62512,15760,37232,15440
>a 62496,15744,37328,15632
>a 62448,15792,37296,15568
>a 62448,15792,37456,15536
>a 62448,15760,37392,15536
>a 62560,15760,37344,15568
>a 62496,15712,37264,15536
>a 62512,15808,37248,15616
>a 62448,15776,37328,15520
>a 62496,15776,37344,15600
>a 62512,15792,37424,15504
>a 62448,15776,37456,15584
>a 62512,15760,37312,15456
>a 62448,15600,37328,15472
>a 62416,15792,37376,15552
>a 62512,15760,37344,15536
>a 62448,15744,37328,15520
>a 62464,15744,37360,15552
>a 62448,15728,37184,15536
>a 62512,15840,37360,15552
>a 62512,15728,37376,15440
>a 62448,15760,37360,15552
>a 62512,15744,37312,15536
>a 62448,15680,37360,15616
>a 62544,15728,37376,15552
>a 62496,15760,37392,15648
>a 62560,15776,37360,15568
>a 62496,15776,37360,15648
>a 62496,15600,37328,15472
>a 62464,15776,37312,15536
>a 62624,15760,37360,15552
>a 62512,15776,37376,15568
>a 62544,15728,37392,15552
>a 62512,15776,37344,15504
>a 62512,15728,37376,15536
>a 62544,15776,37296,15488
>a 62512,15776,37344,15552
>a 62512,15696,37328,15552
>a 62512,15712,37376,15552
>a 62512,15760,37456,15632
>a 62512,15744,37328,15472
>a 62544,15792,37344,15552
>a 62544,15744,37328,15568
>a 62512,15776,37376,15520
>a 62576,15712,37296,15536
>a 62544,15792,37360,15552
>a 62576,15840,37360,15520
>a 62512,15840,37344,15536
>a 62528,15760,37296,15536
>a 62496,15696,37296,15520
>a 62512,15728,37296,15536
>a 62496,15760,37328,15584
>a 62448,15728,37312,15504
>a 62480,15728,37376,15552
>a 62512,15776,37424,15536
>a 62512,15760,37328,15568
>a 62576,15776,37360,15664
>a 62512,15760,37360,15536
>a 62480,15776,37328,15552
>a 62544,15776,37344,15584
>a 62624,15728,37360,15536
>a 62512,15776,37472,15552
>a 62560,15728,37376,15568
>a 62512,15760,37344,15552
>a 62544,15792,37392,15552
>a 62544,15792,37456,15520
>a 62544,15552,37296,15536
>a 62496,15792,37360,15536
>a 62544,15792,37328,15504
>a 62528,15728,37344,15488
>a 62512,15728,37360,15536
>a 62560,15856,37376,15536
>a 62480,15760,37392,15488
>a 62512,15760,37376,15648
>a 62512,15728,37296,15520
>a 62512,15728,37328,15536
>a 62512,15792,37440,15504
>a 62576,15792,37328,15520
>a 62496,15824,37360,15520
>a 62512,15904,37424,15568
>a 62416,15776,37328,15568
>a 62544,15760,37360,15536
>a 62512,15776,37360,15552
>a 62512,15728,37392,15536
>a 62544,15792,37344,15520
>a 62496,15792,37328,15552
>a 62448,15776,37360,15520
>a 62528,15776,37344,15552
>a 62544,15808,37376,15536
>a 62496,15760,37328,15536
>a 62544,15792,37344,15552
>a 62496,15776,37344,15504
>a 62544,15856,37376,15536
>a 62592,15776,37408,15408
>a 62496,15728,37376,15536
>a 62512,15696,37312,15536
>a 62512,15776,37312,15520
>a 62624,15648,37360,15616
>a 62512,15760,37344,15536
>a 62512,15728,37376,15632
>a 62544,15872,37360,15504
>a 62464,15744,37328,15552
>a 62592,15744,37344,15568
>a 62544,15776,37424,15520
>a 62560,15696,37376,15520
>a 62448,15872,37264,15552
>a 62512,15760,37376,15552
>a 62544,15792,37376,15536
>a 62480,15696,37376,15552
>a 62576,15760,37408,15568
>a 62496,15776,37424,15552
>a 62608,15760,37392,15488
>a 62576,15760,37392,15664
>a 62528,15712,37424,15536
>a 62512,15776,37392,15568
>a 62576,15840,37392,15504
>a 62512,15808,37376,15600
>a 62576,15776,37344,15552
>a 62576,15792,37360,15536
>a 62640,15824,37360,15552
>a 62544,15792,37424,15536
>a 62512,15840,37344,15472
>a 62544,15696,37312,15536
>a 62544,15776,37344,15536
>a 62496,15760,37344,15520
>a 62608,15792,37328,15552
>a 62416,15760,37344,15664
>a 62544,15776,37344,15696
>a 62544,15792,37360,15568
>a 62560,15776,37328,15616
>a 62544,15760,37360,15552
>a 62576,15760,37360,15568
>a 62448,15760,37328,15568
>a 62512,15744,37328,15632
>a 62544,15744,37424,15568
>a 62448,15776,37360,15536
>a 62576,15776,37392,15520
>a 62528,15728,37344,15536
>a 62480,15792,37376,15536
>a 62512,15744,37344,15456
>a 62512,15776,37248,15632
>a 62544,15792,37344,15504
>a 62560,15792,37376,15552
>a 62512,15760,37392,15552
>a 62512,15808,37360,15584
>a 62512,15776,37328,15536
>a 62560,15776,37392,15536
>a 62496,15840,37456,15552
>a 62544,15856,37376,15536
>a 62544,15792,37296,15408
>a 62448,15776,37296,15632
>a 62512,15888,37296,15552
>a 62544,15728,37344,15552
>a 62640,15728,37360,15536
>a 62512,15760,37296,15536
>a 62560,15776,37376,15584
>a 62560,15728,37360,15536
>a 62448,15792,37344,15632
>a 62480,15760,37360,15424
>a 62608,15712,37360,15520
>a 62512,15888,37440,15504
>a 62512,15696,37296,15648
>a 62512,15760,37328,15424
>a 62576,15792,37408,15552
>a 62560,15760,37456,15552
>a 62544,15728,37328,15616
>a 62512,15712,37328,15664
>a 62512,15824,37328,15408
>a 62560,15824,37456,15536
>a 62560,15856,37360,15568
>a 62560,15888,37392,15552
>a 62560,15776,37376,15552
>a 62608,15760,37344,15552
>a 62512,15728,37296,15680
>a 62544,15760,37296,15568
>a 62608,15728,37456,15568
>a 62496,15840,37392,15536
>a 62512,15840,37328,15456
>a 62544,15872,37376,15472
>a 62512,15728,37360,15568
>a 62576,15792,37312,15552
>a 62544,15792,37232,15536
>a 62496,15744,37344,15424
>a 62512,15776,37344,15760
>a 62560,15760,37360,15568
>a 62560,15664,37376,15536
>a 62512,15776,37296,15600
>a 62512,15648,37344,15520
>a 62416,15776,37360,15552
>a 62528,15776,37424,15536
>a 62624,15840,37376,15552
>a 62512,15792,37440,15536
>a 62480,15728,37344,15536
>a 62560,15744,37296,15536
>a 62480,15728,37360,15536
>a 62656,15776,37344,15568
>a 62560,15904,37344,15648
>a 62576,15792,37360,15616
>a 62448,15792,37376,15520
>a 62576,15696,37344,15536
>a 62512,15792,37312,15520
>a 62512,15744,37344,15536
>a 62512,15808,37344,15664
>a 62576,15776,37328,15648
>a 62512,15728,37392,15536
>a 62544,15776,37376,15552
>a 62560,15808,37344,15536
>a 62480,15760,37344,15520
>a 62576,15664,37392,15552
>a 62608,15776,37360,15632
>a 62512,15792,37360,15536
>a 62512,15792,37360,15504
>a 62576,15776,37376,15568
>a 62576,15792,37392,15632
>a 62544,15840,37296,15520
>a 62560,15776,37360,15584
>a 62560,15856,37360,15584
>a 62560,15792,37376,15568
>a 62496,15696,37376,15552
>a 62512,15664,37200,15520
>a 62576,15728,37376,15536
>a 62544,15776,37296,15344
>a 62560,15872,37344,15536
>a 62576,15792,37360,15568
>a 62560,15776,37392,15520
>a 62496,15776,37328,15520
>a 62512,15776,37424,15552
>a 62512,15856,37360,15488
>a 62624,15696,37376,15552
>a 62576,15856,37360,15648
>a 62512,15760,37376,15632
>a 62544,15792,37344,15472
>a 62512,15776,37296,15536
>a 62576,15760,37216,15552
>a 62544,15808,37360,15536
>a 62480,15760,37344,15536
>a 62544,15776,37376,15536
>a 62560,15872,37440,15616
>a 62576,15776,37312,15536
>a 62448,15792,37376,15536
>a 62576,15792,37280,15632
>a 62512,15856,37344,15552
>a 62576,15808,37360,15488
>a 62576,15824,37328,15632
>a 62512,15760,37344,15536
>a 62608,15792,37296,15536
>a 62512,15792,37280,15568
>a 62576,15792,37328,15632
>a 62560,15760,37344,15552
>a 62512,15776,37376,15568
>a 62512,15760,37312,15600
>a 62544,15744,37328,15520
>a 62576,15856,37328,15568
>a 62544,15808,37376,15568
>a 62496,15776,37360,15520
>a 62576,15744,37344,15536
>a 62512,15776,37392,15552
>a 62544,15792,37296,15472
>a 62576,15776,37232,15568
>a 62544,15792,37344,15488
>a 62560,15744,37376,15424
>a 62512,15728,37376,15488
>a 62608,15792,37360,15536
>a 62496,15872,37408,15536
>a 62544,15728,37296,15552
>a 62544,15712,37296,15536
>a 62672,15744,37312,15536
>a 62560,15888,37360,15520
>a 62528,15760,37296,15504
>a 62560,15744,37232,15552
>a 62528,15744,37312,15568
>a 62544,15744,37296,15520
>a 62560,15744,37360,15552
>a 62576,15792,37376,15632
>a 62576,15792,37376,15536
>a 62480,15744,37344,15536
>a 62576,15776,37360,15552
>a 62512,15728,37392,15664
>a 62528,15776,37344,15520
>a 62576,15776,37392,15536
>a 62528,15760,37424,15440
>a 62560,15776,37232,15536
>a 62560,15744,37440,15536
>a 62512,15664,37360,15568
>a 62576,15840,37328,15584
>a 62576,15744,37424,15520
>a 62528,15776,37328,15376
>a 62544,15760,37344,15536
>a 62560,15776,37360,15664
>a 62560,15744,37360,15552
>a 62544,15664,37328,15536
>a 62544,15776,37232,15488
>a 62528,15728,37360,15552
>a 62512,15712,37376,15504
>a 62480,15744,37312,15584
>a 62448,15760,37376,15632
>a 62576,15792,37344,15520
>a 62544,15776,37376,15504
>a 62512,15712,37424,15648
>a 62576,15776,37376,15536
>a 62512,15760,37296,15552
>a 62560,15792,37424,15536
>a 62544,15792,37344,15600
>a 62544,15712,37360,15568
>a 62576,15760,37344,15616
>a 62512,15776,37424,15568
>a 62480,15776,37360,15568
>a 62448,15792,37296,15616
>a 62640,15728,37344,15600
>a 62512,15664,37360,15536
>a 62544,15776,37328,15504
>a 62576,15792,37344,15632
>a 62512,15792,37376,15520
>a 62496,15760,37360,15616
>a 62576,15776,37264,15568
>a 62560,15776,37312,15488
>a 62528,15952,37376,15584
>a 62560,15744,37376,15456
>a 62560,15776,37312,15488
>a 62512,15760,37360,15520
>a 62512,15680,37328,15520
>a 62512,15776,37280,15520
>a 62512,15776,37296,15568
>a 62448,15760,37392,15552
>a 62448,15760,37344,15536
>a 62512,15728,37328,15552
>a 62576,15792,37424,15648
>a 62544,15776,37344,15568
>a 62480,15840,37280,15520
>a 62560,15776,37392,15536
>a 62496,15776,37328,15536
>a 62592,15680,37328,15552
>a 62512,15984,37328,15472
>a 62528,15856,37344,15552
>a 62560,15744,37376,15552
>a 62544,15760,37312,15536
>a 62576,15776,37376,15616
>a 62560,15776,37344,15504
>a 62608,15760,37296,15520
>a 62544,15776,37360,15536
>a 62544,15792,37376,15568
>a 62576,15792,37344,15568
>a 62448,15792,37280,15536
>a 62512,15824,37440,15600
>a 62560,15760,37424,15616
>a 62576,15744,37376,15504
>a 62544,15776,37344,15568
>a 62496,15792,37376,15568
>a 62448,15856,37376,15632
>a 62512,15792,37360,15520
>a 62560,15792,37344,15536
>a 62512,15776,37344,15632
>a 62576,15792,37376,15584
>a 62560,15760,37344,15520
>a 62576,15760,37344,15552
>a 62560,15872,37328,15536
>a 62560,15728,37376,15648
>a 62544,15792,37312,15600
>a 62544,15776,37392,15552
>a 62528,15792,37312,15520
>a 62544,15744,37312,15504
>a 62576,15840,37360,15568
>a 62512,15856,37504,15536
>a 62512,15776,37280,15552
>a 62624,15760,37360,15552
>a 62560,15712,37344,15536
>a 62576,15776,37360,15536
>a 62576,15792,37360,15616
>a 62576,15792,37360,15568
>a 62560,15744,37280,15504
>a 62560,15776,37360,15504
>a 62576,15792,37296,15536
>a 62512,15728,37344,15504
>a 62448,15776,37312,15632
>a 62512,15792,37360,15568
>a 62512,15824,37376,15536
>a 62624,15808,37360,15648
>a 62544,15760,37344,15504
>a 62448,15792,37328,15520
>a 62544,15792,37392,15632
>a 62576,15792,37328,15632
>a 62544,15744,37360,15552
>a 62576,15888,37296,15504
>a 62512,15760,37344,15552
>a 62368,15744,37392,15552
>a 62560,15776,37328,15568
>a 62512,15728,37344,15552
>a 62480,15856,37424,15488
>a 62512,15808,37344,15552
>a 62560,15792,37424,15536
>a 62576,15856,37376,15552
>a 62640,15792,37232,15584
>a 62544,15760,37264,15632
>a 62480,15776,37344,15648
>a 62512,15728,37360,15568
>a 62656,15792,37312,15520
>a 62544,15760,37328,15520
>a 62496,15792,37264,15520
>a 62544,15744,37232,15536
>a 62560,15776,37456,15616
>a 62544,15776,37360,15568
>a 62544,15728,37344,15536
>a 62640,15792,37424,15552
>a 62544,15792,37344,15520
>a 62512,15792,37376,15568
>a 62624,15792,37424,15536
>a 62544,15872,37328,15488
>a 62496,15776,37376,15568
>a 62560,15728,37360,15536
>a 62576,15792,37312,15552
>a 62560,15728,37376,15616
>a 62544,15712,37360,15552
>a 62544,15744,37328,15536
>a 62528,15776,37344,15520
>a 62448,15760,37328,15536
>a 62496,15712,37328,15520
>a 62480,15760,37344,15680
>a 62576,15760,37376,15536
>a 62640,15792,37264,15504
>a 62576,15808,37328,15536
>a 62544,15792,37376,15568
>a 62544,15744,37328,15664
>a 62576,15776,37360,15520
>a 62448,15840,37312,15504
>a 62512,15760,37488,15536
>a 62576,15920,37328,15552
>a 62544,15840,37344,15536
>a 62640,15808,37328,15648
>a 62480,15776,37344,15632
>a 62544,15856,37344,15536
>a 62496,15632,37328,15520
>a 62592,15632,37344,15536
>a 62512,15680,37376,15536
>a 62624,15744,37344,15536
>a 62544,15792,37376,15504
>a 62560,15856,37360,15568
>a 62544,15792,37360,15520
>a 62512,15792,37376,15536
>a 62512,15744,37360,15568
>a 62496,15728,37312,15536
>a 62528,15696,37200,15552
>a 62544,15792,37360,15552
>a 62528,15744,37376,15568
>a 62512,15776,37376,15568
>a 62544,15792,37360,15552
>a 62448,15760,37328,15536
>a 62384,15776,37424,15536
>a 62576,15792,37328,15536
>a 62624,15760,37360,15552
>a 62528,15760,37376,15568
>a 62480,15728,37408,15616
>a 62544,15856,37328,15584
>a 62496,15760,37344,15568
>a 62576,15776,37328,15536
>a 62544,15792,37392,15552
>a 62576,15888,37360,15520
>a 62560,15792,37344,15536
>a 62560,15776,37360,15552
>a 62496,15888,37344,15488
>a 62528,15792,37360,15616
>a 62512,15760,37328,15552
>a 62544,15712,37280,15504
>a 62512,15744,37344,15520
>a 62640,15888,37328,15536
>a 62560,15744,37344,15504
>a 62592,15792,37360,15568
>a 62512,15744,37264,15472
>a 62512,15728,37360,15536
>a 62608,15840,37424,15536
>a 62448,15792,37360,15536
>a 62560,15840,37296,15552
>a 62512,15824,37312,15568
>a 62576,15792,37376,15568
>a 62576,15776,37296,15520
>a 62608,15840,37360,15504
>a 62576,15728,37360,15520
>a 62560,15744,37296,15568
>a 62496,15792,37264,15520
>a 62448,15760,37552,15584
>a 62560,15792,37360,15568
>a 62544,15776,37344,15536
>a 62560,15792,37360,15568
>a 62576,15808,37360,15504
>a 62560,15792,37328,15632
>a 62512,15760,37328,15536
>a 62448,15792,37376,15392
>a 62512,15776,37344,15520
>a 62560,15776,37328,15632
>a 62560,15808,37344,15536
>a 62512,15744,37328,15536
>a 62512,15760,37296,15536
>a 62608,15792,37328,15536
>a 62512,15856,37328,15568
>a 62560,15856,37296,15552
>a 62560,15776,37424,15536
>a 62512,15792,37360,15648
>a 62560,15808,37376,15616
>a 62512,15744,37424,15536
>a 62544,15792,37328,15536
>a 62512,15744,37392,15616
>a 62576,15776,37344,15552
>a 62576,15680,37344,15440
>a 62544,15760,37328,15520
>a 62448,15904,37360,15552
>a 62496,15776,37360,15536
>a 62544,15696,37376,15568
>a 62528,15776,37424,15472
>a 62560,15856,37344,15536
>a 62528,15776,37296,15536
>a 62560,15760,37280,15536
>a 62560,15776,37328,15488
>a 62560,15760,37360,15440
>a 62448,15744,37328,15472
>a 62576,15776,37360,15552
>a 62512,15728,37344,15536
>a 62544,15792,37376,15536
>a 62512,15792,37328,15648
>a 62640,15760,37360,15520
>a 62512,15744,37280,15520
>a 62544,15792,37344,15568
>a 62560,15824,37296,15536
>a 62576,15776,37360,15520
>a 62560,15792,37312,15536
>a 62544,15728,37392,15568
>a 62560,15744,37312,15536
>a 62560,15792,37344,15520
>a 62512,15792,37344,15552
>a 62544,15744,37328,15584
>a 62512,15760,37376,15536
>a 62608,15776,37312,15568
>a 62512,15792,37344,15600
>a 62544,15760,37328,15392
>a 62512,15776,37344,15424
>a 62592,15776,37408,15456
>a 62560,15776,37360,15632
>a 62528,15776,37424,15584
>a 62512,15776,37328,15520
>a 62496,15760,37360,15536
>a 62544,15776,37376,15536
>a 62512,15760,37328,15536
>a 62512,15776,37328,15488
>a 62560,15856,37328,15536
>a 62544,15792,37488,15536
>a 62512,15808,37392,15568
>a 62544,15792,37376,15552
>a 62512,15792,37360,15536
>a 62544,15776,37328,15664
>a 62544,15728,37440,15568
>a 62480,15744,37328,15488
>a 62608,15776,37360,15488
>a 62544,15776,37392,15552
>a 62560,15776,37328,15536
>a 62544,15856,37344,15568
>a 62544,15792,37344,15552
>a 62496,15840,37312,15552
>a 62544,15776,37376,15648
>a 62528,15776,37440,15552
>a 62560,15792,37296,15568
>a 62512,15760,37424,15536
>a 62544,15776,37360,15536
>a 62576,15696,37264,15520
>a 62544,15792,37328,15472
>a 62576,15792,37376,15648
>a 62416,15776,37344,15536
>a 62496,15920,37312,15504
>a 62544,15792,37360,15520
>a 62544,15776,37344,15744
>a 62560,15776,37488,15600
>a 62576,15664,37360,15536
>a 62544,15792,37328,15520
>a 62544,15824,37360,15536
>a 62384,15792,37344,15568
>a 62480,15728,37312,15648
>a 62512,15792,37360,15552
>a 62544,15792,37328,15552
>a 62560,15728,37344,15536
>a 62448,15840,37376,15552
>a 62512,15776,37344,15568
>a 62544,15936,37344,15568
>a 62608,15760,37344,15520
>a 62512,15792,37264,15552
>a 62544,15776,37456,15536
>a 62512,15760,37424,15520
>a 62512,15728,37392,15552
>a 62544,15808,37360,15616
>a 62560,15824,37376,15568
>a 62544,15760,37312,15504
>a 62544,15776,37376,15552
>p 6,90
>p 5,0
>a 58992,15760,37456,15536
>p 6,0
>p 5,90
>a 62112,15712,37424,15536
>a 62320,15792,37424,15472
>a 62240,15776,37424,15552
>a 62192,15744,37376,15536
>a 62240,15776,37392,15584
>a 62256,15760,37392,15616
>a 62256,15760,37408,15616
>a 62224,15664,37440,15648
>a 62224,15776,37424,15584
>a 62304,15776,37424,15536
>a 62192,15888,37392,15536
>a 62256,15776,37440,15648
>a 62240,15776,37408,15504
>a 62240,15792,37472,15664
>a 62208,15744,37424,15568
>a 62208,15760,37376,15472
>a 62256,15792,37408,15648
>a 62240,15776,37424,15520
>a 62224,15792,37376,15472
>a 62256,15792,37440,15568
>a 62256,15760,37312,15536
>a 62288,15856,37392,15504
>a 62256,15776,37408,15536
>a 62192,15808,37488,15552
>a 62208,15728,37408,15536
>a 62256,15808,37360,15584
>a 62272,15792,37296,15504
>a 62192,15744,37392,15536
>a 62288,15760,37440,15568
>a 62240,15776,37344,15616
>a 62192,15792,37424,15552
>a 62240,15760,37376,15552
>a 62304,15792,37392,15552
>a 62256,15792,37424,15536
>a 62224,15728,37408,15536
>a 62256,15760,37392,15488
>a 62224,15760,37392,15472
>a 62304,15760,37424,15552
>a 62256,15776,37392,15536
>a 62224,15712,37392,15536
>a 62224,15776,37424,15520
>a 62256,15840,37424,15504
>a 62224,15728,37392,15536
>a 62256,15760,37424,15552
>a 62256,15728,37408,15552
>a 62224,15712,37392,15616
>a 62240,15696,37328,15552
>a 62256,15792,37392,15520
>