
>
>v 1 Jul 11 2014, <C1459854>
>a 52688,15424,52432,15392
>a 52656,15376,52448,15488
>a 52656,15424,52448,15472
>a 52688,15440,52352,15472
>a 52656,15472,52480,15472
>a 52656,15424,52400,15344
>a 52784,15520,52480,15440
>a 52720,15456,52480,15472
>a 52704,15440,52480,15392
>a 52656,15424,52448,15440
>a 52656,15600,52496,15408
>a 52704,15440,52512,15520
>a 52720,15392,52496,15472
>a 52720,15440,52544,15568
>a 52704,15440,52512,15424
>a 52656,15392,52448,15392
>a 52656,15424,52496,15456
>a 52704,15408,52480,15536
>a 52720,15472,52496,15456
>a 52704,15328,52528,15536
>a 52720,15440,52496,15472
>a 52592,15488,52528,15456
>p 7,24
>p 7,24
>a 52704,15408,52496,15472
>p 7,25
>p 7,26
>p 7,27
>p 7,29
>p 7,30
>p 7,31
>p 7,32
>a 52720,15392,52400,15440
>a 52720,15408,52400,15440
>a 50672,20672,52352,15408
>a 51056,20144,52304,15472
>a 50608,21168,52144,15456
>a 50560,20736,52048,15456
>a 50640,20896,51920,15408
>a 50464,20912,51872,15456
>a 50560,20912,51760,15504
>a 50320,20960,51632,15440
>a 50304,20992,51520,15456
>a 50224,20976,51344,15520
>a 50080,21040,51328,15456
>a 49968,21040,51216,15488
>a 49712,21136,51088,15456
>a 49616,21072,50976,15536
>a 49392,21008,50848,15504
>a 49296,20896,50736,15408
>a 49184,21008,50704,15440
>a 49008,21104,50528,15376
>a 48912,21040,50432,15424
>a 48864,21040,50368,15408
>a 48688,21072,50240,15504
>a 48560,21008,50192,15472
>a 48448,20944,50032,15536
>a 48368,20896,49920,15408
>a 48272,21120,49808,15440
>a 48272,20880,49760,15584
>a 48160,20896,49616,15472
>a 48064,20848,49568,15344
>a 48032,20896,49440,15392
>a 47856,20880,49296,15424
>a 47696,20960,49248,15376
>a 47920,20912,49136,15456
>a 47728,20928,49024,15440
>a 47664,20832,48944,15440
>a 47520,20912,48848,15488
>a 47376,20880,48784,15520
>a 47376,20896,48608,15376
>a 47232,20976,48592,15440
>a 47216,20912,48400,15424
>a 47072,21120,48384,15424
>a 46944,21104,48272,15408
>a 46880,21056,48208,15392
>a 46736,21056,48176,15408
>a 46688,21152,48048,15488
>a 46576,20960,47920,15440
>a 46400,21024,47856,15424
>a 46416,21040,47760,15408
>a 46256,21056,47664,15424
>a 46128,20976,47600,15376
>a 46112,20912,47520,15360
>a 46000,20880,47440,15424
>a 46048,20912,47312,15392
>a 45920,20880,47264,15392
>a 45840,20912,47200,15440
>a 45920,20976,47136,15312
>a 45616,20912,47008,15504
>a 45808,20848,47008,15328
>a 45872,20928,46880,15392
>a 45744,20896,46752,15280
>a 45616,21008,46768,15424
>a 45584,20944,46688,15392
>a 45504,20928,46544,15328
>a 45552,20880,46448,15424
>a 45408,20976,46368,15392
>a 45360,20880,46368,15408
>a 45264,21120,46304,15392
>a 45232,21040,46144,15424
>a 45120,20992,46128,15440
>a 45072,21040,46048,15392
>a 45056,21008,45984,15344
>a 44928,21008,45920,15440
>a 44656,21056,45856,15344
>p 7,33
>p 7,34
>a 43984,22768,45776,15344
>a 44384,22064,45696,15392
>a 44432,22416,45648,15424
>a 44336,22176,45616,15408
>a 44160,22256,45472,15424
>a 44160,22224,45424,15408
>a 44144,22320,45328,15488
>a 44064,22208,45232,15408
>a 44016,22160,45168,15424
>a 44080,22192,45104,15392
>a 44128,22160,45072,15312
>a 43968,22080,44848,15408
>a 43920,22160,44944,15408
>a 43952,22224,44848,15424
>p 7,35
>p 7,36
>p 7,37
>a 43072,24304,44720,15376
>a 43616,23920,44720,15520
>a 43792,24336,44672,15424
>a 43984,24176,44576,15424
>a 43824,24208,44576,15424
>a 43760,24192,44384,15376
>a 43744,24272,44400,15376
>a 43456,24304,44304,15392
>a 43520,24336,44304,15376
>a 43440,24304,44208,15408
>a 43376,24304,44176,15408
>a 43392,24368,44160,15408
>a 43216,24256,44080,15408
>a 43104,24304,44112,15408
>a 43024,24272,43920,15392
>a 43056,24304,43904,15408
>a 43008,24160,43824,15392
>a 42960,24256,43760,15344
>a 42992,24304,43744,15424
>a 42912,24256,43776,15296
>a 42976,24208,43616,15392
>a 42896,24160,43616,15408
>p 7,38
>p 7,39
>p 7,40
>p 7,41
>p 7,43
>p 7,44
>p 7,45
>p 7,46
>p 7,47
>p 7,49
>a 42032,31856,43552,15520
>p 7,50
>p 7,51
>p 7,52
>a 42928,33968,43488,15392
>a 43808,33936,43584,15408
>a 43712,34080,43616,15472
>a 43776,33968,43648,15392
>a 43760,34064,43664,15424
>a 43856,34128,43680,15408
>a 43824,34048,43664,15408
>a 43872,34160,43680,15408
>a 43856,34016,43632,15392
>a 43872,34160,43776,15408
>a 43824,34112,43680,15376
>a 43760,34176,43632,15376
>a 43744,34128,43696,15536
>a 43696,34128,43696,15408
>a 43632,34128,43680,15488
>a 43696,34144,43632,15408
>a 43696,34112,43616,15408
>a 43632,34176,43616,15392
>a 43520,34080,43664,15408
>a 43520,34160,43632,15344
>a 43472,34112,43616,15344
>a 43488,33952,43552,15392
>a 43456,34048,43600,15440
>a 43504,34016,43504,15408
>a 43392,34080,43520,15408
>a 43424,34080,43504,15376
>a 43392,34000,43440,15392
>a 43376,34016,43504,15408
>a 43360,33984,43536,15328
>a 43376,34000,43440,15456
>a 43472,34016,43408,15472
>p 7,53
>p 7,54
>a 43168,34624,43392,15408
>p 7,56
>p 7,57
>p 7,58
>p 7,60
>p 7,61
>p 7,62
>p 7,63
>p 7,64
>p 7,65
>a 41520,39840,43264,15424
>p 7,66
>p 7,67
>p 7,68
>p 7,69
>p 7,70
>p 7,71
>p 7,73
>p 7,74
>p 7,75
>p 7,76
>p 7,77
>a 41680,40688,43088,15408
>p 7,78
>p 7,79
>a 41696,40720,43072,15344
>a 41872,40736,43040,15424
>a 41760,40736,42976,15424
>a 41712,40720,42864,15440
>a 41696,40784,42832,15392
>a 41632,40592,42688,15376
>a 41632,40608,42656,15392
>a 41328,40496,42592,15312
>a 41424,40368,42544,15424
>a 41360,40320,42464,15408
>a 41296,40368,42416,15408
>a 41200,40304,42416,15344
>a 41312,40144,42320,15328
>a 41120,40160,42176,15392
>a 41072,40080,42080,15424
>a 41008,40048,42016,15376
>a 41008,39920,42064,15376
>a 40928,39920,42016,15408
>a 40848,40016,41888,15392
>a 40912,39872,41872,15424
>a 40816,39808,41744,15472
>a 40688,39744,41648,15376
>a 40672,39744,41584,15344
>a 40688,39648,41520,15376
>a 40560,39632,41488,15344
>a 40560,39600,41424,15376
>a 40608,39504,41312,15456
>a 40496,39472,41248,15472
>a 40368,39520,41152,15392
>a 40368,39280,41168,15360
>a 40304,39376,41088,15376
>a 40256,39344,41056,15408
>a 40272,39408,41008,15408
>a 40192,39248,40944,15472
>a 40176,39216,40912,15328
>a 40064,39184,40896,15392
>a 40048,39136,40752,15376
>a 39984,39024,40720,15392
>a 39968,39008,40688,15408
>a 39920,38880,40624,15408
>a 39920,38960,40576,15328
>a 39856,38928,40560,15488
>a 39840,38864,40464,15376
>a 39920,38832,40512,15376
>a 39840,38896,40304,15424
>a 39760,38896,40336,15392
>a 39792,38864,40352,15456
>a 39728,38768,40272,15376
>a 39728,38784,40128,15360
>p 7,78
>p 7,77
>p 7,76
>p 7,74
>p 7,72
>p 7,69
>p 7,66
>p 7,63
>p 7,58
>p 7,55
>p 7,50
>p 7,48
>a 39744,38720,40192,15376
>p 7,45
>p 7,42
>p 7,39
>p 7,36
>p 7,34
>p 7,30
>p 7,28
>p 7,25
>p 7,23
>a 43616,23840,40416,15376
>a 43728,22608,40544,15392
>a 43952,18864,40720,15264
>a 44208,15680,40768,15408
>a 44256,15360,40976,15504
>a 44400,15472,41184,15392
>a 44528,15376,41456,15408
>a 44544,15312,41520,15376
>a 44576,15296,41632,15248
>a 44688,15376,41840,15392
>a 44816,15344,42032,15408
>a 44896,15344,42160,15376
>a 44848,15296,42320,15280
>a 45072,15344,42560,15408
>a 45200,15392,42640,15488
>a 45248,15376,42736,15408
>a 45312,15344,42864,15408
>a 45520,15392,43024,15376
>a 45520,15376,43120,15408
>a 45584,15248,43280,15408
>a 45712,15408,43440,15424
>a 45744,15344,43520,15408
>p 7,24
>p 7,25
>p 7,26
>p 7,27
>a 45840,15392,43664,15488
>p 7,28
>p 7,29
>p 7,30
>p 7,31
>a 45856,15408,43776,15392
>a 46032,15392,43888,15504
>a 43504,22000,43760,15344
>a 44544,19440,43824,15344
>a 44144,20400,43824,15408
>a 44288,20192,43856,15328
>a 44336,20272,43856,15392
>a 44336,20096,43952,15408
>a 44288,20224,43952,15392
>a 44368,20304,43952,15392
>a 44384,20352,43984,15408
>p 7,32
>p 7,33
>a 44192,21312,44016,15408
>p 7,34
>p 7,35
>p 7,36
>p 7,37
>a 44128,23696,43984,15408
>p 7,38
>p 7,39
>a 43600,26256,43872,15392
>a 44016,25312,43856,15408
>a 43808,25744,43808,15408
>a 43744,25600,43728,15376
>a 43680,25696,43776,15376
>a 43680,25696,43808,15376
>a 43632,25632,43696,15504
>a 43696,25632,43664,15408
>a 43600,25712,43584,15392
>a 43568,25632,43520,15392
>p 7,40
>p 7,41
>p 7,42
>p 7,43
>p 7,44
>a 42720,28720,43600,15424
>p 7,45
>p 7,46
>a 42528,30528,43440,15424
>a 43056,29872,43424,15376
>a 43120,30080,43344,15472
>a 43088,30048,43344,15408
>a 43040,30064,43360,15232
>a 43088,30016,43344,15424
>a 42896,30048,43200,15328
>a 43056,30096,43216,15376
>a 42928,30032,43184,15408
>a 42976,30080,42992,15408
>a 42928,30224,43104,15344
>a 42896,30224,42960,15392
>a 42816,30112,42944,15440
>p 7,47
>p 7,48
>p 7,49
>p 7,50
>a 42128,32032,42928,15408
>p 7,51
>a 42144,33568,42704,15376
>a 42480,33456,42736,15360
>a 42384,33504,42704,15504
>a 42352,33360,42608,15392
>a 42224,33440,42528,15456
>a 42160,33424,42448,15360
>a 42160,33504,42496,15424
>a 42064,33472,42416,15392
>a 42064,33664,42352,15424
>a 41936,33392,42352,15392
>a 41888,33488,42320,15408
>a 41840,33552,42272,15392
>a 41824,33424,42192,15344
>a 41840,33456,42160,15408
>a 41744,33328,42064,15392
>p 7,52
>p 7,53
>a 41584,33680,42144,15344
>p 7,54
>p 7,55
>p 7,56
>p 7,57
>a 40704,37392,41952,15344
>a 41408,37696,41840,15392
>a 41792,37168,41904,15344
>a 41680,37296,41856,15392
>a 41616,37264,41792,15392
>a 41600,37280,41808,15408
>a 41504,37360,41824,15328
>a 41520,37296,41696,15392
>a 41488,37360,41680,15488
>a 41472,37360,41616,15456
>a 41392,37344,41536,15376
>a 41392,37344,41568,15392
>a 41264,37360,41536,15296
>p 7,58
>p 7,59
>p 7,60
>p 7,61
>a 40944,38256,41472,15440
>p 7,62
>a 40720,39136,41392,15472
>a 40640,39472,41360,15424
>a 40560,39632,41264,15408
>a 40624,39680,41200,15424
>a 40560,39600,41168,15328
>a 40528,39536,41120,15392
>a 40528,39584,41088,15392
>a 40464,39488,40976,15472
>a 40352,39424,40960,15312
>a 40368,39424,40816,15376
>a 40304,39344,40880,15408
>a 40384,39376,40784,15344
>a 40288,39264,40656,15376
>a 40176,39264,40704,15392
>a 40176,39216,40640,15392
>a 40192,39248,40592,15344
>a 40176,39184,40464,15376
>a 40112,39248,40640,15344
>a 40080,39152,40464,15408
>a 40160,39152,40432,15408
>a 40048,39120,40336,15392
>a 39920,39088,40336,15392
>a 39968,39136,40304,15344
>a 39920,39024,40224,15232
>a 40048,39088,40288,15392
>a 39904,38944,40144,15456
>a 39856,38960,40144,15376
>a 39904,38928,40144,15392
>a 39712,38896,40080,15376
>a 40000,38864,39984,15456
>a 39792,38880,40016,15360
>a 39760,38832,39984,15376
>a 39760,38912,39968,15328
>p 7,61
>p 7,60
>p 7,59
>a 39760,38800,39952,15248
>p 7,58
>p 7,57
>a 39680,38768,39872,15424
>p 7,56
>p 7,55
>a 39680,38624,39952,15312
>p 7,54
>a 39920,37536,39968,15408
>p 7,53
>p 7,52
>p 7,51
>a 40240,33056,39920,15376
>p 7,50
>p 7,49
>a 40368,32016,39952,15408
>p 7,48
>a 40240,31424,40032,15376
>p 7,47
>p 7,46
>a 40368,30512,40112,15392
>a 40352,29936,40096,15328
>p 7,45
>a 40480,30064,40160,15456
>a 40608,29216,40256,15344
>a 40768,29472,40224,15376
>a 40768,29360,40304,15376
>a 40816,29472,40352,15504
>a 40864,29424,40448,15392
>p 7,46
>p 7,47
>a 40656,30512,40544,15392
>p 7,48
>p 7,49
>a 40592,32688,40432,15408
>a 40720,31936,40560,15424
>a 40720,32224,40496,15408
>a 40720,32064,40496,15328
>a 40688,32192,40480,15472
>a 40800,32304,40560,15408
>a 40752,32176,40560,15472
>a 40672,32192,40592,15392
>a 40656,32176,40624,15424
>a 40720,32224,40608,15504
>a 40704,32160,40624,15392
>a 40784,32208,40656,15296
>p 7,50
>p 7,51
>a 40576,33200,40608,15408
>a 40736,33424,40672,15392
>a 40800,33312,40544,15392
>a 40720,33328,40736,15392
>a 40720,33360,40688,15488
>a 40784,33392,40704,15344
>a 40720,33440,40800,15472
>a 40816,33456,40720,15488
>a 40720,33360,40624,15408
>a 40864,33328,40688,15488
>a 40864,33344,40656,15344
>a 40816,33536,40688,15376
>a 40880,33392,40784,15392
>a 40912,33376,40800,15408
>a 40912,33424,40752,15392
>a 40848,33440,40720,15392
>a 40960,33424,40624,15408
>a 40960,33376,40848,15488
>a 40896,33472,40752,15376
>a 40880,33488,40752,15392
>a 40864,33456,40736,15280
>a 40816,33456,40736,15344
>a 40784,33488,40752,15408
>a 40752,33584,40704,15392
>p 7,50
>a 40880,33024,40752,15344
>a 40912,32944,40752,15472
>a 40880,32864,40752,15392
>a 40672,32736,40736,15376
>a 40832,32784,40752,15456
>a 40864,32704,40752,15488
>a 40880,32704,40848,15376
>a 40880,32816,40832,15392
>a 40960,32720,40864,15408
>a 40880,32816,40880,15392
>a 41008,32736,40848,15392
>a 40992,32688,40864,15376
>a 41008,32672,40864,15552
>a 41056,32688,40864,15360
>p 7,51
>a 41072,32688,40880,15456
>p 7,52
>p 7,53
>p 7,54
>p 7,55
>a 40368,35888,40816,15392
>p 7,56
>p 7,57
>p 7,58
>a 40368,37536,40752,15472
>p 7,59
>p 7,61
>a 40336,38480,40800,15376
>a 40272,38976,40752,15408
>p 7,62
>a 40240,39136,40672,15408
>p 7,63
>p 7,64
>a 40192,39312,40544,15392
>p 7,65
>a 40208,39248,40496,15472
>p 7,66
>a 40192,39216,40448,15488
>p 7,67
>p 7,68
>a 40112,39168,40448,15344
>p 7,69
>p 7,70
>p 7,71
>a 40096,39184,40400,15392
>p 7,72
>p 7,73
>a 40032,39072,40320,15344
>p 7,74
>p 7,75
>a 39984,39088,40304,15408
>p 7,76
>p 7,77
>a 39968,39024,40240,15344
>p 7,78
>a 39968,38992,40208,15472
>p 7,79
>a 39856,39008,40112,15328
>a 39856,38960,40144,15472
>a 39824,38912,40080,15312
>a 39728,38864,40048,15392
>a 39728,38816,40032,15408
>p 7,78
>p 7,77
>a 39776,38752,39888,15344
>p 7,76
>p 7,75
>p 7,74
>p 7,73
>p 7,72
>p 7,71
>p 7,70
>p 7,69
>a 39632,38736,39920,15392
>p 7,68
>p 7,67
>p 7,66
>p 7,65
>p 7,64
>p 7,63
>p 7,62
>a 39776,38688,39872,15392
>p 7,61
>p 7,60
>p 7,59
>p 7,58
>p 7,57
>p 7,56
>p 7,55
>a 39520,38704,39904,15408
>p 7,54
>p 7,53
>p 7,52
>p 7,51
>p 7,50
>p 7,49
>p 7,48
>a 40336,36016,39840,15392
>p 7,47
>p 7,46
>p 7,45
>a 42416,28112,40032,15376
>p 7,44
>p 7,43
>p 7,42
>p 7,41
>p 7,40
>a 41232,27376,40064,15392
>p 7,39
>p 7,38
>a 41888,23952,40160,15408
>a 41008,25008,40144,15392
>a 40928,24768,40224,15312
>a 41104,24928,40288,15408
>p 7,37
>a 41376,24560,40368,15344
>a 41584,24208,40464,15392
>p 7,36
>p 7,35
>p 7,34
>p 7,33
>a 42512,21856,40640,15392
>p 7,31
>p 7,30
>p 7,29
>p 7,28
>a 43664,18272,40848,15392
>a 43184,18240,40928,15360
>a 43040,18336,40944,15408
>a 42896,18464,41168,15392
>a 42944,18464,41328,15424
>a 43056,18368,41376,15392
>a 43120,18368,41472,15376
>a 43232,18512,41616,15440
>a 43216,18432,41648,15392
>p 7,27
>p 7,26
>p 7,25
>a 43776,17664,41824,15312
>p 7,24
>p 7,23
>a 44752,15744,42048,15424
>a 44896,15408,42160,15456
>a 45168,15376,42288,15392
>a 45152,15344,42544,15408
>a 45232,15392,42576,15424
>a 45232,15344,42688,15424
>a 45392,15472,42848,15424
>a 45488,15408,42960,15504
>a 45536,15472,43056,15408
>a 45552,15344,43184,15408
>a 45648,15376,43360,15392
>a 45872,15344,43424,15408
>a 45792,15456,43536,15424
>a 45888,15312,43632,15376
>a 46064,15408,43696,15392
>a 46064,15376,43840,15376
>a 46128,15328,43952,15408
>a 46160,15392,44080,15408
>a 46224,15344,44176,15408
>a 46336,15440,44304,15408
>a 46384,15392,44384,15376
>a 46384,15408,44448,15424
>a 46560,15408,44704,15504
>a 46672,15344,44752,15472
>a 46656,15344,44784,15472
>a 46752,15264,44848,15456
>a 46800,15488,45024,15424
>a 46864,15328,45024,15456
>a 46960,15392,45152,15424
>a 46992,15408,45264,15392
>a 47008,15408,45360,15408
>a 47120,15328,45440,15472
>a 47184,15392,45648,15440
>a 47248,15344,45648,15392
>a 47264,15360,45712,15408
>a 47344,15392,45856,15408
>a 47376,15392,45776,15440
>a 47440,15408,46048,15440
>a 47552,15408,46048,15424
>a 47616,15376,46128,15440
>a 47600,15376,46112,15424
>a 47600,15408,46224,15504
>a 47696,15344,46368,15392
>a 47696,15408,46464,15456
>a 47664,15360,46448,15408
>a 47760,15376,46560,15344
>a 47856,15488,46640,15392
>a 47888,15408,46704,15424
>a 47936,15360,46784,15360
>a 47952,15408,46832,15440
>a 48048,15408,46928,15440
>a 48048,15376,46960,15504
>a 48080,15344,47040,15312
>a 48176,15408,47072,15424
>a 48192,15392,47152,15408
>a 48224,15408,47216,15424
>a 48304,15408,47328,15424
>a 48432,15488,47328,15440
>a 48400,15408,47408,15520
>a 48496,15424,47536,15456
>a 48528,15408,47536,15424
>a 48512,15408,47616,15440
>a 48528,15392,47648,15424
>a 48656,15424,47728,15392
>a 48624,15408,47792,15440
>a 48704,15392,47872,15440
>a 48736,15520,47888,15392
>a 48800,15376,47920,15504
>a 48816,15408,48016,15392
>a 48832,15408,48112,15392
>a 48912,15408,48096,15456
>a 49008,15408,48192,15456
>a 48960,15392,48208,15392
>a 48976,15504,48256,15456
>a 49088,15392,48288,15424
>a 49104,15424,48368,15440
>a 49104,15392,48304,15408
>a 49056,15344,48464,15504
>a 49200,15392,48432,15424
>a 49200,15408,48496,15392
>a 49232,15392,48560,15456
>a 49296,15360,48656,15424
>a 49376,15424,48688,15456
>a 49376,15408,48752,15472
>a 49312,15376,48752,15456
>a 49456,15376,48800,15456
>a 49504,15408,48864,15392
>a 49488,15408,48848,15520
>a 49520,15376,48944,15472
>a 49520,15344,48976,15424
>a 49536,15408,49056,15408
>a 49568,15376,49040,15472
>a 49680,15344,49056,15408
>a 49616,15488,49200,15472
>a 49696,15424,49232,15424
>a 49744,15408,49136,15536
>a 49760,15504,49248,15408
>a 49856,15488,49328,15392
>a 49776,15280,49312,15440
>a 49856,15376,49360,15408
>a 49888,15472,49328,15440
>a 49936,15424,49472,15440
>a 49888,15344,49552,15520
>a 49936,15360,49504,15408
>a 49936,15392,49520,15520
>a 49984,15472,49520,15440
>a 50000,15392,49568,15520
>a 50048,15376,49664,15456
>a 50080,15392,49648,15456
>a 50096,15392,49680,15440
>a 50144,15488,49808,15440
>a 50160,15344,49712,15408
>a 50176,15504,49744,15440
>a 50288,15328,49808,15408
>a 50208,15392,49808,15472
>a 50208,15280,49824,15424
>a 50272,15504,49952,15408
>a 50288,15424,49904,15392
>a 50336,15440,49920,15440
>a 50320,15520,49968,15456
>a 50368,15424,49968,15456
>a 50352,15344,50000,15408
>a 50432,15408,50032,15456
>a 50416,15408,50032,15424
>a 50448,15392,50096,15472
>a 50464,15440,50064,15424
>a 50448,15392,50000,15392
>a 50480,15472,50128,15408
>a 50544,15408,50160,15408
>a 50576,15408,50128,15408
>a 50560,15536,50144,15424
>a 50576,15472,50208,15392
>a 50624,15424,50304,15392
>a 50608,15392,50336,15392
>a 50640,15424,50272,15440
>a 50544,15488,50336,15408
>