
>
>
>v 1 Jul 11 2014, <C1459854>
>a 65520,15792,35472,15520
>p 5,90
>a 65520,15760,35536,15584
>a 65520,15712,35472,15520
>a 65520,15712,35440,15456
>a 65520,15744,35504,15632
>a 65520,15728,35488,15552
>a 65520,15856,35472,15536
>a 65520,15696,35488,15472
>a 65520,15840,35504,15632
>a 65520,15760,35488,15728
>a 65520,15760,35520,15520
>a 65520,15728,35376,15536
>a 65520,15904,35552,15536
>a 65520,15744,35472,15440
>a 65520,15776,35504,15696
>a 65520,15728,35440,15536
>a 65520,15744,35472,15536
>a 65520,15680,35488,15536
>a 65520,15760,35504,15632
>a 65520,15696,35504,15552
>a 65520,15744,35568,15552
>a 65520,15696,35472,15488
>a 65520,15744,35520,15536
>a 65520,15680,35584,15536
>a 65520,15728,35440,15616
>a 65520,15920,35504,15536
>a 65520,15696,35472,15616
>a 65520,15744,35504,15552
>a 65520,15776,35488,15536
>a 65520,15696,35488,15536
>a 65520,15792,35488,15536
>a 65520,15712,35488,15536
>a 65520,15760,35504,15536
>a 65520,15776,35488,15520
>a 65520,15712,35488,15536
>a 65520,15760,35488,15536
>a 65520,15744,35488,15568
>a 65520,15696,35424,15536
>a 65520,15760,35504,15536
>a 65520,15824,35504,15632
>a 65520,15776,35504,15504
>a 65520,15616,35424,15552
>a 65520,15824,35504,15520
>a 65520,15728,35488,15520
>a 65520,15744,35504,15536
>a 65520,15744,35472,15536
>a 65520,15712,35504,15520
>a 65520,15744,35488,15632
>a 65520,15792,35520,15504
>a 65520,15696,35568,15536
>a 65520,15712,35488,15536
>a 65520,15728,35536,15552
>a 65520,15712,35568,15536
>a 65520,15728,35504,15536
>a 65520,15792,35440,15520
>a 65520,15680,35504,15616
>a 65520,15728,35488,15600
>a 65520,15760,35504,15488
>a 65520,15840,35472,15552
>a 65520,15712,35472,15536
>a 65520,15728,35504,15552
>a 65520,15760,35456,15536
>a 65520,15760,35568,15488
>a 65520,15760,35456,15536
>a 65520,15664,35472,15536
>a 65520,15728,35472,15520
>a 65520,15760,35568,15536
>a 65520,15712,35488,15600
>a 65520,15712,35456,15536
>a 65520,15856,35536,15648
>a 65520,15776,35552,15632
>a 65520,15760,35504,15648
>a 65520,15760,35440,15536
>a 65520,15648,35488,15552
>a 65520,15712,35440,15520
>a 65520,15744,35488,15456
>a 65520,15792,35488,15552
>a 65520,15776,35472,15584
>a 65520,15632,35504,15616
>a 65520,15680,35504,15536
>a 65520,15824,35584,15536
>a 65520,15696,35440,15568
>a 65520,15792,35504,15488
>a 65520,15760,35488,15536
>a 65520,15760,35536,15520
>a 65520,15728,35488,15408
>a 65520,15760,35552,15504
>a 65520,15664,35408,15520
>a 65520,15760,35456,15536
>a 65520,15712,35488,15520
>a 65520,15728,35472,15520
>a 65520,15728,35488,15568
>a 65520,15728,35504,15552
>a 65520,15760,35504,15664
>a 65520,15856,35472,15504
>a 65520,15696,35456,15520
>a 65520,15760,35456,15536
>a 65520,15712,35504,15504
>a 65520,15728,35488,15488
>a 65520,15664,35424,15520
>p 5,0
>a 65520,15728,34128,15504
>p 5,90
>a 65520,15696,35216,15472
>a 65520,15712,35168,15472
>a 65520,15760,35200,15600
>p 5,0
>a 65520,15696,33728,15568
>p 5,90
>a 65520,15760,34880,15504
>a 65520,15728,34896,15520
>a 65520,15760,34944,15520
>a 65520,15728,34880,15472
>a 65520,15744,34928,15536
>a 65520,15712,34928,15552
>a 65520,15760,34912,15536
>a 65520,15760,34896,15520
>a 65520,15712,34864,15520
>a 65520,15712,34912,15488
>a 65520,15760,34880,15392
>a 65520,15712,34880,15504
>a 65520,15760,34928,15536
>a 65520,15712,34928,15520
>a 65520,15760,34896,15632
>a 65520,15840,34912,15472
>a 65520,15728,34896,15520
>a 65520,15744,34912,15520
>a 65520,15728,35040,15488
>a 65520,15760,34944,15504
>a 65520,15840,34976,15488
>a 65520,15744,34944,15600
>a 65520,15680,34976,15520
>a 65520,15776,34976,15536
>a 65520,15712,34928,15536
>a 65520,15728,34960,15536
>a 65520,15760,34944,15536
>a 65520,15744,34944,15456
>a 65520,15760,34960,15504
>a 65520,15728,34976,15488
>a 65520,15760,35056,15488
>a 65520,15776,34912,15504
>a 65520,15760,34992,15536
>a 65520,15664,34896,15520
>a 65520,15728,34960,15552
>a 65520,15824,35088,15536
>a 65520,15856,35072,15504
>a 65520,15760,34928,15568
>a 65520,15792,34928,15392
>a 65520,15760,34992,15520
>a 65520,15776,34992,15536
>a 65520,15728,34992,15616
>a 65520,15840,34944,15616
>a 65520,15728,35008,15520
>a 65520,15760,34976,15616
>a 65520,15664,34976,15504
>a 65520,15760,34864,15520
>a 65520,15680,35072,15520
>a 65520,15792,34992,15536
>a 65520,15648,35008,15504
>a 65520,15744,34960,15520
>a 65520,15728,35056,15488
>a 65520,15776,35024,15632
>a 65520,15728,35024,15632
>a 65520,15728,34960,15536
>p 6,90
>a 65520,15744,34928,15520
>p 6,0
>a 65520,15776,35136,15520
>a 65520,15792,35168,15536
>a 65520,15856,35184,15552
>a 65520,15728,35232,15472
>a 65520,15760,35168,15472
>a 65520,15696,35216,15520
>a 65520,15696,35136,15584
>a 65520,15760,35152,15536
>a 65520,15744,35104,15440
>a 65520,15728,35120,15504
>p 6,90
>a 65520,15696,38560,15552
>p 6,0
>a 65520,15744,35536,15536
>a 65520,15728,35536,15536
>a 65520,15744,35536,15616
>a 65520,15744,35600,15536
>a 65520,15840,35456,15568
>a 65520,15728,35408,15536
>a 65520,15760,35472,15520
>a 65520,15792,35488,15536
>a 65520,15712,35440,15632
>a 65520,15840,35472,15536
>a 65520,15760,35472,15568
>a 65520,15744,35424,15552
>a 65520,15760,35440,15520
>a 65520,15728,35440,15520
>a 65520,15712,35472,15552
>a 65520,15744,35488,15536
>a 65520,15792,35456,15568
>a 65520,15728,35440,15552
>a 65520,15744,35440,15520
>a 65520,15680,35536,15520
>a 65520,15744,35472,15536
>a 65520,15728,35424,15536
>a 65520,15808,35408,15536
>a 65520,15696,35456,15504
>a 65520,15728,35440,15520
>a 65520,15760,35440,15472
>a 65520,15712,35488,15568
>a 65520,15712,35424,15568
>a 65520,15744,35472,15520
>a 65520,15744,35504,15520
>a 65520,15648,35440,15536
>a 65520,15776,35408,15728
>a 65520,15776,35552,15552
>a 65520,15744,35424,15712
>a 65520,15760,35456,15552
>a 65520,15744,35440,15424
>a 65520,15696,35488,15536
>a 65520,15824,35456,15552
>a 65520,15600,35392,15520
>a 65520,15728,35488,15552
>a 65520,15760,35424,15632
>a 65520,15744,35456,15520
>a 65520,15760,35536,15488
>a 65520,15744,35424,15520
>a 65520,15712,35440,15520
>a 65520,15856,35600,15568
>p 5,0
>a 65520,15888,33968,15520
>p 5,90
>a 65520,15744,35056,15600
>a 65520,15760,35056,15504
>a 65520,15728,35040,15536
>a 65520,15904,35040,15568
>a 65520,15728,35040,15616
>a 65520,15744,34928,15504
>p 5,0
>a 65520,15776,33504,15536
>p 5,90
>a 65520,15696,34640,15536
>a 65520,15824,34656,15520
>a 65520,15792,34592,15520
>a 65520,15808,34720,15504
>a 65520,15728,34656,15552
>a 65520,15712,34656,15520
>a 65520,15712,34688,15552
>a 65520,15728,34672,15440
>a 65520,15728,34768,15504
>a 65520,15776,34704,15552
>a 65520,15760,34640,15504
>a 65520,15872,34736,15536
>a 65520,15776,34704,15536
>a 65520,15728,34720,15536
>a 65520,15728,34688,15584
>a 65520,15680,34704,15440
>a 65520,15872,34672,15520
>a 65520,15744,34720,15360
>a 65520,15760,34656,15552
>a 65520,15728,34704,15536
>a 65520,15744,34704,15632
>a 65520,15744,34656,15536
>