
>
>
>
>
>
>?t
>u>u(bank)  Uc,Uc/2,20,-5 ... 201V,101V,20.0V,-4.8V
>s>s(immer) n // t1,t2,tp ... 166ns,166ns,40us
>d>d(elay)  T,PW          ... 100us,0.02
>p>p(ulse)  T,PW          ... 100us,14
>b>b(urst)  N,len,per     ... 1,1000us,1000ms
>f>f(an)    Tl,Th,min,max ... 30?,40?,20%,95%
>t
0,0,0
100,0,0
100,0,0
900,0,0
900,2,2
910,2,2
915,2,2
>
>s1
>p 175,400
>t
0,0,12
100,0,12
100,0,143
110,0,143
110,0,201
120,0,201
120,0,223
130,0,223
130,0,230
140,0,230
140,0,228
150,0,228
150,0,223
160,0,223
160,0,216
170,0,216
170,0,209
180,0,209
180,0,202
190,0,202
190,0,197
200,0,197
200,0,192
210,0,192
210,0,188
220,0,188
220,0,185
230,0,185
230,0,181
240,0,181
240,0,179
250,0,179
250,0,177
260,0,177
260,0,176
270,0,176
270,0,174
280,0,174
280,0,172
290,0,172
290,0,171
300,0,171
300,0,172
310,0,172
310,0,170
320,0,170
320,0,170
330,0,170
330,0,169
340,0,169
340,0,169
350,0,169
350,0,308
450,0,308
450,0,12
490,0,12
490,0,12
1340,0,12
1340,10,10
1350,10,10
1355,10,10
>
>
>s2
>t
0,0,12
100,0,12
100,0,143
110,0,143
110,0,201
120,0,201
120,0,223
130,0,223
130,0,230
140,0,230
140,0,228
150,0,228
150,0,223
160,0,223
160,0,216
170,0,216
170,0,209
180,0,209
180,0,202
190,0,202
190,0,197
200,0,197
200,0,192
210,0,192
210,0,188
220,0,188
220,0,185
230,0,185
230,0,181
240,0,181
240,0,179
250,0,179
250,0,177
260,0,177
260,0,176
270,0,176
270,0,174
280,0,174
280,0,172
290,0,172
290,0,171
300,0,171
300,0,172
310,0,172
310,0,170
320,0,170
320,0,170
330,0,170
330,0,169
340,0,169
340,0,169
350,0,169
350,0,308
450,0,308
450,0,12
490,0,12
490,0,12
1340,0,12
1340,10,10
1350,10,10
1355,10,10
>
>t
0,0,12
100,0,12
100,0,143
110,0,143
110,0,201
120,0,201
120,0,223
130,0,223
130,0,230
140,0,230
140,0,228
150,0,228
150,0,223
160,0,223
160,0,216
170,0,216
170,0,209
180,0,209
180,0,202
190,0,202
190,0,197
200,0,197
200,0,192
210,0,192
210,0,188
220,0,188
220,0,185
230,0,185
230,0,181
240,0,181
240,0,179
250,0,179
250,0,177
260,0,177
260,0,176
270,0,176
270,0,174
280,0,174
280,0,172
290,0,172
290,0,171
300,0,171
300,0,172
310,0,172
310,0,170
320,0,170
320,0,170
330,0,170
330,0,169
340,0,169
340,0,169
350,0,169
350,0,308
450,0,308
450,0,12
490,0,12
490,0,12
1340,0,12
1340,10,10
1350,10,10
1355,10,10
>
>t
0,0,12
100,0,12
100,0,143
110,0,143
110,0,201
120,0,201
120,0,223
130,0,223
130,0,230
140,0,230
140,0,228
150,0,228
150,0,223
160,0,223
160,0,216
170,0,216
170,0,209
180,0,209
180,0,202
190,0,202
190,0,197
200,0,197
200,0,192
210,0,192
210,0,188
220,0,188
220,0,185
230,0,185
230,0,181
240,0,181
240,0,179
250,0,179
250,0,177
260,0,177
260,0,176
270,0,176
270,0,174
280,0,174
280,0,172
290,0,172
290,0,171
300,0,171
300,0,172
310,0,172
310,0,170
320,0,170
320,0,170
330,0,170
330,0,169
340,0,169
340,0,169
350,0,169
350,0,308
450,0,308
450,0,12
490,0,12
490,0,12
1340,0,12
1340,10,10
1350,10,10
1355,10,10
>
>t
0,0,12
100,0,12
100,0,143
110,0,143
110,0,201
120,0,201
120,0,223
130,0,223
130,0,230
140,0,230
140,0,228
150,0,228
150,0,223
160,0,223
160,0,216
170,0,216
170,0,209
180,0,209
180,0,202
190,0,202
190,0,197
200,0,197
200,0,192
210,0,192
210,0,188
220,0,188
220,0,185
230,0,185
230,0,181
240,0,181
240,0,179
250,0,179
250,0,177
260,0,177
260,0,176
270,0,176
270,0,174
280,0,174
280,0,172
290,0,172
290,0,171
300,0,171
300,0,172
310,0,172
310,0,170
320,0,170
320,0,170
330,0,170
330,0,169
340,0,169
340,0,169
350,0,169
350,0,308
450,0,308
450,0,12
490,0,12
490,0,12
1340,0,12
1340,10,10
1350,10,10
1355,10,10
>
>t
0,0,12
100,0,12
100,0,143
110,0,143
110,0,201
120,0,201
120,0,223
130,0,223
130,0,230
140,0,230
140,0,228
150,0,228
150,0,223
160,0,223
160,0,216
170,0,216
170,0,209
180,0,209
180,0,202
190,0,202
190,0,197
200,0,197
200,0,192
210,0,192
210,0,188
220,0,188
220,0,185
230,0,185
230,0,181
240,0,181
240,0,179
250,0,179
250,0,177
260,0,177
260,0,176
270,0,176
270,0,174
280,0,174
280,0,172
290,0,172
290,0,171
300,0,171
300,0,172
310,0,172
310,0,170
320,0,170
320,0,170
330,0,170
330,0,169
340,0,169
340,0,169
350,0,169
350,0,308
450,0,308
450,0,12
490,0,12
490,0,12
1340,0,12
1340,10,10
1350,10,10
1355,10,10
>
>b 5
>t
0,0,12
100,0,12
100,0,143
110,0,143
110,0,201
120,0,201
120,0,223
130,0,223
130,0,230
140,0,230
140,0,228
150,0,228
150,0,223
160,0,223
160,0,216
170,0,216
170,0,209
180,0,209
180,0,202
190,0,202
190,0,197
200,0,197
200,0,192
210,0,192
210,0,188
220,0,188
220,0,185
230,0,185
230,0,181
240,0,181
240,0,179
250,0,179
250,0,177
260,0,177
260,0,176
270,0,176
270,0,174
280,0,174
280,0,172
290,0,172
290,0,171
300,0,171
300,0,172
310,0,172
310,0,170
320,0,170
320,0,170
330,0,170
330,0,169
340,0,169
340,0,169
350,0,169
350,0,346
450,0,346
450,0,12
500,0,12
500,0,346
600,0,346
600,0,12
650,0,12
650,0,346
750,0,346
750,0,12
800,0,12
800,0,346
900,0,346
900,0,12
950,0,12
950,0,346
1050,0,346
1050,0,12
1100,0,12
1100,0,12
1340,0,12
1340,10,10
1350,10,10
1355,10,10
>
>p 50,400,1
>t
0,0,12
100,0,12
100,0,354
150,0,354
150,0,12
250,0,12
250,0,354
300,0,354
300,0,12
400,0,12
400,0,354
450,0,354
450,0,12
550,0,12
550,0,354
600,0,354
600,0,12
700,0,12
700,0,354
750,0,354
750,0,12
850,0,12
850,0,12
1100,0,12
1100,10,10
1110,10,10
1115,10,10
>
>p 50
>t
0,0,12
100,0,12
100,0,132
110,0,132
110,0,186
120,0,186
120,0,207
130,0,207
130,0,213
140,0,213
140,0,211
150,0,211
150,0,206
160,0,206
160,0,199
170,0,199
170,0,193
180,0,193
180,0,187
190,0,187
190,0,182
200,0,182
200,0,178
210,0,178
210,0,173
220,0,173
220,0,171
230,0,171
230,0,169
240,0,169
240,0,166
250,0,166
250,0,164
260,0,164
260,0,163
270,0,163
270,0,161
280,0,161
280,0,160
290,0,160
290,0,159
300,0,159
300,0,158
310,0,158
310,0,158
320,0,158
320,0,157
330,0,157
330,0,156
340,0,156
340,0,156
350,0,156
350,0,331
400,0,331
400,0,12
440,0,12
440,0,331
490,0,331
490,0,12
530,0,12
530,0,331
580,0,331
580,0,12
620,0,12
620,0,331
670,0,331
670,0,12
710,0,12
710,0,331
760,0,331
760,0,12
800,0,12
800,0,12
1310,0,12
1310,10,10
1320,10,10
1325,10,10
>
>