
>v 1 Jul 11 2014, <C1459854>
>a 49952,15456,49648,15440
>a 49840,15408,49696,15440
>a 49872,15472,49760,15408
>a 49856,15408,49664,15392
>a 49760,15392,49648,15392
>a 49776,15376,49616,15408
>a 49856,15392,49616,15392
>a 49840,15392,49632,15392
>a 49840,15376,49520,15408
>a 49952,15472,49632,15520
>a 49888,15344,49632,15456
>a 49872,15472,49648,15440
>a 49856,15344,49632,15424
>a 49840,15392,49616,15440
>a 49936,15408,49584,15520
>a 49872,15424,49712,15456
>a 49872,15424,49632,15408
>a 49808,15408,49648,15408
>a 49840,15472,49584,15376
>a 49856,15392,49664,15424
>a 49808,15392,49664,15424
>a 49824,15424,49632,15456
>a 49904,15392,49616,15424
>a 49712,15392,49680,15456
>a 49856,15392,49664,15408
>a 49824,15408,49616,15408
>a 49840,15392,49632,15568
>a 49920,15408,49600,15440
>a 49808,15408,49632,15472
>a 49840,15424,49648,15440
>p 7,24
>p 7,24
>a 49840,15408,49552,15424
>a 49856,15408,49584,15424
>p 7,25
>a 49968,15392,49648,15424
>a 49856,15344,49648,15408
>a 49840,15376,49600,15440
>a 49888,15456,49632,15552
>a 49872,15424,49664,15280
>a 49872,15392,49616,15424
>a 49840,15376,49632,15392
>p 7,26
>p 7,27
>p 7,28
>p 7,29
>a 49888,15408,49648,15408
>p 7,30
>p 7,31
>p 7,32
>a 47024,22080,49456,15440
>a 47808,20528,49344,15440
>a 47408,21248,49312,15376
>a 47520,20992,49120,15456
>a 47264,20992,49008,15456
>a 47216,20912,48896,15440
>a 47024,20944,48864,15472
>a 46928,20848,48688,15440
>a 46896,20832,48624,15504
>a 46720,20944,48496,15456
>a 46640,21024,48368,15424
>a 46560,20816,48240,15376
>p 7,31
>p 7,30
>a 46880,19904,48240,15408
>p 7,29
>a 47216,19312,48080,15408
>a 47376,18800,48048,15424
>a 47136,18976,47952,15456
>a 47136,18928,47856,15408
>a 47056,18912,47776,15424
>p 7,28
>a 46928,18512,47728,15456
>a 47248,18288,47600,15376
>p 7,27
>a 47328,17616,47568,15392
>a 47184,17792,47520,15440
>a 47216,17664,47472,15408
>a 47024,17776,47408,15408
>a 47024,17744,47376,15424
>a 46896,17760,47312,15392
>a 46784,17744,47248,15424
>a 46672,17728,47152,15392
>a 46688,17744,47200,15392
>a 46624,17792,47024,15440
>a 46496,17664,46960,15568
>a 46448,17792,46944,15440
>a 46384,17696,46896,15440
>a 46304,17680,46832,15584
>a 46304,17648,46784,15440
>a 46160,17632,46704,15424
>a 46208,17632,46640,15424
>a 46192,17600,46592,15440
>a 46032,17584,46624,15424
>a 46112,17440,46512,15392
>a 46032,17648,46400,15424
>a 46000,17584,46352,15440
>a 46016,17632,46336,15392
>a 46032,17600,46256,15424
>a 45904,17616,46160,15408
>a 45920,17680,46192,15424
>p 7,28
>a 45440,18624,46064,15408
>p 7,29
>a 45104,19152,45920,15392
>p 7,30
>p 7,31
>p 7,32
>p 7,33
>a 44000,21552,45856,15392
>p 7,34
>p 7,35
>a 43648,22048,45680,15408
>a 42816,23072,45536,15392
>a 42704,23040,45504,15376
>a 42608,22944,45344,15408
>a 42400,23008,45200,15312
>a 42256,22928,45200,15408
>a 42096,22960,44896,15280
>a 41776,22992,44928,15424
>a 41872,22816,44720,15392
>a 41632,23008,44576,15408
>a 41520,22928,44448,15392
>a 41344,22896,44240,15408
>a 41216,22944,44256,15408
>a 41200,22848,44144,15408
>a 41056,22960,44000,15472
>a 40976,22784,43872,15408
>a 40960,22944,43808,15408
>a 40784,22832,43632,15360
>a 40736,22752,43600,15376
>a 40496,22848,43376,15408
>a 40480,22816,43328,15424
>a 40368,22896,43184,15408
>a 40080,22832,43040,15424
>a 40032,22832,42944,15360
>a 39984,22928,42800,15408
>a 39840,22896,42688,15392
>a 39776,23008,42608,15408
>a 39552,22960,42480,15392
>a 39424,22960,42352,15408
>a 39264,22992,42224,15392
>a 39088,23040,42160,15440
>a 39024,23168,42064,15424
>a 38832,22960,41920,15456
>a 38672,23008,41904,15312
>a 38512,22928,41712,15392
>a 38384,22960,41568,15408
>a 38272,22928,41488,15344
>a 38128,22944,41376,15392
>a 38048,22992,41248,15376
>a 37968,22880,41232,15392
>a 37808,22880,41072,15392
>a 37680,22880,40960,15344
>a 37648,22896,40816,15328
>a 37408,22880,40704,15328
>a 37552,22864,40592,15392
>a 37296,22896,40496,15408
>a 37200,22864,40400,15440
>a 37024,22864,40288,15344
>a 37040,22896,40176,15392
>a 36896,22896,40064,15376
>a 36784,22944,39952,15344
>a 36688,22864,39824,15312
>a 36528,22896,39696,15360
>a 36416,22912,39616,15392
>a 36416,23056,39600,15328
>a 36192,23008,39424,15344
>a 36144,22944,39296,15376
>a 36096,22960,39216,15376
>a 35696,22976,39056,15328
>a 35504,23104,39024,15344
>a 35440,22976,38864,15344
>a 35056,23008,38768,15408
>a 35168,23072,38752,15472
>p 7,36
>p 7,37
>p 7,38
>p 7,39
>p 7,40
>a 33568,26080,38448,15216
>p 7,41
>p 7,43
>p 7,44
>a 31888,27968,38304,15376
>p 7,45
>p 7,46
>p 7,47
>a 30512,29280,38112,15376
>p 7,48
>a 30112,29104,37936,15392
>p 7,49
>p 7,50
>p 7,51
>p 7,52
>a 29728,29072,37808,15328
>p 7,53
>p 7,54
>a 29600,28832,37616,15360
>p 7,55
>p 7,56
>p 7,57
>a 29344,28768,37408,15456
>p 7,58
>p 7,59
>p 7,60
>p 7,61
>p 7,62
>a 29056,28496,37232,15344
>p 7,63
>p 7,64
>p 7,65
>p 7,66
>p 7,67
>a 29040,28272,37088,15312
>p 7,68
>p 7,69
>p 7,70
>p 7,71
>a 28912,28272,36976,15376
>p 7,72
>p 7,73
>p 7,74
>p 7,75
>p 7,76
>a 28784,28240,36768,15376
>a 28736,27936,36592,15376
>a 28592,27888,36464,15312
>a 28592,27792,36256,15344
>a 28384,27760,36176,15344
>a 28288,27568,36016,15408
>p 7,75
>p 7,74
>p 7,73
>a 28176,27488,35856,15328
>p 7,72
>p 7,71
>p 7,70
>p 7,69
>p 7,68
>p 7,67
>p 7,66
>p 7,65
>p 7,64
>a 28144,27312,35744,15344
>p 7,63
>p 7,62
>p 7,61
>p 7,59
>p 7,58
>p 7,57
>p 7,56
>p 7,55
>a 27936,27248,35488,15408
>p 7,54
>p 7,53
>p 7,52
>p 7,51
>p 7,50
>p 7,49
>p 7,48
>a 27632,27088,35264,15440
>p 7,47
>p 7,46
>p 7,45
>p 7,44
>p 7,43
>p 7,42
>p 7,41
>p 7,40
>a 27664,27104,35120,15216
>p 7,39
>p 7,38
>p 7,37
>p 7,36
>a 27648,26880,35024,15376
>p 7,35
>p 7,34
>a 27616,26720,34912,15312
>p 7,33
>p 7,32
>p 7,31
>p 7,30
>a 28896,23984,34864,15312
>p 7,29
>p 7,28
>a 33424,17312,34928,15328
>p 7,27
>a 34736,15984,34976,15328
>a 33904,18144,34976,15328
>a 34144,17584,34944,15344
>p 7,28
>a 34080,18208,34912,15328
>p 7,29
>a 33488,18848,34784,15328
>a 33296,18976,34768,15312
>p 7,30
>a 32736,19936,34832,15328
>a 32928,19472,34608,15456
>a 32688,19632,34576,15344
>p 7,31
>p 7,33
>p 7,34
>a 32000,21056,34480,15376
>p 7,35
>a 30416,23232,34320,15328
>a 30400,22832,34176,15280
>a 30112,22960,34128,15296
>a 30176,22848,34048,15344
>a 30000,22864,33856,15520
>a 29856,22832,33744,15328
>a 29728,22912,33696,15312
>a 29536,22976,33568,15328
>a 29552,22960,33472,15344
>a 29376,22992,33312,15328
>a 29200,22912,33248,15328
>a 29040,22976,33168,15216
>a 28880,23008,33024,15328
>a 28752,22928,32944,15408
>a 28624,22944,32832,15312
>a 28528,22960,32736,15344
>a 28448,23056,32608,15312
>a 28304,22944,32416,15312
>a 28208,22960,32464,15392
>a 28304,23056,32288,15344
>a 28768,23008,32240,15248
>a 29568,23088,32224,15408
>a 30672,23024,32192,15344
>a 31072,23024,32160,15344
>a 31392,22992,32240,15344
>a 31456,22848,32208,15344
>a 31392,22864,32096,15312
>a 31344,22896,31952,15296
>a 31424,22768,32064,15440
>a 31472,22880,32016,15328
>a 31248,22880,31984,15328
>a 31344,22896,31888,15328
>a 31312,22896,31920,15248
>a 31216,22928,31840,15328
>a 31216,22768,31792,15360
>a 31136,22928,31936,15312
>a 31184,23040,31824,15216
>a 31024,22912,31712,15328
>a 30960,23024,31664,15312
>a 31008,22864,31632,15328
>a 30784,22960,31584,15312
>a 30768,23008,31632,15344
>a 30768,22960,31488,15328
>a 30688,23008,31472,15344
>a 30640,23072,31520,15408
>a 30544,22880,31360,15344
>a 30432,22928,31280,15312
>a 30384,22928,31392,15312
>a 30368,22928,31264,15296
>a 30336,22992,31216,15344
>a 30288,22944,31088,15296
>a 30240,22928,31104,15344
>a 30128,22864,31008,15328
>a 30160,22960,30976,15312
>a 30240,22880,31024,15392
>a 30128,22880,30944,15296
>a 30064,22816,30768,15216
>a 30048,22832,30832,15280
>a 29968,22832,30768,15344
>a 29952,22864,30736,15392
>a 29872,22896,30704,15232
>a 29840,22784,30576,15328
>a 29808,22928,30576,15344
>a 29616,22864,30528,15280
>a 29680,22832,30480,15312
>