
>
>v 1 Jul 11 2014, <C1459854>
>a 25840,15216,25504,15280
>a 25824,15344,25568,15280
>a 25792,15232,25584,15280
>a 25808,15216,25584,15344
>a 25824,15264,25696,15264
>a 25824,15264,25568,15360
>a 25808,15232,25696,15248
>a 25904,15248,25584,15280
>a 25824,15216,25696,15344
>a 25824,15232,25520,15280
>a 25824,15248,25584,15280
>a 25824,15232,25568,15264
>a 25824,15408,25616,15328
>a 25824,15280,25568,15344
>a 25840,15216,25600,15280
>a 25824,15200,25520,15264
>a 25952,15216,25600,15264
>a 25856,15280,25616,15312
>p 7,2
>p 7,25
>p 7,2
>p 7,2
>p 7,2
>p 7,3
>p 7,3
>p 7,3
>p 7,3
>p 7,4
>p 7,4
>a 25824,15344,25568,15248
>p 7,4
>p 7,5
>p 7,5
>p 7,5
>p 7,6
>p 7,6
>p 7,6
>p 7,6
>p 7,7
>p 7,7
>p 7,7
>p 7,7
>p 7,7
>a 25920,15280,25632,15312
>p 7,7
>p 7,8
>p 7,8
>p 7,8
>p 7,8
>p 7,8
>a 25904,15232,25568,15280
>p 7,8
>p 7,9
>p 7,9
>p 7,9
>p 7,9
>p 7,9
>p 7,10
>p 7,10
>p 7,10
>p 7,10
>p 7,10
>p 7,10
>a 25968,15200,25696,15312
>p 7,10
>p 7,11
>p 7,11
>a 25952,15264,25488,15248
>a 25776,15232,25584,15344
>a 25824,15216,25584,15264
>a 25936,15216,25424,15264
>p 7,11
>p 7,11
>p 7,11
>p 7,12
>p 7,12
>p 7,12
>p 7,12
>a 25840,15264,25584,15280
>p 7,13
>p 7,13
>p 7,14
>p 7,14
>p 7,15
>p 7,15
>p 7,16
>p 7,16
>p 7,17
>p 7,17
>p 7,18
>p 7,18
>p 7,19
>a 25904,15248,25600,15280
>p 7,19
>p 7,20
>p 7,20
>p 7,20
>p 7,21
>p 7,21
>p 7,21
>p 7,21
>p 7,21
>p 7,21
>p 7,22
>a 25856,15280,25696,15312
>a 25824,15264,25696,15280
>a 25776,15248,25680,15344
>a 25792,15312,25584,15280
>a 25776,15248,25600,15280
>a 25808,15248,25680,15280
>p 7,22
>p 7,22
>p 7,22
>a 25904,15216,25584,15216
>p 7,23
>p 7,23
>p 7,23
>p 7,24
>p 7,24
>p 7,25
>p 7,26
>p 7,27
>p 7,27
>p 7,28
>p 7,29
>p 7,30
>p 7,31
>a 25808,15248,25680,15264
>p 7,32
>p 7,33
>p 7,34
>p 7,35
>p 7,35
>p 7,36
>p 7,37
>p 7,38
>p 7,39
>p 7,40
>p 7,41
>p 7,42
>p 7,43
>p 7,44
>a 22176,21648,25312,15280
>p 7,45
>p 7,46
>p 7,47
>p 7,47
>p 7,49
>p 7,50
>p 7,50
>p 7,51
>p 7,52
>p 7,53
>p 7,53
>p 7,54
>p 7,55
>p 7,56
>a 21488,20992,25120,15376
>p 7,56
>p 7,57
>p 7,57
>p 7,58
>p 7,59
>p 7,59
>p 7,60
>p 7,60
>p 7,61
>p 7,61
>p 7,61
>p 7,62
>p 7,62
>a 21232,20816,24864,15296
>p 7,62
>p 7,63
>p 7,63
>p 7,63
>p 7,64
>p 7,64
>p 7,64
>p 7,64
>a 21120,20576,24864,15232
>a 21168,20592,24736,15296
>a 21072,20688,24688,15280
>a 21088,20608,24688,15280
>a 21088,20544,24656,15280
>a 21040,20560,24720,15264
>a 20992,20496,24592,15200
>a 20960,20400,24464,15328
>a 20832,20384,24368,15264
>a 20800,20272,24304,15232
>p 7,64
>a 20784,20256,24176,15280
>p 7,63
>p 7,63
>p 7,62
>p 7,62
>p 7,61
>p 7,61
>a 20688,20176,24096,15232
>p 7,60
>p 7,60
>p 7,59
>p 7,59
>p 7,58
>p 7,58
>p 7,57
>a 20656,20128,23936,15280
>p 7,57
>p 7,56
>p 7,56
>p 7,55
>p 7,55
>p 7,54
>a 20704,20112,23904,15280
>p 7,54
>p 7,53
>p 7,53
>p 7,52
>p 7,52
>p 7,51
>a 20528,20032,23808,15280
>p 7,51
>a 20416,20000,23696,15248
>a 20368,19904,23648,15280
>a 20336,20000,23504,15264
>a 20208,19824,23376,15264
>a 20240,19856,23376,15232
>a 20192,19824,23216,15216
>a 20128,19680,23168,15216
>a 20080,19632,23072,15264
>p 7,50
>p 7,50
>p 7,50
>p 7,49
>p 7,49
>p 7,48
>p 7,48
>p 7,47
>p 7,46
>p 7,46
>p 7,45
>p 7,44
>p 7,43
>a 20032,19552,22928,15264
>p 7,42
>p 7,42
>p 7,41
>p 7,40
>p 7,39
>p 7,38
>p 7,37
>p 7,37
>p 7,36
>p 7,36
>p 7,35
>p 7,35
>p 7,35
>p 7,35
>a 19952,19456,22688,15264
>p 7,35
>p 7,35
>a 19872,19440,22672,15264
>a 19872,19424,22784,15216
>a 19872,19360,22656,15376
>a 19760,19312,22560,15120
>a 19760,19312,22448,15264
>a 19664,19264,22368,15280
>a 19728,19248,22304,15264
>a 19632,19200,22288,15280
>a 19600,19152,22192,15264
>a 19552,19136,22128,15344
>a 19488,19072,21952,15248
>a 19472,19104,22048,15280
>a 19424,19072,22000,15264
>a 19376,18944,21824,15216
>a 19296,19072,21760,15216
>a 19264,18800,21648,15184
>a 19248,18832,21440,15248
>a 19248,18832,21568,15216
>a 19200,18768,21488,15344
>a 19152,18816,21472,15280
>a 19136,18736,21328,15264
>a 19072,18672,21328,15248
>a 19152,18592,21120,15248
>a 19024,18624,21136,15248
>a 19008,18544,21104,15328
>a 18960,18560,21056,15264
>a 18880,18480,20960,15264
>a 18912,18480,20912,15216
>a 18864,18432,20880,15264
>a 18816,18448,20816,15264
>a 18800,18384,20768,15216
>a 18784,18208,20688,15232
>a 18720,18352,20640,15280
>a 18624,18384,20672,15248
>a 18704,18256,20640,15232
>a 18656,18208,20480,15248
>a 18608,18208,20400,15232
>a 18640,18288,20304,15280
>a 18352,18144,20256,15232
>a 18464,18128,20240,15120
>a 18480,18016,20112,15248
>a 18448,18016,20128,15264
>a 18448,18096,20080,15392
>a 18384,17984,20016,15248
>a 18352,17936,19968,15232
>a 18384,17984,19952,15344
>a 18336,17968,19904,15216
>a 18272,17888,19824,15312
>a 18304,17920,19792,15248
>a 18256,17888,19824,15232
>a 18240,17840,19680,15328
>a 18256,17808,19712,15232
>a 18192,17824,19616,15264
>a 18064,17712,19488,15280
>a 18128,17744,19520,15232
>a 18096,17712,19440,15248
>a 18080,17680,19376,15264
>a 18048,17664,19360,15248
>p 7,34
>p 7,34
>p 7,34
>p 7,33
>p 7,33
>p 7,33
>p 7,32
>p 7,31
>p 7,30
>p 7,29
>p 7,29
>p 7,28
>a 18016,17632,19264,15232
>p 7,27
>p 7,26
>p 7,26
>p 7,25
>p 7,24
>p 7,24
>p 7,23
>p 7,22
>p 7,21
>p 7,20
>p 7,20
>p 7,19
>p 7,19
>p 7,19
>a 17952,17328,19120,15184
>p 7,18
>p 7,18
>p 7,18
>p 7,18
>p 7,18
>a 19360,15344,19312,15248
>a 19408,15312,19248,15328
>a 19440,15152,19248,15200
>a 19504,15200,19312,15200
>a 19520,15184,19360,15248
>a 19536,15184,19280,15264
>a 19584,15152,19328,15200
>p 7,18
>p 7,18
>p 7,18
>p 7,18
>p 7,18
>p 7,18
>p 7,19
>p 7,19
>p 7,19
>p 7,19
>a 19600,15216,19344,15232
>p 7,19
>p 7,19
>p 7,20
>p 7,20
>p 7,20
>p 7,20
>a 19648,15216,19408,15168
>a 19600,15104,19312,15216
>a 19664,15216,19376,15264
>a 19680,15200,19408,15168
>a 19728,15232,19472,15328
>a 19696,15152,19472,15296
>a 19728,15136,19472,15200
>a 19728,15200,19712,15248
>a 19744,15216,19616,15296
>a 19712,15168,19568,15248
>a 19792,15408,19552,15216
>a 19920,15264,19568,15216
>a 19872,15152,19488,15232
>a 19824,15216,19648,15312
>a 19856,15200,19600,15216
>a 19824,15184,19632,15200
>a 19696,15216,19632,15264
>a 19856,15248,19600,15104
>a 19856,15216,19616,15232
>p 7,20
>p 7,20
>p 7,20
>p 7,21
>p 7,21
>a 19856,15216,19728,15264
>p 7,21
>p 7,21
>a 19888,15200,19632,15280
>a 19936,15216,19680,15216
>a 19872,15216,19728,15248
>a 20032,15248,19776,15200
>a 19920,15104,19632,15232
>a 19888,15296,19856,15200
>a 19968,15248,19824,15200
>a 19888,15168,19728,15232
>a 20000,15248,19728,15104
>a 19936,15216,19760,15248
>p 7,21
>p 7,21
>p 7,22
>p 7,22
>p 7,23
>p 7,23
>p 7,23
>p 7,23
>p 7,23
>p 7,24
>a 19984,15200,19760,15216
>a 20144,15232,19728,15248
>a 20096,15200,19776,15216
>a 20032,15232,19792,15344
>a 20032,15248,19728,15248
>a 20048,15424,19792,15232
>a 20064,15216,19792,15248
>a 20032,15184,19904,15280
>a 20064,15184,19904,15248
>a 20080,15232,19808,15216
>a 20048,15264,19824,15264
>a 20064,15280,19760,15136
>a 20112,15216,19856,15200
>a 20080,15280,19808,15232
>a 20112,15232,19920,15248
>a 20112,15216,19936,15232
>a 20016,15216,19888,15216
>a 20192,15216,19904,15200
>a 20080,15216,19872,15232
>a 20112,15200,19888,15344
>a 20112,15184,19840,15136
>a 20224,15216,19888,15248
>a 20208,15200,19904,15216
>p 7,24
>p 7,24
>p 7,24
>a 20224,15216,19904,15264
>p 7,24
>p 7,25
>p 7,25
>p 7,26
>p 7,27
>p 7,27
>p 7,27
>p 7,28
>p 7,28
>p 7,28
>p 7,28
>a 18816,17872,19808,15232
>a 18736,17936,19760,15232
>a 18512,17904,19856,15264
>a 18288,17840,19632,15168
>a 18208,17840,19568,15264
>a 18160,17776,19600,15312
>p 7,28
>p 7,28
>p 7,28
>p 7,27
>p 7,27
>a 18224,17744,19440,15088
>p 7,27
>p 7,27
>p 7,27
>p 7,27
>p 7,26
>p 7,26
>a 18128,17664,19376,15248
>a 18064,17664,19328,15248
>a 18048,17616,19248,15200
>p 7,26
>p 7,26
>p 7,26
>p 7,26
>p 7,25
>p 7,25
>a 18064,17504,19216,15248
>a 18112,17344,19104,15232
>a 18608,16432,19152,15248
>p 7,25
>p 7,25
>p 7,25
>a 18752,16336,19056,15232
>a 18720,16400,19056,15264
>a 18752,16464,19008,15216
>a 18768,16448,19104,15280
>p 7,25
>p 7,24
>p 7,24
>a 18848,16272,18992,15216
>p 7,24
>p 7,23
>p 7,23
>p 7,23
>p 7,22
>p 7,22
>p 7,22
>p 7,21
>p 7,21
>p 7,21
>p 7,20
>p 7,20
>p 7,20
>a 19280,15216,19040,15440
>p 7,19
>p 7,19
>p 7,19
>p 7,19
>p 7,19
>p 7,18
>p 7,18
>p 7,18
>p 7,18
>p 7,18
>a 19264,15216,19056,15264
>p 7,17
>a 19296,15168,18976,15264
>p 7,17
>p 7,17
>p 7,17
>p 7,17
>p 7,17
>p 7,16
>p 7,16
>p 7,16
>p 7,16
>p 7,15
>a 19232,15136,19040,15216
>p 7,15
>p 7,15
>p 7,15
>p 7,14
>p 7,14
>p 7,14
>p 7,14
>p 7,14
>p 7,13
>a 19312,15200,19056,15312
>p 7,14
>p 7,14
>a 19280,15184,19088,15200
>a 19296,15216,19072,15216
>a 19424,15200,19088,15232
>a 19312,15200,19056,15328
>a 19424,15168,19104,15232
>a 19360,15136,19184,15184
>a 19344,15280,19200,15312
>a 19376,15296,19120,15216
>a 19488,15232,19152,15344
>a 19408,15200,19136,15248
>a 19360,15008,19152,15216
>a 19488,15216,19136,15440
>a 19408,15152,19072,15200
>a 19456,15264,19136,15168
>a 19424,15184,19200,15312
>a 19408,15200,19184,15216
>a 19456,15200,19168,15264
>a 19440,15216,19184,15248
>a 19440,15216,19216,15216
>a 19456,15216,19248,15264
>a 19408,15200,19328,15312
>a 19488,15152,19232,15216
>a 19488,15216,19232,15216
>a 19440,15216,19216,15232
>a 19504,15216,19264,15200
>a 19568,15168,19248,15216
>a 19360,15200,19168,15216
>a 19536,15184,19248,15200
>a 19536,15200,19232,15248
>a 19504,15216,19296,15216
>a 19552,15168,19248,15152
>a 19760,15312,19296,15312
>a 19664,15200,19440,15216
>a 19808,15168,19296,15232
>a 19968,15216,19376,15232
>a 20304,15216,19488,15232
>a 20800,15200,19648,15216
>a 21296,15072,19696,15248
>a 21808,15200,19776,15248
>a 22320,15216,19920,15264
>a 22848,15216,20032,15232
>a 23120,15280,20192,15200
>a 23568,15248,20336,15264
>a 23920,15280,20464,15264
>a 24288,15264,20544,15216
>a 24688,15312,20736,15328
>a 25120,15280,20864,15248
>a 25360,15248,21040,15328
>a 25648,15232,21120,15216
>a 26032,15248,21392,15248
>a 26384,15248,21472,15328
>a 26800,15328,21568,15264
>a 27024,15280,21696,15264
>a 27344,15296,21904,15440
>a 27504,15232,22016,15248
>a 27904,15200,22112,15344
>a 28208,15280,22336,15344
>a 28512,15264,22496,15264
>a 28832,15232,22560,15248
>a 29104,15296,22672,15312
>a 29424,15280,23056,15248
>a 29632,15264,23152,15328
>a 29952,15280,23280,15248
>a 30240,15296,23456,15248
>a 30688,15312,23600,15264
>a 30784,15344,23728,15088
>a 31104,15280,23840,15280
>a 31392,15392,24096,15296
>a 31600,15344,24352,15216
>a 31872,15296,24400,15264
>a 32160,15312,24432,15248
>a 32400,15152,24720,15280
>a 32656,15408,25008,15216
>a 32928,15408,25120,15280
>a 33152,15296,25264,15344
>a 33424,15312,25360,15280
>a 33680,15280,25552,15280
>a 33952,15344,25808,15312
>a 34176,15296,26016,15392
>a 34368,15312,26224,15344
>a 34736,15296,26352,15312
>a 34896,15280,26608,15312
>a 35072,15312,26672,15280
>a 35344,15296,26848,15216
>a 35600,15328,27056,15376
>a 35824,15344,27232,15376
>a 36016,15408,27376,15312
>a 36272,15408,27504,15312
>a 36528,15280,27840,15312
>a 36864,15312,27952,15328
>a 36976,15296,28080,15312
>a 37216,15360,28432,15264
>a 37408,15440,28496,15312
>a 37664,15328,28720,15248
>a 37840,15440,28912,15312
>a 38048,15344,29168,15264
>a 38224,15440,29232,15296
>a 38416,15344,29520,15280
>a 38576,15328,29600,15312
>a 38768,15328,29840,15408
>a 38960,15344,30112,15376
>a 38960,15328,30208,15328
>a 39328,15312,30304,15248
>a 39408,15344,30560,15280
>a 39520,15408,30736,15296
>a 39712,15344,30944,15312
>a 39840,15344,31264,15344
>a 39984,15408,31328,15344
>a 40192,15344,31520,15328
>a 40272,15264,31712,15392
>a 40496,15296,31984,15344
>a 40560,15360,32096,15312
>a 40544,15328,32240,15328
>a 40800,15328,32432,15232
>a 41008,15296,32672,15344
>a 41152,15376,32752,15328
>a 41248,15344,33040,15328
>a 41376,15280,33168,15344
>a 41536,15344,33424,15376
>a 41600,15344,33584,15216
>a 41744,15312,33680,15344
>a 41888,15328,33968,15360
>a 42048,15376,34144,15392
>a 42112,15344,34320,15344
>a 42288,15328,34448,15344
>a 42416,15344,34688,15344
>a 42480,15440,34976,15344
>a 42608,15456,35040,15344
>a 42800,15344,35248,15344
>a 42864,15392,35424,15376
>a 42960,15360,35552,15312
>a 43104,15456,35696,15200
>a 43232,15344,35952,15344
>a 43328,15360,36112,15376
>a 43408,15360,36304,15344
>a 43536,15344,36480,15456
>a 43648,15392,36640,15376
>a 43744,15488,36736,15376
>a 43824,15344,37008,15344
>a 43952,15328,37184,15440
>a 44112,15392,37360,15344
>a 44256,15328,37616,15376
>a 44288,15328,37680,15440
>a 44400,15376,37840,15392
>a 44512,15392,38064,15472
>a 44592,15392,38256,15376
>a 44624,15344,38368,15328
>a 44768,15392,38576,15280
>a 44896,15376,38816,15472
>a 44832,15264,38912,15376
>a 44992,15392,39056,15440
>a 44944,15344,39184,15344
>a 45072,15344,39408,15360
>a 45136,15312,39408,15360
>a 45184,15344,39712,15344
>a 45136,15392,39840,15408
>a 45312,15472,40096,15264
>a 45392,15344,40160,15408
>a 45472,15552,40288,15392
>a 45536,15328,40432,15296
>a 45536,15344,40560,15344
>a 45664,15344,40704,15328
>a 45680,15392,40928,15488
>a 45920,15376,41104,15392
>a 45808,15472,41168,15344
>a 45904,15376,41360,15344
>a 45936,15392,41488,15408
>a 45984,15472,41648,15376
>a 46000,15248,41776,15472
>a 46112,15472,41936,15392
>a 46128,15360,42032,15344
>a 46240,15392,42176,15424
>a 46288,15408,42336,15408
>a 46320,15296,42464,15376
>a 46432,15408,42608,15392
>a 46448,15344,42784,15392
>a 46528,15408,42848,15440
>a 46576,15424,43024,15408
>a 46704,15408,43120,15504
>a 46544,15360,43216,15424
>a 46800,15392,43376,15408
>a 46784,15376,43488,15376
>a 46928,15408,43632,15392
>a 46912,15408,43824,15344
>a 46992,15376,43872,15456
>a 47056,15472,44000,15440
>a 47088,15392,44096,15472
>a 47152,15392,44208,15392
>a 47264,15344,44240,15392
>a 47264,15504,44432,15456
>a 47264,15376,44528,15392
>a 47424,15408,44736,15520
>a 47456,15504,44784,15312
>a 47440,15376,44912,15424
>a 47440,15376,45056,15408
>a 47632,15392,45104,15392
>a 47600,15392,45216,15408
>a 47584,15424,45312,15344
>a 47792,15392,45408,15408
>a 47856,15408,45488,15408
>a 47824,15408,45648,15440
>a 47888,15392,45680,15424
>a 47920,15424,45808,15392
>a 48032,15392,45920,15376
>a 48080,15344,45968,15376
>a 48112,15408,46096,15424
>a 48176,15296,46224,15488
>a 48176,15472,46288,15440
>a 48240,15360,46352,15504
>a 48320,15360,46496,15424
>a 48336,15392,46608,15520
>a 48432,15392,46672,15456
>a 48448,15376,46688,15520
>a 48560,15376,46800,15408
>a 48496,15472,46944,15440
>a 48592,15408,47024,15456
>a 48688,15504,47072,15424
>a 48672,15376,47152,15440
>a 48736,15408,47232,15520
>a 48912,15376,47296,15440
>a 48816,15392,47280,15392
>a 48896,15424,47488,15424
>a 48928,15408,47632,15440
>a 48944,15424,47632,15440
>a 48976,15392,47712,15424
>a 49024,15408,47744,15456
>a 48944,15408,47856,15424
>a 49072,15424,47904,15424
>a 49104,15488,47952,15424
>a 49136,15408,47984,15408
>a 49200,15408,48112,15408
>a 49248,15376,48192,15440
>a 49248,15392,48192,15440
>a 49232,15392,48304,15424
>a 49424,15392,48320,15440
>a 49376,15408,48352,15408
>a 49408,15424,48464,15456
>a 49424,15392,48544,15520
>a 49504,15392,48544,15520
>a 49488,15376,48608,15408
>a 49552,15408,48624,15472
>a 49568,15392,48752,15424
>a 49584,15488,48784,15456
>a 49568,15408,48832,15440
>a 49680,15408,48880,15488
>a 49776,15280,48928,15440
>a 49712,15408,49056,15504
>a 49760,15392,49040,15552
>a 49808,15232,49104,15456
>a 49776,15408,49120,15408
>a 49840,15424,49184,15408
>a 49856,15488,49248,15424
>a 49920,15328,49232,15424
>a 49936,15392,49296,15408
>a 49952,15472,49328,15376
>a 50032,15408,49488,15312
>a 49968,15408,49440,15376
>a 49840,15392,49392,15376
>a 49952,15392,49424,15488
>a 49824,15408,49472,15504
>a 49744,15552,49392,15456
>a 49712,15408,49488,15552
>a 49696,15392,49392,15440
>a 49696,15264,49456,15504
>a 49648,15408,49440,15536
>a 49664,15360,49424,15408
>a 49664,15344,49408,15344
>a 49616,15360,49376,15440
>a 49632,15424,49456,15328
>a 49632,15488,49376,15456
>a 49568,15600,49376,15392
>a 49584,15376,49408,15504
>a 49552,15392,49360,15408
>a 49568,15392,49344,15440
>a 49568,15392,49312,15440
>a 49584,15376,49392,15456
>a 49504,15344,49328,15424
>a 49584,15424,49312,15456
>a 49456,15424,49296,15440
>a 49520,15488,49296,15392
>a 49504,15392,49264,15408
>a 49520,15408,49264,15440
>a 49504,15360,49232,15424
>a 49488,15440,49264,15360
>a 49440,15392,49264,15344
>a 49472,15392,49248,15440
>a 49424,15360,49248,15392
>a 49424,15392,49200,15376
>a 49520,15392,49136,15440
>a 49376,15456,49184,15424
>a 49456,15408,49232,15520
>a 49408,15456,49264,15408
>a 49440,15312,49216,15392
>a 49456,15472,49200,15536
>a 49424,15488,49200,15520
>a 49440,15392,49168,15456
>a 49376,15328,49136,15456
>a 49408,15424,49184,15520
>a 49360,15200,49136,15440
>a 49360,15392,49200,15456
>a 49408,15392,49136,15440
>p 7,14
>p 7,14
>p 7,14
>p 7,14
>p 7,14
>p 7,15
>p 7,15
>p 7,15
>p 7,15
>a 49376,15344,49200,15408
>p 7,16
>p 7,16
>a 49440,15392,49184,15408
>a 49296,15328,49136,15456
>a 49376,15392,49136,15536
>a 49376,15392,49136,15456
>a 49360,15376,49216,15328
>a 49392,15456,49104,15424
>p 7,16
>p 7,16
>p 7,16
>p 7,16
>p 7,16
>p 7,17
>p 7,17
>p 7,17
>a 49360,15408,49040,15456
>p 7,17
>p 7,17
>a 49360,15408,49104,15456
>a 49280,15408,49120,15456
>a 49328,15504,49120,15584
>a 49360,15472,49120,15440
>a 49360,15344,49136,15536
>a 49360,15344,49088,15456
>a 49312,15392,49104,15440
>a 49312,15344,49072,15456
>p 7,17
>a 49328,15328,49072,15536
>p 7,18
>p 7,18
>p 7,18
>p 7,18
>p 7,18
>a 49328,15392,49040,15376
>a 49296,15376,49104,15424
>a 49296,15408,49072,15488
>a 49264,15408,49008,15456
>a 49296,15408,49104,15488
>a 49280,15376,49008,15424
>a 49264,15344,49072,15424
>p 7,18
>p 7,19
>p 7,19
>p 7,19
>p 7,19
>p 7,19
>a 49296,15312,49024,15424
>p 7,19
>a 49328,15408,49136,15344
>a 49248,15280,48976,15440
>a 49264,15392,49040,15440
>a 49232,15184,49040,15360
>a 49312,15408,49136,15392
>a 49296,15376,49040,15440
>p 7,20
>p 7,20
>p 7,20
>a 49280,15392,49056,15392
>p 7,20
>p 7,20
>p 7,20
>a 49264,15360,49088,15440
>a 49296,15408,49056,15392
>a 49232,15376,49072,15456
>a 49248,15392,49024,15472
>a 49216,15376,49056,15456
>a 49264,15376,48992,15408
>a 49264,15424,49056,15424
>a 49312,15392,49072,15456
>a 49200,15344,48976,15392
>p 7,20
>p 7,21
>p 7,21
>p 7,21
>p 7,21
>a 49264,15408,49008,15440
>p 7,21
>p 7,21
>p 7,22
>p 7,22
>p 7,22
>p 7,22
>p 7,22
>a 49264,15328,49024,15456
>a 49280,15408,48992,15472
>a 49232,15392,49008,15408
>a 49136,15424,49008,15456
>a 49264,15408,48992,15440
>a 49200,15280,49008,15472
>a 49200,15392,49008,15472
>a 49200,15472,48944,15472
>a 49264,15408,49008,15536
>a 49184,15344,49008,15376
>a 49200,15360,48976,15392
>a 49200,15328,49008,15424
>p 7,22
>p 7,23
>p 7,23
>p 7,23
>p 7,23
>p 7,24
>p 7,24
>p 7,24
>p 7,24
>p 7,25
>a 49136,15392,48944,15520
>p 7,25
>p 7,25
>a 49136,15360,48992,15568
>a 49184,15440,48976,15424
>a 49328,15472,48960,15328
>a 49200,15408,48960,15552
>a 49264,15456,48992,15440
>a 49312,15408,49008,15456
>p 7,25
>p 7,25
>p 7,26
>p 7,26
>p 7,26
>p 7,26
>p 7,27
>a 49264,15376,48912,15424
>p 7,27
>p 7,27
>p 7,28
>p 7,28
>p 7,28
>p 7,29
>p 7,29
>p 7,29
>p 7,29
>p 7,30
>p 7,30
>p 7,30
>a 47152,20768,48944,15456
>a 46896,21088,48752,15440
>a 47616,19632,48816,15408
>a 47312,19696,48640,15488
>a 47392,19648,48592,15440
>p 7,30
>a 47248,19712,48432,15520
>p 7,30
>p 7,29
>p 7,29
>p 7,29
>a 47536,19120,48400,15456
>p 7,29
>p 7,29
>p 7,29
>p 7,29
>a 47344,18960,48304,15440
>p 7,28
>p 7,28
>p 7,28
>a 47504,18448,48176,15456
>p 7,28
>p 7,28
>p 7,28
>a 47504,18208,48192,15456
>p 7,27
>p 7,27
>a 47840,17456,48112,15456
>a 47584,17584,48112,15344
>p 7,27
>p 7,27
>p 7,27
>a 47712,17600,48000,15456
>p 7,27
>a 47600,17584,48032,15408
>p 7,26
>p 7,26
>p 7,26
>p 7,26
>p 7,26
>a 47664,16912,47936,15344
>a 47744,16896,47808,15424
>a 47664,16960,47792,15440
>p 7,26
>p 7,25
>a 47632,17168,47760,15456
>p 7,25
>p 7,25
>a 47856,16352,47728,15440
>a 47824,16288,47696,15456
>p 7,25
>a 47760,16464,47632,15376
>p 7,25
>p 7,25
>a 47680,16432,47536,15504
>a 47664,16416,47536,15424
>a 47760,16352,47536,15344
>a 47584,16480,47456,15392
>a 47520,16384,47440,15392
>a 47440,16432,47408,15440
>a 47392,16432,47424,15424
>a 47392,16448,47504,15424
>p 7,25
>a 47264,16384,47200,15392
>p 7,24
>p 7,24
>a 47376,16064,47248,15424
>a 47376,15712,47152,15392
>a 47392,15664,47296,15376
>a 47408,15696,47264,15408
>a 47312,15712,47232,15424
>a 47248,15680,47264,15424
>a 47344,15664,47248,15376
>a 47280,15664,47232,15344
>a 47360,15696,47200,15392
>a 47344,15648,47200,15328
>p 7,24
>a 47280,15648,47184,15424
>a 47328,15680,47248,15504
>a 47376,15680,47168,15408
>a 47344,15648,47120,15408
>a 47312,15584,47136,15248
>a 47344,15664,47104,15408
>p 7,25
>a 47280,15680,47056,15408
>p 7,25
>p 7,25
>a 47152,16384,47088,15520
>a 47152,16512,46960,15504
>a 47104,16192,46960,15440
>a 46992,16464,46928,15392
>a 47008,16432,46896,15440
>a 46944,16448,46864,15424
>a 46880,16400,46736,15312
>a 46896,16432,46736,15408
>a 46784,16432,46832,15392
>a 46688,16448,46720,15488
>a 46704,16400,46640,15312
>a 46624,16384,46688,15392
>a 46544,16352,46656,15424
>p 7,25
>p 7,25
>p 7,25
>p 7,25
>p 7,26
>p 7,26
>a 46496,16432,46576,15440
>a 46192,17264,46624,15488
>a 46288,16912,46448,15504
>a 46224,16976,46496,15424
>a 46192,16928,46432,15440
>a 46176,16992,46432,15392
>p 7,26
>p 7,25
>p 7,25
>p 7,25
>p 7,25
>p 7,25
>p 7,25
>a 46448,16528,46304,15424
>p 7,25
>p 7,24
>a 46448,15968,46352,15392
>a 46464,15696,46336,15408
>p 7,24
>p 7,24
>p 7,24
>p 7,24
>p 7,24
>a 46544,15664,46304,15440
>p 7,23
>p 7,23
>p 7,23
>p 7,23
>p 7,23
>p 7,23
>a 46544,15472,46304,15440
>a 46512,15392,46320,15440
>a 46576,15504,46304,15440
>a 46560,15376,46320,15456
>a 46592,15424,46368,15440
>a 46560,15344,46320,15440
>a 46688,15264,46352,15408
>a 46544,15344,46256,15424
>a 46576,15376,46336,15408
>a 46640,15328,46336,15408
>a 46688,15344,46368,15424
>a 46576,15392,46384,15424
>a 46544,15376,46320,15408
>