
>v 1 Jul 11 2014, <C1459854>
>a 46256,15312,46032,15408
>a 46304,15472,46064,15440
>a 46288,15312,46096,15408
>a 46224,15280,46048,15408
>a 46256,15440,46064,15440
>a 46304,15312,46064,15408
>a 46304,15296,46096,15312
>a 46304,15408,46112,15408
>a 46288,15344,46064,15360
>a 46304,15408,46064,15440
>a 46304,15504,46032,15424
>a 46288,15408,46064,15520
>a 46288,15440,46096,15376
>a 46320,15392,46096,15424
>a 46288,15392,46080,15408
>a 46304,15488,46064,15408
>a 46288,15328,46064,15408
>a 46384,15392,46064,15424
>a 46256,15360,46080,15392
>a 46288,15392,46000,15424
>a 46272,15392,46064,15440
>a 46320,15360,46080,15392
>a 46320,15280,46032,15408
>a 46288,15392,46016,15408
>a 46288,15344,46000,15504
>a 46288,15520,46176,15312
>a 46224,15376,46064,15408
>a 46336,15344,46128,15424
>a 46256,15376,46032,15392
>a 46352,15408,46048,15440
>a 46336,15344,46048,15424
>a 46288,15216,46080,15424
>a 46256,15488,46016,15408
>a 46256,15456,46112,15440
>a 46288,15472,45984,15504
>a 46384,15408,46064,15408
>a 46352,15344,46064,15312
>a 46336,15328,46032,15440
>a 46352,15360,46096,15440
>a 46336,15440,46128,15408
>a 46304,15408,46064,15440
>p 7,24
>p 7,24
>p 7,25
>p 7,26
>p 7,27
>a 46240,15360,46000,15392
>p 7,28
>p 7,29
>p 7,30
>a 46368,15376,46032,15392
>p 7,31
>p 7,32
>a 46320,15376,46064,15456
>a 42960,23664,45984,15424
>a 44336,20080,45792,15440
>a 43744,21216,45680,15408
>a 43824,20992,45536,15392
>a 43520,21008,45424,15424
>a 43424,20928,45328,15488
>a 43328,21248,45216,15360
>a 43216,20864,45120,15392
>p 7,31
>a 43456,20112,45056,15344
>a 43248,20336,44944,15344
>p 7,30
>p 7,29
>a 43552,19424,44896,15280
>p 7,28
>a 43840,18672,44720,15408
>a 44016,18096,44704,15424
>p 7,27
>a 43984,17952,44656,15440
>a 44240,17520,44576,15392
>p 7,26
>a 44304,17152,44496,15408
>a 44400,16816,44464,15424
>p 7,25
>a 44528,16416,44400,15520
>a 44544,16160,44416,15376
>a 44448,16400,44400,15408
>p 7,24
>a 44528,16112,44432,15392
>a 44576,15664,44368,15504
>a 44688,15616,44400,15344
>a 44592,15792,44320,15376
>a 44544,15712,44336,15424
>a 44528,15792,44288,15392
>a 44496,15792,44288,15472
>a 44528,15856,44240,15392
>a 44512,15776,44256,15408
>a 44368,15696,44288,15408
>p 7,23
>a 44368,15568,44208,15424
>a 44496,15424,44240,15408
>a 44464,15376,44224,15424
>a 44480,15376,44256,15392
>a 44528,15376,44256,15424
>a 44480,15328,44304,15408
>a 44496,15456,44336,15424
>a 44528,15392,44288,15392
>a 44528,15392,44336,15344
>a 44592,15328,44272,15408
>a 44528,15392,44288,15600
>p 7,24
>p 7,25
>a 44528,15392,44256,15376
>p 7,26
>p 7,27
>a 44512,15392,44336,15344
>p 7,28
>p 7,29
>p 7,30
>p 7,31
>a 43040,19216,44192,15424
>p 7,32
>p 7,33
>p 7,34
>p 7,35
>a 41536,22256,44016,15344
>a 41008,23120,43904,15408
>p 7,36
>p 7,37
>p 7,38
>a 40816,23664,43744,15408
>p 7,39
>p 7,40
>p 7,41
>p 7,42
>p 7,43
>p 7,44
>a 38192,27760,43600,15408
>p 7,45
>p 7,46
>p 7,47
>p 7,48
>p 7,49
>p 7,50
>a 35280,31888,43264,15408
>p 7,51
>p 7,52
>p 7,53
>a 34128,32688,42992,15408
>p 7,54
>p 7,55
>p 7,56
>a 33440,32576,42768,15408
>p 7,57
>p 7,58
>p 7,59
>a 33024,32272,42640,15424
>a 32816,32016,42272,15392
>a 32592,31824,42144,15440
>a 32368,31568,41904,15408
>p 7,58
>p 7,57
>p 7,56
>p 7,55
>p 7,54
>p 7,53
>p 7,52
>a 32176,31376,41632,15472
>p 7,51
>p 7,50
>p 7,49
>p 7,48
>p 7,47
>p 7,46
>p 7,45
>a 32048,31216,41376,15296
>p 7,44
>p 7,43
>p 7,42
>p 7,41
>a 31808,31040,41248,15376
>p 7,40
>p 7,39
>p 7,38
>p 7,37
>p 7,36
>a 33968,26592,41120,15392
>p 7,35
>p 7,34
>p 7,33
>p 7,32
>a 38832,19232,41280,15392
>p 7,31
>p 7,30
>p 7,29
>a 38880,20192,41104,15504
>p 7,28
>p 7,27
>p 7,26
>a 40464,17392,41168,15392
>a 40688,16912,41056,15376
>p 7,25
>p 7,26
>a 40928,16448,40976,15360
>p 7,27
>a 40592,17264,41088,15408
>p 7,28
>p 7,29
>p 7,30
>a 39520,19312,40880,15488
>p 7,31
>a 39088,20208,40784,15376
>p 7,32
>p 7,33
>a 38320,21472,40656,15360
>a 38160,21520,40528,15392
>a 38096,21552,40432,15392
>a 37872,21584,40368,15408
>a 37680,21584,40240,15360
>p 7,34
>p 7,35
>p 7,36
>p 7,37
>a 36704,23968,40112,15344
>p 7,38
>a 35472,25056,39984,15408
>p 7,39
>a 35136,25696,39792,15376
>p 7,40
>a 34384,26336,39536,15344
>p 7,41
>a 33968,26672,39472,15456
>p 7,42
>p 7,43
>a 33040,27728,39248,15344
>p 7,44
>a 32080,28768,39120,15392
>p 7,45
>a 31232,29312,38768,15280
>p 7,46
>p 7,47
>a 30832,29472,38688,15392
>p 7,48
>p 7,49
>a 30320,29456,38512,15376
>p 7,50
>a 30064,29296,38304,15456
>p 7,51
>a 29856,29104,38208,15408
>p 7,52
>p 7,53
>a 29680,29104,38032,15344
>p 7,54
>a 29552,28864,37824,15376
>p 7,55
>p 7,56
>a 29536,28752,37584,15328
>p 7,57
>p 7,58
>p 7,59
>a 29408,28528,37488,15376
>p 7,60
>a 29200,28464,37392,15376
>p 7,61
>p 7,62
>a 29104,28384,37184,15344
>p 7,63
>p 7,64
>p 7,65
>a 28992,28208,37040,15392
>p 7,66
>p 7,67
>p 7,68
>p 7,69
>a 28864,28192,36864,15376
>p 7,70
>p 7,71
>p 7,72
>a 28752,27984,36672,15328
>p 7,73
>a 28592,27952,36528,15344
>p 7,74
>p 7,75
>a 28592,27888,36416,15472
>a 28560,27712,36256,15328
>p 7,74
>p 7,73
>p 7,71
>a 28320,27600,36096,15344
>p 7,69
>p 7,68
>p 7,67
>p 7,66
>p 7,65
>p 7,64
>p 7,63
>p 7,61
>p 7,60
>p 7,59
>a 28080,27488,35856,15344
>p 7,58
>p 7,57
>p 7,55
>p 7,54
>p 7,53
>p 7,52
>p 7,51
>p 7,50
>a 28048,27376,35696,15328
>p 7,49
>p 7,47
>p 7,46
>p 7,45
>p 7,44
>p 7,42
>p 7,41
>p 7,40
>a 27952,27232,35584,15328
>p 7,39
>a 27920,27232,35440,15440
>p 7,38
>p 7,37
>a 27872,27152,35344,15328
>p 7,36
>p 7,35
>p 7,34
>a 28064,26640,35232,15344
>p 7,33
>p 7,32
>p 7,31
>a 32160,19808,35248,15344
>p 7,30
>a 32336,20768,35136,15312
>a 33392,19376,35168,15344
>a 33168,19776,35056,15280
>p 7,29
>a 33328,19584,35024,15408
>a 33664,18736,34976,15344
>a 33456,19120,34896,15328
>a 33504,18992,34848,15312
>a 33376,19104,34832,15312
>p 7,28
>a 33472,19008,34784,15344
>p 7,27
>a 34000,17536,34736,15328
>a 33840,17792,34704,15312
>a 33936,17696,34720,15360
>a 33888,17648,34720,15376
>p 7,26
>a 34240,16944,34640,15344
>a 34224,17040,34624,15344
>a 34128,17024,34672,15376
>a 34192,16944,34464,15392
>a 34176,16992,34560,15328
>a 34160,16976,34496,15328
>a 34176,16976,34432,15344
>p 7,25
>p 7,23
>a 34384,16144,34512,15344
>a 34736,15328,34512,15344
>a 34832,15200,34480,15328
>a 34896,15280,34560,15424
>a 34848,15280,34608,15376
>a 34832,15344,34576,15344
>a 34944,15280,34624,15344
>a 34896,15312,34672,15360
>a 34960,15344,34720,15408
>a 34944,15328,34816,15328
>a 35056,15248,34720,15328
>a 34992,15280,34736,15344
>a 34928,15392,34736,15280
>a 35008,15312,34784,15344
>a 35072,15328,34848,15232
>a 35040,15280,34816,15408
>a 35120,15312,34864,15360
>a 35072,15392,34928,15344
>a 35072,15392,34848,15328
>a 35120,15200,34768,15328
>a 35120,15296,34896,15328
>a 35168,15312,34912,15344
>a 35152,15328,34976,15312
>a 35328,15312,34928,15264
>a 35184,15264,35040,15472
>a 35200,15344,34976,15248
>a 35200,15312,35008,15376
>a 35184,15280,34976,15520
>a 35216,15296,35024,15328
>p 7,0
>a 35232,15312,35040,15328
>a 35232,15344,35024,15344
>a 35280,15168,35024,15376
>a 35312,15312,35104,15376
>a 35344,15392,35088,15328
>a 35264,15408,35184,15280
>a 35392,15408,35104,15328
>a 35280,15280,35168,15376
>a 35360,15328,35152,15344
>a 35376,15392,35120,15344
>a 35360,15328,35120,15408
>a 35472,15312,35232,15344
>a 35408,15328,35184,15472
>a 35408,15312,35184,15280
>p 4,90
>a 35216,15328,34960,15344
>a 34912,15280,34672,15344
>a 34736,15472,34416,15360
>a 34512,15392,34272,15360
>a 34320,15376,34080,15344
>p 4,0
>a 34256,15344,34080,15296
>a 34304,15344,34096,15344
>a 34240,15280,34080,15344
>a 34336,15264,34112,15472
>a 34352,15328,34128,15296
>a 34352,15296,34080,15200
>a 34304,15312,34144,15344
>p 5,90
>a 34400,15328,34176,15360
>a 34560,15328,34192,15344
>a 34400,15344,34176,15344
>a 34416,15328,34192,15296
>a 34400,15184,34192,15344
>a 34432,15280,34192,15344
>p 5,0
>a 34208,15312,33312,15232
>a 33088,15232,32800,15424
>a 32688,15264,32480,15344
>a 32384,15296,32096,15344
>a 32048,15264,31856,15344
>p 5,90
>a 33072,15312,33104,15344
>a 33136,15296,33088,15344
>a 33200,15312,32896,15312
>a 33104,15248,32976,15328
>a 33232,15392,32960,15344
>a 33216,15296,33072,15408
>a 33280,15280,33008,15296
>a 33248,15280,33056,15296
>a 33280,15376,32976,15328
>p 4,90
>a 33120,15344,32880,15440
>a 32736,15408,32592,15328
>a 32720,15280,32464,15344
>a 32512,15376,32240,15296
>a 32320,15296,32080,15424
>p 4,0
>a 32240,15408,31952,15344
>a 32208,15296,31968,15328
>a 32240,15280,32016,15296
>a 32288,15280,31968,15344
>a 32304,15296,32032,15392
>a 32288,15280,32048,15264
>a 32240,15344,32160,15344
>a 32336,15232,32096,15344
>a 32224,15344,32080,15344
>a 32336,15184,32096,15344
>a 32272,15280,31952,15328
>a 32448,15232,32128,15344
>a 32400,15280,32176,15344
>a 32384,15264,32160,15360
>a 32544,15328,32208,15328
>a 32560,15248,32176,15296
>a 32528,15312,32304,15344
>a 32432,15264,32208,15296
>a 32432,15264,32240,15344
>a 32480,15312,32256,15344
>a 32480,15280,32240,15312
>a 32496,15296,32272,15344
>a 32496,15296,32240,15328
>a 32560,15264,32288,15328
>a 32528,15296,32240,15344
>a 32560,15280,32336,15344
>a 32608,15200,32336,15328
>a 32528,15312,32336,15312
>a 32560,15264,32336,15328
>a 32560,15312,32336,15328
>a 32576,15248,32336,15344
>a 32592,15280,32320,15344
>a 32592,15392,32368,15312
>a 32608,15296,32368,15328
>a 32624,15296,32368,15328
>a 32576,15296,32400,15344
>a 32576,15312,32384,15344
>a 32496,15248,32400,15344
>a 32640,15312,32512,15344
>a 32560,15296,32400,15328
>a 32672,15328,32432,15328
>a 32624,15280,32512,15344
>a 32688,15312,32432,15328
>a 32672,15280,32352,15328
>a 32656,15280,32448,15344
>a 32752,15280,32448,15376
>a 32704,15296,32464,15328
>a 32688,15344,32464,15344
>a 32624,15392,32480,15360
>a 32640,15264,32480,15440
>a 32688,15296,32448,15264
>a 32720,15264,32416,15344
>a 32704,15312,32464,15344
>a 32704,15312,32576,15344
>a 32720,15296,32464,15280
>a 32736,15424,32528,15248
>a 32720,15248,32576,15328
>a 32672,15232,32464,15344
>a 32704,15280,32432,15328
>a 32752,15296,32528,15456
>a 32752,15312,32592,15312
>a 32768,15296,32608,15344
>a 32848,15312,32528,15344
>a 39328,15488,33056,15328
>a 42496,15344,33632,15312
>a 42352,15312,33936,15344
>a 42432,15392,34160,15440
>a 42464,15296,34352,15344
>a 42592,15344,34512,15344
>a 42784,15344,34832,15344
>a 42800,15296,34992,15328
>a 42928,15488,35248,15376
>a 43104,15296,35472,15376
>a 43344,15376,35488,15344
>a 43392,15376,35824,15328
>a 43520,15472,36064,15440
>a 43568,15328,36272,15344
>a 43760,15376,36448,15328
>a 43888,15344,36688,15360
>a 44096,15312,36816,15408
>a 44176,15376,37008,15328
>a 44368,15344,37296,15376
>a 44480,15376,37424,15328
>a 44624,15280,37664,15344
>a 44864,15376,37824,15392
>a 44864,15392,38096,15280
>a 45040,15360,38192,15440
>a 45152,15360,38384,15344
>a 45264,15376,38576,15344
>a 45488,15440,38752,15360
>a 45488,15360,38928,15344
>a 45600,15392,39088,15360
>a 45680,15392,39248,15376
>a 45776,15344,39536,15344
>a 45904,15360,39664,15344
>a 45952,15392,39824,15472
>a 46032,15440,39968,15328
>a 46000,15376,40160,15408
>a 46240,15344,40304,15344
>a 46320,15408,40432,15408
>a 46384,15344,40656,15408
>a 46544,15344,40816,15392
>a 46576,15488,41008,15376
>a 46656,15248,41184,15296
>a 46752,15408,41328,15472
>p 6,90
>a 46848,15376,41392,15344
>a 46848,15376,41648,15392
>a 46896,15392,41776,15424
>a 46960,15424,41936,15344
>a 47072,15392,42128,15424
>a 47056,15344,42304,15424
>a 47136,15408,42416,15424
>a 47216,15328,42576,15376
>a 47216,15520,42672,15376
>p 6,0
>a 49568,15312,42384,15392
>a 51344,15504,42320,15424
>a 51888,15408,42288,15408
>a 52080,15520,42240,15456
>p 6,90
>a 50448,15344,42928,15408
>a 44560,15376,42640,15392
>a 43248,15376,42576,15408
>a 43344,15344,42576,15392
>a 43360,15312,42704,15344
>a 43408,15296,42608,15392
>a 43520,15344,42704,15424
>a 43600,15328,42784,15440
>a 43504,15296,42800,15408
>a 43584,15344,42832,15392
>a 43728,15344,43008,15376
>a 43808,15360,42976,15408
>a 43856,15344,42976,15520
>a 43856,15312,43088,15344
>a 43824,15376,42992,15424
>a 44000,15392,43168,15392
>a 43952,15360,43232,15376
>a 44032,15344,43264,15360
>a 44128,15312,43312,15392
>a 44096,15344,43344,15280
>a 44240,15376,43440,15408
>a 44336,15376,43520,15392
>a 44304,15328,43568,15392
>a 44464,15392,43600,15408
>a 44432,15376,43632,15344
>a 44432,15312,43664,15392
>a 44528,15456,43760,15408
>a 44608,15344,43872,15408
>a 44720,15344,43888,15408
>a 44672,15392,43856,15392
>a 44752,15424,44016,15392
>a 44752,15344,43984,15408
>a 44832,15472,44064,15328
>a 44832,15392,44112,15408
>a 44976,15440,44208,15280
>a 44944,15344,44208,15408
>a 44976,15472,44288,15440
>a 45024,15296,44336,15312
>a 45104,15456,44352,15408
>a 45200,15360,44432,15504
>a 45248,15392,44512,15440
>a 45264,15440,44576,15376
>a 45376,15424,44576,15360
>a 45424,15392,44640,15424
>a 45392,15328,44672,15344
>a 45552,15312,44720,15408
>a 45520,15376,44672,15440
>a 45520,15344,44816,15392
>a 45616,15376,44848,15424
>a 45632,15328,44912,15456
>a 45712,15280,45008,15424
>a 45760,15360,45008,15440
>a 45808,15392,45168,15440
>a 45824,15392,45136,15408
>a 45888,15344,45200,15424
>a 45984,15376,45200,15424
>a 45936,15392,45280,15408
>a 46000,15376,45296,15408
>a 46160,15344,45392,15408
>a 46080,15344,45424,15392
>a 46192,15456,45488,15392
>a 46160,15376,45488,15392
>a 46192,15328,45648,15408
>a 46256,15360,45616,15408
>a 46400,15376,45728,15504
>a 46416,15328,45744,15408
>a 46464,15344,45792,15376
>a 46512,15440,45824,15408
>a 46544,15344,45824,15376
>a 46640,15408,45936,15456
>a 46656,15344,45984,15440
>a 46672,15392,46000,15408
>a 46736,15408,46032,15424
>a 46800,15488,46112,15408
>a 46896,15536,46176,15424
>a 46880,15392,46064,15408
>a 46928,15440,46304,15344
>a 46944,15472,46256,15392
>a 46992,15424,46368,15552
>a 47024,15392,46384,15440
>a 47104,15392,46464,15520
>a 47104,15376,46512,15456
>a 47120,15376,46528,15440
>a 47216,15408,46592,15344
>a 47280,15392,46608,15376
>a 47312,15408,46640,15376
>a 47296,15472,46704,15424
>a 47392,15376,46864,15392
>a 47424,15408,46816,15456
>a 47488,15360,46880,15424
>a 47520,15408,46864,15440
>a 47584,15376,46928,15424
>a 47552,15296,46992,15456
>a 47728,15344,47136,15408
>a 47632,15344,47088,15536
>a 47728,15408,47136,15344
>a 47728,15344,47184,15440
>a 47824,15424,47312,15440
>a 47840,15456,47264,15424
>a 47888,15392,47360,15424
>a 48000,15392,47360,15408
>a 47952,15344,47408,15408
>a 48016,15392,47440,15488
>a 48048,15408,47472,15392
>a 48144,15408,47536,15440
>a 48112,15392,47536,15408
>a 48240,15392,47600,15424
>a 48208,15392,47616,15440
>a 48240,15424,47664,15392
>a 48288,15408,47696,15408
>a 48336,15344,47760,15424
>a 48352,15264,47872,15392
>a 48480,15312,47840,15440
>a 48496,15392,47904,15408
>a 48480,15520,47936,15488
>a 48496,15424,47936,15408
>a 48528,15408,47856,15392
>a 48528,15392,48048,15408
>a 48544,15360,48048,15424
>a 48624,15408,48160,15456
>a 48656,15408,48176,15440
>a 48656,15424,48160,15312
>a 48688,15408,48272,15536
>a 48736,15360,48256,15392
>a 48688,15440,48240,15392
>a 48816,15408,48352,15440
>a 48816,15376,48336,15424
>a 48848,15392,48368,15376
>a 48896,15360,48512,15424
>a 48944,15392,48496,15440
>a 48944,15392,48496,15440
>a 48976,15392,48512,15392
>a 49008,15568,48560,15456
>a 49040,15408,48544,15424
>a 49024,15424,48624,15424
>a 49072,15392,48560,15408
>a 49184,15376,48688,15456
>a 49248,15408,48656,15392
>a 49264,15344,48752,15280
>a 49248,15408,48784,15408
>a 49264,15328,48832,15408
>a 49280,15328,48816,15456
>a 49328,15392,48864,15440
>a 49328,15360,48896,15408
>a 49360,15504,48960,15408
>a 49408,15392,49008,15440
>a 49424,15488,48992,15456
>a 49456,15408,49040,15568
>a 49456,15392,49072,15376
>a 49472,15392,49056,15456
>a 49504,15408,49136,15456
>a 49568,15424,49088,15456
>a 49616,15440,49136,15456
>a 49488,15376,49232,15440
>a 49600,15376,49248,15424
>a 49632,15296,49280,15440
>a 49664,15472,49200,15392
>a 49664,15392,49360,15360
>a 49728,15456,49328,15424
>a 49760,15408,49408,15440
>a 49776,15392,49408,15344
>a 49872,15424,49376,15408
>a 49840,15392,49472,15456
>a 49792,15408,49408,15536
>a 49872,15472,49536,15408
>a 49840,15312,49504,15392
>a 49920,15344,49520,15424
>a 49920,15344,49520,15440
>a 49968,15424,49568,15424
>a 50000,15408,49584,15328
>a 49968,15424,49648,15440
>a 50032,15440,49664,15456
>a 50000,15376,49664,15408
>a 50032,15264,49728,15456
>a 50048,15424,49776,15424
>a 50160,15376,49728,15344
>a 50032,15360,49760,15408
>a 50096,15504,49776,15312
>a 50288,15440,49776,15456
>a 50144,15440,49824,15408
>a 50080,15344,49840,15504
>a 50160,15344,49920,15536
>a 50256,15424,49888,15424
>a 50288,15392,49920,15408
>a 50272,15280,49872,15440
>a 50288,15408,49968,15488
>a 50304,15392,50000,15440
>a 50352,15408,49984,15424
>a 50368,15392,50000,15296
>a 50448,15408,50096,15392
>a 50384,15408,50000,15440
>a 50416,15392,50096,15552
>a 50464,15424,50064,15408
>a 50432,15408,50128,15456
>a 50464,15520,50160,15552
>a 50480,15424,50160,15440
>a 50480,15392,50192,15456
>a 50544,15472,50208,15424
>a 50512,15616,50240,15456
>a 50576,15392,50224,15456
>a 50544,15408,50256,15408
>a 50608,15424,50304,15424
>a 50608,15360,50304,15472
>a 50608,15328,50288,15456
>a 50672,15440,50384,15536
>a 50672,15408,50352,15456
>a 50672,15424,50432,15408
>a 50800,15424,50352,15456
>a 50704,15376,50448,15472
>a 50736,15424,50400,15440
>a 50752,15456,50464,15456
>a 50832,15424,50464,15440
>a 50848,15440,50608,15376
>a 50800,15392,50592,15568
>a 50832,15376,50528,15472
>a 50864,15408,50544,15472
>a 50848,15408,50576,15536
>a 50832,15408,50560,15472
>a 50864,15424,50560,15568
>a 50928,15344,50592,15440
>a 50896,15392,50576,15440
>a 50912,15424,50640,15440
>a 50960,15408,50608,15424
>a 50992,15424,50672,15472
>a 50976,15408,50688,15424
>a 51008,15456,50704,15472
>a 51024,15392,50608,15456
>a 50992,15408,50704,15440
>a 51024,15408,50688,15456
>a 51040,15408,50832,15360
>a 50992,15392,50752,15424
>a 51088,15392,50736,15440
>a 51056,15520,50832,15424
>a 51008,15424,50832,15472
>a 51104,15440,50816,15440
>a 51152,15504,50912,15536
>a 51168,15440,50880,15440
>a 51120,15344,50944,15392
>a 51232,15440,50864,15344
>a 51296,15344,50896,15472
>a 51200,15344,50976,15440
>a 51280,15392,50928,15344
>a 51264,15392,50976,15408
>a 51248,15472,50896,15440
>a 51248,15408,51008,15536
>a 51264,15488,50912,15456
>a 51248,15424,50992,15440
>a 51264,15408,51008,15456
>a 51328,15424,51024,15440
>a 51312,15360,51056,15456
>a 51248,15216,51008,15456
>a 51344,15424,51088,15440
>a 51296,15440,50992,15440
>a 51312,15520,51024,15440
>a 51360,15344,51184,15440
>a 51312,15392,51152,15440
>a 51456,15376,51152,15472
>a 51520,15408,51120,15472
>a 51376,15424,51152,15456
>a 51456,15376,51104,15456
>a 51408,15408,51248,15296
>a 51424,15408,51200,15344
>a 51440,15520,51200,15344
>a 51424,15408,51216,15440
>a 51424,15408,51168,15440
>a 51504,15424,51216,15504
>a 51600,15424,51248,15456
>a 51440,15344,51280,15440
>a 51536,15456,51280,15408
>a 51552,15440,51296,15472
>a 51504,15280,51248,15392
>a 51568,15280,51296,15408
>a 51632,15344,51232,15456
>a 51520,15376,51296,15440
>a 51536,15376,51328,15456
>a 51536,15456,51360,15456
>a 51632,15520,51312,15408
>a 51584,15424,51360,15456
>a 51616,15344,51360,15440
>a 51632,15344,51376,15488
>a 51616,15360,51376,15664
>a 51632,15408,51376,15456
>a 51664,15424,51440,15424
>a 51664,15440,51376,15568
>a 51728,15424,51376,15344
>a 51696,15376,51408,15408
>a 51776,15424,51440,15440
>a 51696,15488,51504,15472
>a 51728,15376,51456,15472
>a 51760,15424,51488,15440
>a 51744,15472,51472,15424
>a 51744,15392,51488,15424
>a 51792,15440,51472,15424
>a 51744,15408,51472,15392
>a 51760,15376,51504,15456
>a 51744,15408,51536,15440
>a 51760,15408,51520,15616
>a 51840,15408,51616,15456
>a 51792,15424,51536,15424
>a 51792,15424,51568,15504
>a 51680,15376,51536,15440
>a 51856,15280,51600,15472
>a 51856,15408,51648,15536
>a 51920,15344,51632,15456
>a 51872,15376,51600,15456
>a 51936,15264,51616,15376
>a 51872,15504,51664,15520
>a 51872,15392,51568,15408
>a 51888,15392,51616,15376
>a 51888,15312,51568,15440
>a 52016,15456,51648,15408
>a 51952,15408,51680,15424
>a 51952,15408,51664,15456
>a 52016,15408,51712,15536
>a 51936,15376,51728,15408
>a 52000,15424,51632,15408
>a 52048,15504,51728,15456
>a 51984,15424,51728,15424
>a 51984,15440,51696,15472
>a 51952,15408,51760,15440
>a 51984,15232,51696,15424
>a 52016,15408,51760,15456
>a 52016,15408,51824,15440
>a 51936,15504,51776,15424
>a 52000,15392,51824,15456
>a 52032,15408,51760,15344
>a 52016,15392,51824,15456
>a 52080,15376,51792,15440
>a 52048,15520,51824,15344
>a 52080,15440,51760,15424
>a 52048,15392,51808,15536
>a 52048,15488,51824,15456
>a 52080,15440,51824,15472
>a 52112,15424,51840,15408
>a 52080,15376,51888,15472
>a 52128,15392,51888,15456
>a 52096,15424,51888,15488
>a 52208,15456,51872,15520
>a 52176,15424,51968,15456
>a 52128,15408,51888,15392
>a 52128,15376,51840,15552
>a 52128,15360,51968,15424
>a 52144,15408,51840,15440
>a 52176,15424,51936,15488
>a 52112,15472,51952,15440
>a 52208,15408,51920,15440
>a 52144,15376,51936,15472
>a 52144,15376,51936,15424
>a 52272,15408,51952,15440
>a 52176,15392,51968,15472
>a 52144,15376,51952,15456
>a 52240,15408,52016,15408
>a 52208,15296,51952,15344
>a 52240,15408,51968,15456
>a 52272,15552,52016,15456
>a 52272,15344,52064,15552
>a 52272,15408,52016,15440
>a 52384,15408,52064,15440
>a 52320,15520,52032,15456
>a 52240,15408,52080,15456
>a 52384,15568,52064,15536
>a 52320,15440,52160,15440
>a 52304,15440,52048,15456
>a 52272,15392,52048,15520
>a 52320,15392,52016,15456
>a 52320,15376,52112,15536
>a 52240,15408,52112,15472
>a 52304,15520,52112,15456
>a 52336,15392,52080,15392
>a 52336,15344,52032,15440
>a 52320,15408,52080,15376
>a 52368,15424,52112,15552
>a 52368,15360,52112,15312
>a 52400,15376,52112,15408
>a 52384,15328,52144,15584
>a 52336,15408,52080,15408
>a 52368,15472,52192,15328
>a 52432,15424,52096,15424
>a 52336,15520,52176,15472
>a 52336,15376,52112,15344
>a 52352,15408,52096,15456
>a 52304,15376,52112,15536
>a 52320,15520,52080,15456
>a 52432,15424,52208,15456
>a 52320,15424,52080,15472
>a 52336,15440,52144,15472
>a 52352,15408,52080,15376
>a 52336,15456,52080,15456
>a 52336,15408,52080,15472
>a 52336,15440,52080,15408
>a 52336,15440,52112,15440
>a 52272,15344,52144,15376
>a 52320,15392,52176,15456
>a 52336,15376,52128,15408
>a 52336,15392,52080,15408
>a 52336,15424,52128,15344
>a 52272,15424,52080,15440
>a 52304,15408,52048,15472
>a 52288,15392,52064,15472
>a 52336,15440,52080,15472
>a 52304,15504,52080,15392
>a 52256,15424,52048,15472
>p 7,24
>p 7,24
>p 7,25
>a 52320,15408,52144,15456
>a 52272,15408,52080,15424
>a 52272,15408,52016,15424
>p 7,26
>a 52336,15424,52080,15456
>a 52272,15408,52128,15440
>a 52256,15408,52064,15472
>a 52384,15408,52064,15472
>a 52304,15392,52016,15408
>a 51664,17136,52016,15440
>a 51792,17152,51952,15456
>a 51792,17152,51920,15472
>a 51792,16960,51856,15440
>a 51536,17072,51744,15440
>a 51472,17040,51728,15520
>a 51520,17040,51680,15424
>a 51408,17024,51616,15456
>a 51408,16992,51616,15456
>a 51360,17072,51568,15440
>a 51328,16912,51504,15440
>a 51232,16912,51472,15424
>a 51264,16912,51360,15536
>a 51120,16944,51280,15424
>a 51184,16960,51232,15424
>a 51104,16992,51296,15408
>a 51120,16960,51232,15408
>a 51120,16976,51120,15440
>p 7,27
>a 50736,17952,51040,15456
>p 7,28
>a 50768,17696,50976,15408
>a 50416,18576,50928,15472
>a 50448,18208,50832,15440
>a 50288,18368,50768,15392
>a 50224,18336,50672,15440
>a 50128,18448,50608,15536
>a 49968,18384,50544,15456
>a 49968,18560,50416,15472
>a 49872,18448,50352,15424
>a 49712,18448,50256,15424
>a 49648,18400,50272,15472
>p 7,29
>a 49072,19264,50160,15456
>p 7,30
>a 49008,19440,50064,15456
>a 48720,19760,50032,15472
>a 48624,19664,49888,15440
>a 48592,19616,49872,15440
>a 48608,19760,49664,15424
>a 48320,19520,49616,15440
>a 48336,19712,49552,15536
>a 48240,19584,49360,15424
>a 48208,19664,49440,15392
>a 48176,19600,49296,15376
>a 48080,19568,49136,15424
>p 7,31
>p 7,32
>a 47408,20848,49040,15536
>p 7,33
>a 46992,21600,48848,15424
>a 46848,21472,48800,15424
>a 47024,21568,48656,15504
>a 46848,21424,48688,15440
>a 46656,21600,48416,15408
>a 46576,21632,48336,15456
>a 46448,21648,48208,15392
>a 46352,21616,48080,15424
>a 46192,21680,47984,15424
>a 46192,21680,47920,15424
>p 7,34
>p 7,35
>p 7,36
>p 7,37
>p 7,38
>p 7,39
>a 44096,25632,47760,15424
>a 43744,25344,47568,15376
>a 43424,25856,47472,15424
>a 43200,25552,47232,15632
>a 43280,25600,47040,15408
>a 42896,25584,47024,15520
>a 42640,25520,46800,15440
>a 42448,25584,46560,15344
>a 42256,25568,46496,15392
>a 42128,25584,46368,15280
>a 42016,25536,46224,15424
>a 41760,25520,46064,15408
>p 7,40
>p 7,41
>a 41408,26128,45952,15424
>p 7,42
>p 7,43
>p 7,44
>p 7,45
>a 39072,29776,45776,15424
>a 38896,29328,45488,15504
>a 38624,29552,45408,15424
>a 38448,29392,45136,15408
>a 38192,29488,44976,15440
>a 37856,29392,44752,15424
>a 37776,29376,44576,15440
>a 37296,29456,44400,15408
>a 37280,29440,44224,15408
>a 36976,29520,44080,15408
>a 36976,29504,43824,15360
>p 7,46
>p 7,47
>p 7,48
>p 7,49
>a 35888,30928,43664,15456
>p 7,51
>p 7,52
>a 34160,32800,43440,15376
>a 33648,32720,43296,15392
>a 33392,32496,43120,15408
>a 33104,32272,42880,15504
>a 33040,32080,42688,15408
>a 32816,31984,42544,15312
>a 32624,31904,42320,15392
>a 32496,31712,42112,15392
>a 32336,31552,41936,15424
>a 32288,31408,41760,15344
>p 7,53
>p 7,54
>p 7,55
>p 7,56
>p 7,57
>p 7,58
>p 7,59
>p 7,60
>a 32032,31232,41520,15328
>a 31936,31152,41344,15312
>a 31824,31056,41200,15456
>a 31664,30912,40992,15376
>a 31552,30768,40816,15488
>a 31504,30640,40656,15392
>a 31264,30400,40496,15392
>a 31136,30464,40272,15328
>a 31072,30304,40208,15392
>a 31104,30256,39984,15408
>a 31024,30128,39840,15392
>a 30704,30080,39632,15472
>p 7,61
>p 7,62
>p 7,63
>p 7,65
>p 7,66
>p 7,67
>a 30592,29808,39536,15328
>p 7,68
>p 7,69
>a 30544,29808,39280,15328
>a 30528,29792,39168,15376
>a 30320,29728,39120,15312
>a 30240,29424,38752,15392
>a 30144,29392,38688,15392
>a 30048,29280,38544,15376
>a 30128,29376,38384,15376
>a 30528,29664,38240,15264
>a 31536,30640,38192,15392
>a 32272,31440,38144,15376
>p 7,70
>p 7,71
>p 7,72
>a 32768,31904,37984,15344
>p 7,73
>p 7,74
>p 7,75
>p 7,76
>a 33024,32176,37872,15376
>a 33136,32432,37856,15376
>a 33184,32304,37664,15360
>a 33104,32304,37584,15376
>a 33040,32240,37472,15360
>a 32928,32304,37296,15360
>a 32896,32144,37264,15344
>a 32848,32096,37168,15408
>a 32864,31904,37040,15312
>p 7,74
>p 7,72
>p 7,71
>p 7,70
>p 7,69
>p 7,68
>p 7,67
>p 7,66
>a 32672,31856,36896,15440
>p 7,65
>p 7,63
>p 7,62
>p 7,61
>p 7,60
>p 7,59
>a 32560,31728,36784,15376
>p 7,58
>p 7,57
>p 7,56
>p 7,55
>p 7,54
>p 7,53
>a 32448,31696,36672,15472
>p 7,52
>p 7,51
>p 7,50
>p 7,49
>a 32416,31696,36640,15296
>p 7,48
>a 32320,31600,36512,15344
>p 7,47
>p 7,46
>p 7,45
>a 32208,31504,36448,15312
>p 7,44
>p 7,43
>a 32240,31248,36304,15328
>p 7,42
>p 7,41
>a 34096,27312,36256,15328
>p 7,40
>p 7,39
>a 34544,26208,36240,15408
>p 7,38
>p 7,37
>a 35360,23840,36112,15344
>p 7,36
>a 35072,24320,36144,15296
>p 7,35
>p 7,34
>p 7,33
>a 35632,22016,36000,15360
>p 7,32
>a 35584,21536,36144,15456
>p 7,31
>a 36176,19856,36112,15344
>p 7,30
>a 35600,20224,36080,15344
>a 35792,19728,35888,15440
>a 35648,19664,36000,15344
>p 7,31
>p 7,32
>p 7,33
>p 7,34
>a 34720,21936,36000,15408
>p 7,35
>p 7,36
>a 34384,22784,36016,15312
>p 7,38
>p 7,39
>a 33008,25312,35792,15344
>p 7,40
>p 7,41
>a 32592,26224,35680,15344
>p 7,42
>p 7,43
>a 31728,27664,35584,15344
>p 7,44
>p 7,45
>p 7,46
>a 31056,29088,35408,15344
>p 7,47
>a 30832,29760,35344,15376
>a 30816,29984,35216,15328
>p 7,46
>p 7,45
>a 30752,29888,35120,15392
>p 7,44
>a 30768,29856,34992,15344
>p 7,43
>p 7,42
>a 30800,29696,34992,15328
>p 7,41
>p 7,40
>a 32096,26992,34816,15344
>p 7,39
>p 7,38
>p 7,37
>p 7,36
>a 33232,24832,34816,15408
>p 7,35
>p 7,34
>a 34480,21888,34800,15344
>p 7,33
>p 7,32
>a 34400,21472,34864,15360
>p 7,31
>p 7,30
>p 7,29
>p 7,28
>a 35072,18880,34816,15440
>p 7,27
>p 7,26
>a 35152,16640,34912,15312
>a 35120,17168,34864,15344
>p 7,27
>a 35168,17152,34896,15328
>p 7,28
>p 7,29
>a 34288,19776,34928,15296
>p 7,30
>p 7,31
>a 34336,20096,34688,15344
>p 7,32
>p 7,33
>p 7,34
>a 33584,21888,34736,15456
>p 7,35
>p 7,36
>p 7,37
>a 32608,24064,34576,15328
>p 7,38
>p 7,39
>p 7,40
>a 31520,25840,34432,15344
>p 7,41
>p 7,42
>a 30560,27712,34352,15264
>a 30640,27600,34288,15344
>p 7,41
>a 30704,27488,34160,15280
>p 7,40
>p 7,39
>a 31600,25840,33968,15344
>p 7,38
>p 7,37
>p 7,36
>p 7,35
>p 7,34
>a 32960,22992,34096,15328
>p 7,33
>p 7,32
>p 7,31
>a 33856,20576,34096,15280
>p 7,30
>a 34000,19360,34096,15424
>p 7,31
>a 33680,19904,34064,15312
>p 7,32
>p 7,33
>p 7,34
>a 32816,21904,34000,15328
>p 7,35
>p 7,36
>p 7,37
>a 32112,23312,34016,15360
>p 7,38
>a 31264,25312,33872,15344
>a 31456,24880,33808,15344
>a 31312,24880,33696,15376
>a 31360,24992,33584,15296
>a 31280,24912,33456,15344
>a 31136,24928,33408,15312
>a 31200,24864,33312,15344
>a 31088,24864,33200,15344
>a 30928,24880,33248,15328
>a 30912,24880,33120,15344
>a 30832,24816,33024,15344
>a 30752,24704,32992,15440
>a 30704,24896,32864,15328
>a 30592,24928,32784,15216
>a 30528,25024,32720,15328
>a 30384,24928,32608,15312
>a 30208,24864,32560,15280
>a 30128,25008,32416,15344
>a 30032,24880,32320,15312
>a 29984,24880,32256,15312
>a 29968,24832,32160,15360
>a 29792,24944,32096,15344
>a 29744,24944,32064,15312
>a 29648,24976,32032,15408
>a 29472,24864,31808,15328
>a 29456,24880,31840,15424
>a 29344,24880,31728,15440
>a 29312,24880,31728,15344
>a 29232,24832,31568,15264
>a 29232,24848,31456,15440
>a 29136,24848,31424,15344
>a 29056,24896,31344,15312
>a 29008,24912,31184,15328
>a 29040,24832,31120,15328
>a 28944,24816,31088,15264
>a 28912,24864,31040,15280
>a 28912,24896,30928,15296
>a 28832,24992,30880,15312
>a 28720,24848,30720,15296
>a 28576,24864,30736,15376
>a 28592,24896,30656,15264
>a 28496,24880,30608,15344
>a 28464,24912,30480,15328
>a 28352,25008,30432,15328
>a 28208,24928,30352,15328
>a 28192,24992,30272,15312
>a 28144,24976,30384,15312
>a 28048,24784,30240,15280
>a 27984,24816,30032,15296
>a 27936,24896,30032,15312
>a 27872,24912,29936,15376
>a 27936,24928,29888,15296
>a 27696,24960,29744,15264
>a 27664,24928,29744,15328
>a 27600,25008,29648,15344
>a 27616,24864,29552,15312
>a 27600,24864,29536,15328
>a 27536,24880,29520,15296
>a 27984,25616,29440,15248
>a 29648,25040,29520,15280
>a 29952,25040,29584,15296
>a 30128,25200,29648,15280
>a 30384,23936,29760,15312
>a 27952,25072,29584,15328
>a 27568,25008,29456,15296
>a 27600,24928,29488,15264
>a 27504,24816,29328,15312
>a 27280,24944,29200,15312
>a 27232,24896,29168,15312
>a 27136,24944,29088,15248
>a 27056,24784,29008,15280
>a 27008,24864,28928,15216
>a 26928,24976,28864,15312
>a 27008,24880,28896,15280
>a 26816,24912,28688,15296
>a 26864,24912,28720,15280
>a 26880,24928,28592,15312
>a 26848,24976,28640,15312
>a 26800,24912,28464,15328
>a 26720,25008,28432,15344
>a 26704,24912,28448,15296
>a 26624,24784,28272,15184
>a 26544,24832,28336,15344
>a 26480,24864,28160,15408
>a 26464,24832,28096,15312
>a 26416,24864,28048,15280
>a 26384,24832,27952,15312
>a 26288,24832,27936,15312
>a 26656,25888,27904,15296
>a 28608,27696,28096,15312
>a 29104,27696,28208,15280
>a 29232,27728,28240,15312
>a 29216,27696,28384,15312
>a 29504,27744,28512,15328
>a 29520,19824,28512,15296
>a 29680,15840,28592,15328
>a 26080,24400,28384,15312
>a 25856,25040,28304,15296
>a 26064,25232,28240,15296
>a 26160,25200,28160,15280
>a 26224,25056,28048,15296
>a 26272,25072,28080,15312
>a 26224,24976,27952,15376
>a 26192,25008,27920,15408
>a 26208,25008,27824,15280
>a 26704,25792,27776,15280
>a 26784,24336,27616,15264
>a 26224,24656,27632,15248
>a 26080,24720,27632,15312
>a 25936,24752,27488,15392
>a 25856,24720,27488,15264
>a 25824,24864,27424,15216
>a 26384,25824,27360,15280
>a 27712,27024,27472,15312
>a 28432,26528,27680,15312
>a 28656,26592,27696,15296
>a 28768,26544,27680,15312
>a 28912,26560,27952,15296
>a 28976,26560,27952,15312
>a 28944,26672,28000,15312
>a 29008,26544,28096,15280
>a 29024,26608,28144,15344
>a 29104,26576,28240,15280
>a 29104,26624,28304,15328
>a 29168,26576,28400,15376
>a 29200,26576,28336,15296
>a 29152,26576,28464,15312
>a 29296,26576,28576,15264
>a 29328,19136,28560,15312
>a 29296,15584,28592,15376
>a 25584,24368,28352,15328
>a 25536,24656,28240,15280
>a 25504,24768,28160,15312
>a 25536,24912,28064,15184
>a 25584,24832,27984,15328
>a 25632,24768,27920,15280
>a 25456,24704,27792,15280
>a 25360,24656,27696,15280
>a 25312,24592,27600,15296
>a 25216,24544,27568,15264
>a 25216,24496,27456,15328
>a 25200,24448,27200,15248
>a 25024,24368,27248,15232
>a 24912,24384,27216,15296
>a 24976,24352,27120,15296
>a 24784,24272,27024,15264
>a 24864,24208,26960,15280
>a 24800,24176,26896,15312
>a 24736,24208,26880,15280
>a 24640,24032,26672,15312
>a 24592,24112,26624,15232
>a 24544,24160,26544,15392
>a 24512,23920,26432,15376
>a 24416,23776,26352,15280
>a 24400,23824,26336,15376
>a 24304,23728,26176,15280
>a 24320,23648,26080,15216
>a 24272,23680,26080,15232
>a 24224,23616,26000,15296
>a 24176,23568,25936,15280
>a 24144,23520,25872,15312
>a 24176,23472,25808,15280
>a 24016,23408,25776,15312
>a 23984,23312,25712,15296
>a 23888,23248,25616,15264
>a 23888,23296,25520,15264
>a 23792,23264,25472,15280
>a 23776,23200,25424,15296
>a 23840,23184,25344,15280
>a 23680,23120,25280,15264
>a 23632,22944,25312,15344
>a 23600,23024,25152,15280
>a 23648,22992,24928,15216
>a 23520,22960,25040,15312
>a 23408,22944,24976,15280
>a 23408,22864,24880,15280
>a 23376,22816,24832,15216
>a 23344,22800,24752,15264
>a 23360,22720,24720,15248
>a 23280,22688,24640,15344
>a 23296,22624,24592,15248
>a 23168,22544,24512,15280
>a 23072,22576,24512,15392
>a 23088,22560,24432,15280
>a 23056,22432,24400,15264
>a 23008,22448,24336,15264
>a 22960,22368,24368,15264
>a 22928,22240,24192,15232
>a 22800,22304,24192,15280
>a 22960,22272,24320,15264
>a 22800,22288,24080,15280
>a 22784,22240,24016,15264
>a 22832,22176,23952,15360
>a 22672,22000,23888,15200
>a 22656,22128,23872,15280
>a 22624,22080,23808,15296
>p 7,0
>a 23152,21168,23760,15424
>a 24576,16096,23888,15248
>a 24848,15248,24064,15280
>a 24944,15232,24032,15328
>a 24976,15232,24128,15376
>a 25120,15200,24224,15280
>a 25136,15264,24272,15216
>a 25232,15200,24432,15280
>a 25280,15264,24400,15280
>a 25392,15216,24640,15264
>a 25392,15264,24496,15248
>a 25456,15184,24800,15248
>a 25520,15232,24656,15216
>a 25552,15280,24736,15280
>a 25664,15280,24832,15280
>a 25776,15184,24848,15216
>a 25728,15216,24928,15328
>a 25776,15216,24928,15280
>a 25936,15248,25072,15376
>a 25936,15280,25136,15280
>a 26032,15216,25120,15248
>a 25968,15168,25216,15280
>a 26000,15264,25392,15248
>a 26096,15264,25264,15280
>a 26128,15200,25376,15264
>a 26096,15248,25424,15248
>a 26208,15232,25552,15280
>a 26176,15344,25520,15280
>a 26272,15248,25408,15296
>a 26160,15232,25616,15264
>a 26352,15200,25600,15280
>a 26368,15232,25664,15280
>a 26352,15280,25840,15392
>a 26400,15232,25776,15280
>a 26416,15264,25840,15280
>a 26448,15280,25824,15280
>