
>v 1 Jul 10 2014, <0E8682B8>
>a 50256,16048,15216,15184
>a 50224,15984,15264,15200
>a 50208,15920,15248,15248
>a 50224,15968,15248,15200
>a 50256,15920,15216,15184
>a 50224,15952,15184,15248
>a 50224,15952,15312,15328
>a 50288,16048,15248,15232
>a 50272,15968,15200,15232
>a 50144,15984,15216,15232
>a 50208,15984,15248,15216
>a 50224,16048,15200,15168
>a 50096,15824,15216,15264
>a 50304,15952,15280,15264
>a 50192,15952,15200,15200
>a 50224,15904,15232,15216
>a 50208,15952,15232,15264
>a 50224,15840,15216,15232
>a 50256,15952,15248,15232
>a 50192,15920,15216,15216
>a 50224,15952,15216,15216
>a 50224,15904,15216,15232
>a 50208,15936,15200,15216
>a 50160,15920,15232,15264
>a 50224,15952,15264,15248
>a 50208,15936,15248,15248
>a 50160,15968,15248,15264
>a 50224,15920,15184,15216
>a 50224,15952,15216,15232
>a 50224,15968,15216,15264
>a 50192,15952,15232,15216
>a 50224,16048,15248,15296
>a 50192,15968,15248,15184
>a 50224,15952,15248,15200
>a 50256,15920,15264,15200
>a 50256,15952,15216,15264
>a 50224,15952,15200,15216
>a 50192,16032,15264,15200
>a 50160,15968,15232,15248
>a 50128,15904,15216,15232
>a 50288,16048,15216,15216
>a 50160,15936,15216,15328
>a 50192,15920,15184,15216
>p 7,50
>a 36336,36112,15696,15264
>a 35248,32368,15616,15280
>a 44912,44624,15792,15248
>a 44720,44336,15808,15216
>a 44064,43680,15824,15280
>a 43296,42864,15712,15152
>a 42576,42192,15792,15216
>a 41904,41520,15664,15216
>a 41264,40864,15792,15280
>a 40768,40368,15776,15248
>a 40384,39904,15808,15264
>a 40032,39472,15760,15200
>a 39712,39184,15728,15200
>p 7,0
>a 45120,24048,15504,15312
>a 48384,16144,15168,15264
>a 49072,15952,15232,15216
>a 49424,16032,15264,15200
>a 49456,15920,15248,15216
>a 49584,16096,15248,15248
>a 49584,15920,15248,15264
>a 49568,15904,15216,15216
>p 7,50
>a 37936,37520,15680,15232
>a 40944,40448,15744,15232
>a 44592,44208,15792,15232
>a 44400,44016,15824,15168
>p 7,0
>a 47408,29648,15552,15248
>a 48976,16944,15216,15200
>a 49392,15920,15232,15248
>a 49520,16016,15312,15264
>a 49584,15904,15200,15248
>a 49712,15920,15248,15248
>a 49776,15936,15216,15264
>a 49776,15952,15232,15248
>a 49856,15904,15232,15216
>a 49920,16000,15248,15216
>a 49968,15952,15216,15232
>a 49968,15952,15216,15328
>a 49984,15936,15248,15216
>a 50016,15952,15328,15248
>a 50128,15952,15248,15264
>a 50080,15872,15120,15232
>a 50128,16032,15216,15232
>a 50080,15968,15264,15216
>a 50160,15904,15328,15152
>a 50240,15952,15296,15216
>a 50320,15968,15248,15200
>p 6,0
>a 50272,15952,15200,15184
>a 50288,15984,15216,15216
>a 50224,15952,15328,15264
>a 50304,15952,15248,15216
>a 50368,15952,15328,15248
>a 50352,15920,15328,15248
>a 50448,15920,15168,15168
>a 50416,15968,15216,15232
>a 50448,15952,15152,15216
>p 6,90
>a 42080,15824,16896,15280
>a 43728,15840,17408,15280
>a 42672,15856,17616,15296
>a 41840,15744,17808,15280
>a 41328,15792,18032,15312
>a 40992,15744,18144,15312
>a 40416,15728,18480,15360
>a 40224,15728,18608,15184
>p 6,0
>a 47840,15904,17360,15264
>a 48672,15904,17136,15264
>a 48928,15920,16992,15248
>a 49040,15968,16848,15280
>a 49136,15952,16672,15264
>a 49120,15984,16544,15216
>a 49248,15920,16320,15216
>a 49232,15888,16208,15248
>a 49392,15952,16240,15248
>a 49424,15936,16144,15280
>a 49456,15920,16000,15248
>a 49552,15888,15904,15248
>a 49568,15952,15920,15344
>a 49552,15904,15744,15248
>a 49680,16016,15728,15280
>a 49648,15904,15520,15328
>a 49664,15920,15616,15248
>a 49680,15904,15520,15248
>a 49776,15888,15520,15216
>a 49824,15920,15456,15248
>a 49888,15856,15456,15104
>a 49904,15856,15376,15216
>a 49936,15952,15392,15216
>a 50000,15904,15440,15328
>a 49968,15952,15312,15232
>a 50000,15872,15280,15200
>a 50064,15888,15280,15088
>a 50064,15920,15280,15232
>a 50208,15952,15248,15232
>a 50192,15984,15248,15216
>a 50192,15904,15280,15200
>a 50224,15920,15264,15248
>a 50256,15888,15328,15216
>p 6,90
>a 41376,15792,16864,15264
>a 43520,15728,17472,15296
>a 42592,15840,17664,15264
>a 41872,15776,17856,15264
>a 41296,15744,18096,15264
>a 40864,15808,18272,15296
>a 40528,15776,18416,15264
>a 40272,15856,18720,15280
>a 40016,15776,18896,15280
>a 39792,15744,19088,15280
>a 39616,15728,19248,15312
>p 6,0
>a 46880,15888,18128,15328
>a 47952,15920,17904,15200
>a 48176,15888,17664,15264
>a 48384,15984,17536,15264
>a 48528,15904,17408,15328
>a 48592,15920,17184,15264
>a 48704,15936,17024,15248
>a 48800,15920,16848,15264
>a 48816,15920,16720,15232
>a 48912,15936,16656,15216
>a 49008,15920,16512,15232
>a 49008,15936,16464,15248
>a 49072,15952,16288,15216
>a 49136,15952,16112,15248
>a 49232,15904,16208,15344
>a 49264,15920,16048,15328
>a 49376,15888,15920,15184
>a 49360,15920,15856,15280
>a 49520,16016,15792,15280
>a 49488,15984,15760,15232
>a 49680,16032,15696,15232
>a 49664,15824,15600,15216
>a 49744,15968,15600,15248
>a 49776,15968,15600,15200
>a 49808,15888,15520,15328
>a 49840,15760,15472,15216
>a 49920,15952,15440,15248
>a 49920,15920,15424,15248
>a 50016,15920,15392,15248
>a 50064,15936,15392,15280
>a 49952,15888,15344,15232
>a 50128,15968,15360,15312
>a 50272,15952,15264,15200
>a 50256,15936,15344,15312
>a 50256,15952,15312,15184
>a 50352,15984,15280,15232
>a 50304,15984,15280,15216
>a 50352,15920,15280,15216
>a 50352,15920,15264,15248
>a 50352,15952,15216,15248
>a 50384,15952,15280,15232
>a 50416,16048,15344,15248
>a 50448,16016,15248,15216
>a 50464,15968,15264,15216
>p 6,90
>a 36384,15696,16688,15232
>a 43792,15792,17408,15360
>a 42672,15856,17616,15312
>a 41888,15792,17888,15280
>a 41328,15808,18032,15312
>p 6,0
>a 44848,15856,17024,15216
>a 48736,15968,16800,15248
>a 49232,15904,16624,15280
>a 49424,15920,16544,15264
>a 49504,15920,16512,15264
>a 49552,15888,16224,15280
>a 49632,15936,16128,15280
>a 49664,15952,16032,15344
>a 49680,15792,15952,15280
>a 49712,15904,15856,15264
>a 49776,15904,15792,15232
>a 49808,15936,15728,15232
>a 49792,15936,15680,15344
>a 49856,16000,15600,15216
>a 49888,15952,15536,15264
>a 49936,15920,15504,15216
>a 49904,15952,15472,15248
>a 50000,15904,15408,15312
>a 49984,16048,15392,15216
>a 50048,15968,15392,15232
>a 50096,15920,15344,15248
>a 50176,16048,15344,15184
>a 50096,15920,15280,15248
>a 50224,16016,15280,15216
>a 50224,16144,15280,15216
>a 50224,15920,15248,15200
>a 50272,15968,15280,15248
>a 50272,15984,15312,15264
>a 50304,15920,15248,15296
>a 50272,15808,15248,15264
>a 50368,15952,15248,15328
>a 50352,15952,15216,15216
>a 50448,15840,15200,15216
>a 50432,15984,15280,15232
>a 50432,15888,15264,15216
>a 50480,15968,15248,15216
>a 50560,15856,15168,15264
>a 50544,15968,15216,15248
>a 50480,15968,15216,15248
>a 50608,15984,15232,15296
>a 50544,15968,15216,15200
>a 50608,15968,15216,15232
>a 50672,15984,15296,15232
>a 50688,15968,15248,15216
>a 50704,15952,15312,15248
>a 50688,15952,15168,15232
>a 50768,15952,15216,15216
>a 50800,15968,15344,15280
>a 50848,15984,15232,15200
>a 50800,15920,15216,15216
>a 50800,15984,15264,15216
>a 50864,15984,15312,15120
>a 50816,16048,15264,15280
>a 50800,15952,15200,15200
>p 6,90
>a 44080,15920,17040,15216
>a 44256,15840,17264,15264
>a 43264,15856,17504,15280
>a 42416,15792,17664,15376
>a 41696,15792,17824,15280
>p 6,0
>a 44128,15824,16848,15280
>a 48816,15984,16640,15248
>a 49296,15904,16496,15248
>a 49456,15936,16352,15280
>a 49584,15920,16240,15312
>a 49648,16032,16144,15232
>a 49712,15920,16048,15248
>a 49712,15888,15936,15280
>a 49760,16016,15760,15280
>a 49824,15936,15760,15280
>a 49840,15920,15664,15184
>a 49872,15840,15648,15232
>a 49968,16016,15536,15200
>a 49904,15936,15504,15248
>a 49952,15856,15584,15248
>a 49952,15952,15440,15232
>a 50000,15920,15424,15216
>a 50000,15952,15408,15264
>a 49936,15968,15376,15216
>a 50096,15888,15328,15216
>a 50096,15968,15344,15328
>a 50096,15952,15296,15248
>a 50160,15968,15296,15152
>a 50208,15936,15280,15232
>a 50224,15968,15216,15200
>a 50256,15968,15280,15264
>a 50224,15920,15248,15248
>a 50304,15968,15216,15248
>a 50352,15920,15232,15312
>p 6,90
>a 42080,15728,16944,15296
>a 44016,15776,17312,15344
>a 43024,15776,17488,15216
>a 42192,15808,17712,15312
>a 41584,15760,17936,15312
>a 41104,15728,18032,15312
>a 40704,15776,18352,15312
>a 40416,15744,18576,15264
>p 6,0
>a 46128,15696,17584,15296
>a 48240,16032,17328,15264
>a 48592,15920,17056,15264
>a 48784,16048,16992,15280
>a 48832,15952,16816,15216
>a 48928,15920,16736,15344
>a 48944,15920,16544,15248
>a 49072,15904,16432,15232
>a 49200,15904,16304,15200
>a 49168,15888,16176,15344
>a 49264,15920,16112,15280
>a 49280,15920,15984,15216
>a 49264,16000,15920,15264
>a 49376,15824,15856,15280
>a 49408,15872,15776,15248
>a 49440,15856,15712,15328
>a 49408,15968,15648,15232
>a 49552,15904,15696,15232
>a 49584,15952,15568,15248
>a 49648,15920,15520,15200
>a 49696,15920,15392,15296
>a 49808,16080,15472,15232
>a 49712,15920,15280,15216
>a 49776,15824,15344,15232
>a 49904,16048,15344,15200
>a 49840,15952,15328,15264
>a 49952,15952,15344,15264
>a 50000,15920,15280,15152
>a 49968,15888,15296,15216
>a 50064,15904,15280,15200
>a 50032,15936,15280,15248
>a 50128,15952,15248,15216
>a 50288,15968,15280,15216
>a 50208,15968,15280,15248
>a 50192,15952,15248,15328
>a 50368,15952,15248,15216
>a 50320,15952,15264,15184
>a 50352,15936,15184,15216
>a 50416,15952,15328,15312
>a 50448,15936,15232,15104
>p 6,90
>a 38176,15664,16736,15264
>a 44000,15856,17360,15216
>a 42704,15856,17600,15312
>a 42032,15856,17664,15312
>p 6,0
>a 44528,15824,16656,15216
>a 48912,15952,16528,15264
>a 49360,15776,16320,15248
>a 49488,15920,16272,15280
>a 49584,15904,16112,15280
>a 49712,15920,16048,15248
>a 49776,15952,15936,15344
>a 49744,15920,15824,15248
>a 49872,15952,15808,15248
>a 49808,15888,15680,15264
>a 49856,16048,15776,15232
>a 49840,15920,15584,15248
>a 49936,16032,15520,15216
>a 49952,15952,15520,15184
>a 49968,16000,15472,15248
>a 50016,15952,15408,15184
>a 50016,15968,15392,15184
>a 50000,15936,15376,15200
>a 50080,15904,15408,15136
>a 50080,15968,15216,15232
>a 50096,15984,15328,15216
>a 50128,15936,15248,15200
>a 50160,15952,15296,15216
>a 50160,15968,15312,15248
>a 50144,15920,15232,15264
>a 50224,15888,15216,15216
>a 50224,15920,15216,15280
>a 50272,15952,15248,15184
>a 50304,15952,15232,15168
>a 50320,16080,15248,15168
>a 50272,15936,15184,15248
>a 50320,15920,15296,15232
>a 50352,15920,15216,15232
>a 50368,15936,15248,15248
>a 50480,15920,15232,15280
>a 50480,15968,15168,15136
>a 50432,15888,15184,15200
>a 50512,15952,15168,15232
>a 50544,15984,15216,15200
>a 50496,15952,15216,15216
>a 50512,15856,15184,15280
>a 50560,15952,15184,15232
>a 50576,15968,15232,15184
>a 50656,15952,15216,15216
>a 50624,15952,15248,15312
>a 50640,15968,15248,15248
>a 50544,15920,15248,15216
>a 50736,15984,15200,15200
>a 50736,15952,15200,15312
>a 50736,15952,15200,15216
>a 50784,16048,15200,15200
>a 50784,15984,15248,15200
>a 50752,15904,15248,15216
>a 50848,16048,15152,15184
>a 50800,15984,15296,15248
>a 50832,15936,15184,15216
>a 50864,15984,15312,15312
>a 50944,16080,15248,15232
>a 50864,15936,15216,15248
>a 50864,15904,15216,15200
>a 50832,16016,15232,15200
>a 50944,15984,15248,15248
>a 50864,16048,15216,15264
>a 50912,15984,15248,15216
>a 50896,16000,15248,15248
>p 5,90
>a 50944,16000,15248,15232
>a 50960,15936,15216,15232
>a 50912,15952,15232,15328
>a 50960,15920,15232,15248
>a 50944,15920,15248,15184
>a 50992,16016,15200,15232
>a 50944,15952,15232,15248
>a 50944,15984,15248,15200
>a 50928,15984,15200,15200
>p 5,0
>a 50992,16000,15280,15216
>a 50864,15952,15216,15248
>a 50992,15984,15248,15216
>a 50992,15904,15248,15200
>a 50960,15968,15248,15232
>p 5,90
>a 50976,15952,15216,15264
>a 50944,15984,15120,15248
>a 50928,15984,15232,15248
>a 50960,15936,15280,15216
>a 50960,15984,15200,15200
>a 50928,15936,15344,15216
>a 51056,16096,15344,15232
>p 5,0
>a 50992,16000,15328,15200
>a 50960,16016,15216,15216
>a 50976,15984,15216,15216
>a 51024,15984,15200,15296
>a 50976,16000,15152,15216
>a 50992,16000,15264,15248
>a 50992,16080,15216,15152
>a 51008,15984,15232,15312
>a 50976,15968,15248,15200
>a 50976,16000,15264,15296
>a 50960,15984,15184,15216
>a 50992,15968,15232,15232
>a 50992,15968,15264,15216
>a 50992,15984,15264,15248
>a 50992,15984,15232,15232
>a 50992,15984,15152,15168
>a 50976,15984,15216,15248
>a 50992,15920,15232,15152
>a 51056,15952,15200,15232
>a 51024,15984,15088,15216
>p 6,90
>a 35888,15712,16576,15248
>a 43888,15920,17344,15360
>a 43168,15824,17664,15376
>p 6,0
>a 48352,15936,16080,15248
>a 49712,15920,16080,15280
>a 49952,15968,15968,15264
>a 50080,15952,15888,15232
>a 50080,15904,15824,15248
>a 50096,15952,15776,15216
>a 50160,15952,15648,15232
>a 50176,15920,15536,15248
>a 50208,15952,15504,15232
>a 50192,15952,15280,15184
>a 50320,15952,15424,15232
>a 50272,15968,15408,15216
>a 50224,15984,15344,15216
>a 50272,15952,15328,15280
>a 50256,15904,15408,15232
>a 50288,15968,15408,15216
>a 50256,16048,15344,15216
>a 50272,15952,15232,15216
>a 50256,15936,15264,15200
>a 50272,15920,15264,15216
>a 50304,15920,15216,15264
>a 50224,15920,15248,15216
>a 50288,15920,15248,15232
>a 50288,15952,15200,15216
>a 50304,15984,15200,15232
>a 50400,15968,15232,15200
>a 50352,15952,15168,15216
>a 50336,15952,15296,15120
>a 50416,15984,15328,15248
>a 50224,15856,15232,15216
>a 50384,15968,15248,15216
>a 50416,15904,15248,15232
>a 50480,16048,15248,15232
>a 50464,16176,15216,15216
>a 50384,15984,15248,15216
>a 50480,15920,15152,15168
>a 50480,15952,15120,15168
>a 50384,15952,15216,15216
>