
>v 1 Jul 11 2014, <C1459854>
>a 65520,15744,24112,15440
>a 65520,15776,24128,15440
>a 65520,15792,24112,15504
>a 65520,15792,24176,15456
>a 65520,15776,24176,15472
>a 65520,15776,24176,15408
>a 65520,15792,24176,15472
>a 65520,15776,24176,15408
>a 65520,15728,24144,15536
>a 65520,15776,24160,15376
>a 65520,15792,24112,15488
>a 65520,15760,24144,15520
>a 65520,15776,24208,15440
>a 65520,15776,24144,15424
>a 65520,15776,24096,15584
>a 65520,15744,24160,15472
>a 65520,15824,24144,15440
>a 65520,15744,24144,15536
>a 65520,15776,24144,15472
>a 65520,15712,24144,15440
>a 65520,15776,24176,15344
>a 65520,15760,24176,15440
>a 65520,15760,24144,15456
>a 65520,15840,24160,15424
>a 65520,15760,24256,15536
>a 65520,15744,24176,15344
>a 65520,15792,24112,15456
>a 65520,15728,24176,15456
>a 65520,15792,24160,15456
>a 65520,15792,24176,15440
>a 65520,15728,24144,15456
>a 65520,15776,24112,15424
>a 65520,15856,24176,15392
>a 65520,15712,24160,15440
>a 65520,15760,24128,15456
>a 65520,15728,24112,15440
>a 65520,15920,24256,15472
>a 65520,15760,24112,15456
>a 65520,15792,24160,15472
>a 65520,15792,24176,15424
>a 65520,15760,24112,15488
>a 65520,15888,24128,15312
>a 65520,15776,24096,15520
>a 65520,15760,24224,15456
>a 65520,15696,24240,15472
>a 65520,15792,24176,15488
>a 65520,15744,24144,15424
>a 65520,15792,24080,15456
>a 65520,15856,24112,15392
>a 65520,15792,24176,15456
>a 65520,15792,24112,15440
>a 65520,15792,24176,15472
>a 65520,15776,24176,15472
>a 65520,15744,24240,15520
>a 65520,15760,24160,15472
>a 65520,15648,24128,15440
>a 65520,15760,24048,15472
>a 65520,15728,24048,15504
>a 65520,15760,24048,15408
>a 65520,15792,24176,15456
>a 65520,15792,24096,15472
>a 65520,15792,24160,15488
>a 65520,15696,24144,15456
>a 65520,15760,24160,15456
>a 65520,15776,24224,15456
>a 65520,15776,24176,15568
>a 65520,15776,24160,15536
>a 65520,15776,24256,15456
>a 65520,15792,24128,15456
>a 65520,15760,24160,15456
>a 65520,15760,24160,15488
>a 65520,15776,24160,15328
>a 65520,15792,24144,15488
>a 65520,15728,24160,15472
>a 65520,15760,24096,15472
>a 65520,15792,24160,15408
>a 65520,15776,24144,15472
>a 65520,15856,24096,15408
>a 65520,15760,24096,15456
>a 65520,15792,24160,15472
>a 65520,15744,24144,15552
>a 65520,15776,24096,15472
>a 65520,15776,24176,15424
>a 65520,15792,24112,15456
>a 65520,15696,24160,15472
>a 65520,15792,24160,15472
>a 65520,15712,24176,15488
>a 65520,15776,24128,15504
>a 65520,15744,24128,15504
>a 65520,15760,24160,15472
>a 65520,15872,24160,15504
>a 65520,15760,24176,15504
>a 65520,15760,24128,15520
>a 65520,15760,24128,15456
>a 65520,15840,24032,15456
>a 65520,15856,24144,15488
>a 65520,15776,24128,15456
>a 65520,15792,24176,15488
>a 65520,15632,24160,15392
>a 65520,15760,24144,15440
>a 65520,15792,24160,15488
>a 65520,15744,24096,15456
>a 65520,15760,24144,15536
>a 65520,15728,24128,15456
>a 65520,15776,24224,15424
>a 65520,15776,24160,15456
>a 65520,15776,24112,15376
>a 65520,15760,24144,15456
>a 65520,15872,24144,15488
>a 65520,15744,24144,15536
>a 65520,15744,24240,15440
>a 65520,15792,24144,15472
>a 65520,15856,24176,15472
>a 65520,15728,24096,15440
>a 65520,15792,24096,15552
>a 65520,15792,24240,15280
>a 65520,15824,24128,15472
>a 65520,15792,24112,15472
>a 65520,15760,24240,15504
>a 65520,15792,24128,15456
>a 65520,15792,24144,15440
>a 65520,15760,24112,15456
>a 65520,15776,24128,15664
>a 65520,15728,24144,15472
>a 65520,15776,24064,15488
>a 65520,15856,24128,15456
>a 65520,15856,24144,15440
>a 65520,15696,24112,15456
>a 65520,15856,24144,15424
>a 65520,15776,24176,15488
>a 65520,15632,24128,15408
>a 65520,15744,24160,15472
>a 65520,15792,24160,15552
>a 65520,15728,24112,15456
>a 65520,15728,24144,15456
>a 65520,15776,24224,15472
>a 65520,15760,24096,15440
>a 65520,15904,24144,15440
>a 65520,15760,24128,15440
>a 65520,15808,24176,15472
>a 65520,15856,24144,15552
>a 65520,15744,24176,15440
>a 65520,15792,24144,15504
>a 65520,15808,24144,15488
>a 65520,15856,24144,15472
>a 65520,15792,24160,15488
>a 65520,15776,24160,15376
>a 65520,15792,24176,15568
>a 65520,15792,24144,15456
>a 65520,15792,24144,15472
>a 65520,15760,24144,15440
>a 65520,15728,24160,15472
>a 65520,15792,24128,15472
>a 65520,15776,24176,15472
>a 65520,15776,24240,15536
>a 65520,15776,24096,15456
>a 65520,15792,24128,15456
>a 65520,15696,24112,15440
>a 65520,15760,24304,15472
>a 65520,15792,24176,15472
>a 65520,15728,24112,15472
>a 65520,15760,24240,15472
>a 65520,15728,24192,15472
>a 65520,15776,24176,15424
>a 65520,15744,24096,15456
>a 65520,15792,24224,15408
>a 65520,15808,24144,15472
>a 65520,15776,24240,15456
>a 65520,15792,24144,15552
>a 65520,15808,24176,15424
>a 65520,15792,24240,15456
>a 65520,15760,24176,15472
>a 65520,15776,24112,15504
>a 65520,15760,24080,15344
>a 65520,15792,24112,15648
>a 65520,15792,24112,15360
>a 65520,15792,24176,15488
>a 65520,15760,24160,15456
>a 65520,15728,24128,15456
>a 65520,15728,24112,15424
>a 65520,15776,24144,15344
>a 65520,15728,24144,15328
>a 65520,15776,24112,15424
>a 65520,15824,24144,15408
>a 65520,15760,24096,15440
>a 65520,15888,24256,15440
>a 65520,15856,24160,15472
>a 65520,15712,24160,15424
>a 65520,15776,24176,15456
>a 65520,15760,24144,15536
>a 65520,15792,24128,15472
>a 65520,15776,24080,15440
>a 65520,15760,24160,15424
>a 65520,15792,24160,15424
>a 65520,15776,24048,15472
>a 65520,15872,24176,15472
>a 65520,15792,24160,15456
>a 65520,15776,24224,15456
>a 65520,15888,24144,15472
>a 65520,15664,24144,15392
>a 65520,15840,24144,15504
>a 65520,15744,24112,15456
>a 65520,15600,24128,15456
>a 65520,15776,24080,15472
>a 65520,15760,24192,15536
>a 65520,15760,24176,15472
>a 65520,15760,24144,15456
>a 65520,15808,24160,15568
>a 65520,15776,24160,15488
>a 65520,15792,24112,15456
>a 65520,15856,24224,15440
>a 65520,15808,24176,15472
>a 65520,15888,24160,15472
>a 65520,15776,24080,15456
>a 65520,15728,24240,15472
>a 65520,15728,24160,15568
>a 65520,15840,24128,15408
>a 65520,15904,24112,15472
>a 65520,15728,24144,15440
>a 65520,15728,24128,15456
>a 65520,15728,24208,15456
>a 65520,15792,24128,15440
>a 65520,15792,24160,15472
>a 65520,15776,24128,15520
>a 65520,15776,24176,15568
>a 65520,15728,24112,15424
>a 65520,15760,24224,15568
>a 65520,15776,24176,15472
>a 65520,15808,24112,15472
>a 65520,15712,24112,15392
>a 65520,15728,24128,15456
>a 65520,15776,24144,15472
>a 65520,15760,24176,15488
>a 65520,15728,24112,15440
>a 65520,15792,24176,15472
>a 65520,15792,24160,15520
>a 65520,15776,24128,15568
>a 65520,15760,24160,15440
>a 65520,15792,24176,15408
>a 65520,15776,24144,15536
>a 65520,15760,24144,15488
>a 65520,15872,24144,15472
>a 65520,15776,24176,15488
>a 65520,15728,24176,15456
>a 65520,15728,24176,15488
>a 65520,15776,24176,15408
>a 65520,15792,24128,15392
>a 65520,15728,24128,15472
>a 65520,15760,24144,15456
>a 65520,15808,24192,15456
>a 65520,15792,24080,15440
>a 65520,15728,24192,15472
>a 65520,15824,24144,15392
>a 65520,15792,24144,15472
>a 65520,15728,24144,15408
>a 65520,15792,24144,15312
>a 65520,15776,24160,15472
>a 65520,15760,24160,15472
>a 65520,15792,24160,15424
>a 65520,15776,24160,15472
>a 65520,15760,24160,15488
>a 65520,15760,24224,15456
>a 65520,15760,24160,15472
>a 65520,15728,24160,15472
>a 65520,15744,24160,15536
>a 65520,15776,24112,15488
>a 65520,15792,24176,15456
>a 65520,15792,24144,15552
>a 65520,15632,24224,15440
>a 65520,15792,24160,15536
>a 65520,15760,24256,15424
>a 65520,15776,24176,15472
>a 65520,15776,24240,15472
>a 65520,15792,24240,15408
>a 65520,15776,24160,15472
>a 65520,15840,24176,15472
>a 65520,15792,24112,15488
>a 65520,15664,24144,15456
>a 65520,15808,24128,15440
>a 65520,15744,24176,15456
>a 65520,15792,24080,15552
>a 65520,15776,24160,15472
>a 65520,15824,24128,15440
>a 65520,15792,24240,15456
>a 65520,15776,24080,15552
>a 65520,15712,24144,15440
>a 65520,15792,24112,15456
>a 65520,15792,24176,15568
>a 65520,15760,24176,15456
>a 65520,15792,24240,15488
>a 65520,15760,24112,15472
>a 65520,15872,24128,15456
>a 65520,15824,24160,15472
>a 65520,15792,24160,15328
>a 65520,15744,24064,15472
>a 65520,15792,24256,15456
>a 65520,15776,24080,15456
>a 65520,15808,24128,15520
>