... WTF(1)
>
>
>
>
>
>
>
>
>adasd... WTF(1)
>
>
>
>
>
>
>
>
>
>a  >a(dc)    U1,I1,U2,I2   ... 102V,2A,0V,1A
>a(dc)    idle          ... 0V,0A,0V,0A
>a(dc)    Isimm,I,Uh,Ul ... 0A,0A,884V,0V
>
>
>
>
>D 0,100
S3FD000000009051002099010008A1010008A3010008A5010008A7010008A901000800000000000000000000000000000000AB010008AD01000800000000AF010008951B0008B3010008B3010008B3010008B3010008B3010008B3010008B3010008B3010008B3010008B3010008B3010008B3010008B3010008B3010008B3010008B3010008B3010008B3010008B3010008B3010008B3010008B3010008B3010008B3010008B3010008B3010008B3010008B3010008B3010008B3010008B3010008B3010008B3010008B3010008B3010008B3010008B30100083D1C0008B3010008B3010008B3010008B3010008B3010008B3010008B3010008B3010008B2
S30D000000F8B3010008B301000882
>
>