
>v 1 Jul 11 2014, <C1459854>
>a 65520,15824,24176,15408
>a 65520,15840,24288,15536
>a 65520,15792,24176,15440
>a 65520,15872,24176,15472
>a 65520,15664,24160,15392
>a 65520,15744,24112,15376
>a 65520,15856,24144,15552
>a 65520,15792,24176,15536
>a 65520,15728,24160,15456
>a 65520,15712,24176,15424
>a 65520,15792,24160,15456
>a 65520,15840,24176,15456
>a 65520,15776,24160,15440
>a 65520,15776,24144,15456
>a 65520,15776,24224,15472
>a 65520,15856,24176,15472
>a 65520,15744,24128,15568
>a 65520,15792,24160,15472
>a 65520,15760,24176,15424
>a 65520,15856,24080,15424
>a 65520,15792,24240,15472
>a 65520,15744,24112,15440
>a 65520,15776,24176,15472
>a 65520,15760,24128,15424
>a 65520,15760,24144,15440
>a 65520,15760,24096,15424
>a 65520,15744,24144,15408
>a 65520,15776,24096,15456
>a 65520,15824,24144,15488
>a 65520,15760,24144,15456
>a 65520,15696,24160,15472
>a 65520,15728,24080,15520
>a 65520,15776,24160,15472
>a 65520,15760,24096,15456
>a 65520,15760,24160,15456
>a 65520,15792,24016,15472
>a 65520,15776,24128,15472
>a 65520,15776,24176,15440
>a 65520,15808,24128,15456
>a 65520,15760,24128,15456
>a 65520,15760,24176,15472
>a 65520,15744,24160,15536
>a 65520,15776,24176,15504
>a 65520,15792,24112,15472
>a 65520,15792,24160,15296
>a 65520,15712,24160,15456
>a 65520,15792,24176,15568
>a 65520,15760,24096,15472
>a 65520,15856,24048,15472
>a 65520,15792,24176,15456
>a 65520,15824,24240,15456
>a 65520,15888,24176,15552
>a 65520,15712,24016,15568
>a 65520,15776,24160,15488
>a 65520,15808,24112,15440
>a 65520,15760,24160,15408
>a 65520,15632,24144,15472
>a 65520,15776,24224,15456
>a 65520,15760,24224,15472
>a 65520,15760,24160,15440
>a 65520,15888,24208,15424
>a 65520,15744,24144,15440
>a 65520,15808,24112,15456
>a 65520,15696,24144,15424
>a 65520,15792,24160,15472
>a 65520,15760,24144,15472
>a 65520,15728,24176,15440
>a 65520,15792,24176,15472
>a 65520,15760,24144,15424
>a 65520,15776,24096,15440
>p 7,12
>p 7,12
>p 7,13
>p 7,14
>p 7,15
>p 7,16
>a 65520,15856,24144,15408
>p 7,17
>p 7,18
>p 7,19
>a 65520,15728,24176,15456
>p 7,20
>p 7,22
>p 7,23
>a 65520,15856,24112,15552
>p 7,24
>p 7,25
>a 65520,15760,24144,15456
>a 65520,15760,24144,15408
>a 65520,15744,24208,15472
>a 65520,15760,24144,15440
>a 65520,15792,24144,15456
>a 65520,15776,24128,15456
>a 65520,15776,24144,15408
>a 65520,15760,24144,15488
>a 65520,15760,24112,15280
>a 65520,15792,24176,15472
>a 65520,15760,24160,15472
>a 65520,15648,24016,15456
>a 65520,15776,24176,15472
>a 65520,15776,24144,15472
>p 7,26
>a 65520,15952,24160,15472
>p 7,27
>a 65520,18096,24176,15520
>a 65520,17488,24176,15472
>a 65520,17840,24176,15456
>a 65520,17712,24160,15472
>a 65520,17744,24144,15408
>a 65520,17696,24112,15504
>a 65520,17680,24304,15504
>p 7,26
>a 65520,17152,24160,15472
>a 65520,16896,24096,15440
>a 65520,17040,24096,15472
>a 65520,16976,24176,15472
>a 65520,16816,24112,15440
>a 65520,17056,24176,15472
>a 65520,16976,24240,15440
>p 7,25
>a 65520,16976,24176,15440
>p 7,24
>a 65520,16000,24016,15424
>a 65520,15792,24144,15472
>a 65520,15792,24208,15472
>a 65520,15744,24176,15472
>p 7,25
>a 65520,15808,24160,15568
>a 65520,16096,24144,15456
>a 65520,16416,24144,15472
>a 65520,16416,24144,15440
>a 65520,16496,24224,15472
>a 65520,16416,24096,15376
>a 65520,16448,24096,15424
>a 65520,16416,24128,15424
>a 65520,16432,24160,15408
>a 65520,16496,24240,15472
>a 65520,16496,24160,15488
>a 65520,16448,24160,15456
>a 65520,16384,24112,15552
>a 65520,16416,24240,15408
>a 65520,16400,24160,15472
>a 65520,16400,24064,15472
>a 65520,16320,24144,15440
>a 65520,16496,24144,15504
>a 65520,16432,24160,15488
>a 65520,16320,24176,15536
>a 65520,16256,24176,15472
>a 65520,16256,24160,15472
>a 65520,16176,24144,15424
>a 65520,16288,24112,15424
>a 65520,16256,24256,15456
>a 65520,16416,24112,15520
>a 65520,16336,24160,15456
>a 65520,16336,24192,15376
>a 65520,16336,24128,15440
>a 65520,16352,24176,15456
>a 65520,16336,24176,15536
>a 65520,16416,24176,15472
>a 65520,16432,24128,15536
>a 65520,16656,24144,15456
>a 65520,16448,24096,15488
>a 65520,16448,24144,15456
>a 65520,16432,24112,15440
>a 65520,16448,24064,15456
>a 65520,16416,24160,15456
>a 65520,16432,24112,15488
>a 65520,16448,24144,15472
>a 65520,16384,24224,15392
>a 65520,16288,24176,15456
>a 65520,16384,24160,15472
>a 65520,16400,24128,15472
>a 65520,16288,24160,15456
>a 65520,16288,24144,15472
>a 65520,16432,24128,15472
>a 65520,16304,24176,15520
>a 65520,16240,24352,15472
>a 65520,16240,24144,15456
>a 65520,16304,24176,15520
>a 65520,16320,24208,15488
>a 65520,16352,24144,15440
>a 65520,16320,24128,15456
>a 65520,16352,24176,15536
>a 65520,16336,24160,15504
>a 65520,16416,24112,15440
>a 65520,16416,24080,15456
>a 65520,16304,24144,15408
>a 65520,16400,24160,15456
>a 65520,16336,24160,15472
>a 65520,16496,24144,15568
>a 65520,16416,24112,15440
>a 65520,16496,24160,15360
>a 65520,16464,24112,15456
>