
>
>
>
>
>
>
>
>
>
>
>t
0,0,12
100,0,12
100,0,372
200,0,372
200,0,12
300,0,12
300,0,12
1100,0,12
1100,0,10
1110,0,10
1115,0,10
>
>-m 1
>
>
>
>
>
>-m 11
>
>
>
>
>
>
>t
0,0,12
100,0,12
100,0,372
200,0,372
200,0,12
300,0,12
300,0,12
1100,0,12
1100,0,10
1110,0,10
1115,0,10
>
>s 1
>t
0,12,0
100,12,0
100,372,0
200,372,0
200,12,0
300,12,0
300,12,0
1100,12,0
1100,10,0
1110,10,0
1115,10,0
>
>s 2
>t
0,0,12
100,0,12
100,0,372
200,0,372
200,0,12
300,0,12
300,0,12
1100,0,12
1100,0,10
1110,0,10
1115,0,10
>
>s 1
>t
0,12,0
100,12,0
100,372,0
200,372,0
200,12,0
300,12,0
300,12,0
1100,12,0
1100,10,0
1110,10,0
1115,10,0
>
>? ... SWR reset
>-l d0,d1,d2,d3,,d4,d5,d6,d7
>
>-l
>
>
>
>u 700,500,780... WTF(4)
>
>s 180,180,40
>
>
>
>-u h
>
>+m 9,10,11
>
>
>
>q 250,250,36,70,105
>
>q 250,250,36,100,175
>
>q 250,230,36,50,50
>
>
>
>-P
>Packing sectors... 0% Done
>
>
>-i
>
>
>
>t
0,0,0
100,0,0
100,0,0
900,0,0
900,0,0
910,0,0
915,0,0
>
>
>t
0,0,0
100,0,0
100,0,0
900,0,0
900,0,0
910,0,0
915,0,0
>
>t
0,0,0
100,0,0
100,0,0
900,0,0
900,0,0
910,0,0
915,0,0
>
>t
0,0,0
100,0,0
100,0,0
900,0,0
900,0,0
910,0,0
915,0,0
>
>t
0,0,0
100,0,0
100,0,0
900,0,0
900,0,0
910,0,0
915,0,0
>
>t
0,0,0
100,0,0
100,0,0
900,0,0
900,0,0
910,0,0
915,0,0
>
>t
0,0,0
100,0,0
100,0,0
900,0,0
900,0,0
910,0,0
915,0,0
>
>t
0,0,0
100,0,0
100,0,0
900,0,0
900,0,0
910,0,0
915,0,0
>
>t
0,0,0
100,0,0
100,0,0
900,0,0
900,0,0
910,0,0
915,0,0
>
>t
0,0,0
100,0,0
100,0,0
900,0,0
900,0,0
910,0,0
915,0,0
>
>s   
>
>
>
>
>