
>v 1 Jul 10 2014, <A06636A0>
>a 50896,15440,50672,15472
>a 50848,15392,50608,15456
>a 50944,15440,50656,15472
>a 50896,15328,50672,15488
>a 50880,15536,50656,15488
>a 50864,15440,50672,15520
>a 50912,15440,50704,15488
>a 50896,15456,50720,15552
>a 50912,15424,50688,15472
>a 50864,15424,50672,15472
>a 50896,15520,50752,15408
>a 50944,15440,50704,15472
>a 50928,15536,50704,15488
>a 50928,15408,50672,15440
>a 50944,15440,50704,15376
>a 50928,15440,50704,15472
>a 51008,15440,50720,15472
>a 50912,15424,50752,15536
>a 50928,15456,50768,15488
>a 50864,15520,50720,15488
>a 50928,15424,50672,15456
>a 50976,15456,50736,15472
>a 50992,15296,50688,15504
>a 50864,15440,50816,15456
>a 50960,15456,50736,15472
>p 5,90
>a 50976,15504,50784,15536
>a 50976,15456,50752,15456
>a 50960,15264,50752,15488
>a 50928,15456,50720,15456
>a 50976,15376,50672,15456
>a 50976,15440,50768,15520
>a 50976,15520,50768,15488
>p 5,0
>a 50512,15424,49664,15456
>a 49040,15440,48688,15600
>a 48432,15344,48208,15472
>a 47984,15392,47680,15504
>a 47568,15392,47264,15424
>p 5,90
>a 48992,15488,48752,15536
>a 48944,15536,48736,15456
>a 49008,15440,48800,15504
>a 48976,15408,48784,15376
>a 49008,15424,48784,15456
>a 49008,15440,48848,15488
>a 49024,15408,48752,15408
>a 49120,15456,48848,15456
>a 49104,15392,48816,15456
>a 49200,15472,48912,15472
>a 49072,15344,48944,15440
>p 4,90
>a 48928,15472,48544,15472
>a 48528,15488,48272,15456
>a 48320,15472,47984,15456
>a 48016,15424,47664,15440
>a 47600,15472,47376,15456
>a 47360,15424,47152,15456
>p 4,0
>a 47072,15456,46800,15488
>a 46960,15424,46816,15456
>a 47056,15504,46816,15456
>a 47088,15376,46848,15456
>a 47136,15424,46880,15456
>a 47088,15344,46880,15424
>a 47168,15392,46912,15472
>a 47184,15424,46944,15456
>a 47152,15408,46960,15424
>a 47216,15440,46992,15456
>a 47216,15424,47008,15488
>a 47264,15408,47024,15472
>a 47280,15408,47056,15472
>a 47264,15424,47056,15472
>a 47312,15392,47072,15472
>a 47328,15392,47072,15440
>a 47312,15424,47072,15456
>a 47408,15408,47136,15440
>a 47344,15424,47136,15456
>a 47392,15424,47152,15440
>a 47408,15424,47152,15440
>a 47440,15504,47184,15440
>a 47392,15408,47152,15344
>a 47456,15408,47184,15392
>a 47568,15424,47136,15472
>a 47472,15440,47152,15424
>a 47488,15392,47280,15456
>a 47520,15408,47264,15456
>a 47472,15424,47312,15440
>a 47600,15456,47264,15424
>a 47568,15440,47280,15456
>a 47600,15424,47360,15440
>a 47584,15424,47376,15552
>p 6,90
>a 47600,15392,47344,15440
>a 47600,15328,47360,15488
>a 47632,15392,47392,15456
>a 47632,15392,47472,15440
>a 47600,15408,47408,15472
>a 47648,15424,47408,15424
>p 6,0
>a 47872,15408,47424,15456
>a 48064,15424,47440,15536
>a 48336,15424,47408,15424
>a 48480,15408,47440,15392
>a 48688,15456,47536,15440
>a 48928,15440,47456,15472
>a 49056,15520,47536,15472
>a 49328,15424,47472,15472
>a 49408,15456,47456,15424
>a 49680,15424,47488,15408
>p 6,90
>a 49440,15504,47616,15536
>a 47792,15408,47520,15440
>a 47840,15408,47584,15488
>a 47792,15408,47568,15344
>a 47824,15440,47616,15440
>a 47792,15408,47568,15552
>a 47840,15504,47632,15504
>a 47840,15408,47616,15456
>a 47760,15392,47616,15440
>a 47888,15424,47616,15440
>a 47824,15424,47632,15456
>a 47888,15424,47536,15472
>a 47920,15504,47664,15552
>a 47920,15456,47648,15472
>a 47888,15552,47696,15440
>a 47920,15488,47632,15392
>p 7,50
>a 42320,41872,47536,15456
>a 43440,43056,47392,15456
>a 43984,43568,47280,15424
>a 44080,43792,47088,15472
>a 44176,43808,46976,15456
>a 44144,43792,46896,15456
>a 44080,43696,46736,15456
>a 44016,43664,46624,15440
>a 43888,43504,46480,15376
>a 43776,43376,46384,15424
>a 43632,43296,46272,15440
>a 43552,43120,46128,15392
>a 43376,43040,45984,15456
>a 43312,42992,45840,15568
>a 43184,42928,45808,15408
>a 43056,42704,45648,15440
>a 42896,42704,45584,15440
>a 42864,42528,45392,15424
>a 42768,42400,45296,15440
>a 42768,42336,45168,15424
>a 42576,42192,45168,15424
>a 42464,42064,44944,15440
>a 42352,42032,44768,15408
>a 42368,41968,44736,15440
>a 42272,41904,44592,15552
>a 42160,41952,44464,15392
>a 42128,41680,44384,15408
>a 42048,41728,44320,15392
>a 42080,41728,44208,15456
>a 41904,41632,44080,15424
>a 41984,41648,44016,15440
>a 41968,41552,43888,15392
>a 41936,41520,43792,15424
>a 41840,41520,43696,15408
>a 41776,41456,43728,15440
>a 41824,41488,43568,15440
>a 41760,41376,43504,15424
>a 41744,41424,43408,15408
>a 41760,41376,43280,15408
>a 41648,41328,43200,15424
>a 41712,41344,43216,15376
>a 41712,41328,42976,15488
>a 41520,41264,43008,15424
>a 41584,41232,42960,15456
>a 41616,41216,42864,15408
>a 41568,41216,42800,15440
>a 41568,41216,42720,15440
>a 41520,41184,42720,15408
>a 41552,41136,42624,15456
>a 41472,41104,42544,15536
>a 41472,41120,42464,15440
>a 41392,41056,42416,15408
>a 41376,41040,42352,15408
>a 41408,41072,42320,15408
>a 41376,40992,42272,15472
>a 41312,40928,42224,15408
>a 41296,40912,42144,15408
>a 41280,40912,42096,15424
>a 41264,40880,42064,15456
>a 41296,40864,42016,15440
>a 41328,40816,42016,15376
>a 41168,40752,41904,15440
>a 41136,40736,41888,15424
>a 41136,40816,41808,15424
>a 41104,40736,41648,15344
>a 41008,40688,41648,15424
>a 40976,40672,41680,15424
>a 41040,40624,41584,15392
>a 41024,40560,41584,15424
>a 41024,40560,41552,15408
>a 40960,40560,41488,15424
>a 40896,40480,41440,15376
>a 40800,40496,41392,15472
>a 40848,40496,41376,15488
>a 40800,40464,41296,15392
>a 40816,40480,41328,15424
>a 40816,40448,41248,15424
>a 40752,40368,41200,15408
>a 40768,40368,41184,15408
>a 40688,40368,41088,15424
>a 40672,40320,41120,15408
>a 40688,40352,41072,15408
>a 40624,40192,41040,15488
>a 40624,40240,40848,15392
>a 40560,40208,40880,15424
>a 40608,40224,40928,15392
>a 40592,40272,40912,15424
>a 40496,40112,40784,15440
>a 40480,40144,40864,15424
>a 40480,40112,40784,15424
>a 40448,40096,40752,15344
>a 40464,40096,40784,15424
>a 40352,40096,40736,15408
>a 40416,40080,40688,15392
>a 40416,40048,40656,15504
>a 40368,39984,40576,15424
>a 40384,39984,40640,15424
>a 40400,40000,40560,15328
>a 40224,39936,40544,15392
>a 40336,39920,40528,15392
>a 40096,39920,40496,15392
>a 40368,39920,40448,15440
>a 40224,39904,40368,15408
>a 40192,39792,40464,15408
>a 40192,39856,40432,15440
>a 40304,39824,40352,15376
>a 40176,39808,40240,15392
>a 40144,39792,40320,15440
>a 40112,39776,40304,15424
>a 40112,39728,40304,15408
>a 40064,39696,40336,15392
>a 40112,39680,40320,15360
>a 40096,39776,40224,15472
>a 40912,40976,40272,15344
>a 41760,41840,40368,15424
>a 42224,41984,40592,15424
>a 42384,42368,40864,15408
>a 42512,42480,40928,15408
>a 42672,42656,41008,15376
>a 42768,42800,41216,15408
>a 42864,42912,41312,15408
>a 43024,43024,41456,15376
>a 43088,43104,41648,15456
>a 43184,43168,41632,15408
>a 43312,43312,41808,15440
>a 43376,43408,41920,15408
>a 43360,43504,42032,15328
>a 43568,43584,42144,15408
>a 43664,43680,42240,15392
>a 43888,43824,42400,15440
>a 43888,43856,42496,15424
>a 43952,43968,42608,15408
>a 44080,44096,42672,15472
>a 44144,44144,42768,15424
>a 44240,44256,42912,15376
>a 44336,44336,43056,15424
>a 44400,44336,43184,15424
>a 44448,44512,43216,15408
>a 44592,44576,43296,15376
>a 44656,44656,43344,15408
>a 44720,44816,43568,15424
>a 44864,44784,43584,15424
>a 44928,44784,43680,15440
>a 44896,44912,43728,15456
>a 45040,44992,43840,15312
>a 44976,45072,43920,15408
>a 45088,45104,44016,15472
>a 44976,45184,44064,15488
>a 45200,45184,44144,15424
>a 45232,45264,44240,15424
>a 45280,45392,44272,15408
>a 45312,45376,44368,15408
>a 45376,45488,44464,15408
>a 45424,45440,44528,15456
>a 45488,45472,44624,15456
>a 45600,45648,44608,15440
>a 45584,45616,44768,15536
>a 45616,45664,44800,15424
>a 45680,45744,44912,15440
>a 45776,45776,44960,15392
>a 45792,45840,44976,15440
>a 45856,45840,45104,15408
>a 45872,45920,45152,15424
>a 45984,45968,45200,15472
>a 45968,46032,45312,15440
>a 46064,46000,45344,15424
>a 46064,46064,45472,15456
>a 46128,46192,45456,15440
>a 46176,46192,45568,15440
>a 46192,46272,45600,15424
>a 46256,46272,45648,15424
>a 46304,46368,45680,15424
>a 46464,46416,45840,15472
>a 46384,46432,45840,15408
>a 46448,46512,45872,15312
>a 46464,46560,45936,15440
>a 46512,46512,45968,15424
>a 46512,46608,46016,15520
>a 46624,46640,46016,15456
>a 46592,46640,46176,15344
>a 46688,46672,46112,15456
>a 46704,46688,46240,15472
>a 46768,46800,46416,15440
>a 46832,46848,46304,15456
>a 46752,46864,46384,15456
>a 46864,46864,46416,15456
>a 46928,46960,46480,15456
>a 46896,46960,46544,15472
>a 46944,47008,46544,15440
>a 46992,47056,46592,15424
>a 47152,47056,46672,15344
>a 47088,47088,46704,15440
>a 47024,47216,46704,15440
>a 47152,47184,46832,15424
>a 47152,47232,46832,15440
>a 47200,47216,46944,15456
>a 47280,47248,46896,15456
>a 47200,47312,46832,15456
>a 47344,47360,46992,15488
>a 47440,47424,47056,15392
>a 47360,47440,47024,15440
>a 47488,47424,47088,15440
>a 47408,47552,47152,15472
>a 47472,47488,47152,15328
>a 47504,47520,47248,15440
>a 47568,47536,47264,15456
>a 47568,47584,47280,15440
>a 47600,47632,47280,15440
>a 47520,47584,47360,15456
>a 47680,47728,47392,15440
>a 47680,47696,47440,15408
>a 47792,47824,47408,15424
>a 47728,47792,47504,15520
>a 47728,47824,47552,15440
>a 47744,47856,47568,15456
>a 47792,47936,47600,15488
>a 47888,47856,47680,15440
>a 47904,47920,47680,15472
>a 47952,47968,47680,15424
>a 47952,48016,47632,15344
>a 47968,48016,47664,15376
>a 47984,48032,47776,15456
>a 48032,48064,47888,15472
>a 48048,48096,47824,15440
>a 48000,48080,47840,15344
>a 48048,48144,47856,15408
>a 48176,48160,47824,15424
>a 48112,48208,47984,15376
>a 48176,48208,48048,15424
>a 48176,48240,48032,15424
>a 48176,48240,48032,15424
>a 48240,48240,48096,15472
>a 48272,48304,48112,15456
>a 48304,48336,48080,15360
>a 48416,48368,48176,15504
>a 48336,48384,48160,15472
>a 48368,48432,48208,15456
>a 48400,48464,48240,15408
>a 48448,48512,48304,15472
>a 48416,48496,48336,15408
>a 48432,48528,48304,15456
>a 48496,48528,48336,15440
>a 48528,48576,48368,15328
>a 48560,48608,48432,15488
>a 48560,48592,48400,15536
>a 48592,48720,48432,15456
>a 48576,48624,48464,15536
>a 48560,48752,48480,15472
>a 48592,48672,48416,15552
>a 48688,48688,48560,15344
>a 48672,48752,48576,15472
>a 48608,48720,48560,15456
>a 48752,48752,48592,15440
>a 48752,48784,48688,15568
>a 48752,48896,48640,15520
>a 48816,48880,48752,15472
>a 48736,48848,48624,15376
>a 48848,48912,48720,15472
>a 48864,48912,48752,15456
>a 48864,48944,48720,15408
>a 48848,48880,48768,15472
>a 48800,48944,48816,15456
>a 48992,49008,48816,15472
>a 48976,49008,48848,15488
>a 48912,49072,48896,15472
>a 48992,49056,48800,15456
>a 48944,49008,48864,15456
>a 49024,49056,48976,15520
>a 49056,49104,48976,15472
>a 49136,49104,49008,15488
>a 49040,49072,49024,15424
>a 49056,49104,48960,15472
>a 49104,49136,49008,15504
>a 49072,49136,49024,15488
>a 49072,49248,49008,15456
>a 49136,49232,49104,15488
>a 49184,49232,49072,15472
>a 49328,49264,49120,15472
>a 49216,49248,49104,15456
>a 49216,49280,49104,15472
>a 49232,49232,49120,15456
>a 49232,49312,49184,15456
>a 49264,49296,49216,15456
>a 49296,49328,49200,15456
>a 49264,49296,49200,15456
>a 49344,49392,49248,15472
>a 49312,49392,49232,15424
>a 49360,49440,49248,15472
>a 49328,49440,49280,15552
>a 49392,49440,49264,15456
>a 49408,49440,49296,15472
>a 49424,49520,49328,15472
>a 49456,49488,49360,15456
>a 49472,49488,49376,15472
>a 49456,49520,49392,15472
>a 49424,49520,49328,15456
>a 49488,49488,49392,15456
>a 49408,49504,49360,15440
>a 49504,49568,49488,15456
>a 49488,49552,49456,15456
>a 49536,49520,49472,15456
>a 49568,49616,49488,15440
>a 49568,49600,49424,15440
>a 49552,49568,49552,15472
>a 49696,49616,49616,15392
>a 49616,49696,49504,15472
>a 49536,49584,49584,15536
>a 49632,49680,49568,15456
>a 49632,49680,49568,15472
>a 49568,49712,49568,15376
>a 49664,49760,49648,15472
>a 49648,49712,49584,15456
>a 49632,49712,49616,15456
>a 49712,49776,49648,15456
>a 49632,49760,49584,15456
>a 49792,49808,49648,15456
>a 49712,49760,49648,15488
>a 49712,49776,49760,15504
>a 49776,49776,49728,15280
>a 49808,49888,49792,15456
>a 49776,49888,49728,15488
>a 49760,49888,49808,15424
>a 49792,49872,49776,15504
>a 49824,49872,49776,15440
>a 49824,49904,49840,15456
>a 49776,49888,49792,15408
>a 49856,49904,49776,15440
>a 49840,49904,49808,15472
>a 49872,49904,49840,15472
>a 49872,49936,49824,15440
>a 49968,49936,49872,15440
>a 49936,49968,49840,15440
>a 49904,49984,49872,15456
>a 49952,50064,49904,15456
>a 49920,49968,49840,15456
>a 49968,50000,49888,15472
>a 49952,50032,49920,15440
>a 50000,50048,49952,15488
>a 49968,50064,49984,15472
>a 49968,50064,49952,15456
>a 50032,50080,49968,15456
>a 49984,50160,49984,15488
>a 49968,50032,50000,15344
>a 50064,50096,50000,15440
>a 50032,50096,50000,15440
>a 50112,50112,50000,15456
>a 50080,50064,50016,15472
>a 50080,50128,50064,15424
>a 50064,50144,50032,15408
>a 50032,50128,50016,15392
>a 50080,50144,50048,15440
>a 50080,50160,50048,15408
>a 50000,50160,50112,15488
>a 50096,50160,50032,15456
>a 50096,50160,50096,15456
>a 50096,50176,50080,15488
>a 50096,50160,50064,15440
>a 50144,50256,50160,15376
>a 50144,50192,50096,15552
>a 50064,50192,50096,15472
>a 50160,50160,50096,15504
>a 50160,50208,50112,15440
>a 50176,50192,50144,15488
>a 50256,50224,50160,15456
>a 50208,50176,50160,15472
>a 50192,50224,50160,15488
>a 50208,50272,50176,15472
>a 50256,50304,50192,15472
>a 50192,50304,50208,15472
>a 50192,50288,50208,15552
>a 50208,50288,50208,15456
>a 50256,50320,50240,15456
>a 50256,50336,50224,15488
>a 50288,50336,50224,15472
>a 50240,50336,50256,15488
>a 50288,50352,50240,15472
>a 50352,50384,50224,15456
>a 50304,50368,50320,15440
>a 50320,50384,50160,15344
>a 50320,50352,50320,15472
>a 50272,50400,50304,15472
>a 50288,50384,50256,15456
>a 50224,50400,50288,15440
>a 50256,50384,50288,15472
>a 50352,50432,50320,15440
>a 50224,50384,50320,15472
>a 50400,50448,50368,15472
>a 50336,50448,50368,15392
>a 50352,50448,50320,15472
>a 50400,50352,50352,15488
>a 50384,50448,50448,15456
>a 50400,50480,50384,15424
>a 50480,50448,50352,15456
>a 50416,50512,50400,15632
>a 50352,50448,50352,15488
>a 50448,50496,50432,15440
>a 50432,50480,50352,15472
>a 50464,50592,50432,15488
>a 50368,50512,50448,15472
>a 50432,50480,50432,15472
>a 50496,50528,50464,15472
>a 50448,50576,50528,15488
>a 50480,50512,50448,15488
>a 50528,50560,50400,15488
>a 50448,50592,50416,15456
>a 50480,50576,50480,15456
>a 50528,50576,50480,15440
>a 50480,50544,50480,15440
>a 50608,50608,50496,15552
>a 50528,50592,50480,15440
>a 50544,50624,50544,15504
>a 50544,50528,50560,15424
>a 50496,50592,50480,15456
>a 50544,50608,50480,15456
>a 50544,50608,50512,15520
>a 50544,50656,50512,15456
>a 50512,50624,50544,15456
>a 50512,50592,50592,15472
>a 50592,50672,50576,15488
>a 50544,50576,50608,15488
>a 50544,50640,50528,15472
>a 50560,50704,50544,15472
>a 50608,50672,50608,15488
>a 50592,50640,50592,15440
>a 50544,50560,50544,15376
>a 50608,50736,50560,15440
>a 50544,50656,50592,15488
>a 50608,50640,50544,15520
>a 50656,50704,50576,15440
>a 50640,50640,50592,15488
>a 50592,50672,50576,15440
>a 50608,50688,50592,15344
>a 50608,50672,50656,15504
>a 50592,50672,50544,15472
>a 50592,50688,50640,15472
>a 50768,50688,50608,15456
>a 50656,50768,50640,15440
>a 50640,50672,50592,15440
>a 50768,50720,50576,15488
>a 50608,50720,50672,15472
>a 50656,50656,50592,15552
>a 50736,50736,50656,15456
>a 50656,50752,50672,15568
>a 50608,50720,50688,15456
>a 50704,50736,50672,15568
>a 50688,50672,50656,15472
>a 50672,50752,50656,15472
>a 50704,50864,50688,15456
>a 50688,50768,50704,15392
>a 50704,50784,50672,15440
>a 50704,50768,50704,15488
>a 50704,50720,50688,15440
>a 50640,50752,50704,15536
>a 50736,50800,50720,15456
>a 50736,50752,50656,15488
>a 50720,50816,50784,15472
>a 50736,50800,50752,15456
>a 50752,50848,50736,15488
>a 50736,50784,50704,15456
>a 50832,50848,50656,15488
>a 50736,50816,50736,15504
>a 50752,50880,50752,15472
>a 50752,50832,50672,15488
>a 50768,50816,50752,15472
>a 50800,50848,50784,15408
>a 50784,50864,50736,15504
>a 49648,49328,50640,15472
>a 47760,47440,50432,15472
>a 46784,46448,50208,15536
>a 46256,45936,50064,15504
>a 45840,45440,49824,15440
>a 45568,45200,49712,15488
>a 45360,44976,49552,15488
>a 45200,44800,49312,15456
>a 45008,44656,49168,15440
>a 44944,44560,49008,15472
>a 44816,44384,48816,15456
>a 44656,44336,48704,15424
>a 44400,44208,48496,15488
>a 44464,44112,48400,15440
>a 44352,44000,48240,15472
>a 44288,43888,48064,15472
>a 44144,43776,47888,15408
>a 44016,43664,47712,15440
>a 44016,43568,47568,15456
>a 43808,43472,47456,15440
>a 43776,43552,47264,15520
>a 43680,43312,47152,15408
>a 43600,43264,46976,15456
>a 43536,43104,46848,15456
>a 43440,43056,46752,15440
>a 43328,42960,46624,15440
>a 43232,42864,46528,15440
>a 43264,42640,46368,15472
>a 43120,42752,46240,15456
>a 43040,42608,46096,15424
>a 42992,42624,46000,15440
>a 42896,42528,45856,15456
>a 42800,42432,45728,15440
>a 42752,42448,45536,15504
>a 42704,42352,45488,15456
>a 42656,42240,45392,15456
>a 42608,42320,45232,15408
>a 42496,42208,45168,15456
>a 42528,42096,45056,15376
>a 42560,42336,44960,15456
>a 42592,42128,44896,15440
>a 42448,42032,44768,15456
>a 42288,41904,44752,15424
>a 42208,41856,44544,15408
>a 42144,41760,44464,15424
>a 42032,41648,44288,15424
>a 41904,41456,44208,15424
>a 41776,41376,44128,15424
>a 41648,41280,44016,15376
>a 41504,41184,43936,15456
>a 41392,41008,43856,15344
>a 41264,41008,43696,15392
>a 41184,40880,43632,15472
>a 41072,40704,43520,15424
>a 40928,40544,43456,15424
>a 40832,40480,43312,15424
>a 40688,40368,43216,15424
>a 40608,40240,43136,15440
>a 40496,40160,43136,15376
>a 40304,40000,42944,15440
>a 40272,39888,42880,15456
>a 40112,39680,42736,15456
>a 40016,39648,42640,15392
>a 39776,39488,42512,15456
>a 39808,39408,42416,15360
>a 39696,39312,42320,15424
>a 39568,39184,42224,15376
>a 39504,39104,42016,15408
>a 39344,38960,42096,15440
>a 39152,38848,41776,15408
>a 39056,38864,41808,15440
>a 39136,38720,41728,15424
>a 38944,38576,41616,15408
>a 38896,38512,41520,15376
>a 38752,38384,41440,15424
>a 38688,38288,41296,15392
>a 38576,38240,41248,15408
>a 38496,38144,41168,15360
>a 38448,38064,40976,15392
>a 38320,37952,40912,15408
>a 38256,37872,40800,15408
>a 38128,37792,40672,15440
>a 37904,37664,40672,15520
>a 37968,37600,40496,15344
>a 37872,37584,40432,15456
>a 37792,37424,40368,15408
>a 37680,37424,40240,15456
>a 37616,37264,40176,15504
>a 37552,37216,40096,15408
>a 37488,37088,39952,15408
>a 37504,37024,39856,15344
>a 37312,36960,39824,15424
>a 37200,36864,39680,15376
>a 37232,36784,39600,15344
>a 36880,36656,39472,15376
>a 36976,36576,39424,15392
>a 36992,36528,39392,15408
>a 36768,36480,39264,15392
>a 36768,36416,39200,15424
>a 36784,36320,39168,15392
>a 36592,36208,38960,15344
>a 36496,36160,38944,15408
>a 36464,36096,38832,15408
>a 36368,36016,38752,15408
>a 36240,35952,38640,15424
>a 36240,35856,38592,15408
>a 36144,35792,38416,15456
>a 36080,35680,38416,15392
>a 35984,35664,38288,15376
>a 35936,35568,38192,15376
>a 35888,35504,38176,15424
>a 35760,35392,38064,15424
>a 35712,35328,37968,15408
>a 35504,35248,37840,15392
>a 35568,35280,37808,15328
>a 35440,35104,37680,15376
>a 35376,35040,37584,15392
>a 35296,34960,37536,15280
>a 35248,34912,37440,15344
>a 35152,34832,37392,15360
>a 35040,34704,37328,15392
>a 35072,34688,37232,15408
>a 34960,34560,37152,15392
>a 34928,34512,37088,15296
>a 34688,34480,37024,15392
>a 34816,34448,37024,15408
>a 34752,34352,36832,15488
>a 34656,34320,36752,15408
>a 34592,34224,36656,15376
>a 34528,34160,36608,15360
>p 4,90
>a 34576,34176,36448,15488
>a 34912,34560,36144,15504
>a 35072,34928,35904,15472
>a 35024,34736,35632,15392
>a 34880,34480,35488,15440
>a 34608,34400,35392,15424
>a 34432,34224,35072,15344
>a 34240,34048,34864,15376
>a 34096,33824,34672,15408
>a 33968,33696,34320,15344
>a 33680,33472,34288,15344
>a 33504,33312,34096,15344
>a 33328,33136,33872,15328
>a 33184,32976,33712,15376
>a 33040,32784,33488,15504
>a 32848,32544,33392,15376
>a 32672,32448,33200,15376
>a 32688,32272,32992,15344
>a 32336,32128,32832,15328
>a 32176,32016,32608,15360
>a 32000,31808,32480,15392
>a 31840,31616,32272,15376
>a 31696,31568,32112,15376
>a 31504,31280,31968,15344
>a 31328,31184,31808,15344
>a 31280,31056,31728,15376
>a 31136,30768,31520,15344
>a 30960,30656,31344,15456
>a 30832,30672,31264,15280
>a 30688,30560,31024,15344
>a 30608,30288,30976,15344
>a 30416,30160,30800,15328
>a 30320,30032,30576,15344
>a 30160,29936,30368,15376
>a 30048,29792,30272,15344
>a 29904,29872,30128,15328
>a 29840,29568,30016,15296
>a 29680,29488,29840,15328
>a 29600,29328,29760,15344
>a 29488,29248,29664,15264
>a 29392,29184,29520,15344
>a 29328,29040,29360,15312
>a 29232,28944,29344,15280
>a 29168,28928,29120,15312
>a 29120,28864,29040,15264
>a 29040,28832,28944,15312
>a 28992,28784,28848,15232
>a 28960,28720,28784,15312
>a 28928,28800,28656,15296
>a 28960,28720,28624,15328
>a 28768,28656,28560,15312
>a 28880,28624,28576,15200
>a 28832,28576,28512,15344
>a 28784,28528,28368,15328
>a 28592,28480,28384,15408
>a 28688,28464,28448,15296
>a 28496,28400,28112,15216
>a 28560,28320,28144,15328
>a 28528,28384,28192,15328
>a 28464,28256,28112,15344
>a 28400,28160,28048,15312
>a 28368,28080,28096,15296
>a 28368,28064,27920,15344
>a 28208,27920,27888,15344
>a 28144,27952,27808,15344
>a 28144,27872,27744,15328
>a 28080,27824,27712,15280
>a 28000,27856,27632,15328
>a 27984,27744,27584,15328
>a 27696,27632,27504,15312
>a 27840,27600,27456,15312
>a 27696,27568,27408,15328
>a 27728,27408,27344,15216
>a 27680,27424,27360,15216
>a 27632,27344,27136,15312
>a 27584,27312,27120,15312
>a 27536,27232,27072,15344
>a 27440,27136,27040,15280
>a 27376,27104,26992,15312
>a 27360,27104,26944,15360
>a 27296,27040,26880,15264
>a 27232,26960,26800,15344
>a 27120,26944,26720,15344
>a 27216,26832,26624,15392
>a 27056,26848,26688,15296
>a 27024,26848,26576,15312
>a 26944,26704,26512,15392
>a 26800,26672,26464,15312
>a 26864,26688,26512,15392
>a 26752,26496,26352,15280
>a 26736,26560,26304,15264
>a 26640,26336,26224,15312
>a 26592,26336,26176,15296
>a 26544,26256,26112,15312
>a 26528,26224,26064,15328
>a 26480,26192,26048,15296
>a 26416,26160,25968,15280
>a 26352,26112,25936,15328
>a 26368,26064,25824,15376
>a 26256,26016,25824,15312
>a 26272,25936,25664,15328
>a 26144,25872,25696,15328
>a 26096,25712,25648,15312
>a 26000,25824,25552,15296
>a 26048,25680,25520,15312
>a 25936,25648,25552,15296
>a 25872,25632,25392,15280
>a 25856,25584,25376,15264
>a 25776,25504,25328,15312
>a 25712,25552,25248,15296
>a 25680,25424,25200,15280
>a 25632,25360,24976,15408
>a 25600,25280,25120,15376
>a 25520,25248,25136,15280
>a 25456,25200,24992,15296
>a 25280,25136,25040,15280
>a 25376,25120,24896,15280
>a 25312,25088,24832,15328
>a 25296,25008,24784,15312
>a 25232,24976,24720,15264
>a 25312,24944,24720,15296
>a 24976,24784,24672,15312
>a 25088,24800,24464,15248
>a 25056,24752,24624,15312
>a 25008,24752,24608,15280
>a 25104,24704,24432,15312
>a 24912,24640,24384,15344
>a 24880,24624,24384,15280
>a 24816,24496,24320,15312
>a 24768,24480,24272,15328
>a 24816,24448,24176,15280
>a 24672,24384,24144,15280
>a 24656,24400,24160,15312
>a 24560,24304,24064,15280
>a 24512,24304,24032,15296
>a 24608,24240,24016,15296
>a 24448,24192,23952,15152
>a 24416,24144,23920,15296
>a 24400,24112,23984,15184
>a 24320,24080,23824,15296
>a 24240,24032,23776,15264
>a 24256,24000,23760,15280
>a 24224,23968,23744,15312
>a 24176,23984,23600,15280
>a 24112,23904,23616,15328
>a 24096,23776,23568,15280
>a 24032,23808,23504,15280
>a 23888,23760,23504,15392
>a 23968,23728,23424,15344
>a 23952,23664,23392,15296
>a 23856,23600,23312,15280
>a 23888,23600,23312,15264
>a 23776,23536,23280,15296
>a 23776,23504,23200,15280
>a 23664,23472,23200,15312
>a 23680,23408,23136,15152
>a 23648,23408,23072,15312
>a 23536,23344,22896,15264
>a 23552,23296,23024,15296
>a 23536,23296,22928,15264
>a 23504,23232,22960,15360
>a 23536,23168,22896,15264
>a 23408,23168,22896,15264
>a 23360,23104,22800,15248
>a 23472,23104,22784,15296
>a 23344,23024,22784,15424
>a 23232,23040,22672,15280
>a 23248,22976,22704,15312
>a 23248,22960,22656,15264
>a 23216,22848,22576,15264
>a 23136,22896,22608,15312
>a 23088,22800,22512,15280
>a 23008,22784,22480,15280
>a 23008,22800,22512,15296
>a 22976,22736,22416,15280
>a 22944,22656,22368,15264
>a 22896,22640,22320,15296
>a 22832,22720,22320,15296
>a 22848,22512,22256,15264
>a 22720,22544,22240,15280
>a 22800,22624,22192,15312
>a 22784,22480,22224,15280
>a 22704,22416,22096,15264
>a 22688,22416,22128,15264
>a 22640,22416,22128,15312
>a 22624,22368,22048,15312
>a 22688,22304,22064,15312
>a 22544,22272,21968,15248
>p 5,0
>a 22320,22080,21584,15264
>a 22064,21776,21296,15296
>a 21840,21536,20992,15264
>a 21712,21456,20880,15264
>a 21552,21296,20736,15280
>a 21424,21168,20592,15344
>a 21264,21024,20416,15296
>a 21136,20880,20272,15264
>a 21024,20768,20000,15296
>a 20928,20688,19952,15280
>a 20768,20464,19840,15248
>a 20672,20384,19712,15248
>a 20544,20272,19584,15344
>a 20432,20176,19440,15264
>a 20256,20032,19360,15248
>a 20112,19920,19184,15248
>a 20208,19872,19040,15264
>a 20016,19632,18976,15264
>a 19840,19696,18864,15200
>a 19808,19520,18768,15264
>a 19728,19472,18672,15216
>a 19664,19584,18576,15328
>a 19504,19312,18480,15248
>a 19440,19216,18352,15376
>a 19424,19168,18320,15280
>a 19344,19104,18208,15280
>a 19280,19088,18160,15264
>a 19216,18960,18080,15280
>a 19120,18976,18064,15216
>a 19104,18912,17936,15344
>a 19120,18800,17840,15248
>a 19072,18736,17776,15264
>a 18896,18672,17712,15280
>a 18960,18576,17632,15344
>a 18800,18528,17584,15232
>a 18720,18448,17520,15184
>a 18688,18432,17472,15248
>a 18640,18352,17424,15248
>a 18720,18352,17408,15216
>a 18528,18288,17328,15232
>a 18528,18256,17264,15248
>a 18480,18368,17248,15264
>a 18432,18096,17200,15232
>a 18416,18160,17168,15248
>a 18448,18048,17072,15264
>a 18352,18080,17072,15248
>a 18320,18048,17072,15248
>a 18272,18096,16976,15216
>a 18272,17920,16944,15232
>a 18176,17952,16912,15232
>a 18128,17904,16928,15264
>a 18096,17856,16992,15248
>a 18096,17808,16784,15152
>a 18064,17824,16784,15216
>a 18016,17744,16624,15184
>a 18032,17760,16704,15216
>a 17968,17696,16672,15216
>a 17968,17696,16656,15232
>a 17968,17680,16720,15248
>a 17920,17664,16592,15296
>a 17888,17632,16560,15200
>a 17856,17632,16592,15264
>a 17808,17600,16576,15264
>a 17808,17520,16512,15248
>a 17808,17536,16416,15216
>a 17776,17504,16496,15248
>a 17680,17456,16464,15328
>a 17760,17488,16432,15216
>a 17696,17456,16384,15200
>a 17696,17440,16384,15232
>a 17664,17360,16384,15328
>a 17536,17376,16176,15232
>a 17680,17328,16384,15216
>a 17584,17360,16320,15248
>a 17600,17328,16288,15248
>a 17632,17360,16272,15376
>a 17536,17312,16256,15344
>a 17392,17312,16336,15328
>a 17568,17296,16208,15264
>a 17600,17312,16096,15232
>a 17456,17264,16224,15264
>a 17568,17344,16176,15248
>a 17520,17216,16176,15280
>a 17456,17296,16112,15136
>a 17584,17200,16144,15232
>a 17344,17200,16128,15232
>a 17440,17184,16144,15248
>a 17424,17184,16112,15328
>a 17472,17184,16112,15264
>a 17296,17104,16048,15408
>a 17392,17104,16048,15232
>a 17328,17152,16048,15232
>a 17392,17136,16096,15232
>a 17360,17056,16016,15264
>a 17424,17056,16064,15184
>a 17312,17072,15984,15168
>a 17184,17056,16016,15248
>a 17136,16976,15984,15216
>a 17424,17056,15920,15248
>a 17232,17040,16048,15280
>a 17264,16960,15984,15216
>a 17248,16992,15968,15264
>a 17232,16992,15968,15200
>a 17232,16976,15920,15184
>a 17248,16992,15920,15232
>a 17232,16944,15920,15232
>a 17168,16928,15920,15120
>a 17136,16912,15984,15216
>a 17184,16912,15936,15216
>a 17248,16992,15840,15216
>a 17168,16752,15856,15264
>a 17200,16896,15936,15248
>a 17152,16864,15888,15184
>a 17168,16976,15888,15248
>a 17152,16896,15888,15328
>a 17168,16912,15888,15120
>a 17088,16928,15920,15264
>a 17104,16944,15840,15232
>a 17072,16864,15888,15200
>a 17200,16848,15856,15168
>a 17056,16816,15792,15216
>a 17056,16800,15792,15216
>a 17040,16912,15824,15200
>a 17056,16816,15840,15248
>a 17056,16800,15840,15232
>a 17024,16800,15824,15264
>a 17008,16864,15776,15200
>a 17136,16784,15792,15264
>a 16992,16768,15824,15264
>a 17024,16736,15776,15216
>a 17008,16736,15776,15248
>a 17024,16752,15792,15328
>a 16928,16720,15760,15232
>a 16992,16688,15728,15328
>a 16976,16688,15760,15264
>a 16976,16688,15792,15344
>a 16912,16688,15744,15248
>a 16896,16656,15776,15264
>a 16880,16672,15728,15216
>a 16944,16688,15680,15216
>a 16944,16688,15776,15216
>a 17008,16624,15760,15248
>a 16880,16656,15760,15264
>a 16928,16656,15760,15248
>a 16784,16640,15728,15264
>a 16816,16544,15744,15264
>a 16880,16640,15760,15232
>a 16848,16640,15760,15328
>a 16832,16528,15744,15264
>a 16848,16592,15728,15216
>a 16896,16592,15728,15248
>a 16816,16688,15728,15280
>a 16800,16592,15744,15248
>a 16800,16560,15664,15248
>a 16832,16544,15536,15216
>a 16800,16560,15696,15216
>a 16752,16592,15712,15264
>a 16784,16528,15680,15216
>a 16800,16512,15632,15216
>a 16736,16608,15728,15248
>a 16736,16464,15680,15248
>a 16704,16528,15664,15248
>a 16576,16448,15648,15344
>a 16736,16496,15712,15248
>a 16672,16448,15760,15264
>a 16720,16432,15776,15248
>a 16640,16480,15664,15184
>a 16784,16416,15696,15328
>a 16656,16240,15648,15248
>a 16544,16352,15568,15248
>a 16480,16400,15616,15248
>a 16640,16384,15648,15216
>a 16624,16352,15648,15296
>a 16608,16336,15648,15248
>a 16464,16304,15584,15216
>a 16640,16288,15632,15216
>a 16544,16272,15632,15216
>a 16512,16272,15648,15232
>a 16496,16208,15600,15184
>a 16464,16208,15712,15216
>a 16480,16240,15696,15264
>a 16480,16224,15616,15248
>a 16384,16256,15552,15248
>a 16448,16288,15632,15232
>a 16416,16144,15600,15328
>a 16432,16112,15584,15328
>a 16384,16160,15584,15248
>a 16416,16208,15600,15200
>a 16400,16128,15584,15248
>a 16400,16128,15584,15216
>a 16288,16112,15520,15264
>a 16448,16128,15616,15216
>a 16336,16096,15552,15216
>a 16336,16160,15552,15232
>a 16336,16064,15568,15232
>a 16288,16080,15440,15248
>a 16304,16048,15552,15216
>a 16288,16064,15536,15312
>a 16288,16064,15568,15264
>a 16240,16032,15472,15216
>a 16288,15968,15568,15280
>a 16208,16016,15520,15232
>a 16224,16080,15536,15344
>a 16240,15984,15536,15264
>a 16256,16000,15536,15184
>a 16304,16032,15600,15312
>a 16304,15984,15520,15264
>a 16208,15920,15504,15248
>a 16144,15920,15504,15168
>a 16128,15904,15456,15312
>a 16128,15888,15472,15200
>a 16128,15856,15472,15312
>a 16144,15904,15472,15264
>a 16128,15856,15536,15200
>a 16096,15856,15440,15168
>a 16080,15792,15504,15200
>a 16096,15856,15472,15216
>a 16048,15856,15472,15264
>a 16112,15856,15472,15296
>a 15984,15840,15504,15200
>a 16048,15840,15472,15248
>a 16032,15808,15440,15248
>a 16048,15856,15456,15232
>a 16032,15776,15424,15184
>a 16032,15792,15456,15248
>a 16032,15792,15424,15184
>a 16096,15776,15440,15232
>a 15984,15776,15456,15248
>a 15968,15760,15424,15232
>a 15968,15728,15424,15232
>a 15984,15760,15424,15232
>a 16000,15728,15440,15264
>a 15952,15680,15392,15248
>a 15968,15728,15424,15248
>a 15936,15664,15408,15200
>a 15856,15696,15504,15216
>a 15936,15632,15440,15200
>a 15904,15680,15392,15216
>a 15920,15680,15408,15200
>a 15920,15680,15376,15216
>a 15888,15648,15328,15232
>a 15968,15648,15408,15312
>a 15856,15648,15248,15232
>a 15888,15568,15392,15216
>a 15824,15616,15344,15232
>a 15856,15632,15248,15216
>a 15712,15616,15232,15248
>a 15792,15584,15344,15216
>a 15856,15584,15312,15168
>a 15792,15584,15376,15328
>a 15824,15584,15376,15232
>a 15728,15568,15344,15312
>a 15744,15632,15344,15264
>a 15648,15536,15360,15216
>a 15712,15344,15280,15216
>a 15744,15504,15344,15232
>a 15760,15600,15264,15184
>a 15776,15488,15264,15216
>a 15760,15440,15328,15232
>a 15760,15408,15344,15280
>a 15664,15504,15312,15152
>a 15648,15440,15312,15328
>a 15712,15568,15280,15200
>a 15728,15504,15344,15248
>a 15824,15552,15312,15216
>a 15632,15472,15312,15328
>a 15696,15472,15328,15232
>a 15696,15440,15312,15184
>a 15680,15456,15328,15216
>a 15712,15456,15280,15072
>a 15712,15456,15312,15200
>a 15648,15472,15312,15216
>a 15648,15424,15312,15264
>a 15616,15440,15280,15232
>a 15632,15440,15312,15232
>a 15664,15424,15280,15232
>a 15680,15344,15312,15232
>a 15648,15408,15248,15232
>a 15664,15440,15168,15232
>a 15600,15376,15200,15216
>a 15600,15392,15280,15232
>a 15648,15424,15328,15216
>a 15616,15408,15280,15216
>a 15600,15344,15280,15312
>a 15632,15504,15312,15248
>a 15616,15392,15264,15216
>a 15632,15408,15264,15184
>a 15632,15408,15296,15216
>a 15568,15392,15248,15264
>a 15584,15280,15232,15232
>a 15664,15360,15280,15232
>a 15664,15376,15232,15248
>a 15616,15376,15248,15216
>a 15600,15376,15248,15168
>a 15584,15344,15296,15248
>a 15536,15344,15136,15216
>a 15616,15344,15216,15328
>a 15584,15360,15280,15248
>a 15536,15312,15280,15232
>a 15536,15312,15264,15312
>a 15680,15312,15264,15216
>a 15584,15376,15232,15232
>a 15536,15440,15280,15264
>a 15584,15392,15184,15312
>a 15552,15344,15344,15312
>a 15568,15344,15264,15232
>a 15584,15360,15264,15232
>a 15600,15264,15264,15248
>a 15536,15344,15248,15216
>a 15552,15344,15216,15184
>a 15520,15296,15248,15248
>a 15536,15328,15376,15216
>a 15664,15360,15312,15280
>a 15536,15328,15264,15280
>a 15408,15312,15248,15248
>a 15536,15312,15264,15248
>a 15552,15328,15248,15248
>a 15664,15312,15264,15248
>a 15520,15344,15232,15136
>a 15568,15328,15248,15184
>a 15504,15344,15216,15216
>a 15552,15312,15312,15344
>a 15648,15408,15264,15264
>a 15520,15296,15248,15232
>a 15568,15328,15344,15264
>a 15648,15312,15344,15232
>a 15552,15184,15232,15216
>a 15536,15312,15216,15216
>a 15472,15248,15184,15216
>a 15552,15328,15248,15232
>a 15536,15312,15248,15248
>a 15504,15312,15344,15328
>a 15520,15312,15248,15216
>a 15536,15296,15264,15232
>a 15616,15296,15248,15200
>a 15504,15296,15248,15216
>a 15520,15280,15248,15216
>a 15616,15184,15248,15232
>a 15520,15312,15328,15264
>a 15536,15312,15248,15200
>a 15552,15312,15264,15328
>a 15504,15184,15056,15216
>a 15504,15376,15248,15216
>a 15472,15264,15248,15184
>a 15504,15264,15216,15232
>a 15408,15248,15216,15216
>a 15488,15264,15216,15216
>a 15504,15296,15248,15232
>a 15632,15264,15232,15232
>a 15552,15376,15232,15184
>a 15600,15248,15328,15216
>a 15536,15264,15248,15312
>a 15440,15280,15216,15200
>a 15488,15248,15280,15248
>a 15520,15232,15216,15296
>a 15472,15232,15216,15264
>a 15536,15312,15248,15248
>a 15504,15280,15248,15136
>a 15472,15248,15248,15232
>a 15520,15296,15232,15184
>a 15536,15280,15248,15216
>a 15520,15296,15216,15184
>a 15472,15248,15248,15200
>a 15504,15264,15216,15232
>a 15504,15280,15280,15104
>a 15536,15296,15248,15296
>a 15504,15280,15216,15216
>a 15520,15296,15200,15216
>a 15520,15088,15264,15264
>a 15456,15264,15136,15184
>a 15456,15376,15264,15248
>a 15536,15280,15328,15344
>a 15504,15264,15248,15232
>a 15504,15296,15248,15248
>a 15488,15264,15216,15120
>a 15520,15280,15216,15200
>a 15488,15248,15232,15216
>a 15504,15248,15216,15232
>a 15472,15296,15232,15248
>a 15488,15264,15184,15216
>a 15584,15296,15248,15264
>a 15568,15248,15136,15216
>a 15472,15216,15152,15232
>a 15504,15280,15232,15248
>a 15520,15280,15216,15248
>a 15520,15344,15184,15264
>a 15488,15264,15312,15328
>a 15472,15200,15168,15216
>a 15456,15248,15232,15248
>a 15472,15280,15248,15232
>a 15520,15264,15216,15216
>a 15600,15344,15232,15168
>a 15520,15248,15216,15232
>a 15504,15232,15280,15216
>a 15536,15264,15040,15200
>a 15616,15248,15152,15216
>a 15504,15280,15216,15200
>a 15472,15216,15328,15248
>a 15440,15264,15168,15216
>a 15616,15248,15216,15248
>a 15504,15280,15248,15184
>a 15488,15248,15248,15248
>p 5,90
>a 15472,15264,15264,15264
>a 15504,15280,15296,15312
>a 15520,15280,15248,15264
>a 15504,15280,15264,15280
>a 15504,15280,15232,15200
>a 15568,15360,15248,15200
>a 15472,15344,15264,15312
>a 15488,15280,15312,15104
>a 15488,15264,15392,15328
>a 15504,15280,15248,15232
>a 15520,15280,15264,15248
>a 15536,15264,15152,15248
>a 15520,15280,15280,15152
>a 15536,15376,15248,15216
>p 4,0
>a 15536,15312,15280,15232
>a 15488,15280,15248,15232
>a 15504,15264,15248,15216
>a 15552,15312,15280,15216
>a 15552,15312,15264,15216
>a 15536,15296,15280,15264
>a 15536,15328,15312,15264
>a 15552,15328,15312,15264
>a 15520,15296,15280,15424
>a 15536,15280,15312,15328
>a 15552,15280,15312,15328
>a 15568,15344,15312,15232
>a 15536,15280,15328,15232
>a 15568,15424,15312,15216
>a 15760,15312,15312,15168
>a 15536,15328,15264,15232
>a 15600,15344,15312,15264
>a 15552,15344,15344,15296
>a 15520,15280,15296,15232
>a 15568,15328,15312,15216
>a 15552,15344,15280,15264
>a 15536,15312,15328,15216
>a 15648,15312,15344,15184
>a 15568,15328,15312,15232
>a 15504,15312,15344,15216
>a 15584,15344,15280,15216
>a 15520,15312,15344,15216
>a 15552,15424,15312,15200
>a 15568,15344,15344,15216
>a 15552,15344,15216,15200
>a 15616,15344,15344,15344
>a 15568,15344,15344,15216
>a 15552,15344,15280,15216
>a 15632,15376,15248,15120
>a 15632,15376,15344,15216
>a 15632,15344,15344,15232
>a 15664,15344,15376,15216
>a 15728,15520,15424,15248
>a 15824,15552,15424,15248
>a 15920,15696,15472,15232
>a 16144,15936,15520,15216
>a 16640,16352,15600,15200
>a 17216,16928,15696,15216
>a 17712,17408,15792,15248
>a 18080,17808,15936,15248
>a 18512,18080,16064,15264
>a 18816,18496,16144,15248
>a 19152,18864,16336,15248
>a 19520,19232,16336,15216
>a 19856,19552,16592,15184
>a 20208,19920,16624,15248
>a 20512,20176,16720,15216
>a 20784,20528,16848,15248
>a 21072,20832,16976,15136
>a 21408,21136,17040,15232
>a 21872,21424,17200,15248
>a 22000,21712,17344,15184
>a 22128,22032,17424,15216
>a 22560,22256,17648,15248
>a 22912,22544,17648,15232
>a 23216,22816,17856,15264
>a 23472,23152,18048,15280
>a 23744,23424,18128,15216
>a 23968,23728,18304,15232
>a 24272,23984,18480,15264
>a 24544,24240,18576,15264
>a 24848,24496,18704,15232
>a 25056,24688,18848,15264
>a 25328,25024,18880,15184
>a 25584,25232,19104,15264
>a 25824,25456,19248,15264
>a 26064,25744,19392,15216
>a 26272,25968,19536,15264
>a 26544,26224,19712,15280
>a 26800,26464,19840,15280
>a 26992,26672,19968,15280
>a 27280,26976,20096,15280
>a 27520,27200,20272,15264
>a 27728,27392,20416,15264
>a 27920,27600,20560,15248
>a 28160,27856,20736,15264
>p 7,0
>a 31072,19376,21072,15248
>a 32896,15792,21392,15280
>a 33456,15328,21600,15216
>a 33488,15328,21712,15264
>a 33792,15296,22000,15344
>a 33824,15408,22208,15280
>a 34000,15344,22464,15296
>a 34160,15344,22512,15312
>a 34400,15328,22768,15280
>a 34448,15312,22896,15280
>a 34672,15328,23200,15280
>a 34832,15216,23344,15280
>a 34992,15328,23504,15296
>a 35120,15296,23696,15248
>a 35376,15392,23856,15280
>a 35568,15344,24096,15328
>a 35728,15376,24240,15280
>a 35888,15328,24528,15296
>a 36048,15424,24656,15344
>a 36208,15456,24784,15296
>a 36432,15360,25008,15280
>a 36528,15344,25360,15312
>a 36752,15344,25392,15280
>a 36928,15344,25648,15312
>a 37120,15344,25840,15344
>a 37296,15312,26000,15312
>a 37472,15344,26352,15344
>a 37664,15344,26432,15328
>a 37936,15344,26592,15360
>a 38112,15344,26848,15328
>a 38192,15376,27056,15296
>a 38416,15344,27216,15344
>a 38672,15360,27440,15312
>a 38768,15408,27760,15344
>a 38832,15280,27808,15264
>a 39072,15344,28064,15264
>a 39264,15376,28240,15328
>a 39456,15344,28400,15328
>a 39664,15392,28656,15344
>a 39808,15344,28960,15328
>a 39920,15344,28992,15328
>a 40112,15344,29216,15344
>a 40272,15376,29488,15328
>a 40432,15472,29648,15328
>a 40592,15344,29904,15360
>a 40752,15360,30080,15408
>a 40976,15344,30256,15328
>a 41056,15344,30528,15344
>a 41200,15360,30688,15344
>a 41392,15392,30864,15328
>a 41392,15392,31088,15376
>a 41696,15408,31392,15424
>a 41776,15360,31600,15312
>a 42048,15376,31728,15344
>a 42016,15312,31920,15344
>a 42240,15328,32144,15344
>a 42352,15440,32288,15344
>a 42512,15392,32512,15344
>a 42608,15376,32720,15248
>a 42880,15456,33008,15344
>a 42864,15392,33008,15344
>a 43072,15392,33328,15328
>a 43280,15344,33632,15344
>a 43344,15328,33744,15344
>a 43472,15392,33952,15376
>a 43552,15376,34128,15328
>a 43696,15328,34352,15456
>a 43808,15392,34544,15392
>a 43952,15376,34752,15376
>a 44048,15392,34912,15344
>a 44208,15424,35168,15392
>a 44288,15392,35328,15344
>a 44416,15488,35568,15440
>a 44464,15376,35744,15392
>a 44528,15536,35984,15408
>a 44528,15376,36080,15344
>a 44592,15456,36304,15392
>a 44624,15488,36464,15376
>a 44656,15536,36784,15360
>a 44784,15456,36784,15392
>a 44816,15408,37040,15392
>a 44848,15408,37136,15376
>a 44880,15344,37472,15376
>a 44848,15392,37424,15392
>a 44976,15424,37760,15408
>a 45024,15328,37872,15392
>a 45088,15472,38032,15392
>a 45136,15424,38304,15408
>a 45168,15392,38352,15392
>a 45232,15376,38576,15440
>a 45248,15392,38864,15456
>a 45376,15408,38944,15392
>a 45344,15424,39168,15408
>a 45408,15376,39344,15408
>a 45440,15376,39392,15424
>a 45424,15408,39632,15504
>a 45488,15392,39728,15376
>a 45504,15376,39920,15424
>a 45568,15408,40048,15376
>a 45648,15408,40336,15440
>a 45760,15424,40368,15456
>a 45664,15504,40544,15392
>a 45888,15392,40704,15424
>a 45728,15408,40864,15536
>a 45872,15424,41008,15424
>a 45936,15424,40992,15392
>a 45936,15408,41264,15408
>a 45936,15392,41424,15488
>a 45936,15376,41584,15424
>a 46112,15392,41584,15424
>a 46096,15408,41824,15440
>a 46128,15456,41984,15392
>a 46192,15360,42144,15440
>a 46240,15392,42208,15344
>a 46272,15488,42384,15376
>a 46288,15392,42432,15408
>a 46304,15392,42608,15424
>a 46448,15424,42800,15440
>a 46512,15408,42864,15392
>a 46512,15440,43040,15504
>a 46576,15392,43120,15408
>a 46640,15504,43296,15424
>a 46624,15424,43360,15472
>a 46672,15392,43504,15520
>a 46720,15520,43632,15520
>a 46816,15424,43744,15408
>a 46768,15376,43824,15408
>a 46768,15392,44064,15440
>a 46992,15392,44112,15456
>a 46976,15392,44208,15376
>a 46896,15408,44320,15440
>a 47072,15424,44416,15440
>a 47040,15424,44528,15408
>a 47088,15408,44592,15424
>a 47248,15376,44704,15456
>a 47216,15392,44768,15440
>a 47264,15424,44944,15440
>a 47264,15392,45056,15408
>a 47376,15312,45168,15440
>a 47392,15408,45264,15456
>a 47408,15424,45232,15424
>a 47376,15376,45280,15536
>a 47488,15520,45472,15440
>a 47456,15408,45568,15408
>a 47584,15408,45856,15376
>a 47632,15408,45888,15536
>a 47664,15456,45952,15440
>a 47680,15424,46000,15440
>a 47728,15312,46064,15472
>a 47792,15440,46144,15472
>a 47824,15488,46240,15456
>a 47888,15424,46288,15424
>a 47888,15408,46352,15520
>a 47920,15408,46416,15392
>a 48048,15504,46544,15488
>a 47984,15408,46640,15424
>a 48048,15264,46688,15456
>a 48048,15408,46736,15456
>a 48240,15408,46800,15456
>a 48176,15456,46960,15472
>a 48208,15440,46976,15344
>a 48240,15424,47040,15440
>a 48288,15440,47072,15536
>a 48304,15440,47104,15488
>a 48304,15424,47200,15424
>a 48400,15440,47312,15456
>a 48384,15440,47344,15456
>a 48496,15392,47392,15520
>a 48448,15408,47472,15456
>a 48544,15424,47536,15408
>a 48560,15440,47600,15472
>a 48592,15344,47648,15424
>a 48560,15440,47728,15456
>a 48656,15408,47728,15472
>a 48688,15344,47856,15472
>a 48720,15360,47856,15472
>a 48752,15408,47872,15424
>a 48752,15392,48000,15536
>a 48816,15424,48064,15392
>a 48848,15456,48112,15456
>a 48896,15424,48096,15456
>a 48864,15408,48208,15488
>a 49008,15424,48272,15520
>a 48976,15440,48288,15456
>a 49136,15424,48320,15504
>a 49008,15408,48352,15440
>a 49088,15424,48400,15440
>a 49200,15440,48368,15424
>a 49120,15440,48432,15456
>a 49200,15408,48544,15552
>a 49200,15408,48544,15424
>a 49248,15344,48624,15472
>a 49248,15408,48624,15440
>a 49280,15376,48752,15472
>a 49296,15440,48688,15488
>a 49328,15408,48720,15568
>a 49328,15440,48816,15504
>a 49408,15504,48848,15472
>a 49392,15424,48784,15440
>a 49456,15424,48896,15456
>a 49440,15424,48976,15472
>a 49504,15536,48944,15456
>a 49504,15424,49008,15456
>a 49584,15408,49008,15472
>a 49552,15440,49072,15456
>a 49536,15440,49056,15456
>a 49584,15392,49072,15456
>a 49680,15408,49200,15456
>a 49680,15504,49216,15504
>a 49680,15520,49232,15440
>a 49680,15488,49264,15472
>a 49712,15408,49264,15424
>a 49760,15440,49296,15536
>a 49744,15392,49280,15456
>a 49776,15440,49328,15440
>a 49840,15408,49424,15472
>a 49824,15440,49424,15440
>a 49840,15408,49488,15488
>a 49968,15424,49520,15536
>a 49888,15440,49520,15472
>a 49888,15376,49616,15456
>a 49888,15520,49520,15520
>a 49920,15424,49568,15456
>a 49952,15424,49648,15456
>a 49952,15424,49648,15424
>a 49968,15424,49632,15440
>a 49904,15520,49648,15472
>a 50000,15408,49648,15456
>a 50016,15408,49696,15584
>a 50000,15456,49744,15472
>a 50032,15504,49808,15440
>a 50096,15424,49728,15488
>a 50128,15440,49792,15472
>a 50096,15440,49792,15408
>a 50160,15424,49776,15568
>a 50160,15504,49872,15456
>a 50224,15472,49840,15440
>a 50224,15392,50000,15488
>a 50224,15408,49904,15504
>a 50176,15504,49952,15456
>a 50272,15408,49952,15456
>a 50352,15424,49920,15472
>a 50288,15424,49952,15456
>a 50288,15392,49936,15456
>a 50320,15440,50016,15472
>a 50272,15440,50016,15472
>a 50336,15504,50032,15568
>a 50288,15424,50128,15488
>a 50368,15440,50048,15440
>a 50448,15456,50128,15488
>a 50352,15440,50096,15504
>a 50272,15392,50144,15488
>a 50352,15408,50032,15456
>a 50448,15424,50096,15488
>a 50416,15424,50128,15536
>a 50416,15536,50160,15488
>a 50448,15488,50224,15568
>a 50496,15440,50192,15472
>a 50512,15440,50176,15488
>a 50512,15392,50240,15488
>a 50512,15440,50160,15472
>a 50544,15424,50256,15472
>a 50512,15424,50240,15344
>a 50544,15424,50176,15472
>a 50576,15440,50288,15456
>a 50544,15424,50288,15440
>a 50576,15440,50384,15440
>a 50592,15408,50288,15488
>a 50608,15456,50336,15488
>a 50640,15440,50352,15472
>a 50608,15424,50368,15440
>a 50640,15440,50384,15392
>a 50608,15408,50400,15504
>a 50656,15456,50416,15488
>a 50672,15456,50432,15488
>a 50656,15424,50352,15376
>a 50752,15440,50464,15488
>a 50672,15472,50432,15472
>a 50704,15408,50432,15344
>a 50736,15456,50432,15472
>a 50736,15376,50544,15504
>a 50752,15440,50512,15472
>a 50736,15344,50496,15456
>a 50752,15392,50512,15408
>a 50752,15536,50528,15488
>a 50736,15408,50480,15504
>a 50768,15424,50528,15488
>a 50736,15392,50480,15456
>a 50736,15440,50496,15472
>a 50704,15424,50496,15584
>a 50736,15424,50464,15456
>a 50704,15440,50480,15344
>a 50704,15424,50480,15456
>a 50736,15440,50480,15472
>a 50656,15440,50512,15456
>a 50704,15456,50480,15328
>a 50720,15536,50480,15504
>a 50672,15456,50480,15472
>a 50704,15456,50464,15472
>a 50704,15440,50464,15472
>a 50656,15440,50464,15536
>a 50656,15408,50448,15456
>a 50688,15312,50416,15472
>a 50688,15456,50464,15456
>a 50672,15456,50320,15456
>a 50672,15408,50448,15392
>a 50720,15408,50416,15472
>a 50608,15552,50432,15456
>a 50656,15440,50448,15456
>a 50704,15536,50368,15472
>a 50624,15408,50480,15472
>a 50640,15408,50384,15456
>a 50656,15440,50416,15488
>a 50592,15440,50304,15472
>a 50624,15440,50384,15504
>a 50640,15392,50400,15488
>a 50672,15408,50336,15456
>a 50576,15312,50400,15488
>a 50560,15408,50336,15456
>a 50608,15360,50352,15472
>a 50608,15440,50304,15440
>a 50608,15440,50384,15472
>a 50624,15440,50432,15552
>a 50608,15472,50288,15488
>a 50608,15424,50368,15488
>a 50592,15408,50352,15472
>a 50544,15392,50352,15472
>a 50544,15424,50336,15456
>a 50608,15424,50336,15520
>a 50576,15392,50352,15472
>a 50576,15408,50368,15520
>a 50576,15424,50336,15472
>a 50576,15456,50352,15520
>a 50496,15440,50352,15472
>a 50608,15408,50304,15488
>a 50560,15424,50352,15488
>a 50448,15472,50320,15408
>a 50512,15424,50336,15456
>a 50544,15424,50288,15456
>a 50592,15456,50352,15600
>a 50528,15440,50336,15488
>a 50528,15424,50240,15456
>a 50528,15424,50160,15488
>a 50608,15312,50304,15456
>p 4,90
>a 50528,15568,50240,15472
>a 50000,15488,49696,15408
>a 49664,15520,49440,15472
>a 49408,15504,49072,15456
>a 48960,15504,48752,15472
>a 48624,15440,48480,15472
>a 48400,15504,48144,15408
>a 48064,15488,47824,15520
>a 47728,15536,47520,15536
>a 47440,15472,47248,15488
>a 47136,15488,46960,15456
>a 46880,15488,46704,15376
>p 4,0
>a 46816,15584,46512,15424
>a 46800,15456,46656,15456
>a 46864,15408,46512,15440
>a 46864,15440,46656,15440
>a 46864,15408,46656,15424
>a 46864,15328,46672,15440
>a 46896,15392,46672,15440
>a 46896,15392,46656,15424
>a 46944,15424,46768,15472
>a 46928,15392,46736,15440
>a 46960,15408,46832,15472
>a 46944,15424,46704,15472
>a 46960,15408,46688,15440
>a 47008,15408,46752,15392
>a 46992,15440,46704,15456
>a 46960,15504,46752,15456
>a 46992,15456,46800,15424
>p 7,50
>a 41280,40816,46544,15440
>a 41488,41104,46352,15424
>a 41584,41216,46224,15424
>a 41520,41216,46064,15440
>a 41472,41104,45936,15424
>p 7,0
>a 44048,31056,45840,15392
>a 46000,20608,45840,15456
>a 46032,16288,45824,15408
>a 46112,15440,45872,15440
>a 46112,15440,45888,15456
>a 46128,15440,45952,15392
>a 46096,15392,45872,15408
>a 46128,15392,45904,15440
>a 46112,15424,45872,15424
>a 46176,15408,45872,15408
>a 46192,15408,45936,15440
>a 46192,15392,45840,15424
>a 46208,15408,45888,15520
>a 46320,15392,45968,15312
>a 46192,15392,45968,15280
>a 46256,15408,46016,15440
>a 46256,15408,46000,15456
>a 46208,15344,46016,15440
>p 7,50
>a 40496,40048,45776,15472
>a 40848,40464,45648,15456
>a 40912,40544,45536,15456
>a 40912,40544,45360,15424
>a 40816,40432,45200,15424
>a 40688,40336,45104,15408
>a 40640,40240,44784,15424
>p 7,0
>a 44128,26368,44816,15440
>a 45104,18624,44896,15440
>a 45120,15728,44880,15456
>a 45248,15488,44944,15440
>a 45120,15424,44880,15472
>a 45024,15408,44880,15472
>a 45104,15392,44912,15472
>a 45104,15392,44928,15392
>a 45152,15392,44960,15440
>a 45216,15392,44912,15408
>a 45200,15392,44960,15440
>a 45200,15392,44976,15456
>a 45200,15408,44976,15456
>a 45232,15392,44976,15456
>a 45232,15392,45056,15280
>a 45232,15424,45024,15424
>a 45232,15440,44992,15456
>a 45280,15440,44976,15440
>p 7,50
>a 39776,39376,44800,15408
>a 40032,39600,44720,15472
>a 40032,39664,44560,15408
>a 40032,39600,44352,15440
>a 39968,39536,44240,15440
>a 39856,39520,44080,15440
>p 7,0
>a 41120,34976,43920,15424
>a 43888,22320,44016,15440
>a 44080,16832,43888,15376
>a 44176,15408,43888,15408
>a 44208,15376,43936,15440
>a 44192,15392,43952,15328
>a 44240,15424,44080,15472
>a 44240,15360,44000,15424
>a 44208,15376,44016,15424
>a 44192,15520,44048,15440
>a 44272,15392,44016,15440
>a 44288,15392,44048,15376
>p 7,50
>a 38832,38384,43856,15392
>a 39168,38736,43728,15472
>a 39216,38832,43568,15440
>a 39168,38736,43376,15408
>a 39136,38720,43280,15440
>a 39088,38688,43104,15424
>p 7,0
>a 42192,26912,43056,15440
>a 43296,18768,43024,15424
>a 43312,15712,43088,15520
>a 43408,15376,43056,15424
>a 43440,15248,43184,15376
>a 43360,15392,43104,15392
>a 43392,15424,43168,15424
>a 43360,15344,43056,15408
>a 43344,15344,43184,15408
>a 43376,15392,43184,15424
>a 43312,15392,43168,15376
>a 43488,15344,43296,15520
>a 43424,15376,43200,15376
>a 43504,15344,43264,15408
>a 43440,15344,43232,15408
>a 43536,15456,43248,15440
>a 43504,15488,43280,15344
>a 43520,15392,43264,15392
>p 7,50
>a 38096,37648,43120,15328
>a 38464,38080,43008,15424
>a 38576,38256,42800,15520
>a 38544,38160,42688,15344
>p 7,0
>a 40608,30256,42560,15392
>a 42720,20080,42592,15424
>a 42848,16112,42592,15440
>a 42752,15440,42608,15408
>a 42864,15392,42656,15424
>a 42864,15376,42656,15440
>a 42864,15392,42656,15456
>a 42912,15392,42672,15488
>a 42848,15344,42672,15296
>a 42960,15360,42672,15456
>a 42912,15376,42672,15520
>a 42960,15424,42736,15536
>a 43024,15488,42768,15440
>p 7,50
>a 37744,37296,42560,15440
>a 37968,37632,42352,15424
>a 38048,37680,42304,15440
>a 38048,37680,42144,15440
>a 37984,37632,41984,15440
>p 7,0
>a 38928,33856,41776,15440
>a 41824,21648,41904,15488
>a 42064,16688,41872,15488
>a 42096,15408,41968,15392
>a 42192,15408,41872,15408
>p 7,50
>a 36912,36448,41760,15504
>a 37264,36912,41488,15280
>a 37408,36944,41392,15344
>p 7,0
>a 37872,34480,41392,15504
>a 41120,21744,41344,15408
>a 41552,16720,41392,15408
>a 41488,15360,41296,15392
>a 41568,15360,41280,15520
>a 41568,15280,41376,15408
>a 41600,15344,41376,15312
>a 41584,15472,41328,15472
>a 41648,15376,41408,15408
>a 41648,15392,41392,15392
>a 41600,15376,41392,15392
>a 41648,15344,41456,15440
>a 41680,15328,41440,15424
>a 41696,15344,41456,15328
>p 7,50
>a 41696,15392,41520,15392
>a 36880,36480,41216,15344
>a 36992,36656,41072,15424
>p 7,0
>a 37424,34224,40928,15408
>a 40880,21568,40944,15504
>a 41152,16688,41008,15424
>a 41168,15392,40944,15376
>a 41248,15360,40992,15392
>a 41264,15344,41072,15408
>a 41136,15344,40976,15392
>a 41232,15392,41024,15392
>a 41264,15344,41040,15408
>a 41232,15344,41040,15392
>a 41232,15392,41072,15424
>a 41296,15376,41088,15408
>a 41312,15376,41040,15376
>a 41280,15360,41072,15408
>a 41328,15344,41104,15344
>a 41360,15392,41136,15408
>a 41440,15392,41216,15216
>a 41216,15328,41136,15392
>a 41328,15328,41152,15456
>a 41392,15360,41136,15296
>a 41328,15328,41040,15392
>p 7,50
>a 36336,35872,40928,15424
>a 36672,36272,40816,15392
>a 36720,36336,40656,15376
>p 7,0
>a 40048,23952,40688,15360
>a 40864,17408,40688,15408
>a 40880,15472,40624,15392
>a 40944,15392,40576,15408
>a 40960,15360,40656,15376
>a 40992,15360,40688,15392
>a 40976,15328,40624,15424
>a 40992,15328,40736,15424
>a 40944,15376,40752,15504
>a 41024,15344,40752,15504
>a 41024,15392,40784,15344
>p 7,50
>a 37232,21744,40432,15424
>a 36336,35856,40496,15376
>a 36368,35984,40400,15312
>a 36400,36096,40240,15424
>p 7,0
>a 38176,29392,40112,15392
>a 40336,19632,40192,15408
>a 40368,15952,40112,15376
>a 40384,15392,40112,15312
>a 40464,15408,40240,15264
>a 40288,15344,40160,15408
>a 40496,15312,40080,15456
>a 40464,15408,40272,15424
>a 40432,15376,40208,15424
>a 40400,15344,40288,15392
>a 40480,15376,40272,15488
>p 7,50
>a 35744,35360,40032,15424
>a 35840,35440,39776,15504
>a 35888,35568,39792,15376
>a 35904,35536,39616,15408
>p 7,0
>a 38864,23920,39584,15376
>a 39760,17408,39488,15472
>a 39792,15536,39600,15584
>a 39792,15392,39616,15424
>a 39840,15344,39600,15392
>a 39840,15392,39680,15344
>a 39872,15472,39648,15424
>a 39920,15392,39680,15376
>a 39888,15344,39600,15472
>a 39920,15376,39664,15376
>a 39888,15376,39584,15408
>a 39904,15344,39712,15488
>a 39920,15376,39712,15408
>p 7,50
>a 35296,34880,39504,15488
>a 35376,35008,39360,15424
>a 35488,35104,39216,15408
>a 35488,35072,39088,15392
>p 7,0
>a 38544,23184,39056,15440
>a 39280,17120,39088,15360
>a 39200,15440,39088,15408
>a 39312,15328,39104,15344
>a 39312,15376,39136,15472
>a 39280,15376,39168,15504
>a 39360,15376,39120,15392
>a 39264,15376,39184,15376
>a 39456,15376,39152,15392
>a 39376,15344,39168,15376
>a 39376,15360,39168,15392
>a 39360,15392,39200,15408
>a 39408,15360,39184,15392
>a 39472,15376,39216,15488
>a 39456,15392,39200,15408
>a 39440,15440,39216,15440
>a 39408,15344,39232,15392
>a 39520,15360,39216,15408
>a 39440,15344,39120,15328
>a 39456,15360,39248,15392
>a 39472,15376,39216,15392
>a 39440,15344,39264,15344
>a 39472,15328,39280,15376
>p 7,50
>a 34912,34512,39088,15376
>a 34976,34688,38976,15344
>a 35104,34736,38816,15392
>a 35104,34736,38720,15408
>p 7,0
>a 38192,23056,38656,15408
>a 38864,16960,38688,15456
>a 38960,15376,38640,15408
>a 38880,15360,38560,15392
>a 38976,15344,38688,15424
>a 38960,15344,38672,15408
>a 38896,15344,38688,15408
>a 38832,15344,38816,15440
>a 38928,15216,38704,15472
>a 39008,15264,38752,15408
>a 39008,15360,38704,15408
>a 38992,15344,38752,15392
>a 39008,15344,38768,15408
>a 39024,15376,38704,15408
>a 38992,15456,38640,15408
>a 39040,15456,38880,15472
>a 39008,15440,38800,15376
>a 39040,15344,38800,15504
>a 39056,15392,38768,15424
>a 39056,15440,38832,15344
>a 39056,15376,38928,15424
>a 39024,15344,38768,15424
>a 39056,15344,38816,15408
>a 39024,15360,38800,15392
>a 39040,15344,38784,15392
>a 39072,15440,38864,15520
>a 39088,15456,38880,15488
>a 39056,15312,38832,15488
>a 39088,15344,38864,15408
>a 39088,15344,38768,15376
>p 4,90
>a 39152,15344,38848,15376
>a 38784,15376,38512,15376
>a 38512,15424,38224,15424
>a 38288,15456,38016,15408
>a 38048,15424,37840,15392
>a 37808,15424,37584,15280
>a 37632,15392,37328,15376
>a 37392,15344,37120,15376
>a 37280,15408,36896,15392
>a 36976,15424,36720,15392
>a 36768,15440,36496,15424
>a 36528,15440,36272,15472
>p 4,0
>a 36448,15552,36208,15392
>a 36448,15456,36176,15408
>a 36448,15344,36128,15408
>a 36480,15328,36240,15392
>a 36624,15424,36240,15392
>a 36464,15344,36256,15408
>a 36448,15328,36304,15424
>a 36368,15392,36400,15456
>a 36528,15328,36320,15392
>a 36560,15376,36304,15408
>a 36528,15312,36464,15392
>a 36576,15344,36368,15392
>a 36576,15312,36352,15376
>p 4,90
>a 36384,15344,36096,15344
>a 36208,15312,35920,15328
>a 35936,15344,35712,15344
>a 35744,15360,35520,15376
>a 35520,15376,35312,15376
>a 35344,15440,35056,15440
>p 4,0
>a 35376,15312,35072,15440
>a 35296,15328,35024,15328
>a 35344,15344,35136,15376
>a 35344,15296,35040,15376
>a 35344,15328,35264,15408
>a 35392,15424,35184,15408
>a 35424,15376,35200,15392
>a 35408,15328,35184,15392
>a 35408,15296,35248,15376
>a 35408,15344,35232,15472
>a 35536,15280,35248,15328
>a 35440,15328,35248,15360
>a 35520,15328,35200,15392
>a 35488,15344,35248,15344
>a 35408,15344,35248,15328
>a 35568,15360,35312,15344
>a 35568,15344,35376,15360
>p 4,90
>a 35376,15296,35136,15376
>a 35184,15344,34896,15328
>a 34960,15312,34720,15312
>p 4,0
>a 34912,15344,34672,15344
>a 34896,15312,34576,15344
>a 35072,15344,34720,15392
>a 34960,15344,34720,15376
>a 34992,15344,34736,15392
>a 34960,15312,34880,15376
>a 34976,15312,34704,15392
>p 4,90
>a 34736,15344,34544,15376
>a 34576,15376,34400,15344
>p 4,0
>a 34416,15360,34080,15360
>a 34352,15328,34144,15376
>a 34432,15344,34160,15360
>a 34448,15344,34224,15376
>a 34448,15344,34224,15392
>a 34432,15328,34224,15376
>a 34352,15344,34224,15392
>a 34384,15200,34240,15376
>p 4,90
>a 34448,15472,34304,15392
>a 34224,15328,33872,15376
>a 33984,15344,33744,15360
>p 4,0
>a 34032,15248,33696,15328
>a 34016,15344,33872,15376
>a 34144,15280,33792,15392
>a 34032,15440,33792,15376
>a 34000,15328,33776,15440
>a 34064,15344,33824,15376
>a 34048,15328,33824,15376
>a 34064,15312,33856,15376
>a 33952,15360,33824,15392
>a 34096,15312,33872,15472
>a 34096,15344,33888,15344
>a 34064,15312,33888,15456
>a 34128,15328,33840,15344
>a 34128,15296,33920,15344
>a 34160,15328,33920,15456
>a 34048,15328,33952,15392
>a 34176,15344,33968,15392
>p 7,50
>a 30384,30128,33760,15376
>a 30512,30224,33680,15344
>a 30528,30256,33552,15344
>a 30576,30208,33504,15456
>a 30480,30160,33344,15344
>a 30432,30064,33136,15408
>a 30384,30032,33168,15344
>p 7,0
>a 30608,28064,32992,15360
>a 33040,18704,33072,15344
>a 33360,15680,33184,15344
>a 33312,15328,33104,15312
>a 33312,15312,33104,15344
>a 33296,15312,33136,15344
>a 33376,15328,33120,15360
>p 7,50
>a 29856,29472,32912,15312
>a 29936,29536,32848,15344
>a 29920,29568,32720,15360
>a 29920,29536,32640,15328
>a 29840,29488,32528,15344
>a 29712,29360,32368,15344
>p 7,0
>a 31728,21392,32496,15376
>a 32624,16384,32400,15360
>p 7,50
>a 29200,28432,32320,15360
>a 29328,28976,32224,15376
>a 29280,28976,32112,15344
>a 29328,28960,32096,15344
>p 7,0
>a 31376,21232,32000,15376
>a 32192,16432,31968,15264
>a 32288,15344,32016,15344
>a 32272,15344,31984,15344
>a 32288,15312,32096,15392
>a 32288,15296,31920,15360
>p 7,50
>a 28944,28528,31936,15344
>a 28912,28656,31856,15344
>a 29072,28672,31696,15344
>p 7,0
>a 30512,23072,31648,15360
>a 31888,16976,31696,15312
>p 7,50
>a 28880,27616,31632,15392
>a 28864,28464,31520,15328
>a 28816,28400,31440,15344
>a 28688,28368,31312,15344
>a 28688,28320,31232,15344
>p 7,0
>a 30496,21248,31120,15344
>a 31408,16288,31200,15376
>a 31472,15280,31248,15328
>a 31504,15312,31264,15360
>a 31520,15344,31296,15344
>a 31456,15328,31312,15344
>a 31536,15312,31312,15344
>a 31472,15296,31456,15344
>a 31568,15280,31328,15392
>a 31600,15280,31280,15344
>a 31568,15328,31344,15360
>a 31632,15312,31392,15392
>a 31648,15328,31376,15360
>a 31600,15344,31456,15424
>a 31632,15280,31424,15312
>a 31664,15312,31456,15344
>a 31664,15408,31440,15456
>a 31664,15440,31376,15360
>a 31664,15344,31536,15312
>a 31648,15312,31568,15360
>a 31712,15344,31568,15376
>a 31664,15280,31456,15328
>a 31696,15248,31456,15360
>a 31728,15312,31424,15344
>a 31840,15312,31520,15440
>a 31744,15408,31504,15376
>a 31776,15328,31504,15344
>a 31696,15328,31488,15344
>a 31808,15344,31536,15456
>a 31776,15328,31552,15376
>a 31792,15312,31504,15328
>a 31824,15344,31664,15328
>a 31856,15280,31600,15328
>a 31840,15328,31600,15344
>a 31808,15408,31568,15328
>a 31888,15296,31584,15344
>a 31840,15312,31552,15344
>a 31776,15296,31600,15360
>a 31840,15280,31616,15376
>a 31808,15344,31536,15328
>a 31856,15312,31632,15344
>a 31840,15296,31632,15328
>a 31888,15296,31728,15328
>a 31840,15312,31664,15376
>a 31856,15408,31600,15344
>a 31856,15328,31600,15328
>a 31856,15280,31536,15344
>a 31888,15312,31664,15344
>a 31968,15328,31680,15344
>a 31920,15344,31648,15440
>a 31888,15328,31792,15376
>a 31904,15296,31648,15376
>a 31872,15440,31568,15344
>a 31856,15392,31680,15344
>a 31904,15280,31648,15344
>a 31872,15328,31648,15312
>a 31920,15280,31664,15328
>a 31952,15328,31648,15376
>a 31904,15408,31664,15312
>a 31936,15328,31728,15344
>a 31904,15376,31696,15392
>a 31904,15296,31808,15296
>a 32016,15312,31696,15280
>a 32048,15344,31712,15344
>a 32048,15344,31696,15312
>a 31776,15344,31664,15312
>a 31920,15312,31696,15216
>a 31856,15392,31792,15328
>a 31952,15280,31568,15264
>a 31856,15296,31664,15344
>a 31920,15312,31712,15312
>a 31984,15424,31696,15344
>a 31952,15264,31728,15328
>a 31920,15328,31728,15312
>a 31984,15328,31728,15344
>a 31984,15344,31728,15392
>a 31952,15312,31712,15360
>a 31968,15424,31872,15376
>a 31952,15296,31776,15344
>a 31920,15408,31728,15296
>a 32064,15296,31744,15344
>a 31920,15280,31664,15328
>a 32000,15280,31728,15344
>a 32032,15312,31728,15456
>a 32080,15296,31776,15376
>a 32000,15296,31648,15280
>a 32000,15280,31696,15328
>a 31984,15392,31760,15344
>a 32048,15440,31824,15360
>a 31984,15440,31728,15344
>a 31936,15312,31616,15408
>a 31984,15296,31760,15440
>a 32016,15312,31776,15376
>a 32000,15296,31808,15424
>a 32000,15248,31824,15328
>a 32000,15312,31776,15344
>a 32016,15344,31728,15344
>a 31968,15344,31728,15344
>a 32016,15328,31776,15312
>a 31968,15312,31728,15392
>a 31984,15312,31728,15344
>a 31984,15504,31728,15328
>a 31952,15312,31792,15296
>a 32016,15296,31728,15344
>a 31904,15280,31792,15360
>a 32000,15392,31776,15376
>a 32112,15280,31792,15312
>a 32016,15312,31712,15312
>a 32016,15312,31856,15344
>a 32096,15344,31776,15344
>a 32016,15344,31760,15344
>a 31984,15328,31792,15344
>a 32080,15296,31760,15344
>a 32016,15344,31856,15280
>a 32016,15296,31872,15376
>a 32032,15424,31744,15328
>a 31904,15328,31696,15344
>a 32016,15328,31792,15328
>a 32000,15312,31776,15344
>a 31936,15312,31824,15376
>a 31984,15312,31760,15328
>a 32032,15328,31792,15392
>a 32032,15344,31824,15344
>a 32016,15344,31792,15392
>a 31952,15280,31728,15440
>a 32016,15328,31792,15328
>a 32016,15328,31792,15376
>a 32032,15264,31792,15312
>a 32048,15248,31760,15344
>a 32016,15280,31792,15376
>a 32016,15344,31856,15328
>a 32032,15344,31808,15344
>a 32112,15312,31776,15328
>a 32032,15280,31808,15360
>a 32048,15280,31840,15376
>a 32016,15312,31760,15328
>a 32032,15328,31792,15328
>a 32000,15312,31728,15312
>a 31968,15312,31728,15328
>a 31904,15328,31776,15328
>a 32032,15312,31792,15344
>a 32112,15248,31792,15312
>a 32112,15312,31792,15360
>a 31920,15328,31808,15216
>a 32064,15328,31792,15344
>a 31968,15312,31808,15344
>a 32016,15392,31760,15456
>a 32016,15328,31808,15376
>a 31984,15296,31808,15440
>a 32016,15296,31760,15344
>a 32048,15264,31792,15376
>a 32000,15312,31808,15472
>a 32032,15296,31760,15328
>a 32016,15312,31808,15344
>a 31984,15280,31792,15344
>a 32016,15296,31808,15344
>a 32048,15328,31760,15328
>a 31984,15312,31808,15312
>a 32064,15328,31824,15360
>a 32048,15328,31776,15376
>a 32048,15408,31792,15344
>a 32048,15280,31792,15344
>a 32032,15296,31728,15312
>a 32144,15328,31792,15408
>a 31968,15280,31792,15344
>a 32016,15312,31728,15328
>a 32032,15280,31824,15360
>a 32032,15312,31808,15312
>a 32016,15328,31840,15456
>a 32016,15296,31808,15344
>a 32016,15280,31824,15344
>a 32048,15376,31808,15344
>a 31952,15344,31776,15328
>a 32032,15344,31792,15392
>a 32048,15328,31872,15312
>a 32016,15280,31776,15328
>a 32032,15392,31792,15344
>a 32032,15296,31712,15376
>a 32000,15280,31792,15328
>a 32000,15328,31792,15344
>a 31984,15312,31824,15344
>a 32032,15328,31712,15344
>a 32016,15296,31888,15376
>a 32032,15392,31856,15328
>a 32032,15328,31792,15360
>a 32048,15328,31792,15360
>a 32016,15296,31792,15360
>a 32016,15376,31808,15520
>a 32048,15312,31776,15344
>a 32048,15328,31824,15328
>a 32048,15312,31792,15456
>a 32016,15312,31792,15328
>a 32048,15328,31776,15344
>a 32016,15312,31920,15376
>a 32048,15328,31760,15344
>a 32016,15344,31792,15360
>a 32032,15328,31680,15344
>a 32032,15280,31760,15344
>a 32064,15344,31824,15344
>a 32048,15280,31856,15360
>a 32048,15344,31856,15440
>a 32048,15408,31792,15344
>a 31984,15296,31776,15456
>a 31920,15328,31792,15344
>a 32048,15344,31792,15344
>a 32048,15344,31760,15328
>a 32144,15328,31824,15408
>a 31888,15280,31792,15328
>a 32032,15328,31792,15344
>a 32064,15344,31808,15376
>a 32144,15344,31792,15328
>a 32032,15312,31808,15344
>a 32080,15344,31760,15344
>a 32048,15344,31808,15392
>a 32016,15344,31824,15424
>a 32064,15328,31824,15360
>a 32048,15344,31840,15360
>a 32048,15312,31888,15328
>a 32064,15344,31840,15344
>a 32144,15216,31824,15376
>a 32048,15328,31792,15344
>a 32048,15312,31856,15344
>a 32032,15264,31824,15344
>a 32032,15328,31840,15360
>a 32048,15344,31824,15344
>a 32032,15312,31808,15344
>a 32032,15328,31792,15328
>a 32016,15344,31904,15296
>a 32096,15408,31856,15360
>a 32048,15344,31904,15376
>a 32048,15408,31808,15456
>a 32000,15296,31920,15344
>a 31952,15328,31792,15408
>a 32016,15376,31792,15328
>a 32032,15296,31792,15360
>a 32080,15328,31776,15344
>a 32032,15280,31872,15344
>a 32032,15392,31840,15440
>a 32048,15296,31904,15392
>a 32160,15312,31792,15344
>a 32112,15344,31792,15344
>a 32128,15328,31792,15328
>a 32048,15392,31824,15376
>a 32048,15344,31776,15440
>a 32016,15312,31792,15328
>a 32160,15296,31792,15344
>a 32048,15296,31824,15344
>a 32048,15296,31792,15344
>a 32032,15312,31792,15344
>a 32016,15312,31824,15328
>a 32016,15344,31824,15360
>a 32112,15376,31808,15344
>a 32048,15440,31808,15456
>a 32032,15312,31808,15392
>a 31888,15312,31664,15344
>a 32048,15312,31904,15344
>a 32048,15456,31792,15424
>a 32048,15344,31648,15312
>a 32080,15344,31808,15376
>a 32048,15312,31824,15344
>a 32048,15312,31872,15360
>a 32048,15328,31824,15344
>a 32032,15328,31728,15328
>a 31984,15312,31856,15376
>a 32048,15328,31808,15376
>a 32032,15312,31792,15312
>a 32064,15280,31808,15344
>a 32032,15344,31824,15344
>a 32048,15312,31824,15312
>a 31984,15328,31792,15344
>a 32048,15360,31920,15344
>a 32032,15376,31776,15376
>a 32048,15296,31824,15344
>a 32032,15328,31856,15392
>a 31968,15296,31792,15344
>a 32064,15184,31824,15376
>a 32048,15392,31824,15456
>a 32032,15344,31696,15360
>a 32016,15312,31824,15344
>a 32032,15328,31792,15440
>a 32080,15296,31728,15408
>a 32000,15392,31920,15344
>a 32144,15280,31728,15328
>a 32048,15280,31792,15328
>a 32016,15328,31920,15344
>a 32048,15216,31824,15472
>a 32048,15328,31728,15344
>a 32032,15312,31824,15376
>a 32016,15296,31792,15360
>a 32000,15328,31824,15344
>a 32064,15328,31824,15344
>a 31984,15424,32016,15344
>a 32032,15296,31808,15376
>a 32048,15296,31808,15424
>a 31984,15328,31776,15328
>a 32080,15392,31808,15344
>a 32080,15328,31776,15344
>a 32048,15312,31824,15344
>a 32016,15312,31824,15360
>a 31984,15328,31776,15376
>a 31984,15312,31824,15376
>a 32032,15440,31824,15280
>a 32032,15312,31808,15328
>a 32016,15328,31856,15312
>a 31952,15312,31776,15328
>a 31984,15328,31824,15344
>a 32048,15312,31856,15360
>a 32032,15280,31792,15328
>a 32032,15328,31792,15376
>a 32032,15280,31904,15424
>a 32048,15296,31808,15328
>a 31968,15280,31760,15328
>a 32048,15328,31888,15408
>a 32000,15216,31776,15344
>a 32048,15376,31792,15344
>a 32112,15328,31792,15344
>a 32000,15296,31904,15312
>a 32080,15296,31920,15344
>a 32032,15312,31792,15344
>a 32032,15280,31776,15328
>a 32048,15312,31808,15440
>a 32048,15312,31792,15376
>a 32048,15328,31808,15440
>a 31984,15344,31792,15376
>a 32048,15344,31824,15344
>a 32128,15328,31792,15376
>a 32128,15408,31840,15344
>a 31984,15312,31792,15344
>a 32048,15328,31664,15280
>a 32016,15328,31792,15344
>a 32048,15424,31824,15360
>a 32048,15312,31824,15344
>a 32048,15328,31792,15344
>a 32176,15344,31888,15344
>a 32032,15312,31776,15328
>a 32144,15344,31840,15472
>a 32032,15328,31792,15328
>a 32064,15328,31728,15408
>a 32080,15328,31856,15376
>a 32048,15344,31824,15312
>a 32160,15328,31808,15376
>a 32064,15296,31728,15344
>a 32144,15344,31840,15344
>a 32144,15344,31776,15344
>a 32032,15344,31824,15296
>a 32016,15328,31824,15344
>a 32064,15392,31904,15376
>a 32128,15296,31824,15456
>a 32176,15328,31728,15360
>a 32048,15312,31792,15312
>a 32016,15312,31824,15344
>a 31984,15312,31792,15328
>a 32064,15280,31808,15344
>a 32144,15312,31840,15376
>a 32016,15296,31824,15344
>a 32048,15424,31808,15328
>a 32064,15344,31792,15344
>a 32048,15312,31824,15344
>a 32080,15344,31792,15344
>a 31920,15248,31808,15376
>a 32016,15280,31856,15456
>a 32048,15280,31824,15360
>a 32080,15344,31824,15344
>a 32048,15344,31776,15392
>a 32032,15328,31840,15376
>a 31968,15328,31792,15344
>a 31952,15296,31824,15392
>a 32112,15264,31792,15344
>a 32048,15312,31792,15328
>a 32016,15296,31808,15344
>a 32048,15312,31840,15376
>a 32048,15280,31776,15328
>a 32048,15296,31840,15344
>a 32048,15392,31808,15344
>a 32032,15280,31824,15312
>a 32016,15312,31856,15344
>a 32000,15280,31680,15328
>a 32048,15424,31840,15344
>a 32048,15344,31856,15344
>a 32048,15328,31792,15344
>a 32144,15376,31776,15344
>a 32048,15424,31776,15328
>a 31984,15312,31792,15312
>a 32048,15280,31840,15344
>a 32000,15328,31728,15376
>a 32048,15312,31904,15440
>a 32064,15328,31840,15328
>a 32048,15328,31824,15344
>a 32048,15296,31808,15344
>a 32016,15408,31792,15360
>a 32048,15328,31856,15376
>a 32144,15328,31776,15456
>a 32064,15344,31696,15344
>a 31968,15280,31920,15424
>a 32064,15312,31824,15344
>a 32032,15280,31776,15312
>a 32016,15312,31792,15328
>a 32064,15248,31824,15328
>a 32016,15296,31920,15328
>a 32048,15312,31792,15344
>a 32048,15344,31792,15312
>a 32048,15328,31856,15344
>a 31984,15312,31840,15360
>a 32048,15312,31792,15456
>a 32080,15328,31728,15344
>a 32048,15280,31792,15328
>a 32048,15344,31824,15312
>a 32064,15280,31808,15344
>a 32048,15312,31808,15344
>a 32016,15280,31760,15312
>a 32048,15392,31920,15344
>a 32032,15344,31840,15360
>a 31920,15280,31728,15344
>a 32048,15296,31824,15440
>a 32048,15296,31840,15344
>a 32016,15312,31856,15344
>a 32048,15312,31792,15344
>a 32096,15312,31824,15424
>a 32016,15296,31808,15328
>a 32000,15328,31792,15328
>a 32048,15312,31840,15344
>a 32128,15328,31856,15296
>a 32048,15328,31856,15360
>a 32032,15344,31840,15376
>a 32048,15392,31792,15328
>a 32032,15328,31808,15360
>a 32144,15312,31840,15344
>a 32048,15344,31664,15360
>a 32048,15344,31792,15344
>a 32016,15264,31824,15296
>a 32048,15280,31776,15344
>a 32016,15280,31792,15344
>a 32128,15200,31968,15376
>a 31968,15248,31840,15456
>a 32048,15296,31792,15344
>a 32080,15344,31840,15360
>a 31920,15312,31792,15312
>a 32112,15392,31840,15376
>a 32016,15392,31840,15376
>a 32080,15264,31824,15360
>a 31984,15328,31920,15328
>a 32048,15520,31840,15344
>a 32032,15328,31792,15296
>a 32032,15296,31808,15344
>a 32048,15328,31824,15232
>a 32080,15312,31840,15408
>a 32048,15408,31840,15344
>a 32048,15328,31920,15312
>a 32064,15312,31792,15440
>a 32128,15328,31840,15344
>a 32080,15312,31824,15344
>a 32048,15280,31760,15344
>a 32016,15216,31920,15376
>a 32048,15280,31808,15344
>a 31984,15328,31904,15296
>a 32032,15280,31760,15312
>a 32032,15312,31808,15280
>a 32032,15328,31808,15456
>a 32048,15296,31840,15344
>a 32016,15312,31792,15328
>a 32048,15264,31808,15328
>a 32032,15376,31888,15344
>a 32048,15296,31856,15344
>a 32096,15312,31808,15344
>a 32080,15312,31792,15328
>a 32016,15312,31808,15328
>a 32064,15264,31840,15344
>a 32048,15328,31968,15296
>a 31936,15216,31792,15296
>a 32016,15264,31792,15344
>a 31920,15184,31824,15328
>a 32000,15184,31792,15328
>a 32064,15344,31824,15344
>a 32048,15328,31856,15344
>a 32032,15248,31840,15376
>a 32160,15312,31808,15344
>a 32080,15328,31856,15360
>a 32144,15440,31840,15376
>a 32064,15344,31840,15296
>a 32048,15280,31712,15344
>a 32064,15296,31824,15328
>a 32000,15344,31840,15344
>a 32048,15424,31824,15440
>a 32048,15264,31824,15344
>a 32048,15312,31824,15344
>a 31968,15328,31840,15344
>a 31984,15296,31792,15440
>a 31968,15280,31840,15328
>a 32048,15280,31760,15312
>a 32048,15328,31824,15376
>a 32032,15312,31792,15360
>a 31856,15312,31840,15376
>a 32064,15312,31824,15360
>a 32080,15328,31792,15344
>a 32032,15312,31760,15328
>a 32016,15280,31856,15216
>a 32080,15328,31840,15440
>a 32048,15328,31824,15312
>a 32048,15408,31792,15344
>a 32048,15312,31824,15440
>a 32032,15328,31808,15344
>a 31936,15312,31824,15328
>a 32016,15296,31792,15328
>a 32064,15312,31824,15328
>a 31968,15328,31888,15408
>a 32048,15264,31856,15360
>a 32048,15280,31824,15344
>a 32016,15392,31792,15328
>a 31968,15312,31824,15376
>a 32032,15296,31824,15344
>a 32032,15376,31824,15424
>a 32016,15312,31808,15328
>a 32016,15296,31792,15344
>a 32048,15312,31824,15344
>a 32048,15312,31824,15344
>a 32048,15312,31840,15344
>a 32064,15344,31840,15344
>a 32000,15312,31792,15344
>a 32064,15312,31728,15360
>a 32032,15328,31824,15344
>a 32080,15344,31824,15392
>a 32016,15280,31808,15328
>a 32048,15328,31760,15328
>a 32048,15312,31824,15328
>a 32144,15328,31792,15360
>a 32176,15344,31792,15344
>a 32016,15328,31840,15344
>a 32048,15328,31808,15376
>a 32032,15328,31856,15344
>a 32048,15312,31808,15392
>a 32112,15408,31840,15344
>a 32048,15456,31760,15344
>a 32048,15280,31840,15344
>a 31984,15328,31760,15328
>a 32016,15296,31808,15408
>a 32144,15312,31760,15344
>a 32112,15344,31792,15344
>a 32048,15344,31808,15344
>a 32032,15344,31840,15392
>a 32048,15312,31792,15312
>a 32048,15328,31824,15312
>a 32080,15312,31824,15328
>a 32032,15216,31808,15344
>a 32064,15328,31840,15344
>a 32032,15328,31792,15344
>a 32064,15312,31792,15328
>a 32064,15408,31824,15248
>a 32048,15248,31840,15360
>a 32016,15184,31680,15312
>a 32080,15344,31792,15392
>a 32048,15344,31824,15392
>a 32064,15312,31824,15360
>a 31968,15328,31792,15392
>a 32048,15312,31824,15440
>a 32080,15312,31856,15376
>a 32096,15312,31936,15392
>a 32096,15328,31664,15376
>a 32064,15328,31824,15456
>a 32064,15424,31856,15360
>a 32032,15376,31808,15376
>a 32048,15376,31888,15344
>a 32032,15312,31664,15344
>a 32048,15312,31824,15344
>a 32016,15280,31808,15408
>a 32144,15280,31792,15344
>a 32112,15440,31840,15392
>a 32112,15312,31888,15344
>a 32000,15376,31808,15280
>a 32048,15328,31824,15344
>a 32096,15408,31824,15312
>a 32000,15296,31840,15376
>a 32048,15312,31840,15440
>a 32048,15328,31824,15344
>a 32064,15296,31872,15344
>a 31856,15312,31792,15328
>a 32000,15216,31840,15456
>a 32048,15328,31824,15392
>a 32016,15280,31824,15344
>a 31904,15328,31840,15344
>a 32144,15344,31824,15344
>a 32048,15344,31840,15344
>a 32048,15328,31824,15344
>a 32064,15328,31776,15456
>a 32048,15312,31840,15360
>a 32080,15440,31776,15312
>a 32048,15328,31728,15392
>a 32064,15328,31856,15408
>a 32064,15328,31824,15344
>a 32048,15344,31824,15376
>a 32064,15344,31776,15344
>a 32048,15312,31808,15344
>a 32096,15344,31920,15392
>a 31984,15296,31824,15392
>a 32048,15344,31888,15312
>a 32080,15312,31744,15344
>a 32048,15344,31824,15472
>a 32048,15328,31824,15424
>a 32032,15344,31824,15376
>a 32064,15328,31840,15344
>a 32080,15328,31824,15376
>a 32176,15344,31792,15312
>a 32080,15328,31840,15344
>a 32048,15344,31824,15344
>a 32032,15344,31824,15408
>a 32032,15312,31792,15344
>a 32096,15344,31824,15376
>a 32016,15312,31728,15328
>a 32048,15408,31712,15344
>a 32048,15312,31824,15344
>a 32128,15312,31920,15344
>a 32080,15328,31824,15344
>a 32112,15312,31792,15328
>a 32112,15344,31840,15376
>a 32016,15312,31840,15376
>a 32032,15312,31824,15344
>a 31984,15312,31904,15328
>a 32032,15328,31840,15344
>a 32032,15328,31792,15376
>a 32032,15328,31824,15392
>a 32016,15376,31856,15392
>a 32016,15184,31840,15424
>a 32048,15312,31824,15360
>a 32064,15328,31792,15280
>a 32032,15328,31840,15312
>a 32032,15312,31792,15376
>a 32064,15328,31824,15344
>a 32112,15296,31824,15344
>a 32080,15280,31776,15328
>a 32064,15312,31840,15360
>a 32160,15328,31840,15456
>a 32112,15344,31920,15328
>a 32048,15344,31904,15360
>a 32048,15312,31792,15408
>a 32064,15344,31712,15408
>a 32080,15376,31920,15328
>a 32080,15344,31792,15392
>a 32016,15472,31808,15296
>a 32160,15328,31824,15376
>a 31888,15296,31824,15392
>a 32048,15408,31808,15376
>a 31936,15312,31808,15376
>a 32048,15328,31776,15328
>a 32112,15296,31792,15344
>a 32032,15328,31920,15376
>a 32112,15344,31840,15328
>a 32048,15328,31808,15296
>a 32064,15344,31824,15344
>a 31872,15328,31776,15328
>a 32080,15328,31824,15328
>a 32080,15424,31792,15344
>a 32064,15344,31856,15344
>a 31952,15312,31824,15328
>a 32016,15344,31776,15344
>a 32048,15344,31824,15344
>a 32048,15296,31792,15280
>a 32064,15280,31824,15344
>a 32016,15328,31664,15360
>a 32096,15424,31792,15344
>a 32048,15264,31792,15296
>a 32080,15408,31792,15344
>a 32000,15280,31824,15344
>a 32048,15296,31776,15296
>a 32064,15328,31824,15344
>a 32048,15328,31792,15312
>a 32048,15296,31808,15376
>a 32048,15344,31824,15344
>a 32032,15184,31760,15312
>a 32048,15312,31808,15328
>a 32048,15328,31840,15344
>a 32048,15376,31824,15344
>a 32064,15328,31824,15344
>a 32016,15328,31776,15312
>a 32048,15296,31760,15328
>a 32016,15328,31872,15344
>a 32048,15360,31728,15328
>a 32000,15328,31920,15344
>a 32016,15248,31792,15424
>a 32080,15344,31808,15344
>a 32032,15392,31824,15392
>a 32032,15312,31904,15328
>a 31936,15296,31792,15312
>a 32064,15328,31904,15312
>a 32064,15280,31824,15376
>a 32016,15312,31808,15456
>a 32032,15312,31728,15328
>a 32048,15312,31792,15344
>a 32112,15424,31808,15344
>a 32048,15328,31888,15344
>a 32048,15312,31856,15296
>a 32144,15296,31808,15312
>a 31888,15344,31856,15344
>a 32048,15312,31840,15344
>a 32000,15280,31840,15344
>a 32032,15312,31792,15328
>a 32064,15312,31840,15232
>a 32048,15344,31856,15408
>a 32128,15408,31792,15440
>a 32016,15312,31840,15344
>a 32048,15328,31840,15328
>a 31856,15312,31808,15248
>a 32144,15312,31824,15376
>a 32048,15312,31776,15360
>a 32032,15312,31824,15344
>a 32016,15328,31792,15344
>a 31920,15312,31808,15360
>a 32048,15248,31840,15344
>a 31984,15328,31776,15344
>a 32048,15200,31840,15360
>a 31920,15344,31664,15344
>a 32048,15312,31792,15344
>a 32048,15296,31792,15472
>a 32080,15328,31792,15360
>a 32048,15344,31856,15376
>a 31968,15312,31824,15344
>a 32048,15328,31824,15344
>a 32048,15232,31776,15296
>a 32208,15280,31840,15328
>a 32064,15440,31840,15408
>a 32112,15328,31696,15344
>a 32048,15328,31840,15360
>a 32096,15344,31840,15360
>a 32048,15328,31824,15344
>a 32096,15328,31840,15344
>a 32080,15424,31920,15376
>a 32080,15408,31776,15376
>a 32144,15312,31808,15344
>a 32032,15312,31824,15328
>a 32064,15344,31776,15360
>a 32016,15312,31824,15328
>a 32064,15408,31808,15376
>a 32144,15312,31792,15440
>a 32064,15408,31792,15392
>a 32096,15312,31808,15328
>a 32016,15312,31760,15456
>a 32032,15296,31856,15344
>a 32048,15312,31904,15344
>a 32016,15312,31664,15200
>a 32112,15280,31664,15344
>a 32000,15248,31792,15328
>a 32144,15408,31824,15344
>a 32048,15328,31792,15312
>a 32048,15328,31824,15344
>a 31984,15280,31904,15328
>a 32016,15280,31728,15328
>a 32016,15328,31904,15344
>a 32064,15328,31824,15328
>a 32048,15312,31824,15376
>a 32048,15296,31824,15376
>a 32144,15312,31824,15344
>a 32208,15424,31856,15376
>a 32032,15328,31840,15392
>a 32048,15312,31840,15392
>a 31904,15328,31840,15344
>a 32048,15328,31856,15344
>a 32032,15200,31808,15344
>a 32048,15344,31824,15376
>a 32064,15344,31840,15344
>a 32096,15408,31792,15424
>a 32048,15312,31840,15328
>a 32032,15312,31808,15360
>a 32112,15312,31696,15376
>a 32048,15344,31792,15360
>a 32048,15328,31792,15392
>a 32048,15312,31840,15456
>a 32032,15408,31872,15344
>a 32048,15296,31760,15376
>a 32096,15328,31888,15312
>a 32048,15312,31888,15344
>a 32032,15312,31824,15344
>a 31984,15408,31792,15360
>a 32064,15344,31920,15376
>a 32096,15328,31840,15280
>a 32048,15312,31808,15344
>a 32048,15344,31840,15344
>a 32048,15312,31824,15344
>a 31968,15280,31840,15360
>a 32048,15312,31728,15408
>a 32048,15312,31760,15296
>a 32064,15328,31776,15344
>a 32080,15328,31840,15456
>a 32080,15344,31840,15376
>a 32144,15344,31840,15344
>a 32032,15264,31824,15424
>a 32080,15344,31840,15328
>a 32016,15264,31792,15280
>a 32048,15184,31888,15392
>a 32048,15296,31792,15344
>a 32192,15328,31824,15360
>a 32096,15312,31808,15344
>a 32048,15312,31840,15392
>a 32016,15328,31808,15344
>a 32032,15280,31792,15360
>a 32048,15312,31840,15344
>a 32032,15312,31824,15344
>a 32048,15328,31824,15344
>a 32048,15280,31840,15344
>a 31904,15392,31824,15392
>a 32048,15408,31824,15328
>a 32064,15312,31904,15376
>a 32048,15344,31840,15376
>a 32000,15408,31824,15392
>a 32016,15328,31792,15344
>a 32160,15312,31824,15344
>a 32048,15344,31824,15344
>a 32016,15312,31792,15328
>a 32032,15344,31840,15328
>a 32048,15328,31808,15376
>a 32048,15312,31696,15328
>a 32112,15328,31840,15360
>a 31984,15312,31776,15472
>a 32032,15344,31840,15376
>a 32032,15280,31808,15344
>a 32048,15392,31856,15376
>a 32128,15328,31776,15344
>a 32048,15248,31808,15280
>a 32048,15280,31760,15344
>a 32016,15296,31664,15312
>a 32112,15328,31776,15376
>a 32048,15344,31920,15376
>a 32080,15392,31840,15344
>a 31920,15312,31856,15312
>a 31952,15344,31904,15440
>a 32016,15296,31824,15392
>a 31856,15248,31824,15344
>a 32048,15328,31840,15456
>a 32048,15328,31824,15440
>a 32016,15280,31792,15312
>a 32032,15312,31824,15328
>a 32064,15328,31808,15280
>a 32048,15312,31824,15392
>a 32080,15408,31824,15376
>a 32032,15344,31792,15392
>a 32144,15296,31824,15264
>a 31872,15328,31824,15344
>a 32000,15312,31824,15264
>a 32080,15376,31776,15360
>a 32048,15312,31808,15280
>a 32176,15296,31840,15440
>a 31888,15376,31776,15328
>a 32032,15328,31792,15312
>a 32048,15296,31904,15360
>a 32080,15328,31856,15360
>a 32048,15296,31728,15344
>a 32080,15280,31824,15344
>a 32048,15312,31808,15328
>a 32128,15296,31808,15360
>a 32048,15312,31920,15312
>a 31904,15312,31792,15360
>a 32064,15328,31856,15328
>a 32192,15296,31856,15328
>a 32048,15376,31824,15424
>a 32032,15344,31808,15312
>a 32032,15280,31776,15280
>a 32144,15344,31808,15344
>a 32000,15328,31888,15344
>a 32080,15312,31648,15328
>a 32064,15344,31824,15456
>a 32112,15328,31776,15344
>a 32080,15312,31776,15440
>a 32032,15312,31888,15360
>a 31904,15328,31840,15360
>a 32048,15408,31840,15344
>a 32064,15328,31776,15280
>a 32080,15344,31856,15344
>a 32064,15328,31792,15424
>a 32048,15296,31792,15360
>a 32096,15312,31920,15312
>a 32048,15264,31776,15344
>a 32064,15344,31712,15360
>a 32064,15328,31808,15520
>a 32064,15312,31824,15344
>a 32144,15408,31808,15344
>a 32064,15312,31840,15344
>a 32016,15344,31840,15344
>a 32048,15136,31824,15344
>a 32016,15296,31856,15280
>a 32048,15328,31792,15376
>a 31920,15296,31824,15344
>a 32096,15328,31840,15360
>a 32048,15408,31808,15376
>a 32032,15280,31792,15328
>a 32048,15344,31792,15376
>a 32032,15280,31840,15328
>a 32048,15280,31792,15424
>a 32032,15296,31792,15392
>a 32064,15280,31792,15344
>a 32080,15312,31904,15376
>a 32144,15328,31856,15360
>a 32128,15296,31840,15328
>a 32016,15408,31728,15296
>a 32032,15312,31792,15344
>a 31952,15280,31728,15392
>a 32064,15344,31824,15376
>a 32016,15296,31792,15328
>a 32016,15280,31936,15376
>a 32048,15360,31728,15344
>a 32112,15312,31920,15472
>a 32048,15328,31728,15344
>a 32048,15344,31840,15360
>a 32048,15344,31840,15344
>a 32064,15280,31728,15344
>a 31968,15312,31728,15312
>a 32144,15296,31888,15344
>a 32048,15296,31792,15328
>a 32048,15264,31808,15424
>a 32048,15376,31840,15376
>a 32032,15344,31856,15376
>a 32048,15280,31808,15344
>a 32016,15376,31792,15296
>a 32096,15312,31728,15280
>a 32080,15280,31840,15392
>a 32080,15328,31920,15344
>a 32048,15408,31840,15376
>a 32048,15296,31792,15376
>a 32048,15280,31776,15328
>a 31952,15312,31760,15328
>a 32096,15296,31728,15264
>a 32032,15328,31824,15344
>a 32048,15328,31792,15344
>a 31904,15328,31664,15344
>a 32048,15312,31824,15360
>a 32112,15344,31856,15376
>a 32048,15408,31792,15264
>a 32064,15328,31840,15424
>a 32048,15248,31808,15344
>a 31984,15296,31824,15312
>a 32080,15328,31824,15408
>a 32064,15184,31840,15376
>a 31952,15312,31840,15456
>a 32048,15328,31792,15328
>a 31984,15312,31776,15376
>a 32048,15296,31856,15328
>a 32016,15392,31824,15344
>a 32000,15328,31824,15312
>a 32048,15328,31840,15344
>a 32032,15328,31760,15328
>a 32064,15328,31872,15312
>a 32048,15280,31792,15424
>a 32080,15456,31728,15344
>a 32016,15296,31824,15344
>a 31984,15280,31824,15328
>a 32080,15296,31808,15328
>a 32000,15328,31824,15344
>a 32032,15296,31824,15376
>a 32064,15456,31856,15456
>a 32032,15312,31808,15296
>a 32048,15280,31792,15344
>a 31984,15312,31856,15344
>a 32048,15296,31792,15344
>a 32096,15312,31792,15424
>a 32048,15312,31680,15440
>a 32048,15312,31808,15328
>a 32032,15392,31824,15344
>a 32016,15392,31808,15376
>a 32048,15248,31664,15344
>a 32048,15312,31776,15328
>a 32032,15280,31824,15424
>a 32080,15344,31824,15376
>a 32048,15408,31728,15344
>a 32000,15328,31824,15440
>a 32064,15344,31776,15344
>a 32032,15312,31824,15392
>a 32112,15312,31824,15376
>a 32048,15280,31824,15328
>a 32048,15408,31824,15344
>a 32064,15408,31824,15328
>a 32032,15360,31808,15328
>a 32016,15376,31840,15376
>a 32064,15296,31904,15184
>a 32000,15312,31808,15344
>a 32032,15328,31840,15344
>a 32000,15312,31808,15440
>a 32048,15312,31840,15376
>a 32032,15232,32000,15344
>a 32144,15344,31744,15344
>a 32032,15312,31824,15344
>a 32032,15280,31856,15328
>a 32016,15312,31792,15344
>a 32032,15280,31776,15344
>a 32048,15328,31792,15344
>a 32016,15344,31760,15360
>a 31984,15392,31824,15360
>a 31984,15296,31776,15344
>a 32016,15312,31840,15376
>a 32048,15440,31776,15328
>a 32048,15328,31840,15328
>a 32000,15328,31824,15344
>a 32080,15328,31840,15360
>a 32144,15264,31904,15360
>a 32048,15328,31840,15408
>a 32064,15312,31792,15312
>a 32080,15344,31792,15216
>a 32064,15328,31840,15328
>a 31920,15296,31824,15344
>a 32048,15328,31808,15344
>a 32144,15328,31840,15424
>a 32064,15312,31792,15360
>a 32048,15424,31888,15344
>a 32048,15328,31792,15328
>a 31904,15392,31840,15408
>a 32048,15328,31920,15264
>a 32032,15344,31824,15344
>a 32016,15328,31824,15360
>a 32032,15424,31792,15344
>a 31968,15312,31792,15344
>a 31984,15328,31808,15376
>a 32032,15344,31808,15344
>a 32144,15328,31920,15392
>a 32048,15280,31856,15280
>a 32032,15328,31920,15344
>a 32176,15424,31824,15328
>a 32048,15328,31808,15424
>a 32048,15328,31808,15344
>a 32048,15328,31840,15312
>a 32016,15344,31856,15392
>