
>
>
>
>v 1 Jul 10 2014, <0E8682B8>
>a 48976,16048,33648,15664
>a 49056,15904,33536,15632
>a 48928,15952,33552,15632
>a 48912,15856,33408,15632
>a 48944,15952,33536,15616
>a 48944,15952,33392,15632
>a 48896,15920,33552,15632
>a 48912,15952,33552,15648
>a 48944,15920,33488,15808
>a 48944,15888,33616,15648
>a 48816,15952,33520,15648
>a 48912,15920,33520,15648
>a 49072,15936,33472,15632
>a 48912,15936,33488,15664
>a 48928,15968,33552,15648
>a 48864,15936,33504,15680
>a 48912,16000,33536,15648
>a 48944,15952,33536,15632
>a 48912,15920,33520,15616
>a 48912,15904,33552,15632
>a 48912,15872,33536,15632
>a 48928,15888,33536,15632
>a 48912,15968,33536,15632
>a 48912,15920,33568,15664
>a 48896,15840,33520,15664
>a 48944,15952,33504,15616
>a 48816,15952,33504,15712
>a 48912,15792,33536,15600
>a 48880,15952,33648,15664
>a 48896,15968,33584,15728
>a 48896,15952,33472,15600
>a 48944,15920,33504,15632
>a 48976,15888,33616,15632
>a 48880,15904,33536,15664
>a 48880,15920,33568,15664
>a 48928,15952,33504,15680
>a 48896,15968,33648,15664
>a 49008,16016,33408,15632
>a 48912,15952,33456,15632
>a 48976,15968,33552,15648
>a 48896,15904,33536,15632
>a 48944,15936,33536,15616
>a 48976,15952,33584,15680
>a 48912,15952,33520,15648
>a 48880,15952,33536,15584
>a 48880,15952,33632,15584
>a 48880,15968,33680,15648
>a 48880,15984,33568,15616
>a 48880,15936,33600,15632
>a 48848,15936,33568,15648
>a 48912,15936,33584,15648
>a 48848,15952,33536,15664
>a 48864,15984,33584,15648
>a 48944,15936,33552,15600
>a 48976,15888,33536,15632
>p 5,90
>a 48880,15952,33568,15632
>a 48880,15952,33520,15664
>a 48864,15968,33552,15648
>a 48880,15952,33520,15616
>a 48880,15888,33632,15632
>a 48912,15904,33488,15504
>a 48880,15920,33536,15632
>a 48880,15968,33568,15600
>a 48848,15920,33504,15648
>a 48976,16048,33536,15648
>a 48912,16048,33408,15632
>a 48848,15936,33632,15664
>a 48848,15920,33584,15616
>p 4,90
>a 48944,15904,33104,15632
>a 48880,15984,32736,15664
>p 4,0
>a 48880,16096,32432,15648
>a 48928,15952,32496,15632
>a 48880,15984,32512,15664
>a 48880,15968,32464,15728
>a 48880,15952,32512,15632
>a 48896,15920,32496,15648
>a 48896,15952,32576,15664
>a 48880,15952,32528,15616
>a 48880,15968,32544,15648
>a 48880,15952,32624,15696
>a 48928,15984,32560,15600
>a 48944,15984,32608,15664
>a 48752,15952,32576,15664
>a 48816,15968,32560,15632
>a 48864,15936,32528,15664
>a 49056,15968,32576,15648
>a 48864,16048,32544,15664
>a 48880,15936,32560,15744
>a 48944,15888,32560,15664
>a 48816,15952,32624,15664
>a 48896,15920,32592,15664
>a 48912,15968,32624,15664
>a 48896,16000,32592,15664
>p 6,90
>a 41520,15760,33536,15728
>a 33952,15648,33104,15504
>a 33776,15728,33040,15616
>a 33744,15632,33072,15584
>a 33776,15648,33056,15632
>a 33776,15568,33072,15632
>a 33760,15616,33104,15600
>a 33776,15488,33040,15584
>a 33744,15632,32880,15696
>a 33808,15616,33040,15616
>a 33744,15600,33152,15632
>p 6,0
>a 33872,15616,33040,15584
>a 33888,15632,33072,15616
>a 33888,15584,33056,15616
>a 33872,15632,33056,15600
>a 33888,15632,33040,15616
>a 33872,15728,33152,15696
>a 33840,15696,33040,15648
>a 33840,15632,33024,15712
>p 6,90
>a 33888,15632,33024,15584
>a 33776,15632,33104,15632
>a 33760,15616,33008,15632
>a 33680,15712,33024,15616
>a 33712,15600,33056,15664
>a 33776,15664,33072,15616
>a 33728,15648,33056,15568
>p 6,0
>a 33792,15568,33168,15632
>a 33776,15632,33056,15584
>a 33712,15632,33024,15632
>a 33744,15616,33120,15632
>a 33760,15632,33136,15648
>p 6,90
>a 33760,15632,33088,15632
>a 33744,15632,33040,15616
>a 33776,15648,33072,15552
>a 33776,15584,33072,15696
>a 33792,15632,33072,15584
>a 33840,15648,33072,15616
>p 6,0
>a 33760,15632,33056,15632
>a 33712,15568,33088,15632
>a 33840,15584,33056,15600
>a 33696,15616,33136,15648
>a 33776,15568,33104,15632
>a 33696,15728,33024,15568
>a 33728,15584,33072,15600
>a 33712,15600,33104,15632
>a 33808,15632,33040,15696
>a 33760,15616,33088,15632
>a 33776,15632,33072,15648
>a 33808,15696,33072,15664
>p 6,90
>a 33776,15648,33072,15648
>a 33712,15696,33200,15632
>a 33776,15632,33056,15584
>a 33808,15568,33072,15696
>a 33760,15472,33072,15712
>a 33680,15616,33136,15616
>a 33680,15616,33040,15632
>a 33776,15584,33040,15600
>a 33696,15600,33040,15616
>a 33744,15632,33072,15584
>a 33776,15648,33024,15664
>a 33872,15632,33056,15536
>a 33792,15616,32944,15648
>a 33776,15664,33072,15632
>a 33712,15472,33120,15648
>a 33712,15632,33008,15632
>a 33792,15632,33184,15616
>a 33808,15648,33072,15648
>a 33760,15600,33072,15632
>a 33760,15712,33120,15616
>a 33824,15632,33072,15600
>a 33792,15632,33040,15536
>a 33712,15616,33056,15648
>a 33872,15616,33072,15632
>a 33904,15568,33024,15632
>a 33792,15632,33024,15600
>a 33744,15584,33024,15584
>a 33744,15648,33168,15584
>a 33776,15648,33120,15600
>a 33840,15632,33040,15632
>a 33712,15456,33136,15728
>a 33808,15616,33136,15616
>a 33776,15712,33056,15600
>a 33744,15616,33040,15632
>a 33776,15616,32944,15648
>a 33776,15632,33056,15632
>a 33744,15664,33088,15808
>a 33760,15568,33056,15632
>a 33840,15728,33072,15600
>a 33696,15632,33136,15616
>a 33744,15568,33056,15600
>a 34000,15632,33120,15696
>a 43312,15824,34336,15712
>a 42704,15888,34736,15712
>a 42544,15888,34944,15648
>a 42448,15808,35344,15664
>a 42480,15808,35696,15776
>a 42608,15952,36032,15808
>a 42656,15792,36272,15792
>a 42656,15792,36624,15616
>a 42672,15792,36880,15648
>a 42704,15920,37152,15664
>a 42832,15824,37488,15696
>a 42800,15840,37712,15712
>a 42800,15840,37952,15744
>a 42832,15792,38256,15776
>a 42928,15840,38576,15792
>a 42992,15920,38704,15744
>a 43040,15792,38944,15760
>a 43264,15760,39184,15824
>a 43280,15776,39376,15840
>a 43360,15808,39600,15792
>a 43360,15808,39792,15888
>a 43552,15792,40048,15792
>a 43536,15776,40240,15792
>a 43648,15888,40464,15968
>a 43728,15760,40528,15792
>a 43792,15824,40816,15840
>a 43952,15824,41008,15744
>a 43888,15840,41184,15792
>a 44080,15792,41344,15808
>a 44144,15920,41504,15728
>a 44272,15808,41584,15696
>a 44352,15776,41872,15824
>a 44464,15872,42080,15808
>a 44512,15856,42240,15936
>a 44624,15840,42352,15904
>a 44672,15872,42512,15856
>a 44832,15856,42720,15840
>a 44848,15888,42832,15824
>a 44896,15888,42976,15968
>a 44960,15856,43120,15760
>a 45072,15824,43264,15888
>a 45104,15792,43344,15888
>a 45200,15856,43472,15856
>a 45280,15808,43664,15856
>a 45360,15840,43728,15792
>a 45328,15840,43952,15792
>a 45488,15840,44000,15856
>a 45616,15840,44096,15904
>a 45616,15840,44160,15904
>a 45712,15872,44336,15824
>p 6,0
>a 48112,15920,44288,15888
>a 48752,15904,44144,15936
>a 48976,16160,44144,15904
>a 49136,15936,44112,15888
>a 49328,15904,44080,15872
>a 49328,15840,44016,15840
>a 49536,15856,44016,15856
>a 49520,15936,43952,15856
>p 5,0
>a 49648,15888,44000,15856
>a 49648,16032,41696,15856
>a 49648,15936,40960,15808
>a 49680,15968,40208,15856
>a 49712,15856,39456,15680
>a 49744,15936,38800,15696
>a 49776,15904,38064,15760
>a 49824,15792,37424,15728
>a 49776,15904,36816,15744
>a 49824,16000,36272,15712
>a 49840,15920,35600,15728
>p 6,90
>a 47792,15856,36336,15728
>a 38192,15728,35504,15664
>a 42992,15920,35696,15712
>a 43360,15856,35536,15728
>a 43088,15776,35360,15696
>a 42752,15824,35248,15728
>a 42480,15792,35072,15600
>p 6,0
>a 47024,15888,33680,15568
>a 48384,15920,33072,15664
>a 48688,15936,32560,15664
>p 5,90
>a 48912,15952,33568,15664
>a 48864,15984,33664,15648
>a 49040,16048,33712,15632
>a 48992,15952,33808,15632
>a 49136,15952,33840,15648
>a 49184,16000,33904,15568
>a 49120,15984,33984,15648
>a 49136,15952,34112,15680
>a 49232,15888,34032,15648
>a 49248,15920,34096,15648
>a 49296,15920,34224,15648
>a 49408,15904,34208,15664
>a 49392,15936,34256,15760
>a 49408,15904,34256,15744
>a 49424,16016,34256,15696
>a 49472,15888,34320,15664
>a 49520,15888,34416,15696
>a 49520,15920,34400,15712
>a 49600,15888,34384,15632
>a 49552,15888,34432,15712
>a 49584,15888,34416,15680
>a 49664,15856,34480,15648
>a 49696,15904,34464,15696
>a 49808,15952,34512,15696
>a 49776,15936,34496,15664
>a 49856,15952,34544,15696
>a 49840,15920,34560,15712
>a 49872,15920,34624,15696
>a 49952,15920,34512,15824
>a 49776,15968,34640,15664
>a 49984,15936,34672,15680
>p 6,90
>a 45600,15856,35680,15664
>a 38352,15696,35344,15680
>a 42336,15792,36016,15680
>a 43008,15840,36528,15664
>a 42976,15840,36864,15680
>a 42848,15824,37104,15632
>a 42832,15792,37456,15712
>a 42832,15824,37552,15728
>a 42832,15824,38000,15776
>a 42800,15824,38256,15744
>a 42816,15824,38576,15712
>a 42896,15808,38800,15792
>a 42912,15808,39088,15840
>a 42976,15856,39264,15776
>a 43008,15792,39472,15744
>a 43040,15808,39680,15760
>a 43184,15712,39856,15776
>a 43216,15808,40096,15792
>a 43216,15760,40208,15792
>a 43280,15760,40416,15824
>a 43440,15888,40624,15792
>a 43408,15792,40816,16016
>a 43440,15792,40960,15792
>a 43568,15728,41168,15792
>a 43696,15776,41328,15904
>a 43696,15824,41520,15840
>p 7,50
>a 40000,39600,41728,15744
>a 41520,41088,41616,15776
>a 41488,41072,41568,15808
>a 41408,41008,41456,15840
>a 41360,40912,41424,15824
>a 41232,40816,41344,15920
>p 7,0
>a 43312,20432,41168,15792
>a 43440,15824,41248,15792
>a 43632,15920,41456,15792
>a 43728,15792,41584,15760
>a 43808,15824,41712,15776
>a 43824,15712,41920,15920
>a 43952,15776,42048,15840
>a 43952,15808,42240,15824
>a 44016,15856,42288,15856
>a 44080,15920,42480,15856
>a 44112,15824,42624,15856
>a 44240,15856,42736,15856
>a 44240,15952,42848,15888
>a 44320,15744,42928,15840
>a 44336,15856,43024,15824
>a 44432,15840,43120,15840
>a 44464,15840,43200,15856
>a 44528,15760,43376,15872
>a 44720,15840,43440,15840
>a 44576,15824,43472,15776
>a 44400,15856,43440,15856
>a 44272,15840,43504,15856
>a 44304,15856,43568,15856
>a 44208,15728,43552,15856
>a 44208,15792,43520,15824
>a 44208,15856,43504,15840
>a 44272,15856,43488,15808
>a 44192,15824,43440,15840
>a 44160,15824,43440,15776
>a 44080,15792,43408,15856
>a 44224,15936,43456,15840
>a 44096,15776,43376,15856
>a 44176,15840,43376,15840
>a 44080,15856,43360,15824
>p 5,0
>a 42240,15728,41456,15760
>a 41472,15776,40704,15792
>a 40704,15712,39920,15872
>a 40112,15776,39280,15680
>a 39328,15760,38672,15792
>a 38656,15744,37984,15728
>a 38032,15680,37280,15712
>a 37408,15680,36720,15760
>a 36864,15664,36080,15696
>a 36256,15696,35664,15712
>a 35712,15744,34992,15632
>a 35152,15632,34416,15696
>a 34624,15616,33920,15568
>a 34016,15520,33440,15648
>a 33632,15568,32928,15616
>a 33216,15632,32480,15664
>a 32720,15680,32000,15600
>a 32288,15568,31536,15568
>a 31792,15536,31120,15568
>a 31376,15648,30704,15632
>a 31024,15664,30352,15584
>a 30576,15520,29856,15536
>a 30176,15552,29472,15584
>a 29808,15520,29104,15536
>a 29424,15520,28864,15536
>a 29040,15552,28368,15648
>a 28688,15488,28032,15488
>a 28432,15504,27616,15520
>a 27888,15472,27200,15504
>a 27680,15456,26976,15456
>a 27392,15488,26640,15520
>a 27216,15408,26496,15520
>a 27344,15440,26192,15504
>a 27488,15472,26080,15488
>a 27632,15504,25920,15472
>a 27632,15408,25728,15472
>a 27568,15472,25632,15472
>a 27632,15440,25392,15440
>a 27440,15456,25216,15408
>a 27344,15488,25072,15440
>a 27184,15472,24928,15440
>a 27056,15440,24736,15392
>a 26992,15536,24560,15536
>a 26880,15408,24464,15440
>a 26992,15472,24304,15424
>a 26720,15472,24128,15456
>a 26576,15456,23968,15456
>a 26592,15456,23824,15456
>a 26416,15488,23776,15408
>a 26240,15504,23584,15520
>a 26176,15408,23296,15472
>a 25968,15456,23344,15408
>a 25936,15472,23200,15376
>a 25792,15440,23024,15408
>a 25744,15376,22944,15360
>p 4,90
>a 25584,15504,22720,15376
>a 25456,15520,22480,15392
>a 25488,15456,22128,15408
>a 25264,15504,21936,15424
>a 25120,15472,21808,15408
>a 25024,15472,21456,15296
>p 7,50
>a 25536,24832,21424,15376
>a 29008,28448,21600,15280
>a 28560,27984,21424,15408
>a 28176,27760,21424,15376
>a 27968,27424,21328,15392
>a 27712,27056,21280,15376
>a 27568,26832,21168,15344
>a 27280,26544,21216,15344
>a 27040,26288,21072,15360
>a 26672,26016,20976,15376
>a 26256,25872,20880,15280
>a 26208,25584,20752,15328
>a 26112,25376,20656,15312
>a 25712,25168,20512,15408
>a 25520,24848,20416,15424
>a 25296,24720,20272,15344
>a 25104,24400,20304,15376
>a 24880,24272,20144,15376
>a 24688,24112,20064,15296
>a 24560,23968,19936,15376
>a 24336,23744,19856,15312
>a 24128,23536,19728,15344
>a 23952,23312,19712,15216
>a 23824,23248,19536,15344
>a 23600,22880,19424,15344
>a 23296,22784,19184,15328
>a 23344,22544,19216,15312
>a 23152,22432,19248,15328
>a 22896,22256,19024,15392
>a 22608,22064,18960,15296
>a 22544,21904,18896,15392
>a 22432,21776,18752,15296
>a 22288,21776,18688,15232
>a 22096,21568,18608,15280
>a 21936,21296,18464,15312
>a 21808,21168,18416,15408
>a 21616,20976,18288,15328
>a 21488,20864,18224,15328
>a 21424,20832,18224,15312
>a 21344,20592,18032,15344
>a 21184,20432,18032,15328
>a 20992,20272,17808,15280
>a 20832,20144,17872,15280
>a 20528,20032,17824,15312
>a 20560,19872,17664,15280
>a 20448,19792,17632,15296
>a 20336,19760,17568,15312
>a 20256,19488,17504,15264
>a 20096,19440,17344,15344
>a 20112,19312,17376,15296
>a 19888,19232,17264,15280
>a 19728,19184,17232,15216
>a 19664,19104,17072,15248
>a 19568,18896,17184,15264
>a 19488,18816,17056,15248
>a 19472,18752,16960,15264
>a 19248,18560,16928,15360
>a 19184,18528,16880,15200
>a 19088,18368,16816,15168
>a 18960,18192,16800,15248
>a 18912,18192,16736,15248
>a 18816,18096,16720,15264
>a 18640,17920,16656,15344
>a 18640,17904,16624,15264
>a 18576,17840,16576,15248
>a 18512,17840,16528,15184
>a 18480,17712,16496,15344
>a 18384,17744,16448,15264
>a 18288,17504,16432,15248
>a 18176,17488,16352,15280
>a 18224,17440,16272,15184
>a 18064,17328,16224,15264
>a 18064,17312,16208,15248
>a 17936,17248,16304,15312
>a 17888,17200,16144,15264
>a 17888,17088,16064,15248
>a 17680,16896,16096,15312
>a 17680,16976,16128,15264
>a 17616,16896,16112,15216
>a 17712,16896,16048,15328
>a 17520,16848,15936,15248
>a 17408,16752,15952,15248
>a 17232,16688,15920,15280
>a 17216,16656,15824,15216
>a 17408,16608,15824,15248
>a 17264,16608,15824,15264
>a 17232,16480,15824,15280
>a 17248,16432,15744,15280
>a 17072,16384,15728,15200
>a 17040,16272,15728,15232
>a 17008,16256,15744,15344
>a 17008,16224,15744,15328
>a 16976,16240,15776,15280
>a 16960,16176,15696,15248
>a 16896,16144,15696,15280
>a 16960,16128,15632,15216
>a 16816,16080,15632,15344
>a 16912,16048,15600,15248
>