
>v 1 Jul 11 2014, <C1459854>
>a 56176,15760,34784,15584
>p 5,90
>a 56112,15696,34720,15536
>a 56224,15760,34784,15520
>a 56176,15680,34752,15616
>a 56160,15728,34816,15536
>a 56208,15696,34800,15552
>a 56160,15696,34752,15472
>a 56192,15696,34784,15600
>a 56176,15744,34864,15520
>a 56208,15664,34848,15520
>a 56192,15744,34816,15504
>a 56144,15728,34768,15552
>a 56144,15664,34752,15536
>a 56176,15712,34768,15504
>a 56176,15728,34784,15552
>a 56160,15696,34736,15504
>a 56176,15744,34784,15552
>a 56192,15680,34736,15504
>a 56240,15664,34640,15552
>a 56224,15712,34816,15632
>a 56176,15712,34768,15552
>a 56176,15696,34768,15568
>a 56160,15664,34736,15456
>a 56192,15680,34768,15536
>a 56192,15696,34768,15552
>a 56192,15728,34816,15520
>a 56208,15824,34896,15520
>a 56048,15712,34752,15504
>a 56160,15728,34880,15488
>a 56112,15696,34816,15520
>a 56192,15696,34720,15536
>a 56176,15664,34768,15536
>a 56176,15744,34672,15632
>a 56176,15632,34736,15536
>p 5,0
>p 6,90
>a 53168,15728,34960,15536
>a 52496,15712,34816,15536
>a 52256,15712,34784,15632
>a 51920,15648,34864,15584
>a 51632,15680,34848,15456
>a 51440,15712,34896,15616
>a 51104,15680,34848,15616
>a 50944,15696,34896,15552
>a 50656,15632,34912,15488
>p 5,90
>p 6,0
>a 53760,15680,34976,15536
>a 53760,15728,35008,15536
>a 53808,15696,34976,15520
>a 53712,15728,34976,15520
>a 53792,15648,34976,15520
>a 53840,15584,34976,15536
>a 53856,15792,34992,15504
>a 53872,15712,34944,15520
>a 53872,15712,34976,15520
>a 53840,15808,34944,15536
>a 53856,15632,34928,15504
>a 53872,15728,34960,15472
>a 53856,15680,34928,15520
>a 53904,15712,34992,15616
>a 53952,15664,34960,15504
>a 53936,15728,34976,15520
>a 53872,15728,34960,15504
>a 53920,15696,34960,15456
>a 53904,15728,34992,15536
>a 53936,15632,34960,15616
>a 53920,15728,34768,15536
>a 53936,15728,34976,15536
>a 53920,15664,34976,15552
>a 53936,15712,34944,15536
>a 53968,15728,34960,15504
>a 53936,15712,34864,15536
>a 54000,15728,35008,15632
>a 53984,15760,34960,15536
>p 5,0
>p 6,90
>a 51040,15696,34896,15584
>a 50480,15632,34864,15536
>a 50224,15696,34848,15520
>a 50000,15696,34896,15536
>a 49824,15696,34928,15520
>a 49552,15616,34928,15600
>a 49392,15712,34864,15536
>a 49200,15632,34864,15520
>a 48912,15728,34816,15472
>a 48688,15712,34816,15520
>a 48480,15664,34768,15536
>a 48304,15696,34768,15568
>a 48176,15664,34720,15520
>a 47920,15664,34784,15552
>a 47696,15664,34656,15520
>a 47552,15680,34560,15552
>a 47440,15664,34576,15472
>a 47200,15776,34640,15552
>a 46896,15760,34448,15536
>a 46800,15680,34400,15552
>a 46640,15696,34320,15520
>p 5,90
>p 6,0
>a 49232,15696,34448,15536
>a 49136,15712,34464,15552
>a 49232,15680,34480,15552
>a 49248,15664,34480,15504
>a 49312,15680,34512,15504
>a 49264,15632,34496,15632
>a 49264,15664,34480,15536
>a 49312,15696,34480,15504
>a 49408,15696,34480,15536
>a 49312,15664,34480,15536
>a 49328,15664,34352,15520
>a 49376,15680,34512,15504
>a 49360,15648,34480,15536
>a 49456,15760,34496,15616
>a 49488,15696,34464,15536
>a 49424,15744,34560,15552
>a 49456,15728,34528,15520
>a 49456,15664,34512,15504
>a 49456,15696,34544,15616
>a 49488,15616,34576,15520
>a 49520,15648,34592,15552
>a 49488,15712,34528,15504
>a 49520,15792,34416,15520
>a 49584,15760,34528,15536
>a 49536,15648,34464,15472
>a 49520,15728,34496,15456
>a 49616,15632,34592,15408
>a 49584,15856,34512,15504
>a 49504,15696,34512,15536
>a 49568,15664,34528,15552
>a 49552,15680,34544,15472
>a 49584,15632,34544,15552
>a 49600,15680,34528,15632
>a 49552,15776,34528,15536
>a 49632,15648,34480,15536
>a 49584,15760,34672,15536
>a 49680,15744,34544,15536
>a 49728,15696,34448,15504
>a 49664,15648,34560,15536
>a 49680,15728,34528,15520
>a 49648,15680,34608,15488
>a 49744,15664,34512,15536
>a 49712,15664,34512,15504
>a 49760,15712,34544,15632
>a 49696,15696,34528,15504
>a 49712,15696,34448,15472
>a 49712,15680,34480,15520
>a 49776,15712,34608,15456
>a 49728,15744,34528,15568
>a 49744,15696,34560,15520
>a 49696,15680,34592,15504
>a 49840,15616,34480,15504
>a 49712,15648,34560,15552
>a 50048,15712,34544,15584
>a 50544,15696,34560,15632
>a 50864,15664,34560,15552
>a 51232,15696,34496,15536
>a 51584,15664,34576,15552
>a 52128,15760,34448,15536
>a 52336,15680,34544,15552
>a 52496,15664,34592,15536
>a 52688,15712,34544,15536
>a 52912,15712,34640,15504
>a 52944,15712,34544,15536
>a 53136,15696,34560,15536
>a 53168,15696,34416,15552
>a 53520,15664,34528,15584
>a 53808,15712,34528,15536
>a 53520,15616,34416,15520
>a 53424,15792,34608,15536
>a 53520,15696,34544,15552
>a 53504,15696,34544,15456
>a 53424,15696,34560,15536
>a 53440,15696,34544,15520
>a 53360,15664,34544,15536
>a 53456,15728,34512,15520
>a 53408,15856,34528,15488
>a 53408,15904,34544,15488
>a 53408,15664,34480,15536
>a 53392,15664,34528,15472
>a 53360,15712,34576,15520
>a 53360,15696,34544,15520
>a 53408,15712,34416,15488
>a 53408,15712,34576,15680
>a 53360,15696,34512,15536
>a 53376,15680,34560,15584
>a 53424,15712,34480,15472
>a 53360,15664,34560,15392
>a 53408,15792,34560,15536
>a 53312,15696,34576,15552
>a 53344,15712,34560,15504
>a 53344,15664,34592,15520
>a 53344,15728,34560,15552
>a 53424,15696,34480,15552
>a 53344,15696,34528,15472
>a 53344,15744,34544,15408
>a 53264,15680,34512,15520
>a 53328,15696,34528,15456
>a 53328,15696,34544,15536
>a 53296,15712,34560,15520
>a 53328,15696,34528,15472
>a 53296,15712,34656,15472
>a 53296,15728,34544,15536
>a 53344,15728,34576,15552
>a 53264,15696,34528,15520
>a 53360,15728,34448,15472
>a 53296,15712,34688,15536
>a 53312,15712,34496,15552
>a 53296,15712,34544,15536
>a 53456,15632,34528,15568
>a 53296,15664,34560,15536
>a 53280,15664,34560,15504
>a 53264,15712,34560,15504
>a 53360,15696,34576,15456
>a 53264,15680,34544,15632
>a 53296,15760,34608,15536
>a 53280,15680,34448,15520
>a 53328,15712,34592,15536
>a 53264,15680,34544,15472
>a 53312,15680,34560,15552
>a 53328,15808,34528,15504
>a 53280,15728,34512,15616
>a 53280,15728,34544,15648
>a 53296,15712,34576,15536
>a 53248,15744,34448,15536
>a 53168,15760,34560,15632
>a 53296,15696,34560,15520
>a 53344,15728,34608,15552
>a 53296,15744,34576,15552
>a 53296,15696,34560,15488
>a 53296,15728,34560,15552
>a 53248,15728,34544,15504
>a 53280,15776,34560,15600
>a 53328,15712,34528,15536
>a 53280,15680,34544,15392
>a 53280,15696,34560,15520
>a 53168,15728,34512,15408
>a 53248,15648,34560,15440
>a 53152,15728,34576,15552
>a 53248,15792,34528,15504
>a 53168,15712,34576,15552
>a 53264,15712,34560,15520
>a 53232,15696,34416,15520
>a 53280,15696,34480,15520
>a 53264,15664,34576,15536
>a 53136,15808,34528,15504
>a 53264,15680,34400,15584
>a 53264,15696,34624,15552
>a 53264,15664,34576,15520
>a 53232,15648,34528,15536
>a 53232,15680,34528,15456
>a 53248,15648,34576,15536
>a 53216,15760,34560,15408
>a 53264,15712,34592,15568
>a 53264,15696,34416,15536
>a 53248,15712,34576,15536
>a 53216,15728,34544,15664
>a 53296,15648,34560,15424
>a 53264,15712,34576,15488
>a 53216,15696,34576,15632
>a 53248,15712,34576,15536
>a 53248,15712,34560,15472
>a 53248,15792,34640,15536
>a 53200,15664,34576,15536
>a 53248,15712,34560,15536
>a 53168,15728,34560,15504
>a 53248,15696,34480,15440
>a 53264,15728,34576,15536
>a 53168,15712,34560,15472
>a 53248,15696,34560,15456
>a 53328,15712,34576,15456
>a 53184,15696,34608,15536
>a 53296,15664,34592,15552
>a 53248,15712,34560,15440
>a 53264,15712,34656,15536
>a 53200,15632,34560,15584
>a 53184,15696,34544,15504
>a 53232,15712,34576,15536
>a 53200,15680,34560,15536
>a 53264,15584,34544,15536
>a 53232,15856,34544,15584
>a 53200,15744,34560,15504
>a 53168,15792,34672,15536
>a 53200,15728,34560,15632
>a 53264,15792,34624,15552
>a 53168,15728,34576,15552
>a 53344,15712,34592,15504
>a 53232,15744,34416,15520
>a 53216,15712,34560,15392
>a 53168,15712,34624,15472
>a 53200,15712,34560,15488
>a 53296,15664,34560,15584
>a 53216,15728,34560,15520
>a 53168,15728,34480,15536
>a 53200,15712,34560,15504
>a 53168,15712,34528,15504
>a 53264,15728,34592,15648
>a 53168,15664,34560,15472
>a 53168,15696,34560,15536
>a 53200,15728,34592,15568
>a 53200,15808,34560,15536
>a 53216,15728,34528,15536
>a 53024,15728,34544,15520
>a 53200,15744,34640,15504
>a 53184,15712,34576,15632
>a 53168,15696,34544,15536
>a 53200,15696,34544,15616
>a 53168,15728,34640,15440
>a 53152,15696,34640,15568
>a 53168,15808,34480,15408
>a 53184,15728,34608,15520
>a 53168,15696,34528,15552
>a 53152,15664,34544,15520
>a 53168,15712,34544,15472
>a 53152,15712,34544,15568
>a 53136,15696,34544,15536
>a 53136,15712,34528,15536
>a 53200,15696,34480,15520
>a 53280,15664,34448,15408
>a 53168,15712,34576,15520
>a 53168,15664,34384,15536
>a 53184,15712,34560,15552
>a 53248,15744,34656,15520
>a 53168,15776,34576,15472
>a 53168,15760,34528,15568
>a 53072,15680,34560,15568
>a 53200,15696,34544,15472
>a 53248,15664,34576,15536
>a 53168,15680,34544,15504
>a 53168,15632,34576,15616
>a 53168,15712,34560,15536
>a 53136,15728,34576,15488
>a 53152,15680,34608,15520
>a 53152,15712,34528,15536
>a 53184,15728,34592,15552
>a 53264,15712,34464,15456
>a 53168,15728,34528,15552
>a 53168,15728,34544,15536
>a 53168,15664,34528,15552
>a 53072,15696,34624,15552
>a 53152,15680,34544,15648
>a 53168,15712,34672,15552
>a 53168,15776,34560,15488
>a 53168,15808,34576,15616
>a 53136,15696,34528,15536
>a 53152,15664,34512,15536
>a 53248,15696,34544,15520
>a 53264,15792,34576,15520
>a 53168,15728,34512,15536
>a 53152,15696,34656,15440
>a 53104,15792,34480,15472
>a 53152,15696,34560,15520
>a 53184,15760,34560,15520
>a 53328,15776,34528,15696
>a 53200,15728,34560,15664
>a 53168,15648,34528,15536
>a 53152,15712,34528,15408
>a 53152,15648,34592,15504
>a 53184,15632,34544,15536
>a 53280,15840,34560,15504
>a 53136,15760,34560,15504
>a 53104,15696,34512,15536
>a 53248,15712,34560,15648
>a 53200,15712,34592,15552
>a 53168,15824,34656,15520
>a 53152,15632,34512,15504
>a 53168,15680,34512,15488
>a 53168,15808,34656,15440
>a 53168,15696,34512,15536
>a 53168,15712,34512,15520
>a 53280,15728,34576,15568
>a 53184,15792,34592,15504
>a 53216,15824,34560,15536
>a 53152,15712,34560,15648
>a 53104,15696,34544,15520
>a 53168,15680,34544,15552
>a 53168,15712,34576,15552
>a 53168,15824,34576,15536
>a 53152,15696,34544,15504
>a 53168,15664,34576,15440
>a 53136,15824,34608,15504
>a 53168,15744,34560,15552
>a 53232,15712,34576,15520
>a 53120,15712,34544,15552
>a 53152,15728,34640,15472
>a 53168,15728,34576,15440
>a 53088,15728,34560,15456
>a 53200,15744,34576,15536
>a 53168,15648,34544,15488
>a 53168,15680,34480,15552
>a 53280,15664,34480,15632
>a 53168,15680,34576,15536
>a 53168,15712,34560,15488
>a 53168,15712,34544,15472
>a 53232,15712,34544,15520
>a 53216,15728,34544,15632
>a 53168,15776,34560,15536
>a 53200,15712,34512,15440
>a 53104,15712,34656,15504
>a 53168,15744,34560,15536
>a 53168,15712,34576,15536
>a 53104,15728,34560,15520
>a 53152,15712,34656,15536
>a 53200,15712,34672,15552
>a 53168,15792,34560,15536
>a 53184,15712,34592,15632
>a 53280,15728,34560,15536
>a 53136,15696,34560,15536
>a 53104,15648,34544,15536
>a 53168,15728,34592,15552
>a 53168,15728,34528,15536
>a 53104,15712,34592,15520
>a 53168,15728,34560,15536
>a 53168,15776,34576,15488
>a 53136,15648,34576,15424
>a 53104,15712,34640,15456
>a 53152,15728,34656,15488
>a 53168,15728,34576,15520
>a 53136,15744,34544,15600
>a 53168,15680,34528,15472
>a 53248,15680,34560,15520
>a 53152,15728,34560,15520
>a 53168,15728,34560,15552
>a 53264,15680,34544,15472
>a 53248,15712,34560,15520
>a 53136,15696,34512,15680
>a 53136,15696,34512,15504
>a 53104,15728,34480,15504
>a 53136,15680,34576,15568
>a 53136,15728,34640,15520
>a 53168,15680,34528,15472
>a 53216,15792,34528,15536
>a 53200,15728,34416,15616
>a 53168,15680,34560,15552
>a 53200,15728,34576,15536
>a 53168,15712,34560,15552
>a 53168,15744,34560,15536
>a 53168,15760,34576,15568
>a 53152,15648,34448,15472
>a 53136,15680,34480,15552
>a 53168,15712,34560,15552
>a 53136,15696,34688,15488
>a 53152,15744,34496,15536
>a 53200,15664,34560,15536
>a 53024,15728,34560,15536
>a 53248,15728,34528,15568
>a 53168,15792,34560,15536
>a 53152,15664,34544,15360
>a 53168,15712,34640,15568
>a 53168,15744,34480,15536
>a 53184,15728,34560,15456
>a 53168,15712,34656,15520
>a 54064,15696,34576,15536
>a 54320,15696,34544,15536
>a 54448,15760,34560,15488
>a 54608,15856,34656,15536
>a 54800,15712,34544,15504
>a 54768,15696,34560,15504
>a 54944,15680,34576,15552
>a 55280,15728,34560,15504
>a 55664,15728,34544,15536
>a 56064,15728,34544,15696
>a 56304,15840,34544,15552
>a 56688,15840,34560,15536
>a 57088,15712,34512,15520
>a 57456,15840,34656,15520
>a 57504,15712,34576,15552
>a 57648,15728,34560,15520
>a 57728,15712,34656,15552
>a 57744,15728,34528,15584
>a 57904,15696,34640,15440
>a 58240,15840,34592,15552
>a 58624,15728,34544,15536
>a 58832,15728,34560,15536
>a 59184,15760,34496,15520
>a 59648,15712,34592,15520
>a 59952,15728,34576,15520
>a 60096,15760,34544,15504
>a 60128,15712,34544,15520
>a 60128,15760,34576,15552
>a 60176,15760,34640,15536
>a 60448,15808,34544,15584
>a 60752,15728,34512,15568
>a 61040,15856,34448,15488
>a 61360,15840,34544,15536
>a 61744,15728,34560,15520
>a 62032,15744,34448,15520
>a 62240,15776,34592,15488
>a 62224,15728,34624,15456
>a 62064,15760,34576,15472
>a 62176,15744,34576,15504
>a 62576,15728,34544,15456
>a 62816,15680,34544,15520
>a 63152,15808,34592,15552
>a 63472,15760,34496,15520
>a 63856,15728,34528,15488
>a 64032,15872,34544,15536
>a 63920,15904,34544,15456
>a 63856,15792,34592,15568
>a 63696,15744,34560,15536
>a 63760,15728,34528,15472
>a 63744,15728,34560,15536
>a 63776,15760,34560,15488
>a 63664,15760,34544,15552
>a 63664,15792,34592,15568
>a 63600,15760,34528,15520
>a 63536,15776,34528,15568
>a 63584,15872,34656,15552
>a 63440,15776,34560,15488
>a 63472,15792,34560,15536
>a 63456,15792,34576,15536
>a 63408,15696,34672,15552
>a 63424,15760,34576,15536
>a 63312,15872,34656,15536
>a 63312,15792,34576,15568
>a 63248,15744,34560,15552
>a 63232,15792,34544,15536
>a 63216,15760,34672,15536
>a 63152,15744,34560,15536
>a 63152,15664,34576,15536
>a 63136,15728,34560,15632
>a 63088,15760,34576,15536
>a 63136,15696,34528,15520
>a 63152,15872,34656,15504
>a 63024,15776,34512,15568
>a 63024,15776,34560,15552
>a 62992,15856,34576,15536
>a 63008,15760,34544,15536
>a 63056,15760,34560,15536
>a 62896,15744,34496,15520
>a 62960,15616,34496,15552
>a 62800,15904,34592,15504
>a 62928,15760,34544,15568
>a 62960,15776,34576,15616
>a 62928,15808,34528,15552
>p 5,0
>p 6,90
>a 59408,15744,34752,15552
>a 58592,15840,34768,15504
>a 58224,15728,34896,15456
>a 57904,15712,35040,15424
>a 57568,15696,35088,15456
>a 57312,15760,35216,15504
>a 56944,15840,35264,15504
>a 56656,15680,35440,15552
>a 56304,15712,35344,15552
>a 56096,15824,35552,15568
>a 55792,15696,35472,15520
>a 55552,15760,35600,15536
>a 55312,15744,35584,15632
>a 54944,15792,35488,15520
>a 54640,15728,35824,15536
>a 54432,15728,35808,15536
>a 54176,15728,35824,15536
>a 53872,15728,35760,15520
>a 53664,15696,35920,15552
>a 53424,15696,35808,15504
>a 53104,15792,35792,15536
>a 52864,15696,35824,15536
>a 52688,15712,35856,15552
>a 52512,15728,35808,15632
>a 52288,15728,35936,15520
>a 52080,15632,35872,15568
>a 51824,15712,35808,15536
>a 51600,15696,35824,15456
>a 51472,15712,35872,15536
>a 51184,15712,35824,15552
>a 50960,15712,35760,15536
>a 50800,15728,35808,15536
>a 50624,15696,35728,15456
>a 50352,15728,35792,15520
>a 50160,15728,35680,15584
>p 5,90
>p 6,0
>a 53088,15728,35760,15536
>a 53104,15728,35872,15488
>a 53136,15792,35760,15648
>a 53168,15712,35760,15520
>a 53136,15728,35776,15520
>a 53264,15616,35824,15536
>a 53232,15712,35840,15536
>a 53232,15728,35744,15536
>a 53264,15712,35744,15536
>p 5,0
>p 6,90
>a 50576,15712,35600,15520
>a 50048,15696,35680,15536
>a 49744,15696,35568,15536
>a 49520,15696,35568,15504
>a 49328,15856,35472,15488
>a 49216,15680,35488,15504
>a 49072,15648,35360,15504
>a 48688,15696,35424,15504
>a 48480,15696,35360,15536
>a 48240,15664,35312,15520
>a 48176,15648,35296,15536
>a 47968,15696,35264,15552
>a 47728,15712,35216,15552
>a 47616,15664,35136,15616
>a 47392,15680,34928,15520
>a 47200,15664,35072,15616
>a 47056,15712,34976,15536
>a 46864,15696,34912,15600
>p 5,90
>p 6,0
>a 49520,15696,34832,15520
>p 5,0
>p 6,90
>a 46928,15712,34816,15520
>p 5,90
>p 6,0
>a 49248,15648,35040,15616
>a 49264,15664,34928,15600
>a 49296,15664,34944,15504
>a 49264,15664,34960,15536
>a 49328,15776,35008,15520
>a 49376,15696,34992,15600
>a 49424,15696,34960,15536
>a 49440,15600,34960,15520
>a 49456,15712,35056,15488
>a 49456,15696,34992,15536
>a 49520,15792,35104,15568
>a 49488,15664,34928,15456
>a 49456,15648,35024,15536
>a 49520,15712,34976,15632
>a 49632,15712,34992,15504
>a 49552,15664,34992,15632
>a 49536,15680,34896,15520
>a 49552,15696,35072,15520
>a 49584,15696,35008,15632
>a 49632,15568,35040,15456
>a 49648,15696,34928,15504
>a 49648,15680,35008,15408
>a 49648,15696,34976,15536
>a 49680,15712,34992,15536
>a 49728,15776,34992,15456
>a 49728,15712,35008,15504
>a 49712,15696,34976,15472
>a 49728,15616,35056,15520
>a 49776,15664,34960,15520
>a 49776,15664,34944,15552
>a 49760,15680,34992,15520
>a 49824,15712,35072,15616
>a 49808,15664,34976,15536
>a 49792,15632,35088,15520
>a 49744,15680,35008,15504
>a 49856,15712,34976,15552
>a 49840,15696,35008,15568
>p 4,90
>a 49824,15792,34960,15520
>a 49888,15936,35024,15504
>a 49920,16080,34976,15536
>a 49840,16336,34896,15520
>a 49904,16512,34992,15392
>a 49872,16720,34928,15584
>a 49920,16976,34928,15520
>a 49936,17056,34896,15520
>a 49952,17200,34800,15536
>a 50000,17424,34864,15632
>a 49952,17584,34848,15552
>a 50064,17840,34816,15584
>a 49952,17872,34816,15504
>a 49968,17984,34784,15504
>a 50000,18176,34816,15536
>a 49984,18352,34768,15520
>a 50000,18496,34768,15536
>a 50000,18544,34720,15536
>a 50000,18688,34704,15472
>a 50096,18848,34720,15520
>p 4,0
>a 49968,18896,34704,15520
>a 49936,18736,34640,15552
>a 50032,18432,34672,15536
>a 50064,18240,34704,15552
>a 50080,17872,34704,15504
>a 50048,17824,34640,15584
>a 50096,17648,34720,15568
>a 50080,17472,34672,15616
>a 50032,17312,34768,15488
>a 50000,17152,34736,15536
>p 5,0
>a 50128,17008,34672,15520
>a 50112,16848,33104,15552
>p 5,90
>a 50112,16784,34224,15552
>a 50096,16656,34256,15536
>a 50112,16528,34208,15520
>p 5,0
>a 50096,16416,32896,15472
>p 5,90
>a 50160,16384,33984,15536
>a 50224,16112,34064,15472
>a 50032,16112,33952,15472
>p 5,0
>a 50224,16112,32624,15552
>p 5,90
>a 50208,16048,33728,15536
>p 5,0
>a 50096,15952,32320,15520
>p 6,90
>a 47456,15904,33296,15504
>p 5,90
>p 6,0
>a 49920,15856,33456,15504
>a 49936,15824,33504,15504
>a 49904,15824,33584,15504
>a 49904,15808,33504,15488
>a 49952,15792,33536,15536
>a 49952,15792,33568,15536
>a 50032,15728,33488,15504
>a 49920,15792,33568,15408
>a 50000,15824,33552,15600
>a 49952,15728,33552,15504
>a 49952,15824,33504,15536
>