
>v 1 Jul 11 2014, <C1459854>
>a 26880,15216,26720,15264
>a 26960,15344,26720,15280
>a 26928,15264,26736,15296
>a 26928,15264,26720,15280
>a 26944,15408,26672,15264
>a 26960,15248,26592,15264
>a 26944,15344,26736,15264
>a 27024,15248,26736,15296
>a 26928,15216,26848,15376
>a 26976,15248,26736,15280
>a 26976,15264,26704,15312
>a 26976,15248,26720,15296
>a 27104,15216,26784,15296
>a 26976,15344,26864,15296
>a 26976,15344,26752,15344
>a 26960,15216,26736,15152
>a 26960,15216,26736,15232
>a 26992,15264,26768,15280
>a 27008,15344,26864,15248
>a 26960,15232,26704,15280
>a 26976,15216,26768,15312
>a 26912,15216,26768,15296
>a 26944,15232,26896,15280
>a 26992,15392,26768,15312
>a 27072,15232,26848,15264
>a 26992,15264,26736,15152
>a 27056,15248,26768,15280
>a 27040,15248,26768,15408
>a 27008,15248,26880,15280
>a 27024,15248,26800,15280
>a 27024,15200,26784,15200
>a 26992,15264,26736,15392
>p 7,24
>p 7,24
>a 26992,15200,26736,15264
>p 7,25
>a 27008,15264,26704,15264
>p 7,26
>a 27024,15216,26800,15392
>a 27120,15248,26800,15280
>p 7,27
>a 26832,15200,26752,15264
>p 7,28
>a 26992,15232,26720,15280
>a 26960,15376,26768,15296
>a 24896,19216,26592,15296
>a 25296,18016,26624,15280
>a 25040,18384,26416,15296
>a 25072,18352,26448,15280
>a 24928,18256,26304,15232
>a 24880,18224,26192,15328
>p 7,27
>a 24816,18128,26160,15280
>a 25248,17408,26096,15264
>a 25312,17712,26032,15280
>a 25152,17568,26064,15296
>a 25072,17680,25936,15296
>a 25040,17744,25952,15280
>a 24944,17680,25808,15296
>p 7,26
>a 25264,16960,25840,15344
>a 25312,17072,25712,15264
>a 25136,17056,25728,15296
>a 25152,17040,25616,15344
>a 25088,17040,25568,15344
>a 25168,17040,25520,15280
>a 25168,17072,25328,15312
>a 24880,17152,25440,15296
>a 24864,17072,25376,15376
>p 7,25
>a 25136,16288,25456,15248
>a 25088,16432,25296,15264
>a 25056,16496,25296,15312
>a 25008,16288,25264,15216
>a 25104,16432,25200,15296
>a 24976,16336,25216,15312
>a 24912,16384,25168,15280
>a 24880,16304,25136,15248
>a 24800,16336,25168,15248
>a 24816,16304,25072,15264
>p 7,24
>a 24928,15968,25056,15200
>a 25168,15600,25008,15296
>a 25168,15632,25056,15280
>a 25152,15696,25024,15296
>a 25104,15696,25008,15280
>a 25184,15696,24944,15248
>a 25136,15712,25008,15296
>a 25072,15680,24992,15344
>p 7,23
>a 25088,15584,24944,15248
>a 25168,15408,24960,15280
>a 25168,15280,24944,15200
>a 25232,15264,24976,15280
>a 25184,15344,24992,15248
>p 7,24
>a 25232,15216,24944,15296
>a 25168,15312,25008,15280
>a 25200,15424,24960,15360
>a 25120,15664,24976,15280
>p 7,25
>a 25008,15808,24944,15280
>a 24528,16608,24880,15200
>a 24736,16464,24832,15296
>a 24720,16416,24800,15200
>a 24544,16512,24800,15328
>a 24464,16336,24688,15264
>a 24464,16416,24752,15280
>a 24432,16352,24704,15280
>a 24480,16304,24544,15312
>a 24368,16320,24608,15168
>p 7,26
>a 24064,16960,24560,15280
>p 7,27
>a 23664,17664,24528,15280
>a 23600,17648,24432,15312
>a 23440,17632,24416,15296
>p 7,28
>a 22912,18544,24384,15280
>a 22816,18368,24304,15280
>p 7,29
>a 22544,18704,24112,15280
>p 7,30
>a 22096,19184,24048,15280
>p 7,31
>a 21552,19712,23952,15280
>a 21168,20080,23888,15264
>p 7,32
>a 20912,20128,23744,15184
>p 7,33
>a 20736,20272,23680,15280
>p 7,34
>a 20688,20080,23568,15264
>p 7,35
>a 20704,20096,23408,15280
>p 7,36
>a 20576,20144,23408,15280
>p 7,37
>a 20496,20016,23296,15328
>p 7,38
>a 20480,19984,23184,15232
>p 7,39
>a 20480,19952,23056,15248
>p 7,40
>p 7,41
>a 20336,19920,23152,15344
>p 7,42
>a 20336,19872,23024,15232
>p 7,43
>a 20288,19792,22928,15264
>p 7,42
>p 7,41
>a 20304,19792,22832,15200
>p 7,40
>p 7,39
>p 7,38
>p 7,37
>p 7,36
>p 7,35
>a 20128,19728,22784,15280
>p 7,34
>p 7,33
>p 7,32
>p 7,31
>p 7,30
>a 20144,19712,22688,15248
>p 7,29
>p 7,28
>p 7,27
>a 20144,19648,22640,15264
>p 7,26
>p 7,25
>a 20080,19568,22512,15200
>p 7,24
>a 20976,17696,22512,15264
>a 22800,15392,22560,15264
>p 7,23
>a 22832,15264,22624,15216
>a 22864,15280,22528,15232
>a 22944,15216,22640,15248
>a 22864,15200,22624,15264
>a 22928,15168,22656,15264
>a 22928,15328,22704,15264
>a 22944,15216,22704,15264
>a 23088,15232,22688,15264
>a 22992,15216,22832,15200
>a 23056,15216,22816,15264
>a 23056,15232,22800,15200
>a 22992,15248,22832,15280
>a 23120,15328,22864,15248
>a 23088,15216,22832,15216
>a 23136,15200,22944,15248
>a 23152,15232,22992,15248
>a 23184,15248,22928,15248
>a 23136,15264,22848,15248
>a 23216,15216,22896,15344
>a 23216,15232,22960,15264
>a 23216,15216,22864,15216
>a 23232,15248,23024,15248
>a 23264,15216,23008,15248
>a 23264,15328,23024,15264
>a 23312,15216,23040,15248
>a 23296,15072,23072,15264
>a 23296,15232,23056,15312
>a 23328,15296,23056,15248
>