
>v 1 Jul 11 2014, <C1459854>
>a 49568,15392,49296,15376
>a 49552,15392,49408,15392
>a 49648,15424,49392,15456
>a 49520,15264,49328,15376
>a 49568,15408,49296,15456
>a 49520,15408,49392,15440
>a 49488,15376,49312,15424
>a 49552,15408,49424,15344
>a 49568,15328,49360,15456
>a 49584,15408,49232,15440
>a 49520,15392,49280,15408
>a 49520,15360,49488,15456
>a 49584,15424,49328,15504
>a 49456,15536,49360,15472
>a 49488,15280,49312,15424
>a 49536,15344,49424,15456
>a 49632,15408,49328,15328
>a 49536,15344,49328,15456
>a 49632,15424,49312,15408
>a 49568,15408,49408,15520
>a 49536,15392,49312,15456
>a 49504,15424,49328,15456
>a 49568,15456,49424,15536
>a 49584,15376,49296,15424
>a 49552,15296,49312,15424
>a 49600,15456,49264,15392
>a 49520,15408,49328,15424
>a 49552,15408,49344,15552
>a 49504,15392,49296,15424
>a 49520,15328,49328,15456
>a 49552,15408,49264,15456
>a 49584,15408,49344,15440
>a 49632,15520,49328,15424
>a 49504,15376,49280,15360
>a 49552,15408,49264,15408
>a 49568,15408,49328,15504
>a 49536,15312,49360,15376
>a 49568,15392,49136,15440
>a 49456,15344,49328,15456
>a 49568,15440,49328,15472
>a 49552,15392,49376,15440
>a 49568,15360,49296,15344
>a 49552,15376,49296,15440
>p 4,90
>a 49120,15488,48896,15456
>a 48880,15376,48624,15440
>a 48480,15408,48272,15376
>a 48144,15440,47920,15408
>a 47872,15376,47616,15440
>a 47568,15296,47312,15504
>a 47232,15392,46992,15408
>a 46928,15392,46688,15440
>a 46656,15424,46400,15600
>a 46384,15392,46064,15408
>a 46064,15392,45712,15392
>a 45760,15376,45552,15440
>p 5,90
>a 45520,15216,45360,15440
>a 45248,15344,45024,15440
>a 44960,15344,44784,15440
>a 44688,15472,44560,15344
>p 5,0
>a 43168,15392,42656,15408
>a 42272,15344,41984,15376
>a 41568,15376,41280,15376
>a 41040,15296,40640,15392
>a 40368,15344,40032,15376
>a 39856,15344,39472,15376
>a 39184,15296,38880,15456
>a 38656,15472,38352,15376
>a 38112,15376,37760,15344
>a 37536,15280,37280,15344
>a 37040,15344,36784,15456
>a 36656,15328,36256,15376
>a 36000,15280,35792,15328
>a 35584,15248,35312,15328
>a 35072,15312,34848,15328
>a 34656,15280,34336,15344
>a 34240,15248,33984,15408
>a 33728,15280,33552,15344
>a 33424,15312,33216,15248
>a 32976,15328,32672,15344
>a 32528,15312,32304,15344
>a 32256,15392,31920,15296
>a 31728,15264,31568,15312
>a 31440,15248,31136,15296
>a 31088,15280,30800,15392
>a 30672,15296,30416,15312
>a 30352,15312,30112,15328
>a 29952,15280,29680,15264
>a 29584,15280,29488,15312
>a 29328,15184,29104,15328
>a 28976,15248,28624,15312
>a 28640,15280,28528,15344
>a 28384,15296,28128,15392
>a 28048,15248,27888,15408
>a 27744,15376,27616,15248
>a 27488,15280,27168,15280
>a 27248,15344,26928,15296
>a 26800,15072,26656,15296
>a 26592,15424,26336,15296
>a 26288,15216,26096,15264
>a 26128,15248,25872,15344
>a 36704,15344,26512,15264
>a 36784,15312,26448,15280
>a 36336,15328,26368,15280
>a 36016,15296,26320,15344
>a 35712,15344,26160,15312
>a 35440,15344,26096,15280
>a 35328,15296,26096,15312
>a 34992,15328,26032,15184
>a 34768,15344,25904,15264
>a 34704,15344,25840,15312
>a 34336,15344,25824,15264
>a 34336,15392,25664,15120
>a 34032,15344,25568,15248
>a 33952,15312,25584,15280
>a 33776,15344,25232,15264
>a 33632,15344,25280,15264
>a 33392,15280,25232,15248
>a 33312,15392,25040,15264
>a 33168,15296,25088,15280
>a 32928,15312,24896,15264
>a 32976,15264,24848,15264
>a 32704,15328,24704,15264
>a 32624,15312,24592,15264
>a 32512,15264,24496,15376
>a 32352,15312,24432,15280
>a 32192,15328,24336,15376
>a 32064,15264,24192,15280
>a 31968,15280,24144,15280
>a 31824,15280,24048,15216
>a 31568,15280,23984,15296
>a 31536,15312,23856,15248
>a 31472,15296,23760,15232
>a 31280,15280,23616,15248
>a 31216,15248,23664,15200
>a 31104,15344,23456,15328
>a 31008,15264,23440,15248
>a 30992,15280,23248,15248
>a 30736,15312,23120,15264
>a 30640,15312,23152,15248
>p 5,90
>a 30672,15312,23904,15280
>a 30576,15280,23920,15264
>a 30880,15264,24080,15264
>p 5,0
>a 30576,15312,23440,15280
>a 30576,15264,23312,15376
>a 30352,15280,23216,15248
>a 30336,15312,23168,15280
>a 30176,15312,23040,15136
>a 30032,15408,22992,15280
>a 29952,15328,22896,15344
>a 29680,15232,22704,15232
>a 29776,15312,22704,15280
>a 29584,15280,22400,15232
>p 4,0
>a 29568,15312,22608,15248
>a 29488,15280,22576,15120
>a 29360,15168,22608,15344
>p 4,90
>a 29264,15264,22512,15248
>a 29280,15312,22432,15280
>a 29200,15296,22336,15248
>a 29184,15280,22224,15216
>a 29072,15248,22192,15248
>a 28880,15216,22000,15248
>a 28704,15248,21936,15264
>a 28688,15280,21872,15280
>a 28560,15264,21840,15264
>a 28464,15280,21840,15200
>a 28336,15264,21600,15248
>a 28288,15280,21456,15264
>a 28176,15232,21424,15248
>a 28048,15264,21232,15264
>a 28080,15152,21264,15264
>a 27904,15248,21200,15232
>a 27760,15168,21088,15264
>a 27744,15296,21040,15376
>a 27616,15248,20944,15232
>a 27488,15216,20896,15232
>a 27440,15216,20832,15232
>a 27360,15296,20752,15264
>a 27280,15264,20688,15232
>a 27216,15264,20624,15264
>a 27216,15264,20480,15248
>a 27040,15280,20560,15232
>a 26944,15264,20480,15232
>a 26928,15280,20368,15216
>a 26832,15296,20368,15360
>a 26832,15216,20240,15248
>a 26672,15280,20176,15264
>a 26624,15280,20112,15280
>a 26480,15296,20080,15264
>a 26416,15264,20048,15280
>a 26336,15264,19936,15248
>a 26192,15216,19920,15264
>a 26144,15264,19952,15248
>a 26096,15248,19792,15200
>a 25936,15264,19696,15264
>a 25904,15264,19664,15232
>a 25696,15296,19600,15248
>a 25584,15344,19600,15232
>a 25552,15232,19504,15216
>a 25328,15248,19472,15328
>a 25248,15232,19392,15216
>a 25248,15232,19392,15216
>a 25104,15248,19296,15248
>a 25040,15232,19280,15248
>a 24992,15264,19216,15232
>a 24848,15264,19248,15312
>a 24832,15280,19056,15216
>a 24832,15280,19104,15312
>a 24864,15392,19056,15232
>a 24768,15216,19088,15184
>a 24640,15264,18944,15296
>a 24576,15264,18992,15216
>a 24496,15264,18896,15312
>a 24480,15280,18832,15216
>a 24368,15264,18768,15232
>a 24336,15248,18704,15232
>a 24304,15328,18736,15232
>a 24304,15248,18704,15344
>a 24016,15216,18608,15296
>a 23952,15232,18576,15200
>a 23952,15200,18592,15232
>a 23856,15280,18560,15248
>a 23728,15312,18512,15328
>a 23728,15264,18448,15232
>a 23600,15264,18432,15168
>a 23472,15344,18336,15216
>a 23584,15248,18352,15264
>a 23440,15248,18320,15200
>a 23392,15280,18208,15216
>a 23312,15248,18208,15216
>a 23296,15264,18192,15216
>a 23152,15360,18128,15232
>a 23024,15280,18128,15248
>a 22960,15184,18080,15216
>a 22880,15280,18096,15312
>a 22752,15264,18032,15216
>a 22672,15280,18032,15232
>a 22688,15264,17984,15264
>a 22560,15200,17968,15280
>a 22608,15248,17888,15216
>a 22512,15328,17872,15216
>a 22592,15280,17776,15312
>a 22400,15264,17824,15232
>a 22400,15296,17808,15312
>a 22240,15280,17712,15216
>a 22192,15296,17760,15264
>a 22064,15280,17776,15216
>a 22032,15216,17776,15216
>a 21920,15216,17600,15232
>a 21936,15344,17712,15216
>a 21936,15248,17584,15184
>a 21824,15200,17520,15248
>a 21792,15280,17648,15216
>a 21728,15344,17488,15232
>a 21696,15312,17648,15248
>a 21584,15264,17472,15136
>a 21664,15152,17472,15216
>a 21520,15344,17440,15168
>a 21280,15264,17424,15216
>a 21312,15264,17376,15280
>a 21216,15360,17328,15232
>a 21200,15280,17504,15248
>a 21200,15264,17408,15216
>a 21072,15280,17296,15168
>a 20992,15264,17248,15216
>a 20912,15280,17200,15216
>a 21008,15280,17232,15248
>a 20912,15248,17152,15200
>a 20848,15264,17232,15216
>a 20880,15296,17248,15232
>a 20704,15264,17136,15216
>a 20656,15312,17072,15232
>a 20624,15296,17184,15232
>a 20576,15248,17152,15200
>a 20512,15296,17136,15200
>a 20512,15376,17008,15216
>a 20432,15280,16960,15152
>a 20384,15296,16976,15232
>a 20272,15296,16944,15216
>a 20288,15280,16960,15264
>a 20192,15296,16896,15200
>a 20240,15296,16880,15152
>a 20080,15408,16960,15264
>a 20144,15280,16832,15200
>a 19968,15328,16848,15280
>a 20032,15328,16832,15280
>a 19968,15312,16768,15216
>a 19920,15280,16800,15216
>a 19888,15328,16768,15232
>a 19792,15232,16736,15200
>a 19728,15312,16656,15296
>a 19680,15312,16704,15200
>a 19648,15344,16688,15216
>a 19600,15376,16720,15200
>a 19568,15408,16608,15184
>a 19488,15376,16656,15296
>a 19504,15344,16752,15200
>a 19472,15344,16624,15216
>a 19376,15312,16608,15232
>a 19280,15456,16432,15136
>a 19280,15360,16560,15184
>a 19232,15344,16528,15056
>a 19184,15328,16512,15232
>a 19184,15344,16496,15216
>a 19104,15312,16496,15232
>a 19104,15344,16496,15216
>a 19072,15344,16400,15280
>a 19040,15344,16448,15280
>a 18960,15312,16432,15200
>a 18880,15456,16432,15200
>a 18976,15376,16416,15216
>a 18848,15296,16368,15248
>a 18800,15408,16336,15168
>a 18736,15424,16448,15216
>a 18736,15408,16368,15248
>a 18752,15328,16336,15200
>a 18640,15440,16288,15216
>a 18624,15440,16304,15232
>a 18544,15360,16384,15168
>a 18496,15392,16240,15232
>a 18528,15488,16240,15200
>a 18464,15392,16240,15216
>a 18432,15472,16304,15232
>a 18368,15504,16208,15232
>a 18256,15344,16176,15184
>a 18336,15360,16208,15216
>a 18272,15392,16160,15216
>a 18192,15408,16144,15264
>a 18176,15472,16144,15216
>a 18144,15360,16192,15232
>a 18160,15392,16096,15232
>a 18224,15376,16128,15200
>a 18112,15392,16128,15232
>a 18080,15440,16080,15200
>a 18096,15344,16096,15184
>a 17968,15328,16096,15216
>a 18000,15408,16048,15248
>a 17904,15472,16160,15200
>a 17904,15344,16048,15328
>a 17776,15344,15984,15200
>a 17872,15376,16016,15248
>a 17808,15376,16064,15152
>a 17792,15344,16016,15248
>a 17760,15344,16016,15248
>a 17808,15328,15952,15200
>a 17648,15328,15984,15344
>a 17664,15248,15984,15232
>a 17648,15280,15920,15232
>a 17648,15328,15920,15184
>a 17808,15344,15904,15232
>a 17552,15264,15920,15200
>a 17488,15408,15904,15216
>a 17488,15328,15920,15296
>a 17472,15264,15856,15328
>a 17456,15280,15888,15216
>a 17424,15328,15888,15184
>a 17392,15248,15840,15328
>a 17376,15184,15840,15216
>a 17296,15216,15888,15184
>a 17312,15296,15824,15216
>a 17376,15280,15824,15248
>a 17184,15264,15808,15216
>a 17344,15312,15792,15344
>a 17152,15280,15792,15184
>a 17168,15280,15760,15296
>a 17152,15264,15760,15072
>a 17152,15376,15792,15184
>a 17104,15344,15712,15216
>a 17184,15280,15776,15200
>a 17056,15248,15824,15312
>a 16976,15136,15728,15184
>a 16960,15232,15712,15216
>a 16960,15264,15696,15152
>a 16976,15264,15680,15280
>a 17056,15280,15712,15216
>a 16928,15248,15648,15216
>a 16848,15280,15648,15216
>a 16896,15248,15664,15216
>a 16864,15280,15680,15248
>a 16864,15264,15664,15232
>a 16912,15232,15568,15216
>a 16752,15216,15664,15168
>a 16848,15264,15536,15232
>a 16736,15232,15632,15056
>a 16672,15312,15648,15216
>a 16832,15280,15632,15216
>a 16720,15216,15632,15168
>a 16704,15216,15728,15216
>a 16656,15216,15600,15184
>a 16592,15232,15600,15296
>a 16640,15248,15632,15232
>a 16560,15168,15584,15280
>a 16592,15264,15680,15296
>a 16560,15216,15584,15216
>a 16576,15264,15584,15280
>a 16560,15328,15600,15216
>a 16528,15248,15536,15232
>a 16512,15376,15600,15248
>a 16512,15248,15584,15232
>a 16480,15216,15520,15216
>a 16496,15264,15568,15232
>a 16448,15216,15552,15216
>a 16432,15248,15536,15232
>a 16448,15264,15536,15200
>a 16416,15248,15504,15312
>a 16384,15216,15488,15200
>a 16256,15344,15536,15232
>a 16416,15232,15520,15216
>a 16304,15232,15472,15280
>a 16416,15120,15504,15216
>a 16304,15280,15696,15216
>a 16288,15232,15520,15200
>a 16304,15248,15456,15200
>a 16256,15216,15536,15200
>a 16272,15232,15456,15216
>a 16240,15248,15568,15216
>a 16240,15232,15488,15168
>a 16192,15248,15488,15264
>a 16224,15232,15456,15344
>a 16272,15232,15456,15216
>a 16160,15184,15456,15216
>a 16288,15184,15472,15232
>a 16016,15232,15440,15200
>a 16128,15248,15328,15280
>a 16144,15248,15456,15248
>a 16112,15216,15424,15248
>a 16112,15216,15408,15200
>a 16112,15408,15440,15200
>a 16080,15200,15392,15184
>a 16128,15216,15424,15296
>a 16064,15248,15424,15216
>a 16048,15152,15392,15200
>a 16048,15200,15392,15216
>a 16064,15248,15424,15200
>a 16064,15216,15472,15168
>a 16016,15216,15408,15216
>a 15984,15216,15376,15216
>a 15952,15232,15376,15184
>a 15984,15200,15504,15296
>a 16000,15216,15392,15248
>a 16112,15280,15328,15200
>a 15984,15216,15408,15248
>a 15968,15280,15376,15296
>a 15952,15216,15344,15264
>a 15872,15168,15312,15200
>a 15952,15184,15440,15248
>a 15968,15200,15328,15232
>a 15904,15200,15344,15296
>a 15952,15248,15488,15248
>a 15728,15312,15344,15232
>a 15920,15216,15408,15200
>a 15936,15152,15344,15120
>a 15856,15184,15312,15200
>a 15840,15168,15376,15216
>a 15920,15200,15344,15232
>a 15872,15216,15376,15248
>a 16032,15200,15408,15216
>a 15792,15024,15344,15232
>a 15856,15216,15392,15216
>a 15856,15152,15344,15296
>a 15760,15200,15312,15280
>a 15824,15312,15344,15232
>a 15808,15152,15280,15232
>a 15792,15216,15312,15296
>a 15792,15184,15280,15184
>p 6,90
>a 15696,15200,15344,15232
>a 15792,15184,15312,15200
>a 15808,15216,15328,15168
>a 15776,15200,15312,15200
>p 6,0
>a 16336,15280,15328,15216
>a 16896,15200,15264,15168
>a 17200,15152,15344,15232
>a 17456,15136,15328,15216
>a 17568,15152,15216,15216
>a 17712,15184,15280,15200
>a 17744,15232,15216,15184
>a 17840,15152,15184,15216
>a 17872,15296,15008,15200
>a 17952,15184,15136,15216
>a 17936,15184,15184,15200
>p 5,90
>a 18096,15184,15200,15216
>a 18176,15152,15264,15216
>a 18064,15296,15216,15216
>p 5,0
>a 18224,15184,15152,15216
>a 18128,15168,15280,15312
>a 18128,15216,15200,15216
>a 18128,15216,15200,15184
>a 18272,15184,15136,15200
>a 18176,15200,15168,15216
>a 18128,15200,15168,15200
>a 18208,15264,15152,15200
>a 18208,15072,15216,15216
>p 6,90
>a 17792,15184,15312,15216
>a 15728,15152,15248,15200
>a 15456,15184,15200,15328
>a 15440,15200,15280,15216
>a 15440,15280,15280,15200
>a 15376,15184,15216,15200
>a 15424,15200,15280,15184
>a 15408,15104,15088,15216
>a 15408,15184,15184,15280
>a 15376,15168,15280,15216
>a 15424,15280,15248,15216
>a 15424,15104,15120,15200
>a 15424,15264,15184,15216
>a 15520,15216,15184,15152
>a 15472,15184,15184,15200
>a 15376,15120,15184,15168
>a 15440,15200,15200,15200
>a 15408,15120,15184,15168
>p 7,23
>a 15328,15152,15200,15216
>a 15424,15184,15344,15216
>a 15376,15168,15200,15312
>a 15408,15152,15168,15168
>p 7,0
>a 15472,15152,15200,15216
>a 15424,15120,15184,15280
>a 15408,15088,15200,15216
>a 15488,15280,15184,15232
>a 15440,15056,15152,15280
>a 15392,15184,15184,15200
>a 15440,15168,15184,15232
>a 15376,15168,15184,15184
>a 15440,15248,15152,15184
>a 15440,15216,15152,15200
>a 15344,15136,15200,15216
>a 15408,15152,15152,15136
>a 15344,15200,15152,15200
>a 15424,15152,15216,15216
>a 15344,15168,15152,15216
>a 15376,15152,15184,15200
>a 15408,15152,15152,15248
>a 15408,15152,15136,15200
>a 15376,15136,15216,15216
>a 15344,15168,15152,15200
>a 15424,15072,15184,15232
>a 15520,15184,15152,15216
>a 15440,15200,15312,15216
>a 15392,15152,15168,15200
>a 15408,15152,15184,15184
>a 15440,15200,15184,15296
>a 15408,15184,15168,15200
>a 15488,15200,15216,15152
>a 15376,15152,15184,15184
>a 15424,15168,15152,15216
>a 15408,15168,15152,15296
>a 15408,15168,15168,15152
>a 15344,15120,15184,15216
>a 15392,15184,15184,15280
>a 15408,15200,15184,15200
>a 15408,15168,15136,15152
>a 15392,15216,15216,15232
>a 15536,15216,15184,15216
>a 15408,15120,15216,15216
>a 15408,15200,15184,15072
>a 15488,15072,15168,15152
>a 15424,15184,15184,15152
>a 15376,15184,15264,15216
>a 15376,15152,15168,15152
>a 15408,15216,15184,15216
>a 15392,15200,15184,15200
>a 15408,15200,15216,15280
>a 15424,15184,15168,15200
>a 15408,15120,15184,15280
>a 15408,15152,15168,15280
>a 15424,15104,15168,15216
>a 15344,15152,15120,15184
>a 15376,15184,15184,15216
>a 15328,15200,15088,15200
>a 15408,15168,15088,15184
>a 15392,15152,15152,15200
>a 15344,15168,15152,15184
>a 15392,15184,15168,15120
>a 15408,15312,15184,15216
>a 15408,15152,15152,15216
>a 15408,15200,15200,15216
>a 15280,15184,15184,15216
>a 15392,15104,15152,15216
>a 15520,15120,15152,15184
>a 15408,15168,15200,15216
>a 15312,15200,15200,15328
>a 15392,15248,15280,15152
>a 15472,15184,15152,15216
>a 15424,15184,15056,15184
>a 15456,15216,15200,15232
>a 15408,15168,14992,15168
>a 15472,15216,15216,15216
>a 15392,15184,15264,15248
>a 15424,15120,15216,15216
>a 15392,15152,15152,15200
>a 15456,15184,15184,15232
>a 15408,15152,15184,15296
>a 15376,15184,15200,15216
>a 15488,15184,15168,15152
>a 15344,15184,15216,15184
>a 15376,15168,15248,15280
>a 15392,15152,15168,15248
>a 15376,15152,15168,15168
>a 15392,15184,15168,15200
>a 15424,15184,15152,15200
>a 15408,15200,15200,15184
>a 15520,15184,15152,15232
>a 15504,15184,15184,15200
>