v 1 Jul 11 2014, <C1459854>
>v 1 Jul 11 2014, <C1459854>
>a 46944,15440,46640,15536
>a 46816,15392,46576,15392
>a 46896,15392,46640,15424
>a 46896,15392,46608,15424
>a 46848,15376,46688,15440
>a 46816,15376,46640,15456
>a 46800,15392,46624,15424
>a 46864,15376,46624,15424
>a 46800,15392,46528,15408
>a 46816,15392,46544,15424
>a 46832,15472,46688,15344
>a 46880,15376,46576,15392
>a 46832,15392,46672,15520
>a 46864,15424,46624,15440
>a 46832,15344,46704,15424
>a 46784,15392,46608,15440
>a 46688,15392,46672,15360
>p 7,24
>p 7,24
>a 46752,15424,46544,15408
>p 7,25
>p 7,26
>p 7,27
>p 7,28
>a 46832,15408,46576,15440
>a 46816,15344,46624,15440
>a 46848,15472,46560,15424
>a 46800,15424,46688,15424
>a 45312,19280,46528,15488
>a 45824,18016,46448,15440
>a 45856,18400,46368,15440
>a 45808,18272,46336,15408
>a 45728,18336,46256,15408
>a 45488,18256,46080,15472
>p 7,27
>a 45776,17792,46048,15504
>a 45584,17584,46032,15344
>a 45584,17728,45904,15408
>p 7,26
>a 45856,16960,45936,15392
>a 45840,16976,45824,15392
>a 45584,17216,45808,15488
>a 45600,17072,45728,15504
>p 7,25
>a 45840,16544,45616,15392
>a 45680,16256,45664,15424
>a 45536,16432,45504,15440
>a 45584,16400,45552,15408
>a 45504,16416,45584,15344
>a 45392,16416,45520,15408
>p 7,24
>a 45424,16304,45488,15376
>a 45536,15840,45472,15392
>a 45568,15664,45456,15360
>a 45584,15664,45456,15376
>a 45552,15664,45408,15376
>a 45552,15776,45456,15392
>a 45584,15664,45360,15424
>a 45520,15696,45408,15424
>a 45552,15648,45360,15376
>p 7,25
>a 45568,16000,45344,15376
>a 45312,16560,45360,15408
>a 45392,16304,45232,15408
>a 45360,16352,45248,15408
>a 45344,16352,45232,15408
>a 45328,16384,45200,15392
>a 45248,16384,45136,15424
>a 45168,16400,45120,15408
>a 45104,16448,45072,15392
>p 7,26
>a 44752,17312,45024,15392
>a 44896,17088,45072,15424
>a 44816,17088,44880,15408
>a 44688,17136,44800,15376
>a 44704,17232,44912,15408
>a 44560,16992,44848,15440
>a 44544,17232,44720,15360
>a 44368,17008,44672,15488
>a 44320,17056,44576,15376
>p 7,27
>a 44000,17824,44720,15456
>a 43984,17584,44496,15408
>a 43872,17616,44432,15408
>a 43808,17616,44400,15472
>a 44016,17584,44336,15424
>a 43840,17616,44304,15488
>a 43856,17584,44192,15408
>a 43616,17616,44144,15264
>p 7,28
>a 43680,17616,44016,15392
>a 43232,18464,44016,15440
>a 43376,18208,44000,15328
>a 43280,18272,43888,15376
>a 43216,18272,43808,15392
>a 43184,18304,43856,15344
>a 43152,18288,43728,15408
>a 42992,18384,43680,15408
>a 42928,18400,43536,15344
>a 42896,18256,43456,15392
>p 7,27
>a 43024,17888,43440,15408
>p 7,26
>a 43008,17408,43392,15408
>a 43184,16992,43360,15264
>p 7,25
>a 43136,16944,43280,15408
>a 43312,16304,43296,15408
>p 7,24
>a 43424,16032,43248,15392
>a 43408,15856,43312,15328
>a 43376,15712,43248,15408
>a 43344,15712,43184,15344
>a 43344,15664,43264,15408
>a 43248,15904,43296,15360
>a 43296,15712,43184,15360
>p 7,23
>a 43344,15472,43216,15408
>a 43376,15408,43216,15408
>a 43472,15392,43200,15360
>a 43424,15440,43248,15344
>a 43504,15360,43232,15408
>a 43472,15376,43344,15392
>a 43504,15344,43232,15504
>a 43520,15440,43232,15376
>a 43520,15312,43264,15376
>a 43520,15344,43312,15408
>p 7,28
>a 43520,15312,43296,15392
>a 42096,19056,43200,15408
>a 42672,18096,43056,15392
>a 42336,18688,43024,15232
>a 42384,18272,43040,15328
>a 42320,18480,42896,15392
>a 42240,18448,42800,15408
>a 42032,18384,42800,15408
>a 41904,18432,42720,15392
>a 41952,18512,42656,15504
>a 41648,18400,42576,15376
>a 41552,18384,42512,15408
>a 41680,18336,42416,15280
>a 41536,18336,42352,15376
>a 41456,18304,42320,15408
>a 41392,18288,42336,15376
>a 41280,18288,42176,15328
>p 7,27
>a 41360,18096,42144,15328
>p 7,26
>p 7,25
>p 7,24
>a 42016,16576,42064,15408
>p 7,23
>a 42304,15696,42160,15376
>a 42384,15408,42080,15456
>a 42400,15328,42032,15376
>a 42384,15344,42160,15408
>a 42320,15344,42144,15328
>a 42320,15344,42144,15408
>a 42336,15440,42192,15392
>p 7,26
>a 42416,15344,42176,15392
>a 42384,15904,42160,15472
>a 41808,17168,42112,15344
>a 42016,16944,42080,15440
>a 41840,17136,41968,15424
>a 41840,17104,41984,15472
>a 41776,17104,42016,15488
>a 41696,17104,41904,15472
>p 7,23
>a 41968,16272,41840,15328
>a 41936,15456,41888,15376
>a 42144,15312,41968,15408
>a 42144,15344,41936,15488
>a 42112,15360,41984,15344
>a 42128,15344,41920,15392
>a 42144,15216,41872,15376
>a 42144,15472,41920,15328
>a 42192,15376,41936,15392
>a 42144,15328,41952,15376
>a 42160,15472,41936,15408
>a 42224,15328,41952,15408
>a 42224,15392,42016,15376
>a 42320,15456,41936,15456
>a 42256,15392,41968,15424
>p 7,24
>a 42256,15392,42016,15392
>a 42176,15344,42032,15392
>a 42304,15456,42096,15408
>a 42288,15376,42064,15408
>a 42352,15392,42032,15392
>a 42256,15344,42016,15408
>a 42288,15280,42128,15408
>a 42352,15376,42080,15392
>a 42352,15472,42144,15360
>a 42304,15376,42080,15424
>a 42272,15328,42032,15392
>a 42288,15312,42016,15344
>a 42320,15392,42080,15456
>a 42432,15504,42064,15392
>a 42208,15680,42032,15408
>a 42256,15696,42080,15344
>a 42128,15728,42080,15408
>a 42096,15664,42016,15392
>a 42096,15728,42000,15328
>a 42064,15712,42000,15376
>a 42032,15792,41968,15376
>a 42064,15856,41968,15472
>a 42048,15680,42016,15424
>a 42064,15696,41968,15376
>a 42064,15664,41968,15312
>a 42176,15600,41872,15392
>a 42000,15648,41808,15376
>a 42016,15632,41936,15408
>a 42000,15696,41872,15376
>a 42080,15696,41872,15408
>a 42000,15680,41840,15344
>a 41984,15712,41840,15424
>a 42016,15728,41776,15376
>a 42080,15696,41824,15344
>a 42000,15760,41808,15408
>a 42048,15728,41760,15392
>a 41936,15872,41744,15312
>a 41904,15760,41728,15392
>a 41936,15792,41760,15408
>p 7,29
>a 40608,18784,41616,15408
>a 40496,18768,41536,15392
>a 40352,19216,41424,15392
>a 40272,18992,41328,15344
>a 40016,18960,41296,15376
>a 39984,19056,41184,15392
>a 39904,19024,41136,15408
>a 39840,18960,41008,15312
>a 39760,19008,41072,15344
>a 39664,18944,40752,15344
>p 7,28
>a 39728,18656,40784,15328
>p 7,27
>a 39920,18128,40736,15376
>a 40160,17424,40720,15408
>p 7,26
>a 40048,17536,40560,15376
>a 40336,16640,40624,15408
>a 40352,17056,40576,15408
>a 40384,16992,40528,15488
>a 40304,16992,40432,15376
>a 40240,16992,40464,15392
>a 40240,16992,40352,15424
>a 40224,17104,40288,15344
>a 40176,16992,40288,15424
>a 40112,17072,40208,15392
>a 40096,17040,40192,15296
>p 7,27
>a 39968,17040,40112,15456
>a 39440,17968,40080,15392
>p 7,28
>a 39328,18272,40032,15376
>a 39120,18432,39920,15344
>p 7,29
>a 38960,18624,39856,15392
>a 38560,19152,39728,15360
>a 38480,19056,39712,15392
>p 7,28
>p 7,27
>a 39056,18080,39648,15344
>p 7,26
>p 7,25
>a 39376,16800,39632,15440
>p 7,24
>p 7,23
>a 39712,15856,39600,15424
>a 39888,15344,39568,15456
>a 39888,15312,39776,15376
>a 39920,15344,39632,15312
>a 39856,15552,39680,15408
>a 39888,15344,39680,15376
>a 39888,15344,39696,15360
>a 39984,15328,39712,15376
>a 39824,15344,39712,15456
>a 39920,15328,39712,15408
>p 7,24
>a 39984,15328,39744,15312
>a 40000,15392,39776,15392
>a 39904,15328,39728,15344
>a 39968,15296,39744,15440
>a 39984,15328,39776,15376
>a 39984,15312,39728,15376
>a 40016,15376,39792,15376
>a 39984,15408,39808,15376
>a 40048,15552,39808,15408
>a 39984,15664,39744,15392
>a 40000,15760,39792,15376
>a 39856,15792,39760,15408
>a 39984,15824,39760,15328
>a 39856,15792,39696,15376
>a 39808,15760,39728,15376
>a 39888,15728,39712,15392
>a 39776,15728,39760,15392
>a 39728,15696,39632,15376
>a 39728,15792,39648,15344
>a 39728,15744,39616,15344
>a 39728,15696,39664,15392
>a 39728,15648,39632,15456
>p 7,25
>a 39568,15984,39536,15392
>a 39376,16544,39584,15376
>a 39488,16256,39536,15376
>a 39456,16304,39536,15568
>a 39440,16320,39504,15472
>a 39456,16432,39392,15344
>a 39408,16272,39280,15344
>a 39328,16288,39328,15344
>a 39440,16480,39248,15408
>a 39344,16528,39312,15344
>a 39344,16352,39200,15376
>a 39312,16432,39184,15376
>a 39264,16336,39216,15376
>a 39264,16432,39200,15184
>a 39136,16464,39200,15344
>p 7,26
>a 38752,17344,39104,15376
>a 38928,16992,39056,15344
>a 38688,17072,38976,15280
>a 38608,17104,38960,15392
>a 38544,17088,38928,15376
>a 38416,17072,38832,15472
>a 38432,17072,38800,15328
>a 38384,17024,38640,15472
>a 38304,17024,38768,15392
>a 38256,17104,38624,15376
>a 38208,17056,38624,15408
>a 38192,16976,38576,15376
>a 38224,17040,38576,15392
>a 38192,16976,38480,15408
>p 7,27
>a 38080,17120,38448,15456
>a 37792,17760,38384,15312
>a 37856,17584,38304,15440
>a 37680,17648,38256,15440
>a 37712,17648,38192,15376
>a 37632,17664,38192,15312
>a 37664,17680,38064,15360
>a 37680,17632,38016,15360
>a 37472,17680,37920,15376
>a 37440,17680,37920,15344
>a 37424,17632,37808,15424
>a 37248,17760,37808,15376
>a 37168,17760,37744,15264
>a 37264,17664,37664,15328
>p 7,28
>a 36688,18720,37616,15344
>a 36688,18336,37520,15392
>a 36336,18432,37488,15424
>a 36384,18304,37424,15408
>a 36336,18384,37312,15376
>a 36240,18416,37216,15376
>p 7,29
>a 35984,18864,37120,15312
>a 35776,18976,37088,15264
>a 35696,19056,37040,15424
>a 35600,18992,37008,15312
>p 7,30
>a 35232,19664,36896,15344
>a 35152,19536,36784,15472
>p 7,31
>a 34416,20640,36640,15344
>a 34640,20096,36704,15392
>a 34416,20272,36608,15344
>p 7,30
>a 34880,19392,36400,15296
>a 34720,19680,36400,15440
>a 34560,19520,36224,15376
>a 34544,19664,36240,15344
>p 7,29
>p 7,28
>a 34832,18976,36112,15344
>p 7,27
>p 7,26
>p 7,25
>a 35936,16752,36080,15344
>p 7,24
>p 7,23
>a 36384,15504,36208,15376
>a 36368,15344,36144,15344
>a 36368,15312,36112,15376
>a 36400,15312,36160,15344
>a 36400,15264,36160,15344
>a 36400,15264,36176,15344
>a 36432,15328,36240,15344
>a 36384,15296,36208,15344
>a 36464,15408,36304,15456
>a 36416,15296,36176,15344
>a 36512,15248,36240,15360
>a 36496,15296,36272,15392
>a 36464,15344,36304,15344
>a 36528,15344,36272,15344
>a 36512,15312,36304,15344
>a 36528,15408,36368,15392
>a 36544,15328,36368,15344
>a 36592,15344,36336,15392
>a 36560,15328,36352,15360
>a 36496,15296,36368,15360
>a 36592,15424,36352,15344
>a 36592,15312,36272,15376
>a 36624,15296,36416,15344
>a 36608,15344,36416,15472
>a 36656,15328,36432,15472
>a 36768,15344,36448,15376
>a 36656,15328,36432,15328
>a 36656,15328,36464,15344
>a 36656,15344,36416,15312
>a 36768,15216,36400,15328
>a 36688,15328,36464,15376
>a 36704,15344,36432,15344
>a 36704,15360,36400,15312
>a 36688,15344,36480,15392
>a 36704,15344,36480,15376
>a 36672,15376,36400,15376
>a 36688,15312,36464,15296
>a 36720,15424,36512,15328
>a 36752,15312,36512,15376
>a 36720,15296,36528,15344
>a 36720,15264,36528,15344
>a 36752,15312,36528,15344
>a 36720,15344,36464,15376
>a 36864,15312,36528,15344
>a 36768,15312,36640,15456
>a 36816,15344,36640,15472
>a 36784,15312,36560,15376
>a 36912,15248,36656,15344
>a 36816,15424,36640,15344
>a 36784,15408,36560,15360
>a 36912,15280,36592,15312
>a 36720,15344,36576,15312
>a 36832,15344,36592,15392
>a 36832,15408,36720,15408
>a 36864,15312,36672,15344
>a 36864,15328,36592,15392
>a 36784,15392,36640,15376
>p 7,24
>a 36816,15328,36592,15376
>a 36864,15328,36656,15392
>a 36784,15232,36624,15344
>a 36864,15280,36624,15360
>p 7,25
>a 36832,15344,36592,15552
>a 36864,15296,36576,15344
>a 36864,15296,36608,15344
>p 7,26
>a 36864,15280,36624,15344
>a 36896,15280,36656,15344
>a 36896,15248,36640,15344
>a 36896,15328,36672,15328
>a 36512,16144,36640,15344
>a 36048,17168,36528,15440
>a 36128,16896,36432,15360
>a 36096,16944,36464,15440
>a 36176,16944,36400,15472
>a 36016,16976,36336,15344
>a 36016,16912,36272,15344
>a 35792,17024,36240,15344
>a 35888,17056,36240,15344
>a 35936,17088,36144,15344
>a 35888,16976,36064,15376
>a 35824,16928,36048,15328
>a 35792,17008,36016,15344
>a 35728,17024,36016,15344
>a 35744,17088,35920,15344
>a 35600,17120,35824,15360
>p 7,27
>a 35136,17840,35776,15312
>a 35184,17696,35760,15344
>a 34944,17840,35632,15328
>a 35056,17792,35488,15344
>a 34848,17808,35488,15312
>a 34896,17760,35504,15344
>a 34672,17680,35392,15344
>a 34576,17824,35472,15440
>a 34512,17696,35264,15312
>a 34384,17632,35216,15312
>p 7,28
>a 34208,17936,35184,15424
>a 33952,18640,35072,15312
>a 33984,18224,35024,15344
>a 33872,18192,34928,15328
>a 33824,18432,34832,15344
>a 33776,18256,34768,15312
>a 33648,18256,34704,15328
>a 33680,18240,34736,15376
>a 33456,18416,34560,15344
>a 33520,18272,34496,15344
>p 7,29
>a 33424,18560,34432,15328
>a 32992,19056,34320,15344
>a 33024,18928,34240,15376
>p 7,30
>a 32624,19472,34176,15344
>a 32384,19632,34064,15296
>p 7,31
>a 32096,20144,34032,15344
>a 31760,20320,33888,15344
>a 31664,20400,33808,15328
>p 7,30
>a 32064,19328,33744,15344
>a 31792,19904,33648,15440
>a 31632,19632,33536,15328
>a 31568,19760,33440,15440
>p 7,29
>p 7,28
>p 7,27
>a 32160,18544,33344,15216
>p 7,26
>p 7,25
>p 7,24
>a 33248,16400,33328,15312
>p 7,23
>a 33680,15472,33536,15344
>a 33520,15344,33456,15328
>a 33664,15328,33536,15344
>a 33584,15312,33472,15264
>a 33760,15312,33488,15328
>a 33776,15264,33456,15328
>a 33760,15328,33536,15344
>a 33824,15488,33504,15504
>a 33744,15328,33568,15344
>a 33872,15280,33536,15248
>a 33808,15264,33552,15344
>a 33824,15344,33616,15408
>a 33808,15472,33584,15296
>a 33824,15264,33568,15312
>a 33824,15392,33616,15328
>a 33952,15312,33648,15344
>a 33952,15280,33632,15328
>a 33872,15296,33648,15424
>a 33888,15312,33616,15328
>a 33904,15312,33680,15344
>a 33888,15280,33648,15344
>a 33888,15280,33696,15344
>a 33888,15248,33632,15200
>a 33920,15312,33648,15312
>a 33936,15328,33664,15344
>a 33936,15280,33680,15376
>a 33904,15280,33744,15344
>a 33936,15280,33728,15344
>a 33952,15312,33808,15280
>a 33968,15312,33824,15296
>a 33968,15312,33744,15344
>a 33952,15264,33648,15344
>a 33968,15280,33696,15280
>a 33968,15328,33792,15456
>a 33968,15280,33728,15344
>a 33968,15360,33760,15344
>