
>
>
>
>
>?>
>
>
>
>
>?>v 1 Jul 10 2014, <0E8682B8>
>a 18416,15312,15216,15216
>a 18240,15376,15152,15216
>a 18304,15264,15216,15200
>a 18320,15296,15216,15216
>a 18352,15248,15200,15232
>a 18352,15280,15280,15312
>a 18384,15280,15184,15248
>a 18336,15248,15216,15216
>a 18320,15376,15136,15232
>a 18384,15280,15312,15248
>a 18384,15280,15232,15248
>a 18384,15344,15184,15248
>a 18400,15296,15184,15248
>a 18352,15280,15216,15184
>a 18432,15216,15184,15184
>a 18384,15280,15136,15216
>a 18400,15120,15200,15232
>a 18464,15248,15184,15200
>a 18432,15264,15248,15216
>a 18400,15392,15120,15216
>a 18432,15232,15216,15264
>a 18448,15216,15248,15344
>a 18464,15264,15200,15248
>a 18576,15248,15200,15248
>a 18512,15200,15248,15216
>a 18576,15024,15168,15216
>a 18464,15248,15200,15216
>a 18512,15216,15184,15232
>a 18544,15152,15184,15216
>a 18528,15248,15200,15248
>a 18592,15248,15184,15264
>a 18512,15344,15168,15248
>a 18464,15264,15184,15200
>a 18544,15248,15184,15248
>a 18576,15280,15168,15312
>a 18480,15408,15088,15216
>a 18544,15248,15200,15312
>a 18576,15408,15184,15216
>a 18560,15248,15152,15216
>a 18608,15216,15280,15200
>a 18496,15248,15184,15216
>a 18608,15312,15216,15280
>a 18624,15248,15152,15216
>