
>
>
>
>
>v 1 Jul 11 2014, <C1459854>
>a 26160,22976,27104,15408
>a 26080,22912,27072,15280
>a 26096,22960,27088,15312
>a 25952,22944,26976,15280
>a 25904,22944,26928,15360
>a 26016,23040,26864,15264
>a 25776,22912,26784,15344
>a 25792,22896,26720,15312
>a 25744,22864,26720,15392
>a 25776,22880,26672,15264
>a 25648,22848,26592,15216
>a 25600,22992,26528,15264
>a 25552,22912,26528,15344
>a 25536,22960,26464,15312
>a 25456,22896,26432,15296
>a 25488,22944,26400,15312
>a 25456,22928,26352,15312
>a 25392,22880,26288,15408
>a 25360,22928,26160,15264
>a 25408,22912,26160,15360
>a 25280,23024,26176,15264
>a 25232,22896,26000,15264
>a 25280,22976,26032,15376
>a 25104,22896,26000,15264
>p 7,23
>a 26352,19664,26080,15328
>a 27184,15712,26208,15264
>a 27440,15264,26368,15280
>a 27504,15248,26320,15408
>a 27728,15248,26480,15280
>a 27664,15312,26544,15296
>a 27712,15216,26592,15296
>a 27760,15248,26736,15312
>p 7,0
>a 27744,15216,26752,15264
>a 27952,15280,26848,15312
>a 28016,15296,26944,15184
>a 28016,15248,26944,15280
>a 28144,15280,27120,15312
>p 7,23
>a 28160,15248,27200,15376
>a 28256,15312,27200,15296
>a 28272,15296,27312,15264
>a 28288,15328,27424,15280
>a 28320,15280,27408,15296
>a 28304,15280,27472,15312
>p 7,0
>a 28400,15216,27552,15264
>a 28432,15264,27568,15376
>a 28576,15328,27680,15280
>a 28544,15296,27680,15280
>a 28512,15280,27824,15280
>a 28592,15280,27824,15296
>a 28592,15264,27760,15312
>a 28624,15216,28000,15280
>a 28624,15296,27952,15408
>a 28688,15264,28016,15296
>a 28784,15248,28000,15312
>a 28736,15248,28000,15312
>a 28816,15280,28160,15328
>a 28784,15248,28176,15312
>a 28864,15264,28256,15328
>a 28848,15344,28288,15376
>a 28848,15280,28320,15312
>a 28976,15232,28336,15280
>a 29072,15216,28384,15344
>a 28992,15280,28416,15312
>a 29024,15280,28464,15344
>a 28976,15280,28368,15312
>a 29024,15424,28496,15168
>a 29136,15104,28544,15328
>a 29136,15248,28592,15328
>a 29120,15152,28592,15280
>a 29136,15232,28640,15312
>a 29168,15344,28688,15248
>a 29264,15232,28720,15296
>a 29296,15264,28752,15312
>a 29232,15216,28752,15264
>a 29344,15280,28880,15264
>a 29280,15280,28752,15280
>a 29328,15296,28848,15328
>a 29264,15248,28864,15296
>a 29344,15216,28896,15360
>a 29328,15264,28928,15280
>a 29392,15280,28960,15200
>a 29392,15264,28960,15296
>a 29200,15216,29088,15296
>a 29440,15248,29040,15296
>a 29360,15248,29088,15328
>a 29520,15280,29072,15312
>a 29552,15248,29024,15280
>a 29536,15280,29120,15312
>a 29520,15280,29072,15264
>a 29600,15280,29184,15328
>a 29632,15200,29184,15312
>a 29616,15280,29216,15344
>a 29648,15248,29248,15344
>a 29648,15264,29264,15328
>a 29632,15232,29200,15312
>a 29648,15264,29280,15264
>a 29792,15280,29296,15392
>a 29568,15312,29344,15328
>a 29664,15312,29280,15216
>a 29776,15264,29440,15312
>a 29744,15296,29392,15328
>a 29744,15280,29408,15312
>a 29792,15120,29424,15328
>a 29840,15264,29456,15312
>a 29808,15392,29360,15200
>a 29792,15200,29488,15312
>a 29712,15280,29488,15312
>a 29936,15232,29536,15280
>a 29888,15264,29520,15296
>a 29840,15264,29552,15280
>a 29904,15216,29584,15312
>a 29936,15248,29552,15312
>a 29968,15280,29600,15248
>a 30032,15216,29664,15312
>a 30192,15280,29664,15312
>a 30176,15248,29808,15408
>a 30368,15344,29744,15280
>a 30400,15280,29792,15312
>a 30432,15280,29920,15328
>a 30752,15296,29936,15328
>a 30784,15248,29840,15328
>a 30896,15264,29904,15312
>a 31136,15280,30048,15296
>a 31280,15232,30128,15328
>a 31520,15264,30224,15312
>a 31904,15280,30288,15312
>a 32288,15264,30432,15344
>a 32736,15216,30608,15344
>a 33024,15248,30576,15344
>a 33536,15344,30832,15280
>a 33904,15312,30896,15280
>a 34176,15344,31056,15312
>a 34576,15296,31216,15296
>a 34848,15248,31376,15312
>a 35072,15312,31472,15312
>a 35360,15440,31648,15248
>a 35696,15344,31840,15296
>a 36048,15312,31920,15328
>a 36240,15344,32192,15312
>a 36512,15440,32224,15312
>p 6,90
>a 36784,15328,32400,15328
>a 37040,15344,32544,15344
>a 37216,15408,32736,15344
>a 37504,15344,32880,15232
>a 37680,15328,33056,15328
>p 6,0
>a 38496,15424,32608,15328
>a 44016,15328,32704,15312
>a 46512,15408,32736,15328
>a 47728,15376,32592,15328
>a 48224,15392,32672,15328
>a 48608,15408,32592,15328
>a 48896,15408,32576,15312
>a 49072,15488,32560,15392
>a 49296,15392,32352,15328
>a 49536,15408,32496,15344
>p 6,90
>a 43744,15440,33728,15344
>a 38848,15328,33440,15344
>a 40752,15376,33760,15344
>a 42128,15328,33968,15248
>a 42912,15344,34336,15440
>a 43232,15376,34544,15344
>a 43216,15328,34864,15344
>a 43296,15328,34960,15344
>a 43344,15344,35152,15344
>a 43376,15344,35344,15328
>a 43504,15440,35552,15344
>a 43600,15392,35680,15344
>a 43632,15328,35904,15344
>a 43728,15392,36128,15440
>a 43776,15472,36464,15376
>a 43904,15376,36464,15376
>a 43936,15376,36608,15264
>a 44016,15360,37008,15344
>a 44128,15344,37008,15312
>a 44112,15440,37200,15360
>a 44208,15392,37360,15344
>a 44240,15376,37504,15424
>a 44336,15344,37616,15472
>a 44512,15504,37872,15344
>a 44512,15376,38016,15344
>a 44544,15376,38256,15296
>a 44640,15216,38384,15328
>a 44800,15392,38560,15376
>a 44880,15344,38656,15376
>a 44880,15408,38896,15344
>a 44976,15344,39024,15344
>a 44992,15216,39264,15392
>a 45072,15344,39216,15344
>a 45184,15408,39552,15392
>a 45232,15376,39680,15360
>a 45424,15344,39856,15312
>a 45504,15344,40032,15392
>a 45488,15216,40144,15392
>a 45584,15344,40368,15392
>a 45616,15280,40496,15472
>a 45680,15408,40704,15392
>a 45744,15328,40880,15376
>a 45872,15392,40992,15376
>a 45904,15360,41088,15440
>a 46000,15344,41264,15232
>a 46128,15360,41408,15408
>a 46064,15360,41520,15328
>a 46176,15248,41680,15312
>a 46256,15392,41808,15408
>a 46320,15392,42000,15408
>a 46384,15344,42128,15488
>a 46432,15344,42320,15424
>a 46480,15296,42416,15392
>a 46432,15344,42544,15376
>a 46640,15440,42656,15344
>a 46704,15424,42832,15440
>a 46720,15456,42912,15392
>a 46848,15392,43072,15344
>a 46880,15392,43184,15472
>a 46928,15472,43376,15408
>a 47024,15472,43472,15392
>a 47024,15376,43616,15472
>a 47104,15328,43696,15456
>a 47152,15408,43856,15344
>a 47232,15472,44080,15440
>a 47248,15392,44096,15392
>a 47280,15328,44336,15408
>a 47360,15408,44320,15280
>a 47456,15472,44416,15376
>a 47584,15408,44592,15504
>a 47536,15376,44640,15344
>a 47616,15456,44720,15392
>a 47664,15392,44832,15472
>a 47792,15408,45040,15424
>a 47808,15408,45136,15408
>a 47856,15392,45264,15424
>a 47920,15344,45376,15424
>a 47936,15360,45520,15424
>a 47984,15456,45568,15280
>a 48096,15392,45680,15376
>a 48176,15392,45744,15360
>a 48288,15376,45904,15408
>a 48288,15360,46000,15376
>a 48176,15424,46112,15424
>a 48384,15376,46160,15424
>a 48560,15440,46368,15504
>a 48480,15504,46480,15408
>a 48560,15344,46512,15424
>a 48592,15392,46560,15424
>a 48736,15536,46656,15440
>a 48624,15408,46800,15440
>a 48736,15312,46864,15456
>a 48784,15408,46992,15440
>a 48880,15408,47072,15424
>a 48928,15408,47200,15344
>a 48976,15424,47264,15472
>a 49056,15424,47312,15344
>a 49104,15440,47440,15440
>a 49136,15408,47472,15408
>a 49136,15408,47616,15440
>a 49248,15408,47712,15408
>a 49296,15440,47760,15440
>a 49328,15424,47840,15456
>a 49328,15392,47952,15376
>a 49392,15344,48000,15440
>a 49488,15344,48064,15440
>a 49520,15408,48160,15424
>a 49536,15408,48240,15456
>a 49616,15392,48384,15424
>a 49696,15360,48352,15568
>a 49712,15376,48432,15440
>a 49664,15344,48496,15408
>a 49808,15312,48544,15408
>a 49808,15408,48624,15472
>a 49840,15376,48736,15456
>a 49888,15456,48784,15440
>a 49904,15424,48880,15408
>a 49952,15488,48928,15456
>a 50032,15344,48976,15424
>a 50096,15424,49072,15456
>a 50128,15504,49136,15408
>a 50176,15440,49248,15440
>a 50192,15264,49200,15440
>a 50288,15424,49264,15424
>a 50256,15440,49408,15440
>a 50352,15280,49424,15520
>a 50288,15376,49456,15472
>a 50304,15376,49504,15392
>a 50336,15456,49536,15472
>a 50432,15424,49584,15520
>a 50384,15408,49680,15408
>a 50432,15360,49664,15408
>a 50544,15344,49840,15440
>a 50512,15408,49840,15392
>a 50544,15472,49840,15392
>a 50608,15344,49920,15440
>a 50592,15408,49952,15504
>a 50656,15408,49968,15424
>a 50688,15424,50000,15440
>a 50672,15392,50032,15456
>a 50736,15408,50032,15440
>a 50768,15568,50240,15456
>a 50800,15264,50224,15456
>a 50832,15440,50256,15520
>a 50832,15392,50288,15376
>a 50896,15408,50352,15440
>a 50848,15440,50384,15328
>a 50880,15456,50384,15440
>a 50960,15472,50416,15520
>a 50944,15424,50464,15424
>a 50928,15408,50464,15424
>a 51040,15392,50544,15520
>a 50960,15408,50592,15408
>a 51056,15440,50544,15472
>a 51072,15392,50608,15392
>a 51072,15424,50672,15440
>a 51088,15344,50704,15456
>a 51168,15408,50768,15472
>a 51136,15408,50768,15440
>a 51200,15408,50704,15440
>a 51296,15328,50832,15472
>a 51120,15504,50816,15456
>a 51248,15376,50848,15472
>a 51248,15504,50976,15472
>a 51344,15392,50832,15456
>a 51312,15424,50912,15456
>a 51392,15504,50896,15456
>a 51360,15424,50992,15552
>a 51296,15216,50960,15456
>a 51344,15504,50992,15408
>a 51440,15376,51120,15472
>a 51376,15392,51040,15456
>a 51472,15392,50992,15408
>a 51424,15392,51088,15440
>a 51472,15392,51120,15472
>a 51488,15552,51120,15552
>a 51472,15472,51152,15472
>a 51488,15344,51152,15376
>a 51536,15408,51184,15456
>a 51552,15440,51200,15424
>a 51568,15392,51232,15440
>a 51488,15424,51248,15456
>a 51568,15408,51248,15520
>a 51568,15408,51184,15440
>a 51568,15408,51248,15424
>a 51568,15424,51328,15424
>a 51664,15424,51312,15440
>a 51616,15520,51360,15536
>a 51728,15408,51376,15456
>a 51696,15392,51360,15440
>a 51680,15392,51360,15456
>a 51664,15408,51392,15440
>a 51696,15424,51456,15424
>a 51760,15520,51456,15472
>a 51760,15408,51456,15424
>a 51776,15424,51504,15424
>a 51728,15408,51456,15440
>a 51760,15408,51504,15408
>a 51792,15408,51536,15424
>a 51760,15392,51504,15424
>a 51760,15344,51616,15440
>a 51840,15440,51552,15472
>a 51824,15424,51568,15472
>a 51824,15408,51552,15536
>a 51792,15408,51536,15536
>a 51856,15424,51504,15472
>a 51824,15440,51616,15456
>a 51856,15344,51568,15472
>a 51888,15440,51648,15456
>a 51888,15392,51600,15424
>a 51856,15344,51568,15424
>a 51952,15504,51568,15440
>a 52016,15344,51648,15424
>a 51968,15376,51632,15456
>a 51952,15408,51856,15472
>a 51936,15408,51632,15536
>a 51952,15408,51776,15408
>a 51984,15424,51760,15536
>a 51936,15536,51696,15456
>a 51968,15424,51712,15584
>a 52000,15424,51728,15424
>a 51984,15328,51728,15472
>a 52000,15376,51728,15456
>a 52016,15504,51808,15424
>a 52016,15424,51824,15440
>a 52064,15456,51744,15440
>a 51984,15376,51760,15424
>a 52048,15392,51792,15440
>a 52064,15392,51776,15376
>a 52112,15424,51760,15424
>a 52032,15360,51760,15536
>a 52080,15536,51776,15424
>a 52080,15376,51760,15440
>a 52080,15312,51824,15520
>a 52080,15408,51872,15424
>a 52064,15392,51760,15344
>a 52080,15424,51856,15552
>a 52000,15408,51808,15456
>a 52144,15424,51856,15536
>a 52112,15408,51936,15376
>a 52080,15440,51824,15456
>a 52096,15392,51888,15536
>a 52080,15424,51856,15456
>a 52112,15456,51872,15456
>a 52016,15392,51792,15392
>a 52064,15440,51936,15568
>a 52048,15392,51840,15536
>a 52016,15392,51824,15456
>a 52048,15392,51824,15440
>a 52064,15392,51856,15456
>a 52016,15408,51872,15456
>a 52048,15408,51792,15392
>a 52016,15424,51856,15472
>a 52000,15392,51760,15440
>a 52016,15392,51840,15472
>a 52000,15392,51760,15456
>a 52016,15280,51728,15504
>a 52016,15408,51760,15424
>a 52064,15408,51808,15456
>a 52000,15440,51728,15424
>a 52080,15520,51776,15488
>a 51952,15360,51744,15440
>a 52000,15440,51728,15456
>a 52000,15392,51760,15440
>a 51984,15408,51696,15424
>a 51968,15408,51744,15472
>a 52000,15408,51760,15472
>a 52000,15424,51760,15440
>a 51984,15424,51824,15472
>a 51984,15488,51760,15392
>a 51984,15488,51696,15440
>a 51952,15408,51760,15472
>a 51952,15424,51760,15408
>a 51920,15376,51728,15424
>a 52000,15424,51760,15456
>a 51952,15424,51760,15456
>a 51952,15392,51712,15344
>a 51936,15472,51696,15472
>a 51952,15408,51680,15472
>a 51968,15328,51760,15456
>a 51936,15392,51696,15536
>a 52000,15536,51744,15488
>a 52000,15408,51792,15472
>a 51920,15424,51728,15456
>a 51936,15360,51824,15472
>a 51920,15408,51712,15536
>a 51952,15408,51632,15472
>a 51936,15344,51696,15408
>a 51904,15408,51648,15408
>a 51888,15472,51744,15488
>a 51968,15440,51616,15520
>a 51904,15472,51680,15296
>a 51888,15472,51664,15456
>a 51984,15280,51696,15536
>a 51920,15408,51680,15392
>a 52000,15344,51664,15408
>a 51888,15408,51712,15440
>a 51888,15392,51616,15440
>a 51872,15392,51632,15424
>a 51936,15376,51600,15424
>a 51984,15408,51792,15440
>a 51872,15392,51680,15424
>a 51904,15472,51664,15392
>a 51920,15408,51664,15520
>a 51920,15360,51696,15408
>a 51824,15392,51664,15392
>