
>v 1 Jul 10 2014, <0E8682B8>
>a 16080,15408,15232,15168
>a 16000,15248,15248,15200
>a 16000,15328,15280,15248
>a 16080,15312,15248,15200
>a 15984,15312,15280,15248
>a 15984,15312,15232,15328
>a 15952,15280,15264,15200
>p 7,50
>a 15904,15248,15232,15216
>a 15984,15312,15280,15216
>a 15968,15312,15216,15216
>a 15872,15344,15280,15248
>a 15936,15248,15280,15312
>a 16000,15280,15248,15216
>p 7,0
>a 15984,15280,15280,15312
>a 15984,15200,15280,15264
>a 16048,15232,15280,15216
>a 15968,15232,15264,15280
>a 16128,15264,15296,15216
>p 7,50
>a 16032,15280,15216,15264
>p 7,0
>a 15984,15376,15280,15328
>a 16048,15264,15264,15200
>a 16048,15248,15376,15184
>a 16016,15216,15296,15248
>p 7,50
>a 16032,15328,15360,15232
>a 15952,15248,15344,15232
>a 16016,15408,15296,15216
>a 16032,15328,15264,15248
>p 7,0
>a 16048,15248,15312,15216
>a 16016,15216,15296,15136
>a 16016,15328,15280,15216
>p 7,50
>a 15984,15280,15296,15264
>a 16064,15280,15296,15184
>p 7,0
>a 16048,15328,15264,15216
>a 16112,15248,15360,15248
>a 16032,15216,15296,15248
>a 16128,15248,15264,15216
>p 7,50
>a 16016,15312,15280,15216
>a 16112,15344,15296,15216
>a 15936,15280,15264,15296
>a 16080,15312,15280,15232
>a 16032,15280,15248,15232
>p 7,0
>a 16016,15248,15296,15232
>a 16064,15200,15264,15216
>p 7,50
>a 16016,15312,15248,15232
>a 15984,15264,15312,15216
>p 7,0
>a 16016,15184,15280,15280
>a 16000,15328,15280,15248
>a 15984,15216,15344,15264
>a 16000,15168,15264,15104
>a 16096,15328,15280,15232
>a 16016,15200,15248,15264
>a 16016,15056,15264,15216
>a 16128,15216,15232,15232
>a 16112,15248,15264,15232
>a 16048,15264,15264,15216
>a 16096,15328,15264,15344
>a 16016,15216,15248,15232
>a 15984,15216,15296,15200
>a 16016,15216,15264,15248
>a 16080,15248,15248,15216
>a 15984,15200,15280,15232
>a 16016,15248,15280,15216
>a 16016,15344,15232,15216
>a 15968,15248,15280,15248
>a 16016,15216,15232,15232
>a 16016,15168,15216,15216
>a 16016,15184,15264,15248
>a 16080,15264,15280,15248
>p 7,50
>a 15952,15264,15248,15232
>a 15936,15280,15248,15248
>a 16000,15280,15248,15200
>a 15984,15296,15264,15248
>p 7,0
>a 16000,15248,15248,15216
>a 16000,15248,15328,15232
>a 15968,15216,15232,15200
>a 15984,15248,15248,15248
>a 16016,15248,15216,15216
>a 15952,15232,15264,15312
>a 15984,15232,15264,15200
>a 15952,15216,15264,15232
>a 15968,15248,15344,15248
>a 16016,15216,15264,15184
>a 16016,15200,15264,15216
>a 16016,15312,15296,15216
>a 15984,15200,15248,15216
>a 16016,15248,15216,15232
>a 15920,15168,15184,15216
>a 15936,15248,15200,15216
>a 15920,15216,15216,15136
>a 16016,15216,15248,15296
>a 15984,15232,15344,15312
>a 15984,15232,15248,15120
>a 15984,15264,15280,15248
>a 15904,15216,15184,15232
>a 15984,15152,15248,15136
>a 16032,15216,15264,15232
>a 16064,15216,15344,15248
>a 16144,15248,15296,15232
>a 16336,15264,15408,15232
>a 16896,15344,15536,15200
>a 18160,15280,15744,15216
>a 19088,15344,15888,15264
>a 19696,15392,16064,15280
>a 20400,15408,16240,15264
>a 21216,15536,16464,15248
>a 21904,15536,16624,15248
>a 22624,15536,16864,15264
>a 23088,15632,17104,15280
>a 23680,15680,17264,15280
>a 24240,15776,17488,15344
>a 24720,15824,17712,15296
>a 25200,15792,17872,15280
>a 25520,15904,18048,15312
>a 25904,16048,18256,15248
>a 26208,16048,18512,15280
>a 26480,16080,18592,15280
>a 26720,16160,18800,15312
>a 26944,16208,18976,15312
>a 27152,16304,19056,15344
>a 27296,16352,19296,15312
>a 27472,16400,19408,15328
>a 27728,16480,19680,15328
>a 27856,16528,19728,15328
>p 7,50
>a 31824,31280,20656,15296
>a 31376,30976,20864,15312
>a 31328,30544,21168,15376
>a 31216,30640,21344,15360
>a 31232,30672,21584,15408
>a 31264,30688,21888,15392
>a 31184,30768,22000,15392
>a 31344,30816,22224,15392
>a 31392,30864,22448,15408
>a 31440,30864,22640,15408
>a 31392,30752,22816,15440
>a 31504,30864,22992,15392
>a 31552,31056,23248,15376
>a 31488,31024,23392,15408
>a 31440,30896,23584,15408
>a 31440,30912,23760,15312
>a 31552,30976,23936,15440
>a 31728,31136,24112,15536
>a 31664,31152,24304,15456
>a 31696,31088,24400,15520
>a 31728,31216,24560,15472
>a 31728,31264,24752,15600
>a 31824,31280,24880,15440
>a 31824,31328,25056,15456
>a 31824,31328,25152,15328
>a 31792,31360,25264,15536
>a 31888,31376,25440,15472
>a 31952,31376,25632,15456
>a 32048,31408,25728,15488
>a 31904,31280,25808,15456
>a 31952,31344,25888,15504
>a 32048,31456,26016,15472
>a 32048,31536,26080,15488
>a 32064,31408,26256,15488
>a 32128,31696,26416,15600
>a 32160,31632,26448,15440
>p 7,0
>a 32560,30192,26512,15584
>a 33232,20416,26464,15536
>a 33040,19632,26448,15488
>a 32848,19536,26576,15408
>a 32896,19616,26528,15552
>a 33040,19552,26560,15472
>a 33024,19568,26672,15600
>p 7,50
>a 29552,28976,26352,15472
>a 29424,28848,26480,15536
>a 29232,28928,26496,15504
>a 29488,28928,26592,15472
>a 29488,29072,26512,15520
>a 29488,28992,26576,15488
>a 29552,29008,26496,15440
>a 29568,29024,26528,15520
>a 29600,29008,26544,15504
>a 29552,29136,26528,15520
>a 29664,29040,26528,15536
>a 29584,29040,26576,15536
>a 29680,29088,26576,15520
>a 29600,29168,26624,15456
>p 4,0
>a 29616,29056,26624,15488
>a 29344,28736,26720,15568
>a 29360,28752,26912,15440
>a 29472,28768,27216,15440
>a 29488,28864,27248,15440
>a 29552,28976,27440,15664
>a 29728,29104,27552,15456
>a 29840,29264,27664,15504
>a 29952,29360,27904,15536
>a 29872,29440,28080,15552
>a 30160,29584,28064,15536
>a 30304,29792,28336,15488
>a 30496,29824,28512,15536
>a 30544,29936,28640,15536
>a 30592,29968,28880,15536
>a 30736,30096,29024,15520
>a 30864,30224,29072,15600
>p 7,0
>a 32912,22576,29168,15536
>a 34480,15808,29392,15632
>a 34352,15632,29728,15568
>a 34336,15648,29856,15504
>a 34464,15664,30096,15616
>a 34544,15584,30432,15536
>a 34608,15584,30496,15600
>a 34672,15664,30704,15616
>a 34768,15616,30896,15472
>a 34896,15632,31152,15616
>a 34864,15600,31280,15600
>a 34736,15648,31440,15632
>a 35008,15632,31600,15664
>a 34960,15536,31856,15632
>a 35088,15648,31968,15696
>a 35248,15648,32240,15616
>a 35296,15552,32320,15728
>a 35280,15648,32432,15616
>a 35312,15680,32656,15568
>a 35360,15680,32816,15616
>a 35328,15520,32896,15632
>a 35376,15632,33072,15584
>a 35552,15680,33216,15632
>a 35600,15632,33328,15680
>a 35632,15648,33488,15664
>a 35712,15664,33664,15632
>a 35760,15632,33760,15648
>a 35808,15632,33888,15648
>a 35824,15664,34016,15760
>a 35872,15664,34096,15760
>a 35952,15664,34240,15696
>a 36000,15664,34416,15712
>a 36144,15664,34464,15712
>a 36144,15760,34576,15696
>a 36176,15664,34688,15712
>a 36208,15520,34768,15792
>a 36256,15712,34848,15696
>a 36304,15648,35072,15664
>a 36336,15680,34960,15648
>a 36464,15696,35104,15712
>a 36400,15664,35184,15648
>a 36480,15696,35248,15664
>a 36560,15728,35328,15680
>a 36624,15728,35440,15696
>a 36624,15696,35408,15648
>a 36608,15696,35536,15664
>a 36656,15712,35616,15776
>a 36656,15680,35664,15712
>a 36784,15696,35744,15664
>a 36784,15712,35760,15712
>a 36816,15776,35824,15696
>a 36960,15680,35872,15728
>a 36896,15648,35952,15712
>a 36976,15680,35968,15712
>a 36976,15616,36016,15712
>a 36976,15680,36096,15744
>p 6,0
>a 37360,15696,36096,15696
>a 38672,15696,36048,15664
>a 39264,15712,36048,15664
>a 39264,15728,36032,15696
>a 39536,15744,36048,15728
>a 39680,15792,35952,15696
>a 39712,15760,35968,15728
>a 39776,15744,35952,15680
>a 39792,15760,36032,15696
>a 39824,15776,36016,15728
>a 39856,15664,35968,15712
>p 6,90
>a 39856,15760,35952,15728
>a 36720,15728,36112,15728
>a 36704,15712,36016,15728
>a 36752,15712,36016,15696
>a 36720,15680,36000,15696
>a 36672,15664,36016,15680
>p 5,0
>a 36208,15696,35088,15744
>a 34880,15600,34192,15728
>a 34224,15648,33584,15632
>a 33680,15632,32960,15616
>a 33136,15568,32336,15648
>p 5,90
>a 32608,15600,31888,15600
>a 33712,15584,33040,15664
>a 33776,15664,33104,15536
>a 33760,15648,33040,15616
>a 33792,15712,33072,15696
>a 33872,15616,33136,15552
>a 33792,15536,33120,15584
>a 33840,15616,33136,15616
>a 33968,15616,33104,15712
>a 33904,15600,33184,15616
>p 5,0
>a 33792,15616,32432,15664
>a 32288,15600,31504,15568
>a 31856,15600,31120,15584
>a 31312,15584,30544,15600
>p 5,90
>a 32208,15632,31616,15616
>p 5,0
>a 31344,15584,30448,15616
>a 30640,15664,29856,15536
>p 5,90
>a 31312,15584,30576,15728
>a 31424,15536,30688,15648
>a 31488,15536,30736,15600
>a 31568,15600,30752,15504
>a 31712,15536,30896,15568
>a 31696,15616,30928,15584
>p 5,0
>a 31088,15600,30160,15584
>a 30352,15552,29520,15536
>a 30032,15536,29104,15504
>p 5,90
>a 30416,15536,29616,15536
>a 30688,15568,29744,15552
>p 5,0
>a 29808,15504,28928,15488
>a 29456,15504,28272,15424
>a 29328,15504,28080,15568
>a 29376,15536,27824,15552
>a 29392,15536,27616,15584
>a 29488,15536,27488,15520
>a 29520,15504,27136,15472
>a 29392,15536,26880,15472
>p 5,90
>a 29872,15536,27680,15600
>a 30192,15536,27952,15488
>a 30448,15584,28208,15552
>a 30576,15552,28576,15568
>a 30768,15520,28624,15568
>a 30928,15568,28848,15504
>a 31152,15600,29024,15520
>a 31264,15536,29232,15536
>a 31472,15568,29456,15536
>a 31600,15648,29648,15520
>a 31712,15536,29808,15584
>a 31888,15584,29936,15568
>a 32048,15664,30064,15552
>a 32160,15664,30256,15616
>a 32256,15712,30368,15536
>p 6,0
>a 32784,15568,30416,15616
>a 36624,15760,30432,15584
>a 37632,15680,30352,15568
>a 38096,15728,30352,15488
>a 38192,15728,30352,15568
>a 38352,15792,30416,15520
>a 38544,15840,30368,15648
>a 38496,15776,30368,15584
>a 38576,15760,30400,15664
>a 38512,15856,30464,15584
>a 38672,15696,30368,15600
>a 38704,15760,30304,15584
>a 38704,15760,30368,15536
>a 38912,15760,30352,15568
>p 6,90
>a 34592,15632,30768,15520
>a 31344,15504,30544,15584
>a 31312,15520,30624,15632
>p 6,0
>a 31520,15488,30560,15616
>a 31984,15568,30576,15632
>a 32384,15584,30544,15600
>a 32720,15584,30560,15632
>a 33328,15600,30576,15600
>a 33648,15568,30576,15504
>a 34192,15536,30544,15584
>a 34416,15648,30560,15616
>p 6,90
>a 34288,15680,30912,15568
>a 31344,15648,30656,15584
>a 31408,15520,30656,15600
>a 31488,15488,30592,15616
>a 31344,15568,30576,15600
>a 31408,15584,30832,15504
>a 31472,15584,30720,15584
>a 31504,15472,30704,15696
>a 31472,15520,30688,15600
>a 31488,15568,30736,15536
>a 31504,15536,30736,15504
>a 31504,15536,30832,15648
>a 31504,15536,30768,15408
>a 31536,15568,30896,15600
>a 31568,15504,30832,15568
>p 6,0
>a 31696,15664,30672,15680
>a 32208,15536,30816,15568
>a 32688,15600,30832,15568
>a 33328,15584,30832,15584
>a 33824,15632,30784,15648
>a 34048,15632,30832,15552
>a 34576,15680,30768,15504
>a 35040,15536,30832,15568
>a 35488,15664,30784,15648
>a 35792,15648,30784,15568
>a 36192,15712,30800,15584
>a 36496,15680,30672,15616
>a 36768,15696,30800,15584
>a 37280,15696,30848,15584
>a 37328,15680,30832,15584
>a 37568,15664,30816,15584
>a 37776,15696,30832,15568
>a 37936,15712,30768,15568
>a 38208,15776,30816,15536
>a 38160,15824,30800,15568
>a 38400,15728,30800,15536
>a 38448,15728,30768,15568
>a 38576,15920,30800,15584
>a 38720,15824,30768,15568
>a 38800,15680,30768,15536
>a 38832,15584,30752,15536
>a 38992,15712,30736,15568
>a 38992,15712,30736,15584
>a 39088,15696,30736,15568
>a 39024,15728,30736,15568
>a 39216,15728,30784,15552
>a 39280,15520,30784,15568
>a 39264,15776,30736,15536
>a 39344,15744,30688,15616
>a 39408,15776,30784,15520
>a 39440,15824,30832,15632
>a 39536,15728,30752,15504
>a 39536,15696,30880,15520
>a 39568,15728,30752,15568
>a 39792,15776,30752,15504
>a 39632,15728,30752,15504
>a 39648,15744,30768,15568
>a 39760,15856,30688,15600
>a 39792,15712,30768,15488
>a 39760,15760,30768,15536
>a 39728,15728,30784,15584
>a 39792,15824,30752,15584
>a 39792,15680,30768,15536
>a 39872,15744,30768,15568
>a 39792,15760,30896,15536
>a 40080,15840,30832,15584
>a 40032,15760,30768,15696
>a 40080,15744,30768,15568
>a 40144,15744,30768,15664
>a 40240,15968,30800,15584
>a 40304,15728,30752,15504
>a 40368,15744,30752,15568
>a 40320,15760,30752,15584
>a 40608,15760,30752,15536
>a 40640,15760,30768,15600
>a 40704,15920,30768,15552
>a 40816,15760,30912,15568
>a 40880,15792,30816,15664
>a 41040,15776,30880,15568
>a 41072,15696,30752,15584
>a 41216,15744,30752,15584
>a 41344,15776,30768,15552
>a 41488,15792,30816,15440
>a 41520,15728,30672,15584
>a 41744,15776,30704,15472
>a 41744,15776,30720,15568
>a 41904,15792,30768,15568
>a 41936,15712,30704,15568
>a 42112,15776,30736,15648
>a 42240,15824,30720,15616
>a 42384,15792,30704,15536
>a 42480,15936,30768,15552
>a 42608,15856,30768,15568
>a 42704,15840,30752,15648
>a 42928,15840,30848,15616
>a 42976,15920,30736,15552
>a 43056,15824,30768,15552
>a 43152,15792,30704,15616
>a 43376,15824,30848,15584
>a 43504,15904,30768,15536
>a 43536,15792,30752,15584
>a 43648,15792,30752,15584
>a 43776,15824,30752,15552
>a 43888,15856,30768,15536
>a 43984,15840,30688,15536
>a 44080,15904,30624,15488
>a 44192,15792,30752,15696
>a 44224,15824,30864,15536
>a 44384,15840,30720,15712
>a 44528,15840,30768,15568
>a 44592,15840,30736,15552
>a 44704,15920,30736,15584
>a 44816,15856,30768,15600
>a 44880,15856,30736,15664
>a 45056,15840,30768,15648
>a 45136,15824,30752,15536
>a 45312,15792,30720,15472
>a 45344,15824,30752,15488
>a 45424,15792,30768,15616
>a 45504,15840,30752,15568
>a 45664,15856,30768,15600
>a 45744,15856,30704,15696
>a 45776,15856,30768,15552
>a 45936,15920,30688,15616
>a 45968,15856,30800,15584
>a 46048,15984,30864,15536
>a 46128,15920,30768,15600
>a 46304,15904,30768,15504
>a 46368,15920,30752,15536
>a 46416,15792,30768,15536
>a 46512,15888,30736,15568
>a 46544,15888,30752,15584
>a 46672,15920,30704,15728
>a 46768,15920,30736,15520
>a 46928,15904,30752,15584
>a 46928,15936,30960,15568
>a 47136,15888,30752,15664
>a 47088,15952,30736,15664
>a 47152,15824,30768,15568
>a 47248,15856,30704,15536
>a 47280,15856,30784,15600
>a 47328,15856,30816,15568
>a 47408,15856,30768,15600
>a 47392,15952,30704,15584
>a 47680,15936,30752,15584
>a 47616,15984,30848,15520
>a 47728,15920,30816,15568
>a 47760,15856,30704,15680
>a 47872,15792,30752,15600
>a 47840,15904,30704,15632
>a 47936,15888,30752,15552
>a 48016,15904,30880,15584
>a 48064,15888,30592,15600
>a 48080,15888,30720,15584
>a 48112,15904,30752,15568
>a 48208,15920,30640,15584
>a 48304,15920,30768,15568
>a 48288,15888,30672,15648
>a 48368,15936,30784,15552
>a 48432,15920,30736,15552
>a 48560,15856,30752,15568
>a 48512,15920,30864,15664
>a 48528,15872,30720,15520
>a 48720,15920,30752,15568
>a 48720,15968,30800,15568
>a 48672,15936,30720,15568
>a 48736,15936,30768,15584
>a 48784,15920,30816,15504
>a 48896,15904,30704,15632
>a 48864,15952,30800,15600
>a 48848,15952,30704,15616
>a 48976,15952,30736,15536
>a 48976,15936,30832,15616
>a 48960,15920,30768,15600
>a 49008,15920,30768,15648
>a 48976,15952,30736,15520
>a 49072,15984,30672,15584
>p 4,90
>a 49104,16064,30400,15568
>a 49200,15984,29984,15584
>a 49136,16080,29712,15568
>a 49168,16048,29392,15648
>a 49312,15984,29040,15552
>p 4,0
>a 49248,15984,28976,15600
>a 49296,15840,28960,15520
>a 49264,15840,29024,15632
>a 49360,15824,29024,15536
>a 49264,15904,29040,15504
>p 4,90
>a 49264,15968,28688,15536
>a 49328,15952,28432,15584
>a 49376,15952,28112,15504
>a 49232,15984,27920,15520
>p 4,0
>a 49408,15936,27904,15504
>a 49408,15936,27824,15488
>a 49408,15968,27840,15616
>a 49392,15872,27984,15536
>a 49424,15824,27920,15536
>p 6,90
>a 38208,15728,29168,15552
>a 43520,15840,30000,15584
>a 42736,15824,30496,15568
>a 42416,15840,30896,15664
>a 42240,15712,31344,15616
>a 42160,15792,31648,15632
>a 42224,15792,32144,15632
>a 41904,15792,32512,15664
>a 41808,15792,32848,15616
>a 41760,15728,33184,15584
>a 41600,15856,33520,15648
>a 41568,15776,33888,15664
>a 41520,15760,34096,15632
>a 41440,15840,34384,15664
>a 41392,15744,34640,15680
>a 41344,15696,35072,15696
>a 41312,15776,35232,15680
>a 41296,15776,35536,15600
>a 41328,15776,35696,15776
>a 41328,15728,36016,15680
>a 41312,15776,36224,15712
>a 41344,15728,36608,15728
>a 41360,15744,36704,15728
>a 41360,15760,37072,15712
>a 41392,15856,37200,15712
>a 41392,15712,37408,15696
>a 41520,15760,37632,15696
>a 41552,15728,37840,15744
>a 41520,15776,38016,15744
>a 41648,15792,38320,15760
>a 41648,15712,38432,15760
>a 41728,15792,38608,15760
>a 41808,15792,38768,15888
>a 41904,15792,38960,15632
>a 41968,15808,39184,15744
>a 42112,15744,39328,15728
>a 42224,15792,39520,15776
>a 42208,15840,39680,15760
>a 42192,15904,39792,15920
>a 42400,15776,39920,15840
>a 42384,15808,40176,15808
>a 42320,15776,40288,15792
>a 42544,15904,40432,15792
>a 42640,15808,40592,15888
>a 42704,15776,40688,15808
>p 6,0
>a 44336,15792,40720,15808
>a 46032,15856,40624,15808
>a 46560,15920,40608,15776
>a 46816,15920,40528,15808
>a 46992,15920,40368,15792
>a 47088,15936,40384,15824
>a 47152,15792,40416,15792
>a 47296,15888,40416,15904
>a 47376,15856,40320,15808
>a 47520,15904,40352,15840
>a 47584,15984,40416,15792
>a 47632,15904,40368,15904
>a 47696,15888,40368,15792
>p 6,90
>a 46960,15872,40816,15776
>a 41296,15776,40544,15712
>a 41264,15728,40624,15744
>a 41232,15792,40496,15824
>a 41264,15856,40560,15664
>a 41264,15760,40496,15808
>a 41264,15776,40608,15904
>a 41232,15696,40528,15728
>a 41280,15824,40528,15792
>a 41264,15760,40544,15808
>a 41360,15856,40592,15792
>a 41264,15696,40560,15824
>a 41296,15760,40512,15936
>a 41216,15824,40544,15776
>a 41264,15760,40544,15776
>a 41264,15840,40496,15792
>a 41328,15776,40624,15840
>a 41328,15728,40576,15792
>a 41312,15760,40592,15824
>a 41312,15888,40656,15776
>a 41344,15792,40624,15792
>a 41328,15776,40624,15792
>a 41312,15840,40624,15840
>a 41328,15728,40592,15792
>a 41296,15728,40624,15776
>a 41328,15760,40592,15824
>a 41312,15760,40592,15824
>a 41328,15792,40656,15824
>a 41344,15792,40608,15808
>a 41264,15760,40608,15792
>a 41296,15744,40576,15824
>a 41312,15760,40672,15792
>a 41328,15728,40416,15776
>a 41248,15760,40560,15808
>a 41264,15840,40576,15856
>a 41232,15728,40576,15888
>a 41312,15760,40560,15856
>a 41312,15760,40544,15792
>a 41296,15728,40544,15776
>a 41248,15776,40528,15792
>a 41264,15792,40496,15792
>a 41344,15744,40560,15824
>a 41264,15760,40496,15824
>a 41264,15776,40528,15792
>a 41264,15792,40560,15792
>a 41136,15744,40688,15824
>a 41328,15632,40528,15840
>a 41328,15792,40544,15824
>a 41264,15760,40528,15792
>a 41232,15744,40512,15776
>a 41232,15760,40464,15808
>a 41200,15744,40480,15904
>a 41248,15664,40496,15824
>a 41216,15776,40496,15888
>a 41248,15744,40496,15856
>a 41248,15760,40592,15904
>a 41216,15792,40624,15792
>a 41232,15824,40432,15792
>a 41248,15840,40464,15808
>a 41232,15760,40496,15792
>a 41248,15728,40496,15792
>a 41248,15664,40512,15808
>a 41200,15856,40544,15760
>a 41216,15600,40464,15824
>a 41232,15744,40432,15808
>a 41216,15840,40560,15904
>a 41200,15632,40560,15760
>a 41184,15760,40608,15904
>