
>
>v 1 Jul 11 2014, <C1459854>
>a 35552,15280,35280,15328
>a 35552,15280,35376,15344
>a 35552,15280,35328,15360
>a 35504,15232,35280,15344
>a 35520,15312,35312,15424
>a 35520,15184,35296,15424
>a 35504,15408,35312,15360
>a 35536,15312,35312,15328
>a 35488,15408,35248,15344
>a 35536,15296,35296,15264
>a 35504,15360,35376,15248
>a 35696,15280,35312,15344
>a 35552,15360,35296,15328
>a 35536,15248,35360,15344
>a 35536,15216,35328,15408
>a 35552,15312,35344,15344
>a 35568,15296,35344,15344
>a 35520,15312,35392,15200
>a 35664,15408,35312,15328
>a 35536,15344,35344,15328
>a 35536,15408,35360,15440
>a 35568,15312,35344,15360
>a 35664,15328,35312,15328
>a 35536,15536,35360,15328
>p 7,24
>p 7,24
>a 35696,15296,35360,15344
>p 7,25
>a 35584,15344,35328,15344
>a 35632,15344,35312,15344
>a 35536,15296,35344,15344
>a 35600,15344,35280,15344
>a 35568,15296,35344,15248
>a 35600,15280,35360,15312
>a 35504,15232,35312,15344
>a 35520,15328,35376,15344
>a 35472,15344,35376,15344
>a 35440,15328,35328,15376
>a 35616,15424,35360,15344
>a 35024,16448,35312,15344
>a 35184,16288,35232,15280
>a 35136,16416,35200,15344
>a 35056,16384,35184,15488
>a 35088,16336,35216,15344
>a 34976,16336,35120,15344
>a 34960,16320,35072,15344
>a 34896,16336,35056,15344
>a 34848,16384,35024,15376
>a 34736,16384,34992,15344
>a 34688,16224,34944,15424
>a 34704,16304,34912,15344
>a 34816,16304,34896,15376
>a 34704,16320,34864,15296
>a 34784,16304,34752,15344
>a 34784,16304,34752,15344
>a 34736,16320,34704,15424
>a 34704,16304,34640,15232
>a 34672,16384,34736,15328
>a 34576,16304,34640,15376
>a 34544,16384,34560,15344
>a 34608,16384,34544,15360
>a 34528,16496,34480,15328
>a 34416,16512,34464,15440
>p 7,23
>a 34512,16096,34464,15344
>a 34704,15520,34400,15328
>a 34704,15344,34384,15312
>a 34608,15280,34448,15328
>a 34704,15280,34448,15472
>a 34704,15392,34496,15440
>a 34736,15408,34464,15312
>a 34736,15344,34496,15328
>a 34800,15312,34464,15360
>a 34720,15328,34480,15392
>a 34656,15312,34480,15344
>a 34608,15344,34512,15376
>a 34736,15424,34496,15344
>a 34704,15280,34448,15328
>a 34736,15328,34512,15344
>a 34736,15392,34480,15376
>a 34768,15296,34512,15408
>a 34784,15296,34640,15312
>a 34832,15184,34544,15376
>p 7,24
>a 34720,15328,34608,15344
>a 34736,15312,34624,15344
>a 34768,15312,34512,15328
>a 34784,15344,34560,15312
>a 34784,15312,34544,15440
>a 34784,15344,34512,15328
>a 34720,15328,34560,15344
>a 34816,15264,34560,15312
>a 34816,15312,34608,15424
>a 34736,15296,34544,15344
>a 34992,15312,34608,15328
>a 34832,15312,34528,15344
>a 34704,15616,34512,15344
>a 34672,15648,34560,15312
>a 34688,15744,34544,15392
>a 34608,15792,34512,15344
>a 34512,15744,34528,15344
>a 34512,15728,34560,15328
>a 34560,15824,34416,15328
>a 34464,15728,34464,15344
>a 34560,15648,34448,15344
>a 34544,15680,34416,15424
>a 34640,15632,34416,15312
>a 34528,15664,34368,15344
>a 34560,15760,34368,15360
>a 34576,15760,34352,15328
>a 34544,15712,34368,15280
>a 34496,15776,34288,15408
>a 34480,15632,34336,15360
>a 34512,15792,34368,15264
>a 34560,15664,34368,15376
>a 34464,15600,34240,15344
>a 34416,15712,34224,15328
>a 34448,15824,34304,15328
>a 34384,15744,34208,15344
>a 34352,15760,34160,15280
>a 34336,15808,34192,15344
>a 34368,15744,34112,15376
>a 34096,15776,34144,15344
>a 34224,15856,34112,15392
>a 34208,15776,34112,15408
>a 34304,15744,34096,15408
>a 34128,15760,34096,15440
>a 34144,15728,34080,15344
>a 34144,15824,34144,15424
>a 34048,15664,34000,15312
>a 34160,15808,33968,15328
>a 34048,15696,34096,15152
>a 34080,15696,34000,15344
>a 34032,15696,34000,15344
>a 34064,15648,33952,15360
>a 34096,15680,33936,15344
>a 34096,15680,34000,15344
>a 34080,15648,33904,15328
>a 34096,15712,33872,15440
>a 33968,15584,33904,15344
>a 34064,15680,33712,15296
>a 34080,15728,33872,15264
>a 34128,15728,33824,15344
>a 34032,15728,33824,15424
>a 33952,15760,33760,15360
>a 33968,15776,33888,15344
>a 33952,15760,33600,15328
>a 33872,15760,33712,15328
>a 33808,15696,33776,15344
>a 33712,15744,33648,15344
>a 33808,15696,33728,15328
>a 33760,15824,33680,15408
>a 33744,15760,33648,15344
>a 33808,15760,33488,15344
>a 33728,15760,33648,15392
>a 33616,15552,33648,15344
>a 33584,15680,33632,15360
>a 33888,15680,33600,15440
>a 33680,15760,33600,15344
>a 33648,15744,33488,15312
>a 33648,15696,33536,15248
>a 33552,15632,33536,15312
>a 33648,15648,33504,15408
>a 33648,15648,33392,15296
>a 33520,15696,33456,15328
>a 33616,15696,33488,15344
>a 33648,15696,33456,15360
>a 33616,15744,33440,15328
>a 33648,15712,33440,15408
>a 33584,15808,33408,15328
>a 33568,15840,33392,15344
>a 33568,15728,33360,15344
>a 33664,15728,33360,15328
>a 33520,15824,33376,15440
>a 33456,15760,33312,15296
>a 33424,15776,33312,15344
>a 33424,15728,33280,15328
>a 33392,15808,33280,15344
>a 33344,15712,33248,15328
>a 33296,15776,33232,15312
>a 33360,15632,33232,15328
>a 33120,15680,33376,15312
>a 33200,15712,33184,15296
>a 33232,15712,33216,15344
>a 33184,15792,33056,15328
>a 33296,15696,33184,15344
>a 33168,15600,33136,15296
>a 33280,15696,33120,15328
>a 33200,15680,33136,15344
>a 33184,15664,33072,15408
>a 33136,15664,33088,15328
>a 33280,15760,33088,15312
>a 33232,15696,32976,15328
>a 33200,15760,33104,15312
>a 33248,15696,33088,15280
>a 33200,15792,32976,15376
>a 33200,15888,32976,15328
>a 33136,15760,33024,15456
>a 33136,15760,32912,15328
>a 33024,15840,32944,15408
>a 33104,15728,32944,15344
>a 33008,15792,32912,15344
>a 33072,15744,32800,15280
>a 33072,15776,32896,15328
>a 32976,15824,32864,15328
>a 32944,15792,32960,15360
>a 32912,15792,32720,15376
>p 7,25
>a 32720,15920,32816,15328
>a 32512,16576,32784,15424
>a 32496,16304,32704,15344
>a 32624,16400,32704,15280
>a 32512,16384,32672,15376
>a 32432,16416,32592,15424
>a 32464,16400,32624,15312
>a 32304,16320,32544,15328
>a 32432,16304,32512,15344
>a 32384,16288,32528,15360
>a 32400,16272,32480,15344
>a 32288,16400,32432,15312
>a 32416,16320,32416,15344
>a 32432,16384,32368,15344
>a 32224,16320,32352,15376
>a 32336,16384,32288,15312
>p 7,24
>a 32432,16064,32320,15296
>a 32480,15712,32272,15344
>a 32416,15728,32272,15328
>a 32464,15632,32288,15296
>a 32448,15792,32240,15328
>a 32368,15760,32240,15344
>a 32368,15760,32208,15280
>a 32240,15760,32192,15424
>a 32304,15792,32192,15328
>a 32288,15712,32176,15264
>a 32208,15680,32160,15344
>a 32208,15776,32112,15344
>a 32304,15872,32112,15328
>p 7,25
>a 31840,16112,31952,15344
>a 31888,16560,32064,15344
>a 31904,16352,31984,15344
>a 31728,16320,32000,15344
>a 31840,16336,31968,15312
>a 31776,16320,31920,15344
>p 7,24
>a 31728,16032,31888,15344
>a 32048,15568,31904,15312
>a 32144,15648,31904,15312
>p 7,25
>a 32032,15968,31888,15328
>a 31568,16336,31920,15408
>p 7,26
>a 31392,17072,31856,15296
>p 7,27
>p 7,28
>p 7,30
>p 7,31
>p 7,32
>a 29360,21408,31648,15344
>a 29408,20560,31472,15296
>p 7,33
>p 7,34
>a 28720,21424,31376,15312
>p 7,35
>p 7,36
>p 7,37
>a 27344,23920,31264,15280
>a 26928,24304,31216,15280
>p 7,38
>p 7,39
>a 26736,24656,30960,15248
>p 7,40
>a 26352,25312,30848,15280
>a 26288,25424,30720,15312
>a 26224,25584,30640,15344
>p 7,41
>p 7,42
>p 7,43
>a 26336,25424,30496,15296
>a 26208,25552,30480,15344
>a 26288,25488,30192,15312
>a 26192,25472,30128,15392
>p 7,42
>p 7,41
>p 7,40
>p 7,39
>p 7,38
>p 7,37
>p 7,36
>a 26128,25440,30032,15328
>p 7,35
>p 7,34
>p 7,33
>p 7,32
>a 26208,25296,29920,15312
>p 7,31
>p 7,30
>p 7,29
>p 7,28
>p 7,27
>p 7,26
>a 28752,20112,29920,15264
>p 7,25
>p 7,24
>p 7,23
>a 30336,15984,30000,15392
>a 30384,15296,30112,15328
>a 30464,15392,30096,15344
>p 7,24
>p 7,25
>p 7,26
>p 7,27
>p 7,28
>a 30448,15392,30112,15312
>p 7,29
>p 7,30
>p 7,31
>p 7,32
>a 29392,17936,30096,15376
>p 7,33
>p 7,34
>p 7,35
>a 26736,23440,29824,15312
>p 7,36
>p 7,37
>p 7,38
>p 7,39
>a 26352,24176,29792,15168
>p 7,40
>p 7,41
>p 7,42
>p 7,44
>p 7,45
>p 7,46
>p 7,47
>p 7,48
>a 25840,25104,29648,15312
>p 7,49
>p 7,51
>p 7,52
>a 25744,25120,29616,15264
>p 7,53
>p 7,54
>p 7,55
>p 7,56
>p 7,57
>a 25776,25120,29424,15312
>p 7,58
>p 7,59
>p 7,60
>p 7,61
>p 7,62
>p 7,63
>a 25760,25088,29296,15264
>p 7,64
>p 7,65
>p 7,66
>p 7,67
>p 7,68
>p 7,69
>a 25664,25088,29216,15392
>p 7,70
>p 7,71
>p 7,72
>p 7,73
>a 25632,25024,29120,15280
>p 7,74
>p 7,75
>p 7,76
>p 7,77
>a 25616,24976,29024,15312
>p 7,78
>p 7,79
>a 25568,24944,29008,15232
>a 25472,24880,28848,15408
>a 25488,24848,28848,15312
>p 7,78
>p 7,77
>p 7,76
>p 7,75
>p 7,74
>p 7,73
>a 25408,24832,28592,15296
>p 7,72
>p 7,71
>p 7,70
>p 7,69
>p 7,68
>p 7,67
>p 7,66
>p 7,65
>a 25376,24736,28432,15280
>p 7,64
>p 7,63
>p 7,62
>p 7,61
>p 7,60
>p 7,59
>p 7,58
>a 25200,24832,28336,15312
>p 7,57
>p 7,56
>p 7,55
>p 7,54
>p 7,53
>p 7,52
>p 7,51
>p 7,50
>a 25312,24656,28272,15280
>p 7,49
>p 7,48
>p 7,47
>p 7,46
>p 7,45
>a 25232,24560,28192,15296
>p 7,44
>p 7,43
>p 7,42
>p 7,41
>p 7,40
>p 7,39
>p 7,38
>a 25168,24560,28128,15408
>p 7,37
>p 7,36
>p 7,35
>p 7,34
>p 7,33
>p 7,32
>a 25184,24480,28016,15280
>p 7,31
>p 7,30
>p 7,29
>p 7,28
>a 25328,24032,27952,15296
>p 7,27
>p 7,26
>p 7,25
>p 7,24
>p 7,23
>a 28240,18208,28080,15408
>a 28496,16528,28112,15312
>a 28720,15328,28176,15328
>a 28816,15280,28112,15296
>p 7,24
>a 28880,15296,28320,15408
>p 7,25
>a 28880,15248,28352,15312
>a 28928,15376,28496,15280
>p 7,26
>p 7,27
>a 29088,15280,28496,15328
>a 28048,17952,28400,15408
>p 7,28
>a 28304,18176,28336,15392
>a 28144,18336,28400,15328
>p 7,29
>p 7,30
>p 7,31
>a 27472,19808,28304,15296
>a 27360,20368,28240,15184
>p 7,32
>a 26848,21136,28160,15296
>a 27024,20880,28080,15296
>a 26912,20928,27968,15312
>a 26832,20976,28016,15312
>p 7,31
>a 26960,20560,28000,15312
>p 7,30
>a 27520,19408,27936,15328
>p 7,29
>a 27472,18992,27904,15312
>a 27504,19072,27920,15328
>p 7,28
>a 27712,18224,27792,15312
>a 27584,18416,27824,15280
>a 27616,18416,27872,15296
>a 27616,18384,27808,15280
>a 27472,18400,27744,15264
>a 27392,18480,27792,15296
>a 27376,18368,27632,15344
>a 27392,18336,27632,15280
>a 27312,18288,27632,15376
>a 27328,18320,27648,15312
>a 27248,18352,27536,15296
>p 7,27
>a 27568,17696,27584,15280
>a 27344,17616,27504,15296
>a 27440,17680,27520,15280
>p 7,26
>a 27808,16736,27600,15296
>a 27552,17152,27504,15312
>a 27696,16896,27504,15280
>a 27664,17008,27520,15344
>p 7,25
>a 27936,16928,27520,15280
>a 27872,16240,27696,15312
>a 27808,16416,27488,15488
>p 7,26
>a 27792,16640,27552,15296
>p 7,27
>p 7,28
>a 27312,17856,27472,15312
>a 27200,18608,27392,15296
>a 27264,18288,27440,15280
>a 27184,18448,27376,15296
>a 27216,18336,27376,15296
>p 7,29
>p 7,30
>a 26480,19808,27264,15344
>a 26480,19632,27264,15312
>a 26416,19680,27216,15248
>a 26384,19696,27152,15312
>a 26384,19696,27008,15264
>a 26240,19664,27040,15296
>a 26304,19664,26992,15280
>a 26160,19664,26928,15392
>a 26080,19664,26880,15264
>p 7,31
>a 25888,20176,26816,15376
>a 25632,20352,26656,15280
>a 25680,20304,26704,15280
>p 7,32
>a 25328,21136,26608,15328
>a 25168,20912,26544,15264
>a 25248,20896,26528,15216
>a 25056,20848,26416,15280
>a 25104,20912,26416,15248
>p 7,33
>a 24848,21200,26336,15344
>p 7,34
>a 24384,22272,26224,15232
>p 7,35
>p 7,36
>a 23968,22624,26096,15312
>p 7,37
>a 23728,22864,26016,15296
>p 7,38
>a 23600,22944,26000,15312
>p 7,39
>p 7,40
>p 7,41
>a 23536,22944,25888,15376
>p 7,42
>p 7,43
>p 7,44
>a 23472,22912,25760,15216
>p 7,45
>p 7,46
>p 7,47
>p 7,48
>p 7,49
>a 23488,22880,25744,15232
>p 7,50
>p 7,51
>p 7,52
>p 7,53
>a 23440,22864,25632,15280
>p 7,54
>a 23392,22816,25552,15232
>p 7,55
>p 7,56
>a 23344,22800,25456,15264
>p 7,57
>p 7,58
>a 23312,22720,25440,15248
>a 23344,22768,25328,15264
>p 7,59
>p 7,60
>a 23200,22576,25264,15264
>a 23120,22512,25200,15248
>a 23104,22544,25120,15152
>a 23056,22448,25056,15280
>a 23008,22320,24944,15280
>p 7,61
>a 22816,22400,24928,15296
>a 22960,22336,24848,15344
>a 22960,22368,24816,15280
>a 23008,22448,24704,15216
>a 22864,22288,24752,15248
>a 22896,22208,24608,15312
>a 22752,22176,24544,15312
>a 22640,22112,24464,15296
>a 22672,22112,24384,15280
>a 22592,22096,24336,15280
>a 22560,22032,24272,15280
>a 22544,21968,24224,15264
>a 22416,22000,24240,15168
>a 22480,22064,24080,15280
>a 22544,22016,23984,15280
>a 22384,21888,24080,15280
>a 22512,21888,23920,15280
>a 22352,21840,23856,15264
>a 22320,21744,23904,15248
>p 7,62
>p 7,63
>p 7,64
>p 7,65
>a 22272,21760,23824,15264
>p 7,66
>a 22256,21744,23712,15216
>p 7,67
>p 7,68
>p 7,69
>a 22192,21664,23632,15280
>p 7,70
>p 7,71
>a 22128,21648,23600,15264
>p 7,72
>a 22288,21616,23504,15264
>p 7,73
>p 7,74
>a 22112,21504,23472,15200
>a 22048,21520,23408,15264
>a 22048,21488,23344,15248
>a 22032,21488,23328,15280
>a 21808,21456,23248,15264
>a 21920,21424,23200,15248
>p 7,73
>p 7,72
>p 7,71
>p 7,70
>p 7,69
>a 21872,21344,23152,15280
>p 7,68
>p 7,67
>p 7,66
>p 7,65
>p 7,64
>a 21920,21232,23136,15376
>p 7,63
>p 7,62
>p 7,61
>p 7,59
>p 7,58
>a 21840,21280,23040,15216
>p 7,57
>p 7,56
>p 7,55
>p 7,54
>p 7,53
>p 7,52
>a 21808,21296,23008,15248
>p 7,51
>p 7,50
>p 7,49
>p 7,48
>p 7,47
>p 7,46
>a 21744,21216,22960,15248
>p 7,45
>p 7,44
>p 7,43
>a 21728,21216,22912,15248
>p 7,42
>p 7,41
>p 7,40
>a 21744,21152,22864,15280
>p 7,39
>p 7,38
>a 21664,21200,22816,15216
>p 7,37
>p 7,36
>a 21696,21152,22752,15248
>p 7,35
>p 7,34
>a 21584,21072,22688,15232
>p 7,33
>p 7,32
>a 21552,20880,22688,15248
>p 7,31
>p 7,30
>a 21536,21024,22688,15232
>a 21520,20976,22592,15264
>p 7,29
>a 21504,20896,22560,15216
>p 7,28
>a 21856,20048,22496,15264
>a 22688,17600,22560,15264
>a 22320,18624,22448,15248
>a 22416,18272,22544,15280
>a 22288,18384,22496,15280
>p 7,27
>p 7,26
>a 22448,18208,22496,15280
>a 22704,16592,22464,15248
>a 22736,17296,22496,15232
>a 22704,17008,22560,15312
>a 22688,17008,22528,15360
>a 22720,17072,22544,15232
>a 22768,16976,22576,15280
>p 7,25
>a 22800,16496,22576,15232
>a 22832,16224,22624,15264
>a 22832,16320,22624,15312
>a 22864,16288,22608,15248
>a 22848,16384,22656,15248
>a 23008,16400,22688,15200
>a 22960,16416,22688,15200
>a 22880,16352,22752,15280
>a 23104,16400,22752,15248
>a 23088,16352,22768,15296
>a 23024,16304,22752,15184
>a 22992,16400,22944,15264
>a 23120,16480,22800,15344
>a 23072,16320,22800,15264
>a 23040,16384,22832,15280
>p 7,24
>p 7,23
>a 23296,15808,22880,15264
>a 23280,15328,22928,15280
>a 23504,15264,22976,15248
>a 23680,15248,22928,15344
>a 23680,15152,23088,15360
>a 23776,15344,22976,15264
>a 23840,15248,23168,15328
>a 23792,15216,23184,15216
>a 23904,15200,23200,15264
>a 23968,15248,23392,15376
>a 24032,15264,23344,15328
>a 23984,15248,23456,15248
>a 24080,15344,23536,15264
>a 24112,15216,23472,15264
>a 24128,15248,23536,15296
>a 24160,15344,23536,15280
>a 24224,15248,23600,15264
>a 24256,15248,23728,15232
>a 24304,15344,23776,15264
>a 24288,15216,23712,15296
>a 24480,15232,23792,15280
>a 24368,15280,23808,15280
>a 24400,15264,23792,15184
>a 24416,15312,23936,15200
>a 24528,15200,23840,15280
>a 24592,15200,23920,15264
>a 24496,15264,23952,15168
>a 24496,15184,23984,15264
>a 24496,15200,23984,15264
>a 24560,15264,24016,15344
>a 24560,15216,24096,15248
>a 24544,15232,24112,15280
>a 24624,15232,24176,15360
>a 24656,15232,24176,15248
>a 24672,15264,24208,15312
>a 24624,15200,24208,15264
>a 24816,15216,24240,15280
>a 24656,15248,24288,15264
>a 24736,15232,24304,15280
>a 24848,15200,24400,15280
>a 24832,15248,24352,15280
>a 24800,15216,24416,15264
>