
>
>v 1 Jul 11 2014, <C1459854>
>a 65520,15792,24144,15456
>a 65520,15792,24128,15456
>a 65520,15824,24160,15472
>a 65520,15776,24096,15456
>a 65520,15856,24096,15440
>a 65520,15728,24096,15376
>a 65520,15792,24096,15488
>a 65520,15840,24176,15472
>a 65520,15792,24032,15472
>a 65520,15776,24112,15456
>a 65520,15792,24176,15472
>a 65520,15792,24080,15456
>a 65520,15920,24112,15392
>a 65520,15792,24176,15472
>a 65520,15808,24144,15568
>a 65520,15792,24112,15456
>a 65520,15808,24176,15472
>a 65520,15824,24176,15472
>a 65520,15872,24160,15440
>a 65520,15904,24144,15472
>a 65520,15792,24176,15456
>a 65520,15664,24144,15456
>a 65520,15824,24192,15472
>a 65520,15808,24112,15472
>a 65520,15760,24096,15456
>a 65520,15808,24144,15456
>a 65520,15840,24112,15488
>a 65520,15904,24144,15520
>a 65520,15776,24176,15568
>a 65520,15776,24064,15440
>a 65520,15792,24176,15488
>a 65520,15824,24176,15456
>a 65520,15776,24144,15552
>a 65520,15776,24144,15472
>a 65520,15808,24128,15328
>a 65520,15744,24160,15424
>a 65520,15808,24128,15504
>a 65520,15792,24112,15472
>a 65520,15776,24176,15488
>a 65520,15792,24160,15472
>a 65520,15776,24144,15440
>a 65520,15792,24112,15504
>a 65520,15776,24144,15488
>a 65520,15792,24144,15424
>a 65520,15744,24128,15456
>a 65520,15744,24016,15456
>a 65520,15824,24112,15376
>a 65520,15808,24112,15440
>a 65520,15792,24032,15424
>a 65520,15728,24144,15392
>