
>v 1 Jul 11 2014, <C1459854>
>a 16944,15360,16512,15200
>a 16976,15472,16560,15200
>a 16928,15472,16528,15248
>a 16928,15440,16528,15216
>a 16944,15392,16496,15280
>a 16928,15424,16464,15216
>a 16896,15392,16432,15280
>a 16880,15408,16432,15200
>a 16880,15328,16480,15200
>a 16912,15440,16448,15184
>a 16864,15408,16464,15200
>a 16848,15456,16464,15248
>a 16832,15408,16448,15232
>a 16848,15424,16432,15216
>a 16784,15424,16432,15216
>a 16848,15536,16416,15184
>a 16800,15344,16336,15312
>a 16720,15408,16384,15200
>a 16752,15440,16464,15184
>a 16800,15264,16320,15216
>a 16784,15408,16352,15328
>a 16688,15344,16320,15232
>p 7,0
>a 16752,15312,16336,15248
>a 16720,15472,16304,15184
>a 16688,15344,16304,15248
>a 16816,15392,16320,15168
>a 16800,15488,16416,15200
>p 7,0
>a 16816,15408,16416,15216
>a 16704,15408,16336,15216
>a 16688,15488,16288,15200
>a 16720,15408,16416,15200
>a 16688,15376,16336,15216
>a 16656,15328,16240,15280
>a 16672,15328,16208,15216
>a 16656,15344,16240,15216
>a 16672,15344,16240,15216
>p 7,1
>p 7,1
>a 16624,15488,16240,15248
>p 7,3
>p 7,4
>p 7,6
>p 7,7
>p 7,8
>p 7,9
>p 7,11
>p 7,12
>p 7,14
>p 7,15
>a 16688,15360,16176,15216
>p 7,16
>p 7,17
>p 7,18
>p 7,19
>p 7,20
>a 16656,15392,16240,15184
>a 16656,15376,16208,15200
>a 16608,15344,16192,15104
>a 16576,15344,16192,15200
>a 16592,15328,16192,15216
>p 7,21
>p 7,23
>p 7,25
>p 7,26
>p 7,28
>p 7,31
>a 16720,15376,16272,15216
>p 7,34
>p 7,37
>p 7,39
>p 7,43
>p 7,45
>p 7,48
>p 7,51
>p 7,54
>p 7,57
>p 7,59
>p 7,60
>p 7,61
>p 7,62
>a 16352,16096,16128,15120
>p 7,63
>p 7,64
>a 16320,16096,16160,15216
>a 16384,16048,16128,15296
>a 16336,16064,16224,15232
>a 16416,16016,16112,15232
>a 16272,16016,16048,15216
>a 16256,15984,16048,15216
>p 7,63
>p 7,62
>p 7,60
>p 7,59
>p 7,58
>p 7,56
>p 7,54
>a 16112,15856,16032,15296
>p 7,52
>p 7,51
>p 7,49
>p 7,48
>p 7,47
>p 7,46
>p 7,45
>p 7,44
>p 7,43
>p 7,41
>a 16224,15952,16016,15232
>p 7,39
>p 7,38
>p 7,36
>p 7,35
>p 7,34
>p 7,33
>p 7,32
>p 7,30
>p 7,29
>p 7,28
>p 7,26
>p 7,24
>a 16192,15920,15936,15232
>p 7,23
>p 7,21
>p 7,19
>p 7,16
>p 7,13
>p 7,12
>p 7,9
>p 7,7
>p 7,4
>p 7,3
>p 7,1
>p 7,0
>a 16272,15376,15952,15184
>a 16304,15248,15904,15232
>a 16288,15344,15952,15216
>a 16336,15328,16096,15280
>a 16304,15344,15936,15216
>a 16384,15328,15968,15216
>a 16384,15280,15808,15296
>a 16336,15312,15952,15136
>a 16384,15392,15968,15248
>a 16464,15312,15904,15184
>a 16448,15328,15968,15216
>a 16288,15344,15936,15200
>a 16304,15408,15936,15216
>a 16304,15312,15920,15216
>a 16192,15280,15920,15152
>a 16304,15408,15984,15216
>a 16384,15376,15904,15200
>a 16368,15328,16048,15152
>a 16208,15328,15952,15200
>a 16368,15312,15904,15216
>a 16304,15344,15952,15200
>a 16304,15328,15920,15248
>a 16304,15280,15920,15216
>a 16336,15344,15936,15312
>a 16304,15312,15904,15216
>a 16304,15312,15920,15216
>a 16320,15328,15952,15232
>a 16304,15344,15888,15216
>a 16400,15296,15936,15312
>a 16336,15408,15904,15152
>a 16304,15296,15808,15280
>a 16256,15296,15872,15312
>a 16272,15344,15984,15264
>a 16224,15344,15904,15248
>a 16320,15296,15904,15200
>a 16256,15328,15968,15216
>a 16176,15280,15856,15200
>a 16192,15248,15856,15232
>a 16176,15296,15856,15152
>a 16208,15312,16000,15216
>a 16192,15312,15808,15184
>a 16160,15248,15856,15232
>a 16176,15264,15856,15248
>a 16208,15392,15840,15232
>a 16176,15296,15824,15184
>a 16176,15392,15824,15280
>a 16176,15280,15840,15312
>a 16160,15312,15840,15232
>a 16160,15472,15840,15200
>a 16176,15376,15824,15312
>a 16240,15312,15792,15248
>a 16144,15248,15824,15328
>a 16128,15152,15824,15200
>a 15952,15296,15792,15200
>a 16080,15280,15824,15168
>a 16144,15376,15824,15232
>a 16256,15264,15712,15200
>a 16224,15216,15792,15216
>a 16144,15280,15808,15200
>a 16080,15328,15792,15232
>a 16112,15328,15856,15200
>a 16112,15312,15808,15216
>a 16016,15232,15776,15216
>a 16112,15296,15776,15216
>a 16096,15280,15840,15200
>a 16096,15392,15760,15216
>a 16048,15280,15760,15328
>a 16096,15248,15712,15216
>a 16064,15248,15744,15216
>a 16032,15280,15760,15200
>a 16080,15200,15728,15200
>a 16064,15264,15728,15232
>a 16016,15264,15776,15216
>a 15968,15376,15696,15216
>a 16032,15280,15664,15216
>a 16096,15184,15696,15184
>a 16016,15264,15824,15216
>a 16032,15280,15728,15216
>a 16016,15280,15728,15280
>a 16032,15248,15712,15216
>a 16048,15280,15728,15296
>a 16032,15232,15696,15216
>a 16048,15264,15696,15184
>a 16064,15232,15712,15216
>a 16240,15216,15536,15216
>a 16112,15200,15696,15216
>a 16208,15264,15664,15216
>a 16272,15296,15728,15232
>a 16384,15232,15776,15216
>a 16512,15232,15792,15216
>a 16688,15264,15856,15232
>a 16816,15312,15856,15216
>a 17184,15312,15968,15216
>a 17472,15440,15904,15120
>a 17680,15248,16048,15296
>a 18096,15344,16112,15200
>a 18480,15280,16240,15264
>a 18912,15392,16336,15216
>a 19296,15344,16416,15312
>p 6,90
>a 19712,15408,16640,15200
>a 20080,15392,16576,15200
>a 20480,15456,16752,15296
>a 20784,15520,16816,15216
>a 21184,15440,16880,15264
>a 21552,15504,16992,15216
>p 6,0
>a 22416,15536,16640,15264
>a 27040,15616,16608,15264
>a 29664,15616,16512,15216
>a 30848,15520,16416,15200
>a 31536,15552,16448,15200
>p 6,90
>a 28496,15536,17552,15216
>a 23824,15632,17360,15200
>a 24208,15552,17616,15216
>a 25872,15600,17728,15216
>a 26928,15648,17936,15232
>a 27680,15696,18096,15200
>a 28112,15760,18224,15200
>p 6,0
>a 32752,15776,17200,15232
>a 34544,15696,17168,15216
>a 35328,15744,17088,15184
>a 35744,15728,17008,15152
>a 36272,15744,16960,15216
>a 36512,15712,16896,15216
>a 36864,15696,16880,15232
>a 37264,15696,16848,15216
>a 37504,15792,16784,15216
>a 37776,15680,16784,15312
>a 38144,15696,16688,15280
>a 38480,15680,16720,15216
>a 38784,15664,16592,15216
>a 39040,15616,16592,15216
>a 39456,15632,16544,15312
>a 39920,15632,16544,15200
>a 40096,15536,16464,15216
>a 40432,15584,16480,15216
>a 40640,15600,16416,15184
>a 41072,15616,16416,15184
>a 41472,15584,16352,15216
>a 41824,15584,16336,15248
>p 6,90
>a 39168,15616,18416,15248
>a 32944,15520,18288,15232
>a 38192,15664,18864,15200
>a 39424,15776,19376,15248
>a 39408,15824,19536,15184
>a 39344,15888,19728,15200
>a 39312,15936,19936,15248
>a 39344,16016,20144,15248
>a 39344,16112,20288,15232
>a 39440,16176,20480,15248
>a 39424,16224,20672,15264
>a 39408,16176,20816,15136
>a 39536,16336,20992,15232
>a 39696,16560,21264,15280
>a 39728,16480,21328,15280
>a 39888,16592,21520,15344
>a 39952,16624,21680,15264
>a 40016,16800,21872,15264
>a 40176,16816,21968,15264
>a 40240,16800,22192,15264
>a 40432,16864,22320,15248
>a 40416,16992,22496,15296
>a 40624,17040,22560,15200
>a 40640,17088,22832,15280
>a 40784,17200,22992,15232
>a 40848,17360,23120,15200
>a 40928,17264,23344,15248
>a 41040,17376,23376,15248
>a 41104,17536,23536,15280
>a 41136,17424,23712,15264
>a 41264,17552,23856,15264
>a 41360,17728,24032,15296
>a 41376,17680,24160,15280
>a 41472,17744,24320,15280
>p 5,90
>a 41552,17824,24400,15312
>a 41648,17920,24624,15280
>a 41760,17808,24736,15264
>a 41744,18048,24880,15248
>p 5,0
>a 41744,18080,23440,15296
>a 41616,18144,23376,15232
>a 41584,18080,23344,15312
>a 41568,18016,23328,15264
>a 41552,18032,23296,15216
>a 41664,18096,23280,15328
>a 41600,18032,23216,15248
>a 41696,17888,23232,15344
>p 4,90
>a 41520,17984,23216,15248
>a 41568,18032,23280,15312
>a 41616,18000,23184,15264
>a 41648,17952,23264,15248
>p 4,0
>a 41552,17072,23184,15248
>a 41696,15440,23296,15264
>a 41696,15312,23376,15280
>a 41744,15360,23696,15264
>a 41776,15344,23616,15264
>a 41728,15344,23664,15248
>a 41840,15344,23760,15168
>a 42016,15344,23824,15248
>a 41920,15312,23920,15232
>a 42016,15488,24080,15344
>a 41968,15344,24080,15296
>p 5,90
>a 42032,15344,25520,15200
>a 42192,15440,25968,15296
>a 42400,15344,26192,15296
>a 42512,15328,26416,15280
>a 42656,15344,26736,15280
>a 42768,15360,27008,15296
>a 42848,15504,27264,15312
>a 42928,15376,27568,15280
>a 43104,15280,27744,15328
>a 43152,15344,27856,15408
>a 43264,15360,28208,15280
>p 6,0
>a 46416,15296,26848,15344
>a 49728,15504,26800,15312
>a 50320,15504,26736,15264
>a 50672,15408,26688,15216
>a 50896,15408,26688,15392
>p 6,90
>a 41904,15360,28320,15312
>a 42192,15312,28480,15312
>a 45168,15360,29088,15312
>a 45360,15344,29344,15376
>a 45312,15344,29568,15424
>a 45152,15344,29840,15312
>a 45104,15376,30048,15344
>a 45072,15344,30304,15312
>a 45120,15392,30352,15424
>a 45088,15344,30864,15312
>a 45168,15376,31056,15328
>a 45168,15456,31136,15328
>a 45168,15344,31552,15280
>a 45152,15408,31648,15328
>a 45088,15344,31808,15344
>a 45136,15456,32096,15360
>a 45168,15392,32288,15344
>a 45232,15360,32528,15344
>a 45232,15376,32656,15328
>a 45152,15360,32992,15296
>a 45280,15344,33216,15328
>a 45312,15392,33424,15424
>a 45344,15520,33632,15344
>a 45232,15376,33760,15328
>a 45232,15344,34016,15344
>a 45312,15472,34336,15344
>a 45328,15376,34560,15344
>a 45312,15520,34672,15360
>a 45328,15488,34864,15296
>a 45408,15296,35088,15344
>a 45344,15392,35248,15328
>a 45376,15440,35584,15344
>a 45440,15392,35680,15280
>a 45520,15344,35872,15344
>a 45488,15488,36112,15328
>a 45584,15440,36240,15344
>a 45616,15376,36512,15344
>a 45648,15392,36656,15408
>a 45648,15360,36864,15344
>a 45664,15328,37008,15264
>a 45632,15376,37232,15344
>a 45696,15312,37408,15344
>a 45792,15392,37632,15376
>a 45840,15456,37792,15344
>a 45904,15392,38048,15408
>a 45936,15472,38144,15376
>a 45936,15392,38368,15392
>a 46000,15264,38608,15328
>a 46032,15392,38672,15376
>a 46064,15472,38832,15376
>a 46176,15376,39072,15344
>a 46192,15408,39248,15296
>a 46160,15376,39408,15456
>a 46256,15472,39680,15392
>a 46320,15344,39760,15344
>a 46288,15328,39840,15376
>a 46384,15392,40080,15360
>a 46416,15392,40272,15408
>a 46448,15376,40432,15376
>a 46496,15312,40576,15392
>a 46624,15344,40752,15392
>a 46512,15360,40864,15392
>a 46608,15456,41104,15392
>a 46624,15392,41216,15376
>a 46688,15376,41488,15392
>a 46784,15392,41536,15312
>a 46880,15360,41824,15408
>a 46864,15344,41696,15344
>a 46928,15344,42032,15440
>a 46960,15392,42176,15504
>a 47024,15344,42320,15408
>a 47024,15408,42400,15376
>a 47024,15392,42576,15408
>a 47136,15344,42704,15456
>a 47152,15392,42864,15328
>a 47232,15376,43024,15360
>a 47408,15408,43168,15488
>a 47344,15408,43296,15344
>a 47408,15408,43440,15504
>a 47392,15408,43552,15424
>a 47408,15520,43680,15552
>a 47504,15344,43824,15424
>a 47568,15376,43968,15408
>a 47600,15392,44064,15376
>a 47648,15392,44224,15440
>a 47696,15392,44368,15440
>a 47760,15328,44448,15392
>a 47872,15360,44624,15408
>a 47840,15392,44720,15408
>a 47792,15344,44832,15392
>a 47888,15344,45056,15424
>a 48032,15504,44976,15440
>a 47888,15344,45200,15472
>a 48032,15408,45344,15392
>a 48032,15392,45392,15392
>a 48112,15408,45520,15376
>a 48112,15376,45584,15376
>a 48288,15408,45728,15392
>a 48240,15392,45840,15488
>a 48240,15472,45968,15440
>a 48304,15328,46000,15376
>a 48400,15360,46176,15440
>a 48400,15424,46240,15408
>a 48384,15344,46304,15408
>a 48480,15408,46400,15424
>a 48560,15392,46544,15392
>a 48576,15440,46640,15536
>a 48592,15376,46720,15440
>a 48624,15376,46816,15328
>a 48688,15424,46896,15472
>a 48624,15440,47008,15456
>a 48800,15344,47072,15536
>a 48880,15488,47152,15408
>a 48816,15408,47184,15392
>a 48896,15392,47312,15456
>a 48848,15392,47360,15408
>a 48944,15376,47520,15456
>a 48992,15376,47504,15328
>a 49008,15312,47600,15424
>a 49056,15344,47696,15424
>a 49120,15440,47712,15408
>a 49104,15424,47872,15456
>a 49120,15408,47952,15440
>a 49104,15376,47968,15424
>a 49312,15376,48112,15408
>a 49264,15424,48128,15440
>a 49344,15440,48176,15408
>a 49376,15312,48272,15440
>a 49408,15376,48320,15424
>a 49376,15392,48368,15376
>a 49520,15392,48464,15392
>a 49520,15408,48512,15440
>a 49456,15408,48560,15424
>a 49568,15376,48640,15424
>a 49568,15376,48672,15424
>a 49616,15344,48688,15424
>a 49680,15392,48816,15536
>a 49712,15392,48816,15408
>a 49760,15360,48832,15424
>a 49792,15408,48912,15408
>a 49728,15392,49024,15520
>a 49808,15312,49056,15440
>a 49856,15408,49072,15440
>a 49920,15520,49136,15424
>a 49904,15392,49216,15408
>a 49952,15424,49328,15392
>a 50000,15424,49296,15440
>a 50080,15392,49360,15440
>a 50064,15392,49376,15440
>a 50192,15424,49456,15456
>a 50096,15488,49456,15440
>a 50096,15424,49520,15424
>a 50096,15504,49536,15424
>a 50096,15424,49584,15456
>a 50208,15424,49616,15504
>a 50304,15424,49712,15504
>a 50256,15408,49664,15440
>a 50288,15472,49696,15408
>a 50272,15408,49808,15456
>a 50192,15424,49808,15440
>a 50336,15440,49840,15616
>a 50384,15392,49840,15456
>a 50400,15392,49968,15440
>a 50432,15424,49936,15440
>a 50480,15360,50080,15456
>a 50432,15392,50080,15456
>a 50480,15408,50048,15456
>a 50528,15392,50032,15408
>a 50544,15328,50080,15488
>a 50544,15392,50128,15440
>a 50608,15408,50160,15520
>a 50672,15440,50224,15456
>a 50672,15424,50208,15456
>a 50672,15376,50224,15424
>a 50672,15408,50320,15440
>a 50704,15424,50336,15440
>a 50736,15424,50384,15392
>a 50784,15504,50336,15408
>a 50800,15408,50384,15392
>a 50736,15376,50368,15440
>a 50832,15440,50432,15472
>a 50848,15408,50448,15376
>a 50880,15376,50544,15552
>a 50896,15456,50528,15472
>a 50864,15504,50480,15408
>a 50928,15408,50544,15392
>a 51008,15424,50624,15424
>a 50992,15376,50576,15440
>a 51040,15344,50656,15440
>a 51056,15280,50656,15376
>a 51104,15344,50608,15376
>a 51056,15408,50688,15440
>a 51056,15328,50736,15472
>a 51104,15408,50752,15408
>a 51088,15408,50720,15424
>a 51056,15520,50784,15424
>a 51120,15536,50848,15536
>a 51120,15392,50800,15424
>a 51136,15520,50816,15376
>a 51216,15424,50864,15552
>a 51216,15424,50880,15456
>a 51248,15392,50864,15424
>a 51248,15312,50928,15424
>a 51264,15360,50944,15472
>a 51248,15360,50976,15472
>a 51232,15392,50976,15456
>a 51312,15424,50944,15440
>a 51280,15408,50992,15536
>a 51376,15344,51056,15408
>a 51328,15344,51040,15472
>a 51376,15344,51104,15456
>a 51344,15376,51024,15536
>a 51424,15488,51072,15440
>a 51376,15504,51200,15472
>a 51408,15440,51056,15456
>a 51440,15488,51040,15440
>a 51440,15392,51088,15440
>a 51456,15424,51168,15488
>a 51520,15408,51168,15536
>a 51424,15424,51120,15440
>a 51504,15472,51200,15328
>a 51552,15376,51184,15472
>a 51456,15360,51200,15424
>a 51600,15408,51184,15472
>a 51536,15392,51200,15472
>a 51504,15408,51232,15456
>a 51536,15408,51216,15488
>a 51520,15424,51296,15472
>a 51520,15568,51328,15440
>a 51568,15408,51248,15424
>a 51616,15392,51376,15392
>a 51616,15344,51344,15472
>a 51712,15408,51344,15280
>a 51568,15392,51328,15408
>a 51744,15392,51424,15456
>a 51632,15360,51360,15440
>a 51632,15408,51360,15344
>a 51600,15408,51376,15456
>a 51616,15408,51408,15456
>a 51712,15360,51376,15456
>a 51664,15408,51440,15472
>a 51632,15408,51408,15456
>a 51664,15408,51392,15456
>a 51696,15472,51392,15376
>a 51712,15392,51360,15312
>a 51760,15360,51408,15424
>a 51712,15488,51456,15424
>a 51696,15360,51472,15440
>a 51680,15424,51440,15440
>a 51760,15344,51504,15456
>a 51712,15424,51440,15440
>a 51760,15248,51536,15440
>a 51856,15440,51600,15408
>a 51760,15392,51504,15440
>a 51840,15392,51520,15440
>a 51728,15392,51488,15520
>a 51760,15376,51488,15536
>a 51792,15392,51504,15456
>a 51792,15440,51552,15472
>a 51808,15312,51568,15504
>a 51824,15344,51536,15424
>a 51856,15440,51584,15440
>a 51824,15472,51568,15440
>a 51808,15504,51568,15440
>a 51888,15392,51568,15440
>a 51856,15408,51600,15456
>a 51888,15392,51616,15520
>a 51776,15424,51600,15344
>a 51888,15392,51616,15488
>a 51888,15472,51680,15440
>a 51888,15392,51600,15424
>a 51968,15328,51616,15376
>a 51904,15424,51760,15552
>a 51888,15504,51712,15552
>a 51888,15424,51696,15456
>a 51872,15408,51632,15392
>a 51936,15424,51728,15440
>a 51936,15408,51696,15472
>a 51904,15424,51760,15392
>a 51952,15520,51664,15424
>a 51888,15424,51696,15472
>a 51968,15392,51792,15552
>a 52000,15440,51696,15456
>a 51984,15408,51712,15536
>a 52048,15408,51712,15456
>a 51984,15312,51760,15424
>a 51984,15392,51680,15424
>a 51984,15440,51824,15472
>a 51968,15408,51696,15376
>a 52032,15408,51728,15472
>a 52016,15440,51696,15456
>a 52016,15472,51760,15376
>a 52016,15344,51808,15440
>a 52064,15408,51824,15440
>a 52016,15408,51776,15376
>a 52112,15408,51760,15424
>a 52016,15472,51744,15536
>a 52080,15408,51808,15456
>a 52032,15440,51792,15440
>a 52048,15488,51888,15440
>a 52016,15488,51792,15456
>a 52016,15280,51824,15456
>a 52080,15424,51824,15472
>a 52064,15344,51856,15360
>a 52064,15408,51824,15408
>a 52080,15360,51840,15424
>a 52080,15424,51808,15536
>a 52016,15408,51936,15408
>a 52080,15408,51856,15456
>a 52144,15424,51872,15440
>a 52096,15440,51904,15488
>a 52112,15392,51824,15440
>a 52112,15408,51824,15392
>a 52112,15408,51888,15408
>a 52144,15440,51872,15568
>a 52256,15520,51904,15440
>a 52160,15424,51856,15456
>a 52080,15392,51888,15440
>a 52144,15520,51888,15472
>a 52144,15408,51936,15536
>a 52144,15408,51856,15456
>a 52144,15392,51952,15440
>a 52128,15344,51920,15440
>a 52144,15408,51936,15440
>a 52208,15440,51952,15456
>a 52144,15424,51968,15424
>a 52144,15424,51936,15520
>a 52224,15392,51968,15472
>a 52144,15408,51968,15456
>a 52160,15456,51904,15440
>a 52240,15424,51936,15504
>a 52208,15392,51920,15456
>a 52208,15440,51984,15392
>a 52208,15376,51920,15440
>a 52208,15440,51920,15424
>a 52208,15504,52000,15408
>a 52272,15488,52016,15568
>a 52272,15424,52080,15440
>a 52240,15376,51968,15376
>a 52256,15424,52016,15424
>a 52256,15408,52000,15424
>a 52240,15392,52000,15456
>a 52272,15424,52016,15456
>a 52256,15424,51984,15536
>a 52224,15376,52048,15440
>a 52368,15472,51920,15424
>a 52288,15408,52000,15456
>a 52336,15408,52016,15456
>a 52208,15264,52064,15456
>a 52272,15408,52048,15424
>a 52272,15408,52144,15520
>a 52304,15424,52096,15536
>a 52272,15392,52080,15456
>a 52256,15392,52064,15424
>a 52384,15408,52064,15456
>a 52336,15424,52080,15536
>a 52400,15440,51952,15376
>a 52304,15472,52144,15472
>a 52288,15376,52128,15456
>a 52320,15344,52016,15392
>a 52336,15424,52080,15360
>a 52336,15424,52016,15472
>a 52336,15408,52112,15552
>a 52336,15488,52016,15440
>a 52352,15392,52048,15536
>a 52336,15424,51984,15328
>a 52288,15392,52048,15520
>a 52400,15440,52144,15472
>a 52320,15488,52080,15472
>a 52336,15408,52128,15440
>a 52352,15440,52080,15456
>a 52336,15440,52144,15456
>a 52352,15392,52080,15472
>a 52368,15408,52080,15472
>a 52368,15328,52144,15520
>a 52336,15344,52208,15488
>a 52368,15424,52144,15440
>a 52368,15376,52144,15472
>a 52336,15472,52160,15472
>a 52400,15392,52064,15440
>a 52384,15408,52112,15424
>a 52320,15472,52096,15408
>a 52336,15408,52080,15472
>a 52368,15424,52144,15504
>a 52352,15424,52144,15456
>a 52400,15520,52176,15408
>a 52384,15424,52160,15456
>a 52400,15424,52208,15296
>a 52400,15472,52112,15440
>a 52432,15408,52176,15488
>a 52272,15456,52192,15472
>a 52432,15376,52192,15440
>a 52400,15232,52224,15456
>a 52400,15408,52176,15456
>a 52400,15424,52192,15504
>a 52432,15408,52176,15456
>a 52384,15504,52192,15472
>a 52432,15456,52208,15424
>a 52512,15392,52176,15424
>a 52400,15424,52192,15472
>a 52400,15424,52192,15472
>a 52464,15488,52144,15440
>a 52368,15408,52176,15424
>a 52400,15424,52208,15440
>a 52384,15472,52192,15408
>a 52400,15488,52208,15472
>a 52544,15440,52144,15472
>a 52400,15392,52208,15424
>a 52480,15376,52208,15472
>a 52464,15488,52208,15456
>a 52464,15408,52272,15408
>a 52384,15408,52224,15424
>a 52400,15424,52144,15456
>a 52464,15536,52240,15472
>a 52448,15376,52256,15472
>a 52496,15488,52336,15472
>a 52464,15424,52272,15456
>a 52480,15408,52208,15440
>a 52576,15424,52256,15472
>a 52496,15424,52256,15456
>a 52480,15392,52320,15440
>a 52496,15392,52256,15440
>a 52560,15360,52304,15408
>a 52512,15424,52320,15456
>a 52464,15440,52256,15440
>a 52480,15408,52160,15456
>a 52512,15424,52192,15488
>a 52496,15456,52256,15408
>a 52544,15456,52304,15472
>a 52528,15456,52272,15344
>a 52448,15392,52288,15456
>a 52560,15440,52272,15456
>a 52576,15312,52288,15440
>a 52528,15440,52272,15472
>a 52512,15440,52304,15456
>a 52576,15392,52336,15488
>a 52528,15344,52320,15472
>a 52496,15408,52304,15408
>a 52560,15392,52304,15472
>a 52560,15424,52320,15456
>a 52560,15392,52272,15456
>a 52528,15504,52320,15424
>a 52576,15424,52304,15392
>a 52544,15392,52272,15440
>a 52576,15392,52288,15440
>a 52560,15440,52288,15456
>a 52464,15456,52368,15456
>a 52592,15424,52240,15440
>a 52576,15408,52320,15472
>a 52560,15392,52240,15440
>a 52592,15440,52384,15456
>a 52592,15440,52336,15472
>a 52528,15456,52384,15472
>a 52592,15408,52320,15344
>a 52592,15472,52336,15456
>a 52592,15392,52288,15392
>a 52624,15424,52400,15456
>a 52560,15424,52336,15456
>