
>v 1 Jul 10 2014, <0E8682B8>
>a 15904,15312,15184,15248
>a 15936,15232,15152,15280
>a 15952,15184,15216,15200
>a 15888,15216,15296,15248
>a 15904,15216,15280,15232
>a 15952,15312,15280,15248
>a 15920,15328,15184,15216
>a 15856,15248,15216,15248
>a 15936,15248,15184,15248
>p 7,0
>a 15936,15248,15184,15232
>a 15888,15216,15200,15200
>p 7,50
>a 15920,15232,15216,15152
>a 15920,15216,15200,15216
>a 15728,15232,15136,15248
>a 15920,15216,15200,15248
>a 15888,15248,15168,15200
>p 6,0
>a 15920,15216,15200,15184
>a 15904,15200,15216,15200
>p 6,50
>a 15920,15200,15216,15200
>a 15984,15200,15280,15184
>a 15920,15200,15264,15248
>a 15936,15200,15200,15200
>a 16016,15216,15200,15184
>a 15904,15248,15136,15248
>a 16016,15168,15232,15248
>a 15840,15264,15232,15216
>p 5,0
>a 15920,15312,15200,15232
>p 5,50
>a 15904,15152,15200,15232
>a 16016,15200,15248,15168
>a 15856,15248,15152,15296
>a 15952,15312,15264,15264
>a 15888,15232,15184,15232
>a 15984,15248,15152,15216
>a 15904,15248,15216,15248
>p 4,0
>a 15920,15216,15216,15216
>a 15952,15232,15104,15104
>p 4,50
>a 15840,15248,15168,15216
>a 15904,15184,15200,15232
>a 15936,15216,15216,15216
>a 15952,15216,15184,15232
>a 15984,15264,15168,15216
>p 4,0
>a 15920,15184,15200,15280
>a 15920,15216,15168,15216
>a 15888,15216,15216,15232
>p 4,50
>a 15904,15232,15264,15296
>a 15920,15216,15200,15248
>a 16016,15168,15216,15328
>a 15936,15200,15184,15200
>p 4,0
>a 15920,15216,15168,15200
>a 15904,15120,15280,15184
>a 15920,15232,15280,15216
>p 4,50
>a 15936,15312,15184,15184
>a 16016,15152,15184,15232
>a 15888,15200,15216,15280
>a 16048,15216,15200,15248
>p 4,0
>a 15840,15280,15232,15200
>a 15936,15264,15200,15328
>a 15856,15216,15280,15216
>a 15952,15312,15184,15216
>p 4,50
>a 16000,15152,15200,15232
>a 15904,15264,15152,15232
>a 15984,15296,15184,15184
>p 4,0
>a 15952,15248,15216,15216
>a 15920,15168,15152,15200
>a 16016,15328,15232,15216
>a 15872,15184,15184,15232
>a 15904,15184,15216,15232
>p 4,50
>a 15952,15200,15200,15152
>a 15904,15280,15200,15216
>p 4,0
>a 15920,15248,15200,15184
>a 15936,15232,15136,15296
>a 15920,15216,15184,15216
>p 4,50
>a 15856,15232,15200,15232
>a 16016,15216,15248,15216
>p 4,0
>a 15952,15216,15184,15232
>a 16016,15216,15168,15216
>a 15920,15232,15152,15232
>p 4,50
>a 15952,15232,15200,15264
>a 15904,15216,15280,15312
>p 4,0
>a 15904,15200,15280,15216
>a 16048,15232,15168,15248
>a 15936,15248,15216,15216
>p 4,50
>a 15952,15248,15264,15200
>a 15856,15136,15184,15120
>a 15920,15152,15168,15216
>a 15920,15216,15200,15216
>a 15968,15184,15136,15200
>p 5,0
>a 15920,15200,15200,15280
>a 15904,15200,15184,15216
>a 15952,15216,15168,15168
>p 5,50
>a 15920,15216,15200,15184
>a 15920,15216,15184,15216
>a 16032,15328,15312,15264
>a 15888,15216,15152,15184
>p 6,0
>a 15904,15152,15152,15280
>a 15888,15248,15200,15216
>a 15920,15216,15152,15264
>a 15888,15232,15152,15216
>a 15920,15344,15168,15216
>p 6,50
>a 15792,15184,15200,15184
>a 15920,15152,15184,15216
>p 6,0
>a 15920,15184,15200,15264
>a 15904,15200,15280,15248
>p 6,50
>a 15920,15200,15104,15216
>a 15920,15264,15184,15248
>a 15920,15216,15216,15232
>a 16032,15248,15216,15248
>a 15920,15248,15120,15216
>a 15872,15216,15184,15248
>a 15984,15264,15168,15216
>a 15904,15152,15120,15152
>a 15888,15248,15232,15120
>a 16048,15248,15232,15184
>a 15968,15216,15136,15152
>a 15920,15216,15200,15248
>a 16048,15264,15296,15200
>p 4,0
>a 16048,15168,15280,15232
>a 15920,15344,15216,15232
>p 4,50
>a 16032,15264,15136,15184
>a 15920,15200,15072,15120
>a 15888,15248,15232,15248
>a 15952,15280,15232,15232
>a 16000,15168,15200,15232
>a 15936,15200,15216,15232
>a 15920,15328,15216,15152
>a 15920,15232,15216,15216
>p 5,0
>a 15904,15232,15280,15312
>a 15952,15216,15200,15232
>p 5,50
>a 15904,15312,15216,15264
>a 15920,15200,15232,15248
>a 15904,15264,15200,15200
>a 15920,15264,15184,15216
>a 16032,15216,15216,15232
>p 6,0
>a 15952,15184,15280,15216
>p 6,50
>a 15856,15280,15200,15200
>a 15888,15232,15168,15200
>a 16032,15248,15184,15200
>a 16032,15216,15200,15248
>a 15952,15248,15280,15232
>a 15952,15200,15216,15216
>p 4,0
>a 15920,15312,15200,15296
>a 15856,15264,15264,15200
>p 4,50
>a 15856,15168,15200,15296
>a 15920,15216,15216,15216
>a 15968,15216,15184,15280
>a 15920,15184,15152,15168
>a 15904,15248,15200,15264
>