v 1 Jul 10 2014, <A06636A0>
>v 1 Jul 10 2014, <A06636A0>
>a 15424,15184,15184,15216
>a 15440,15200,15200,15216
>a 15408,15264,15216,15248
>a 15424,15104,15216,15264
>a 15392,15216,15184,15184
>a 15488,15200,15344,15216
>a 15440,15216,15216,15248
>a 15472,15200,15280,15232
>a 15408,15184,15216,15232
>a 15440,15216,15184,15248
>a 15424,15184,15200,15184
>a 15408,15232,15056,15216
>a 15440,15200,15232,15232
>a 15424,15296,15168,15232
>a 15440,15184,15184,15248
>a 15408,15168,15216,15248
>a 15424,15200,15296,15344
>a 15440,15184,15200,15152
>a 15472,15216,15216,15248
>a 15440,15200,15184,15216
>p 5,90
>a 15472,15216,15216,15248
>a 15424,15184,15216,15264
>a 15440,15200,15232,15248
>a 15456,15216,15200,15216
>a 15456,15200,15120,15312
>p 5,0
>a 15424,15216,15136,15216
>a 15504,15200,15184,15232
>a 15424,15296,15184,15232
>a 15392,15184,15216,15232
>a 15472,15216,15200,15232
>a 15472,15184,15168,15232
>a 15408,15216,15248,15248
>a 15472,15200,15200,15248
>a 15456,15216,15216,15312
>a 15392,15200,15152,15232
>a 15440,15232,15152,15232
>a 15424,15200,15216,15216
>a 15440,15104,15216,15248
>a 15408,15184,15168,15216
>a 15456,15216,15232,15232
>a 15440,15200,15200,15184
>p 6,90
>a 15344,15216,15200,15184
>a 15408,15184,15184,15216
>a 15456,15216,15216,15264
>a 15440,15184,15200,15248
>p 6,0
>a 15424,15200,15168,15200
>a 15424,15200,15200,15216
>a 15344,15200,15200,15152
>a 15440,15168,15152,15248
>a 15424,15216,15280,15232
>a 15440,15168,15168,15216
>a 15536,15216,15232,15232
>p 7,50
>a 15456,15216,15216,15232
>a 15408,15184,15280,15216
>a 15408,15184,15232,15104
>p 7,0
>a 15440,15152,15200,15248
>a 15408,15216,15216,15296
>a 15456,15136,15168,15264
>a 15344,15200,15216,15216
>a 15456,15152,15184,15248
>a 15568,15280,15200,15264
>a 15504,15136,15216,15312
>a 15472,15200,15184,15216
>a 15536,15184,15184,15264
>p 4,90
>a 15472,15216,15136,15216
>a 15536,15232,15264,15248
>a 15520,15200,15200,15232
>a 15520,15184,15200,15232
>a 15488,15280,15184,15328
>a 15680,15200,15216,15200
>p 4,0
>a 15568,15168,15168,15216
>a 15584,15328,15328,15232
>a 15552,15152,15088,15216
>p 4,90
>a 15584,15216,15184,15216
>a 15584,15200,15216,15248
>a 15616,15232,15200,15232
>a 15696,15184,15216,15312
>a 15600,15168,15216,15232
>a 15584,15184,15232,15248
>a 15600,15216,15216,15248
>a 15504,15200,15216,15232
>p 6,90
>a 15488,15216,15184,15248
>a 15440,15200,15312,15264
>a 15440,15184,15216,15232
>a 15360,15200,15200,15328
>a 15472,15216,15216,15184
>a 15440,15216,15232,15264
>a 15440,15200,15184,15200
>a 15488,15216,15200,15232
>a 15440,15184,15216,15216
>p 7,50
>a 15552,15232,15232,15232
>a 15440,15216,15184,15264
>a 15440,15200,15216,15248
>a 15456,15280,15200,15216
>a 15536,15184,15200,15328
>a 15408,15184,15152,15296
>a 15472,15152,15216,15216
>a 15424,15216,15184,15024
>a 15536,15264,15168,15232
>a 15440,15152,15200,15216
>a 15424,15120,15200,15232
>a 15408,15184,15200,15216
>a 15456,15296,15232,15264
>a 15440,15200,15200,15200
>a 15312,15280,15216,15200
>a 15408,15088,15120,15328
>a 15392,15216,15200,15200
>a 15440,15184,15184,15216
>a 15408,15184,15136,15216
>a 15440,15216,15216,15264
>a 15536,15184,15216,15232
>a 15424,15200,15216,15232
>a 15376,15280,15216,15296
>a 15392,15184,15200,15232
>a 15440,15216,15216,15216
>a 15408,15216,15216,15248
>a 15440,15216,15056,15280
>a 15440,15152,15216,15248
>a 15424,15216,15200,15328
>a 15520,15168,15120,15216
>a 15264,15168,15216,15264
>a 15456,15200,15216,15264
>a 15472,15216,15248,15232
>a 15440,15200,15200,15216
>a 15344,15200,15216,15344
>a 15392,15120,15200,15216
>a 15312,15216,15216,15232
>a 15424,15232,15216,15248
>a 15264,15216,15200,15232
>a 15424,15200,15200,15248
>a 15456,15248,15200,15216
>a 15472,15216,15216,15232
>a 15552,15232,15216,15264
>a 15472,15200,15184,15216
>a 15392,15280,15200,15344
>a 15536,15312,15200,15312
>a 15440,15312,15216,15248
>a 15440,15280,15184,15232
>a 15424,15216,15184,15344
>a 15408,15200,15200,15248
>a 15456,15088,15200,15232
>a 15392,15184,15184,15216
>a 15424,15184,15184,15216
>a 15440,15152,15216,15232
>a 15312,15200,15216,15232
>a 15504,15040,15216,15296
>a 15568,15376,15216,15328
>a 15520,15184,15216,15248
>a 15408,15264,15200,15312
>a 15456,15312,15200,15232
>a 15408,15200,15184,15152
>a 15504,15184,15248,15216
>a 15392,15200,15344,15200
>a 15424,15200,15200,15200
>a 15424,15200,15216,15200
>a 15424,15200,15248,15232
>a 15312,15280,15200,15232
>a 15424,15280,15184,15232
>a 15536,15216,15200,15184
>a 15440,15184,15184,15344
>a 15456,15200,15168,15200
>a 15280,15184,15168,15216
>a 15456,15184,15168,15184
>a 15344,15200,15216,15216
>a 15440,15200,15232,15248
>a 15248,15216,15152,15248
>a 15440,15216,15184,15232
>a 15408,15184,15216,15216
>a 15424,15184,15200,15232
>a 15440,15216,15168,15216
>a 15424,15200,15200,15216
>a 15424,15232,15216,15264
>a 15504,15200,15216,15248
>a 15504,15200,15216,15248
>a 15344,15200,15104,15248
>a 15440,15248,15200,15216
>a 15456,15184,15184,15216
>a 15408,15200,15200,15216
>a 15408,15264,15184,15232
>a 15408,15152,15200,15232
>a 15440,15232,15296,15248
>a 15456,15216,15232,15216
>a 15456,15184,15280,15216
>a 15232,15120,15248,15248
>a 15376,15200,15376,15312
>a 15408,15184,15216,15248
>a 15472,15200,15200,15184
>a 15424,15184,15216,15264
>a 15568,15216,15200,15264
>a 15472,15232,15232,15232
>a 15344,15216,15152,15200
>a 15520,15168,15216,15280
>a 15520,15216,15216,15312
>a 15424,15200,15232,15232
>a 15424,15136,15264,15216
>a 15408,15184,15152,15296
>a 15440,15152,15152,15216
>a 15312,15264,15088,15248
>a 15408,15216,15200,15248
>a 15376,15200,15200,15232
>a 15440,15168,15056,15216
>a 15392,15200,15184,15200
>a 15424,15312,15296,15232
>a 15408,15168,15184,15248
>a 15408,15184,15200,15232
>a 15408,15152,15280,15216
>a 15424,15184,15200,15248
>p 6,0
>a 15456,15216,15152,15232
>a 15440,15168,15296,15184
>a 15424,15056,15232,15312
>a 15344,15200,15200,15232
>a 15344,15200,15168,15216
>a 15408,15200,15200,15296
>a 15408,15200,15184,15232
>a 15408,15184,15184,15248
>p 7,0
>a 15328,15312,15200,15312
>a 15424,15184,15152,15232
>a 15392,15200,15296,15216
>a 15456,15184,15216,15248
>a 15472,15200,15216,15264
>a 15568,15280,15232,15232
>a 15456,15200,15216,15184
>a 15408,15168,15184,15232
>a 15488,15264,15216,15232
>a 15536,15200,15184,15216
>a 15472,15104,15216,15216
>a 15472,15200,15184,15232
>a 15440,15200,15168,15232
>a 15504,15216,15232,15344
>a 15600,15168,15184,15232
>p 4,0
>a 15504,15216,15200,15216
>a 15520,15280,15216,15168
>a 15536,15216,15216,15216
>a 15504,15216,15152,15248
>a 15568,15120,15120,15200
>a 15520,15216,15216,15216
>a 15536,15216,15216,15280
>a 15472,15200,15184,15200
>a 15552,15200,15264,15216
>a 15552,15216,15216,15328
>a 15552,15200,15200,15216
>a 15568,15296,15184,15200
>a 15552,15280,15232,15248
>a 15552,15200,15136,15232
>a 15648,15200,15280,15232
>a 15568,15200,15216,15216
>a 15536,15200,15216,15248
>p 5,90
>a 15568,15152,15184,15216
>a 15568,15184,15280,15232
>a 15424,15136,15184,15232
>a 15584,15200,15200,15248
>a 15584,15216,15216,15232
>a 15456,15184,15168,15264
>a 15536,15200,15184,15248
>a 15632,15216,15200,15168
>a 15600,15280,15216,15280
>a 15600,15120,15184,15120
>a 15632,15136,15184,15248
>a 15552,15296,15216,15344
>a 15648,15200,15184,15216
>a 15632,15136,15136,15216
>a 15616,15184,15184,15200
>a 15648,15216,15232,15248
>a 15664,15216,15296,15248
>a 15712,15136,15200,15232
>a 15616,15280,15216,15248
>a 15632,15184,15216,15216
>a 15664,15248,15168,15216
>a 15776,15280,15216,15280
>a 15648,15232,15216,15248
>a 15712,15312,15200,15216
>a 15680,15200,15184,15216
>a 15664,15200,15200,15216
>a 15664,15184,15184,15216
>a 15632,15280,15216,15168
>a 15664,15280,15296,15312
>a 15696,15152,15344,15312
>a 15696,15200,15136,15200
>a 15664,15200,15200,15232
>a 15696,15232,15200,15216
>p 6,90
>a 15456,15216,15248,15248
>a 15312,15200,15280,15216
>a 15440,15264,15216,15248
>a 15408,15168,15200,15312
>a 15456,15216,15184,15344
>a 15536,15184,15184,15344
>a 15424,15184,15216,15232
>a 15440,15264,15184,15200
>a 15440,15184,15264,15200
>a 15440,15216,15264,15216
>a 15408,15248,15184,15248
>a 15424,15200,15216,15248
>a 15440,15184,15216,15216
>a 15456,15216,15216,15328
>a 15456,15200,15232,15232
>a 15376,15200,15184,15232
>a 15440,15184,15184,15216
>a 15456,15184,15216,15248
>a 15392,15200,15312,15232
>a 15440,15056,15200,15216
>a 15456,15200,15280,15264
>a 15344,15184,15280,15312
>a 15424,15168,15296,15248
>a 15472,15200,15264,15264
>a 15440,15152,15168,15232
>a 15472,15216,15216,15216
>a 15424,15136,15200,15232
>a 15424,15184,15216,15248
>a 15456,15248,15216,15232
>a 15504,15168,15184,15200
>a 15504,15200,15248,15248
>a 15456,15216,15184,15312
>a 15440,15216,15184,15232
>a 15408,15200,15200,15216
>a 15440,15200,15216,15168
>a 15424,15184,15280,15232
>a 15472,15184,15216,15232
>a 15488,15216,15184,15232
>a 15472,15216,15120,15232
>a 15440,15216,15232,15248
>a 15440,15184,15184,15344
>a 15232,15168,15152,15232
>a 15456,15200,15296,15248
>a 15472,15152,15184,15200
>a 15408,15184,15216,15248
>a 15408,15200,15232,15216
>a 15472,15216,15216,15248
>a 15440,15296,15200,15248
>a 15424,15280,15152,15200
>a 15440,15184,15200,15216
>a 15584,15152,15280,15104
>a 15344,15120,15184,15216
>a 15440,15264,15216,15248
>a 15472,15216,15216,15248
>a 15376,15216,15152,15280
>a 15440,15264,15200,15232
>a 15456,15216,15216,15232
>a 15408,15168,15184,15264
>a 15456,15216,15216,15232
>a 15424,15184,15200,15216
>a 15456,15184,15104,15248
>a 15440,15184,15088,15232
>a 15440,15216,15088,15200
>a 15440,15216,15232,15248
>a 15472,15216,15216,15296
>a 15456,15136,15216,15264
>p 6,0
>a 15424,15184,15216,15248
>a 15264,15200,15168,15200
>a 15424,15216,15184,15152
>a 15472,15184,15312,15248
>a 15440,15216,15184,15232
>a 15488,15232,15216,15264
>a 15456,15152,15296,15216
>a 15440,15232,15152,15216
>a 15440,15184,15184,15200
>a 15488,15200,15216,15232
>a 15472,15088,15232,15216
>a 15408,15136,15200,15248
>a 15472,15216,15216,15248
>a 15440,15200,15216,15312
>a 15584,15088,15296,15232
>a 15440,15216,15120,15216
>a 15600,15184,15200,15200
>a 15456,15152,15216,15328
>a 15536,15216,15216,15216
>a 15472,15200,15232,15248
>a 15504,15216,15152,15312
>a 15472,15152,15200,15280
>a 15520,15216,15312,15152
>a 15472,15136,15120,15216
>a 15344,15200,15264,15248
>a 15536,15216,15296,15216
>a 15488,15088,15216,15216
>a 15488,15264,15296,15152
>a 15472,15184,15200,15232
>a 15488,15184,15248,15232
>a 15536,15216,15232,15312
>a 15504,15216,15216,15216
>a 15520,15200,15248,15248
>a 15424,15216,15200,15216
>a 15504,15136,15216,15216
>a 15536,15216,15248,15248
>a 15488,15168,15264,15232
>a 15392,15216,15216,15328
>a 15536,15184,15200,15232
>a 15520,15200,15216,15248
>a 15488,15200,15184,15248
>a 15520,15280,15152,15216
>a 15472,15200,15184,15232
>a 15536,15168,15120,15168
>a 15536,15312,15216,15200
>a 15632,15200,15232,15344
>a 15600,15216,15248,15248
>a 15600,15216,15344,15248
>a 15648,15216,15216,15216
>a 15664,15152,15184,15216
>a 15760,15200,15216,15232
>a 15856,15216,15216,15136
>a 15984,15216,15216,15264
>a 16224,15184,15184,15232
>a 16528,15184,15216,15312
>a 17024,15312,15184,15216
>a 17584,15200,15216,15328
>a 18112,15216,15232,15248
>a 18720,15216,15152,15216
>a 19360,15232,15200,15232
>a 19824,15264,15200,15216
>a 20560,15328,15200,15264
>a 21248,15216,15248,15200
>a 21872,15312,15232,15248
>a 22448,15248,15232,15248
>a 23072,15264,15184,15312
>a 23680,15216,15216,15216
>a 24272,15280,15232,15248
>a 24944,15280,15280,15248
>a 25520,15200,15232,15216
>a 26112,15248,15184,15200
>a 26720,15280,15216,15232
>a 27296,15296,15200,15248
>a 27888,15280,15216,15200
>a 28448,15312,15232,15152
>a 29040,15216,15200,15248
>a 29712,15216,15232,15216
>a 30256,15344,15216,15216
>a 30768,15312,15200,15216
>a 31360,15264,15216,15232
>a 31952,15312,15088,15216
>a 32544,15344,15232,15248
>a 33056,15312,15184,15184
>a 33568,15392,15168,15232
>a 34192,15376,15184,15296
>a 34656,15344,15200,15232
>a 35216,15344,15248,15296
>a 35568,15312,15216,15216
>a 36224,15344,15264,15216
>a 36736,15344,15184,15232
>a 37264,15376,15184,15216
>a 37680,15344,15200,15216
>a 38208,15328,15200,15216
>a 38768,15392,15248,15312
>a 39232,15344,15264,15184
>a 39664,15440,15216,15200
>a 40176,15488,15216,15200
>a 40560,15392,15216,15232
>a 41040,15376,15216,15216
>a 41488,15392,15184,15264
>a 41904,15408,15152,15280
>a 42336,15360,15248,15216
>a 42768,15376,15088,15232
>a 43152,15280,15200,15248
>a 43520,15520,15216,15216
>a 43952,15408,15216,15248
>a 44336,15472,15312,15152
>a 44752,15392,15232,15216
>a 45008,15424,15232,15232
>a 45328,15408,15120,15248
>a 45680,15408,15216,15200
>a 45936,15264,15216,15248
>a 46240,15408,15216,15216
>a 46512,15200,15280,15216
>a 46864,15408,15232,15328
>a 47056,15440,15216,15248
>a 47312,15424,15200,15264
>a 47504,15440,15216,15248
>a 47760,15424,15216,15232
>a 48016,15440,15216,15264
>a 48208,15408,15200,15216
>a 48320,15440,15312,15216
>a 48496,15408,15200,15200
>a 48688,15408,15184,15232
>a 48880,15472,15168,15152
>a 48960,15536,15136,15264
>a 49072,15392,15216,15232
>a 49360,15552,15152,15216
>a 49424,15312,15200,15248
>a 49568,15440,15200,15216
>a 49680,15424,15200,15264
>a 49808,15376,15280,15264
>a 50000,15456,15024,15232
>a 50032,15440,15232,15216
>a 50144,15440,15216,15232
>a 50256,15440,15232,15248
>a 50336,15408,15216,15392
>a 50480,15440,15216,15344
>a 50512,15472,15184,15264
>a 50544,15440,15232,15136
>a 50608,15440,15216,15152
>a 50720,15440,15216,15232
>a 50800,15472,15248,15248
>a 50784,15408,15184,15232
>a 50976,15536,15232,15168
>a 50944,15520,15200,15296
>a 50992,15360,15328,15264
>a 51056,15424,15216,15232
>a 51136,15424,15216,15248
>a 51216,15440,15312,15248
>a 51280,15424,15200,15232
>a 51248,15520,15216,15184
>a 51312,15392,15264,15232
>a 51344,15424,15216,15216
>a 51424,15472,15216,15264
>a 51424,15520,15216,15264
>a 51472,15344,15232,15232
>a 51440,15408,15232,15248
>a 51536,15408,15296,15232
>a 51616,15440,15296,15168
>a 51584,15424,15200,15248
>a 51600,15392,15232,15216
>a 51696,15456,15296,15216
>a 51664,15424,15216,15232
>a 51696,15456,15184,15248
>a 51696,15520,15136,15248
>a 51744,15440,15152,15216
>a 51744,15520,15184,15248
>a 51792,15456,15200,15232
>a 51824,15488,15136,15248
>a 51824,15552,15232,15424
>a 51808,15472,15216,15264
>a 51808,15408,15088,15200
>a 51856,15536,15168,15264
>a 51808,15472,15216,15216
>a 51824,15440,15248,15248
>a 51776,15408,15184,15200
>a 51776,15440,15312,15248
>a 51856,15312,15200,15232
>a 51824,15504,15040,15216
>a 51696,15456,15184,15232
>a 51888,15392,15280,15248
>a 51760,15344,15200,15248
>a 51856,15376,15216,15232
>a 51840,15408,15216,15232
>a 51824,15440,15248,15312
>a 51792,15440,15232,15232
>a 51824,15408,15312,15248
>a 51856,15472,15200,15248
>a 51824,15456,15200,15232
>a 51760,15424,15312,15184
>a 51808,15424,15216,15264
>a 51872,15440,15200,15232
>a 51808,15440,15088,15216
>a 51808,15472,15216,15200
>a 51792,15408,15248,15216
>a 51824,15296,15216,15232
>a 51808,15456,15088,15264
>a 51824,15440,15200,15200
>a 51776,15440,15312,15248
>a 51760,15456,15072,15200
>a 51824,15456,15280,15248
>a 51792,15280,15168,15104
>a 51712,15424,15216,15248
>a 51792,15472,15216,15248
>a 51824,15440,15264,15168
>a 51872,15440,15216,15248
>a 51808,15568,15232,15312
>a 51792,15456,15088,15248
>a 51872,15408,15216,15216
>a 51824,15440,15216,15232
>a 51792,15408,15312,15216
>a 51792,15664,15344,15248
>a 51792,15440,15232,15264
>a 51808,15472,15216,15264
>a 51824,15344,15184,15280
>a 51824,15504,15216,15184
>a 51824,15456,15264,15232
>a 51760,15408,15168,15200
>a 51824,15424,15184,15248
>a 51728,15424,15136,15312
>a 51760,15456,15216,15248
>a 51792,15440,15200,15216
>a 51792,15456,15248,15328
>a 51760,15376,15216,15280
>a 51760,15456,15232,15232
>a 51744,15408,15264,15328
>a 51760,15456,15200,15248
>a 51760,15408,15216,15232
>a 51808,15440,15200,15216
>a 51808,15456,15312,15264
>a 51760,15456,15232,15232
>a 51856,15440,15216,15216
>a 51808,15440,15216,15248
>a 51760,15440,15344,15216
>a 51808,15536,15216,15296
>a 51792,15440,15200,15248
>a 51760,15424,15184,15216
>a 51808,15456,15200,15264
>a 51760,15376,15168,15232
>a 51792,15408,15232,15200
>a 51760,15392,15216,15248
>a 51760,15536,15216,15328
>a 51728,15440,15232,15248
>a 51744,15536,15232,15264
>a 51760,15440,15200,15232
>a 51760,15440,15216,15264
>a 51760,15408,15088,15216
>a 51760,15312,15248,15248
>a 51760,15408,15248,15232
>a 51680,15472,15216,15232
>a 51760,15440,15248,15216
>a 51776,15440,15104,15296
>a 51776,15440,15312,15248
>a 51760,15376,15168,15248
>a 51760,15376,15216,15312
>a 51808,15408,15216,15328
>a 51776,15472,15232,15216
>a 51712,15456,15216,15216
>a 51824,15440,15200,15216
>a 51776,15408,15264,15232
>a 51712,15440,15232,15408
>a 51760,15456,15248,15248
>a 51712,15424,15248,15344
>a 51728,15440,15216,15248
>a 51760,15424,15248,15264
>a 51760,15472,15216,15216
>a 51856,15392,15184,15232
>a 51744,15440,15296,15200
>a 51760,15376,15200,15232
>a 51824,15424,15248,15264
>a 51728,15440,15232,15248
>a 51824,15312,15216,15184
>a 51744,15456,15312,15200
>a 51760,15536,15232,15344
>a 51840,15536,15216,15232
>a 51664,15424,15184,15232
>a 51728,15312,15312,15280
>a 51792,15536,15216,15248
>a 51760,15440,15200,15232
>a 51760,15440,15216,15232
>a 51696,15408,15264,15232
>a 51792,15392,15232,15200
>a 51728,15424,15296,15248
>a 51760,15456,15216,15328
>a 51728,15456,15328,15248
>a 51744,15440,15216,15232
>a 51760,15440,15184,15216
>a 51760,15376,15216,15216
>a 51856,15440,15200,15248
>a 51728,15376,15216,15232
>a 51856,15440,15104,15216
>a 51760,15440,15232,15216
>a 51760,15440,15312,15248
>a 51760,15424,15232,15216
>a 51744,15520,15216,15216
>a 51744,15456,15200,15232
>a 51824,15440,15232,15216
>a 51856,15456,15216,15216
>a 51728,15424,15200,15104
>a 51776,15408,15328,15184
>a 51728,15440,15216,15232
>a 51728,15440,15200,15216
>a 51760,15424,15120,15248
>a 51728,15392,15216,15232
>a 51824,15440,15200,15216
>a 51776,15440,15280,15328
>a 51744,15456,15232,15248
>a 51728,15408,15248,15312
>a 51744,15424,15216,15216
>a 51744,15440,15200,15232
>a 51728,15424,15120,15232
>a 51776,15440,15264,15232
>a 51760,15440,15248,15152
>a 51616,15424,15216,15248
>a 51696,15424,15152,15232
>a 51728,15424,15168,15152
>a 51728,15440,15216,15328
>a 51824,15424,15232,15248
>a 51696,15440,15200,15264
>a 51712,15648,15248,15216
>a 51792,15424,15216,15328
>a 51696,15376,15216,15248
>p 6,90
>a 46640,15408,18464,15296
>a 36368,15344,17808,15280
>a 45328,15408,18944,15248
>a 45616,15408,19344,15264
>a 45120,15376,19488,15280
>a 44624,15472,19760,15360
>p 6,0
>a 47552,15408,17088,15264
>a 50352,15376,17056,15344
>a 50832,15504,17024,15248
>a 51120,15456,16992,15264
>a 51296,15440,16992,15184
>a 51376,15408,17040,15216
>a 51360,15344,16976,15264
>a 51472,15424,16976,15232
>a 51552,15456,16912,15216
>a 51600,15408,16896,15248
>a 51616,15424,16912,15200
>a 51616,15568,16912,15296
>a 51632,15440,16928,15216
>a 51632,15392,16880,15264
>a 51696,15472,16928,15264
>a 51744,15376,16992,15344
>p 6,90
>a 42896,15392,19744,15264
>a 43584,15408,19824,15344
>a 44832,15392,20432,15248
>a 44336,15344,20672,15248
>a 43936,15408,20896,15264
>a 43568,15392,21040,15216
>a 43264,15408,21296,15264
>a 43008,15392,21488,15280
>a 42752,15488,21776,15216
>a 42448,15344,21904,15296
>a 42272,15392,22096,15280
>a 42112,15376,22272,15248
>a 41984,15392,22496,15344
>a 41888,15376,22784,15280
>a 41728,15376,22944,15280
>a 41728,15360,23184,15312
>a 41616,15392,23376,15280
>a 41584,15376,23600,15296
>a 41552,15344,23824,15280
>a 41504,15392,24080,15376
>a 41456,15344,24320,15280
>a 41472,15344,24448,15392
>a 41472,15392,24720,15296
>a 41360,15376,25008,15312
>a 41488,15408,25168,15328
>a 41440,15472,25296,15296
>a 41424,15344,25552,15296
>a 41424,15408,25712,15296
>a 41456,15392,26000,15296
>a 41504,15344,26224,15312
>a 41632,15456,26464,15424
>a 41616,15392,26624,15280
>a 41600,15472,26864,15200
>a 41488,15392,27056,15328
>a 41680,15216,27264,15312
>a 41728,15392,27504,15312
>a 41776,15312,27696,15312
>a 41776,15344,27952,15328
>a 41840,15376,28128,15424
>a 41888,15360,28336,15328
>a 41712,15376,28528,15344
>a 41648,15440,28752,15344
>a 41648,15392,28976,15360
>a 41488,15344,29104,15296
>a 41632,15344,29376,15328
>a 41728,15392,29568,15344
>a 41856,15312,29744,15344
>a 41856,15312,29968,15280
>a 41712,15280,30192,15312
>a 41648,15344,30320,15392
>a 41648,15392,30544,15344
>a 41616,15376,30688,15344
>a 41776,15376,30976,15280
>a 41824,15344,31136,15440
>a 41776,15392,31408,15248
>a 41744,15376,31504,15392
>a 41648,15360,31648,15376
>a 41776,15344,31824,15344
>a 41808,15344,32064,15344
>a 41856,15376,32224,15344
>a 41920,15232,32432,15440
>a 41808,15376,32640,15344
>a 41776,15392,32816,15344
>a 41872,15456,33024,15328
>a 41984,15440,33168,15344
>a 41952,15536,33376,15472
>a 42064,15392,33488,15392
>a 41840,15392,33728,15424
>a 41952,15392,33872,15360
>a 42048,15376,34064,15376
>a 42064,15376,34240,15456
>a 42160,15328,34432,15376
>a 42192,15376,34528,15376
>a 42160,15376,34736,15488
>a 42192,15344,34896,15328
>a 42224,15232,35088,15360
>a 42224,15392,35232,15344
>a 42384,15344,35408,15408
>a 42336,15408,35536,15376
>a 42352,15408,35760,15376
>a 42384,15408,35904,15392
>p 6,0
>a 42400,15376,36064,15392
>a 46256,15424,35344,15472
>a 47120,15408,35376,15408
>a 47440,15472,35392,15376
>a 47712,15232,35248,15344
>a 47952,15424,35248,15360
>a 48112,15328,35248,15376
>a 48272,15408,35232,15344
>a 48240,15456,35216,15440
>a 48464,15440,35168,15392
>a 48592,15424,35168,15376
>a 48736,15424,35152,15376
>a 48800,15424,35120,15376
>a 48864,15424,35120,15376
>a 48976,15440,35184,15376
>a 49088,15440,35088,15344
>a 49248,15392,35040,15440
>a 49360,15520,35088,15472
>a 49488,15424,35040,15376
>a 49504,15376,35072,15392
>a 49696,15424,35088,15280
>a 49760,15472,35056,15392
>a 49808,15536,35056,15344
>a 49936,15392,35024,15392
>a 50128,15440,34992,15392
>a 50176,15344,34976,15392
>a 50208,15408,35024,15408
>a 50288,15472,35008,15392
>a 50352,15424,34848,15344
>a 50448,15440,34912,15392
>a 50592,15456,35024,15392
>a 50608,15472,34992,15344
>a 50640,15440,35008,15344
>a 50736,15440,34960,15312
>a 50816,15536,35072,15376
>a 50864,15472,35024,15392
>a 50944,15392,34928,15344
>a 50960,15424,34928,15344
>a 51024,15424,34960,15360
>a 51088,15392,34928,15344
>a 51120,15424,34912,15344
>a 51216,15424,35008,15344
>a 51248,15392,35024,15392
>a 51280,15424,34864,15360
>a 51376,15456,34880,15376
>a 51312,15424,34864,15344
>a 51456,15472,34880,15344
>a 51520,15440,34992,15360
>a 51536,15456,34928,15360
>a 51568,15536,34928,15376
>a 51600,15456,34928,15392
>a 51696,15392,34944,15344
>a 51696,15440,34928,15392
>