
>v 1 Jul 11 2014, <C1459854>
>a 65520,15728,24608,15472
>a 65520,15744,24640,15472
>a 65520,15728,24624,15440
>a 65520,15760,24640,15568
>a 65520,15680,24608,15456
>a 65520,15760,24608,15536
>a 65520,15744,24560,15456
>a 65520,15760,24736,15552
>a 65520,15824,24608,15440
>a 65520,15632,24624,15440
>a 65520,15728,24672,15424
>a 65520,15760,24560,15456
>a 65520,15760,24608,15424
>a 65520,15712,24592,15456
>a 65520,15712,24720,15456
>a 65520,15728,24560,15376
>a 65520,15760,24592,15488
>a 65520,15600,24592,15376
>a 65520,15728,24624,15456
>a 65520,15760,24544,15472
>a 65520,15712,24496,15488
>a 65520,15776,24720,15440
>a 65520,15760,24560,15472
>a 65520,15760,24624,15472
>a 65520,15760,24528,15456
>a 65520,15728,24640,15472
>a 65520,15744,24624,15472
>a 65520,15680,24624,15456
>a 65520,15680,24624,15472
>a 65520,15728,24672,15456
>a 65520,15728,24624,15472
>a 65520,15776,24624,15472
>a 65520,15728,24688,15568
>a 65520,15728,24672,15472
>a 65520,15728,24624,15440
>a 65520,15664,24592,15552
>p 6,90
>a 65520,15760,29616,15456
>p 6,0
>a 65520,15760,25296,15472
>p 6,90
>a 65520,15744,30080,15520
>p 6,0
>a 65520,15728,25840,15488
>p 6,90
>a 65520,15904,30672,15520
>p 6,0
>a 65520,15696,26432,15488
>p 6,90
>a 65520,15728,31168,15488
>p 6,0
>a 65520,15728,26976,15456
>p 6,90
>a 65520,15776,31664,15504
>p 6,0
>a 65520,15760,27552,15488
>p 6,90
>a 65520,15744,32192,15504
>p 6,0
>a 65520,15744,28144,15520
>a 65520,15712,28016,15488
>a 65520,15696,27952,15408
>a 65520,15776,27968,15504
>a 65520,15776,27920,15472
>a 65520,15632,27936,15440
>a 65520,15760,27872,15584
>a 65520,15760,27888,15488
>a 65520,15744,27840,15440
>a 65520,15760,27888,15440
>a 65520,15744,27856,15424
>a 65520,15728,27824,15568
>a 65520,15712,27840,15488
>a 65520,15664,27792,15504
>a 65520,15824,27824,15584
>a 65520,15760,27904,15408
>a 65520,15760,27808,15536
>a 65520,15776,27904,15472
>a 65520,15776,27792,15568
>a 65520,15824,27872,15472
>a 65520,15728,27808,15504
>a 65520,15712,27744,15424
>a 65520,15760,27792,15456
>a 65520,15712,27760,15488
>a 65520,15728,27744,15360
>a 65520,15696,27776,15456
>a 65520,15744,27776,15504
>a 65520,15728,27712,15504
>a 65520,15728,27840,15424
>a 65520,15584,27856,15488
>a 65520,15792,27760,15520
>a 65520,15856,27824,15584
>a 65520,15760,27824,15552
>a 65520,15696,27648,15440
>a 65520,15760,27744,15472
>a 65520,15776,27744,15488
>a 65520,15744,27744,15472
>a 65520,15760,27744,15504
>a 65520,15728,27696,15504
>a 65520,15856,27760,15520
>a 65520,15760,27728,15520
>a 65520,15808,27696,15472
>a 65520,15712,27600,15472
>a 65520,15744,27696,15472
>a 65520,15664,27744,15504
>a 65520,15728,27808,15472
>a 65520,15760,27728,15568
>p 6,90
>a 65520,15792,32384,15536
>a 65520,15728,32880,15504
>a 65520,15728,33504,15536
>a 65520,15632,33968,15472
>a 65520,15776,34560,15552
>a 65520,15680,35072,15504
>a 65520,15728,35552,15536
>p 6,0
>a 65520,15776,31952,15520
>p 6,90
>a 65520,15808,36000,15568
>p 6,0
>a 65520,15728,32368,15504
>p 6,90
>a 65520,15728,36400,15616
>p 6,0
>a 65520,15584,32976,15472
>a 65520,15728,32848,15504
>p 6,90
>a 65520,15920,36864,15552
>p 6,0
>a 65520,15728,33408,15536
>p 6,90
>a 65520,15744,37264,15520
>p 6,0
>a 65520,15744,33968,15536
>p 6,90
>a 65520,15712,37856,15584
>a 65520,15728,38320,15568
>p 6,0
>a 65520,15712,35120,15552
>p 6,90
>a 65520,15808,38816,15568
>p 6,0
>a 65520,15728,35552,15536
>a 65520,15744,35536,15472
>a 65520,15856,35504,15616
>a 65520,15728,35472,15536
>p 6,90
>a 65520,15712,39072,15552
>p 6,0
>a 65520,15680,36032,15440
>a 65520,15776,35984,15536
>a 65520,15744,35904,15632
>a 65520,15856,35888,15568
>a 65520,15712,35824,15520
>a 65520,15760,35808,15552
>a 65520,15760,35792,15536
>a 65520,15712,35664,15616
>a 65520,15712,35728,15536
>a 65520,15744,35792,15568
>a 65520,15760,35872,15536
>a 65520,15728,35856,15536
>a 65520,15744,35856,15504
>a 65520,15712,35760,15520
>a 65520,15776,35696,15552
>a 65520,15712,35696,15520
>a 65520,15728,35616,15520
>a 65520,15856,35808,15552
>a 65520,15712,35728,15552
>a 65520,15760,35696,15552
>a 65520,15856,35776,15392
>a 65520,15728,35680,15600
>a 65520,15728,35760,15472
>a 65520,15728,35664,15520
>a 65520,15568,35664,15536
>a 65520,15760,35664,15552
>a 65520,15760,35680,15536
>a 65520,15808,35632,15536
>a 65520,15760,35600,15536
>a 65520,15776,35632,15536
>a 65520,15728,35632,15552
>a 65520,15744,35616,15408
>a 65520,15744,35520,15552
>a 65520,15712,35616,15616
>a 65520,15728,35600,15520
>a 65520,15760,35648,15584
>a 65520,15776,35728,15536
>a 65520,15808,35648,15520
>a 65520,15776,35664,15632
>a 65520,15760,35664,15504
>a 65520,15824,35600,15536
>a 65520,15760,35616,15552
>a 65520,15776,35600,15520
>a 65520,15728,35600,15536
>a 65520,15744,35568,15536
>a 65520,15760,35632,15632
>a 65520,15728,35568,15648
>a 65520,15744,35616,15616
>a 65520,15632,35632,15632
>a 65520,15760,35600,15536
>a 65520,15824,35584,15504
>a 65520,15824,35600,15584
>a 65520,15728,35616,15536
>a 65520,15760,35616,15536
>a 65520,15664,35552,15568
>a 65520,15728,35584,15504
>a 65520,15744,35584,15504
>a 65520,15776,35584,15568
>a 65520,15760,35664,15536
>a 65520,15712,35632,15504
>a 65520,15696,35552,15536
>a 65520,15680,35552,15536
>a 65520,15744,35568,15472
>a 65520,15696,35584,15536
>a 65520,15728,35648,15536
>a 65520,15760,35568,15520
>