
>
>
>
>
>
>
>s1
>p 175,400
>t
0,0,12
100,0,12
100,0,192
110,0,192
110,0,272
120,0,272
120,0,303
130,0,303
130,0,312
140,0,312
140,0,309
150,0,309
150,0,300
160,0,300
160,0,291
170,0,291
170,0,282
180,0,282
180,0,273
190,0,273
190,0,266
200,0,266
200,0,259
210,0,259
210,0,253
220,0,253
220,0,248
230,0,248
230,0,244
240,0,244
240,0,241
250,0,241
250,0,238
260,0,238
260,0,235
270,0,235
270,0,233
280,0,233
280,0,232
290,0,232
290,0,230
300,0,230
300,0,229
310,0,229
310,0,228
320,0,228
320,0,227
330,0,227
330,0,227
340,0,227
340,0,226
350,0,226
350,0,172
450,0,172
450,0,12
480,0,12
480,0,12
1350,0,12
1350,10,10
1360,10,10
1365,10,10
>
>q>q(shape) w,U,td,to,tref ...
250,250,36,70,105
250,342,36,100,175
250,230,36,50,50
>? ... SWR reset
>-l d0,d1,d2,d3,,d4,d5,d6,d7
>
>-l
>
>
>
>u 700,500,780... WTF(4)
>
>s 180,180,40
>
>
>
>-u h
>
>+m 9,10,11
>
>
>
>q 250,250,36,70,105
>
>q 250,250,36,100,175
>
>q 250,230,36,50,50
>
>
>
>-P
>Packing sectors... 0% Done
>
>s1
>p 175,400
>t
0,0,12
100,0,12
100,0,143
110,0,143
110,0,201
120,0,201
120,0,223
130,0,223
130,0,230
140,0,230
140,0,228
150,0,228
150,0,223
160,0,223
160,0,216
170,0,216
170,0,209
180,0,209
180,0,202
190,0,202
190,0,197
200,0,197
200,0,192
210,0,192
210,0,188
220,0,188
220,0,185
230,0,185
230,0,181
240,0,181
240,0,179
250,0,179
250,0,177
260,0,177
260,0,176
270,0,176
270,0,174
280,0,174
280,0,172
290,0,172
290,0,171
300,0,171
300,0,172
310,0,172
310,0,170
320,0,170
320,0,170
330,0,170
330,0,169
340,0,169
340,0,169
350,0,169
350,0,308
450,0,308
450,0,12
490,0,12
490,0,12
1340,0,12
1340,10,10
1350,10,10
1355,10,10
>
>