
>
>
>
>
>
>
>
>v 1 Jul 11 2014, <C1459854>
>a 17456,15200,15200,15216
>a 17456,15168,15184,15280
>a 17376,15152,15040,15216
>a 17440,15312,15168,15216
>a 17424,15152,15184,15216
>a 17456,15216,15200,15296
>a 17520,15184,15168,15184
>a 17440,15216,15136,15216
>a 17584,15216,15184,15216
>a 17536,15136,15248,15184
>a 17376,15152,15296,15216
>a 17456,15216,15200,15216
>a 17424,15168,15152,15136
>a 17424,15184,15200,15312
>a 17424,15200,15168,15200
>a 17472,15216,15200,15216
>a 17456,15152,15216,15216
>a 17552,15200,15168,15216
>a 17456,15168,15120,15216
>a 17472,15152,15200,15200
>a 17456,15200,15184,15168
>a 17408,15200,15216,15232
>a 17552,15184,15152,15200
>a 17440,15184,15200,15232
>a 17424,15216,15216,15184
>a 17440,15200,15152,15216
>a 17456,15200,15152,15200
>a 17456,15184,15152,15184
>a 17472,15200,15248,15168
>a 17440,15152,15168,15216
>a 17424,15184,15280,15232
>a 17472,15104,15184,15232
>a 17504,15264,15152,15264
>a 17424,15200,15184,15216
>a 17488,15152,15168,15216
>a 17472,15280,15264,15232
>a 17424,15184,15168,15216
>a 17536,15136,15184,15216
>a 17440,15168,15200,15184
>a 17456,15184,15152,15152
>a 17312,15200,15168,15200
>a 17472,15216,15120,15216
>a 17488,15200,15184,15232
>a 17456,15184,15104,15200
>a 17456,15200,15200,15232
>a 17472,15216,15040,15200
>a 17472,15200,15184,15152
>a 17504,15312,15296,15184
>a 17504,15216,15168,15184
>a 17472,15168,15072,15200
>a 17520,15152,15152,15184
>a 17488,15296,15184,15104
>a 17552,15200,15184,15312
>a 17456,15168,15200,15200
>a 17440,15168,15280,15232
>a 17472,15216,15152,15200
>a 17424,15200,15200,15152
>a 17472,15152,15136,15184
>a 17456,15184,15136,15200
>a 17456,15200,15280,15216
>a 17488,15120,15184,15200
>a 17472,15136,15152,15312
>a 17472,15280,15200,15200
>a 17472,15088,15168,15184
>a 17488,15200,15184,15152
>a 17552,15152,15168,15296
>a 17472,15184,15152,15200
>a 17472,15168,15200,15312
>a 17472,15200,15216,15184
>a 17488,15184,15248,15280
>a 17360,15264,15168,15216
>a 17520,15184,15184,15216
>a 17472,15280,15184,15152
>a 17408,15168,15104,15168
>a 17488,15200,15152,15232
>a 17520,15200,15200,15264
>a 17520,15184,15168,15312
>a 17504,15184,15200,15248
>a 17456,15184,15184,15200
>a 17488,15152,15184,15184
>a 17488,15152,15184,15312
>a 17520,15184,15136,15232
>a 17520,15248,15168,15184
>a 17616,15296,15200,15232
>a 17536,15216,15168,15200
>a 17504,15120,15232,15216
>a 17616,15168,15184,15152
>a 17472,15200,15264,15280
>a 17504,15200,15200,15248
>a 17520,15280,15184,15184
>a 17616,15152,15184,15216
>a 17504,15248,15152,15264
>a 17424,15200,15280,15168
>a 17488,15280,15168,15184
>a 17472,15280,15248,15200
>a 17488,15200,15168,15152
>a 17504,15216,15168,15200
>a 17504,15168,15184,15216
>a 17520,15200,15200,15184
>a 17488,15200,15168,15136
>a 17520,15152,15168,15200
>a 17328,15168,15216,15216
>a 17520,15200,15200,15216
>a 17568,15216,15200,15232
>a 17520,15184,15168,15200
>a 17488,15280,15248,15184
>a 17648,15216,15232,15216
>a 17536,15280,15168,15216
>a 17488,15168,15152,15184
>a 17552,15216,15200,15216
>a 17584,15168,15168,15200
>a 17520,15136,15168,15168
>a 17472,15200,15184,15216
>a 17520,15168,15200,15200
>a 17552,15280,15264,15120
>a 17536,15200,15152,15280
>a 17552,15216,15184,15184
>a 17632,15168,15200,15232
>a 17408,15232,15344,15216
>a 17552,15216,15200,15264
>a 17504,15184,15184,15216
>a 17536,15280,15248,15200
>a 17552,15152,15200,15280
>a 17568,15152,15184,15216
>a 17552,15152,15184,15200
>a 17520,15184,15200,15184
>a 17648,15120,15136,15280
>a 17552,15280,15264,15184
>a 17584,15200,15120,15200
>a 17536,15200,15152,15216
>a 17520,15152,15120,15184
>a 17536,15216,15168,15152
>a 17552,15200,15248,15216
>a 17536,15056,15152,15200
>a 17424,15200,15168,15200
>a 17552,15264,15168,15184
>a 17568,15312,15296,15312
>a 17568,15152,15168,15168
>a 17584,15344,15216,15248
>a 17584,15216,15216,15216
>a 17568,15168,15152,15200
>a 17568,15280,15184,15232
>a 17552,15200,15152,15200
>a 17584,15104,15200,15184
>a 17552,15200,15184,15216
>a 17520,15184,15168,15184
>a 17536,15200,15216,15152
>a 17552,15216,15200,15312
>a 17568,15104,15152,15200
>a 17552,15200,15216,15136
>a 17568,15216,15216,15248
>a 17664,15216,15264,15232
>a 17520,15184,15184,15216
>a 17552,15216,15152,15152
>a 17584,15216,15104,15200
>a 17520,15200,15168,15296
>a 17552,15184,15152,15200
>a 17568,15184,15216,15248
>a 17648,15232,15184,15104
>a 17584,15184,15200,15216
>a 17552,15168,15152,15200
>a 17568,15184,15168,15200
>a 17584,15200,15200,15312
>a 17568,15184,15216,15136
>a 17712,15184,15184,15184
>a 17600,15184,15184,15248
>a 17600,15168,15184,15216
>a 17520,15216,15184,15216
>p 5,90
>a 17664,15168,15184,15152
>a 17584,15184,15184,15216
>a 17472,15216,15184,15216
>a 17584,15216,15184,15168
>a 17616,15312,15216,15168
>a 17680,15200,15184,15216
>a 17584,15152,15184,15280
>a 17600,15296,15200,15248
>a 17600,15216,15184,15216
>a 17616,15216,15216,15216
>p 4,90
>a 17584,15216,15136,15216
>a 17664,15184,15200,15216
>a 17552,15200,15152,15200
>a 17632,15200,15184,15216
>a 17584,15184,15184,15248
>a 17552,15216,15200,15200
>a 17600,15200,15184,15312
>p 5,0
>a 17616,15264,15120,15184
>a 17680,15120,15232,15152
>a 17696,15184,15136,15168
>a 17632,15216,15200,15200
>a 17600,15200,15200,15232
>a 17680,15200,15216,15216
>a 17584,15200,15168,15184
>a 17632,15216,15200,15216
>a 17584,15216,15248,15152
>a 17616,15168,15152,15184
>a 17568,15216,15168,15216
>p 4,0
>a 17712,15184,15248,15312
>a 17584,15184,15200,15248
>a 17632,15264,15168,15216
>a 17776,15312,15120,15200
>a 17584,15200,15168,15296
>a 17584,15280,15184,15248
>a 17552,15184,15168,15200
>p 5,90
>a 17616,15200,15200,15200
>a 17616,15184,15168,15248
>a 17584,15184,15120,15200
>a 17600,15200,15184,15184
>a 17600,15040,15184,15184
>a 17584,15152,15152,15216
>a 17728,15216,15200,15216
>a 17632,15136,15120,15232
>a 17568,15328,15216,15184
>a 17632,15216,15184,15216
>a 17632,15152,15072,15216
>p 6,90
>a 16288,15184,15296,15200
>a 15584,15184,15264,15200
>a 15472,15136,15248,15184
>a 15472,15184,15264,15264
>a 15472,15184,15392,15120
>a 15472,15200,15232,15184
>a 15424,15168,15216,15200
>a 15456,15168,15312,15216
>a 15424,15184,15328,15168
>a 15488,15200,15200,15200
>a 15504,15184,15216,15136
>a 15472,15184,15184,15200
>a 15392,15168,15216,15216
>a 15440,15184,15248,15168
>a 15504,15184,15232,15216
>a 15488,15168,15184,15200
>a 15472,15200,15264,15216
>a 15504,15200,15280,15216
>a 15472,15168,15248,15184
>a 15440,15088,15200,15200
>a 15440,15200,15248,15184
>a 15408,15184,15232,15152
>a 15408,15200,15232,15312
>a 15456,15152,15232,15168
>a 15472,15168,15248,15184
>a 15344,15152,15136,15216
>a 15440,15184,15232,15216
>a 15456,15184,15184,15408
>a 15472,15152,15248,15152
>a 15408,15184,15248,15216
>a 15456,15184,15248,15216
>a 15408,15264,15248,15216
>a 15552,15152,15248,15248
>a 15456,15184,15216,15200
>a 15312,15136,15328,15200
>a 15456,15120,15280,15200
>a 15376,15136,15216,15200
>a 15440,15120,15248,15216
>a 15456,15120,15216,15312
>a 15520,15200,15264,15216
>a 15456,15184,15216,15216
>a 15488,15200,15248,15184
>a 15488,15376,15264,15184
>a 15600,15168,15248,15216
>a 15536,15216,15248,15216
>a 15712,15200,15328,15312
>a 16016,15168,15344,15200
>a 16704,15184,15472,15216
>a 17776,15296,15712,15216
>a 18240,15216,15744,15200
>a 18592,15184,15888,15184
>a 18912,15136,15952,15232
>a 19264,15200,16112,15136
>a 19600,15184,16160,15280
>a 20032,15216,16208,15216
>a 20352,15216,16448,15200
>a 20768,15216,16608,15248
>a 21264,15216,16672,15248
>a 21472,15216,16880,15216
>a 21888,15248,17024,15248
>a 22112,15216,17120,15232
>a 22608,15232,17280,15232
>a 22912,15168,17392,15376
>a 23232,15312,17536,15216
>a 23520,15232,17776,15200
>a 23840,15216,17760,15232
>a 24352,15344,17968,15200
>a 24480,15472,18096,15248
>p 6,0
>a 27920,15248,17520,15216
>a 32112,15312,17472,15248
>a 33824,15312,17344,15216
>a 34528,15328,17440,15248
>a 34896,15328,17360,15200
>a 35296,15344,17392,15248
>p 6,90
>a 35664,15312,17376,15200
>a 27952,15280,18640,15248
>a 26976,15232,18560,15248
>a 29744,15200,19024,15264
>a 31280,15264,19376,15200
>a 31680,15424,19600,15152
>a 32016,15264,19824,15248
>a 32240,15328,20016,15216
>a 32384,15216,20192,15232
>a 32528,15280,20384,15248
>a 32720,15312,20592,15248
>a 32864,15280,20752,15184
>a 33040,15296,20912,15248
>a 33184,15328,21104,15248
>a 33328,15264,21312,15216
>a 33392,15296,21488,15248
>a 33632,15280,21664,15200
>a 33744,15264,21840,15136
>a 33888,15184,22064,15376
>a 34048,15216,22240,15280
>a 34288,15296,22368,15248
>a 34336,15312,22608,15248
>a 34560,15264,22848,15248
>a 34688,15328,22976,15280
>a 34864,15280,23248,15200
>a 34976,15280,23376,15248
>a 35184,15328,23504,15328
>a 35360,15312,23792,15264
>a 35536,15328,23936,15296
>a 35792,15296,24176,15280
>a 35856,15408,24336,15264
>a 36016,15248,24528,15248
>a 36256,15344,24704,15280
>a 36400,15328,24944,15248
>a 36496,15248,25136,15264
>a 36672,15312,25232,15296
>a 36864,15280,25568,15312
>a 37136,15312,25696,15264
>a 37328,15312,25872,15296
>a 37392,15312,26064,15248
>a 37520,15312,26352,15280
>a 37776,15344,26480,15216
>a 38096,15264,26736,15392
>a 38112,15296,26912,15296
>a 38304,15344,27152,15248
>a 38576,15312,27312,15280
>a 38640,15408,27504,15296
>a 38784,15344,27744,15296
>a 39040,15280,28016,15296
>a 39136,15296,28128,15328
>a 39328,15232,28256,15280
>a 39360,15328,28544,15264
>a 39600,15344,28736,15312
>a 39760,15344,28880,15328
>a 39920,15376,29232,15312
>a 40016,15344,29360,15344
>a 40240,15328,29568,15280
>a 40272,15376,29680,15328
>a 40544,15328,29936,15232
>a 40624,15376,30144,15296
>a 40720,15392,30384,15344
>a 40880,15344,30576,15328
>a 40928,15456,30848,15184
>a 41168,15440,31056,15264
>a 41280,15472,31056,15344
>a 41392,15344,31264,15328
>a 41520,15280,31536,15408
>a 41776,15248,31728,15312
>a 41808,15376,31984,15408
>a 41952,15376,32176,15280
>a 42032,15344,32368,15280
>a 42192,15376,32544,15216
>a 42336,15376,32784,15296
>a 42416,15360,32992,15344
>a 42640,15392,33136,15328
>a 42608,15344,33360,15424
>a 42832,15344,33584,15408
>a 42960,15392,33776,15344
>a 43072,15344,33952,15328
>a 43168,15344,34176,15344
>a 43264,15312,34496,15344
>a 43488,15392,34544,15344
>a 43568,15440,34736,15328
>a 43696,15376,34944,15312
>a 43744,15328,35120,15328
>a 43888,15376,35344,15344
>a 43952,15296,35504,15376
>a 44144,15344,35744,15344
>a 44256,15408,35936,15376
>a 44336,15392,36192,15344
>a 44464,15376,36272,15344
>a 44592,15392,36512,15296
>a 44688,15376,36704,15408
>a 44816,15344,36784,15424
>a 44928,15392,37056,15376
>a 44896,15392,37264,15312
>a 44944,15392,37424,15344
>a 45008,15408,37600,15376
>a 45104,15360,37760,15360
>a 45104,15376,37920,15376
>a 45184,15344,38192,15344
>a 45280,15392,38320,15392
>a 45360,15376,38512,15392
>a 45360,15392,38608,15408
>a 45456,15344,38848,15392
>a 45488,15328,38944,15360
>a 45648,15344,39184,15344
>a 45616,15328,39328,15360
>a 45680,15344,39552,15520
>a 45744,15392,39696,15392
>a 45840,15344,39792,15408
>a 45872,15392,40000,15376
>a 45936,15408,40096,15344
>p 6,0
>a 48416,15360,39648,15344
>a 50608,15424,39568,15392
>a 51104,15440,39696,15328
>a 51376,15472,39648,15392
>p 6,90
>a 51488,15264,39600,15344
>a 43616,15408,40144,15360
>a 41648,15424,40048,15392
>a 42160,15344,40096,15408
>a 42416,15344,40272,15440
>a 42736,15344,40320,15392
>a 42864,15456,40512,15376
>a 43056,15472,40608,15392
>a 43232,15376,40720,15376
>a 43264,15344,40784,15392
>a 43312,15344,40912,15296
>a 43440,15408,41024,15408
>a 43504,15392,41072,15376
>a 43616,15456,41264,15344
>a 43664,15344,41344,15376
>a 43808,15376,41392,15408
>a 43760,15376,41584,15392
>a 43968,15344,41616,15328
>a 44128,15216,41632,15376
>a 44192,15392,41888,15408
>a 44240,15360,41968,15344
>a 44432,15376,42096,15376
>a 44336,15376,42160,15376
>a 44512,15344,42272,15504
>a 44544,15328,42384,15392
>a 44672,15392,42480,15408
>a 44864,15456,42592,15488
>a 44848,15376,42704,15392
>a 44928,15344,42784,15456
>a 44976,15392,42848,15392
>a 45168,15376,42992,15392
>a 45216,15376,43072,15344
>a 45312,15344,43264,15296
>a 45376,15376,43296,15504
>a 45488,15392,43408,15424
>a 45552,15408,43504,15408
>a 45632,15344,43632,15408
>a 45712,15328,43696,15376
>a 45856,15392,43696,15456
>a 45872,15376,43840,15392
>a 45936,15392,44016,15408
>a 46016,15328,44064,15344
>a 46112,15376,44064,15392
>a 46192,15344,44256,15408
>a 46208,15376,44352,15504
>a 46432,15456,44496,15504
>a 46384,15376,44592,15344
>p 5,0
>a 46160,15408,43568,15424
>a 45584,15344,43296,15456
>a 45248,15312,42864,15472
>p 5,90
>a 45296,15360,43584,15408
>a 45584,15472,43664,15360
>a 45776,15488,43952,15408
>a 45904,15488,43936,15408
>a 46000,15408,44144,15504
>a 46064,15408,44224,15424
>p 4,90
>a 46048,15392,44112,15424
>a 45936,15408,43824,15408
>a 45744,15376,43664,15408
>a 45696,15312,43536,15408
>p 4,0
>a 45520,15328,43472,15408
>a 45488,15296,43616,15408
>a 45664,15312,43632,15392
>a 45824,15360,43792,15264
>a 45840,15344,43968,15376
>a 45904,15328,44064,15392
>a 46128,15488,44256,15424
>a 46192,15376,44256,15424
>a 46256,15376,44352,15424
>a 46320,15472,44496,15408
>a 46432,15328,44624,15392
>a 46448,15344,44800,15440
>a 46640,15376,44848,15440
>a 46704,15456,44960,15440
>a 46768,15408,45008,15472
>a 46832,15232,45104,15584
>a 46896,15408,45216,15392
>a 46928,15392,45280,15408
>a 46992,15376,45376,15424
>a 47056,15344,45504,15424
>a 47152,15392,45680,15504
>a 47232,15408,45648,15520
>a 47264,15344,45744,15408
>a 47280,15392,45824,15520
>a 47408,15488,46000,15408
>a 47376,15408,46016,15488
>a 47488,15360,46096,15424
>a 47520,15376,46160,15408
>a 47568,15408,46256,15440
>a 47568,15424,46384,15488
>a 47664,15408,46448,15456
>a 47728,15440,46496,15408
>a 47760,15424,46544,15408
>a 47856,15472,46704,15408
>a 47888,15376,46736,15408
>a 47968,15392,46768,15456
>a 48016,15376,46864,15424
>a 48048,15376,46992,15440
>a 48080,15392,46960,15392
>a 48128,15376,47040,15424
>a 48192,15408,47136,15344
>a 48288,15424,47232,15440
>a 48336,15280,47280,15392
>a 48272,15488,47360,15456
>a 48304,15392,47424,15424
>a 48432,15392,47536,15392
>a 48464,15376,47472,15408
>a 48496,15392,47584,15408
>a 48496,15376,47648,15408
>a 48624,15440,47712,15344
>a 48608,15392,47776,15456
>a 48816,15264,47872,15488
>a 48768,15376,47824,15440
>a 48816,15376,47936,15408
>a 48816,15504,47968,15424
>a 48912,15376,48016,15424
>a 48912,15392,48112,15440
>a 49040,15424,48192,15440
>a 49088,15408,48240,15280
>a 49136,15440,48288,15440
>a 49104,15456,48336,15520
>a 49104,15424,48416,15440
>a 49136,15520,48432,15376
>a 49296,15264,48464,15440
>a 49264,15392,48528,15392
>a 49280,15344,48576,15472
>a 49328,15392,48656,15424
>a 49456,15424,48672,15440
>a 49440,15504,48800,15424
>a 49456,15392,48704,15392
>a 49456,15392,48880,15456
>a 49504,15328,48880,15472
>a 49552,15360,48928,15408
>a 49584,15424,48976,15408
>a 49696,15408,49136,15408
>a 49712,15392,49056,15424
>a 49648,15376,49088,15296
>a 49776,15408,49104,15472
>a 49712,15360,49120,15440
>a 49728,15392,49312,15424
>a 49808,15280,49280,15472
>a 49824,15408,49264,15360
>a 49792,15408,49328,15520
>a 49824,15504,49376,15504
>a 49760,15408,49296,15408
>a 49776,15328,49424,15536
>a 49680,15408,49376,15424
>a 49648,15408,49408,15424
>a 49728,15488,49408,15520
>a 49680,15504,49376,15408
>a 49600,15424,49392,15456
>a 49584,15344,49408,15520
>a 49552,15424,49328,15392
>a 49520,15408,49328,15440
>a 49584,15360,49328,15424
>a 49536,15376,49296,15424
>a 49552,15344,49296,15440
>a 49600,15392,49328,15488
>a 49456,15392,49328,15440
>a 49520,15264,49216,15344
>a 49520,15536,49280,15440
>a 49440,15360,49264,15408
>a 49568,15408,49296,15408
>a 49424,15296,49248,15504
>a 49472,15328,49232,15408
>a 49456,15360,49200,15440
>a 49536,15408,49248,15328
>a 49440,15392,49168,15408
>a 49424,15392,49232,15424
>a 49376,15392,49248,15360
>a 49328,15376,49200,15472
>a 49456,15392,49136,15424
>a 49424,15328,49248,15440
>a 49424,15408,49200,15408
>a 49408,15408,49184,15440
>a 49424,15392,49136,15440
>a 49456,15408,49104,15472
>a 49360,15360,49120,15392
>a 49344,15392,49120,15440
>a 49408,15504,49104,15440
>a 49376,15488,49072,15376
>a 49328,15392,49136,15472
>a 49408,15360,49056,15456
>a 49280,15392,49232,15424
>a 49424,15408,49136,15456
>a 49264,15408,49104,15440
>a 49424,15392,49104,15408
>a 49344,15408,49056,15344
>a 49360,15408,49104,15408
>a 49344,15424,49088,15472
>a 49328,15440,49072,15456
>a 49296,15296,49120,15520
>a 49328,15424,49120,15536
>a 49264,15392,49120,15376
>a 49264,15456,49056,15440
>a 49376,15392,49056,15504
>a 49328,15344,48976,15456
>a 49264,15408,49056,15424
>a 49280,15376,49056,15456
>a 49296,15456,49056,15568
>a 49264,15520,49072,15472
>a 49264,15392,49072,15456
>a 49280,15312,48976,15424
>a 49264,15344,49024,15472
>a 49264,15328,49040,15424
>a 49232,15392,49008,15424
>a 49264,15392,49072,15472
>a 49296,15408,49008,15408
>a 49264,15408,49056,15456
>a 49264,15408,48992,15520
>a 49232,15376,49008,15392
>a 49296,15472,49120,15456
>a 49232,15376,49072,15456
>a 49264,15440,49008,15504
>a 49248,15472,49120,15424
>a 49200,15392,49008,15456
>a 49072,15392,49008,15440
>a 49248,15392,49024,15312
>a 49184,15408,48944,15424
>a 49248,15344,49024,15520
>a 49200,15328,48976,15376
>a 49280,15392,48976,15456
>a 49296,15424,49008,15472
>a 49264,15392,48960,15456
>a 49248,15376,48976,15440
>a 49200,15392,48944,15568
>a 49328,15408,48992,15408
>a 49200,15408,48992,15408
>a 49360,15392,49088,15456
>a 49200,15376,48928,15408
>a 49104,15408,48976,15424
>a 49200,15376,48992,15440
>a 49200,15440,48944,15456
>a 49184,15536,48912,15440
>a 49216,15392,48912,15440
>a 49232,15520,48912,15456
>a 49216,15408,48880,15504
>a 49264,15488,48944,15520
>a 49200,15408,48960,15456
>a 49008,15520,48912,15456
>a 49136,15392,48912,15440
>a 49200,15376,49008,15456
>a 49168,15376,48912,15424
>a 49200,15472,48880,15408
>a 49168,15344,48992,15296
>a 49216,15488,48944,15488
>a 49120,15392,48912,15376
>a 49216,15408,48944,15376
>a 49200,15344,48944,15440
>