
>v 1 Jul 10 2014, <0E8682B8>
>a 15920,15152,15248,15216
>a 15920,15216,15184,15216
>a 15920,15168,15264,15216
>a 15920,15280,15200,15312
>a 15904,15328,15216,15248
>a 15984,15216,15216,15264
>a 15920,15232,15184,15216
>a 15920,15216,15200,15328
>a 15872,15280,15248,15248
>p 5,0
>a 15952,15328,15200,15216
>a 15984,15248,15216,15152
>p 5,90
>a 16016,15200,15184,15232
>a 15920,15184,15088,15216
>a 16000,15168,15168,15216
>a 15920,15248,15120,15232
>p 5,0
>a 16016,15216,15216,15200
>a 15904,15152,15184,15328
>p 5,90
>a 16000,15216,15184,15248
>a 15888,15200,15152,15312
>p 5,0
>a 15920,15248,15216,15232
>a 15920,15216,15200,15248
>p 5,90
>a 15824,15328,15216,15120
>a 15856,15280,15184,15232
>a 15936,15216,15184,15248
>a 15984,15216,15312,15248
>a 15888,15216,15248,15232
>a 15920,15216,15184,15216
>a 15920,15232,15200,15264
>p 4,0
>a 15920,15232,15200,15216
>a 15856,15216,15184,15232
>p 4,90
>a 16048,15216,15216,15216
>a 15920,15200,15200,15344
>a 15936,15232,15184,15216
>a 15904,15152,15200,15184
>a 15952,15344,15216,15232
>a 15984,15264,15184,15280
>p 7,0
>a 15936,15216,15216,15216
>p 7,50
>a 15904,15232,15184,15216
>a 15920,15216,15216,15120
>a 15984,15184,15248,15216
>a 15920,15248,15168,15312
>a 15920,15200,15152,15216
>p 6,0
>a 15936,15232,15216,15248
>a 16032,15248,15216,15216
>p 6,90
>a 15920,15280,15232,15248
>a 15888,15232,15216,15248
>a 15920,15232,15184,15264
>p 6,0
>a 15984,15216,15216,15200
>a 15920,15312,15344,15248
>p 6,90
>a 15904,15248,15216,15264
>a 15920,15216,15248,15184
>a 15920,15200,15184,15168
>p 6,0
>a 15824,15232,15280,15296
>a 16064,15232,15120,15120
>a 15952,15248,15168,15200
>p 6,90
>a 15920,15280,15216,15216
>a 15920,15216,15200,15248
>p 6,0
>a 16016,15184,15184,15248
>a 15888,15216,15184,15216
>p 6,90
>a 15888,15216,15168,15216
>a 15904,15232,15216,15184
>p 6,0
>a 15904,15216,15184,15232
>a 15888,15216,15200,15248
>p 6,90
>a 15936,15216,15200,15216
>a 15920,15312,15120,15248
>p 6,0
>a 15968,15264,15216,15232
>a 15952,15264,15168,15216
>p 6,90
>a 15984,15328,15184,15216
>a 15888,15232,15184,15264
>a 15952,15248,15168,15216
>p 6,0
>a 15920,15216,15216,15264
>a 15984,15200,15200,15216
>p 6,90
>a 15888,15216,15312,15216
>a 15952,15312,15216,15232
>a 15936,15216,15120,15200
>a 15936,15216,15216,15232
>a 15856,15216,15184,15264
>a 15904,15232,15216,15312
>a 15872,15184,15200,15216
>a 15904,15216,15200,15312
>a 15920,15200,15200,15184
>a 15888,15152,15248,15216
>a 16016,15232,15200,15232
>a 15904,15216,15344,15248
>a 15888,15200,15120,15200
>a 15984,15232,15216,15248
>a 15872,15232,15216,15232
>a 15904,15184,15200,15168
>a 15904,15152,15184,15280
>a 15856,15248,15280,15312
>a 15888,15184,15120,15184
>