
>
>t
0,12,0
100,12,0
100,440,0
150,440,0
150,12,0
250,12,0
250,440,0
300,440,0
300,12,0
400,12,0
400,440,0
450,440,0
450,12,0
550,12,0
550,440,0
600,440,0
600,12,0
700,12,0
700,440,0
750,440,0
750,12,0
850,12,0
850,12,0
1100,12,0
1100,10,10
1110,10,10
1115,10,10
>
>
>
>
>
>
>? ... SWR reset
>-l d0,d1,d2,d3,,d4,d5,d6,d7
>
>-l
>
>
>
>u 700,500,780... WTF(4)
>
>s 180,180,40
>
>
>
>-u h
>
>+m 9,10,11
>
>
>
>q 250,250,36,70,105
>
>q 250,250,36,100,175
>
>q 250,230,36,50,50
>
>
>
>-P
>Packing sectors... 0% Done
>
>
>
>
>s1
>p   -m 11
>s1
>p 100,500
>t
0,12,12
100,12,12
100,440,440
200,440,440
200,12,12
300,12,12
300,12,12
1100,12,12
1100,10,10
1110,10,10
1115,10,10
>
>p 105,400
>t
0,12,12
100,12,12
100,143,143
110,143,143
110,201,201
120,201,201
120,223,223
130,223,223
130,230,230
140,230,230
140,228,228
150,228,228
150,223,223
160,223,223
160,216,216
170,216,216
170,209,209
180,209,209
180,202,202
190,202,202
190,197,197
200,197,197
200,192,192
210,192,192
210,188,188
220,188,188
220,185,185
230,185,185
230,181,181
240,181,181
240,179,179
250,179,179
250,177,177
260,177,177
260,176,176
270,176,176
270,174,174
280,174,174
280,172,172
290,172,172
290,171,171
300,171,171
300,172,172
310,172,172
310,170,170
320,170,170
320,170,170
330,170,170
330,169,169
340,169,169
340,169,169
350,169,169
350,267,267
420,267,267
420,12,12
450,12,12
450,12,12
1350,12,12
1350,10,10
1360,10,10
1365,10,10
>
>p 105,350
>t
0,12,12
100,12,12
100,143,143
110,143,143
110,201,201
120,201,201
120,223,223
130,223,223
130,230,230
140,230,230
140,228,228
150,228,228
150,223,223
160,223,223
160,216,216
170,216,216
170,209,209
180,209,209
180,202,202
190,202,202
190,197,197
200,197,197
200,192,192
210,192,192
210,188,188
220,188,188
220,185,185
230,185,185
230,181,181
240,181,181
240,179,179
250,179,179
250,177,177
260,177,177
260,176,176
270,176,176
270,174,174
280,174,174
280,172,172
290,172,172
290,171,171
300,171,171
300,172,172
310,172,172
310,170,170
320,170,170
320,170,170
330,170,170
330,169,169
340,169,169
340,169,169
350,169,169
350,166,166
420,166,166
420,12,12
450,12,12
450,12,12
1350,12,12
1350,10,10
1360,10,10
1365,10,10
>
>p 105,350,2
>q>q(shape) w,U,td,to,tref ...
250,263,36,70,105
250,250,36,100,175
250,230,36,50,50
>p 105,500
>t
0,12,12
100,12,12
100,150,150
110,150,150
110,211,211
120,211,211
120,235,235
130,235,235
130,241,241
140,241,241
140,239,239
150,239,239
150,233,233
160,233,233
160,226,226
170,226,226
170,219,219
180,219,219
180,212,212
190,212,212
190,207,207
200,207,207
200,201,201
210,201,201
210,197,197
220,197,197
220,194,194
230,194,194
230,190,190
240,190,190
240,187,187
250,187,187
250,186,186
260,186,186
260,183,183
270,183,183
270,182,182
280,182,182
280,181,181
290,181,181
290,180,180
300,180,180
300,179,179
310,179,179
310,178,178
320,178,178
320,178,178
330,178,178
330,177,177
340,177,177
340,177,177
350,177,177
350,384,384
420,384,384
420,12,12
480,12,12
480,12,12
1340,12,12
1340,10,10
1350,10,10
1355,10,10
>
>