
>
>
>
>v 1 Jul 11 2014, <C1459854>
>a 65520,15824,65520,15728
>a 65520,15744,65520,15712
>a 65520,15760,65520,15728
>a 65520,15728,65520,15584
>a 65520,15712,65520,15728
>a 65520,15696,65520,15696
>a 65520,15728,65520,15680
>a 65520,15728,65520,15808
>a 65520,15792,65520,15696
>a 65520,15728,65504,15712
>a 65520,15728,65520,15728
>a 65520,15728,65520,15712
>a 65520,15728,65520,15712
>a 65520,15728,65520,15776
>a 65520,15728,65520,15696
>a 65520,15728,65520,15824
>a 65520,15760,65520,15680
>a 65520,15728,65520,15712
>a 65520,15680,65520,15728
>a 65520,15712,65520,15712
>a 65520,15664,65520,15792
>a 65520,15760,65520,15728
>a 65520,15712,65520,15696
>a 65520,15696,65456,15648
>a 65520,15712,65520,15728
>a 65520,15744,65520,15712
>a 65520,15696,65520,15712
>a 65520,15760,65520,15728
>a 65520,15728,65520,15728
>a 65520,15728,65520,15648
>a 65520,15728,65488,15680
>a 65520,15760,65520,15808
>a 65520,15712,65520,15728
>a 65520,15744,65520,15728
>a 65520,15792,65520,15824
>a 65520,15728,65520,15744
>a 65520,15824,65520,15696
>a 65520,15776,65520,15680
>a 65520,15648,65520,15696
>a 65520,15712,65520,15712
>a 65520,15616,65520,15728
>a 65520,15728,65520,15712
>a 65520,15680,65520,15760
>a 65520,15728,65520,15712
>a 65520,15712,65520,15696
>a 65520,15728,65520,15744
>a 65520,15728,65520,15712
>a 65520,15744,65520,15680
>a 65520,15808,65520,15728
>a 65520,15728,65520,15696
>a 65520,15616,65520,15696
>a 65520,15712,65520,15712
>a 65520,15712,65520,15808
>a 65520,15728,65520,15712
>a 65520,15712,65520,15760
>a 65520,15712,65520,15728
>a 65520,15712,65520,15728
>a 65520,15728,65520,15680
>a 65520,15696,65520,15712
>a 65520,15696,65520,15680
>a 65520,15712,65520,15792
>a 65520,15712,65520,15712
>a 65520,15680,65520,15696
>a 65520,15776,65520,15728
>a 65520,15792,65520,15648
>a 65520,15728,65520,15648
>a 65520,15696,65520,15712
>a 65520,15712,65520,15712
>a 65520,15760,65520,15712
>a 65520,15744,65520,15712
>a 65520,15712,65520,15712
>a 65520,15760,65520,15696
>a 65520,15712,65520,15568
>a 65520,15696,65488,15664
>a 65520,15728,65520,15712
>a 65520,15792,65520,15744
>a 65520,15696,65520,15712
>a 65520,15744,65520,15728
>a 65520,15552,65520,15648
>a 65520,15840,65520,15744
>a 65520,15648,65520,15712
>a 65520,15712,65520,15712
>a 65520,15760,65520,15648
>a 65520,15792,65520,15728
>a 65520,15728,65520,15664
>a 65520,15648,65520,15728
>a 65520,15680,65520,15824
>a 65520,15744,65520,15712
>a 65520,15760,65520,15712
>a 65520,15728,65520,15712
>a 65520,15648,65520,15712
>a 65520,15728,65520,15680
>a 65520,15696,65520,15728
>a 65520,15728,65520,15680
>a 65520,15728,65520,15712
>a 65520,15728,65520,15696
>p 5,90
>a 65520,15696,65520,15728
>p 5,0
>a 65520,15712,65520,15712
>a 65520,15728,65520,15680
>a 65520,15728,65520,15712
>a 65520,15728,65520,15792
>a 65520,15728,65520,15728
>a 65520,15728,65520,15744
>a 65520,15744,65520,15728
>a 65520,15744,65520,15712
>a 65520,15712,65520,15696
>a 65520,15728,65520,15712
>a 65520,15728,65520,15712
>a 65520,15744,65520,15728
>a 65520,15760,65520,15712
>p 5,90
>a 65520,15744,65520,15760
>a 65520,15776,65520,15744
>a 65520,15600,65520,15728
>a 65520,15760,65520,15680
>a 65520,15680,65520,15712
>a 65520,15696,65520,15728
>a 65520,15824,65520,15728
>a 65520,15744,65520,15728
>a 65520,15824,65520,15648
>a 65520,15728,65520,15776
>p 5,0
>a 65520,15728,65520,15712
>a 65520,15712,65520,15696
>a 65520,15760,65520,15744
>a 65520,15744,65520,15712
>a 65520,15744,65520,15712
>a 65520,15728,65520,15728
>a 65520,15728,65520,15728
>a 65520,15776,65520,15728
>a 65520,15728,65520,15856
>a 65520,15712,65520,15728
>a 65520,15760,65520,15712
>a 65520,15696,65520,15728
>a 65520,15728,65328,15728
>a 65520,15712,64992,15712
>a 65520,15728,64736,15664
>a 65520,15904,64432,15696
>a 65520,15728,64112,15632
>a 65520,15712,63856,15728
>a 65520,15712,63648,15760
>a 65520,15728,63376,15680
>a 65520,15728,63056,15696
>a 65520,15712,62896,15728
>a 65520,15744,62576,15664
>a 65520,15760,62352,15664
>a 65520,15728,62144,15664
>a 65520,15760,61840,15648
>a 65520,15728,61744,15712
>a 65520,15728,61536,15696
>a 65520,15696,61280,15712
>a 65520,15744,61104,15648
>a 65520,15728,60928,15712
>a 65520,15744,60784,15696
>a 65520,15664,60528,15648
>a 65520,15744,60352,15712
>a 65520,15712,60176,15648
>a 65520,15728,60016,15648
>a 65520,15696,59888,15712
>a 65520,15744,59744,15632
>a 65520,15728,59520,15648
>a 65520,15776,59296,15616
>a 65520,15744,59168,15696
>a 65520,15712,59056,15616
>a 65520,15728,58928,15600
>p 5,90
>a 65520,15760,60672,15680
>p 5,0
>a 65520,15856,59376,15696
>a 65520,15760,59248,15776
>a 65520,15728,59104,15696
>a 65520,15728,58928,15776
>p 5,90
>a 65520,15728,60656,15664
>a 65520,15696,61200,15824
>p 5,0
>a 65520,15744,59952,15696
>a 65520,15712,59728,15728
>a 65520,15712,59648,15696
>a 65520,15696,59376,15632
>a 65520,15712,59168,15712
>a 65520,15696,59168,15696
>a 65520,15728,58928,15696
>p 5,90
>a 65520,15728,60672,15632
>p 5,0
>a 65520,15760,59424,15744
>a 65520,15712,59216,15696
>a 65520,15680,59152,15664
>a 65520,15648,58928,15680
>p 5,90
>a 65520,15632,60592,15792
>p 5,0
>a 65520,15744,59360,15696
>a 65520,15696,59168,15680
>a 65520,15712,58960,15664
>p 5,90
>a 65520,15696,60656,15696
>p 5,0
>a 65520,15760,59376,15648
>a 65520,15712,59216,15696
>a 65520,15712,59040,15680
>a 65520,15776,58848,15664
>p 5,90
>a 65520,15728,60672,15680
>p 5,0
>a 65520,15728,59152,15696
>a 65520,15712,59072,15696
>a 65520,15760,58880,15664
>p 5,90
>a 65520,15760,60688,15680
>p 5,0
>a 65520,15728,59248,15728
>a 65520,15744,59056,15680
>a 65520,15712,58896,15680
>p 5,90
>a 65520,15728,60592,15680
>p 5,0
>a 65520,15728,59280,15712
>a 65520,15728,59056,15648
>a 65520,15744,58864,15664
>p 5,90
>a 65520,15664,60544,15712
>p 5,0
>a 65520,15728,59184,15648
>a 65520,15680,59024,15536
>a 65520,15728,58848,15632
>p 5,90
>a 65520,15680,60512,15632
>p 5,0
>a 65520,15728,59184,15760
>a 65520,15680,58992,15776
>p 5,90
>a 65520,15712,60672,15728
>p 5,0
>a 65520,15728,59280,15696
>a 65520,15712,59104,15664
>a 65520,15792,58912,15568
>p 5,90
>a 65520,15840,60688,15776
>p 5,0
>a 65520,15712,59296,15648
>a 65520,15712,59024,15664
>a 65520,15744,58864,15680
>p 5,90
>a 65520,15744,60528,15856
>p 5,0
>a 65520,15680,59216,15696
>a 65520,15728,58944,15664
>p 5,90
>a 65520,15840,60656,15696
>p 5,0
>a 65520,15712,59216,15632
>a 65520,15744,59056,15664
>a 65520,15744,58944,15664
>p 5,90
>a 65520,15728,60576,15680
>p 5,0
>a 65520,15632,59200,15696
>a 65520,15728,58976,15552
>p 5,90
>a 65520,15744,60656,15696
>p 5,0
>a 65520,15760,59296,15680
>a 65520,15760,59104,15712
>a 65520,15776,58864,15680
>p 5,90
>a 65520,15696,60480,15712
>p 5,0
>a 65520,15808,59216,15648
>a 65520,15648,58976,15616
>p 5,90
>a 65520,15712,60624,15696
>p 5,0
>a 65520,15712,59296,15696
>a 65520,15728,59120,15712
>a 65520,15728,58976,15680
>p 5,90
>a 65520,15728,60528,15696
>p 5,0
>a 65520,15744,59216,15680
>a 65520,15776,58976,15664
>p 5,90
>a 65520,15728,60656,15696
>p 5,0
>a 65520,15728,59296,15744
>a 65520,15728,59024,15664
>a 65520,15728,58848,15648
>p 5,90
>a 65520,15744,60544,15728
>p 5,0
>a 65520,15744,59152,15696
>a 65520,15712,58960,15744
>p 5,90
>a 65520,15760,60640,15648
>p 5,0
>a 65520,15696,59232,15648
>a 65520,15744,59056,15680
>a 65520,15760,58832,15696
>p 5,90
>a 65520,15728,60544,15680
>p 5,0
>a 65520,15712,59168,15712
>a 65520,15600,58864,15696
>p 5,90
>a 65520,15728,60592,15648
>p 5,0
>a 65520,15696,59232,15712
>a 65520,15648,59040,15760
>a 65520,15776,58800,15664
>p 5,90
>a 65520,15744,60592,15664
>p 5,0
>a 65520,15728,59056,15696
>a 65520,15728,58992,15664
>p 5,90
>a 65520,15696,60624,15792
>p 5,0
>a 65520,15696,59184,15600
>a 65520,15728,58976,15664
>p 5,90
>a 65520,15744,60672,15696
>p 5,0
>a 65520,15728,59344,15664
>a 65520,15744,59056,15664
>a 65520,15792,58800,15648
>p 5,90
>a 65520,15728,60576,15568
>p 5,0
>a 65520,15744,59168,15680
>a 65520,15664,58960,15664
>p 5,90
>a 65520,15728,60608,15664
>p 5,0
>a 65520,15744,59264,15680
>a 65520,15728,59024,15712
>a 65520,15728,58800,15680
>p 5,90
>a 65520,15712,60528,15712
>p 5,0
>a 65520,15728,59152,15664
>a 65520,15792,58992,15712
>p 5,90
>a 65520,15744,60576,15696
>p 5,0
>a 65520,15712,59216,15680
>a 65520,15728,58944,15664
>p 5,90
>a 65520,15712,60640,15712
>p 5,0
>a 65520,15680,59248,15696
>a 65520,15728,59056,15664
>a 65520,15728,58880,15632
>p 5,90
>a 65520,15728,60528,15680
>p 5,0
>a 65520,15728,59120,15680
>a 65520,15744,58960,15696
>p 5,90
>a 65520,15792,60400,15680
>p 5,0
>a 65520,15872,59136,15680
>a 65520,15824,58896,15680
>p 5,90
>a 65520,15744,60624,15712
>p 5,0
>a 65520,15760,59232,15696
>a 65520,15760,58992,15712
>p 5,90
>a 65520,15728,60688,15680
>p 5,0
>a 65520,15712,59312,15664
>a 65520,15728,59056,15696
>a 65520,15712,58864,15648
>p 5,90
>a 65520,15680,60560,15664
>p 5,0
>a 65520,15712,59184,15664
>a 65520,15840,58976,15680
>p 5,90
>a 65520,15776,60624,15712
>p 5,0
>a 65520,15728,59232,15648
>a 65520,15696,59024,15728
>a 65520,15600,58848,15680
>p 5,90
>a 65520,15712,60480,15648
>p 5,0
>a 65520,15696,59184,15712
>a 65520,15728,58928,15760
>p 5,90
>a 65520,15744,60608,15648
>p 5,0
>a 65520,15728,59200,15648
>a 65520,15744,58912,15712
>p 5,90
>a 65520,15792,60688,15760
>p 5,0
>a 65520,15712,59280,15584
>a 65520,15760,59056,15696
>a 65520,15712,58848,15696
>p 5,90
>a 65520,15728,60400,15680
>p 5,0
>a 65520,15712,59056,15664
>a 65520,15712,58928,15696
>p 5,90
>a 65520,15744,60544,15664
>p 5,0
>a 65520,15712,59248,15648
>a 65520,15840,58992,15696
>p 5,90
>a 65520,15808,60688,15680
>p 5,0
>a 65520,15728,59296,15696
>a 65520,15712,59072,15664
>a 65520,15728,58800,15664
>p 5,90
>a 65520,15584,60464,15664
>p 5,0
>a 65520,15584,59088,15664
>p 5,90
>a 65520,15712,60128,15728
>p 5,0
>a 65520,15680,58944,15648
>p 5,90
>a 65520,15680,60592,15664
>p 5,0
>a 65520,15712,59216,15696
>a 65520,15728,58992,15712
>p 5,90
>a 65520,15728,60656,15696
>p 5,0
>a 65520,15728,59248,15792
>a 65520,15696,59024,15648
>a 65520,15712,58832,15696
>p 5,90
>a 65520,15728,60528,15648
>p 5,0
>a 65520,15728,59120,15696
>a 65520,15760,58928,15712
>p 5,90
>a 65520,15728,60576,15792
>a 65520,15744,60944,15696
>a 65520,15728,61424,15760
>a 65520,15824,61840,15680
>a 65520,15760,62256,15744
>a 65520,15712,62576,15648
>a 65520,15760,63024,15696
>a 65520,15760,63360,15632
>a 65520,15792,63712,15712
>a 65520,15744,64032,15680
>a 65520,15936,64384,15776
>a 65520,15776,64656,15632
>a 65520,15760,65008,15776
>a 65520,15728,65296,15744
>a 65520,15728,65488,15696
>a 65520,15760,65520,15744
>a 65520,15728,65520,15712
>a 65520,15760,65520,15680
>a 65520,15584,65520,15728
>a 65520,15760,65520,15632
>a 65520,15824,65520,15728
>a 65520,15664,65520,15696
>a 65520,15728,65520,15728
>a 65520,15696,65520,15728
>a 65520,15760,65520,15712
>a 65520,15616,65520,15776
>a 65520,15712,65520,15712
>a 65520,15760,65520,15664
>a 65520,15760,65520,15744
>a 65520,15728,65520,15696
>a 65520,15840,65520,15792
>a 65520,15712,65520,15712
>a 65520,15728,65520,15712
>a 65520,15712,65520,15712
>a 65520,15760,65520,15680
>a 65520,15728,65520,15824
>p 6,90
>p 6,0
>a 65520,15728,65520,15728
>a 65520,15728,65520,15616
>a 65520,15712,65520,15728
>a 65520,15728,65520,15712
>a 65520,15728,65520,15712
>a 65520,15760,65520,15744
>a 65520,15728,65520,15728
>a 65520,15696,65520,15712
>a 65520,15792,65520,15808
>a 65520,15728,65520,15728
>a 65520,15648,65520,15680
>a 65520,15712,65520,15728
>a 65520,15728,65520,15712
>a 65520,15760,65520,15728
>a 65520,15728,65520,15728
>a 65520,15728,65520,15712
>a 65520,15744,65520,15776
>a 65520,15728,65520,15648
>a 65520,15744,65520,15712
>a 65520,15760,65520,15632
>a 65520,15680,65456,15824
>a 65520,15760,65520,15728
>a 65520,15728,65520,15728
>a 65520,15728,65520,15696
>a 65520,15760,65504,15776
>a 65520,15648,65520,15744
>a 65520,15776,65520,15664
>a 65520,15728,65520,15776
>a 65520,15728,65520,15712
>a 65520,15840,65520,15728
>a 65520,15728,65520,15728
>a 65520,15664,65520,15760
>a 65520,15728,65520,15712
>a 65520,15728,65520,15744
>a 65520,15728,65520,15648
>a 65520,15696,65504,15728
>a 65520,15712,65520,15696
>a 65520,15760,65520,15824
>a 65520,15696,65520,15696
>a 65520,15744,65520,15616
>a 65520,15744,65520,15696
>a 65520,15696,65520,15696
>a 65520,15712,65520,15728
>a 65520,15696,65520,15792
>a 65520,15712,65520,15728
>a 65520,15728,65520,15664
>a 65520,15728,65520,15712
>a 65520,15728,65520,15696
>a 65520,15776,65520,15744
>a 65520,15728,65520,15648
>a 65520,15728,65520,15712
>a 65520,15680,65520,15648
>a 65520,15728,65520,15712
>a 65520,15728,65520,15712
>a 65520,15744,65520,15728
>a 65520,15712,65520,15712
>a 65520,15744,65520,15792
>a 65520,15760,65520,15728
>a 65520,15744,65488,15696
>a 65520,15760,65520,15712
>a 65520,15696,65520,15728
>a 65520,15744,65520,15712
>a 65520,15728,65520,15696
>p 5,0
>a 65520,15760,65520,15696
>a 65520,15728,65520,15712
>a 65520,15824,65056,15728
>a 65520,15744,64240,15696
>a 65520,15728,63536,15680
>a 65520,15728,62816,15744
>a 65520,15680,62128,15680
>a 65520,15728,61392,15680
>a 65520,15840,60720,15664
>a 65520,15728,60080,15600
>a 65520,15696,59440,15648
>a 65520,15680,58800,15712
>a 65520,15616,58160,15664
>a 65520,15728,57632,15648
>a 65520,15744,56944,15680
>a 65520,15776,56368,15584
>a 65520,15696,55728,15728
>a 65520,15744,55168,15680
>a 65520,15712,54624,15680
>a 65520,15776,54016,15648
>a 65520,15760,53472,15664
>a 65520,15728,52912,15648
>a 65520,15728,52368,15632
>a 65520,15712,51888,15584
>a 65520,15696,51312,15584
>a 65520,15712,50896,15584
>a 65520,15728,50352,15600
>a 65520,15728,49904,15600
>a 65520,15744,49440,15696
>a 65520,15744,48944,15728
>a 65520,15728,48448,15600
>a 65520,15728,48000,15632
>a 65520,15792,47520,15632
>a 65520,15728,47008,15552
>a 65520,15744,46512,15616
>p 5,90
>a 65520,15680,48272,15568
>a 65520,15760,48272,15600
>a 65520,15744,48336,15648
>a 65520,15680,48448,15584
>a 65520,15712,48496,15616
>a 65520,15712,48560,15584
>a 65520,15728,48592,15632
>a 65520,15728,48608,15632
>a 65520,15712,48720,15632
>a 65520,15728,48752,15616
>a 65520,15744,48816,15552
>a 65520,15728,48896,15616
>a 65520,15744,48928,15712
>a 65520,15744,49008,15648
>a 65520,15728,49008,15696
>a 65520,15744,49008,15648
>a 65520,15712,49136,15600
>p 5,0
>a 65520,15760,46976,15648
>a 65520,15664,46448,15584
>a 65520,15712,46000,15600
>p 5,90
>a 65520,15744,47600,15648
>p 5,0
>a 65520,15760,45456,15616
>p 5,90
>a 65520,15776,47056,15568
>p 5,0
>a 65520,15760,44944,15664
>p 5,90
>a 65520,15536,46416,15600
>p 5,0
>a 65520,15728,44384,15520
>p 5,90
>a 65520,15824,45872,15584
>a 65520,15680,45824,15680
>a 65520,15728,45760,15696
>a 65520,15776,45696,15584
>a 65520,15744,45600,15584
>a 65520,15840,45552,15616
>a 65520,15728,45424,15616
>a 65520,15664,45360,15600
>a 65520,15744,45360,15568
>a 65520,15744,45344,15584
>a 65520,15728,45056,15600
>a 65520,15712,45008,15632
>a 65520,15744,44960,15616
>a 65520,15712,44832,15616
>a 65520,15728,44752,15584
>a 65520,15744,44528,15616
>a 65520,15776,44432,15616
>a 65520,15728,44304,15584
>a 65520,15728,44208,15600
>a 65520,15712,44048,15600
>a 65520,15712,43856,15568
>a 65520,15792,43728,15552
>a 65520,15712,43584,15664
>a 65520,15696,43312,15664
>a 65520,15744,43232,15584
>a 65520,15776,43168,15600
>p 6,90
>a 65520,15760,46096,15536
>a 65520,15744,46720,15584
>a 65520,15744,47456,15664
>a 65520,15744,48176,15584
>a 65520,15712,48720,15632
>a 65520,15728,49440,15600
>p 6,0
>a 65520,15712,47472,15456
>p 6,90
>a 65520,15712,50016,15632
>p 6,0
>a 65520,15792,48048,15616
>p 6,90
>a 65520,15728,50416,15728
>p 6,0
>a 65520,15744,48592,15648
>a 65520,15728,48560,15584
>p 6,90
>a 65520,15728,50944,15648
>p 6,0
>a 65520,15648,49120,15648
>a 65520,15728,49056,15632
>a 65520,15680,49040,15600
>a 65520,15760,49072,15600
>a 65520,15728,49040,15616
>a 65520,15712,48976,15616
>a 65520,15664,48928,15648
>a 65520,15744,48832,15680
>a 65520,15744,48928,15584
>a 65520,15728,48880,15648
>a 65520,15712,48816,15568
>a 65520,15728,48816,15616
>p 5,0
>a 65520,15696,46592,15600
>a 65520,15760,46112,15632
>a 65520,15728,45504,15600
>a 65520,15712,44928,15696
>a 65520,15728,44384,15584
>a 65520,15760,43840,15504
>a 65520,15728,43168,15600
>p 5,90
>a 65520,15728,44496,15584
>p 5,0
>a 65520,15712,42464,15584
>p 5,90
>a 65520,15744,43712,15584
>p 5,0
>a 65520,15680,41648,15552
>p 5,90
>a 65520,15760,43056,15584
>a 65520,15696,43120,15600
>a 65520,15840,43120,15536
>a 65520,15728,43152,15568
>a 65520,15744,43184,15584
>a 65520,15776,43232,15632
>p 5,0
>a 65520,15824,41328,15552
>p 5,90
>a 65520,15728,42768,15568
>a 65520,15808,42704,15616
>a 65520,15728,42832,15568
>a 65520,15744,42864,15552
>a 65520,15696,42896,15616
>a 65520,15744,42880,15568
>a 65520,15728,42928,15536
>a 65520,15728,42976,15584
>a 65520,15728,42976,15568
>a 65520,15712,43024,15600
>a 65520,15696,43056,15568
>a 65520,15712,43056,15632
>a 65520,15696,43088,15600
>a 65520,15696,43184,15584
>a 65520,15728,43088,15584
>a 65520,15760,43152,15568
>a 65520,15776,43264,15568
>p 5,0
>a 65520,15744,41280,15584
>p 5,90
>a 65520,15824,42784,15568
>a 65520,15728,42736,15600
>a 65520,15712,42768,15600
>a 65520,15728,42768,15584
>a 65520,15760,42768,15600
>a 65520,15600,42784,15600
>a 65520,15776,42832,15696
>a 65520,15632,42848,15616
>a 65520,15680,42848,15568
>a 65520,15728,42864,15584
>a 65520,15744,42896,15584
>a 65520,15760,42928,15568
>a 65520,15696,42976,15504
>a 65520,15712,42960,15568
>a 65520,15728,42976,15616
>a 65520,15712,42976,15680
>a 65520,15728,42992,15552
>a 65520,15696,42992,15584
>a 65520,15792,43040,15584
>a 65520,15776,43024,15568
>a 65520,15824,43072,15584
>a 65520,15728,43056,15600
>a 65520,15808,43088,15536
>a 65520,15712,43024,15568
>a 65520,15712,43024,15600
>a 65520,15760,43008,15568
>a 65520,15760,43120,15536
>a 65520,15728,43120,15568
>a 65520,15616,43104,15552
>a 65520,15728,43136,15680
>a 65520,15728,43152,15664
>a 65520,15744,43232,15568
>p 5,0
>a 65520,15824,41312,15440
>p 5,90
>a 65520,15744,42672,15536
>a 65520,15728,42720,15648
>a 65520,15856,42752,15600
>a 65520,15744,42752,15552
>a 65520,15824,42768,15632
>a 65520,15680,42768,15680
>a 65520,15728,42768,15616
>a 65520,15728,42752,15488
>a 65520,15680,42800,15600
>a 65520,15728,42816,15600
>a 65520,15712,42832,15600
>a 65520,15728,42832,15600
>a 65520,15696,42816,15568
>a 65520,15840,42784,15600
>a 65520,15728,42784,15568
>a 65520,15792,42848,15552
>a 65520,15712,42848,15584
>a 65520,15728,42864,15456
>a 65520,15744,42864,15584
>a 65520,15744,42848,15680
>a 65520,15712,42880,15616
>a 65520,15712,42816,15536
>a 65520,15728,42928,15600
>a 65520,15760,42912,15696
>a 65520,15728,42880,15520
>a 65520,15840,42864,15600
>a 65520,15760,42944,15552
>a 65520,15728,42848,15616
>a 65520,15664,42832,15584
>a 65520,15728,42928,15584
>a 65520,15728,42928,15584
>a 65520,15680,42960,15600
>a 65520,15760,42976,15616
>a 65520,15808,42976,15600
>a 65520,15744,43088,15584
>a 65520,15728,43024,15552
>a 65520,15728,42864,15584
>a 65520,15744,42976,15616
>a 65520,15824,42992,15632
>a 65520,15744,42960,15568
>a 65520,15680,42992,15472
>a 65520,15760,43024,15600
>a 65520,15728,43088,15584
>a 65520,15744,43008,15600
>a 65520,15712,43088,15568
>a 65520,15744,43024,15600
>a 65520,15744,42928,15600
>a 65520,15696,43008,15552
>a 65520,15728,43024,15536
>a 65520,15760,43024,15552
>a 65520,15664,43024,15584
>a 65520,15632,43040,15520
>a 65520,15712,43040,15552
>a 65520,15744,43024,15552
>a 65520,15728,43008,15648
>a 65520,15744,43120,15600
>a 65520,15728,43056,15584
>a 65520,15696,43040,15584
>a 65520,15712,43104,15584
>a 65520,15712,43056,15504
>a 65520,15696,43104,15664
>a 65520,15760,43072,15568
>a 65520,15664,43104,15616
>a 65520,15760,43184,15600
>a 65520,15712,43072,15568
>a 65520,15744,43104,15536
>a 65520,15696,43088,15568
>a 65520,15728,43056,15552
>a 65520,15744,43088,15584
>a 65520,15696,43120,15728
>a 65520,15728,43088,15552
>a 65520,15712,43104,15584
>a 65520,15696,43168,15568
>a 65520,15840,43136,15584
>a 65520,15696,42960,15600
>a 65520,15744,43120,15552
>a 65520,15744,43120,15568
>p 6,90
>a 65520,15824,45968,15728
>p 6,0
>p 5,0
>a 65520,15616,41760,15552
>p 5,90
>a 65520,15696,43248,15552
>p 5,0
>a 65520,15728,41408,15552
>p 5,90
>a 65520,15712,42800,15600
>a 65520,15744,42800,15648
>a 65520,15760,42832,15616
>a 65520,15712,42768,15584
>a 65520,15712,42768,15648
>a 65520,15616,42800,15584
>a 65520,15728,42848,15648
>a 65520,15744,42848,15600
>a 65520,15728,42832,15616
>a 65520,15664,42832,15600
>a 65520,15776,42816,15664
>a 65520,15760,42864,15600
>a 65520,15728,42976,15568
>a 65520,15776,42768,15600
>a 65520,15760,42864,15584
>a 65520,15728,42864,15568
>a 65520,15696,42864,15536
>a 65520,15696,42896,15600
>a 65520,15712,42880,15584
>