
>v 1 Jul 11 2014, <C1459854>
>a 62208,15696,37456,15536
>p 5,90
>a 62208,15808,37360,15536
>a 62176,15840,37376,15568
>a 62192,15728,37408,15552
>a 62192,15792,37376,15600
>a 62224,15744,37408,15520
>a 62208,15728,37360,15536
>a 62224,15728,37392,15616
>a 62240,15728,37328,15536
>a 62176,15552,37296,15504
>a 62240,15728,37376,15536
>a 62224,15696,37360,15552
>a 62224,15664,37392,15536
>a 62304,15728,37408,15568
>a 62192,15664,37344,15536
>a 62208,15792,37296,15536
>a 62176,15680,37392,15568
>a 62192,15712,37344,15536
>a 62240,15744,37392,15456
>a 62208,15728,37392,15536
>a 62208,15728,37376,15616
>a 62128,15728,37360,15536
>a 62240,15728,37360,15488
>a 62240,15632,37376,15536
>a 62208,15808,37360,15520
>a 62240,15744,37376,15536
>a 62288,15728,37360,15520
>a 62208,15696,37328,15536
>a 62208,15712,37392,15552
>a 62192,15664,37360,15504
>a 62208,15664,37392,15552
>a 62224,15792,37392,15520
>a 62128,15776,37424,15552
>a 62208,15728,37360,15632
>a 62192,15664,37376,15520
>a 62256,15728,37344,15504
>a 62128,15712,37520,15536
>a 62224,15728,37392,15616
>a 62224,15728,37392,15632
>a 62192,15712,37408,15504
>a 62176,15744,37392,15552
>a 62224,15600,37376,15536
>a 62256,15840,37344,15440
>a 62240,15728,37424,15456
>a 62224,15808,37392,15520
>a 62304,15728,37392,15600
>a 62192,15712,37424,15552
>a 62224,15728,37360,15568
>a 62224,15744,37376,15520
>a 62192,15728,37376,15552
>a 62128,15712,37392,15648
>a 62240,15696,37344,15552
>a 62192,15648,37440,15520
>a 62224,15728,37376,15536
>a 62208,15712,37344,15520
>a 62240,15728,37392,15520
>a 62192,15680,37376,15520
>a 62224,15712,37360,15600
>p 5,0
>p 6,90
>a 58896,15792,37392,15536
>a 58160,15696,37472,15536
>a 57648,15648,37488,15536
>a 57488,15664,37552,15520
>a 57152,15696,37568,15568
>a 56816,15728,37648,15568
>a 56560,15696,37648,15552
>a 56304,15728,37664,15552
>a 56112,15664,37728,15648
>a 55792,15680,37680,15568
>a 55568,15664,37728,15536
>a 55280,15664,37728,15632
>p 5,90
>p 6,0
>a 58528,15728,37872,15568
>a 58496,15696,37840,15440
>a 58528,15648,37680,15552
>a 58560,15824,37824,15536
>a 58544,15696,37808,15568
>a 58592,15696,37808,15632
>a 58576,15568,37760,15552
>a 58608,15728,37808,15616
>a 58672,15664,37792,15536
>a 58624,15712,37888,15648
>a 58736,15696,37808,15536
>a 58624,15648,37792,15472
>a 58640,15712,37824,15552
>a 58704,15664,37840,15552
>a 58672,15712,37776,15536
>