
>v 1 Jul 10 2014, <A06636A0>
>a 38560,15472,40432,15408
>a 38544,15216,40464,15392
>a 38576,15376,40496,15392
>a 38560,15344,40512,15392
>a 38544,15328,40480,15376
>a 38640,15456,40480,15488
>a 38576,15392,40496,15392
>a 38544,15344,40480,15376
>a 38544,15392,40496,15392
>a 38576,15264,40336,15392
>a 38544,15376,40496,15424
>a 38640,15376,40496,15424
>a 38640,15376,40592,15424
>a 38512,15344,40496,15376
>a 38576,15376,40496,15440
>a 38560,15344,40512,15408
>a 38592,15408,40464,15392
>a 38592,15488,40496,15424
>a 38720,15328,40432,15456
>a 38560,15376,40432,15312
>a 38544,15456,40512,15440
>a 38592,15392,40512,15408
>a 38560,15296,40512,15312
>a 38672,15328,40528,15424
>a 38560,15344,40464,15408
>a 38560,15376,40512,15440
>a 38544,15344,40480,15392
>a 38704,15376,40496,15456
>a 38544,15344,40496,15408
>a 38544,15312,40480,15344
>a 38512,15360,40480,15424
>a 38544,15392,40576,15424
>p 5,90
>a 38576,15376,40496,15408
>a 38608,15296,40496,15424
>p 5,0
>a 38544,15344,38880,15392
>a 38512,15360,38464,15392
>a 38560,15328,38176,15376
>a 38560,15472,37696,15360
>p 5,90
>a 38560,15376,38928,15376
>a 38544,15360,38928,15392
>a 38576,15440,39008,15408
>a 38576,15408,39024,15440
>a 38560,15344,38976,15376
>a 38512,15376,39008,15392
>a 38752,15376,39072,15408
>a 38560,15344,39024,15392
>a 38640,15344,39056,15392
>a 38496,15344,39040,15376
>a 38544,15344,39024,15488
>a 38608,15328,39024,15392
>a 38560,15360,38960,15392
>a 38576,15344,39040,15392
>a 38576,15376,39056,15344
>a 38560,15344,39184,15392
>a 38544,15344,39072,15488
>a 38544,15344,39056,15392
>a 38544,15440,39088,15392
>a 38512,15376,39072,15392
>a 38560,15344,39088,15392
>p 5,0
>a 38528,15376,37680,15440
>a 38560,15344,37328,15408
>a 38560,15376,36928,15392
>a 38608,15344,36576,15392
>p 5,90
>a 38544,15376,37840,15408
>a 38544,15344,37712,15344
>a 38496,15248,37760,15392
>a 38576,15392,37776,15408
>a 38576,15376,37776,15280
>a 38544,15376,37712,15376
>a 38576,15392,37792,15408
>a 38512,15440,37792,15328
>a 38672,15456,37776,15344
>a 38576,15344,37808,15408
>a 38512,15344,37808,15408
>a 38544,15392,37840,15344
>a 38512,15392,37808,15344
>a 38544,15344,37824,15376
>a 38576,15392,38000,15408
>a 38576,15408,37872,15392
>a 38528,15440,37808,15408
>a 38512,15392,37840,15392
>a 38528,15344,37968,15424
>a 38624,15344,37936,15408
>a 38544,15440,37872,15376
>a 38512,15344,37872,15408
>a 38544,15344,37968,15408
>a 38512,15376,37920,15344
>a 38544,15344,37904,15424
>a 38544,15376,37920,15392
>a 38512,15392,37984,15424
>a 38496,15360,37984,15280
>a 38512,15312,37968,15424
>a 38560,15392,37952,15392
>a 38528,15440,37968,15392
>a 38544,15344,37984,15456
>a 38544,15296,38032,15312
>p 5,0
>a 38560,15344,37920,15408
>a 38496,15344,36320,15392
>a 38544,15472,35920,15424
>a 38544,15344,35616,15344
>a 38512,15376,35392,15376
>a 38480,15344,34928,15344
>a 38512,15360,34672,15520
>a 38528,15344,34288,15456
>a 38416,15344,33984,15344
>a 38416,15248,33696,15408
>a 38448,15456,33536,15328
>p 5,90
>a 38528,15344,34352,15392
>a 38576,15376,34336,15392
>a 38448,15344,34384,15312
>a 38576,15376,34400,15392
>a 38528,15344,34400,15424
>a 38528,15440,34416,15392
>a 38496,15344,34480,15392
>a 38544,15296,34480,15392
>a 38560,15392,34528,15376
>a 38512,15456,34512,15344
>a 38416,15376,34544,15376
>a 38480,15424,34576,15328
>a 38544,15376,34608,15344
>a 38544,15328,34544,15344
>a 38496,15392,34672,15392
>a 38512,15424,34656,15376
>p 5,0
>a 38512,15392,33200,15360
>a 38496,15344,32928,15440
>a 38512,15376,32640,15344
>a 38544,15440,32304,15344
>a 38576,15392,32032,15328
>a 38480,15344,31760,15344
>a 38512,15328,31520,15344
>a 38544,15376,31216,15344
>a 38480,15456,30960,15344
>a 38544,15344,30640,15328
>a 38496,15360,30464,15328
>a 38416,15376,30144,15344
>p 5,90
>a 38560,15360,31312,15392
>a 38496,15280,31280,15344
>a 38528,15424,31344,15344
>a 38528,15456,31344,15344
>a 38608,15392,31408,15344
>a 38544,15328,31504,15456
>a 38512,15280,31424,15328
>a 38512,15344,31488,15344
>a 38560,15376,31536,15344
>a 38480,15344,31536,15328
>a 38544,15408,31664,15344
>a 38496,15456,31696,15392
>a 38512,15312,31648,15344
>a 38544,15344,31728,15328
>a 38608,15392,31776,15408
>a 38512,15344,31664,15312
>a 38448,15440,31728,15456
>a 38512,15376,31728,15296
>a 38512,15344,31760,15280
>a 38544,15280,31776,15232
>a 38528,15344,31728,15424
>a 38512,15376,31824,15344
>a 38512,15344,31824,15344
>a 38640,15360,31856,15360
>a 38544,15344,31776,15360
>a 38544,15376,31936,15360
>a 38560,15424,31968,15376
>a 38496,15344,31936,15328
>a 38496,15392,31968,15376
>a 38480,15392,31984,15344
>a 38512,15312,31936,15360
>a 38528,15392,32016,15280
>a 38544,15376,32032,15328
>a 38496,15312,32000,15344
>a 38496,15360,32112,15376
>a 38544,15408,32000,15376
>a 38656,15440,32080,15376
>a 38560,15328,32096,15344
>a 38576,15392,32112,15392
>a 38496,15360,32080,15376
>a 38512,15344,32128,15376
>a 38496,15328,32096,15344
>a 38512,15392,32128,15376
>a 38544,15344,32096,15376
>a 38528,15344,32112,15344
>a 38512,15392,32128,15344
>a 38512,15376,32176,15344
>a 38496,15376,32176,15216
>a 38544,15392,32192,15216
>a 38544,15392,32208,15296
>a 38512,15344,32176,15312
>a 38496,15376,32304,15328
>a 38512,15376,32112,15360
>a 38544,15216,32288,15344
>a 38416,15376,32336,15424
>a 38512,15296,32256,15376
>a 38512,15344,32208,15344
>a 38576,15376,32336,15360
>a 38480,15344,32240,15344
>a 38448,15344,32224,15344
>a 38544,15376,32320,15440
>a 38464,15392,32288,15344
>a 38512,15328,32304,15376
>a 38480,15328,32256,15344
>a 38528,15408,32368,15344
>a 38512,15344,32304,15360
>a 38496,15344,32240,15344
>a 38480,15360,32368,15344
>a 38512,15344,32304,15328
>a 38512,15392,32304,15344
>a 38480,15344,32288,15344
>a 38544,15408,32352,15344
>a 38512,15376,32288,15328
>a 38480,15392,32272,15376
>a 38512,15328,32336,15344
>a 38480,15296,32304,15344
>a 38544,15456,32368,15280
>a 38512,15232,32320,15376
>a 38544,15344,32320,15312
>a 38592,15376,32368,15344
>a 38512,15472,32336,15456
>a 38512,15360,32432,15392
>a 38624,15392,32368,15376
>a 38496,15344,32352,15344
>a 38544,15328,32368,15376
>a 38496,15344,32352,15456
>a 38512,15392,32384,15328
>a 38512,15392,32400,15344
>a 38512,15408,32352,15376
>a 38496,15440,32464,15344
>a 38576,15312,32368,15344
>a 38416,15360,32224,15376
>a 38496,15344,32256,15376
>a 38528,15360,32368,15392
>a 38512,15360,32400,15344
>a 38608,15392,32480,15328
>a 38576,15424,32416,15392
>a 38480,15344,32304,15376
>p 7,50
>a 31152,30848,32512,15376
>a 28000,27760,32496,15408
>a 25360,25120,32368,15344
>a 23168,22816,32528,15344
>a 21152,20928,32416,15312
>a 19584,19312,32448,15376
>a 32432,31984,32528,15312
>a 33808,33456,32512,15376
>a 33520,33184,32560,15312
>a 33152,32832,32368,15424
>a 32768,32304,32528,15344
>a 32416,32112,32528,15344
>a 32064,31696,32560,15392
>a 31728,31472,32512,15360
>a 31376,31104,32432,15408
>a 31216,30864,32608,15344
>a 30864,30544,32496,15296
>a 30640,30448,32528,15456
>a 30448,30224,32544,15376
>a 30256,29968,32480,15376
>a 30048,29728,32544,15312
>a 29872,29520,32528,15360
>a 29648,29344,32528,15344
>a 29584,29136,32528,15376
>a 29408,29264,32496,15376
>a 29264,28928,32432,15360
>a 29072,28784,32528,15312
>a 28992,28656,32560,15376
>a 28864,28528,32528,15344
>p 7,0
>a 29536,25792,32496,15360
>a 32976,17920,32448,15248
>a 34544,15536,32416,15344
>a 35088,15344,32432,15344
>a 35312,15328,32416,15360
>a 35472,15344,32432,15360
>a 35552,15296,32528,15328
>a 35632,15344,32400,15392
>a 35760,15280,32480,15360
>a 35584,15328,32416,15360
>a 35664,15168,32416,15392
>a 35696,15440,32480,15392
>a 35824,15328,32496,15456
>a 35760,15376,32400,15344
>a 35824,15344,32432,15344
>a 35824,15152,32416,15344
>a 35824,15456,32432,15376
>p 7,50
>a 31024,30592,32368,15328
>a 27904,27664,32544,15264
>a 25296,25008,32496,15312
>a 23296,23008,32464,15344
>a 22080,21776,32544,15376
>a 22256,21920,32448,15344
>a 23328,23008,32496,15360
>a 24240,23936,32480,15344
>a 24944,24688,32432,15376
>a 25680,25344,32512,15376
>a 26064,25712,32528,15376
>a 26416,26096,32560,15456
>a 26720,26272,32512,15376
>a 26896,26560,32528,15344
>a 27072,26720,32544,15376
>a 27152,26800,32496,15344
>a 27216,26912,32528,15456
>a 27280,26960,32560,15344
>a 27296,26976,32560,15328
>a 27296,26944,32432,15280
>a 27248,26944,32512,15344
>a 27216,26864,32528,15360
>a 27184,26800,32528,15344
>p 7,0
>a 27408,26352,32512,15424
>a 30080,17872,32496,15392
>a 31488,15520,32432,15360
>a 32224,15280,32448,15360
>a 32672,15360,32464,15376
>a 32880,15408,32352,15360
>a 33072,15328,32464,15344
>a 33200,15168,32448,15376
>a 33328,15280,32464,15424
>a 33344,15328,32464,15376
>a 33376,15392,32432,15376
>a 33472,15312,32448,15376
>a 33536,15312,32496,15344
>a 33536,15216,32432,15344
>a 33616,15264,32448,15392
>a 33584,15344,32480,15376
>p 7,50
>a 28960,28592,32592,15456
>a 26144,25856,32512,15344
>a 23840,23536,32512,15344
>a 22176,21792,32544,15264
>a 21264,20880,32496,15456
>a 21408,21056,32464,15344
>a 22064,21872,32544,15392
>a 22880,22576,32592,15440
>a 23360,23072,32544,15376
>a 23792,23488,32496,15312
>a 24160,23856,32528,15392
>a 24384,24176,32496,15392
>a 24640,24288,32512,15328
>a 24720,24416,32432,15344
>a 24848,24608,32560,15456
>a 24848,24608,32624,15344
>a 24992,24704,32496,15344
>a 25040,24752,32496,15312
>a 25056,24752,32560,15472
>a 25184,24768,32624,15344
>a 25008,24736,32496,15376
>a 25040,24688,32512,15344
>a 25152,24688,32560,15344
>a 24976,24768,32528,15376
>p 7,0
>a 26912,19152,32496,15408
>a 29120,15680,32496,15344
>a 30096,15344,32432,15312
>a 30800,15248,32464,15408
>a 31312,15296,32480,15392
>a 31472,15328,32480,15360
>a 31584,15392,32496,15376
>a 31696,15328,32480,15376
>a 31776,15296,32416,15392
>a 31664,15312,32464,15344
>a 31904,15328,32432,15376
>a 31984,15328,32368,15360
>a 32064,15328,32464,15376
>p 7,50
>a 27792,27408,32640,15392
>a 25168,24944,32544,15392
>a 22992,22704,32464,15296
>a 21360,21216,32592,15376
>a 20208,20080,32432,15344
>a 20224,19904,32464,15344
>a 20624,20384,32512,15344
>a 21152,20848,32496,15312
>a 21616,21200,32480,15344
>a 21824,21456,32496,15376
>a 22032,21856,32496,15392
>a 22256,21936,32496,15344
>a 22384,22112,32496,15328
>a 22496,22160,32400,15248
>a 22592,22288,32544,15472
>a 22656,22320,32496,15328
>a 22688,22448,32528,15456
>a 22672,22368,32352,15376
>a 22704,22384,32496,15344
>a 22704,22384,32496,15344
>a 22736,22416,32544,15392
>a 22832,22352,32528,15344
>a 22720,22480,32528,15376
>a 22672,22368,32544,15440
>p 7,0
>a 24928,16912,32432,15344
>a 27104,15344,32464,15344
>a 28400,15280,32496,15392
>a 29232,15280,32560,15248
>a 29776,15328,32480,15408
>a 30112,15312,32480,15376
>a 30304,15328,32384,15280
>a 30464,15312,32480,15392
>a 30560,15328,32528,15392
>a 30448,15312,32416,15360
>a 30688,15328,32464,15344
>p 7,50
>a 25904,25600,32528,15376
>a 23536,23296,32528,15360
>a 21664,21472,32496,15344
>a 20400,20144,32512,15360
>a 19600,19344,32480,15344
>a 19408,19152,32464,15360
>a 19616,19440,32496,15344
>a 19792,19648,32544,15392
>a 20176,19888,32528,15344
>a 20368,20064,32512,15376
>a 20544,20192,32624,15392
>a 20640,20416,32496,15456
>a 20720,20480,32496,15344
>a 20784,20496,32512,15344
>a 20816,20512,32496,15392
>a 20816,20512,32464,15360
>a 21008,20528,32496,15360
>a 20896,20560,32496,15344
>a 20864,20512,32592,15360
>p 7,0
>a 21776,18016,32400,15360
>a 23920,15440,32432,15376
>a 25808,15184,32560,15408
>a 27088,15408,32400,15328
>a 27984,15280,32496,15344
>a 28592,15280,32480,15360
>a 29024,15296,32496,15280
>a 29296,15280,32464,15392
>a 29488,15392,32496,15392
>a 29584,15344,32416,15344
>a 29728,15280,32304,15328
>a 29664,15312,32448,15312
>p 7,50
>a 26112,25840,32544,15312
>a 23744,23472,32576,15392
>a 21840,21568,32496,15344
>a 20240,20144,32528,15360
>a 19424,19232,32496,15376
>a 18992,18688,32496,15440
>a 18944,18672,32528,15376
>a 19248,18944,32496,15344
>a 19248,19120,32400,15360
>a 19616,19248,32368,15360
>a 19680,19360,32576,15328
>a 19808,19504,32528,15376
>p 7,0
>a 21168,16432,32448,15392
>a 23104,15280,32496,15424
>a 24912,15232,32432,15392
>a 26272,15264,32480,15376
>a 27136,15264,32480,15456
>a 27856,15248,32352,15344
>a 28288,15392,32464,15344
>p 7,50
>a 24064,23760,32560,15344
>a 22272,22016,32496,15344
>a 20928,20592,32480,15344
>a 19952,19712,32496,15328
>a 19424,19312,32496,15360
>a 19168,18912,32464,15344
>a 19120,18784,32496,15328
>a 19216,18816,32512,15360
>a 19104,18784,32480,15376
>a 19152,18768,32480,15344
>a 19168,18896,32464,15344
>a 19104,18848,32432,15376
>a 19296,18848,32480,15392
>a 19120,18864,32512,15296
>a 19168,18864,32496,15344
>a 19200,18944,32496,15328
>a 19088,18848,32464,15344
>p 7,0
>a 19376,18176,32464,15440
>a 21072,15408,32432,15344
>a 22736,15360,32432,15360
>a 24272,15248,32480,15360
>a 25520,15280,32496,15344
>a 26400,15344,32560,15376
>a 27104,15280,32448,15312
>a 27600,15248,32544,15376
>a 27920,15280,32480,15344
>a 28208,15296,32496,15376
>a 28368,15328,32480,15392
>a 28576,15280,32464,15376
>a 28688,15280,32464,15312
>a 28800,15232,32368,15344
>p 6,90
>a 30512,15328,32304,15344
>a 32432,15312,32352,15344
>a 32592,15344,32368,15376
>a 32624,15328,32352,15360
>a 32560,15328,32384,15344
>a 32560,15312,32336,15328
>a 32624,15312,32304,15360
>a 32624,15376,32320,15344
>a 32656,15312,32352,15376
>a 32624,15312,32368,15344
>a 32560,15312,32368,15344
>a 32672,15312,32368,15376
>a 32544,15312,32368,15344
>a 32624,15312,32368,15376
>a 32608,15344,32368,15360
>a 32560,15296,32352,15344
>a 32560,15312,32352,15360
>a 32608,15360,32384,15440
>p 7,50
>a 29328,28944,32144,15328
>a 29216,28944,32080,15344
>a 29264,28880,31952,15232
>a 29248,28912,31856,15344
>a 29184,28832,31728,15328
>a 29040,28784,31648,15328
>a 29008,28704,31472,15360
>a 28944,28560,31440,15344
>a 28784,28512,31456,15440
>a 28768,28432,31216,15328
>a 28640,28336,31088,15328
>a 28592,28240,31024,15328
>a 28496,28160,30928,15328
>a 28368,28112,30928,15296
>a 28176,27952,30720,15312
>a 28368,27952,30640,15344
>a 28144,27824,30608,15328
>a 28096,27760,30464,15376
>a 27984,27680,30192,15344
>a 27920,27584,30256,15328
>a 27840,27616,30128,15376
>a 27728,27392,30000,15344
>a 27760,27296,29968,15344
>a 27600,27280,29936,15200
>a 27312,27168,29776,15344
>p 7,0
>a 27840,25808,29712,15328
>a 29664,17760,29712,15328
>a 29968,15456,29744,15344
>a 29920,15280,29744,15328
>a 29984,15296,29776,15328
>a 30016,15312,29776,15392
>a 30000,15408,29808,15360
>a 30048,15328,29808,15344
>a 30128,15296,29824,15344
>a 30096,15312,29792,15328
>a 30048,15504,29872,15344
>a 30064,15152,29840,15344
>a 30048,15312,29968,15344
>a 30176,15328,29680,15344
>a 30064,15312,29808,15344
>p 7,50
>a 27200,26832,29680,15296
>a 27216,26992,29616,15360
>a 27216,26832,29536,15328
>a 27168,26864,29440,15344
>a 27200,26800,29344,15344
>a 27008,26720,29248,15328
>a 26992,26736,29184,15344
>a 27024,26576,29024,15296
>a 26880,26512,29072,15344
>a 26640,26464,28944,15328
>a 26736,26368,28864,15312
>a 26640,26256,28752,15328
>a 26656,26208,28656,15280
>a 26496,26176,28560,15408
>a 26432,26080,28480,15328
>p 7,0
>a 28384,18608,28528,15344
>a 28848,15568,28496,15408
>a 28768,15296,28608,15344
>a 28800,15280,28560,15312
>a 28912,15376,28592,15280
>a 28848,15312,28592,15344
>a 28832,15296,28672,15296
>a 28928,15184,28624,15344
>a 28832,15392,28640,15424
>a 28832,15280,28592,15344
>a 28896,15296,28656,15344
>p 7,50
>a 26176,25824,28512,15344
>a 26256,26016,28464,15328
>a 26160,25920,28320,15312
>a 26208,25968,28256,15328
>a 26128,25792,28208,15344
>a 25968,25856,28112,15328
>a 26016,25712,28016,15312
>a 25936,25632,27936,15312
>a 25968,25536,27872,15344
>a 25776,25456,27728,15344
>a 25776,25440,27728,15344
>a 25680,25360,27600,15344
>a 25568,25312,27552,15408
>a 25632,25216,27440,15296
>p 7,0
>a 27504,18176,27504,15344
>a 27696,15456,27472,15312
>a 27760,15248,27600,15424
>a 27792,15312,27552,15312
>a 27664,15296,27664,15328
>a 27808,15296,27696,15344
>a 27808,15312,27600,15344
>a 27760,15280,27600,15296
>a 27760,15376,27616,15328
>p 7,50
>a 27856,15264,27568,15296
>a 25360,25040,27440,15312
>a 25392,25040,27344,15312
>a 25296,25008,27296,15296
>a 25312,24976,27184,15312
>a 25280,25024,27152,15296
>a 25184,24944,27024,15312
>a 25136,24816,26976,15312
>a 25056,24752,26896,15280
>a 25008,24720,26800,15328
>a 24800,24624,26736,15296
>a 24880,24544,26720,15392
>p 7,0
>a 25856,20912,26640,15264
>a 26848,16160,26720,15328
>a 26864,15280,26576,15312
>a 26832,15328,26736,15264
>a 26912,15200,26736,15328
>a 26928,15280,26752,15312
>p 6,0
>a 26992,15280,26752,15312
>a 26976,15280,26768,15312
>a 27056,15280,26752,15296
>a 26992,15280,26800,15312
>a 26992,15280,26896,15280
>a 26976,15280,26816,15232
>a 27008,15296,26816,15392
>a 26896,15264,26800,15376
>a 26992,15280,26800,15248
>a 26976,15296,26928,15296
>a 27056,15344,26896,15424
>p 7,50
>a 23312,22960,26928,15296
>a 21248,20928,26896,15280
>a 19648,19376,26912,15280
>a 18336,18080,26928,15296
>a 17328,17072,26960,15280
>a 16656,16352,26928,15312
>a 16496,16240,26960,15328
>p 7,0
>a 18880,15312,26976,15248
>a 22032,15344,27024,15296
>a 24560,15280,27056,15280
>a 26128,15312,26928,15296
>a 27072,15296,26960,15328
>a 27728,15360,27040,15184
>a 28144,15312,26944,15344
>a 28480,15312,26976,15280
>a 28704,15232,26944,15280
>a 28848,15280,26992,15344
>a 28960,15376,27008,15472
>a 29104,15312,27056,15328
>a 29184,15312,27024,15312
>a 29232,15280,27024,15312
>a 29312,15344,27120,15312
>a 29232,15280,27024,15312
>p 7,50
>a 24544,24256,27056,15328
>a 22384,22128,27088,15296
>a 20704,20432,27104,15392
>a 19408,19152,27152,15328
>a 18528,18304,26976,15264
>a 18224,17936,27040,15312
>a 18080,17808,27088,15296
>a 18192,17872,27104,15344
>a 18192,17936,27088,15344
>a 18224,18016,27072,15296
>a 18384,18192,27088,15328
>p 7,0
>a 19264,16096,27056,15280
>a 20832,15264,27040,15328
>a 22336,15248,27008,15312
>a 23712,15248,27056,15248
>p 7,50
>a 22432,22192,27136,15312
>a 21296,21008,27056,15312
>a 20384,20144,27152,15312
>a 19760,19408,27216,15296
>a 19072,18864,27088,15328
>a 18736,18464,27104,15328
>a 18496,18240,27136,15344
>a 18464,18112,27152,15280
>a 18272,17984,27120,15344
>a 18160,17968,27152,15328
>p 7,0
>a 18448,17168,27136,15344
>a 19872,15280,27136,15296
>a 21216,15232,27136,15344
>p 7,50
>a 20896,20704,27232,15328
>a 19984,19824,27104,15328
>a 19696,19376,27024,15328
>a 19200,18992,27040,15328
>a 18960,18672,27152,15328
>a 18736,18432,27040,15264
>p 7,0
>a 18992,16880,27136,15296
>a 20368,15216,27104,15296
>a 21744,15264,27136,15328
>a 22880,15248,27152,15312
>a 24000,15280,27088,15296
>a 24832,15248,27168,15312
>p 7,50
>a 21936,21632,26976,15296
>a 20656,20384,27296,15328
>a 19728,19440,27184,15280
>a 18992,18672,27152,15424
>a 18480,18192,27280,15280
>a 18176,17888,27200,15328
>a 17968,17712,27152,15312
>a 17920,17616,27120,15408
>a 17856,17584,27184,15312
>a 17824,17488,27168,15200
>p 7,0
>a 18928,15376,27088,15312
>a 20144,15232,27104,15328
>a 21440,15264,27104,15296
>p 7,50
>a 20608,20256,27296,15408
>a 19936,19728,27200,15296
>a 19344,19056,27184,15328
>a 18896,18640,27152,15312
>a 18560,18336,27136,15312
>a 18272,18080,27152,15312
>a 18112,17888,27168,15296
>a 17968,17776,27168,15344
>a 17840,17664,27168,15328
>a 17792,17536,27152,15296
>a 17760,17504,27152,15280
>a 17760,17408,27200,15344
>a 17680,17392,27152,15184
>a 17616,17376,27216,15312
>p 7,0
>a 18064,16192,27152,15328
>a 19312,15248,27200,15424
>a 20528,15216,27104,15248
>a 21680,15280,27104,15344
>a 22752,15248,27136,15344
>a 23696,15232,27120,15280
>a 24384,15248,27184,15200
>a 25008,15264,27216,15344
>a 25424,15280,27216,15312
>a 25776,15264,27216,15328
>p 7,50
>a 22640,22304,27200,15344
>a 21008,20704,27152,15328
>a 19632,19344,27264,15296
>a 18688,18432,27200,15312
>a 18064,17808,27200,15312
>a 17696,17408,27152,15312
>a 17440,17168,27168,15344
>a 17328,17056,27088,15312
>a 17312,17056,27184,15280
>a 17264,17008,27104,15344
>a 17344,16992,27200,15296
>a 17264,16976,27296,15312
>a 17232,16960,27104,15408
>a 17312,16976,27136,15280
>a 17232,16848,27088,15296
>a 17264,16928,27264,15472
>a 17248,17104,27152,15328
>a 17184,16976,27184,15312
>a 17200,16976,27248,15296
>a 17248,16976,27184,15312
>a 17248,16976,27200,15328
>a 17248,16944,27184,15328
>a 17184,16928,27168,15408
>a 17152,16816,27200,15344
>a 17216,16944,27168,15312
>a 17216,16944,27152,15312
>a 17328,16992,27216,15216
>a 17232,16960,27216,15328
>p 7,0
>a 18128,15344,27184,15328
>a 19152,15216,27200,15344
>a 20224,15344,27184,15312
>a 21216,15232,27072,15328
>a 22208,15216,27152,15280
>a 23024,15200,27152,15264
>a 23728,15232,27168,15296
>a 24144,15248,27184,15312
>a 24736,15248,27184,15408
>a 25008,15264,27136,15328
>a 25392,15248,27168,15344
>a 25648,15280,27120,15248
>a 25936,15280,27168,15312
>a 25968,15280,27184,15312
>a 26144,15280,27232,15408
>a 26288,15328,27280,15408
>a 26352,15344,27184,15328
>a 26432,15248,27280,15232
>a 26640,15168,27168,15296
>a 26512,15312,27120,15328
>a 26624,15264,27184,15344
>a 26768,15328,27152,15312
>a 26736,15392,27168,15280
>a 26736,15264,27168,15312
>a 26816,15280,27200,15312
>a 26768,15312,27200,15264
>a 26896,15216,27168,15344
>a 26928,15264,27216,15328
>a 27040,15136,27152,15280
>a 26992,15312,27216,15328
>a 27008,15264,27296,15408
>a 26960,15248,27184,15344
>a 27040,15248,27200,15344
>a 27152,15280,27168,15328
>a 27088,15280,27184,15312
>a 27088,15280,27168,15312
>a 27104,15280,27072,15328
>a 27120,15280,27184,15312
>a 27088,15232,27200,15216
>a 27168,15264,27184,15344
>a 27200,15264,27216,15456
>a 27232,15184,27136,15344
>a 27200,15312,27184,15392
>a 27184,15280,27152,15264
>a 27216,15264,27280,15312
>p 7,50
>a 23184,22800,27296,15392
>a 21264,21008,27280,15280
>a 19680,19392,27264,15312
>a 18384,18128,27248,15328
>a 17424,17248,27216,15328
>a 16848,16576,27200,15408
>a 16512,16224,27216,15360
>a 16288,16032,27232,15328
>a 16240,16016,27232,15264
>a 16272,16000,27184,15392
>a 16304,16032,27200,15264
>a 16336,16096,27216,15328
>a 16384,16096,27216,15328
>a 16416,16144,27200,15312
>a 16448,16112,27280,15344
>a 16368,16176,27200,15200
>a 16416,16144,27312,15248
>a 16432,16096,27232,15344
>a 16528,16192,27232,15344
>a 16416,16240,27216,15392
>a 16448,16176,27184,15264
>p 7,0
>a 16640,15664,27152,15296
>a 17520,15200,27184,15312
>a 18256,15184,27152,15328
>a 18848,15216,27184,15312
>a 19680,15216,27104,15408
>a 20400,15248,27184,15264
>a 20992,15312,27200,15344
>a 21712,15344,27200,15408
>a 22304,15248,27184,15280
>a 22800,15216,27120,15216
>a 23248,15264,26992,15296
>a 23488,15344,27184,15216
>a 23696,15248,27056,15280
>a 24112,15200,27200,15328
>a 24336,15312,27184,15328
>a 24624,15280,27216,15328
>a 24688,15280,27184,15280
>a 24800,15232,27200,15312
>a 25040,15232,27168,15312
>a 25152,15280,27184,15328
>a 25264,15280,27168,15312
>a 25328,15280,27280,15504
>a 25424,15216,27168,15248
>a 25360,15216,27168,15376
>a 25552,15216,27168,15312
>a 25648,15264,27280,15280
>a 25696,15264,27184,15312
>a 25712,15280,27200,15328
>a 25872,15280,27120,15312
>a 25856,15216,27248,15296
>a 25952,15280,27168,15328
>a 26080,15360,27232,15328
>a 26144,15360,27184,15280
>a 26016,15264,27184,15328
>a 26192,15280,27120,15424
>a 26176,15280,27184,15280
>a 26144,15264,27168,15280
>a 26224,15376,27232,15328
>a 26272,15232,27232,15296
>a 26352,15312,27264,15216
>a 26288,15264,27152,15280
>a 26352,15392,27200,15328
>a 26352,15264,27168,15296
>a 26352,15296,27232,15344
>a 26400,15280,27296,15312
>a 26512,15296,27200,15280
>a 26480,15296,27184,15280
>a 26480,15296,27216,15312
>a 26496,15296,27184,15328
>a 26480,15264,27216,15344
>a 26496,15280,27200,15312
>a 26512,15136,27168,15328
>a 26592,15280,27200,15328
>a 26592,15296,27184,15312
>a 26640,15280,27200,15376
>a 26592,15280,27184,15312
>a 26608,15344,27200,15280
>a 26608,15248,27136,15312
>a 26640,15264,27168,15280
>a 26688,15248,27152,15312
>a 26656,15248,27216,15216
>a 26720,15280,27168,15296
>a 26752,15280,27216,15344
>a 26736,15312,27216,15328
>a 26720,15296,27184,15328
>a 26800,15280,27152,15264
>a 26784,15280,27168,15296
>a 26864,15248,27168,15376
>a 26816,15280,27200,15296
>a 26880,15264,27296,15328
>a 26800,15296,27200,15312
>a 26848,15280,27184,15344
>a 26832,15280,27184,15248
>a 26832,15248,27216,15328
>a 26928,15248,27216,15280
>a 26832,15248,27168,15328
>a 26880,15296,27232,15312
>a 26928,15264,27264,15312
>a 27056,15264,27168,15280
>a 26896,15280,27168,15280
>a 26912,15280,27184,15312
>a 26896,15216,27216,15344
>a 26928,15296,27200,15312
>a 26800,15280,27200,15344
>a 26944,15280,27184,15280
>a 26880,15264,27216,15232
>a 26944,15200,27184,15344
>a 26960,15312,27200,15328
>a 26896,15280,27072,15248
>a 26992,15296,27184,15312
>a 26976,15280,27216,15344
>a 26992,15312,27280,15312
>a 26976,15264,27184,15280
>a 27024,15312,27184,15328
>a 26896,15344,27200,15344
>a 26864,15312,27216,15328
>a 27056,15280,27232,15328
>a 26976,15248,27216,15408
>a 27008,15344,27184,15296
>a 26912,15280,27184,15328
>a 27024,15312,27184,15312
>a 27136,15360,27200,15328
>a 27056,15296,27216,15344
>a 27072,15328,27152,15312
>a 26928,15280,27184,15328
>a 27056,15280,27200,15296
>a 27072,15296,27184,15360
>a 27056,15376,27200,15216
>a 27024,15280,27248,15328
>a 27088,15248,27200,15264
>a 27104,15296,27216,15328
>a 27088,15296,27248,15312
>a 27232,15280,27184,15296
>a 27120,15280,27200,15344
>a 27152,15296,27200,15328
>a 27088,15328,27168,15328
>a 27104,15280,27216,15328
>a 27120,15280,27184,15280
>a 27136,15264,27088,15264
>a 27104,15248,27168,15280
>a 27120,15312,27248,15280
>a 27136,15280,27200,15328
>a 27200,15280,27216,15328
>a 27168,15312,27232,15280
>a 27120,15248,27152,15328
>a 27184,15280,27200,15328
>a 27120,15280,27232,15344
>a 27152,15248,27184,15296
>a 27136,15264,27104,15328
>a 27168,15280,27200,15312
>a 27184,15216,27152,15264
>a 27280,15280,27200,15360
>a 27216,15248,27120,15344
>a 27216,15344,27280,15408
>a 27200,15264,27296,15296
>a 27312,15264,27184,15296
>a 27200,15248,27248,15280
>a 27216,15296,27136,15296
>a 27184,15264,27216,15328
>a 27232,15296,27232,15328
>a 27184,15344,27184,15376
>a 27216,15248,27168,15296
>a 27152,15264,27232,15376
>a 27232,15296,27280,15328
>a 27184,15264,27152,15328
>a 27280,15296,27216,15280
>a 27248,15280,27184,15344
>p 6,90
>a 27424,15312,27312,15312
>a 27424,15312,27200,15328
>a 27376,15280,27184,15328
>a 27280,15376,27216,15408
>a 27424,15264,27152,15376
>a 27392,15296,27200,15312
>a 27424,15232,27200,15312
>a 27360,15216,27200,15296
>p 6,0
>a 27376,15280,27184,15344
>a 27424,15280,27216,15312
>a 27392,15248,27232,15344
>a 27568,15248,27216,15328
>a 27424,15168,27168,15184
>a 27440,15312,27232,15312
>a 27424,15280,27184,15312
>a 27440,15280,27216,15312
>a 27536,15264,27168,15296
>a 27360,15312,27280,15328
>a 27408,15264,27024,15328
>a 27552,15280,27200,15328
>p 7,50
>a 24240,23888,27264,15392
>a 22032,21744,27264,15328
>p 7,0
>a 20192,18992,27184,15296
>a 20272,15792,27184,15296
>a 20272,15264,27184,15280
>a 20400,15264,27184,15328
>a 20416,15264,27232,15440
>a 20256,15264,27136,15248
>a 20352,15232,27184,15312
>p 6,90
>a 23424,15248,26880,15280
>a 26416,15280,26928,15296
>a 27232,15376,26992,15280
>a 27248,15312,27024,15312
>a 27216,15280,26864,15280
>p 6,0
>a 26960,15264,27120,15248
>a 27184,15312,27024,15280
>a 27200,15296,27040,15328
>a 27184,15296,26992,15312
>a 27216,15280,27024,15296
>a 27232,15296,27008,15312
>a 27184,15280,26912,15296
>a 27184,15408,26976,15328
>a 27200,15280,27040,15296
>a 27232,15248,27008,15312
>a 27216,15280,27040,15328
>a 27168,15344,26976,15312
>a 27104,15264,26992,15312
>a 27168,15264,26992,15280
>a 27152,15376,27024,15328
>a 27248,15280,26992,15344
>a 27040,15264,26960,15296
>a 27200,15296,27040,15424
>a 27184,15280,26992,15312
>a 27312,15280,27072,15312
>a 27136,15248,26992,15312
>a 27184,15280,26992,15264
>a 27136,15264,26992,15312
>a 27280,15264,27104,15408
>a 27168,15392,26976,15312
>a 27168,15280,27008,15472
>a 27216,15296,26992,15312
>a 27280,15344,27024,15312
>a 27216,15264,27088,15168
>a 27200,15264,27024,15328
>a 27216,15296,27008,15280
>a 27184,15216,26912,15408
>a 27232,15312,27120,15408
>a 27184,15296,27040,15312
>a 27200,15264,26992,15280
>a 27184,15264,27056,15328
>a 27024,15280,27056,15344
>a 27200,15168,27040,15312
>a 27168,15248,26992,15264
>a 27216,15296,27024,15424
>a 27424,15312,27024,15296
>a 27184,15344,27024,15248
>a 27184,15248,27008,15328
>a 27232,15344,27024,15296
>a 27264,15264,27024,15280
>a 27184,15232,27024,15216
>a 27184,15136,27104,15280
>a 27232,15280,27040,15312
>a 27184,15296,27024,15280
>a 27296,15280,27024,15184
>a 27248,15312,26992,15264
>a 27200,15264,27024,15280
>a 27120,15280,27040,15328
>a 27152,15280,27056,15312
>a 27184,15392,27008,15328
>a 27216,15248,26992,15328
>a 27184,15280,27040,15328
>a 27312,15232,27088,15296
>a 27232,15264,26992,15344
>a 27232,15312,27040,15328
>a 27216,15264,27040,15280
>a 27152,15264,26912,15312
>a 27248,15280,27040,15328
>a 27200,15280,26928,15248
>a 27168,15280,26912,15344
>a 27184,15280,27040,15312
>a 27120,15264,27056,15328
>a 27232,15264,26976,15328
>a 27248,15232,27008,15280
>a 27216,15248,27136,15328
>a 27216,15264,27008,15296
>a 27216,15296,27024,15312
>a 27248,15280,27056,15312
>a 27232,15280,27104,15392
>a 27312,15296,26944,15264
>a 27216,15280,26880,15296
>a 27248,15280,27056,15312
>a 27200,15280,27056,15296
>a 27248,15216,27056,15312
>a 27200,15216,26992,15312
>a 27248,15312,26880,15296
>a 27248,15280,27056,15392
>a 27184,15296,26976,15344
>a 27248,15264,27056,15328
>a 27248,15280,27120,15312
>a 27216,15280,27040,15312
>a 27248,15280,26992,15328
>a 27216,15280,27104,15232
>a 27280,15264,27040,15328
>a 27184,15280,27056,15280
>a 27248,15184,27024,15392
>a 27232,15296,27024,15296
>a 27360,15376,27040,15392
>a 27328,15312,27040,15312
>a 27248,15280,27024,15328
>a 27184,15312,27024,15280
>a 27184,15280,27024,15360
>a 27360,15248,27024,15312
>a 27264,15376,27024,15264
>a 27248,15264,26928,15296
>a 27232,15264,27024,15344
>a 27280,15312,27056,15328
>a 27248,15264,27184,15344
>a 27248,15296,27024,15312
>a 27264,15264,27040,15280
>a 27168,15280,27024,15200
>a 27232,15312,27040,15312
>a 27216,15280,27040,15296
>a 27280,15280,27056,15408
>a 27248,15296,27024,15344
>a 27216,15280,27056,15328
>a 27264,15296,27056,15312
>a 27248,15280,27024,15200
>a 27248,15280,27040,15312
>a 27280,15264,27024,15328
>a 27264,15280,27056,15408
>a 27280,15280,27008,15152
>a 27216,15248,26976,15296
>a 27328,15280,27056,15328
>a 27344,15280,27216,15184
>a 27360,15248,27024,15264
>a 27440,15248,27024,15328
>a 27584,15280,26928,15344
>a 27712,15376,27056,15344
>a 27840,15264,27072,15328
>a 27888,15264,27056,15296
>a 28400,15328,27040,15328
>a 28720,15280,27040,15344
>a 29104,15296,27024,15328
>a 29584,15280,27136,15264
>a 30112,15312,27056,15344
>a 30672,15312,27024,15280
>a 31216,15312,27200,15312
>a 31728,15328,26960,15296
>a 32272,15296,27040,15408
>a 32880,15248,27072,15312
>a 33424,15328,26912,15280
>a 33952,15408,27024,15312
>a 34512,15440,27056,15312
>a 35024,15312,27040,15296
>a 35664,15280,27040,15392
>a 36112,15360,27136,15312
>a 36752,15376,27088,15312
>a 37216,15344,27152,15344
>a 37792,15328,26992,15392
>a 38256,15360,27024,15312
>a 38800,15344,26976,15344
>a 39312,15344,26992,15312
>a 39824,15376,27056,15296
>a 40304,15408,27072,15328
>a 40800,15376,27040,15328
>a 41312,15392,27056,15232
>a 41840,15360,27056,15264
>a 42240,15392,27056,15328
>a 42736,15312,26912,15328
>a 43216,15392,26992,15312
>a 43680,15408,27024,15296
>a 44224,15328,27056,15312
>a 44656,15520,27056,15376
>a 45104,15408,27120,15296
>a 45440,15424,27152,15312
>a 45824,15392,27040,15312
>a 46160,15392,27120,15280
>a 46416,15344,27056,15296
>a 46688,15392,26928,15248
>a 46992,15392,27040,15328
>a 47216,15424,27040,15328
>a 47472,15408,27040,15328
>a 47728,15392,27056,15312
>a 47920,15424,27040,15280
>a 48112,15312,27088,15344
>a 48384,15520,27024,15280
>a 48512,15536,27024,15312
>p 6,90
>a 43072,15488,28656,15408
>a 44240,15392,28816,15312
>a 45712,15408,29456,15360
>a 45456,15376,29696,15376
>a 45232,15408,29936,15344
>a 45008,15440,30192,15344
>a 44816,15424,30416,15392
>a 44912,15408,30624,15392
>a 44864,15344,30864,15328
>a 44912,15392,31152,15344
>a 44848,15392,31392,15312
>a 44816,15456,31568,15344
>a 44784,15280,31728,15328
>a 44608,15408,32032,15376
>a 44624,15408,32224,15440
>a 44592,15408,32432,15360
>a 44608,15408,32704,15376
>a 44560,15392,32912,15408
>a 44496,15504,33104,15392
>a 44480,15408,33312,15376
>a 44544,15392,33472,15376
>a 44464,15408,33744,15280
>a 44368,15424,33840,15376
>a 44448,15392,34064,15376
>a 44416,15408,34320,15456
>a 44352,15392,34496,15440
>a 44512,15504,34656,15376
>a 44432,15408,34912,15344
>a 44432,15408,35040,15376
>a 44400,15488,35280,15392
>a 44432,15392,35472,15344
>a 44400,15408,35648,15312
>a 44448,15504,35856,15376
>a 44464,15408,36032,15392
>a 44432,15392,36080,15376
>a 44448,15344,36464,15392
>a 44608,15376,36592,15392
>a 44560,15424,36752,15376
>a 44528,15520,36944,15392
>a 44592,15376,37024,15392
>a 44560,15472,37264,15248
>a 44656,15392,37456,15520
>a 44672,15520,37648,15344
>a 44688,15408,37792,15408
>a 44704,15216,37968,15312
>a 44736,15376,38144,15376
>a 44816,15408,38288,15408
>a 44816,15376,38432,15312
>a 44976,15472,38656,15472
>a 44944,15520,38832,15328
>a 45008,15424,38976,15392
>a 44976,15376,39120,15456
>a 45008,15408,39280,15408
>a 45120,15408,39472,15408
>a 45136,15520,39584,15424
>a 45120,15392,39680,15392
>a 45168,15504,39984,15264
>a 45232,15408,40032,15392
>a 45280,15376,40224,15424
>a 45312,15488,40368,15440
>a 45424,15344,40480,15408
>a 45408,15408,40624,15424
>a 45440,15504,40816,15440
>a 45472,15504,40928,15440
>a 45632,15408,41088,15408
>a 45584,15392,41232,15392
>a 45664,15408,41360,15376
>a 45728,15392,41520,15424
>a 45840,15376,41680,15472
>a 45824,15392,41760,15424
>a 45840,15424,41952,15424
>a 45968,15424,42064,15376
>a 45968,15440,42240,15424
>a 46048,15440,42336,15408
>a 46112,15424,42496,15408
>a 46176,15520,42448,15552
>a 46176,15392,42672,15424
>a 46304,15424,42768,15456
>a 46304,15392,42912,15408
>a 46400,15424,43088,15440
>a 46416,15408,43184,15424
>a 46480,15456,43312,15440
>a 46576,15424,43424,15440
>a 46672,15424,43568,15424
>a 46640,15392,43680,15440
>a 46672,15392,43744,15424
>a 46736,15392,43888,15456
>a 46752,15408,44000,15440
>a 46848,15440,44128,15456
>a 46880,15408,44240,15440
>a 46880,15408,44320,15504
>a 46960,15408,44464,15376
>a 47040,15392,44528,15616
>a 46896,15408,44640,15424
>a 47152,15392,44832,15440
>a 47200,15360,44832,15440
>a 47232,15456,44848,15424
>a 47248,15392,45040,15456
>a 47360,15392,45168,15344
>a 47424,15408,45232,15440
>a 47408,15392,45392,15440
>a 47456,15504,45456,15424
>a 47536,15408,45536,15440
>a 47552,15392,45616,15456
>a 47600,15392,45744,15440
>a 47664,15392,45776,15456
>a 47664,15376,45888,15456
>a 47728,15472,46000,15488
>a 47792,15376,46048,15520
>a 47744,15504,46128,15424
>a 47888,15424,46192,15456
>a 47904,15392,46224,15440
>a 47984,15424,46384,15456
>a 48000,15456,46448,15440
>a 48016,15328,46576,15456
>a 48112,15392,46640,15456
>a 48112,15440,46672,15472
>a 48224,15440,46816,15472
>a 48224,15424,46896,15472
>a 48288,15408,46928,15392
>a 48272,15328,47056,15472
>a 48368,15424,47072,15456
>a 48320,15424,47136,15408
>a 48400,15408,47232,15456
>a 48480,15408,47264,15552
>a 48464,15424,47376,15408
>a 48544,15440,47536,15440
>a 48624,15536,47456,15472
>a 48608,15376,47584,15456
>a 48640,15440,47632,15536
>a 48688,15472,47712,15456
>a 48656,15520,47728,15552
>a 48720,15440,47760,15344
>a 48720,15440,47856,15456
>a 48832,15440,47904,15440
>a 48784,15392,47936,15472
>a 48816,15520,48080,15472
>a 48912,15440,47984,15440
>a 48912,15392,48112,15456
>a 48976,15568,48208,15456
>a 48976,15408,48144,15440
>a 49008,15456,48272,15392
>a 49056,15408,48304,15440
>a 49072,15456,48352,15488
>a 49072,15424,48432,15456
>a 49136,15408,48432,15424
>a 49072,15392,48528,15472
>a 49280,15440,48544,15424
>a 49264,15456,48560,15424
>a 49328,15408,48528,15424
>a 49232,15344,48752,15552
>a 49360,15440,48720,15456
>a 49360,15424,48624,15424
>a 49376,15440,48832,15440
>a 49424,15504,48864,15472
>a 49440,15408,48912,15488
>a 49504,15424,48944,15472
>a 49536,15424,48928,15456
>a 49552,15488,48992,15536
>a 49520,15520,49072,15552
>a 49552,15408,49072,15472
>a 49696,15424,49104,15472
>a 49616,15424,49136,15472
>a 49648,15424,49136,15472
>a 49680,15280,49248,15440
>a 49760,15424,49232,15440
>a 49792,15520,49168,15536
>a 49776,15440,49296,15456
>a 49760,15408,49328,15472
>a 49728,15408,49392,15472
>a 49776,15440,49408,15536
>a 49808,15312,49408,15456
>a 49904,15504,49456,15456
>a 49904,15408,49424,15296
>a 49840,15344,49504,15456
>a 49920,15392,49488,15536
>a 49968,15392,49584,15472
>a 50000,15408,49552,15392
>a 50016,15440,49632,15504
>a 50080,15424,49600,15440
>a 50032,15408,49696,15376
>a 50064,15392,49728,15472
>a 50064,15424,49744,15472
>a 50096,15264,49744,15568
>a 50192,15408,49808,15488
>a 50144,15424,49840,15392
>a 50176,15584,49808,15536
>a 50272,15424,49840,15568
>a 50224,15440,49856,15488
>a 50192,15424,49968,15472
>a 50336,15344,49920,15456
>a 50256,15440,49920,15488
>a 50288,15408,49936,15344
>a 50352,15472,49968,15456
>a 50336,15456,49920,15552
>a 50288,15424,49952,15408
>a 50384,15440,50000,15440
>a 50400,15456,50080,15472
>a 50416,15472,50096,15488
>a 50384,15408,50096,15440
>a 50432,15392,50112,15472
>a 50464,15456,50128,15472
>a 50432,15440,50064,15456
>a 50448,15424,50096,15504
>a 50480,15424,50160,15472
>a 50480,15440,50192,15472
>a 50464,15424,50208,15440
>a 50464,15456,50224,15472
>a 50592,15440,50256,15472
>a 50544,15424,50208,15520
>a 50608,15472,50288,15472
>a 50592,15440,50272,15408
>a 50608,15408,50304,15568
>a 50608,15408,50256,15456
>a 50656,15408,50352,15472
>a 50592,15424,50352,15456
>a 50672,15440,50384,15456
>a 50672,15456,50352,15472
>a 50688,15456,50384,15488
>a 50624,15456,50400,15472
>a 50576,15424,50352,15536
>a 50720,15424,50416,15472
>a 50736,15440,50448,15360
>a 50736,15424,50464,15472
>a 50720,15504,50496,15520
>a 50768,15456,50496,15472
>a 50832,15488,50464,15472
>a 50736,15536,50528,15424
>a 50816,15424,50496,15472
>a 50800,15456,50576,15472
>a 50864,15392,50528,15456
>a 50864,15408,50544,15456
>a 50864,15456,50592,15488
>a 50784,15472,50544,15456
>a 50832,15408,50608,15472
>a 50976,15408,50480,15472
>a 50912,15456,50640,15472
>a 50896,15536,50640,15472
>a 50928,15440,50608,15504
>a 50960,15440,50672,15552
>a 50912,15440,50656,15440
>a 51024,15472,50656,15488
>a 50944,15424,50720,15440
>a 50960,15296,50672,15488
>a 50992,15520,50752,15472
>a 51024,15472,50736,15504
>a 50976,15424,50720,15456
>a 50992,15424,50752,15472
>a 51024,15488,50768,15440
>a 51024,15424,50768,15456
>a 51056,15440,50768,15472
>a 50992,15408,50784,15472
>a 51120,15456,50800,15488
>a 51056,15536,50800,15392
>a 51072,15424,50720,15440
>a 51120,15536,50784,15456
>a 51088,15440,50832,15472
>a 51088,15408,50800,15472
>a 51056,15536,50864,15488
>a 51088,15376,50864,15488
>a 51056,15440,50864,15520
>a 51120,15456,50848,15376
>a 51120,15456,50864,15488
>a 51248,15568,50880,15472
>a 51120,15472,50944,15408
>a 51200,15456,50912,15584
>a 51056,15424,50864,15424
>a 51104,15456,50960,15488
>a 51232,15344,50992,15440
>a 51120,15536,50896,15488
>a 51152,15424,50960,15504
>a 51184,15472,51024,15552
>a 51216,15408,50976,15504
>a 51216,15440,50928,15552
>a 51264,15440,50976,15504
>a 51312,15376,50960,15456
>a 51264,15456,51056,15440
>a 51200,15424,51040,15472
>a 51248,15424,50960,15472
>a 51312,15440,50992,15456
>a 51248,15424,51088,15488
>a 51248,15520,51008,15472
>a 51296,15440,51024,15488
>a 51248,15392,50992,15472
>a 51264,15392,51024,15488
>a 51248,15440,50992,15456
>a 51280,15456,51056,15504
>a 51424,15296,51024,15504
>a 51296,15472,50992,15456
>a 51392,15408,51040,15472
>a 51312,15392,51056,15488
>a 51312,15440,51056,15488
>a 51312,15424,51056,15520
>a 51312,15440,51104,15488
>a 51408,15424,51152,15472
>a 51456,15456,50928,15472
>a 51328,15424,51104,15536
>a 51264,15440,51120,15472
>a 51376,15408,51088,15504
>a 51360,15440,51056,15472
>a 51376,15392,51168,15504
>a 51440,15424,51120,15472
>a 51408,15456,51072,15472
>a 51312,15472,51168,15488
>a 51376,15440,51088,15456
>a 51408,15536,51248,15472
>a 51424,15456,51184,15520
>a 51408,15456,51200,15568
>a 51408,15456,51152,15488
>a 51344,15408,51184,15488
>a 51456,15424,51200,15472
>a 51456,15440,51120,15488
>a 51376,15456,51216,15424
>a 51472,15456,51232,15488
>a 51472,15408,51168,15568
>a 51520,15424,51232,15456
>a 51440,15456,51248,15488
>a 51472,15408,51200,15472
>a 51456,15408,51232,15472
>a 51488,15456,51216,15456
>a 51456,15440,51248,15456
>a 51488,15312,51248,15504
>a 51488,15424,51344,15472
>a 51488,15520,51312,15488
>a 51584,15440,51232,15440
>a 51504,15456,51296,15488
>a 51488,15440,51280,15472
>a 51488,15424,51296,15488
>a 51504,15472,51280,15424
>a 51536,15424,51312,15472
>a 51472,15440,51296,15488
>a 51504,15408,51328,15344
>a 51568,15424,51216,15504
>a 51536,15440,51344,15488
>a 51504,15424,51280,15472
>a 51568,15440,51312,15488
>a 51632,15392,51312,15488
>a 51504,15424,51312,15408
>a 51568,15456,51360,15472
>a 51568,15408,51312,15552
>a 51568,15408,51328,15504
>a 51616,15456,51328,15472
>a 51568,15440,51360,15472
>a 51632,15472,51312,15472
>a 51632,15440,51328,15472
>a 51568,15440,51472,15552
>a 51568,15440,51344,15424
>a 51568,15440,51360,15472
>a 51600,15408,51344,15456
>a 51600,15392,51312,15456
>a 51600,15440,51392,15472
>a 51600,15440,51360,15472
>a 51616,15440,51376,15440
>a 51600,15424,51408,15472
>a 51680,15520,51312,15504
>a 51616,15424,51376,15472
>a 51568,15440,51360,15472
>a 51600,15440,51360,15536
>a 51632,15408,51472,15456
>a 51632,15312,51408,15392
>a 51616,15456,51392,15472
>a 51568,15456,51424,15440
>a 51664,15360,51376,15488
>a 51632,15392,51392,15472
>p 5,0
>a 51312,15408,50256,15472
>a 49824,15344,49472,15472
>a 49296,15440,48928,15472
>a 48736,15456,48464,15472
>a 48288,15392,47984,15456
>a 47840,15424,47600,15440
>a 47376,15408,47120,15408
>a 46992,15584,46688,15472
>p 5,90
>a 48224,15424,48048,15456
>a 48304,15472,48032,15456
>a 48336,15552,48048,15456
>a 48320,15408,48080,15424
>a 48432,15424,48208,15376
>a 48400,15344,48176,15344
>a 48400,15456,48224,15456
>a 48368,15392,48192,15472
>p 4,90
>a 48176,15424,47952,15456
>a 48272,15376,48000,15440
>a 48240,15408,47984,15472
>a 48336,15408,47936,15472
>a 48224,15440,48048,15456
>a 48272,15424,48080,15456
>a 48320,15440,48096,15472
>a 48288,15392,48096,15472
>a 48320,15424,48080,15440
>a 48368,15424,48160,15456
>a 48336,15424,48112,15504
>a 48416,15424,48160,15488
>a 48448,15408,48160,15440
>a 48416,15472,48240,15472
>a 48480,15456,48256,15280
>a 48400,15424,48176,15440
>a 48464,15408,48256,15472
>a 48496,15424,48240,15456
>a 48496,15456,48240,15472
>a 48432,15408,48288,15472
>a 48496,15440,48240,15456
>a 48512,15408,48288,15408
>a 48544,15376,48304,15440
>a 48560,15408,48400,15488
>p 7,50
>a 43184,42848,48112,15456
>a 45744,45696,48096,15424
>a 48112,48160,48208,15392
>a 48288,48464,48224,15440
>a 48432,48464,48304,15440
>a 48384,48512,48352,15440
>a 48464,48480,48464,15472
>a 48464,48560,48400,15376
>a 48560,48560,48400,15440
>a 48560,48688,48400,15424
>a 48432,48624,48496,15424
>a 48704,48704,48560,15456
>a 48672,48720,48496,15552
>a 48688,48736,48608,15472
>a 48752,48784,48624,15472
>a 48720,48816,48656,15408
>a 48784,48848,48688,15504
>a 48784,48864,48624,15488
>a 48816,48880,48736,15472
>a 48864,48912,48784,15440
>a 48944,48928,48848,15440
>a 48912,48992,48848,15456
>a 48912,48992,48896,15472
>a 48944,49040,48896,15456
>a 49008,49056,48880,15424
>a 49088,49088,48976,15424
>a 49040,49088,48976,15552
>a 49008,49088,49008,15488
>a 49088,49200,49040,15536
>a 49120,49200,49024,15440
>a 49136,49200,49072,15488
>a 49200,49136,49184,15456
>a 49072,49232,49136,15472
>a 49216,49232,49072,15456
>a 49216,49264,49184,15440
>a 49216,49296,49184,15424
>a 49264,49408,49168,15440
>a 49296,49312,49280,15472
>a 49280,49328,49264,15440
>a 49392,49456,49216,15456
>a 49392,49408,49296,15440
>a 49408,49424,49344,15456
>a 49328,49424,49328,15520
>a 49408,49456,49360,15456
>a 49408,49472,49328,15440
>a 49408,49504,49424,15424
>a 49456,49520,49408,15504
>a 49520,49568,49440,15440
>a 49456,49552,49456,15472
>a 49504,49584,49472,15456
>a 49456,49584,49488,15456
>a 49616,49568,49504,15456
>a 49584,49584,49520,15472
>a 49584,49712,49520,15520
>a 49552,49536,49408,15440
>a 49616,49680,49552,15568
>a 49632,49696,49568,15424
>a 49664,49680,49552,15360
>a 49680,49680,49584,15488
>a 49696,49760,49648,15456
>a 49712,49760,49680,15456
>a 49712,49808,49712,15424
>a 49712,49760,49648,15408
>a 49712,49776,49680,15456
>a 49696,49792,49760,15440
>a 49728,49856,49696,15424
>a 49760,49840,49680,15504
>a 49792,49856,49776,15472
>a 49792,49872,49776,15440
>a 49808,49840,49776,15472
>a 49888,49936,49856,15504
>a 49840,49888,49680,15456
>a 49808,49968,49824,15472
>a 49872,49904,49840,15472
>p 7,0
>a 49872,49936,49872,15472
>a 49776,49920,49888,15424
>a 49968,49920,49888,15456
>a 49936,49920,49872,15456
>a 50032,49936,49984,15456
>a 49952,50016,49936,15392
>a 50064,49904,49872,15456
>a 49968,50016,49936,15536
>p 4,0
>a 49952,49808,49968,15472
>a 50016,50048,49968,15456
>a 50032,49968,50016,15424
>a 50080,49936,50016,15472
>a 50048,49936,49968,15440
>a 50064,49936,50096,15440
>a 50064,49936,50032,15488
>a 50112,49936,50032,15504
>a 50096,49952,49952,15472
>a 50128,49936,50128,15488
>a 50128,49952,50080,15552
>a 50160,49904,50016,15472
>a 50128,49936,50112,15440
>a 50240,49936,50144,15504
>a 50224,49936,50160,15488
>a 50192,40208,50112,15472
>a 50160,28192,50080,15488
>a 50192,20208,50000,15456
>a 50208,16288,49968,15472
>a 50288,15424,49936,15440
>a 50256,15456,49968,15472
>a 50224,15392,49968,15456
>a 50240,15488,50016,15488
>a 50320,15424,50032,15472
>a 50288,15424,50000,15440
>a 50368,15456,49984,15456
>a 50304,15520,50016,15488
>a 50288,15424,50032,15440
>a 50320,15520,50096,15536
>a 50336,15424,50048,15440
>a 50288,15392,50096,15472
>a 50336,15456,50096,15472
>a 50320,15424,50096,15488
>a 50352,15440,50160,15504
>a 50448,15392,50176,15456
>a 50352,15408,50160,15440
>a 50448,15344,50112,15472
>a 50400,15424,50192,15488
>a 50448,15440,50048,15440
>a 50352,15440,50160,15456
>a 50416,15456,50192,15440
>a 50448,15424,50176,15344
>a 50448,15536,50192,15456
>a 50464,15408,50128,15440
>a 50528,15376,50208,15504
>a 50496,15440,50208,15456
>a 50464,15408,50224,15440
>a 50528,15440,50256,15488
>a 50384,15440,50256,15408
>a 50512,15424,50224,15456
>a 50512,15392,50320,15456
>a 50512,15424,50256,15440
>a 50576,15472,50304,15488
>a 50512,15424,50304,15456
>a 50544,15536,50288,15536
>a 50544,15520,50320,15536
>a 50512,15456,50336,15488
>a 50640,15424,50336,15456
>a 50672,15440,50368,15472
>a 50544,15408,50384,15440
>a 50544,15440,50384,15456
>a 50528,15440,50336,15456
>a 50592,15360,50336,15552
>a 50592,15536,50416,15472
>a 50608,15344,50352,15456
>a 50608,15440,50432,15488
>a 50640,15440,50352,15440
>a 50624,15408,50416,15472
>a 50672,15408,50416,15472
>a 50656,15440,50432,15472
>a 50656,15472,50448,15392
>a 50688,15440,50528,15472
>a 50704,15424,50448,15472
>a 50656,15424,50464,15472
>a 50640,15504,50480,15456
>a 50736,15488,50480,15488
>a 50768,15440,50480,15408
>a 50720,15424,50480,15472
>a 50768,15376,50576,15504
>a 50768,15440,50512,15472
>a 50736,15408,50464,15472
>a 50736,15536,50544,15520
>a 50768,15440,50544,15472
>a 50800,15552,50528,15488
>a 50768,15440,50512,15472
>a 50736,15408,50544,15536
>a 50768,15456,50544,15488
>a 50784,15456,50608,15456
>a 50800,15472,50512,15456
>a 50768,15408,50560,15456
>a 50784,15408,50592,15424
>a 50848,15456,50592,15488
>a 50848,15408,50592,15440
>a 50736,15424,50544,15456
>a 50864,15472,50608,15488
>a 50832,15456,50576,15488
>a 50864,15440,50640,15488
>a 50896,15440,50608,15456
>a 50832,15424,50592,15456
>a 50848,15344,50656,15488
>a 50912,15472,50640,15504
>a 50864,15440,50608,15472
>a 50896,15456,50672,15488
>a 50896,15408,50688,15456
>a 50944,15408,50656,15424
>a 51104,15456,50688,15456
>a 50928,15392,50672,15504
>a 50912,15440,50688,15472
>a 50960,15456,50720,15472
>a 50912,15456,50688,15408
>a 50928,15440,50720,15344
>a 50992,15456,50768,15504
>a 50800,15456,50688,15456
>a 50976,15456,50704,15440
>a 50976,15440,50688,15440
>a 50992,15472,50768,15488
>a 50992,15440,50784,15504
>a 51024,15536,50736,15472
>a 50976,15440,50784,15504
>a 51008,15456,50832,15472
>a 51072,15392,50736,15376
>a 51056,15456,50768,15472
>a 50960,15440,50800,15472
>a 51120,15408,50736,15472
>a 50960,15408,50800,15552
>a 50992,15456,50816,15488
>a 51040,15424,50800,15472
>a 51072,15424,50864,15440
>a 51008,15408,50800,15456
>a 51040,15376,50848,15520
>a 51056,15456,50864,15440
>a 51056,15456,50816,15456
>a 51024,15408,50800,15472
>a 50976,15424,50688,15472
>a 51088,15456,50928,15536
>a 51120,15520,50816,15504
>a 51168,15504,50864,15440
>a 51104,15472,50864,15488
>a 51056,15424,50832,15472
>a 51040,15440,50848,15472
>a 50976,15264,50864,15456
>a 51056,15440,50848,15472
>a 50992,15424,50800,15456
>a 51040,15552,50800,15472
>a 51056,15456,50880,15472
>a 51072,15552,50880,15504
>a 51056,15456,50864,15504
>a 51056,15456,50816,15472
>a 51040,15440,50800,15472
>a 51040,15552,50800,15456
>a 51056,15440,50864,15488
>a 51040,15520,50896,15424
>a 50992,15424,50800,15488
>a 51088,15440,50864,15440
>a 51040,15440,50800,15472
>a 51024,15408,50800,15440
>a 51008,15440,50736,15424
>a 51024,15424,50784,15456
>a 50928,15344,50800,15472
>a 51056,15456,50832,15472
>a 51040,15440,50784,15424
>a 50992,15440,50768,15392
>a 51008,15520,50848,15456
>a 51056,15456,50768,15376
>a 51040,15520,50752,15472
>a 50992,15408,50768,15440
>a 51040,15392,50736,15456
>a 51040,15472,50736,15456
>a 51088,15440,50800,15472
>a 50864,15424,50736,15456
>a 50928,15456,50848,15504
>a 51040,15488,50800,15456
>a 51008,15424,50768,15472
>a 51024,15456,50736,15488
>a 51056,15440,50752,15424
>a 50992,15456,50768,15488
>a 50976,15488,50800,15488
>a 50992,15456,50800,15504
>a 51024,15520,50784,15488
>a 51024,15472,50784,15472
>p 7,50
>a 44144,43808,50464,15552
>a 44768,44448,50352,15456
>a 44880,44688,50240,15440
>a 44880,44656,49968,15440
>a 45024,44624,49856,15456
>a 44832,44528,49680,15456
>a 44720,44368,49456,15520
>a 44624,44272,49296,15456
>a 44464,44144,49136,15472
>a 44208,44016,48896,15472
>a 44160,43856,48784,15456
>a 44016,43696,48624,15472
>a 43888,43552,48368,15520
>a 43760,43376,48240,15504
>p 7,0
>a 44624,39488,48080,15472
>a 47968,24528,48064,15440
>a 48240,17872,48096,15440
>a 48304,15536,48048,15456
>a 48304,15488,48112,15392
>a 48304,15440,48096,15440
>a 48304,15408,48080,15424
>a 48384,15424,48112,15440
>a 48384,15440,48192,15472
>a 48288,15424,48176,15472
>a 48432,15424,48128,15440
>a 48400,15424,48240,15472
>a 48400,15408,48176,15440
>a 48368,15424,48176,15472
>a 48384,15408,48144,15456
>a 48384,15424,48144,15440
>a 48368,15392,48160,15456
>a 48432,15328,48240,15408
>a 48416,15408,48224,15472
>a 48528,15456,48176,15472
>a 48480,15456,48208,15440
>a 48416,15424,48224,15536
>a 48432,15456,48240,15456
>a 48336,15392,48176,15456
>a 48480,15440,48240,15456
>a 48496,15424,48256,15472
>a 48496,15440,48256,15456
>a 48496,15424,48240,15472
>a 48496,15440,48272,15440
>a 48464,15424,48240,15344
>a 48496,15408,48288,15472
>a 48464,15424,48288,15424
>a 48528,15440,48304,15472
>a 48512,15408,48272,15536
>a 48528,15440,48272,15488
>a 48560,15424,48352,15552
>p 6,0
>a 48624,15408,48336,15424
>a 48544,15456,48320,15456
>a 48624,15456,48336,15536
>a 48528,15440,48176,15456
>a 48464,15424,48320,15408
>a 48544,15440,48432,15392
>a 48528,15408,48336,15440
>a 48416,15440,48352,15472
>a 48528,15392,48352,15424
>a 48560,15344,48352,15456
>a 48528,15520,48384,15520
>a 48496,15424,48432,15600
>a 48544,15392,48368,15456
>a 48560,15424,48416,15488
>a 48512,15472,48400,15520
>p 7,50
>a 41168,39520,48528,15456
>a 36752,36496,48528,15408
>a 33008,32720,48480,15456
>a 29728,29456,48464,15440
>a 26768,26560,48496,15392
>a 28784,27280,48464,15456
>a 37120,36672,48528,15472
>a 37696,37360,48544,15472
>a 37360,37024,48576,15472
>a 36976,36608,48656,15472
>a 36512,36144,48544,15536
>a 36048,35728,48560,15520
>a 35664,35328,48528,15312
>a 35216,34928,48608,15456
>a 34944,34576,48528,15440
>a 34624,34320,48560,15504
>a 34288,34032,48656,15536
>a 34032,33744,48560,15472
>a 33824,33520,48576,15536
>a 33584,33248,48608,15472
>a 33376,33008,48592,15520
>a 33072,32800,48560,15472
>a 32928,32688,48560,15536
>a 32800,32464,48592,15472
>a 32496,32304,48672,15488
>a 32544,32144,48592,15472
>a 32400,32048,48624,15392
>a 32144,31808,48592,15440
>a 32112,31712,48560,15440
>a 31840,31552,48608,15488
>p 7,0
>a 35584,21360,48592,15360
>a 38224,16608,48464,15456
>a 39056,15392,48464,15472
>a 39344,15344,48480,15440
>a 39568,15360,48464,15472
>a 39680,15344,48560,15376
>a 39728,15376,48560,15456
>a 39824,15312,48512,15520
>a 39856,15344,48480,15504
>a 39904,15360,48480,15472
>a 40016,15392,48496,15472
>a 39984,15440,48528,15424
>a 39952,15456,48544,15472
>a 39856,15360,48496,15568
>a 39984,15392,48512,15472
>p 6,90
>a 40112,15424,48608,15552
>a 46272,15424,48192,15456
>a 48416,15392,48256,15440
>a 48496,15424,48272,15296
>a 48464,15392,48176,15456
>a 48496,15520,48304,15456
>a 48496,15392,48240,15456
>a 48528,15456,48208,15456
>a 48496,15440,48400,15392
>a 48560,15440,48208,15504
>a 48528,15440,48368,15536
>a 48528,15440,48304,15536
>a 48496,15408,48272,15472
>a 48528,15392,48272,15456
>a 48496,15456,48304,15488
>p 6,0
>a 48448,15440,48384,15472
>a 48560,15408,48272,15424
>a 48464,15440,48304,15472
>a 48432,15408,48288,15520
>a 48480,15520,48304,15568
>a 48528,15408,48368,15472
>p 6,90
>a 48496,15440,48304,15456
>a 48560,15424,48288,15456
>a 48528,15488,48304,15456
>a 48496,15424,48304,15472
>a 48544,15424,48304,15456
>a 48560,15440,48336,15472
>a 48528,15392,48304,15456
>a 48592,15440,48352,15472
>p 6,0
>a 48528,15408,48320,15472
>a 48592,15424,48304,15440
>a 48496,15408,48304,15440
>a 48512,15344,48320,15536
>p 6,90
>a 48496,15344,48384,15536
>a 48528,15424,48304,15472
>a 48624,15408,48304,15472
>a 48528,15408,48272,15424
>p 6,0
>a 48496,15392,48304,15456
>a 48496,15392,48368,15456
>a 48496,15504,48352,15472
>a 48496,15424,48304,15440
>a 48528,15456,48320,15424
>a 48624,15408,48352,15456
>a 48560,15456,48320,15440
>a 48560,15424,48368,15360
>a 48608,15520,48336,15424
>a 48384,15392,48288,15440
>p 5,0
>a 48432,15408,46448,15456
>a 48544,15408,46000,15472
>p 5,90
>a 48544,15424,47328,15456
>a 48528,15408,47280,15440
>a 48608,15440,47232,15408
>a 48544,15408,47280,15392
>a 48544,15424,47360,15424
>a 48432,15408,47312,15456
>a 48544,15440,47280,15344
>a 48464,15408,47360,15456
>a 48480,15408,47344,15456
>a 48624,15488,47264,15440
>a 48528,15392,47392,15456
>a 48496,15408,47328,15376
>a 48560,15536,47392,15456
>a 48544,15424,47376,15440
>p 5,0
>a 48448,15440,45536,15424
>a 48544,15536,45120,15456
>p 5,90
>a 48480,15408,46640,15408
>a 48560,15424,46640,15440
>a 48528,15376,46672,15456
>a 48608,15408,46528,15456
>a 48512,15408,46608,15424
>a 48544,15504,46640,15504
>a 48544,15424,46608,15520
>a 48560,15504,46688,15488
>a 48528,15344,46640,15568
>a 48544,15424,46672,15424
>a 48496,15408,46656,15440
>a 48512,15504,46672,15408
>a 48576,15424,46688,15456
>a 48496,15520,46672,15456
>p 5,0
>a 48496,15424,44720,15456
>a 48544,15408,44320,15344
>p 5,90
>a 48528,15440,45872,15456
>a 48496,15424,45472,15408
>a 48512,15360,45504,15424
>a 48560,15424,45552,15424
>a 48544,15440,45568,15440
>a 48480,15440,45504,15408
>a 48496,15440,45648,15376
>a 48512,15408,45584,15440
>a 48496,15440,45584,15456
>a 48480,15392,45632,15440
>a 48560,15456,45648,15440
>p 5,0
>a 48496,15296,43792,15440
>a 48512,15408,43392,15408
>a 48512,15520,42992,15456
>a 48496,15248,42576,15424
>a 48528,15456,42128,15488
>a 48496,15408,41840,15424
>a 48512,15472,41424,15376
>a 48544,15424,41072,15472
>a 48480,15440,40672,15408
>a 48496,15408,40272,15408
>a 48464,15424,39920,15376
>a 48528,15440,39600,15376
>a 48528,15392,39216,15376
>a 48496,15440,38896,15424
>a 48496,15424,38544,15392
>a 48496,15424,38320,15408
>a 48528,15392,37920,15408
>a 48560,15472,37616,15408
>a 48624,15392,37168,15344
>a 48544,15440,37024,15328
>a 48432,15424,36640,15408
>a 48528,15424,36352,15392
>a 48496,15408,36016,15344
>a 48496,15440,35888,15472
>a 48528,15408,35552,15344
>a 48528,15216,35328,15472
>a 48432,15408,35008,15376
>a 48544,15392,34672,15376
>a 48592,15488,34352,15328
>a 48496,15392,34176,15392
>a 48496,15408,33888,15328
>a 48368,15408,33648,15344
>a 48512,15520,33360,15376
>a 48464,15424,33120,15376
>a 48560,15440,32944,15376
>a 48496,15408,32560,15248
>a 48496,15424,32384,15344
>a 48496,15440,32112,15344
>a 48432,15392,31936,15376
>a 48496,15536,31664,15328
>a 48480,15424,31456,15328
>a 48528,15424,31264,15360
>a 48496,15424,31040,15328
>a 48480,15440,30784,15200
>a 48496,15376,30512,15344
>a 48480,15440,30400,15344
>a 48528,15424,30256,15296
>a 48432,15440,29920,15344
>a 48496,15424,29696,15280
>a 48464,15376,29504,15408
>a 48464,15456,29264,15328
>a 48496,15440,29104,15216
>a 48480,15440,28912,15392
>a 48496,15440,28736,15344
>a 48480,15424,28496,15328
>a 48560,15440,28336,15344
>a 48496,15392,28160,15344
>a 48384,15424,27904,15328
>a 48496,15440,27760,15328
>a 48512,15536,27584,15392
>a 48560,15408,27440,15328
>a 48496,15392,27248,15312
>p 5,90
>a 48448,15376,28048,15328
>a 48496,15520,28128,15360
>a 48432,15376,28208,15344
>a 48560,15392,28224,15344
>a 48496,15440,28240,15312
>a 48496,15488,28368,15344
>a 48480,15424,28400,15296
>a 48496,15440,28496,15328
>a 48432,15408,28496,15312
>a 48576,15456,28576,15424
>a 48592,15424,28496,15344
>a 48496,15456,28656,15328
>a 48560,15424,28720,15424
>a 48496,15408,28768,15440
>a 48496,15440,28640,15408
>a 48480,15392,28752,15280
>a 48480,15392,28832,15344
>a 48464,15392,28992,15344
>