
>
>v 1 Jul 11 2014, <C1459854>
>a 15440,15168,15168,15216
>a 15440,15232,15216,15200
>a 15472,15184,15200,15200
>a 15408,15152,15200,15200
>a 15568,15152,15296,15216
>a 15440,15168,15200,15200
>a 15440,15184,15184,15216
>a 15424,15152,15184,15200
>a 15440,15168,15168,15200
>a 15472,15216,15264,15232
>a 15440,15264,15184,15136
>a 15472,15200,15184,15200
>a 15408,15168,15152,15216
>a 15488,15184,15216,15248
>a 15424,15168,15184,15184
>a 15456,15264,15280,15168
>a 15456,15168,15200,15152
>a 15472,15104,15184,15184
>a 15456,15200,15216,15200
>a 15456,15216,15216,15264
>p 5,90
>a 15472,15248,15088,15184
>a 15440,15168,15200,15152
>a 15440,15184,15200,15216
>a 15472,15168,15248,15216
>a 15600,15152,15168,15152
>p 5,0
>a 15376,15136,15216,15200
>a 15472,15120,15168,15216
>a 15520,15296,15168,15216
>a 15376,15168,15136,15200
>a 15408,15120,15184,15216
>a 15424,15280,15184,15200
>p 4,90
>a 15584,15136,15152,15200
>a 15472,15200,15248,15184
>a 15456,15200,15152,15312
>a 15472,15184,15184,15280
>p 4,0
>a 15376,15280,15184,15168
>a 15472,15168,15200,15280
>a 15504,15184,15216,15168
>a 15456,15248,15152,15168
>a 15424,15168,15152,15184
>a 15440,15200,15200,15184
>a 15456,15168,15184,15216
>p 4,90
>a 15456,15104,15184,15216
>a 15392,15168,15216,15232
>a 15472,15200,15216,15376
>a 15472,15168,15200,15216
>a 15536,15184,15200,15264
>a 15360,15136,15200,15200
>a 15440,15184,15216,15216
>a 15424,15168,15120,15200
>a 15536,15152,15184,15216
>a 15376,15152,15120,15168
>a 15440,15168,15216,15216
>a 15456,15152,15152,15216
>a 15424,15168,15184,15088
>a 15536,15152,15152,15168
>a 15568,15184,15200,15200
>a 15536,15152,15184,15280
>a 15440,15184,15120,15184
>a 15456,15168,15184,15184
>a 15440,15136,15184,15216
>a 15408,15264,15184,15200
>a 15456,15248,15216,15344
>a 15376,15216,15216,15200
>a 15456,15152,15200,15312
>a 15456,15312,15184,15056
>a 15440,15280,15216,15280
>a 15408,15152,15200,15184
>a 15456,15312,15184,15216
>a 15424,15184,15216,15312
>a 15456,15104,15184,15280
>a 15408,15168,15184,15200
>a 15376,15184,15216,15232
>a 15440,15184,15184,15216
>a 15408,15136,15264,15216
>a 15392,15184,15184,15232
>a 15424,15184,15344,15216
>a 15456,15200,15168,15184
>a 15440,15152,15136,15184
>p 6,90
>a 15456,15184,15200,15216
>a 15472,15184,15184,15296
>a 15472,15216,15184,15200
>p 6,0
>a 15632,15200,15184,15232
>a 15792,15168,15232,15296
>a 15888,15152,15184,15216
>a 16016,15184,15152,15136
>a 16128,15168,15184,15232
>a 16048,15152,15120,15328
>a 16384,15280,15216,15216
>a 16224,15184,15136,15200
>a 16304,15264,15344,15264
>a 16368,15152,15168,15200
>a 16384,15104,15136,15216
>a 16416,15152,15184,15248
>p 6,90
>a 15696,15104,15200,15216
>a 15408,15168,15296,15312
>a 15392,15200,15168,15216
>a 15408,15280,15168,15184
>a 15520,15152,15184,15200
>a 15440,15184,15152,15136
>a 15312,15200,15104,15168
>p 6,0
>a 15392,15152,15104,15216
>a 15440,15136,15264,15216
>a 15504,15184,15184,15184
>a 15600,15168,15184,15216
>a 15536,15264,15200,15232
>a 15552,15248,15248,15184
>a 15584,15328,15184,15216
>a 15648,15184,15184,15216
>a 15664,15168,15152,15136
>a 15664,15184,15168,15200
>a 15728,15200,15200,15312
>p 6,90
>a 15424,15200,15168,15216
>a 15408,15184,15264,15184
>a 15520,15168,15200,15200
>p 6,0
>a 15456,15200,15168,15248
>a 15472,15200,15184,15216
>a 15584,15120,15152,15216
>a 15424,15200,15136,15312
>a 15504,15168,15152,15216
>p 6,90
>a 15456,15200,15248,15296
>a 15408,15200,15200,15184
>a 15424,15152,15152,15264
>a 15456,15200,15168,15216
>p 6,0
>a 15440,15248,15184,15200
>a 15424,15184,15168,15216
>a 15440,15184,15168,15280
>a 15456,15168,15040,15168
>a 15520,15152,15184,15136
>a 15568,15200,15200,15200
>a 15568,15168,15088,15216
>p 7,23
>a 15760,15152,15120,15184
>a 15696,15216,15248,15216
>a 15616,15120,15200,15216
>p 7,0
>a 15664,15184,15216,15200
>a 15728,15168,15200,15136
>a 15744,15088,15184,15216
>a 15792,15168,15200,15120
>a 15904,15184,15184,15216
>p 6,90
>a 15728,15168,15184,15200
>a 15392,15264,15104,15184
>a 15424,15216,15120,15232
>a 15392,15168,15168,15280
>p 6,0
>a 15456,15184,15184,15216
>a 15488,15216,15200,15216
>a 15520,15152,15200,15216
>a 15504,15232,15136,15216
>a 15536,15104,15168,15184
>a 15536,15168,15136,15216
>a 15600,15184,15152,15216
>a 15728,15216,15184,15200
>a 15648,15200,15136,15232
>a 15648,15104,15152,15216
>a 15728,15200,15200,15296
>a 15696,15152,15136,15216
>a 15808,15200,15280,15184
>a 15792,15152,15168,15168
>a 15824,15184,15136,15200
>a 15808,15184,15120,15200
>a 15856,15184,15168,15216
>a 15904,15168,15168,15328
>a 15952,15200,15088,15216
>a 15920,15184,15152,15200
>a 16000,15152,15136,15216
>a 16096,15216,15184,15184
>a 16144,15184,15248,15200
>a 16048,15280,15184,15200
>a 16096,15184,15152,15200
>a 16144,15184,15200,15200
>a 16144,15200,15136,15200
>a 16080,15168,15168,15072
>a 16096,15168,15168,15184
>a 16272,15296,15152,15232
>a 16224,15184,15168,15216
>a 16272,15200,15200,15232
>a 16240,15216,15152,15200
>a 16336,15216,15216,15312
>a 16448,15136,15184,15200
>a 16400,15152,15184,15168
>a 16416,15200,15312,15216
>a 16432,15088,15264,15200
>a 16464,15280,15264,15152
>a 16576,15168,15152,15200
>a 16528,15168,15184,15248
>a 16512,15232,15152,15216
>a 16528,15200,15168,15152
>a 16544,15248,15184,15216
>a 16592,15120,15168,15184
>a 16576,15264,15136,15216
>a 16576,15216,15184,15232
>a 16608,15088,15072,15200
>a 16688,15184,15104,15216
>a 16720,15184,15168,15280
>a 16672,15184,15152,15360
>a 16848,15152,15296,15216
>a 16672,15200,15312,15216
>a 16720,15168,15184,15184
>a 16720,15152,15136,15216
>a 16736,15088,15184,15200
>a 16784,15184,15184,15184
>a 16784,15040,15152,15136
>a 16800,15200,15200,15216
>a 16784,15168,15152,15184
>a 16816,15200,15040,15216
>a 16800,15152,15216,15232
>a 16784,15152,15136,15200
>a 16816,15152,15168,15136
>a 16752,15200,15168,15184
>a 16832,15120,15152,15200
>a 16864,15184,15200,15088
>a 16848,15184,15184,15216
>a 16880,15168,15232,15136
>a 16880,15200,15200,15232
>a 16880,15264,15200,15216
>a 16896,15152,15264,15216
>