
>
>
>v 1 Jul 10 2014, <0E8682B8>
>a 41104,15744,40416,15824
>a 41120,15728,40368,15888
>a 41248,15776,40384,15824
>a 41136,15744,40400,15792
>a 41088,15776,40416,15824
>a 41104,15760,40368,15840
>a 41136,15760,40432,15824
>a 41136,15792,40432,15840
>a 41136,15776,40592,15824
>a 41072,15760,40384,15760
>a 41136,15744,40400,15808
>a 41040,15744,40368,15824
>a 41120,15744,40416,15776
>a 41136,15776,40400,15824
>a 41120,15696,40368,15792
>a 41104,15744,40368,15808
>a 41088,15856,40560,15840
>a 41072,15712,40432,15792
>a 41104,15760,40496,15840
>a 41184,15760,40336,15792
>a 41008,15744,40416,15776
>a 41104,15776,40384,15824
>a 40976,15824,40400,15824
>a 41184,15776,40400,15856
>a 41136,15728,40400,15792
>a 41104,15856,40400,15808
>a 41136,15728,40368,15776
>a 41120,15760,40432,15808
>a 41104,15728,40416,15840
>a 41136,15792,40400,15776
>a 41104,15856,40400,15792
>a 41136,15744,40432,15840
>a 41088,15728,40400,15808
>a 41248,15760,40336,15680
>a 41136,15760,40384,15760
>a 41072,15776,40416,15808
>a 41120,15728,40400,15856
>p 6,0
>a 41168,15600,40240,15792
>a 41184,15728,40400,15792
>a 41008,15776,40352,15792
>a 41136,15776,40464,15824
>a 41184,15712,40400,15824
>a 41104,15792,40432,15856
>a 41168,15760,40416,15904
>a 41136,15760,40432,15888
>p 6,90
>a 41120,15840,40432,15824
>a 40992,15856,40384,15744
>a 41232,15840,40416,15792
>a 41104,15776,40368,15744
>a 41088,15728,40400,15808
>p 5,0
>a 39584,15728,38704,15792
>a 38736,15760,38000,15728
>a 38016,15696,37312,15664
>a 37392,15648,36656,15744
>p 5,90
>a 38608,15728,37920,15728
>a 38656,15728,37904,15616
>a 38608,15728,37920,15728
>a 38656,15760,37856,15744
>p 6,0
>a 38704,15744,38000,15696
>a 38736,15728,37984,15664
>a 38672,15760,38016,15728
>a 38736,15744,38016,15728
>a 38704,15792,38144,15712
>a 38704,15776,38064,15712
>a 38704,15808,38064,15744
>a 38720,15712,38080,15856
>a 38752,15776,38144,15760
>a 38688,15712,38096,15728
>a 38752,15728,38112,15632
>a 38656,15712,38160,15760
>p 6,90
>a 38864,15776,38176,15696
>p 6,0
>a 38768,15824,38176,15760
>a 38896,15744,38192,15712
>a 38832,15744,38192,15760
>a 38912,15728,38288,15824
>a 38800,15728,38176,15696
>a 38864,15744,38208,15744
>a 38656,15744,38208,15728
>a 38768,15616,38288,15792
>p 4,0
>a 38960,15712,38288,15760
>a 38896,15856,38336,15776
>a 38832,15728,38288,15744
>a 38864,15856,38304,15792
>a 38848,15712,38272,15728
>a 38960,15728,38320,15744
>a 38960,15680,38320,15776
>a 38848,15728,38320,15664
>a 38896,15760,38400,15728
>p 6,90
>a 39056,15664,38320,15760
>a 39072,15696,38320,15792
>a 39024,15728,38304,15776
>a 39056,15712,38320,15856
>a 39056,15728,38320,15776
>p 6,0
>a 39056,15792,38336,15728
>a 39024,15728,38304,15776
>a 38928,15696,38384,15776
>p 6,90
>a 39024,15696,38320,15776
>a 39088,15792,38320,15776
>a 39040,15712,38368,15760
>a 39120,15728,38320,15776
>a 39120,15728,38368,15760
>a 39024,15728,38448,15776
>p 4,90
>a 38736,15728,37936,15696
>a 38192,15728,37472,15776
>a 37680,15856,37072,15728
>p 4,0
>a 37392,15744,36704,15728
>a 37504,15712,36752,15712
>a 37408,15696,36784,15744
>a 37552,15760,36784,15728
>a 37536,15664,36784,15776
>a 37488,15696,36864,15728
>a 37536,15664,36816,15712
>p 4,90
>a 37536,15728,36720,15664
>a 37024,15648,36240,15728
>a 36704,15792,36064,15712
>p 4,0
>a 36576,15712,35744,15840
>a 36480,15664,35744,15664
>a 36512,15712,35808,15664
>a 36512,15776,35824,15648
>a 36560,15648,35824,15712
>a 36528,15712,35872,15696
>a 36528,15712,35872,15696
>a 36592,15760,35936,15616
>a 36576,15712,35904,15632
>a 36608,15712,35920,15712
>a 36720,15712,35952,15728
>a 36736,15712,36048,15792
>a 36688,15664,35984,15728
>a 36784,15712,36000,15712
>a 36768,15696,36048,15664
>a 36720,15712,36016,15712
>a 36688,15696,35984,15696
>a 36880,15664,35936,15728
>a 36736,15696,36048,15728
>p 7,50
>a 32736,32176,36144,15728
>a 32816,32272,35920,15728
>a 32688,32240,35696,15680
>p 7,0
>a 35952,17376,35376,15664
>a 36144,15600,35504,15696
>a 36144,15776,35408,15760
>a 36192,15552,35456,15680
>a 36176,15696,35488,15696
>a 36112,15632,35472,15632
>a 36176,15648,35472,15792
>a 36176,15664,35504,15696
>a 36160,15712,35504,15680
>a 36272,15696,35536,15696
>a 36240,15744,35536,15680
>a 36144,15696,35568,15664
>a 36272,15728,35584,15664
>a 36272,15664,35552,15776
>a 36368,15696,35536,15680
>p 4,90
>a 35888,15728,35216,15632
>p 4,0
>a 35616,15744,34912,15776
>a 35664,15648,34976,15632
>a 35648,15776,34928,15648
>a 35632,15680,34976,15776
>a 35616,15632,34864,15632
>a 35728,15584,34944,15616
>a 35696,15664,34960,15568
>a 35696,15680,34992,15728
>a 35712,15664,34976,15680
>a 35808,15680,35024,15632
>a 35728,15600,35088,15648
>a 35728,15616,35024,15616
>a 35552,15664,35040,15664
>a 35840,15776,35120,15664
>a 35744,15648,35024,15648
>a 35728,15728,35168,15680
>a 35744,15728,35072,15680
>a 35760,15600,35072,15664
>a 35856,15664,35088,15680
>a 35792,15664,35040,15632
>a 35824,15744,35088,15616
>a 35760,15616,35088,15648
>a 35776,15664,35120,15680
>a 35808,15664,35120,15680
>a 35760,15568,35072,15648
>a 35792,15696,35120,15664
>a 35824,15728,35120,15664
>a 35856,15680,35152,15536
>a 35824,15664,35088,15584
>a 35824,15664,35152,15680
>a 35856,15776,35120,15664
>a 35872,15696,35152,15680
>a 35952,15664,35120,15648
>a 35856,15680,35152,15664
>a 35872,15632,35168,15744
>a 35840,15664,35168,15648
>a 35856,15696,35168,15648
>a 35904,15680,35184,15664
>a 35856,15680,35168,15696
>p 7,50
>a 32048,31504,35104,15712
>a 32080,31504,34912,15584
>p 7,0
>a 32352,29536,34816,15680
>a 35248,16400,34480,15776
>a 35296,15632,34448,15648
>a 35200,15664,34480,15696
>a 35168,15648,34544,15792
>a 35200,15616,34496,15760
>a 35248,15648,34528,15648
>a 35280,15712,34528,15728
>p 5,0
>a 33600,15616,32976,15616
>p 5,90
>a 34064,15680,33456,15632
>a 34288,15616,33456,15648
>a 34256,15632,33536,15648
>a 34288,15744,33568,15584
>a 34480,15760,33616,15648
>a 34304,15632,33600,15648
>a 34352,15664,33584,15728
>a 34304,15728,33584,15648
>a 34336,15632,33616,15616
>a 34336,15664,33712,15664
>a 34336,15632,33616,15712
>a 34416,15664,33776,15744
>a 34384,15632,33664,15664
>a 34480,15584,33696,15632
>a 34352,15664,33712,15664
>a 34288,15696,33680,15632
>a 34384,15632,33632,15648
>a 34544,15664,33712,15600
>a 34400,15664,33728,15632
>a 34544,15616,33744,15664
>a 34448,15648,33696,15632
>a 34464,15664,33744,15648
>a 34416,15712,33776,15648
>a 34480,15664,33808,15648
>a 34448,15664,33776,15696
>a 34480,15664,33744,15648
>a 34544,15664,33840,15664
>a 34480,15648,33872,15664
>a 34480,15680,33792,15664
>a 34608,15664,33760,15664
>a 34544,15728,33808,15648
>a 34464,15664,33776,15664
>a 34544,15664,33920,15664
>a 34544,15664,33824,15568
>a 34560,15648,33808,15664
>a 34528,15648,33808,15536
>a 34656,15680,33856,15648
>a 34544,15728,33808,15616
>a 34496,15600,33824,15648
>a 34480,15632,33824,15632
>a 34560,15680,33872,15728
>a 34512,15712,33920,15664
>p 5,0
>a 33008,15472,32272,15632
>a 32464,15616,31728,15584
>p 5,90
>a 33328,15616,32560,15616
>a 33280,15568,32544,15648
>a 33232,15600,32656,15664
>a 33456,15600,32576,15664
>a 33296,15584,32608,15744
>a 33328,15616,32592,15632
>p 6,0
>a 33392,15712,32624,15648
>a 33312,15584,32624,15744
>a 33488,15680,32512,15808
>a 33328,15616,32784,15632
>a 33376,15632,32672,15664
>a 33408,15584,32688,15552
>p 5,0
>a 33440,15600,31280,15600
>a 33376,15584,30672,15504
>p 5,90
>a 33360,15504,31568,15600
>a 33424,15632,31520,15680
>a 33392,15600,31648,15536
>a 33456,15648,31648,15584
>a 33312,15616,31664,15616
>a 33424,15600,31712,15584
>a 33360,15600,31728,15584
>a 33360,15696,31792,15600
>a 33424,15600,31792,15520
>a 33392,15616,31760,15632
>a 33328,15664,31792,15712
>a 33520,15632,31728,15616
>a 33440,15472,31792,15648
>a 33344,15552,31792,15632
>a 33392,15632,31792,15616
>a 33392,15568,31776,15600
>a 33360,15568,31840,15616
>a 33504,15568,31920,15488
>a 33376,15696,31856,15616
>a 33328,15600,31888,15648
>a 33296,15584,31952,15712
>a 33376,15632,31824,15664
>a 33376,15600,31856,15600
>p 7,50
>a 28144,27680,32240,15680
>a 23632,23088,32048,15664
>a 33328,32816,32224,15728
>p 7,0
>a 34768,26752,32144,15616
>a 36560,16096,31952,15632
>a 37072,15680,31952,15664
>a 37040,15648,31888,15616
>a 37200,15664,31920,15632
>p 7,50
>a 29088,28608,32352,15616
>a 25248,24688,32032,15600
>a 24704,23952,32224,15696
>a 25568,24928,32128,15632
>a 26352,25648,32176,15536
>a 26784,26080,32208,15568
>p 7,0
>a 31680,16224,32016,15616
>a 33936,15680,31856,15712
>a 34944,15536,31984,15632
>a 35424,15584,31984,15600
>a 35568,15776,32080,15632
>a 35488,15648,32000,15568
>a 35744,15648,31984,15632
>p 7,50
>a 30384,29872,32352,15568
>a 25648,25008,32176,15632
>a 23712,23072,32192,15616
>a 25040,24272,32208,15664
>a 25904,25424,32288,15616
>a 26672,25968,32224,15632
>p 7,0
>a 27280,25840,32176,15600
>a 32048,15920,32016,15616
>a 33744,15616,31984,15696
>a 34400,15744,32000,15632
>a 34608,15664,32032,15568
>a 34848,15600,32048,15648
>a 34752,15728,32032,15648
>a 34960,15600,31984,15616
>a 34992,15600,32000,15648
>p 7,50
>a 27776,27120,32368,15632
>a 23856,23328,32144,15600
>a 23280,22640,32176,15728
>a 24656,23952,32176,15648
>a 25504,24928,32224,15616
>p 7,0
>a 27280,21808,32192,15632
>a 31664,15600,32048,15568
>a 33200,15584,32112,15616
>a 33808,15664,32048,15600
>a 34000,15632,32000,15616
>a 34128,15632,32048,15680
>a 34336,15648,32032,15584
>a 34288,15632,32048,15632
>a 34416,15664,32032,15600
>p 7,50
>a 27264,26672,32336,15728
>a 23504,22880,32176,15632
>a 22736,22016,32144,15600
>a 23920,23296,32176,15600
>a 24816,24064,32176,15632
>p 7,0
>a 26704,20720,32128,15728
>a 30928,15408,32048,15648
>a 32608,15600,32048,15632
>a 33184,15616,32064,15632
>a 33376,15616,32000,15632
>a 33552,15440,32112,15648
>a 33680,15632,31936,15600
>p 7,50
>a 26768,26160,32176,15616
>a 23248,22512,32176,15616
>a 22240,21584,32176,15760
>a 23120,22448,32208,15648
>a 23792,23136,32208,15696
>p 7,0
>a 28160,16016,32048,15616
>a 30928,15568,32128,15632
>a 32016,15616,32064,15632
>a 32640,15632,31984,15632
>a 32960,15520,32032,15600
>a 33056,15584,32032,15632
>a 33216,15632,32048,15616
>a 33296,15680,32160,15648
>a 33392,15584,32048,15648
>a 33328,15584,32048,15616
>a 33424,15600,32032,15568
>a 33552,15536,32112,15568
>a 33520,15632,32016,15648
>a 33552,15584,32048,15600
>p 7,50
>a 33584,15632,31952,15728
>a 24992,24432,32272,15632
>a 21984,21456,32112,15616
>a 22096,21472,32160,15616
>a 23296,22720,32176,15616
>p 7,0
>a 25904,18464,32096,15728
>a 29984,15552,32048,15616
>a 31696,15568,32048,15616
>a 32240,15616,32048,15616
>a 32560,15616,32048,15472
>a 32688,15632,32048,15568
>a 32832,15600,32016,15600
>p 7,50
>a 29520,22192,32208,15648
>a 24544,23952,32432,15664
>a 21840,21184,32160,15696
>a 21760,20960,32112,15648
>a 22448,21760,32144,15632
>p 7,0
>a 26560,15728,32096,15648
>a 29680,15600,32080,15712
>a 31088,15536,32032,15584
>a 31728,15600,32096,15728
>a 32016,15552,32016,15712
>a 32208,15584,32112,15760
>a 32288,15600,32048,15696
>p 7,50
>a 26432,26096,32304,15632
>a 22832,22128,32208,15648
>a 21184,20384,32304,15712
>a 21632,20944,32176,15632
>a 22272,21536,32176,15664
>p 7,0
>a 26736,15440,32064,15648
>a 29392,15488,32016,15600
>a 30880,15568,32048,15648
>a 31312,15568,32032,15632
>a 31632,15584,32048,15696
>a 31776,15536,32160,15616
>a 32032,15568,32080,15648
>a 32048,15584,32048,15680
>a 32144,15600,32032,15616
>a 32176,15584,32064,15728
>a 32176,15600,32080,15520
>a 32272,15696,32080,15600
>a 32384,15552,32048,15616
>a 32416,15616,32064,15616
>a 32304,15584,32080,15648
>a 32400,15552,31984,15600
>a 32368,15632,32160,15632
>a 32368,15536,32160,15616
>a 32416,15584,32064,15664
>a 32448,15632,32048,15648
>a 32480,15536,32048,15712
>a 32496,15616,32112,15648
>a 32480,15504,32112,15648
>a 32464,15584,32144,15632
>a 32544,15616,32032,15616
>a 32560,15712,32080,15616
>a 32528,15600,32048,15632
>a 32512,15600,32048,15648
>a 32576,15584,32032,15616
>a 32592,15600,32176,15600
>a 32592,15600,32080,15664
>a 32592,15568,32016,15632
>a 32592,15648,32048,15648
>a 32592,15648,32048,15632
>