
>v 1 Jul 10 2014, <0E8682B8>
>a 49024,15968,34160,15696
>a 48976,15920,34112,15664
>a 49040,15824,34160,15680
>a 49024,16016,34144,15760
>a 48992,15952,34240,15696
>a 49008,15984,34160,15664
>a 48960,15968,34096,15664
>p 5,90
>a 49024,15904,34144,15616
>a 49072,15936,34224,15760
>a 49024,15888,34240,15664
>a 48992,15840,34288,15632
>a 48992,15856,34192,15584
>a 48976,15968,34096,15648
>a 49072,15936,34160,15664
>a 49104,16048,34192,15664
>a 49136,16048,34176,15664
>a 49008,16032,34128,15648
>p 5,0
>a 48912,15856,32480,15648
>p 5,90
>a 49120,16016,33424,15632
>a 49008,16000,33328,15648
>a 49008,15968,33456,15648
>a 48944,15968,33296,15664
>a 48960,15952,33360,15600
>a 49008,15952,33408,15616
>a 48992,15952,33456,15664
>a 48992,15968,33440,15696
>a 48976,15968,33456,15600
>a 49008,15968,33424,15616
>a 48976,15952,33408,15648
>