
>
>
>
>
>D 0,100
S3FD000000009051002099010008A1010008A3010008A5010008A7010008A901000800000000000000000000000000000000AB010008AD01000800000000AF010008891B0008B3010008B3010008B3010008B3010008B3010008B3010008B3010008B3010008B3010008B3010008B3010008B3010008B3010008B3010008B3010008B3010008B3010008B3010008B3010008B3010008B3010008B3010008B3010008B3010008B3010008B3010008B3010008B3010008B3010008B3010008B3010008B3010008B3010008B3010008B3010008B3010008B3010008311C0008B3010008B3010008B3010008B3010008B3010008B3010008B3010008B3010008CA
S30D000000F8B3010008B301000882
>
>
>
>t
0,0,0
100,0,0
100,0,0
900,0,0
900,2,2
910,2,2
915,2,2
>
>
>
>
>t
0,0,0
100,0,0
100,0,0
900,0,0
900,2,2
910,2,2
915,2,2
>
>t
0,0,0
100,0,0
100,0,0
900,0,0
900,2,2
910,2,2
915,2,2
>
>