v 1 Jul 11 2014, <C1459854>
>v 1 Jul 11 2014, <C1459854>
>a 25456,15232,25408,15280
>a 25600,15248,25344,15344
>a 25584,15264,25392,15280
>a 25632,15328,25408,15248
>a 25536,15232,25456,15280
>a 25616,15248,25456,15312
>a 25584,15232,25392,15248
>a 25616,15248,25504,15232
>a 25664,15344,25424,15280
>a 25616,15216,25392,15280
>a 25616,15248,25360,15280
>a 25632,15248,25408,15280
>a 25616,15216,25344,15280
>a 25648,15264,25392,15296
>a 25616,15232,25392,15376
>a 25728,15264,25376,15280
>a 25728,15152,25328,15280
>a 25648,15216,25392,15248
>a 25664,15232,25408,15136
>a 25616,15232,25376,15296
>a 25648,15200,25408,15280
>a 25856,15264,25392,15200
>a 25712,15248,25424,15280
>a 25504,15152,25424,15296
>a 25616,15312,25360,15264
>p 7,1
>p 7,24
>a 25632,15248,25328,15280
>p 7,1
>a 25680,15344,25360,15264
>p 7,1
>a 25616,15360,25392,15264
>a 25632,15216,25520,15280
>a 25648,15216,25440,15280
>a 25616,15216,25440,15280
>a 25520,15184,25392,15312
>a 25648,15232,25360,15280
>a 25616,15184,25408,15280
>a 25632,15280,25504,15232
>p 7,1
>p 7,1
>p 7,1
>a 25632,15296,25360,15264
>p 7,1
>p 7,1
>p 7,1
>p 7,1
>p 7,1
>a 25648,15248,25408,15296
>p 7,1
>a 25680,15344,25504,15296
>a 25504,15248,25392,15216
>a 25648,15216,25456,15280
>a 25648,15280,25392,15456
>a 25584,15328,25360,15216
>a 25616,15248,25376,15280
>p 7,1
>p 7,1
>p 7,1
>p 7,1
>p 7,2
>a 25600,15120,25504,15376
>p 7,2
>p 7,2
>p 7,2
>p 7,2
>p 7,2
>p 7,2
>a 25664,15232,25376,15280
>p 7,2
>a 25616,15216,25424,15280
>a 25680,15280,25408,15280
>a 25648,15232,25376,15344
>a 25664,15264,25424,15328
>a 25632,15216,25360,15296
>a 25664,15328,25360,15280
>p 7,2
>p 7,2
>p 7,2
>p 7,2
>a 25648,15264,25392,15360
>p 7,2
>p 7,2
>p 7,2
>p 7,2
>p 7,2
>p 7,2
>p 7,2
>p 7,2
>p 7,3
>p 7,3
>p 7,3
>a 25696,15248,25376,15280
>p 7,3
>p 7,3
>p 7,3
>p 7,3
>p 7,3
>a 25600,15248,25456,15264
>a 25664,15264,25424,15296
>a 25664,15216,25472,15296
>a 25696,15296,25376,15280
>a 25600,15248,25408,15280
>a 25664,15152,25408,15280
>p 7,3
>p 7,3
>a 25760,15264,25408,15248
>p 7,3
>p 7,3
>p 7,3
>p 7,3
>p 7,3
>a 25696,15264,25392,15296
>a 25776,15216,25392,15232
>a 25632,15312,25488,15280
>a 25616,15344,25440,15264
>a 25632,15248,25456,15312
>a 25632,15344,25440,15280
>a 25456,15248,25392,15344
>p 7,3
>a 25648,15264,25440,15312
>p 7,3
>p 7,3
>p 7,3
>p 7,3
>p 7,3
>p 7,3
>p 7,3
>p 7,3
>p 7,3
>p 7,3
>a 25648,15232,25456,15280
>p 7,2
>p 7,2
>p 7,2
>p 7,2
>p 7,2
>p 7,2
>p 7,2
>p 7,2
>p 7,2
>a 25648,15264,25440,15280
>a 25648,15248,25376,15296
>a 25664,15216,25424,15344
>a 25600,15216,25408,15280
>a 25504,15264,25424,15360
>a 25648,15248,25424,15280
>a 25648,15072,25408,15184
>a 25696,15120,25424,15280
>a 25664,15232,25424,15280
>p 7,2
>p 7,2
>p 7,2
>p 7,2
>p 7,2
>p 7,2
>p 7,2
>a 25632,15248,25424,15280
>p 7,2
>p 7,2
>p 7,1
>a 25664,15264,25408,15264
>a 25648,15264,25424,15360
>a 25664,15264,25456,15280
>a 25776,15296,25424,15264
>a 25776,15344,25456,15280
>a 25680,15232,25296,15232
>a 25664,15216,25456,15280
>p 7,2
>a 25664,15248,25456,15248
>p 7,2
>p 7,2
>p 7,2
>p 7,2
>p 7,2
>p 7,2
>p 7,2
>p 7,2
>a 25680,15264,25456,15200
>p 7,2
>p 7,2
>p 7,2
>p 7,2
>p 7,2
>p 7,2
>p 7,2
>p 7,2
>p 7,3
>p 7,3
>p 7,3
>p 7,3
>p 7,3
>p 7,3
>a 25760,15232,25408,15200
>p 7,3
>p 7,3
>p 7,3
>p 7,3
>p 7,3
>p 7,3
>a 25584,15200,25280,15344
>p 7,3
>a 25776,15232,25440,15296
>a 25648,15264,25440,15296
>a 25760,15216,25440,15280
>a 25648,15136,25456,15296
>a 25632,15232,25456,15280
>p 7,3
>p 7,3
>p 7,3
>a 25600,15232,25424,15280
>p 7,3
>a 25680,15152,25520,15248
>a 25696,15264,25296,15296
>a 25664,15248,25392,15264
>a 25744,15280,25440,15280
>p 7,3
>a 25696,15248,25440,15264
>p 7,3
>p 7,3
>p 7,3
>p 7,3
>p 7,3
>p 7,3
>p 7,3
>p 7,3
>p 7,3
>p 7,3
>a 25680,15264,25440,15216
>p 7,3
>p 7,3
>p 7,2
>p 7,2
>p 7,2
>p 7,2
>p 7,2
>p 7,2
>p 7,2
>p 7,2
>p 7,2
>p 7,2
>p 7,2
>a 25664,15248,25456,15280
>p 7,1
>p 7,1
>p 7,1
>p 7,1
>p 7,1
>p 7,1
>a 25648,15264,25360,15280
>a 25680,15248,25376,15280
>a 25680,15152,25456,15280
>a 25520,15232,25392,15264
>a 25680,15248,25328,15264
>a 25680,15248,25440,15344
>a 25680,15280,25440,15344
>a 25648,15216,25392,15280
>a 25680,15264,25440,15376
>a 25680,15232,25408,15248
>a 25632,15232,25424,15264
>a 25696,15280,25520,15360
>a 25616,15344,25456,15280
>a 25696,15264,25440,15328
>