
>v 1 Jul 10 2014, <0E8682B8>
>a 15936,15232,15136,15232
>a 15968,15312,15200,15280
>a 15952,15264,15216,15248
>a 15952,15216,15136,15200
>a 15936,15232,15216,15152
>a 15936,15216,15232,15232
>a 15936,15280,15216,15312
>a 15952,15184,15152,15216
>a 15936,15264,15152,15328
>a 15952,15232,15216,15216
>a 15952,15216,15200,15200
>a 15952,15216,15152,15296
>a 16048,15280,15200,15248
>a 15968,15200,15200,15232
>a 15920,15216,15216,15184
>a 15952,15184,15200,15248
>a 15952,15248,15152,15200
>a 15888,15216,15200,15200
>a 15984,15216,15200,15152
>a 15936,15168,15088,15216
>a 15952,15216,15184,15200
>a 15824,15248,15200,15232
>p 7,0
>a 15904,15248,15104,15184
>a 15952,15328,15200,15216
>a 15936,15152,15232,15232
>a 15968,15248,15296,15296
>a 16048,15248,15280,15232
>p 7,50
>a 15936,15248,15168,15216
>a 15952,15216,15184,15200
>a 16144,15248,15200,15280
>a 15984,15168,15184,15200
>a 15872,15312,15264,15328
>a 15904,15248,15200,15280
>a 15856,15184,15200,15248
>p 7,0
>a 15920,15184,15216,15200
>a 15920,15088,15184,15216
>a 15952,15168,15200,15296
>a 15888,15216,15136,15200
>a 15920,15328,15216,15264
>p 7,50
>a 15856,15184,15296,15232
>a 16016,15232,15184,15232
>a 15920,15168,15120,15216
>a 15920,15216,15328,15248
>a 15952,15184,15136,15200
>p 7,0
>a 16160,15120,15200,15216
>a 16016,15312,15152,15248
>p 7,50
>a 15984,15216,15184,15328
>a 15920,15200,15184,15248
>a 15952,15232,15296,15216
>a 15888,15216,15280,15248
>a 15920,15280,15216,15248
>a 16032,15216,15216,15216
>a 15920,15232,15280,15216
>a 15920,15296,15200,15248
>p 7,0
>a 15952,15232,15168,15200
>a 15888,15232,15152,15280
>a 15936,15296,15264,15248
>p 7,50
>a 15888,15104,15136,15280
>a 15936,15232,15200,15232
>p 7,0
>a 15920,15200,15152,15168
>a 15952,15248,15120,15216
>a 15952,15184,15216,15168
>a 15920,15200,15184,15232
>p 7,50
>a 15952,15232,15152,15216
>a 15920,15216,15168,15200
>p 7,0
>a 16016,15280,15216,15264
>a 16016,15216,15280,15248
>a 15920,15216,15216,15296
>p 7,50
>a 15984,15232,15184,15136
>a 15872,15216,15136,15152
>p 7,0
>a 15936,15344,15184,15184
>a 15952,15216,15152,15216
>p 7,50
>a 15920,15296,15216,15216
>a 16016,15200,15184,15232
>p 7,0
>a 15920,15184,15184,15312
>a 15888,15216,15264,15216
>p 7,50
>a 15920,15184,15248,15200
>a 15952,15248,15184,15168
>p 7,0
>a 15920,15216,15216,15264
>a 15920,15184,15216,15328
>p 7,50
>a 16000,15216,15184,15216
>a 15952,15248,15120,15216
>p 7,0
>a 15952,15344,15216,15216
>a 15920,15184,15296,15264
>p 7,50
>a 15952,15104,15152,15216
>a 15856,15392,15200,15168
>p 7,0
>a 15968,15184,15216,15200
>a 15904,15216,15168,15248
>p 7,50
>a 15920,15200,15184,15216
>a 16000,15216,15312,15232
>p 7,0
>a 15920,15232,15136,15232
>a 15920,15184,15168,15232
>p 7,50
>a 15920,15232,15200,15248
>a 15920,15216,15216,15168
>p 7,0
>a 15952,15248,15200,15216
>a 16048,15248,15248,15216
>a 15840,15264,15216,15216
>p 7,50
>a 15936,15232,15216,15248
>a 15888,15216,15136,15216
>p 7,0
>a 15952,15104,15280,15216
>a 15920,15200,15152,15216
>p 7,50
>a 16096,15264,15216,15152
>a 15952,15216,15184,15088
>p 7,0
>a 15952,15200,15216,15232
>a 15952,15232,15184,15200
>p 7,50
>a 15904,15216,15232,15216
>a 15920,15216,15184,15216
>a 15936,15296,15184,15216
>p 7,0
>a 15952,15280,15200,15216
>a 15888,15216,15152,15168
>p 7,50
>a 15888,15216,15232,15232
>a 15920,15296,15184,15232
>a 15856,15200,15152,15360
>p 7,0
>a 15920,15120,15200,15232
>a 15920,15184,15216,15248
>a 15920,15200,15200,15184
>p 7,50
>a 15872,15152,15168,15200
>a 15856,15312,15184,15216
>p 7,0
>a 15824,15216,15168,15168
>a 15952,15280,15216,15232
>a 15904,15248,15168,15296
>p 7,50
>a 15952,15216,15184,15104
>p 7,0
>a 15888,15216,15200,15216
>a 16032,15232,15184,15120
>p 7,50
>a 15888,15216,15216,15248
>a 15952,15232,15184,15264
>p 7,0
>a 15968,15168,15184,15312
>a 15872,15232,15152,15280
>p 7,50
>a 16000,15296,15168,15216
>a 15920,15248,15184,15184
>p 7,0
>a 16032,15136,15152,15232
>a 16016,15200,15184,15248
>p 7,50
>a 15968,15232,15280,15216
>a 15920,15232,15200,15264
>p 7,0
>a 15920,15248,15168,15216
>a 15920,15216,15248,15232
>p 7,50
>a 15904,15184,15152,15232
>a 15952,15088,15200,15232
>a 15760,15184,15200,15216
>a 15936,15328,15216,15216
>a 15984,15232,15184,15264
>p 7,0
>a 15920,15232,15216,15216
>a 15952,15232,15152,15168
>p 7,50
>a 15968,15248,15248,15216
>a 15920,15344,15216,15232
>a 15936,15216,15184,15216
>a 16000,15312,15280,15184
>a 15936,15232,15216,15232
>a 15920,15216,15184,15200
>a 