v 1 Jul 10 2014, <A06636A0>
>v 1 Jul 10 2014, <A06636A0>
>a 52592,15424,34768,15280
>a 52784,15424,34864,15312
>a 52704,15456,34816,15296
>a 52720,15472,34816,15376
>a 52752,15456,34784,15392
>a 52720,15456,34816,15344
>a 52720,15568,34832,15296
>a 52752,15440,34768,15456
>a 52704,15456,34704,15264
>a 52720,15456,34704,15392
>a 52752,15440,34848,15392
>a 52752,15424,34736,15392
>a 52736,15440,34704,15456
>a 52784,15424,34816,15360
>a 52752,15408,34832,15392
>a 52720,15328,34784,15392
>a 52720,15472,34800,15360
>a 52656,15488,34816,15344
>a 52768,15408,34768,15536
>a 52752,15440,34768,15424
>a 52784,15440,34768,15376
>a 52736,15536,34768,15392
>a 52832,15472,34896,15360
>a 52720,15504,34784,15376
>a 52752,15424,34736,15376
>a 52768,15392,34800,15376
>a 52768,15456,34736,15360
>a 52816,15408,34768,15376
>a 52784,15408,34816,15376
>a 52880,15344,34752,15376
>a 52800,15424,34816,15344
>a 52752,15392,34784,15408
>a 52784,15408,34736,15376
>a 52832,15440,34816,15344
>a 52784,15456,34704,15408
>a 52816,15472,34768,15392
>a 52816,15392,34752,15360
>a 52800,15456,34768,15280
>a 52784,15536,34784,15424
>a 52880,15472,34816,15408
>a 52816,15440,34752,15472
>a 52880,15456,34848,15216
>a 52816,15456,34784,15392
>a 52784,15408,34816,15408
>a 52752,15440,34784,15408
>a 52832,15408,34816,15440
>a 52832,15456,34768,15392
>a 52800,15440,34752,15296
>a 52896,15568,34800,15408
>a 52816,15456,34736,15344
>a 52832,15440,34832,15392
>a 52848,15440,34736,15392
>a 52816,15392,34768,15424
>a 52848,15472,34784,15408
>a 52832,15568,34768,15392
>a 52752,15440,34752,15392
>a 52848,15456,34800,15472
>a 52848,15472,34800,15312
>a 52880,15456,34752,15488
>a 52848,15456,34784,15392
>a 52848,15440,34736,15344
>a 52832,15520,34784,15408
>a 52880,15456,34752,15392
>a 52896,15456,34752,15392
>a 52880,15440,34736,15344
>a 52832,15552,34784,15344
>a 52848,15456,34784,15392
>p 5,90
>a 52864,15536,34800,15392
>a 52880,15456,34640,15376
>a 52880,15440,34752,15408
>a 52880,15408,34784,15392
>a 52816,15440,34752,15376
>a 52880,15440,34736,15344
>a 52848,15424,34800,15408
>a 52864,15344,34736,15392
>a 52848,15440,34736,15344
>a 52880,15440,34768,15376
>a 52912,15456,34784,15488
>a 52960,15488,34784,15424
>p 5,0
>a 52880,15520,33600,15392
>a 52912,15424,33104,15424
>a 52832,15536,32800,15312
>a 52848,15328,32432,15376
>a 52880,15408,32176,15440
>a 52896,15424,31824,15280
>a 52880,15440,31568,15312
>a 52912,15344,31296,15392
>a 52912,15424,30864,15328
>p 5,90
>a 52928,15568,32016,15376
>a 52928,15456,32032,15344
>a 52944,15456,32032,15376
>a 52896,15456,32096,15344
>a 52912,15440,32048,15344
>a 52848,15456,32048,15312
>a 52928,15424,32016,15376
>a 52944,15408,32032,15328
>a 52928,15472,32160,15344
>a 52912,15440,32128,15344
>a 52944,15456,32176,15344
>a 52912,15456,32144,15328
>p 6,90
>a 46192,15488,33584,15440
>a 38832,15440,33152,15344
>a 46384,15408,34064,15344
>a 46064,15600,34336,15392
>a 45712,15392,34608,15392
>a 45552,15408,34848,15392
>a 45376,15344,35104,15344
>a 45376,15504,35312,15344
>a 45328,15488,35600,15456
>a 45312,15408,35808,15344
>a 45136,15424,36048,15376
>a 44960,15344,36240,15392
>a 44880,15392,36448,15392
>a 44864,15424,36688,15392
>a 44800,15408,36912,15456
>a 44656,15264,37056,15344
>a 44624,15392,37232,15328
>a 44560,15392,37376,15296
>a 44512,15408,37488,15456
>p 7,50
>a 39872,23296,37552,15408
>a 39968,39600,37616,15392
>a 40560,40272,37776,15344
>a 40912,40656,37920,15408
>a 41056,40672,38000,15328
>p 7,0
>a 41808,37584,38192,15392
>a 44112,23424,38464,15312
>a 44176,17296,38640,15392
>a 43824,15456,38688,15472
>a 43936,15408,38816,15408
>a 43952,15360,38992,15344
>a 44064,15488,39184,15424
>a 44000,15408,39296,15488
>a 44000,15408,39440,15392
>a 44000,15248,39552,15360
>a 44016,15536,39744,15392
>a 44064,15440,39840,15328
>a 43952,15392,39952,15472
>a 44032,15360,40080,15408
>p 4,90
>a 44016,15472,40160,15440
>a 43936,15456,40048,15424
>a 43824,15488,39856,15392
>a 43664,15472,39696,15376
>a 43616,15440,39632,15408
>a 43520,15456,39488,15392
>a 43440,15488,39344,15408
>a 43216,15344,39312,15264
>a 43072,15392,39232,15424
>p 4,0
>a 43168,15472,39200,15408
>a 43216,15456,39328,15360
>a 43280,15392,39472,15504
>a 43472,15376,39712,15392
>a 43488,15520,39840,15408
>a 43568,15360,39952,15408
>a 43840,15408,40160,15424
>a 43904,15520,40368,15440
>a 44048,15344,40464,15424
>a 44128,15520,40592,15424
>a 44224,15408,40688,15408
>a 44192,15504,40848,15440
>a 44160,15392,41056,15408
>a 44208,15376,41120,15440
>a 44128,15376,41264,15440
>a 44224,15360,41280,15392
>a 44272,15472,41424,15424
>a 44288,15408,41552,15392
>a 44304,15376,41648,15504
>a 44320,15392,41776,15424
>a 44352,15344,41904,15408
>a 44400,15488,41952,15408
>a 44480,15408,41968,15424
>a 44528,15504,42224,15408
>a 44592,15392,42320,15408
>a 44560,15248,42448,15440
>a 44608,15504,42528,15440
>a 44624,15392,42640,15456
>a 44656,15408,42688,15424
>a 44784,15424,42784,15408
>a 44752,15408,42864,15424
>a 44832,15408,43040,15424
>a 44960,15376,43072,15408
>a 44912,15424,43120,15424
>a 44912,15504,43248,15504
>a 44864,15504,43312,15488
>a 45040,15376,43360,15504
>a 45072,15472,43456,15408
>a 45088,15440,43632,15424
>a 45136,15376,43616,15408
>a 45200,15344,43760,15504
>a 45232,15392,43792,15440
>a 45296,15376,43856,15440
>a 45328,15488,43968,15392
>a 45360,15392,43936,15424
>a 45424,15392,44016,15456
>a 45456,15392,44144,15280
>a 45504,15408,44240,15424
>a 45440,15408,44304,15456
>a 45600,15408,44352,15440
>a 45600,15424,44384,15424
>a 45680,15392,44480,15344
>a 45696,15408,44592,15424
>a 45728,15344,44624,15504
>a 45776,15408,44752,15408
>a 45840,15392,44768,15520
>a 45792,15392,44864,15472
>a 45920,15488,44864,15456
>a 45984,15328,44944,15456
>a 46016,15424,45008,15440
>a 46000,15408,45024,15424
>a 46096,15376,45200,15520
>a 46064,15392,45168,15424
>a 46192,15456,45296,15392
>a 46192,15488,45296,15488
>a 46240,15392,45344,15520
>a 46304,15424,45424,15440
>a 46288,15392,45472,15408
>a 46368,15424,45552,15440
>a 46352,15392,45568,15520
>a 46368,15408,45600,15408
>a 46496,15504,45616,15408
>a 46512,15424,45712,15424
>a 46560,15536,45808,15440
>a 46640,15424,45856,15456
>a 46640,15344,45840,15440
>a 46640,15424,45936,15472
>a 46736,15408,45936,15424
>a 46704,15376,46000,15408
>a 46736,15344,46048,15440
>a 46880,15520,46112,15456
>a 46880,15440,46096,15424
>a 46864,15376,46208,15392
>a 46928,15424,46256,15424
>a 47056,15408,46352,15456
>a 46992,15408,46352,15440
>a 46960,15440,46464,15424
>a 47120,15392,46448,15456
>a 47056,15392,46464,15456
>a 47072,15408,46400,15392
>