
>v 1 Jul 10 2014, <0E8682B8>
>a 50832,15936,15120,15248
>a 50848,16000,15248,15232
>a 50896,16064,15232,15200
>a 50800,15952,15280,15248
>a 50832,15952,15216,15216
>a 50832,15968,15248,15248
>a 50864,16000,15216,15216
>a 50848,15920,15232,15216
>a 50960,15984,15168,15248
>a 50864,15984,15216,15216
>p 6,90
>a 45584,15856,17072,15296
>a 43280,15824,17104,15248
>a 43584,15760,17408,15088
>a 42656,15824,17616,15376
>a 41968,15824,17872,15312
>a 41392,15776,18048,15312
>a 41024,15792,18192,15312
>a 40704,15904,18416,15296
>a 40304,15776,18640,15264
>a 39984,15744,18768,15280
>a 39760,15792,18992,15280
>a 39568,15744,19120,15296
>a 39344,15680,19312,15344
>a 39184,15712,19504,15312
>a 39056,15712,19680,15328
>a 38928,15680,19840,15312
>a 38848,15712,19952,15328
>a 38704,15728,20176,15344
>a 38544,15664,20320,15344
>a 38544,15744,20528,15344
>a 38528,15744,20688,15328
>a 38432,15728,20768,15344
>a 38304,15728,20880,15440
>a 38304,15744,21040,15312
>a 38272,15664,21152,15424
>a 38272,15712,21376,15344
>a 38368,15728,21424,15344
>a 38176,15728,21488,15392
>a 38192,15728,21568,15392
>a 38224,15712,21840,15536
>a 38192,15664,21920,15392
>a 38192,15744,22000,15488
>a 38240,15744,22304,15424
>a 38192,15744,22288,15408
>a 38144,15696,22400,15392
>a 38192,15744,22496,15344
>a 38288,15744,22560,15360
>a 38240,15728,22704,15392
>a 38192,15744,22704,15376
>a 38224,15728,22832,15344
>a 38208,15712,22944,15392
>a 38304,15728,23040,15392
>a 38192,15696,23120,15392
>a 38224,15632,23216,15392
>p 6,0
>a 45200,15856,22128,15408
>a 46064,15856,21728,15376
>a 46608,15856,21408,15360
>a 46736,15920,21104,15344
>a 46960,15888,20832,15344
>a 47120,15888,20624,15312
>a 47168,15904,20224,15344
>a 47344,15888,20016,15344
>a 47472,15888,19728,15344
>a 47520,15904,19472,15328
>a 47760,15840,19248,15248
>a 47872,15888,19024,15312
>a 48016,15920,18832,15344
>a 48112,15872,18608,15296
>a 48240,15936,18432,15248
>a 48368,15936,18224,15280
>a 48496,15920,18080,15392
>a 48608,15984,17888,15280
>a 48720,15952,17760,15392
>a 48816,15936,17472,15264
>a 48976,15952,17456,15280
>a 49056,15936,17328,15264
>a 49136,15952,17184,15216
>a 49328,15920,17056,15248
>a 49408,16016,16944,15216
>a 49456,15904,16800,15216
>a 49568,15888,16720,15264
>a 49616,15984,16720,15248
>a 49696,15920,16528,15216
>a 49680,15904,16464,15248
>a 49776,15968,16368,15264
>a 49856,15920,16304,15280
>a 49936,15840,16128,15152
>a 49872,15968,16096,15264
>a 50064,15968,16048,15248
>a 50064,15968,16016,15248
>a 50080,15920,15920,15248
>a 50080,15792,15856,15280
>a 50096,15920,15776,15232
>a 50128,15968,15728,15280
>p 6,90
>a 45312,15824,17456,15312
>a 43792,15856,17616,15280
>a 43056,15792,17984,15328
>a 42160,15792,18096,15344
>a 41616,15792,18416,15328
>a 41072,15856,18704,15280
>a 40752,15712,18832,15264
>a 40368,15744,19024,15296
>a 40096,15696,19232,15312
>a 39856,15728,19440,15344
>p 6,0
>a 41040,15824,18672,15280
>a 47376,15840,18448,15280
>a 47888,15872,18128,15312
>a 48096,15904,17984,15264
>a 48304,15904,17632,15312
>a 48304,15920,17536,15312
>a 48400,15936,17312,15296
>a 48512,15920,17280,15280
>a 48624,16048,17024,15248
>a 48656,15920,16912,15248
>a 48784,15920,16768,15264
>a 48800,15856,16656,15200
>a 48864,15936,16560,15216
>a 48880,16032,16400,15248
>a 48928,15920,16288,15280
>a 49008,15952,16208,15344
>a 49008,15952,16080,15264
>a 49136,15904,16016,15248
>a 49248,15920,15936,15216
>a 49296,15920,15824,15280
>a 49328,15872,15792,15328
>a 49360,15984,15792,15216
>a 49440,15856,15696,15280
>a 49552,15792,15632,15312
>a 49552,15936,15568,15184
>a 49616,15872,15552,15232
>a 49728,15968,15536,15216
>a 49776,15904,15472,15184
>a 49776,15952,15440,15248
>a 49904,15952,15328,15264
>a 49920,15904,15440,15248
>a 49968,15936,15408,15216
>a 50096,15952,15424,15264
>a 50000,15936,15344,15184
>a 50080,15968,15344,15248
>a 50096,15872,15344,15248
>a 50144,15952,15168,15280
>a 50224,15968,15312,15344
>a 50336,16000,15296,15216
>a 50288,15936,15264,15280
>a 50288,15920,15264,15280
>a 50368,15920,15344,15312
>a 50352,15952,15248,15232
>a 50400,15888,15264,15184
>a 50480,15920,15184,15168
>a 50384,15936,15248,15248
>a 50336,16080,15232,15296
>a 50384,16000,15248,15232
>a 50480,16048,15248,15200
>a 50464,15984,15280,15232
>a 50480,15968,15264,15216
>a 50464,15984,15184,15200
>p 6,90
>a 45104,15792,17072,15264
>a 44080,15824,17232,15280
>a 43152,15808,17424,15280
>p 6,0
>a 47632,15888,16176,15264
>a 49488,15920,16016,15264
>a 49904,15952,15936,15264
>a 49936,16032,15808,15264
>a 49936,15968,15760,15216
>a 50032,15920,15760,15120
>a 50128,15920,15536,15232
>a 50080,15920,15568,15200
>a 50160,15952,15488,15200
>a 50160,15968,15456,15248
>p 7,50
>a 39712,39312,15920,15248
>a 39056,38368,15920,15264
>a 44592,44176,16000,15264
>a 44464,44080,15920,15312
>a 44064,43856,15920,15264
>a 43760,43344,15888,15264
>a 43344,42976,15856,15264
>a 43072,42624,15840,15264
>a 42848,42448,15856,15280
>p 7,0
>a 47184,25472,15456,15264
>a 48496,16272,15280,15184
>a 48848,15920,15296,15248
>a 49040,16016,15248,15200
>a 49072,16048,15440,15264
>a 49136,15920,15200,15248
>a 49200,15904,15184,15216
>a 49328,15920,15216,15312
>a 49328,15952,15200,15232
>a 49328,15792,15232,15232
>a 49440,15920,15072,15344
>a 49424,15888,15216,15328
>a 49488,15920,15232,15200
>a 49584,15904,15248,15136
>a 49584,15936,15232,15248
>a 49664,15920,15152,15216
>a 49616,15920,15216,15248
>a 49664,15856,15216,15216
>a 49680,15920,15216,15216
>a 49600,15952,15248,15216
>a 49792,15920,15200,15248
>a 49792,15904,15232,15184
>a 49840,16032,15248,15200
>a 49888,15968,15232,15200
>a 49904,16048,15312,15344
>a 49936,15936,15232,15248
>a 49968,15952,15232,15264
>a 50048,15904,15248,15248
>a 50048,15984,15248,15232
>a 50112,15968,15248,15216
>a 50128,15952,15264,15216
>a 50096,15968,15280,15248
>a 50208,15968,15216,15216
>a 50224,15952,15232,15216
>a 50224,15936,15200,15200
>a 50256,15920,15264,15248
>a 50320,15856,15232,15216
>a 50320,15952,15200,15232
>a 50384,15984,15248,15184
>a 50432,15984,15344,15264
>a 50432,15920,15216,15232
>a 50448,15984,15248,15216
>a 50480,15920,15216,15216
>a 50512,16048,15184,15248
>a 50592,15936,15216,15216
>a 50528,15952,15216,15200
>a 50448,15952,15216,15248
>a 50560,15968,15248,15232
>a 50544,16048,15184,15248
>a 50608,15968,15232,15216
>a 50528,16048,15216,15216
>a 50608,15920,15168,15248
>a 50656,15968,15264,15216
>p 4,0
>a 50640,15936,15216,15200
>a 50576,15984,15248,15232
>p 4,90
>a 50656,15968,15312,15216
>a 50608,15984,15248,15248
>a 50704,15952,15216,15136
>a 50640,15920,15216,15248
>a 50672,15984,15200,15152
>a 50672,15936,15136,15232
>a 50672,16000,15232,15200
>a 50768,15920,15248,15200
>a 50688,15968,15184,15248
>a 50704,15920,15248,15248
>a 50688,15984,15248,15232
>a 50720,15920,15216,15200
>a 50672,15952,15248,15200
>a 50720,15952,15200,15280
>a 50736,16000,15344,15216
>a 50736,15968,15248,15216
>a 50704,15920,15248,15328
>a 50736,15984,15264,15184
>p 6,90
>a 45232,15840,17056,15216
>a 44304,16016,17168,15280
>a 43296,15952,17440,15280
>a 42288,16016,17536,15264
>a 41536,16032,17712,15280
>a 40976,16112,17872,15328
>a 40480,16208,17968,15312
>a 40176,16208,18128,15264
>a 39920,16240,18192,15392
>p 5,90
>a 39648,16304,19616,15344
>a 39536,16400,20080,15344
>a 39344,16560,20384,15280
>a 39184,16720,20656,15408
>a 39008,16832,20912,15344
>a 38960,16848,21152,15344
>a 38928,16912,21440,15344
>a 38896,17152,21696,15296
>a 38832,17248,21936,15328
>a 38832,17376,22224,15280
>a 38768,17440,22416,15408
>a 38800,17616,22688,15392
>a 38832,17664,22944,15392
>a 38624,17760,23184,15440
>a 38896,17936,23392,15392
>a 38800,17936,23616,15424
>a 38832,18096,23888,15408
>a 38816,18192,24096,15584
>a 38912,18224,24336,15440
>a 38960,18288,24496,15440
>a 39008,18448,24640,15408
>a 39024,18560,24896,15456
>a 39056,18640,25104,15440
>a 39184,18688,25264,15408
>a 39152,18800,25504,15504
>a 39280,18896,25648,15440
>a 39232,18992,25856,15472
>a 39312,19104,26112,15472
>a 39312,19200,26160,15504
>a 39376,19296,26496,15504
>a 39376,19504,26656,15488
>a 39520,19488,26784,15488
>a 39472,19568,26928,15488
>a 39568,19632,27088,15520
>a 39680,19632,27216,15456
>a 39584,19840,27440,15600
>a 39568,19888,27568,15488
>a 39600,19984,27696,15536
>a 39728,20112,27808,15488
>a 39696,20208,28000,15504
>a 39648,20240,28176,15568
>a 39648,20304,28304,15568
>a 39696,20368,28496,15584
>a 39728,20448,28576,15680
>a 39792,20640,28720,15536
>a 39600,20592,28704,15504
>a 39600,20688,28848,15408
>a 39600,20720,29008,15616
>a 39600,20752,29136,15504
>a 39680,20848,29200,15552
>a 39712,20848,29312,15504
>a 39728,20912,29392,15680
>a 39840,21072,29552,15536
>a 39808,21072,29584,15568
>a 39904,21152,29744,15536
>a 39840,21168,29872,15664
>a 39824,21280,29920,15584
>a 39856,21360,29936,15536
>a 39792,21376,30208,15520
>a 39808,21392,30192,15584
>a 39952,21456,30320,15600
>a 39920,21552,30384,15664
>a 39920,21536,30496,15584
>a 39920,21632,30528,15648
>a 40016,21680,30672,15632
>a 40016,21728,30752,15584
>a 39984,21808,30832,15664
>a 39920,21808,30880,15600
>a 39904,21824,30960,15568
>a 39888,21872,31056,15520
>a 39920,21952,31168,15584
>a 40016,22000,31248,15552
>a 39984,21968,31152,15584
>a 40048,22112,31280,15664
>a 40112,22064,31360,15568
>a 40144,22128,31456,15616
>a 40192,22160,31472,15648
>a 40208,22304,31568,15600
>a 40240,22272,31632,15648
>a 40208,22320,31712,15616
>a 40240,22288,31776,15568
>a 40304,22384,31824,15600
>a 40336,22480,31920,15632
>a 40352,22416,31920,15632
>a 40240,22384,31936,15584
>a 40192,22480,32032,15600
>a 40112,22512,32096,15648
>a 40256,22512,32112,15616
>a 40144,22384,32176,15600
>a 40272,22608,32240,15632
>a 40320,22608,32224,15488
>a 40336,22608,32272,15616
>a 40384,22720,32288,15584
>a 40400,22688,32304,15632
>a 40336,22720,32304,15664
>a 40496,22848,32432,15584
>a 40464,22800,32352,15648
>a 40496,22800,32544,15584
>a 40528,22800,32608,15664
>a 40560,22896,32624,15664
>a 40496,22960,32656,15648
>a 40544,22896,32656,15664
>a 40560,22928,32768,15616
>a 40656,22928,32864,15632
>a 40608,22928,32880,15616
>a 40752,22992,32960,15600
>a 40672,22976,32912,15616
>a 40624,23024,32928,15536
>a 40720,23152,32912,15632
>a 40784,23056,32976,15584
>a 40784,23088,33008,15648
>a 40752,23184,33024,15696
>a 40832,23008,33104,15616
>a 40864,23184,33104,15616
>a 40784,23152,33136,15632
>a 40864,23200,33200,15616
>a 40848,23216,33280,15648
>a 40768,23184,33264,15648
>a 40704,23280,33200,15712
>a 40656,23216,33296,15600
>a 40624,23168,33392,15600
>a 40704,23232,33328,15616
>a 40656,23248,33344,15616
>a 40688,23376,33360,15632
>a 40688,23328,33328,15568
>a 40720,23280,33408,15632
>a 40688,23344,33456,15568
>a 40688,23312,33456,15712
>a 40720,23360,33456,15568
>a 40704,23376,33520,15664
>a 40752,23408,33536,15728
>a 40768,23424,33600,15600
>a 40784,23392,33536,15632
>a 40768,23536,33536,15664
>a 40816,23472,33584,15616
>a 40848,23440,33632,15680
>a 40848,23440,33632,15744
>a 40864,23472,33760,15632
>a 40720,23408,33664,15632
>a 40880,23488,33712,15648
>a 40880,23488,33712,15664
>a 40816,23488,33696,15760
>a 40912,23520,33776,15664
>a 40880,23632,33760,15664
>a 40880,23536,33712,15728
>a 40880,23520,33824,15696
>a 40896,23536,33808,15664
>a 40976,23472,33744,15664
>a 40960,23536,33856,15648
>a 40976,23536,33840,15648
>a 40976,23536,33888,15696
>a 41040,23456,33840,15600
>a 41024,23536,33904,15632
>a 41056,23648,33952,15664
>a 40848,23536,33936,15664
>a 41008,23520,33936,15648
>a 41104,23600,33904,15664
>a 41040,23632,33952,15648
>a 41008,23696,34016,15600
>a 41040,23584,34000,15632
>a 41040,23632,34096,15744
>a 41008,23616,34016,15664
>a 41088,23664,34000,15648
>a 41104,23664,34048,15712
>p 4,0
>a 41184,17168,34224,15728
>a 41424,15712,34608,15808
>a 41264,15856,34928,15648
>a 41232,15856,35312,15728
>a 41312,15792,35632,15760
>a 41296,15888,35824,15840
>a 41392,15712,36080,15664
>a 41472,15760,36304,15728
>a 41520,15744,36624,15712
>a 41648,15792,36864,15664
>a 41728,15776,37104,15728
>a 41776,15920,37376,15824
>a 41776,15776,37616,15744
>a 41936,15776,37840,15664
>a 41968,15792,38064,15792
>a 42032,15824,38352,15776
>a 42080,15808,38496,15824
>a 42192,15760,38720,15760
>a 42352,15824,38960,15728
>a 42368,15792,39120,15840
>a 42480,15824,39264,15856
>a 42576,15728,39504,15792
>a 42688,15824,39584,15664
>a 42752,15888,39920,15792
>a 42800,15824,40064,15792
>a 42912,15824,40240,15856
>a 42992,15856,40432,15904
>a 43024,15824,40640,15824
>a 43152,15808,40752,15920
>a 43376,15824,41008,15824
>a 43440,15936,41072,15792
>a 43552,15840,41184,15808
>a 43568,15776,41408,15776
>p 4,90
>a 43664,15920,41552,15824
>a 43440,15952,41088,15744
>a 43072,15824,40720,15776
>a 42800,15952,40496,15824
>a 42496,15856,40144,15776
>a 42080,15920,39840,15776
>a 41968,15856,39600,15824
>p 4,0
>a 41840,15872,39344,15696
>a 41904,15792,39728,15760
>a 42160,15776,40016,15744
>a 42240,15920,40224,15792
>a 42544,15792,40352,15792
>a 42672,15824,40560,15808
>a 42864,15824,40800,15856
>a 43088,15776,40928,15824
>a 43232,15808,41104,15824
>a 43392,15824,41312,15856
>a 43568,15792,41424,15776
>a 43760,15920,41616,15888
>a 43920,15808,41744,15840
>a 44080,15792,41952,15824
>a 44208,15840,42160,15856
>a 44336,15872,42320,15856
>a 44464,15968,42528,15872
>a 44544,15856,42640,15856
>a 44640,15856,42784,15824
>a 44688,15824,42848,15856
>a 44672,15856,43024,15824
>a 44752,15824,43216,15856
>a 44848,15856,43376,15824
>a 44880,15952,43392,15856
>a 44944,15840,43504,15888
>a 45072,15840,43584,15840
>a 45104,15840,43728,15952
>a 45184,15856,43824,15872
>a 45232,15840,43904,15904
>a 45296,15856,44048,15888
>a 45456,15824,44080,15856
>a 45424,15952,44208,15856
>a 45488,15840,44288,15888
>a 45488,15824,44400,15904
>a 45600,15840,44432,15984
>a 45648,15888,44448,15920
>a 45680,15856,44656,15920
>a 45728,15744,44688,15888
>a 45840,15856,44800,15920
>a 45840,15840,44816,15856
>a 45920,15888,44848,15904
>a 46016,15856,44960,15872
>a 46048,15840,45040,16016
>a 46048,15856,45120,15872
>a 46160,15968,45136,15856
>a 46176,15872,45216,15856
>a 46224,15888,45232,15824
>a 46272,15840,45360,15872
>a 46304,15824,45360,15968
>a 46368,15888,45456,15904
>a 46384,15904,45488,15984
>a 46416,15872,45536,15824
>a 46496,15888,45616,15888
>a 46512,15888,45664,15936
>a 46512,16000,45680,15920
>a 46512,15872,45712,15840
>a 46640,15888,45744,15888
>a 46688,15904,45776,15888
>a 46720,15888,45872,15856
>a 46736,15904,45872,15984
>a 46736,15920,45936,15920
>a 46672,15712,45968,15856
>a 46864,15856,46000,15984
>a 46864,15888,46000,15872
>a 46896,16016,46064,15920
>a 46896,15888,46064,15984
>a 46944,15904,46176,15920
>a 46992,15872,46192,15936
>a 47104,15888,46208,15920
>a 47040,15968,46256,16000
>a 47056,15872,46336,16016
>a 47120,15904,46336,15888
>a 47056,16032,46416,15904
>a 47120,15856,46384,15856
>a 47248,15840,46352,15888
>a 47216,15856,46416,15936
>a 47200,15888,46528,15968
>a 47136,15872,46512,15808
>a 47248,15824,46464,16016
>a 47312,15984,46480,16000
>a 47328,15904,46544,15920
>a 47360,15856,46576,15920
>a 47408,15984,46704,15936
>a 47408,15904,46624,15808
>a 47408,15872,46720,15920
>a 47440,15888,46624,15936
>a 47408,15888,46704,15952
>a 47408,15904,46736,15952
>a 47520,15856,46768,16032
>a 47568,16000,46832,15952
>a 47600,15904,46736,15888
>a 47568,15888,46848,15952
>a 47600,15904,46864,15936
>a 47616,15952,46864,15920
>a 47568,15856,46880,16016
>a 47584,15904,46928,15856
>a 47632,15856,46928,15936
>a 47664,15904,46912,15920
>a 47728,15904,46896,15920
>a 47696,15904,46976,15952
>a 47728,15920,46912,15984
>a 47696,15904,46960,15984
>a 47792,16016,46992,15920
>a 47792,15904,47088,15952
>a 47824,16016,47056,16048
>a 47792,15840,47152,15936
>a 47808,15904,47056,15792
>a 47760,15808,47056,16048
>a 47840,15856,47088,15936
>a 47888,15872,47104,15920
>a 47824,16032,47136,15904
>a 47888,15920,47152,15904
>a 47872,15936,47152,15920
>a 47888,15840,47184,15904
>a 47920,15904,47136,15904
>a 47856,15920,47152,15920
>a 48016,15904,47200,15920
>a 47920,15904,47280,15952
>a 47872,15840,47248,15920
>a 47984,15920,47248,15920
>a 47952,15984,47280,15904
>a 47984,15936,47280,15856
>a 47968,15856,47264,15920
>a 48000,15856,47280,15856
>a 48016,15856,47280,15904
>a 48048,15904,47376,15920
>a 48064,15872,47280,15888
>a 48080,15920,47392,15856
>a 48112,15952,47360,15856
>a 48112,15760,47376,15888
>a 48144,15856,47344,15904
>a 48096,15872,47408,15936
>a 48096,15904,47408,15920
>a 48112,15920,47376,15824
>a 48112,15936,47440,15904
>a 48096,15936,47424,15968
>a 48144,15904,47440,15936
>a 48080,15904,47488,15952
>a 48112,15904,47456,15872
>a 48176,15856,47472,15904
>a 48176,16032,47504,15920
>a 48176,15920,47440,16016
>a 48208,15920,47456,15920
>a 48224,15952,47520,15936
>a 48208,15904,47456,15856
>a 48192,15952,47472,15856
>p 7,50
>a 42528,42128,47568,15952
>a 43136,42800,47328,15920
>a 43296,42800,47088,15920
>a 43088,42672,46768,15936
>a 42896,42384,46384,15920
>a 42672,42256,46240,15872
>a 42416,41968,45904,15936
>a 42192,41744,45616,15904
>a 42000,41648,45376,15888
>a 41808,41360,45088,15952
>p 7,0
>a 45360,22448,44784,15856
>a 45424,15936,44704,15904
>a 45488,15840,44688,15920
>a 45408,15856,44752,15856
>a 45488,15856,44784,15888
>p 7,50
>a 40800,40368,44976,15920
>a 41584,41200,44752,15920
>a 41744,41392,44560,15920
>a 41632,41216,44240,15856
>a 41392,41008,44064,15888
>p 7,0
>a 44016,29616,43792,15856
>a 44448,16800,43632,15856
>a 44464,15808,43664,15824
>a 44592,15824,43728,15824
>a 44624,15856,43824,15856
>a 44720,15840,43936,15840
>a 44768,15888,43936,15840
>a 44832,15856,44048,15872
>a 44880,15888,44080,15824
>a 44944,15872,44160,15792
>a 44976,15888,44176,15856
>a 45056,15744,44272,15888
>a 45088,15776,44304,15872
>a 45088,15840,44416,15888
>a 45216,15856,44432,15888
>a 45232,15824,44496,15888
>a 45296,15968,44528,15872
>a 45328,15776,44592,15856
>a 45408,15840,44720,15824
>a 45456,15824,44720,15888
>a 45488,15920,44736,15872
>a 45552,15952,44784,15888
>a 45536,15792,44816,15984
>a 45616,15872,44848,15904
>a 45680,15856,44912,15920
>a 45616,15856,44960,15920
>a 45744,15744,44944,15856
>a 45808,15856,45008,15888
>a 45856,15936,45024,15952
>a 45840,15856,45072,15840
>a 45904,15904,45136,15856
>a 45920,15888,45184,15856
>a 45936,15856,45200,15952
>a 45968,15808,45312,15824
>a 46032,15856,45328,15888
>a 46032,15856,45328,15856
>a 46064,15840,45360,15888
>a 46096,15856,45344,15888
>a 46128,15840,45424,15856
>a 46240,15904,45424,15904
>a 46144,15840,45456,15872
>a 46192,15984,45568,15920
>a 46208,15856,45456,15952
>a 46256,15920,45552,15856
>a 46384,15888,45536,15856
>p 6,0
>a 46352,15888,45568,15872
>a 47200,15888,45584,15872
>a 47792,15904,45584,15904
>a 48304,15920,45584,15872
>a 48432,15920,45536,15904
>a 48624,15952,45584,15888
>a 48800,15952,45536,15856
>a 48816,15920,45520,15984
>a 48816,15920,45568,15984
>a 48896,15936,45536,15984
>a 48944,15936,45536,15888
>a 49008,15984,45536,15872
>a 49008,15856,45584,15872
>a 48960,15952,45536,15856
>a 49136,15936,45552,15840
>a 49072,15952,45488,15888
>a 49136,15952,45488,15808
>a 49136,15984,45536,15920
>a 49104,15920,45536,15856
>a 49072,16048,45536,15952
>a 49264,15984,45552,15856
>a 49184,15904,45520,15984
>a 49200,15936,45568,15888
>a 49344,15920,45520,15872
>a 49280,15920,45488,15840
>a 49296,15856,45424,15888
>p 6,90
>a 46352,15904,45616,15744
>a 46336,15888,45552,15888
>a 46304,15840,45664,15872
>a 46320,15968,45616,15904
>a 46288,15840,45632,15856
>a 46304,15904,45616,15856
>a 46304,15888,45600,15952
>a 46320,16032,45696,15920
>a 46288,15888,45552,15888
>a 46256,15952,45616,15888
>a 46288,15888,45552,15984
>a 46336,15824,45584,15856
>a 46352,15856,45568,15840
>a 46288,15760,45616,15824
>p 6,0
>a 46336,15856,45584,15984
>a 46384,15904,45616,15952
>a 46416,15824,45616,15888
>a 46416,15888,45536,15872
>a 46496,15968,45648,15824
>a 46512,15952,45616,15840
>a 46560,15904,45520,15984
>a 46512,15840,45584,15872
>a 46576,15904,45648,15888
>a 46640,15856,45600,15888
>a 46672,15904,45584,15792
>a 46640,15936,45552,15888
>a 46752,15920,45600,15968
>a 46768,15888,45600,15824
>a 46848,15872,45552,15888
>p 6,90
>a 46288,15920,45584,15872
>a 46336,15856,45536,15872
>a 46352,15856,45536,15808
>a 46400,15888,45600,15872
>a 46256,15824,45584,15888
>a 46320,15888,45616,15904
>a 46256,15856,45584,15856
>p 6,0
>a 46368,15856,45552,15888
>a 46352,15824,45600,15888
>p 6,90
>a 46256,15856,45600,15920
>a 46304,15856,45616,15840
>p 6,0
>a 46336,15856,45616,15904
>a 46336,15920,45456,15888
>a 46384,15760,45568,15984
>p 6,90
>a 46272,15888,45600,15904
>a 46480,16000,45616,15840
>p 6,0
>a 46256,15760,45488,15968
>a 46368,15888,45600,15888
>a 46384,15904,45632,15904
>p 6,90
>a 46320,15856,45568,15904
>a 46304,15872,45616,15888
>p 6,0
>a 46304,15856,45600,15968
>a 46320,15840,45616,15808
>a 46384,15872,45568,15888
>a 46384,16000,45648,15984
>a 46496,15888,45584,15872
>a 46496,15888,45600,15872
>a 46480,15856,45616,16016
>a 46576,15920,45616,15872
>a 46608,15888,45568,15904
>p 6,90
>a 46256,15888,45632,15888
>a 46352,15888,45568,15920
>a 46320,15888,45584,15888
>a 46352,15856,45584,15888
>a 46336,15872,45648,15920
>a 46288,15856,45584,15872
>a 46320,15888,45632,15888
>a 46304,15856,45696,15904
>a 46288,15824,45600,15904
>a 46304,15856,45616,15888
>a 46336,15888,45616,15984
>a 46336,15904,45600,15808
>a 46352,15856,45584,15952
>a 46288,15872,45616,16016
>a 46336,15872,45600,15856
>a 46288,15824,45568,15872
>a 46352,15984,45632,15904
>a 46320,15888,45648,15920
>a 46288,15904,45616,15888
>a 46288,15888,45616,15920
>a 46368,15856,45488,15824
>a 46320,15888,45616,15856
>a 46352,15856,45488,15808
>a 46368,15856,45648,15856
>a 46336,15872,45632,15856
>a 46464,15856,45616,15872
>a 46304,15936,45648,15856
>a 46336,15968,45600,15856
>p 5,0
>a 44624,15856,43824,15840
>a 43696,15792,42880,15824
>a 42800,15840,42224,15856
>a 42160,15808,41488,15792
>a 41552,15728,40752,15744
>a 40880,15792,40144,15792
>a 40320,15712,39520,15760
>p 5,90
>a 41328,15776,40592,15792
>a 41376,15776,40560,15808
>a 41504,15776,40816,15824
>a 41584,15760,40752,15776
>a 41520,15792,40832,15808
>a 41632,15760,40880,15792
>a 41648,15744,40928,15792
>a 41760,15792,41008,15792
>a 41904,15808,41056,15792
>a 41840,15776,41168,15824
>a 41792,15824,41168,15824
>a 41952,15792,41216,15792
>a 42000,15792,41248,15792
>a 41984,15824,41376,15792
>a 42000,15888,41344,15792
>a 42128,15760,41392,15792
>a 42240,15808,41392,15824
>a 42224,15872,41456,15792
>p 6,0
>a 42192,15856,41536,15808
>a 43024,15712,41488,15792
>a 43664,15920,41552,15792
>a 44272,15840,41488,15792
>a 44784,15872,41552,15776
>a 45360,15840,41568,15824
>a 45712,15824,41632,15792
>a 46160,16000,41504,15808
>a 46416,15920,41680,15792
>a 46656,15920,41680,15808
>a 46864,15904,41680,15776
>p 6,90
>a 43152,15824,41872,15808
>a 42624,15824,41888,15792
>a 42512,15792,41888,15824
>a 42576,15792,41840,15856
>a 42640,15808,41952,15920
>a 42608,15824,41872,15856
>a 42640,15824,41888,15936
>a 42656,15856,41952,15824
>a 42640,15840,41904,15808
>a 42672,15824,41904,15808
>a 42672,15840,42048,15792
>a 42752,15856,42032,15792
>a 42704,15824,41968,15664
>a 42768,15840,42112,15840
>a 42784,15792,42048,15808
>a 42768,15824,42080,15920
>a 42736,15840,42160,15840
>a 42800,15856,42064,15808
>a 42800,15888,42032,15824
>a 42848,15856,42096,15824
>a 42816,15760,42064,15744
>a 42832,15824,42080,15872
>p 6,0
>a 43056,15728,42144,15808
>a 43408,15824,42128,15824
>a 43728,15792,42128,15824
>a 43984,15856,42128,15840
>a 44192,15808,42192,15792
>a 44464,15936,42160,15792
>a 44848,15888,42256,15840
>a 45072,15792,42128,15840
>a 45312,15824,42160,15824
>a 45488,15712,42160,15824
>a 45744,15776,42128,15840
>a 46000,15840,42096,15888
>a 46176,15840,42160,15840
>a 46448,15840,42128,15920
>a 46640,15904,42064,15872
>a 46848,15904,42112,15840
>a 47120,15984,42160,15744
>p 5,0
>a 47248,15888,40240,15792
>a 47360,15856,39520,15792
>a 47472,15968,38896,15792
>a 47616,15904,38176,15792
>a 47760,15888,37408,15696
>a 47872,15920,36864,15760
>a 47920,15904,36192,15824
>a 48016,15904,35728,15760
>a 48080,15920,35088,15616
>a 48160,15920,34480,15776
>a 48304,15904,33872,15600
>a 48304,15888,33440,15632
>p 5,90
>a 48336,15920,34544,15712
>a 48400,15856,34592,15696
>a 48464,15952,34640,15696
>a 48576,16048,34736,15616
>p 6,90
>a 47184,15824,35632,15680
>a 37648,15648,35376,15632
>a 44160,15840,36368,15760
>a 43728,15824,36816,15760
>a 43584,15760,37168,15712
>a 43472,15792,37616,15744
>a 43360,15664,37984,15760
>a 43312,15808,38320,15728
>a 43136,15792,38640,15776
>a 43152,15824,38944,15760
>a 43184,15696,39184,15712
>a 43136,15760,39536,15760
>a 43168,15664,39680,15792
>a 43056,15888,39920,15776
>a 43088,15888,40128,15792
>a 43104,15776,40320,15792
>a 43152,15760,40496,15824
>a 43056,15824,40784,15824
>a 43168,15776,40864,15744
>p 6,0
>a 46160,15904,40752,15824
>a 46880,15872,40688,15856
>a 47120,15952,40736,15920
>a 47360,15904,40624,15808
>a 47520,15904,40640,15792
>a 47552,15904,40560,15760
>a 47728,15920,40624,15840
>a 47664,15968,40576,15824
>a 47760,15856,40608,15792
>a 47824,15872,40560,15760
>a 47904,15856,40560,15840
>a 47952,15888,40528,15824
>a 47984,15888,40528,15808
>a 48112,15824,40512,15776
>p 4,90
>a 48160,15984,40544,15824
>a 48208,15952,39856,15792
>a 48240,16016,39344,15776
>a 48336,16000,38896,15776
>a 48416,16080,38464,15696
>a 48400,15936,38016,15728
>a 48496,15984,37552,15696
>a 48592,15984,37120,15712
>a 48624,16032,36720,15728
>a 48624,16000,36256,15776
>a 48720,16000,35984,15632
>a 48784,16000,35504,15728
>p 4,0
>a 48688,16000,35200,15648
>a 48800,15904,35344,15648
>a 48976,15920,35248,15616
>a 48944,15968,35408,15568
>a 49024,15952,35280,15664
>a 48976,15952,35440,15680
>a 49072,16016,35472,15696
>a 49136,15968,35536,15728
>a 48944,15952,35520,15712
>a 49136,15952,35488,15632
>a 49136,15968,35504,15728
>a 49136,15888,35712,15632
>a 49136,15952,35632,15696
>a 49200,15872,35632,15664
>a 49232,15920,35680,15712
>a 49232,15936,35728,15696
>a 49200,15920,35728,15712
>a 49264,15872,35744,15696
>a 49264,16032,35760,15696
>a 49296,15984,35808,15712
>a 49296,15888,35824,15728
>a 49216,15856,35808,15728
>a 49424,15920,35824,15680
>a 49360,15920,35824,15648
>a 49344,15856,35888,15792
>a 49312,15856,35888,15728
>a 49408,15888,35840,15664
>a 49456,16016,35872,15632
>a 49328,15904,35920,15712
>a 49328,15920,36016,15648
>a 49408,15920,35888,15632
>a 49408,15904,35952,15696
>a 49376,15856,35984,15600
>a 49488,15856,36000,15664
>a 49424,15904,35968,15680
>a 49328,15920,35920,15696
>a 49424,15952,36016,15696
>a 49424,15968,36000,15696
>a 49456,15904,35952,15680
>a 49456,15920,35952,15728
>a 49472,15856,36000,15728
>a 49456,15888,36032,15696
>a 49552,15952,36080,15680
>a 49520,15920,36064,15648
>a 49440,15952,36048,15696
>a 49440,15920,36080,15728
>a 49520,16000,36000,15712
>a 49616,16032,36144,15744
>a 49488,15872,36080,15712
>a 49536,15920,36096,15760
>a 49488,15936,36080,15536
>a 49552,15952,36048,15712
>a 49616,15920,36080,15664
>a 49552,15920,36112,15728
>a 49584,15920,36112,15680
>a 49584,15904,36112,15648
>a 49584,15904,36016,15728
>a 49680,15792,36016,15680
>a 49632,15920,36176,15728
>a 49584,15936,36080,15824
>a 49584,15920,36112,15600
>a 49456,15824,36032,15712
>a 49680,15904,36080,15728
>a 49712,15920,36128,15696
>a 49648,16000,36016,15696
>a 49616,15936,36128,15744
>a 49584,15920,36096,15728
>a 49584,15904,36096,15808
>a 49712,15936,36096,15760
>a 49664,15904,36096,15664
>a 49616,15920,36144,15728
>a 49584,15904,36112,15728
>a 49584,15936,36096,15728
>a 49648,15952,36112,15712
>a 49584,15936,36096,15712
>a 49584,15920,36112,15696
>a 49584,15920,36128,15712
>a 49584,15952,36144,15792
>a 49616,15904,36112,15696
>a 49584,15968,36128,15712
>a 49584,15952,36112,15696
>a 49632,15952,36096,15552
>a 49648,15936,36080,15728
>a 49520,15904,36160,15712
>a 49584,16032,36128,15696
>a 49616,15904,36224,15696
>a 49536,15856,36144,15696
>a 49584,15952,36176,15728
>a 49648,15952,36128,15632
>a 49520,15904,36048,15728
>a 49680,15888,36096,15664
>a 49584,15920,36144,15680
>a 49584,15920,36144,15792
>p 5,0
>a 49568,15904,34288,15696
>p 5,90
>a 49664,15792,34864,15616
>a 49616,15968,34992,15600
>a 49584,15904,34992,15664
>a 49552,15888,34992,15664
>a 49568,15936,35056,15696
>a 49584,15872,35040,15632
>a 49616,16016,35024,15664
>a 49568,15904,35072,15664
>a 49648,16016,34992,15632
>a 49552,15968,35152,15680
>a 49584,15840,35072,15664
>a 49552,15920,35024,15632
>a 49648,15936,35072,15632
>a 49664,15936,35120,15696
>a 49584,15936,35072,15664
>a 49616,15904,35168,15664
>a 49568,15952,35088,15664
>a 49584,15920,35104,15664
>a 49552,15888,35120,15680
>a 49568,15904,35168,15696
>a 49584,15920,35056,15696
>a 49568,15920,35136,15648
>a 49520,15856,35152,15696
>a 49552,15888,35088,15760
>a 49552,15904,35136,15696
>a 49552,15920,35152,15680
>a 49584,15936,35264,15808
>a 49536,15856,35184,15696
>a 49568,15920,35120,15648
>a 49584,15904,35168,15664
>a 49568,15936,35200,15744
>a 49568,15856,35216,15616
>a 49552,15920,35232,15664
>a 49552,15872,35200,15632
>a 49552,16048,35248,15680
>a 49488,15952,35072,15824
>a 49536,15952,35216,15680
>a 49584,15920,35248,15648
>a 49552,15936,35216,15792
>a 49584,15920,35312,15760
>a 49648,16032,35232,15664
>a 49568,15952,35152,15664
>a 49568,15904,35216,15680
>a 49568,15888,35104,15664
>a 49504,15920,35232,15632
>a 49552,15920,35184,15680
>a 49552,15904,35232,15648
>a 49552,15920,35168,15680
>a 49584,16016,35200,15664
>a 49552,15920,35232,15728
>a 49552,15888,35200,15680
>a 49584,15952,35216,15664
>a 49536,15872,35248,15696
>a 49520,15920,35232,15632
>a 49552,15936,35200,15664
>a 49536,15920,35184,15648
>a 49552,15920,35248,15632
>a 49520,15872,35312,15664
>a 49536,16032,35376,15680
>a 49520,15920,35248,15680
>a 49488,15936,35248,15680
>a 49520,15920,35264,15664
>a 49552,15872,35248,15584
>a 49552,16000,35248,15664
>a 49552,16000,35264,15664
>a 49568,15856,35184,15648
>a 49520,16032,35280,15696
>a 49600,16048,35232,15648
>a 49584,16048,35184,15648
>a 49552,15904,35248,15616
>a 49568,15904,35280,15680
>a 49520,15904,35248,15664
>a 49552,15856,35280,15712
>a 49552,15936,35264,15664
>a 49552,15920,35248,15664
>a 49520,15920,35280,15696
>a 49536,15920,35392,15696
>a 49536,15920,35232,15664
>a 49536,15952,35280,15680
>a 49520,15888,35264,15712
>a 49536,15920,35280,15664
>a 49520,15920,35232,15568
>a 49520,15920,35264,15696
>a 49536,15920,35264,15664
>a 49488,15904,35248,15680
>a 49536,15904,35200,15664
>a 49504,15904,35280,15648
>a 49520,15936,35360,15888
>a 49520,15920,35280,15776
>a 49520,15952,35280,15632
>a 49552,15872,35248,15664
>a 49520,16016,35344,15760
>a 49520,15936,35280,15712
>a 49520,16016,35248,15696
>a 49456,15904,35344,15632
>a 49536,15920,35104,15664
>a 49520,15952,35248,15744
>a 49488,15920,35232,15648
>a 49520,15840,35280,15648
>a 49488,15920,35280,15664
>a 49504,15920,35248,15664
>a 49584,16048,35248,15648
>a 49584,15952,35280,15664
>a 49504,15904,35248,15696
>a 49456,15904,35344,15600
>a 49552,15936,35248,15632
>a 49488,16032,35200,15776
>a 49488,15920,35248,15680
>a 49456,15936,35248,15680
>a 49424,15904,35328,15760
>a 49488,15888,35280,15696
>a 49488,15952,35344,15696
>a 49504,15952,35296,15696
>a 49456,15856,35280,15712
>a 49584,15936,35312,15600
>a 49488,15920,35216,15696
>a 49504,15952,35248,15760
>a 49552,15808,35280,15680
>a 49488,15904,35248,15664
>a 49488,15888,35232,15696
>a 49520,15936,35248,15696
>a 49488,15920,35280,15680
>a 49488,15952,35248,15632
>a 49440,15872,35280,15568
>a 49520,16032,35264,15664
>a 49488,15936,35312,15648
>a 49488,15808,35376,15616
>a 49488,15952,35296,15648
>a 49520,15920,35216,15680
>a 49408,15920,35248,15680
>a 49488,15920,35232,15680
>a 49568,15936,35232,15600
>a 49456,15840,35280,15648
>a 49408,15904,35248,15680
>a 49456,15936,35248,15680
>a 49456,15936,35312,15696
>a 49488,15904,35296,15696
>a 49520,15888,35184,15664
>a 49504,15920,35264,15760
>a 49488,15904,35296,15696
>a 49392,15920,35264,15696
>a 49456,15920,35312,15696
>a 49552,15936,35296,15712
>a 49488,15952,35296,15792
>a 49488,15904,35248,15776
>a 49488,16016,35296,15712
>a 49424,15888,35264,15664
>a 49504,15888,35248,15664
>a 49456,15920,35264,15680
>a 49456,15920,35248,15728
>a 49568,15840,35280,15648
>a 49408,15920,35280,15648
>a 49456,16000,35280,15744
>a 49488,15952,35296,15664
>a 49456,15984,35296,15648
>a 49440,15872,35280,15664
>a 49424,15856,35280,15760
>a 49472,15888,35248,15664
>a 49504,15936,35312,15664
>a 49456,15904,35216,15568
>a 49488,15920,35120,15696
>a 49440,15904,35280,15680
>a 49488,15872,35264,15680
>a 49456,15952,35296,15680
>a 49536,15888,35280,15648
>a 49424,15856,35296,15680
>a 49488,15920,35280,15648
>a 49456,15920,35248,15664
>a 49408,15920,35296,15712
>a 49440,15936,35296,15632
>a 49424,15888,35248,15680
>a 49456,15904,35216,15616
>a 49456,15920,35248,15664
>a 49424,16000,35248,15680
>a 49488,15936,35280,15664
>a 49456,15936,35312,15728
>a 49456,15856,35280,15712
>a 49456,15904,35376,15680
>a 49392,15920,35312,15696
>a 49440,15904,35344,15744
>a 49424,15888,35296,15680
>a 49456,15856,35280,15664
>a 49440,15936,35312,15680
>a 49520,15952,35296,15696
>a 49472,15904,35248,15696
>a 49408,15904,35280,15840
>a 49488,15952,35280,15648
>a 49424,15920,35280,15696
>a 49472,15920,35248,15664
>a 49424,15968,35280,15680
>a 49504,15856,35248,15648
>a 49424,15856,35280,15664
>a 49472,15920,35280,15664
>a 49408,15904,35216,15664
>a 49456,15888,35360,15664
>a 49456,15920,35248,15680
>a 49424,15872,35280,15696
>a 49408,15872,35248,15664
>a 49440,16032,35264,15664
>a 49408,15984,35360,15696
>a 49456,15952,35360,15632
>a 49440,15888,35280,15744
>a 49424,15872,35280,15632
>a 49456,16016,35280,15696
>a 49440,15936,35344,15744
>a 49424,15840,35312,15648
>a 49424,15920,35248,15712
>a 49408,15888,35232,15680
>a 49392,15888,35264,15664
>a 49408,15920,35104,15712
>a 49456,15904,35248,15680
>a 49408,15920,35264,15696
>a 49376,15888,35280,15680
>a 49456,16144,35296,15744
>a 49392,16016,35248,15680
>a 49456,15936,35248,15648
>a 49424,15920,35280,15664
>a 49408,15872,35344,15728
>a 49424,15904,35312,15680
>a 49456,15792,35232,15664
>a 49264,15920,35280,15712
>a 49536,15952,35328,15648
>a 49424,15920,35264,15696
>a 49376,15920,35376,15632
>a 49424,16000,35376,15696
>a 49360,15920,35280,15696
>a 49328,15920,35264,15680
>a 49424,15920,35376,15760
>a 49424,15904,35136,15680
>a 49424,15920,35248,15696
>a 49440,15888,35280,15664
>a 49424,15920,35248,15792
>a 49392,15936,35312,15664
>a 49424,15904,35248,15664
>a 49456,15984,35344,15584
>a 49424,15904,35216,15664
>a 49488,15920,35280,15696
>a 49456,15920,35296,15680
>a 49312,16000,35216,15648
>a 49424,15888,35264,15664
>a 49408,15840,35280,15680
>a 49408,15920,35248,15728
>a 49328,15920,35280,15648
>a 49408,15920,35216,15760
>a 49488,15920,35296,15664
>a 49424,15920,35280,15664
>a 49408,15984,35312,15664
>a 49392,15920,35360,15680
>a 49408,15888,35264,15664
>a 49456,15920,35248,15680
>a 49344,15920,35360,15664
>a 49456,15888,35280,15680
>a 49408,15840,35280,15728
>a 49344,15920,35328,15696
>a 49360,15888,35168,15632
>a 49424,15952,35280,15680
>a 49408,15920,35248,15664
>a 49392,15936,35280,15744
>a 49376,15904,35408,15696
>a 49488,15904,35280,15680
>a 49360,15984,35264,15680
>a 49360,15904,35280,15680
>a 49408,15952,35248,15664
>a 49520,15936,35248,15680
>a 49360,16000,35264,15680
>a 49296,16016,35312,15696
>a 49456,15856,35328,15696
>a 49344,15920,35376,15776
>a 49408,15952,35248,15664
>a 49408,15920,35312,15776
>a 49456,15888,35280,15664
>a 49376,15888,35296,15648
>a 49392,15920,35296,15712
>a 49440,16016,35280,15680
>a 49360,15920,35296,15776
>a 49408,15904,35232,15664
>a 49376,15984,35280,15664
>a 49408,15952,35376,15664
>a 49328,15952,35296,15664
>a 49376,15888,35312,15600
>a 49376,15952,35312,15696
>a 49296,15920,35344,15760
>a 49360,15920,35376,15680
>a 49408,15920,35296,15664
>a 49328,15904,35264,15760
>a 49408,15872,35248,15648
>a 49440,15888,35248,15632
>a 49360,15920,35280,15680
>a 49360,15840,35296,15648
>a 49360,15920,35296,15664
>a 49328,15904,35360,15760
>a 49376,15920,35296,15696
>a 49376,15904,35296,15696
>a 49408,15920,35376,15584
>a 49376,16000,35296,15728
>a 49360,15920,35296,15744
>a 49328,15792,35280,15664
>a 49456,15936,35248,15664
>a 49392,15904,35280,15664
>a 49296,15840,35280,15616
>a 49328,15904,35280,15648
>a 49456,15888,35248,15760
>a 49344,15920,35248,15680
>a 49360,15968,35296,15680
>a 49376,15920,35248,15648
>a 49344,15904,35248,15680
>a 49296,15920,35232,15696
>a 49392,15888,35280,15712
>a 49328,15920,35248,15760
>a 49328,15920,35280,15664
>a 49360,15904,35312,15648
>a 49424,15920,35280,15680
>a 49328,16048,35392,15696
>a 49376,15904,35248,15664
>a 49312,15856,35360,15664
>a 49328,15920,35376,15648
>a 49360,15904,35376,15760
>a 49344,15920,35248,15664
>a 49264,15936,35280,15664
>a 49328,15856,35312,15696
>a 49360,15872,35312,15696
>a 49344,15968,35280,15536
>a 49424,15904,35280,15664
>a 49456,15776,35328,15648
>a 49264,15952,35280,15552
>a 49264,15936,35248,15664
>a 49328,15888,35280,15600
>a 49328,15840,35280,15664
>a 49328,15888,35280,15680
>a 49328,15888,35296,15712
>a 49328,15904,35248,15712
>a 49312,15920,35280,15712
>a 49376,15920,35264,15680
>a 49424,15920,35280,15680
>a 49312,16000,35248,15664
>a 49200,15984,35264,15696
>a 49408,15904,35248,15696
>a 49408,15872,35344,15760
>a 49376,15904,35248,15680
>a 49392,15984,35216,15632
>a 49312,15840,35280,15744
>a 49328,15888,35360,15664
>a 49264,15920,35360,15664
>a 49328,16000,35280,15664
>a 49328,16016,35248,15696
>a 49296,15888,35264,15744
>a 49408,15952,35248,15680
>a 49344,15904,35280,15664
>a 49280,15872,35360,15744
>a 49280,15920,35424,15712
>a 49312,15920,35264,15696
>a 49392,16048,35248,15632
>a 49392,15920,35312,15664
>a 49296,15904,35280,15696
>a 49344,15952,35216,15648
>a 49328,15920,35296,15584
>a 49392,15904,35360,15696
>a 49328,15888,35424,15696
>a 49328,15904,35296,15760
>a 49328,15888,35248,15648
>a 49328,15936,35264,15632
>a 49296,15904,35280,15696
>a 49312,15920,35312,15696
>a 49312,15856,35264,15632
>a 49312,15904,35248,15680
>a 49280,15920,35280,15680
>a 49312,15920,35344,15664
>a 49280,16000,35280,15600
>a 49328,15840,35280,15680
>a 49328,15920,35280,15648
>a 49328,15920,35312,15648
>a 49344,15952,35328,15680
>a 49328,15920,35280,15712
>a 49328,15920,35296,15680
>a 49280,15888,35248,15728
>a 49312,15888,35312,15648
>a 49296,15920,35328,15648
>a 49312,15920,35296,15616
>a 49312,15920,35376,15664
>a 49312,15872,35248,15648
>a 49296,16016,35296,15648
>a 49296,15904,35296,15568
>a 49264,15968,35280,15680
>a 49184,15888,35280,15632
>a 49360,15936,35328,15680
>a 49296,15888,35296,15696
>a 49296,15904,35248,15680
>a 49200,15904,35328,15664
>a 49296,15872,35248,15680
>a 49280,16000,35376,15696
>a 49296,16016,35248,15600
>a 49296,15952,35296,15696
>a 49296,15904,35232,15696
>a 49296,15920,35280,15680
>a 49280,15888,35296,15680
>a 49360,15904,35360,15696
>a 49296,15904,35280,15664
>a 49296,15952,35296,15632
>a 49216,15840,35264,15680
>a 49296,15760,35280,15664
>a 49296,15904,35264,15664
>a 49280,15920,35296,15648
>a 49136,15920,35280,15696
>a 49264,15824,35232,15664
>a 49248,15856,35280,15696
>a 49264,15904,35296,15696
>a 49280,15904,35344,15680
>a 49296,15888,35280,15760
>a 49328,15984,35296,15648
>a 49344,15872,35312,15696
>a 49264,15920,35328,15696
>a 49344,15984,35280,15664
>a 49280,15856,35312,15712
>