
>
>
>
>
>v 1 Jul 11 2014, <C1459854>
>a 42576,25552,42864,15408
>a 42608,25552,42800,15376
>a 42576,25536,42816,15408
>a 42784,25520,42752,15408
>a 42544,25552,42704,15408
>a 42608,25488,42688,15328
>a 42624,25472,42720,15568
>a 42576,25456,42752,15392
>a 42496,25456,42608,15392
>a 42592,25504,42544,15344
>a 42592,25568,42576,15488
>a 42528,25536,42592,15376
>a 42576,25568,42592,15424
>a 42544,25568,42480,15360
>a 42304,25616,42496,15392
>a 42608,25568,42400,15376
>a 42288,25632,42368,15392
>a 42336,25648,42400,15424
>a 42272,25632,42368,15408
>a 42192,25632,42368,15424
>a 42256,25680,42384,15376
>a 42160,25648,42256,15456
>a 42160,25648,42288,15408
>a 42128,25552,42224,15392
>a 42080,25552,42208,15488
>a 42080,25712,42128,15392
>a 41936,25536,42224,15424
>a 42080,25584,42192,15280
>a 42096,25488,42144,15312
>a 42096,25408,42128,15376
>p 7,24
>p 7,24
>p 7,25
>p 7,26
>p 7,27
>p 7,28
>p 7,29
>a 43920,18000,42336,15408
>p 7,30
>p 7,31
>p 7,32
>p 7,33
>p 7,34
>a 44256,15984,42432,15264
>a 42544,23072,42384,15504
>a 42704,22192,42400,15392
>a 42896,21984,42432,15376
>a 42880,22400,42512,15504
>a 42896,22128,42608,15408
>a 43008,22288,42576,15424
>p 7,35
>a 42944,22464,42576,15328
>p 7,36
>p 7,37
>p 7,38
>p 7,39
>p 7,40
>p 7,41
>a 42128,26928,42496,15376
>p 7,42
>p 7,43
>a 42128,28464,42576,15392
>a 42416,28176,42480,15408
>a 42352,28272,42512,15392
>a 42400,28224,42416,15488
>a 42256,28256,42384,15408
>a 42256,28256,42368,15392
>p 7,44
>p 7,45
>p 7,46
>p 7,47
>p 7,49
>a 41088,31264,42288,15408
>p 7,51
>p 7,52
>p 7,53
>p 7,54
>a 40288,35696,42160,15392
>a 41760,35472,42160,15392
>a 42032,35392,42064,15408
>a 42000,35424,42192,15408
>a 41952,35360,42064,15360
>a 42032,35376,42128,15408
>a 42016,35296,42128,15392
>a 41968,35280,42096,15392
>a 41904,35360,42032,15488
>p 7,53
>p 7,52
>a 42048,35072,42064,15408
>p 7,50
>p 7,49
>p 7,48
>p 7,47
>p 7,46
>a 43104,29808,42144,15472
>p 7,45
>p 7,44
>p 7,43
>p 7,41
>p 7,40
>p 7,39
>p 7,38
>a 43696,25168,42240,15408
>p 7,37
>p 7,36
>p 7,35
>p 7,34
>p 7,33
>p 7,32
>p 7,31
>p 7,30
>a 44080,20272,42400,15376
>p 7,29
>p 7,28
>p 7,27
>a 44512,18192,42464,15408
>p 7,26
>p 7,25
>p 7,24
>p 7,23
>a 44960,16064,42640,15408
>a 45280,15360,42736,15408
>a 45344,15408,43008,15376
>a 45488,15408,43040,15392
>a 45488,15328,43232,15376
>a 45584,15392,43376,15392
>a 45696,15392,43456,15392
>a 45728,15344,43680,15392
>a 45824,15392,43808,15424
>a 45872,15392,43872,15424
>a 45984,15408,43952,15472
>a 46000,15376,44016,15408
>p 7,24
>p 7,25
>p 7,26
>p 7,27
>p 7,28
>a 46112,15344,44272,15408
>p 7,29
>p 7,30
>p 7,31
>p 7,32
>a 45728,15728,44304,15408
>p 7,33
>p 7,34
>a 43936,23408,44144,15440
>a 44080,22496,44176,15440
>a 44304,22128,44032,15392
>a 44208,22304,44016,15392
>a 44160,22192,44080,15392
>a 44256,22192,44144,15376
>a 44208,22192,44096,15408
>p 7,35
>p 7,36
>p 7,37
>p 7,38
>p 7,39
>p 7,40
>p 7,41
>p 7,43
>p 7,44
>a 42480,28576,43952,15472
>p 7,45
>p 7,46
>p 7,47
>a 42256,30448,43920,15376
>a 42976,30688,43872,15424
>a 43200,30784,43792,15376
>a 43232,30688,43744,15408
>a 43104,30864,43712,15424
>a 43216,30768,43600,15408
>a 43184,30768,43488,15408
>p 7,46
>p 7,45
>p 7,43
>a 43200,30272,43488,15408
>p 7,41
>p 7,40
>p 7,38
>p 7,37
>p 7,36
>p 7,34
>p 7,33
>p 7,32
>p 7,31
>p 7,30
>a 45104,19760,43664,15344
>p 7,29
>p 7,28
>p 7,27
>p 7,26
>p 7,25
>p 7,24
>p 7,23
>a 45440,16640,43728,15392
>a 45680,16032,43792,15424
>a 46000,15376,43984,15408
>a 46160,15408,44144,15408
>a 46192,15408,44272,15504
>a 46256,15392,44320,15392
>a 46336,15392,44464,15440
>a 46384,15376,44576,15376
>a 46496,15328,44704,15344
>a 46560,15392,44768,15424
>a 46704,15488,44896,15440
>a 46736,15408,45056,15424
>a 46768,15392,45216,15424
>a 46832,15408,45216,15424
>p 7,24
>p 7,25
>a 46896,15328,45360,15328
>p 7,26
>p 7,27
>a 46928,15408,45264,15392
>a 46976,15520,45488,15424
>a 45680,18176,45456,15392
>a 46064,17344,45616,15424
>a 45840,17728,45504,15408
>a 46048,17520,45616,15392
>a 46064,17632,45616,15328
>a 46160,17600,45648,15424
>p 7,28
>p 7,29
>p 7,30
>p 7,31
>a 45568,20336,45632,15440
>p 7,33
>a 45776,21760,45600,15472
>a 45808,21680,45568,15392
>a 45808,21600,45536,15392
>a 45744,21632,45536,15376
>a 45776,21664,45520,15424
>a 45856,21760,45488,15392
>a 45696,21552,45424,15392
>a 45488,21712,45424,15440
>a 45568,21728,45408,15408
>a 45584,21680,45392,15408
>p 7,34
>p 7,35
>p 7,36
>p 7,37
>a 44752,24288,45312,15408
>p 7,38
>p 7,39
>a 45008,24944,45344,15424
>p 7,40
>a 44576,26160,45216,15376
>p 7,41
>p 7,42
>p 7,43
>a 44192,27472,45184,15392
>a 44016,28320,44992,15408
>p 7,44
>p 7,45
>a 43488,29664,44912,15376
>p 7,46
>p 7,47
>a 43536,30384,44784,15408
>a 43344,30880,44704,15472
>p 7,48
>a 43312,31536,44608,15440
>a 43376,31280,44528,15392
>p 7,49
>p 7,50
>a 42912,32736,44464,15392
>p 7,51
>p 7,52
>a 42512,34400,44336,15456
>p 7,53
>a 43104,33904,44288,15456
>a 42608,34960,44144,15344
>a 42864,34608,44080,15392
>a 42800,34672,43984,15440
>a 42752,34640,43904,15408
>p 7,54
>p 7,55
>p 7,56
>a 42016,36496,43760,15376
>p 7,57
>a 42160,37104,43680,15456
>p 7,58
>p 7,59
>a 42064,37904,43600,15408
>p 7,60
>a 41632,39168,43440,15408
>a 41760,39440,43312,15328
>p 7,61
>a 41760,39712,43296,15392
>a 41712,39824,43216,15408
>a 41472,39856,43104,15392
>a 41520,39792,42992,15424
>p 7,60
>p 7,59
>a 41520,39712,42944,15408
>p 7,58
>p 7,57
>a 42160,37856,42880,15488
>p 7,56
>p 7,55
>a 42144,37040,42832,15424
>p 7,54
>p 7,53
>a 42720,34240,42768,15376
>p 7,52
>a 42544,34032,42800,15472
>p 7,51
>a 42528,33696,42752,15408
>a 42464,33616,42704,15408
>a 42320,33328,42720,15392
>p 7,52
>p 7,53
>p 7,54
>p 7,55
>p 7,56
>p 7,57
>a 41200,36736,42560,15408
>p 7,58
>p 7,59
>a 40848,38176,42496,15392
>p 7,60
>p 7,61
>a 41040,39168,42416,15424
>p 7,62
>p 7,63
>p 7,64
>a 41040,39728,42336,15440
>a 41072,40032,42256,15424
>a 41024,40080,42192,15488
>p 7,65
>p 7,66
>a 41008,40000,42080,15392
>p 7,67
>a 40944,40032,41968,15376
>a 40880,39984,41968,15344
>a 40864,39888,41856,15424
>p 7,66
>p 7,65
>p 7,63
>a 40816,39840,41856,15360
>p 7,62
>p 7,61
>p 7,60
>p 7,59
>p 7,58
>p 7,57
>a 40704,39712,41728,15360
>p 7,56
>p 7,55
>p 7,54
>p 7,53
>a 40928,39120,41696,15424
>p 7,52
>p 7,51
>p 7,50
>p 7,49
>a 42800,30960,41712,15376
>a 41856,32368,41776,15328
>a 41808,32240,41728,15408
>p 7,50
>p 7,52
>p 7,53
>p 7,54
>p 7,56
>p 7,57
>p 7,58
>p 7,59
>p 7,60
>p 7,61
>a 40160,38192,41584,15344
>p 7,62
>p 7,63
>p 7,64
>p 7,65
>a 40400,39056,41536,15376
>p 7,66
>p 7,67
>p 7,68
>p 7,69
>a 40688,39600,41520,15440
>p 7,70
>p 7,71
>p 7,72
>p 7,73
>a 40752,39824,41456,15392
>p 7,74
>p 7,75
>a 40880,39872,41440,15312
>p 7,76
>p 7,77
>p 7,78
>p 7,79
>a 40800,39856,41392,15344
>a 40816,39840,41328,15440
>a 40768,39792,41312,15376
>a 40672,39760,41232,15392
>a 40592,39664,41136,15344
>a 40560,39648,41120,15376
>a 40528,39568,41120,15376
>a 40528,39568,41056,15440
>a 40480,39600,41072,15408
>a 40352,39472,40928,15392
>p 7,78
>p 7,77
>a 40368,39440,40848,15392
>p 7,76
>p 7,75
>p 7,74
>a 40384,39376,40816,15360
>p 7,72
>p 7,71
>p 7,70
>p 7,69
>p 7,68
>p 7,67
>a 40304,39344,40768,15472
>p 7,66
>p 7,65
>p 7,63
>p 7,62
>p 7,61
>p 7,60
>p 7,59
>a 40128,39312,40736,15328
>p 7,58
>p 7,57
>p 7,56
>p 7,55
>p 7,54
>p 7,53
>p 7,52
>a 40288,39024,40656,15408
>p 7,51
>p 7,50
>p 7,49
>a 41952,33232,40768,15408
>p 7,48
>p 7,47
>p 7,46
>a 41248,30464,40848,15344
>p 7,45
>p 7,44
>p 7,43
>p 7,42
>p 7,41
>a 42288,26272,40976,15376
>p 7,40
>p 7,39
>p 7,38
>p 7,37
>p 7,36
>a 42240,24672,41104,15344
>p 7,35
>p 7,34
>p 7,33
>p 7,32
>p 7,31
>p 7,30
>a 43552,20128,41248,15344
>p 7,29
>p 7,28
>p 7,27
>p 7,26
>a 43936,17648,41360,15408
>p 7,25
>a 44240,16448,41584,15392
>p 7,24
>p 7,23
>a 44528,15632,41728,15392
>a 44800,15344,41920,15408
>a 44848,15488,42080,15376
>a 44960,15376,42240,15488
>a 45024,15376,42352,15392
>a 45088,15344,42544,15408
>p 7,24
>p 7,25
>p 7,26
>p 7,27
>p 7,28
>a 45136,15328,42640,15408
>p 7,29
>p 7,30
>p 7,31
>p 7,32
>p 7,33
>a 42464,21872,42512,15472
>p 7,34
>p 7,35
>a 42720,22560,42544,15392
>a 42752,23072,42608,15408
>p 7,36
>a 42608,23952,42528,15344
>p 7,37
>a 42752,24368,42688,15392
>a 42656,24128,42576,15376
>a 42704,24176,42576,15408
>a 42736,24176,42640,15440
>a 42736,24176,42608,15392
>p 7,38
>p 7,39
>p 7,40
>p 7,41
>a 42256,26752,42544,15408
>a 42672,26592,42576,15424
>a 42624,26944,42528,15424
>a 42592,26720,42480,15392
>p 7,43
>p 7,44
>a 42176,28848,42432,15488
>a 42416,28736,42416,15392
>a 42480,28832,42288,15328
>a 42400,28784,42336,15360
>a 42400,28832,42288,15328
>a 42352,28800,42288,15392
>a 42272,28848,42240,15456
>a 42320,28736,42224,15472
>a 42208,28896,42160,15392
>a 42144,28736,42128,15392
>a 42272,28944,42144,15440
>a 42128,28912,42160,15424
>p 7,43
>p 7,42
>p 7,41
>p 7,40
>a 42288,27056,42160,15408
>p 7,39
>p 7,38
>a 42576,24224,42128,15264
>a 42160,25072,42192,15376
>a 42320,24960,42096,15424
>a 42240,24912,42160,15376
>a 42288,24928,42112,15344
>a 42288,24896,42144,15392
>a 42352,24832,42240,15408
>a 42336,24848,42208,15408
>a 42336,25040,42224,15440
>a 42512,24880,42288,15424
>a 42384,24832,42352,15328
>p 7,39
>a 42496,24960,42288,15408
>p 7,40
>a 42400,26416,42304,15392
>a 42464,26128,42272,15408
>a 42496,26048,42272,15392
>a 42464,26208,42288,15440
>a 42624,26208,42224,15344
>a 42512,26224,42240,15344
>a 42448,26032,42288,15344
>a 42448,26240,42320,15344
>a 42448,26224,42240,15360
>a 42448,26304,42224,15392
>a 42416,26272,42304,15472
>a 42336,26160,42240,15376
>a 42352,26320,42256,15472
>a 42288,26288,42256,15216
>a 42304,26240,42192,15376
>a 42272,26320,42304,15344
>a 42240,26240,42272,15392
>p 7,39
>p 7,37
>p 7,36
>p 7,35
>a 42816,24144,42288,15408
>p 7,34
>p 7,33
>p 7,32
>p 7,31
>p 7,30
>p 7,29
>p 7,28
>a 44048,18800,42432,15408
>p 7,27
>p 7,26
>p 7,25
>p 7,24
>p 7,23
>a 44464,16624,42528,15472
>a 45456,15424,42768,15376
>a 45664,15488,42928,15392
>a 45792,15392,43152,15392
>a 45824,15376,43200,15408
>a 45872,15344,43376,15360
>a 46000,15408,43584,15376
>a 46048,15504,43632,15440
>a 46112,15456,43712,15440
>a 46320,15408,43888,15392
>a 46304,15344,44016,15408
>a 46384,15472,44128,15424
>a 46448,15408,44240,15408
>a 46480,15408,44368,15392
>a 46512,15376,44432,15520
>a 46544,15312,44592,15392
>a 46592,15408,44704,15456
>a 46704,15360,44688,15424
>a 46784,15408,44896,15408
>a 46896,15408,45008,15440
>a 46928,15408,45104,15424
>a 46896,15376,45168,15408
>