v 1 Jul 11 2014, <C1459854>
>v 1 Jul 11 2014, <C1459854>
>a 38704,15328,38448,15328
>a 38672,15344,38480,15392
>a 38672,15344,38384,15344
>a 38672,15440,38448,15408
>a 38688,15344,38416,15376
>a 38672,15344,38448,15392
>a 38656,15328,38400,15392
>a 38672,15344,38432,15376
>a 38560,15328,38432,15376
>a 38816,15360,38496,15376
>a 38656,15376,38448,15392
>a 38672,15344,38512,15392
>a 38656,15440,38432,15360
>a 38672,15360,38320,15392
>a 38672,15328,38320,15328
>a 38688,15344,38432,15392
>a 38736,15312,38496,15328
>a 38688,15360,38368,15376
>a 38592,15344,38432,15408
>a 38576,15328,38384,15472
>a 38768,15328,38448,15408
>a 38656,15392,38432,15344
>a 38672,15328,38416,15376
>a 38640,15344,38432,15328
>a 38608,15376,38384,15344
>a 38672,15440,38528,15360
>a 38672,15344,38448,15392
>a 38672,15392,38448,15488
>a 38672,15344,38448,15408
>a 38672,15360,38464,15408
>a 38656,15408,38432,15408
>a 38640,15344,38400,15440
>a 38624,15392,38448,15376
>a 38624,15344,38432,15344
>a 38768,15344,38448,15376
>a 38672,15344,38368,15408
>a 38672,15376,38464,15344
>a 38688,15440,38480,15408
>a 38640,15392,38464,15408
>a 38656,15344,38512,15488
>a 38688,15344,38480,15344
>a 38672,15296,38448,15376
>a 38768,15344,38368,15392
>a 38672,15344,38432,15392
>a 38688,15344,38608,15344
>a 38656,15344,38432,15344
>a 38624,15280,38352,15360
>a 38656,15344,38464,15392
>a 38624,15328,38400,15296
>a 38656,15344,38432,15392
>a 38640,15344,38432,15376
>a 38640,15392,38416,15472
>a 38656,15328,38432,15424
>a 38656,15344,38368,15344
>a 38656,15408,38400,15344
>a 38688,15456,38448,15376
>a 38576,15216,38400,15392
>a 38656,15552,38448,15344
>a 38752,15344,38384,15392
>a 38656,15264,38416,15344
>a 38640,15344,38416,15376
>a 38656,15344,38480,15376
>a 38608,15344,38384,15376
>a 38624,15264,38448,15456
>a 38624,15408,38400,15328
>a 38704,15328,38432,15344
>a 38688,15344,38368,15392
>a 38624,15344,38448,15440
>a 38608,15312,38416,15376
>a 38656,15200,38384,15472
>a 38736,15440,38448,15392
>a 38704,15360,38432,15392
>a 38688,15376,38448,15424
>a 38656,15376,38512,15392
>a 38656,15344,38432,15456
>a 38688,15344,38448,15344
>a 38640,15344,38400,15376
>a 38640,15344,38384,15392
>a 38672,15440,38432,15376
>a 38688,15344,38448,15376
>a 38656,15344,38448,15376
>a 38656,15344,38288,15392
>a 38640,15312,38480,15376
>a 38656,15328,38384,15392
>a 38624,15168,38432,15344
>a 38656,15344,38448,15408
>a 38640,15344,38368,15312
>a 38704,15376,38448,15376
>a 38640,15328,38448,15408
>a 38656,15344,38432,15392
>a 38656,15456,38432,15376
>a 38624,15296,38448,15376
>a 38688,15344,38448,15392
>a 38688,15344,38464,15376
>a 38672,15376,38464,15472
>a 38688,15360,38464,15328
>a 38768,15328,38400,15408
>a 38656,15296,38352,15376
>a 38720,15232,38400,15408
>a 38672,15504,38464,15376
>a 38704,15424,38560,15376
>a 38656,15344,38432,15376
>a 38752,15440,38464,15376
>a 38720,15328,38480,15408
>a 38656,15344,38384,15344
>a 38640,15328,38480,15376
>a 38672,15360,38416,15472
>a 38688,15344,38592,15408
>a 38576,15376,38448,15424
>a 38704,15376,38336,15392
>a 38688,15344,38432,15392
>a 38656,15376,38432,15456
>a 38688,15344,38416,15376
>a 38640,15296,38464,15424
>a 38640,15344,38448,15328
>a 38672,15344,38448,15376
>a 38672,15344,38432,15312
>a 38672,15344,38384,15376
>a 38688,15456,38416,15504
>a 38656,15360,38416,15344
>a 38672,15360,38448,15392
>a 38624,15280,38496,15392
>a 38768,15344,38400,15392
>a 38560,15344,38448,15376
>a 38672,15344,38432,15376
>a 38688,15344,38448,15376
>a 38688,15344,38448,15392
>a 38672,15376,38480,15344
>a 38768,15344,38432,15360
>a 38688,15344,38448,15376
>a 38672,15328,38432,15472
>a 38656,15472,38496,15408
>a 38640,15344,38432,15376
>a 38528,15344,38512,15344
>a 38688,15344,38464,15408
>a 38672,15360,38496,15392
>a 38672,15488,38432,15360
>a 38640,15344,38400,15344
>a 38656,15328,38352,15392
>a 38736,15344,38448,15344
>a 38656,15344,38416,15376
>a 38576,15344,38416,15424
>a 38672,15344,38416,15344
>a 38640,15328,38512,15408
>a 38672,15360,38448,15360
>a 38608,15328,38416,15392
>a 38672,15344,38560,15392
>a 38688,15360,38400,15344
>a 38576,15344,38432,15376
>a 38672,15232,38368,15408
>a 38640,15344,38368,15408
>a 38784,15344,38512,15456
>a 38656,15424,38464,15360
>a 38656,15344,38416,15392
>a 38640,15456,38512,15344
>a 38656,15312,38400,15376
>a 38688,15376,38448,15392
>a 38624,15344,38400,15376
>a 38592,15328,38496,15456
>