
>v 1 Jul 11 2014, <FA352A08>
>a 47632,15392,47424,15360
>a 47648,15424,47424,15376
>a 47632,15376,47376,15408
>a 47584,15392,47456,15504
>a 47648,15376,47424,15424
>a 47648,15344,47472,15440
>a 47696,15472,47408,15360
>a 47520,15376,47504,15568
>a 47664,15392,47408,15504
>a 47584,15328,47456,15424
>a 47648,15392,47472,15456
>a 47664,15424,47408,15440
>a 47712,15360,47424,15440
>a 47680,15408,47456,15408
>a 47648,15424,47440,15536
>a 47680,15408,47392,15440
>a 47632,15424,47440,15408
>a 47664,15328,47424,15440
>a 47536,15328,47456,15392
>a 47600,15488,47456,15440
>a 47648,15392,47360,15440
>a 47632,15344,47376,15408
>a 47568,15344,47424,15408
>a 47632,15408,47408,15520
>a 47632,15392,47392,15408
>a 47648,15392,47408,15536
>a 47664,15408,47408,15440
>a 47664,15520,47504,15456
>a 47664,15440,47360,15504
>a 47664,15408,47408,15456
>a 47648,15392,47408,15440
>a 47632,15424,47456,15440
>a 47632,15376,47408,15472
>a 47616,15392,47408,15376
>a 47488,15392,47504,15424
>a 47648,15376,47392,15424
>a 47616,15392,47424,15424
>p 7,5
>p 7,5
>a 47632,15376,47424,15392
>a 47648,15360,47472,15440
>p 7,10
>p 7,15
>a 47632,15424,47408,15392
>a 47664,15408,47408,15456
>a 47664,15408,47376,15440
>a 47648,15408,47392,15344
>a 47680,15408,47424,15440
>a 47632,15344,47408,15408
>a 47664,15408,47504,15440
>a 47632,15440,47424,15440
>a 47584,15376,47376,15424
>a 47664,15408,47440,15424
>a 47664,15408,47408,15616
>a 47648,15392,47392,15440
>a 47632,15392,47344,15504
>a 47600,15376,47408,15424
>a 47632,15312,47424,15520
>a 47696,15408,47408,15520
>a 47648,15488,47408,15408
>a 47680,15408,47392,15408
>a 47616,15408,47408,15408
>a 47648,15376,47376,15408
>a 47664,15440,47472,15536
>a 47696,15440,47376,15536
>a 47728,15408,47440,15440
>a 47648,15344,47440,15424
>p 7,16
>p 7,17
>a 47664,15424,47440,15504
>p 7,18
>p 7,19
>p 7,20
>p 7,21
>a 47632,15344,47424,15440
>p 7,22
>p 7,23
>p 7,24
>a 47648,15408,47440,15456
>a 47648,15472,47520,15456
>a 47664,15392,47376,15536
>a 47680,15408,47440,15456
>a 47616,15392,47488,15424
>a 47632,15488,47408,15440
>a 47632,15440,47408,15440
>a 47632,15392,47472,15344
>a 47600,15440,47408,15504
>a 47712,15408,47440,15472
>a 47648,15392,47408,15376
>a 47648,15440,47440,15424
>a 47648,15376,47392,15472
>a 47632,15392,47376,15424
>a 47680,15408,47408,15472
>a 47712,15232,47440,15392
>a 47536,15296,47424,15440
>a 47632,15408,47392,15408
>a 47616,15408,47392,15440
>a 47632,15504,47392,15376
>a 47632,15408,47440,15440
>a 47632,15280,47408,15264
>a 47664,16016,47424,15408
>a 47600,15584,47376,15424
>a 47520,15696,47248,15424
>a 47472,15728,47424,15472
>a 47552,15760,47360,15504
>a 47600,15696,47344,15424
>a 47568,15696,47360,15536
>a 47536,15648,47216,15504
>a 47440,15680,47280,15408
>a 47616,15728,47344,15440
>a 47536,15728,47280,15328
>p 7,25
>p 7,27
>p 7,29
>p 7,31
>a 47232,17712,47264,15424
>p 7,32
>p 7,33
>p 7,34
>p 7,35
>p 7,36
>a 46560,23056,47216,15536
>a 46512,23584,47088,15440
>a 46080,23632,47024,15440
>a 45872,23520,46944,15456
>a 46272,23616,46880,15456
>a 46304,23744,46816,15440
>a 46160,23696,46720,15456
>a 46000,23600,46640,15456
>a 45648,23472,46592,15456
>a 45456,23456,46416,15520
>a 45520,23648,46352,15456
>a 45776,23664,46320,15328
>p 7,38
>p 7,39
>p 7,40
>a 45152,26400,46240,15440
>p 7,41
>a 44816,26768,46096,15408
>p 7,42
>p 7,43
>a 44112,28368,46000,15456
>p 7,44
>a 44160,28688,45824,15424
>a 44240,28784,45744,15440
>a 44240,28880,45744,15456
>a 44192,28896,45552,15424
>a 43952,28784,45536,15440
>a 43552,28672,45392,15472
>a 43376,28800,45296,15424
>a 43408,28864,45120,15424
>a 43632,28928,45104,15440
>a 43568,28848,45008,15456
>a 43056,28832,44880,15440
>a 42928,28752,44784,15456
>a 42816,28800,44640,15440
>a 42976,28848,44528,15424
>a 42976,28896,44480,15408
>a 42944,28832,44400,15408
>a 42624,28752,44240,15408
>a 42336,28816,44160,15520
>a 42256,28832,44080,15408
>a 42400,28864,43952,15408
>a 42448,28864,43936,15536
>a 42240,28688,43824,15424
>a 41888,28640,43696,15408
>a 41584,28704,43568,15408
>a 41776,28960,43376,15408
>a 41776,28960,43360,15440
>a 41824,28976,43360,15344
>a 41456,28736,43248,15392
>a 41392,28784,43152,15408
>a 41040,28656,42960,15408
>a 41056,28832,42928,15424
>a 41200,28928,42832,15440
>a 41264,28864,42784,15424
>a 41056,28816,42720,15424
>a 40544,28784,42560,15440
>a 40432,28704,42448,15456
>a 40672,28912,42352,15440
>a 40640,28912,42272,15424
>a 40592,28928,42304,15440
>a 40496,28784,42160,15472
>a 40048,28688,42080,15440
>a 40016,28784,41904,15440
>a 39968,28864,41840,15568
>a 40016,28912,41664,15440
>a 40112,28880,41696,15392
>a 39792,28784,41568,15392
>a 39472,28672,41488,15360
>a 39344,28752,41376,15376
>a 39488,28896,41344,15392
>a 39568,28944,41232,15408
>a 39456,28848,41200,15408
>a 39152,28752,41072,15392
>p 7,43
>p 7,42
>a 39008,28368,40896,15344
>p 7,40
>p 7,39
>p 7,37
>p 7,35
>p 7,33
>p 7,32
>p 7,30
>p 7,28
>p 7,27
>p 7,24
>p 7,23
>a 41136,17488,40960,15376
>p 7,21
>p 7,20
>p 7,18
>p 7,17
>p 7,16
>p 7,15
>p 7,14
>a 41200,15408,40880,15424
>p 7,13
>a 41232,15392,40896,15440
>a 41216,15344,40976,15344
>a 41232,15344,40976,15296
>a 41264,15344,41040,15408
>a 41328,15376,41056,15440
>a 41296,15392,41072,15424
>a 41312,15248,41072,15344
>a 41264,15296,41184,15376
>a 41264,15504,41136,15392
>a 41440,15376,41136,15344
>a 41440,15392,41216,15376
>a 41472,15360,41152,15408
>a 41456,15328,41184,15376
>a 41456,15344,41344,15408
>a 41424,15392,41216,15472
>a 41424,15376,41264,15376
>a 41504,15488,41312,15408
>a 41600,15376,41280,15392
>a 41504,15376,41312,15424
>a 41536,15376,41296,15392
>a 41520,15376,41312,15408
>a 41680,15392,41376,15424
>a 41568,15408,41360,15440
>a 41632,15344,41344,15424
>a 41616,15328,41296,15392
>a 41744,15360,41376,15392
>a 41584,15344,41408,15392
>a 41584,15376,41280,15392
>a 41648,15392,41424,15392
>a 41616,15472,41424,15408
>a 41664,15344,41440,15392
>a 41696,15344,41456,15408
>a 41696,15376,41440,15344
>a 41680,15312,41456,15408
>a 41696,15344,41456,15312
>a 41728,15280,41392,15424
>a 41696,15344,41520,15424
>a 41744,15376,41504,15312
>a 41728,15408,41504,15424
>a 41744,15392,41520,15344
>a 41776,15328,41568,15488
>a 41744,15456,41552,15408
>a 41824,15392,41552,15424
>a 41776,15376,41568,15424
>a 41680,15360,41552,15408
>a 41904,15376,41552,15392
>p 7,12
>p 7,11
>a 41888,15424,41552,15424
>p 7,10
>p 7,9
>p 7,8
>a 41760,15360,41584,15488
>a 41952,15248,41584,15440
>a 41840,15280,41616,15392
>a 41856,15488,41712,15424
>a 41840,15392,41584,15424
>a 41904,15328,41600,15424
>a 41840,15392,41680,15344
>a 41840,15376,41616,15408
>a 41888,15408,41648,15408
>a 41888,15360,41616,15344
>a 41936,15344,41648,15392
>a 41904,15424,41616,15248
>a 41904,15392,41648,15376
>a 41840,15376,41648,15472
>a 41936,15392,41696,15424
>a 41824,15392,41696,15488
>a 41920,15344,41712,15408
>a 41888,15344,41648,15408
>a 41904,15376,41696,15440
>a 41936,15376,41776,15424
>a 41888,15408,41648,15392
>a 42000,15360,41696,15392
>a 41904,15392,41744,15376
>a 41952,15376,41696,15296
>a 41872,15376,41632,15392
>a 41968,15424,41712,15440
>a 41968,15376,41744,15472
>a 41904,15344,41728,15408
>a 41904,15392,41728,15360
>a 41984,15344,41712,15424
>a 41936,15376,41776,15440
>a 41904,15312,41696,15472
>a 41776,15392,41728,15424
>a 42016,15408,41792,15408
>a 41968,15344,41776,15424
>a 41984,15360,41680,15408
>a 41936,15360,41760,15392
>a 41952,15360,41728,15312
>a 41968,15328,41680,15376
>a 41984,15392,41744,15392
>a 41984,15376,41776,15424
>a 41904,15360,41680,15392
>a 42016,15376,41824,15392
>a 41968,15392,41744,15440
>a 42000,15440,41776,15408
>a 41968,15312,41760,15376
>a 41984,15376,41792,15424
>a 42016,15392,41760,15408
>a 42032,15312,41776,15424
>a 42032,15360,41744,15408
>a 42000,15344,41712,15408
>a 42032,15376,41760,15408
>a 42064,15472,41792,15408
>a 42048,15280,41792,15520
>a 42016,15392,41824,15408
>a 42080,15344,41792,15408
>a 41968,15392,41776,15424
>a 42128,15392,41824,15408
>a 41984,15312,41792,15408
>a 42080,15408,41840,15440
>a 42016,15392,41776,15344
>a 42016,15376,41792,15344
>a 42032,15376,41952,15488
>a 42000,15312,41696,15408
>a 42112,15360,41824,15360
>a 42016,15360,41744,15392
>a 42032,15472,41776,15312
>a 42016,15376,41808,15408
>a 42064,15408,41824,15488
>a 42128,15456,41808,15408
>a 42016,15344,41840,15376
>a 42048,15392,41808,15392
>a 42032,15312,41872,15408
>a 42032,15552,41776,15488
>a 42064,15376,41824,15424
>a 42144,15408,41760,15504
>a 42032,15344,41792,15408
>a 41984,15360,41840,15424
>a 42000,15408,41808,15392
>a 42128,15376,41792,15392
>a 42096,15424,41920,15408
>a 42016,15392,41824,15392
>a 42016,15456,41808,15280
>a 42032,15344,41760,15392
>a 42080,15376,41840,15424
>a 42016,15344,41856,15424
>a 42016,15344,41824,15520
>a 42032,15344,41760,15376
>