
>
>
>
>
>v 1 Jul 11 2014, <C1459854>
>a 65520,15696,25680,15504
>a 65520,15616,25648,15456
>a 65520,15696,25648,15472
>a 65520,15680,25696,15440
>a 65520,15728,25632,15504
>a 65520,15680,25648,15504
>a 65520,15696,25664,15376
>a 65520,15696,25616,15488
>a 65520,15712,25616,15456
>a 65520,15696,25760,15488
>a 65520,15728,25664,15440
>a 65520,15680,25664,15488
>a 65520,15712,25680,15472
>a 65520,15680,25664,15440
>a 65520,15696,25648,15456
>a 65520,15696,25648,15456
>a 65520,15696,25680,15456
>a 65520,15792,25648,15456
>a 65520,15712,25616,15456
>a 65520,15712,25680,15472
>a 65520,15696,25792,15456
>a 65520,15632,25664,15456
>a 65520,15728,25632,15488
>a 65520,15696,25680,15424
>a 65520,15680,25648,15472
>a 65520,15664,25744,15472
>a 65520,15760,25664,15456
>a 65520,15696,25664,15472
>a 65520,15696,25616,15456
>a 65520,15696,25680,15440
>a 65520,15696,25760,15488
>p 7,12
>p 7,12
>p 7,13
>p 7,14
>p 7,15
>p 7,19
>p 7,20
>p 7,21
>p 7,23
>p 7,25
>p 7,27
>p 7,29
>a 65520,15728,25680,15472
>p 7,30
>p 7,31
>p 7,32
>a 65520,15664,25664,15424
>a 65520,15664,25680,15456
>a 65520,21392,25696,15424
>a 65520,20128,25696,15456
>a 65520,21120,25696,15456
>a 65520,20768,25696,15472
>a 65520,20832,25760,15408
>a 65520,20944,25712,15424
>p 7,31
>p 7,30
>p 7,29
>p 7,26
>p 7,25
>p 7,24
>p 7,23
>p 7,22
>a 65520,16976,25648,15456
>a 65520,15920,25696,15568
>p 7,21
>a 65520,15744,25696,15472
>a 65520,15776,25648,15536
>a 65520,15808,25680,15472
>a 65520,15776,25696,15440
>a 65520,15776,25632,15456
>p 7,20
>p 7,19
>a 65520,15808,25632,15472
>p 7,18
>p 7,16
>a 65520,15760,25664,15488
>a 65520,15808,25696,15472
>a 65520,15792,25664,15472
>p 7,18
>p 7,19
>p 7,20
>p 7,21
>p 7,22
>a 65520,15808,25632,15440
>p 7,23
>p 7,24
>a 65520,15760,25696,15424
>a 65520,15760,25648,15424
>a 65520,15760,25632,15584
>a 65520,15760,25664,15568
>a 65520,15712,25728,15408
>a 65520,15760,25632,15472
>a 65520,15728,25648,15552
>a 65520,15760,25568,15440
>a 65520,15824,25616,15472
>a 65520,15792,25680,15584
>a 65520,15824,25680,15456
>a 65520,15760,25632,15536
>a 65520,15728,25664,15456
>a 65520,15744,25584,15376
>a 65520,15776,25616,15536
>a 65520,15760,25568,15504
>p 7,25
>p 7,27
>a 65520,15776,25680,15472
>p 7,29
>p 7,30
>a 65520,15776,25648,15488
>a 65520,15760,25760,15440
>a 65520,20656,25696,15536
>a 65520,19152,25600,15472
>a 65520,19856,25680,15568
>a 65520,19888,25776,15472
>a 65520,19696,25712,15472
>a 65520,19792,25728,15408
>a 65520,19744,25600,15472
>p 7,29
>p 7,26
>a 65520,19040,25648,15488
>p 7,25
>a 65520,16480,25600,15440
>a 65520,16112,25680,15392
>a 65520,16400,25728,15568
>a 65520,16416,25648,15456
>a 65520,16256,25744,15456
>a 65520,16384,25600,15440
>a 65520,16416,25584,15456
>a 65520,16352,25664,15504
>a 65520,16320,25680,15472
>a 65520,16304,25696,15552
>a 65520,16352,25664,15552
>a 65520,16320,25680,15568
>a 65520,16256,25648,15552
>a 65520,16336,25680,15472
>a 65520,16400,25744,15472
>a 65520,16320,25664,15472
>a 65520,16336,25696,15488
>a 65520,16304,25664,15536
>a 65520,16352,25536,15424
>a 65520,16384,25648,15472
>a 65520,16384,25632,15472
>p 7,24
>a 65520,16400,25520,15536
>p 7,23
>p 7,22
>a 65520,15888,25648,15456
>a 65520,15712,25664,15472
>a 65520,15712,25664,15440
>a 65520,15728,25520,15456
>a 65520,15776,25648,15392
>a 65520,15792,25680,15488
>a 65520,15744,25664,15568
>a 65520,15760,25776,15440
>a 65520,15776,25584,15456
>a 65520,15712,25664,15568
>a 65520,15856,25632,15472
>a 65520,15776,25680,15440
>a 65520,15824,25664,15472
>a 65520,15776,25664,15552
>a 65520,15840,25648,15456
>a 65520,15824,25664,15440
>a 65520,15792,25664,15488
>a 65520,15760,25696,15488
>a 65520,15888,25680,15456
>a 65520,15696,25680,15552
>a 65520,15792,25680,15424
>a 65520,15792,25712,15456
>a 65520,15792,25648,15456
>a 65520,15696,25632,15472
>a 65520,15840,25632,15568
>a 65520,15664,25712,15456
>a 65520,15904,25648,15440
>a 65520,15664,25584,15456
>a 65520,15824,25696,15488
>a 65520,15712,25664,15440
>a 65520,15728,25648,15456
>a 65520,15728,25760,15472
>a 65520,15824,25680,15488
>a 65520,15728,25776,15472
>a 65520,15680,25648,15536
>a 65520,15728,25680,15472
>a 65520,15760,25680,15472
>a 65520,15744,25744,15536
>a 65520,15728,25616,15440
>a 65520,15760,25680,15456
>a 65520,15728,25728,15456
>a 65520,15728,25760,15440
>a 65520,15728,25648,15440
>a 65520,15776,25632,15456
>a 65520,15696,25712,15488
>a 65520,15712,25696,15456
>a 65520,15728,25728,15456
>a 65520,15712,25600,15408
>a 65520,15760,25680,15456
>a 65520,15744,25680,15456
>a 65520,15776,25680,15488
>a 65520,15760,25616,15472
>a 65520,15728,25696,15456
>a 65520,15744,25616,15488
>a 65520,15744,25632,15472
>a 65520,15712,25584,15392
>a 65520,15776,25616,15472
>a 65520,15984,25648,15456
>a 65520,15760,25632,15456
>a 65520,15776,25648,15488
>a 65520,15792,25760,15504
>a 65520,15856,25664,15424
>a 65520,15760,25664,15408
>a 65520,15728,25648,15536
>p 7,23
>a 65520,15776,25760,15456
>a 65520,15728,25648,15440
>a 65520,15680,25648,15488
>a 65520,15744,25648,15456
>a 65520,15760,25648,15472
>a 65520,15824,25680,15456
>a 65520,15776,25616,15472
>a 65520,15776,25744,15424
>a 65520,15840,25648,15488
>a 65520,15840,25680,15488
>a 65520,15760,25680,15472
>a 65520,15728,25696,15536
>a 65520,15792,25584,15472
>a 65520,15776,25568,15456
>a 65520,15776,25680,15568
>a 65520,15696,25648,15456
>a 65520,15776,25664,15536
>a 65520,15760,25632,15536
>a 65520,15856,25616,15472
>a 65520,15824,25648,15456
>a 65520,15744,25648,15456
>a 65520,15760,25664,15504
>a 65520,15728,25552,15456
>p 7,24
>a 65520,15728,25648,15456
>a 65520,15776,25664,15472
>a 65520,15808,25680,15472
>a 65520,15744,25712,15472
>a 65520,15760,25664,15552
>a 65520,15744,25664,15344
>a 65520,15824,25664,15456
>a 65520,15776,25648,15472
>a 65520,15792,25664,15488
>a 65520,15760,25600,15456
>a 65520,15760,25664,15456
>a 65520,15760,25648,15456
>a 65520,15744,25760,15504
>a 65520,15696,25648,15472
>a 65520,15712,25664,15408
>a 65520,15792,25632,15472
>a 65520,15760,25680,15488
>a 65520,15696,25648,15472
>a 65520,15744,25648,15456
>a 65520,15856,25632,15440
>a 65520,15840,25520,15456
>a 65520,15728,25568,15472
>a 65520,15760,25632,15504
>a 65520,15872,25632,15488
>a 65520,15744,25648,15456
>a 65520,15792,25648,15456
>a 65520,15760,25648,15392
>a 65520,15760,25680,15472
>a 65520,15760,25664,15456
>a 65520,15792,25680,15472
>a 65520,15760,25632,15424
>a 65520,15760,25648,15456
>a 65520,15696,25760,15456
>a 65520,15760,25632,15472
>a 65520,15776,25648,15632
>a 65520,15776,25664,15472
>a 65520,15776,25696,15488
>a 65520,15888,25664,15488
>a 65520,15712,25680,15456
>a 65520,15856,25616,15440
>a 65520,15824,25664,15456
>a 65520,15792,25712,15456
>a 65520,15776,25680,15392
>a 65520,15792,25664,15472
>a 65520,15760,25632,15344
>a 65520,15792,25744,15456
>p 7,25
>a 65520,15792,25680,15552
>a 65520,15792,25648,15568
>a 65520,15808,25632,15424
>a 65520,15760,25632,15456
>a 65520,15632,25680,15488
>a 65520,15808,25696,15456
>a 65520,15760,25664,15456
>a 65520,15728,25648,15456
>a 65520,15760,25664,15456
>a 65520,15776,25648,15472
>a 65520,15776,25632,15488
>a 65520,15776,25664,15472
>a 65520,15728,25504,15424
>a 65520,15888,25712,15488
>a 65520,15824,25664,15552
>a 65520,16320,25712,15344
>a 65520,16416,25680,15456
>a 65520,16272,25632,15408
>a 65520,16240,25648,15472
>a 65520,16336,25680,15568
>a 65520,16272,25696,15488
>a 65520,16288,25664,15488
>a 65520,16304,25760,15392
>a 65520,16416,25616,15456
>a 65520,16384,25680,15488
>a 65520,16320,25648,15456
>p 7,24
>a 65520,16032,25664,15488
>p 7,23
>p 7,22
>a 65520,15920,25648,15456
>a 65520,15776,25616,15568
>a 65520,15728,25616,15520
>a 65520,15728,25648,15472
>a 65520,15744,25664,15456
>a 65520,15776,25680,15488
>a 65520,15760,25664,15408
>a 65520,15824,25776,15472
>a 65520,15728,25648,15552
>a 65520,15760,25744,15504
>a 65520,15776,25632,15408
>a 65520,15792,25760,15424
>a 65520,15728,25664,15456
>a 65520,15792,25760,15472
>a 65520,15792,25648,15488
>p 7,23
>a 65520,15824,25648,15536
>a 65520,15744,25648,15472
>a 65520,15760,25680,15488
>a 65520,15792,25616,15456
>a 65520,15776,25712,15504
>a 65520,15792,25664,15472
>a 65520,15792,25744,15456
>a 65520,15744,25632,15472
>a 65520,15792,25632,15472
>a 65520,15792,25600,15456
>a 65520,15664,25680,15488
>a 65520,15776,25584,15440
>a 65520,15776,25616,15472
>a 65520,15728,25664,15456
>a 65520,15792,25712,15440
>a 65520,15840,25680,15488
>a 65520,15744,25696,15488
>a 65520,15744,25680,15536
>a 65520,15712,25664,15472
>a 65520,15808,25648,15472
>a 65520,15808,25632,15456
>a 65520,15760,25648,15536
>a 65520,15776,25648,15408
>a 65520,15760,25664,15472
>a 65520,15792,25680,15440
>a 65520,15792,25696,15472
>a 65520,15808,25728,15440
>a 65520,15776,25680,15472
>a 65520,15904,25648,15392
>a 65520,15792,25664,15392
>a 65520,15808,25664,15568
>a 65520,15792,25648,15456
>a 65520,15840,25680,15440
>a 65520,15808,25680,15472
>a 65520,15792,25744,15488
>a 65520,15792,25680,15568
>a 65520,15776,25664,15472
>a 65520,15840,25632,15456
>a 65520,15808,25680,15568
>a 65520,15824,25616,15440
>a 65520,15744,25616,15344
>a 65520,15680,25680,15536
>a 65520,15808,25584,15392
>a 65520,15792,25680,15424
>a 65520,15792,25680,15472
>a 65520,15808,25664,15440
>a 65520,15824,25632,15568
>a 65520,15808,25792,15568
>a 65520,15792,25664,15488
>a 65520,15936,25664,15472
>a 65520,15776,25648,15344
>a 65520,15840,25552,15472
>a 65520,15808,25680,15440
>a 65520,15808,25680,15488
>a 65520,15760,25680,15440
>a 65520,15792,25680,15504
>a 65520,15792,25680,15472
>a 65520,15776,25648,15392
>a 65520,15808,25696,15568
>a 65520,15824,25744,15472
>a 65520,15952,25696,15488
>a 65520,15888,25696,15456
>a 65520,15760,25664,15488
>a 65520,15728,25696,15488
>a 65520,15696,25632,15456
>a 65520,15792,25760,15488
>a 65520,15760,25504,15456
>a 65520,15728,25696,15472
>a 65520,15840,25648,15472
>a 65520,15712,25648,15424
>a 65520,15680,25680,15584
>a 65520,15744,25648,15536
>a 65520,15760,25648,15456
>p 7,24
>a 65520,15744,25744,15440
>a 65520,15712,25648,15632
>a 65520,15728,25600,15440
>a 65520,15728,25648,15472
>a 65520,15760,25760,15472
>a 65520,15712,25616,15488
>p 7,25
>a 65520,15728,25696,15488
>a 65520,15760,25664,15568
>a 65520,15728,25648,15392
>a 65520,15776,25616,15568
>a 65520,15712,25744,15392
>a 65520,15728,25616,15424
>a 65520,15808,25680,15440
>a 65520,15712,25632,15440
>a 65520,15728,25664,15456
>a 65520,15744,25680,15456
>a 65520,15728,25680,15472
>a 65520,15744,25680,15456
>a 65520,15856,25648,15472
>a 65520,15712,25680,15504
>a 65520,16272,25664,15472
>a 65520,16352,25776,15488
>a 65520,16432,25680,15488
>a 65520,16432,25648,15536
>a 65520,16496,25680,15488
>a 65520,16464,25632,15456
>a 65520,16480,25648,15440
>a 65520,16592,25616,15488
>a 65520,16448,25616,15440
>a 65520,16416,25632,15440
>a 65520,16384,25744,15472
>a 65520,16384,25664,15408
>a 65520,16336,25584,15440
>a 65520,16400,25664,15488
>a 65520,16272,25664,15344
>a 65520,16384,25696,15568
>a 65520,16432,25616,15456
>a 65520,16304,25632,15456
>a 65520,16448,25648,15472
>a 65520,16320,25664,15520
>a 65520,16320,25632,15472
>a 65520,16304,25568,15472
>a 65520,16320,25648,15456
>a 65520,16432,25648,15440
>a 65520,16288,25664,15456
>a 65520,16288,25632,15456
>a 65520,16336,25584,15520
>a 65520,16352,25616,15472
>a 65520,16384,25584,15456
>a 65520,16512,25680,15472
>a 65520,16528,25632,15440
>a 65520,16480,25664,15440
>a 65520,16448,25600,15472
>a 65520,16448,25648,15536
>a 65520,16432,25632,15456
>a 65520,16352,25648,15440
>a 65520,16464,25600,15424
>a 65520,16560,25680,15568
>a 65520,16416,25760,15472
>a 65520,16416,25744,15568
>a 65520,16400,25664,15456
>a 65520,16336,25680,15488
>a 65520,16480,25568,15424
>a 65520,16320,25648,15472
>a 65520,16432,25680,15472
>a 65520,16320,25680,15472
>a 65520,16304,25664,15472
>a 65520,16320,25728,15456
>a 65520,16336,25712,15568
>a 65520,16400,25648,15376
>a 65520,16288,25616,15424
>a 65520,16352,25712,15488
>a 65520,16304,25680,15456
>a 65520,16400,25664,15392
>a 65520,16400,25648,15456
>a 65520,16384,25616,15456
>a 65520,16336,25648,15536
>a 65520,16544,25632,15488
>a 65520,16336,25664,15424
>a 65520,16464,25632,15488
>a 65520,16432,25600,15472
>a 65520,16480,25632,15472
>a 65520,16464,25648,15488
>a 65520,16432,25648,15488
>a 65520,16448,25680,15440
>a 65520,16352,25584,15440
>a 65520,16400,25696,15440
>a 65520,16384,25680,15488
>a 65520,16432,25648,15456
>a 65520,16288,25648,15472
>a 65520,16256,25696,15472
>a 65520,16240,25648,15472
>a 65520,16416,25648,15472
>a 65520,16304,25664,15488
>a 65520,16304,25664,15280
>a 65520,16272,25552,15408
>a 65520,16240,25568,15456
>a 65520,16336,25680,15456
>a 65520,16336,25680,15536
>a 65520,16320,25664,15456
>a 65520,16320,25712,15536
>a 65520,16400,25680,15456
>a 65520,16336,25648,15440
>a 65520,16240,25648,15456
>a 65520,16464,25648,15472
>a 65520,16592,25648,15472
>a 65520,16464,25744,15440
>a 65520,16432,25680,15472
>a 65520,16464,25648,15472
>a 65520,16448,25680,15472
>a 65520,16432,25648,15408
>a 65520,16496,25664,15472
>a 65520,16384,25696,15440
>a 65520,16432,25760,15488
>a 65520,16384,25680,15472
>a 65520,16400,25712,15488
>a 65520,16256,25632,15584
>a 65520,16272,25664,15472
>a 65520,16272,25696,15472
>a 65520,16304,25712,15520
>a 65520,16272,25648,15472
>a 65520,16272,25744,15408
>a 65520,16304,25696,15424
>a 65520,16320,25648,15456
>a 65520,16336,25584,15472
>a 65520,16352,25664,15472
>a 65520,16256,25648,15520
>a 65520,16464,25760,15536
>p 7,24
>a 65520,16048,25696,15504
>a 65520,15824,25632,15456
>a 65520,15792,25648,15472
>a 65520,15792,25648,15424
>a 65520,15776,25760,15488
>a 65520,15792,25680,15456
>a 65520,15776,25664,15344
>a 65520,15760,25728,15440
>a 65520,15808,25712,15456
>a 65520,15760,25680,15552
>a 65520,15760,25664,15440
>a 65520,15712,25664,15552
>a 65520,15808,25680,15456
>a 65520,15792,25712,15504
>a 65520,15728,25680,15472
>a 65520,15776,25632,15456
>a 65520,15888,25760,15488
>a 65520,15792,25648,15440
>a 65520,15776,25680,15488
>a 65520,15744,25712,15472
>a 65520,15776,25616,15488
>a 65520,15824,25632,15440
>a 65520,15824,25680,15472
>a 65520,15792,25664,15536
>a 65520,15728,25664,15472
>a 65520,15808,25680,15568
>a 65520,15792,25760,15488
>a 65520,15808,25664,15456
>a 65520,15824,25680,15440
>a 65520,15808,25664,15472
>a 65520,15776,25648,15424
>a 65520,15664,25664,15568
>a 65520,15728,25584,15456
>a 65520,15744,25648,15504
>a 65520,15728,25616,15456
>a 65520,15808,25648,15456
>a 65520,15824,25664,15504
>a 65520,15696,25664,15456
>a 65520,15792,25632,15472
>a 65520,15792,25664,15472
>a 65520,15856,25680,15392
>a 65520,15728,25712,15456
>a 65520,15760,25648,15424
>a 65520,15744,25648,15568
>a 65520,15776,25792,15408
>a 65520,15728,25680,15552
>a 65520,15760,25584,15456
>a 65520,15728,25648,15440
>a 65520,15728,25696,15472
>a 65520,15776,25760,15472
>a 65520,15664,25584,15456
>a 65520,15824,25648,15456
>a 65520,15744,25696,15408
>a 65520,15728,25712,15504
>a 65520,15920,25632,15472
>a 65520,15760,25664,15424
>a 65520,15632,25616,15456
>a 65520,15776,25648,15440
>a 65520,15728,25648,15472
>a 65520,15744,25648,15408
>a 65520,15760,25648,15424
>p 7,25
>a 65520,15680,25648,15456
>p 7,27
>a 65520,15776,25664,15520
>a 65520,17168,25632,15408
>a 65520,17744,25504,15440
>p 7,26
>a 65520,17248,25680,15456
>p 7,25
>p 7,24
>a 65520,16560,25632,15472
>a 65520,15856,25648,15456
>a 65520,15776,25728,15392
>a 65520,15648,25728,15392
>a 65520,15696,25760,15472
>a 65520,15792,25648,15456
>a 65520,15792,25696,15568
>a 65520,15856,25744,15536
>a 65520,15712,25600,15472
>a 65520,15776,25648,15472
>a 65520,15792,25792,15472
>a 65520,15936,25632,15456
>a 65520,15712,25664,15472
>a 65520,15728,25680,15472
>a 65520,15712,25696,15488
>a 65520,15680,25616,15456
>a 65520,15728,25648,15568
>a 65520,15744,25728,15536
>a 65520,15840,25760,15488
>a 65520,15760,25632,15472
>a 65520,15728,25664,15424
>a 65520,15760,25648,15440
>a 65520,15728,25648,15536
>a 65520,15840,25680,15440
>a 65520,15840,25616,15456
>a 65520,15760,25584,15440
>a 65520,15776,25664,15456
>a 65520,15728,25632,15520
>a 65520,15776,25680,15472
>a 65520,15744,25648,15440
>a 65520,15760,25760,15440
>a 65520,15728,25680,15424
>a 65520,15776,25696,15472
>a 65520,15760,25760,15424
>a 65520,15776,25632,15440
>a 65520,15744,25648,15456
>a 65520,15776,25664,15472
>a 65520,15760,25600,15424
>a 65520,15760,25472,15488
>a 65520,15776,25520,15424
>a 65520,15760,25664,15440
>a 65520,15728,25584,15520
>a 65520,15760,25648,15456
>a 65520,15728,25712,15520
>a 65520,15760,25648,15568
>a 65520,15792,25744,15472
>p 7,25
>a 65520,15760,25648,15456
>a 65520,15824,25648,15440
>a 65520,15792,25648,15456
>a 65520,16368,25632,15408
>a 65520,16448,25712,15520
>a 65520,16400,25632,15472
>a 65520,16448,25760,15488
>a 65520,16432,25712,15456
>a 65520,16432,25632,15488
>a 65520,16400,25664,15408
>a 65520,16400,25760,15472
>a 65520,16320,25632,15456
>a 65520,16352,25680,15472
>a 65520,16512,25760,15488
>a 65520,16304,25648,15472
>a 65520,16288,25680,15424
>a 65520,16304,25568,15456
>a 65520,16320,25696,15424
>a 65520,16352,25680,15472
>a 65520,16304,25648,15472
>a 65520,16304,25840,15440
>a 65520,16352,25664,15456
>a 65520,16336,25616,15456
>p 7,24
>a 65520,15968,25632,15456
>a 65520,15792,25648,15344
>a 65520,15824,25744,15488
>a 65520,15776,25648,15456
>a 65520,15744,25664,15440
>a 65520,15712,25680,15472
>a 65520,15760,25648,15456
>a 65520,15792,25664,15456
>a 65520,15728,25664,15440
>a 65520,15760,25648,15536
>a 65520,15792,25664,15472
>a 65520,15792,25584,15440
>a 65520,15808,25680,15424
>a 65520,15792,25680,15488
>a 65520,15920,25760,15536
>a 65520,15824,25696,15472
>a 65520,15792,25712,15488
>a 65520,15776,25664,15472
>a 65520,15792,25664,15488
>a 65520,15792,25712,15472
>a 65520,15776,25648,15440
>a 65520,15984,25680,15536
>a 65520,15776,25616,15488
>a 65520,15824,25648,15488
>a 65520,15664,25744,15440
>a 65520,15776,25648,15504
>a 65520,15680,25648,15472
>a 65520,15840,25680,15472
>a 65520,15728,25680,15472
>a 65520,15728,25648,15472
>a 65520,15712,25680,15472
>a 65520,15728,25680,15488
>a 65520,15776,25648,15504
>a 65520,15744,25648,15424
>a 65520,15728,25632,15440
>p 7,25
>a 65520,15664,25664,15456
>a 65520,15728,25632,15536
>a 65520,15712,25648,15344
>a 65520,15856,25680,15472
>a 65520,16352,25696,15552
>a 65520,16272,25696,15472
>a 65520,16384,25664,15488
>a 65520,16496,25648,15472
>a 65520,16304,25744,15456
>a 65520,16432,25648,15440
>a 65520,16288,25664,15456
>a 65520,16176,25600,15456
>p 7,24
>a 65520,16176,25648,15504
>a 65520,15856,25696,15568
>a 65520,15808,25664,15504
>a 65520,15776,25648,15472
>a 65520,15744,25536,15520
>a 65520,15760,25600,15440
>p 7,25
>a 65520,15792,25648,15472
>a 65520,16160,25680,15568
>a 65520,16384,25600,15456
>a 65520,16432,25632,15472
>a 65520,16448,25664,15456
>a 65520,16400,25648,15456
>a 65520,16528,25664,15472
>p 7,24
>a 65520,16240,25680,15456
>a 65520,15840,25648,15536
>a 65520,15792,25648,15472
>a 65520,15696,25760,15408
>a 65520,15888,25648,15456
>a 65520,15712,25584,15456
>p 7,25
>a 65520,15840,25552,15488
>a 65520,16208,25664,15472
>a 65520,16400,25632,15440
>a 65520,16400,25632,15408
>a 65520,16304,25616,15440
>a 65520,16352,25664,15488
>a 65520,16272,25808,15472
>a 65520,16256,25680,15488
>p 7,26
>a 65520,16656,25632,15488
>a 65520,17072,25632,15456
>a 65520,16992,25664,15456
>a 65520,16896,25648,15440
>a 65520,16992,25648,15408
>a 65520,16992,25696,15488
>a 65520,17008,25664,15440
>p 7,27
>a 65520,17600,25632,15472
>a 65520,17824,25760,15456
>a 65520,17696,25776,15472
>a 65520,17712,25680,15456
>a 65520,17712,25584,15456
>a 65520,17648,25648,15552
>a 65520,17792,25680,15440
>a 65520,17840,25712,15424
>p 7,28
>a 65520,18704,25648,15456
>a 65520,18352,25648,15472
>a 65520,18432,25584,15456
>a 65520,18432,25664,15392
>a 65520,18400,25680,15456
>a 65520,18448,25680,15472
>a 65520,18256,25648,15456
>p 7,27
>a 65520,18304,25632,15456
>a 65520,17552,25680,15472
>a 65520,17584,25680,15472
>p 7,26
>a 65520,17264,25616,15424
>a 65520,16784,25648,15472
>a 65520,16976,25584,15408
>p 7,25
>a 65520,16560,25664,15440
>a 65520,16224,25648,15440
>a 65520,16304,25648,15472
>p 7,24
>a 65520,16320,25632,15488
>a 65520,15920,25728,15568
>a 65520,15824,25648,15472
>a 65520,15792,25696,15520
>a 65520,15712,25632,15472
>a 65520,15824,25632,15424
>a 65520,15760,25616,15472
>a 65520,15696,25648,15440
>a 65520,15824,25648,15472
>a 65520,15824,25664,15472
>a 65520,15728,25600,15488
>a 65520,15776,25696,15488
>a 65520,15808,25632,15472
>a 65520,15792,25664,15456
>a 65520,15792,25648,15424
>a 65520,15760,25744,15504
>a 65520,15776,25648,15472
>a 65520,15888,25760,15440
>a 65520,15808,25648,15552
>p 7,25
>a 65520,15808,25664,15440
>a 65520,15792,25584,15456
>a 65520,15728,25696,15472
>a 65520,16208,25632,15472
>a 65520,16288,25696,15488
>a 65520,16288,25600,15440
>a 65520,16304,25680,15488
>a 65520,16432,25664,15472
>a 65520,16304,25648,15488
>p 7,24
>a 65520,16192,25632,15472
>a 65520,15888,25616,15440
>a 65520,15616,25712,15440
>a 65520,15792,25616,15504
>a 65520,15776,25600,15472
>a 65520,15728,25696,15472
>a 65520,15760,25664,15472
>a 65520,15872,25648,15440
>a 65520,15776,25664,15552
>a 65520,15776,25744,15472
>a 65520,15840,25664,15472
>a 65520,15760,25648,15568
>a 65520,15776,25664,15456
>a 65520,15760,25632,15408
>a 65520,15728,25664,15456
>a 65520,15872,25600,15456
>a 65520,15792,25632,15568
>a 65520,15792,25648,15472
>a 65520,15728,25616,15456
>a 65520,15728,25632,15552
>a 65520,15760,25648,15456
>a 65520,15744,25632,15456
>a 65520,15728,25680,15488
>a 65520,15792,25616,15376
>a 65520,15776,25680,15440
>a 65520,15744,25632,15456
>a 65520,15824,25664,15408
>a 65520,15712,25664,15472
>a 65520,15776,25680,15472
>a 65520,15776,25648,15456
>a 65520,15760,25744,15472
>a 65520,15744,25568,15504
>a 65520,15776,25648,15456
>a 65520,15856,25632,15392
>a 65520,15760,25744,15472
>a 65520,15680,25664,15456
>a 65520,15760,25648,15440
>a 65520,15776,25680,15424
>a 65520,15776,25632,15472
>a 65520,15776,25616,15472
>a 65520,15776,25648,15440
>a 65520,15792,25632,15536
>a 65520,15808,25680,15472
>a 65520,15824,25760,15456
>a 65520,15808,25680,15456
>a 65520,15776,25664,15488
>p 7,25
>a 65520,15824,25664,15456
>a 65520,15792,25776,15456
>a 65520,15888,25728,15440
>a 65520,15824,25680,15504
>a 65520,15792,25632,15456
>a 65520,16272,25648,15440
>a 65520,16256,25616,15568
>a 65520,16336,25680,15504
>a 65520,16272,25696,15488
>a 65520,16352,25680,15456
>a 65520,16400,25648,15456
>a 65520,16336,25680,15456
>a 65520,16416,25648,15392
>a 65520,16448,25616,15472
>a 65520,16432,25632,15456
>a 65520,16400,25616,15440
>a 65520,16336,25696,15488
>a 65520,16384,25696,15392
>a 65520,16448,25664,15456
>a 65520,16448,25584,15472
>a 65520,16432,25680,15456
>a 65520,16448,25856,15472
>p 7,24
>a 65520,16224,25600,15472
>a 65520,16000,25648,15472
>a 65520,15824,25648,15504
>a 65520,15824,25680,15456
>a 65520,15792,25648,15440
>a 65520,15792,25616,15456
>a 65520,15920,25744,15424
>a 65520,15840,25696,15568
>a 65520,15728,25648,15472
>a 65520,15776,25616,15472
>a 65520,15792,25664,15536
>p 7,25
>a 65520,15888,25648,15392
>a 65520,15856,25568,15472
>a 65520,16112,25664,15472
>a 65520,16272,25760,15456
>a 65520,16480,25760,15488
>a 65520,16384,25600,15440
>a 65520,16384,25648,15488
>a 65520,16416,25584,15424
>a 65520,16448,25616,15456
>a 65520,16384,25552,15456
>a 65520,16448,25648,15456
>a 65520,16464,25680,15472
>a 65520,16464,25680,15440
>a 65520,16480,25680,15552
>p 7,24
>a 65520,16224,25664,15504
>a 65520,15872,25648,15440
>a 65520,15904,25664,15536
>a 65520,15792,25648,15456
>a 65520,15856,25648,15376
>a 65520,15792,25600,15472
>a 65520,15776,25648,15456
>a 65520,15776,25632,15472
>a 65520,15808,25648,15472
>p 7,25
>a 65520,15744,25664,15472
>a 65520,15760,25680,15440
>a 65520,16192,25616,15424
>a 65520,16352,25520,15456
>a 65520,16336,25760,15504
>a 65520,16304,25760,15440
>a 65520,16320,25584,15568
>a 65520,16320,25504,15456
>a 65520,16192,25696,15536
>a 65520,16320,25648,15408
>a 65520,16416,25728,15376
>a 65520,16384,25680,15568
>p 7,24
>a 65520,16080,25648,15456
>a 65520,15824,25680,15440
>a 65520,15808,25632,15472
>a 65520,15792,25648,15488
>a 65520,15792,25648,15456
>a 65520,15792,25760,15488
>a 65520,15792,25696,15440
>a 65520,15728,25696,15456
>p 7,25
>a 65520,15808,25664,15440
>a 65520,15840,25584,15472
>a 65520,16224,25616,15568
>a 65520,16400,25616,15472
>a 65520,16416,25648,15472
>a 65520,16416,25648,15488
>a 65520,16288,25664,15408
>a 65520,16320,25664,15472
>a 65520,16352,25680,15472
>a 65520,16288,25648,15536
>a 65520,16496,25664,15472
>p 7,24
>a 65520,16208,25760,15456
>a 65520,15856,25648,15424
>a 65520,15792,25664,15456
>a 65520,15824,25664,15456
>a 65520,15792,25648,15456
>p 7,25
>a 65520,15824,25664,15568
>a 65520,16192,25648,15344
>a 65520,16336,25776,15488
>a 65520,16432,25680,15536
>a 65520,16400,25648,15504
>p 7,24
>a 65520,16288,25760,15424
>a 65520,15872,25664,15472
>a 65520,15776,25600,15472
>a 65520,15760,25648,15408
>p 7,25
>a 65520,15824,25584,15472
>a 65520,16224,25664,15456
>a 65520,16464,25648,15520
>a 65520,16352,25664,15472
>a 65520,16464,25664,15408
>p 7,24
>a 65520,16096,25712,15472
>a 65520,15968,25632,15632
>a 65520,15760,25824,15504
>p 7,25
>a 65520,15920,25664,15488
>a 65520,16032,25712,15504
>a 65520,16224,25648,15472
>a 65520,16432,25648,15472
>a 65520,16320,25616,15472
>p 7,24
>a 65520,16256,25664,15456
>a 65520,15904,25712,15488
>a 65520,15792,25680,15472
>a 65520,15744,25648,15472
>a 65520,15728,25840,15456
>a 65520,15760,25648,15472
>a 65520,15792,25664,15472
>a 65520,15776,25648,15392
>a 65520,15776,25568,15472
>a 65520,15728,25680,15440
>a 65520,15776,25664,15472
>a 65520,15824,25648,15504
>a 65520,15792,25760,15424
>a 65520,15792,25664,15456
>a 65520,15584,25664,15472
>a 65520,15744,25680,15472
>a 65520,15744,25648,15408
>a 65520,15728,25664,15424
>a 65520,15792,25664,15472
>a 65520,15776,25696,15488
>a 65520,15776,25680,15488
>a 65520,15760,25680,15408
>a 65520,15744,25584,15408
>a 65520,15712,25680,15456
>a 65520,15760,25680,15456
>a 65520,15744,25648,15456
>a 65520,15760,25776,15472
>a 65520,15776,25696,15488
>a 65520,15696,25664,15392
>a 65520,15776,25568,15472
>a 65520,15712,25664,15408
>a 65520,15760,25648,15488
>a 65520,15792,25696,15408
>a 65520,15760,25680,15456
>a 65520,15728,25648,15424
>a 65520,15776,25664,15472
>a 65520,15728,25632,15408
>a 65520,15792,25632,15424
>a 65520,15760,25648,15456
>a 65520,15760,25664,15472
>a 65520,15728,25664,15568
>a 65520,15856,25696,15456
>a 65520,15728,25632,15408
>a 65520,15776,25696,15440
>a 65520,15760,25616,15472
>a 65520,15712,25664,15488
>a 65520,15776,25632,15472
>a 65520,15856,25680,15392
>a 65520,15760,25632,15472
>a 65520,15744,25680,15552
>a 65520,15776,25648,15472
>a 65520,15744,25680,15488
>a 65520,15744,25648,15472
>a 65520,15760,25664,15440
>a 65520,15760,25632,15456
>a 65520,15712,25664,15536
>a 65520,15696,25648,15552
>a 65520,15776,25648,15440
>a 65520,15776,25664,15456
>a 65520,15744,25664,15472
>a 65520,15760,25616,15552
>a 65520,15792,25648,15472
>a 65520,15776,25632,15472
>a 65520,15760,25664,15456
>a 65520,15744,25616,15472
>a 65520,15888,25760,15488
>a 65520,15776,25664,15472
>a 65520,15856,25760,15424
>a 65520,15728,25680,15504
>a 65520,15760,25648,15440
>a 65520,15824,25600,15456
>a 65520,15808,25632,15552
>a 65520,15744,25680,15488
>a 65520,15840,25632,15376
>a 65520,15776,25632,15472
>a 65520,15776,25632,15552
>a 65520,15792,25744,15472
>a 65520,15872,25648,15504
>a 65520,15776,25648,15408
>a 65520,15792,25696,15488
>a 65520,15888,25584,15472
>a 65520,15792,25616,15440
>a 65520,15952,25648,15328
>a 65520,15776,25568,15456
>a 65520,15776,25728,15344
>a 65520,15792,25680,15424
>a 65520,15760,25616,15456
>a 65520,15712,25648,15568
>a 65520,15776,25488,15472
>a 65520,15792,25632,15488
>a 65520,15712,25744,15456
>a 65520,15792,25680,15488
>a 65520,15680,25664,15440
>a 65520,15776,25616,15440
>a 65520,15792,25616,15456
>a 65520,15872,25632,15440
>a 65520,15792,25696,15456
>a 65520,15792,25680,15392
>a 65520,15792,25632,15488
>a 65520,15696,25680,15472
>a 65520,15840,25680,15584
>a 65520,15760,25664,15472
>a 65520,15776,25696,15568
>a 65520,15792,25648,15520
>a 65520,15776,25680,15472
>a 65520,15728,25696,15424
>a 65520,15776,25648,15440
>a 65520,15760,25712,15408
>a 65520,15808,25760,15440
>a 65520,15888,25664,15456
>a 65520,15712,25648,15456
>a 65520,15760,25696,15440
>a 65520,15760,25776,15456
>a 65520,15728,25648,15408
>a 65520,15792,25648,15440
>a 65520,15776,25792,15472
>a 65520,15728,25648,15472
>a 65520,15856,25744,15344
>a 65520,15776,25712,15472
>a 65520,15792,25648,15440
>a 65520,15792,25664,15440
>a 65520,15632,25648,15440
>a 65520,15760,25616,15536
>a 65520,15792,25664,15440
>a 65520,15744,25664,15456
>a 65520,15776,25632,15616
>a 65520,15792,25696,15424
>a 65520,15664,25680,15472
>a 65520,15904,25696,15504
>a 65520,15776,25680,15408
>a 65520,15792,25648,15456
>a 65520,15776,25648,15424
>a 65520,15808,25616,15472
>a 65520,15776,25712,15456
>a 65520,15824,25648,15488
>a 65520,15792,25648,15456
>a 65520,15808,25696,15488
>a 65520,15776,25712,15456
>a 65520,15792,25520,15488
>a 65520,15728,25632,15472
>a 65520,15760,25712,15440
>a 65520,15792,25616,15568
>a 65520,15792,25648,15456
>a 65520,15776,25680,15472
>a 65520,15792,25648,15552
>a 65520,15792,25664,15408
>a 65520,15744,25600,15440
>a 65520,15856,25648,15440
>a 65520,15792,25648,15424
>a 65520,15824,25664,15472
>a 65520,15808,25760,15488
>a 65520,15744,25520,15344
>a 65520,15792,25760,15424
>a 65520,15776,25664,15440
>a 65520,15792,25664,15536
>a 65520,16016,25696,15440
>a 65520,15744,25664,15520
>a 65520,15856,25584,15472
>a 65520,15792,25680,15456
>a 65520,15888,25600,15424
>a 65520,15888,25648,15488
>a 65520,15760,25632,15504
>a 65520,15776,25632,15456
>a 65520,15888,25648,15440
>a 65520,15808,25664,15488
>a 65520,15808,25664,15504
>a 65520,15792,25664,15440
>a 65520,15792,25632,15408
>a 65520,15792,25712,15424
>a 65520,15840,25616,15424
>a 65520,15792,25648,15424
>a 65520,15792,25648,15488
>a 65520,15760,25632,15456
>a 65520,15792,25664,15472
>a 65520,15824,25584,15424
>a 65520,15792,25600,15440
>a 65520,15792,25536,15472
>a 65520,15776,25664,15456
>a 65520,15824,25680,15488
>a 65520,15792,25744,15488
>a 65520,15808,25664,15568
>a 65520,15808,25664,15472
>p 5,90
>a 65520,15792,25760,15472
>a 65520,15776,25664,15424
>p 5,0
>a 65520,15776,24816,15456
>a 65520,15808,24496,15536
>a 65520,15776,24160,15376
>a 65520,15792,23920,15520
>p 5,90
>a 65520,15824,24512,15456
>a 65520,15808,24656,15456
>a 65520,15792,24592,15520
>a 65520,15728,24592,15456
>a 65520,15888,24704,15424
>a 65520,15792,24608,15472
>a 65520,15904,24592,15456
>a 65520,15728,24560,15440
>a 65520,15792,24624,15456
>a 65520,15776,24624,15440
>a 65520,15792,24688,15472
>a 65520,15904,24656,15472
>a 65520,15840,24560,15472
>a 65520,15760,24656,15424
>a 65520,15808,24704,15472
>a 65520,15808,24624,15536
>a 65520,15808,24656,15440
>a 65520,15792,24688,15424
>a 65520,15824,24672,15392
>a 65520,15792,24688,15440
>a 65520,15824,24704,15456
>a 65520,15840,24720,15456
>a 65520,15760,24912,15456
>a 65520,15792,24736,15472
>a 65520,15792,24704,15392
>a 65520,15776,24720,15456
>a 65520,15888,24832,15440
>a 65520,15904,24720,15456
>a 65520,15760,24496,15408
>a 65520,15760,24736,15536
>a 65520,15728,24752,15456
>a 65520,15760,24752,15472
>a 65520,15776,24752,15456
>a 65520,15760,24720,15456
>a 65520,15728,24832,15456
>a 65520,15968,24736,15456
>a 65520,15808,24704,15392
>a 65520,15728,24768,15552
>a 65520,15808,24736,15552
>a 65520,15792,24736,15408
>a 65520,15824,24752,15440
>a 65520,15760,24736,15424
>a 65520,15776,24752,15440
>a 65520,15872,24784,15456
>a 65520,15776,24736,15456
>a 65520,15808,24768,15552
>a 65520,15824,24784,15472
>a 65520,15776,24688,15440
>a 65520,15824,24768,15440
>a 65520,15792,24624,15456
>a 65520,15792,24752,15456
>a 65520,15776,24768,15472
>a 65520,15824,24752,15456
>a 65520,15792,24752,15456
>a 65520,15776,24768,15456
>a 65520,15792,24832,15424
>a 65520,15792,24832,15440
>a 65520,15808,24704,15456
>a 65520,15872,24784,15456
>a 65520,15792,24720,15456
>a 65520,15824,24768,15440
>a 65520,15792,24880,15456
>a 65520,15808,24800,15472
>a 65520,15904,24784,15456
>a 65520,15808,24752,15456
>a 65520,15792,24784,15440
>a 65520,15920,24784,15456
>a 65520,15776,24768,15328
>a 65520,15824,24816,15472
>a 65520,15856,24752,15424
>a 65520,15792,24720,15440
>a 65520,15792,24800,15424
>a 65520,15808,24784,15472
>a 65520,15808,24768,15408
>a 65520,15888,24768,15456
>a 65520,15792,24720,15440
>a 65520,15792,24800,15440
>a 65520,15808,24784,15280
>a 65520,15904,24800,15472
>a 65520,15792,24736,15456
>a 65520,15808,24784,15456
>a 65520,15792,24752,15456
>a 65520,15792,24752,15440
>a 65520,15792,24784,15456
>a 65520,15808,24784,15456
>a 65520,15808,24800,15472
>a 65520,15872,24784,15456
>a 65520,15872,24768,15536
>a 65520,15888,24800,15456
>a 65520,15888,24848,15456
>a 65520,15808,24832,15456
>a 65520,15824,24864,15456
>a 65520,15760,24704,15440
>a 65520,15824,24800,15440
>a 65520,15808,24816,15472
>a 65520,15792,24800,15504
>a 65520,15728,24784,15408
>a 65520,15840,24832,15424
>a 65520,15888,24736,15440
>a 65520,15728,24832,15472
>a 65520,15824,24816,15472
>a 65520,15808,24800,15456
>a 65520,15744,24752,15440
>a 65520,15824,24800,15552
>a 65520,15792,24800,15440
>a 65520,15792,24800,15472
>a 65520,15696,24768,15456
>a 65520,15872,24800,15440
>a 65520,15872,24880,15440
>a 65520,15792,24784,15520
>a 65520,15824,24832,15552
>a 65520,15776,24800,15536
>a 65520,15808,24672,15456
>a 65520,15824,24880,15472
>a 65520,15824,24848,15408
>a 65520,15792,24816,15424
>a 65520,15808,24784,15392
>a 65520,15888,24896,15472
>a 65520,15728,24800,15472
>a 65520,15808,24816,15472
>a 65520,15760,24752,15440
>a 65520,15808,24768,15344
>a 65520,15888,24784,15488
>a 65520,15824,24896,15472
>a 65520,15920,24832,15472
>a 65520,15808,24800,15376
>a 65520,15824,24800,15440
>a 65520,15808,24784,15488
>a 65520,15808,24800,15552
>a 65520,15792,24784,15440
>a 65520,15760,24800,15456
>a 65520,15808,24800,15536
>a 65520,15792,24704,15440
>a 65520,15728,24768,15440
>a 65520,15776,24800,15472
>a 65520,15792,24768,15408
>p 4,90
>a 65520,15808,24816,15408
>a 65520,15808,24576,15424
>a 65520,15776,24752,15456
>a 65520,15888,24784,15472
>a 65520,15776,24736,15456
>a 65520,15904,24752,15456
>a 65520,15808,24752,15520
>a 65520,15792,24752,15440
>a 65520,15840,24736,15456
>a 65520,15792,24704,15456
>a 65520,15808,24688,15440
>a 65520,15760,24704,15440
>a 65520,15808,24720,15472
>a 65520,15792,24688,15392
>a 65520,15792,24672,15440
>a 65520,15728,24688,15440
>a 65520,15808,24688,15440
>a 65520,15856,24640,15472
>a 65520,15808,24704,15552
>a 65520,15760,24752,15440
>p 4,0
>a 65520,15760,24672,15424
>a 65520,15808,24656,15440
>a 65520,15808,24688,15424
>a 65520,15840,24688,15488
>a 65520,15840,24656,15472
>a 65520,15776,24560,15472
>a 65520,15856,24592,15440
>a 65520,15824,24640,15392
>a 65520,15840,24656,15472
>a 65520,15824,24704,15456
>a 65520,15824,24656,15440
>a 65520,15936,24688,15472
>a 65520,15824,24640,15456
>a 65520,15856,24688,15456
>a 65520,15808,24656,15456
>a 65520,15792,24672,15408
>p 4,90
>a 65520,15776,24672,15456
>a 65520,15840,24768,15472
>a 65520,15840,24560,15472
>a 65520,15936,24640,15440
>a 65520,15824,24656,15440
>a 65520,15840,24640,15456
>a 65520,15952,24640,15424
>a 65520,15920,24688,15440
>a 65520,15824,24576,15472
>a 65520,15840,24608,15456
>a 65520,15792,24592,15440
>a 65520,15856,24592,15456
>a 65520,15856,24688,15456
>a 65520,15888,24560,15440
>a 65520,15824,24464,15440
>p 4,0
>a 65520,15824,24640,15456
>a 65520,15824,24544,15392
>a 65520,15856,24576,15408
>a 65520,15728,24560,15392
>a 65520,15856,24528,15440
>a 65520,15872,24544,15472
>a 65520,15856,24432,15408
>a 65520,15872,24544,15472
>a 65520,15888,24688,15472
>a 65520,15808,24528,15472
>a 65520,15872,24656,15424
>a 65520,15984,24496,15440
>a 65520,15728,24608,15488
>a 65520,15968,24688,15376
>a 65520,15984,24560,15472
>p 4,90
>a 65520,15792,24528,15440
>a 65520,15904,24608,15472
>p 4,0
>a 65520,15856,24464,15456
>a 65520,15856,24704,15536
>a 65520,16000,24544,15472
>a 65520,15968,24592,15424
>a 65520,15984,24528,15456
>a 65520,15888,24496,15472
>a 65520,15856,24560,15408
>a 65520,15904,24528,15472
>a 65520,15856,24560,15392
>a 65520,15728,24560,15456
>a 65520,15904,24592,15360
>a 65520,15824,24480,15408
>a 65520,15856,24528,15456
>a 65520,15808,24544,15472
>p 4,90
>a 65520,15840,24496,15408
>a 65520,15920,24672,15344
>p 4,0
>a 65520,15968,24560,15440
>a 65520,15840,24480,15440
>a 65520,15840,24576,15536
>a 65520,15776,24496,15456
>a 65520,15856,24512,15456
>a 65520,15856,24544,15472
>a 65520,15856,24544,15472
>a 65520,15840,24544,15552
>a 65520,15840,24672,15456
>p 4,90
>a 65520,15824,24512,15456
>a 65520,15920,24512,15376
>a 65520,15648,24560,15520
>a 65520,15856,24496,15456
>a 65520,15920,24512,15424
>p 4,0
>a 65520,15792,24528,15472
>a 65520,15856,24448,15456
>a 65520,15840,24448,15456
>a 65520,15952,24624,15440
>a 65520,15824,24432,15456
>a 65520,15904,24496,15456
>a 65520,15872,24400,15456
>a 65520,15904,24544,15456
>p 4,90
>a 65520,15776,24464,15408
>a 65520,15856,24496,15488
>a 65520,15792,24496,15648
>a 65520,15776,24496,15408
>a 65520,15808,24480,15456
>a 65520,15792,24512,15472
>a 65520,15792,24480,15472
>a 65520,15840,24448,15424
>a 65520,15808,24432,15488
>a 65520,15808,24432,15424
>a 65520,15936,24480,15472
>a 65520,15792,24384,15456
>a 65520,15840,24480,15424
>a 65520,15840,24448,15568
>a 65520,15856,24496,15440
>a 65520,15760,24432,15488
>a 65520,15840,24416,15472
>a 65520,15744,24416,15424
>a 65520,15792,24368,15472
>a 65520,15856,24368,15456
>a 65520,15920,24352,15472
>a 65520,15872,24368,15440
>a 65520,15840,24368,15456
>p 4,0
>a 65520,15936,24336,15456
>a 65520,15936,24448,15344
>a 65520,15824,24336,15472
>a 65520,15840,24336,15472
>a 65520,15984,24416,15472
>a 65520,15856,24368,15424
>a 65520,15872,24336,15472
>a 65520,15888,24320,15472
>a 65520,15952,24480,15456
>a 65520,15952,24352,15456
>a 65520,15808,24368,15472
>a 65520,15888,24416,15472
>a 65520,15904,24368,15456
>a 65520,15792,24400,15456
>a 65520,15872,24352,15440
>a 65520,15824,24368,15472
>a 65520,15856,24272,15456
>a 65520,15904,24368,15424
>a 65520,15888,24528,15360
>a 65520,15872,24400,15472
>a 65520,16048,24384,15424
>a 65520,15968,24416,15392
>a 65520,15888,24368,15472
>a 65520,15872,24432,15472
>a 65520,15888,24400,15472
>a 65520,15856,24384,15472
>a 65520,15824,24240,15360
>a 65520,15840,24400,15488
>a 65520,15824,24368,15472
>a 65520,15824,24400,15488
>a 65520,15856,24384,15440
>a 65520,15856,24432,15456
>a 65520,15840,24480,15472
>a 65520,15856,24432,15472
>a 65520,15808,24272,15456
>a 65520,15840,24400,15488
>a 65520,15712,24400,15472
>a 65520,15856,24400,15456
>p 7,26
>p 7,27
>a 65520,15824,24432,15472
>p 7,29
>a 65520,15840,24368,15456
>a 65520,15856,24208,15472
>a 65520,18560,24368,15408
>a 65520,18880,24496,15440
>a 65520,18624,24416,15520
>a 65520,19184,24432,15472
>a 65520,19008,24400,15456
>a 65520,19056,24528,15472
>a 65520,19088,24416,15536
>a 65520,19216,24384,15440
>a 65520,19088,24432,15344
>a 65520,19088,24416,15472
>a 65520,18992,24432,15440
>a 65520,19008,24432,15440
>a 65520,18992,24384,15408
>a 65520,19072,24416,15472
>a 65520,19008,24416,15568
>a 65520,18800,24416,15440
>a 65520,18896,24432,15488
>a 65520,18784,24368,15360
>a 65520,18912,24432,15456
>a 65520,18960,24400,15456
>a 65520,19056,24336,15408
>a 65520,18944,24432,15536
>a 65520,18992,24496,15472
>a 65520,18944,24432,15472
>p 4,90
>a 65520,18928,24528,15456
>a 65520,20272,24400,15456
>a 65520,19264,24432,15488
>a 65520,18960,24400,15424
>a 65520,18560,24368,15504
>a 65520,18720,24400,15456
>a 65520,19184,24400,15408
>a 65520,19232,24384,15536
>a 65520,18928,24288,15472
>a 65520,18944,24368,15472
>a 65520,18992,24320,15440
>a 65520,19040,24336,15456
>a 65520,19136,24320,15456
>a 65520,18992,24304,15488
>a 65520,18960,24288,15440
>a 65520,18992,24336,15488
>a 65520,19024,24352,15568
>a 65520,19008,24320,15472
>a 65520,18976,24336,15488
>a 65520,19088,24304,15504
>a 65520,18912,24256,15440
>a 65520,18976,24288,15456
>a 65520,18992,24272,15488
>a 65520,19088,24288,15472
>a 65520,19008,24240,15536
>a 65520,18944,24240,15408
>a 65520,18944,24240,15440
>a 65520,18864,24304,15488
>a 65520,18960,24240,15472
>a 65520,18976,24240,15472
>a 65520,18992,24272,15424
>a 65520,19008,24240,15472
>a 65520,19008,24160,15456
>a 65520,18960,24208,15456
>a 65520,18976,24208,15440
>p 4,0
>a 65520,17904,24224,15344
>a 65520,19600,24240,15472
>a 65520,18896,24144,15472
>a 65520,19216,24176,15456
>a 65520,19136,24240,15472
>a 65520,19040,24192,15376
>a 65520,18992,24176,15456
>p 4,90
>a 65520,19792,24240,15472
>a 65520,19664,24240,15648
>a 65520,18896,24208,15456
>a 65520,18752,24224,15488
>a 65520,18736,24160,15472
>a 65520,19152,24192,15472
>a 65520,19120,24176,15408
>a 65520,18880,24176,15424
>a 65520,18784,24112,15440
>a 65520,18944,24144,15472
>a 65520,19120,24160,15472
>a 65520,18960,24160,15456
>a 65520,18864,24016,15472
>a 65520,18960,24160,15456
>a 65520,19200,24176,15440
>a 65520,18976,24256,15456
>a 65520,18880,24144,15456
>a 65520,19056,24160,15472
>a 65520,19152,24080,15472
>p 4,0
>a 65520,18944,24016,15456
>a 65520,17520,24144,15456
>a 65520,19504,24112,15424
>a 65520,19040,23984,15472
>a 65520,19008,24112,15536
>a 65520,19072,24208,15408
>a 65520,18960,24112,15456
>a 65520,19024,24112,15472
>a 65520,19008,24080,15456
>a 65520,18944,24144,15472
>a 65520,18976,24176,15456
>a 65520,19056,24128,15472
>a 65520,18928,24144,15440
>a 65520,18864,24176,15488
>a 65520,18896,24112,15472
>p 7,27
>a 65520,18640,24112,15408
>a 65520,17168,24112,15440
>p 7,26
>a 65520,17040,24112,15536
>a 65520,16960,24144,15424
>a 65520,16992,24112,15424
>a 65520,16864,24144,15488
>a 65520,17008,24240,15392
>p 7,25
>a 65520,17072,24096,15472
>a 65520,16464,24112,15440
>a 65520,16272,24160,15424
>a 65520,16384,24064,15440
>a 65520,16416,24144,15536
>a 65520,16464,24128,15408
>a 65520,16432,24096,15472
>a 65520,16400,24176,15440
>a 65520,16384,24112,15456
>a 65520,16400,24224,15424
>a 65520,16400,24128,15440
>a 65520,16464,24128,15456
>a 65520,16400,24080,15392
>a 65520,16400,24224,15552
>a 65520,16384,24128,15408
>a 65520,16352,24176,15472
>a 65520,16432,24240,15472
>a 65520,16464,24144,15552
>a 65520,16416,24112,15456
>a 65520,16304,24128,15472
>a 65520,16288,24096,15472
>a 65520,16352,24112,15648
>a 65520,16400,24320,15408
>a 65520,16304,24096,15456
>a 65520,16240,24112,15536
>a 65520,16304,24144,15408
>a 65520,16304,24144,15440
>a 65520,16384,24144,15456
>a 65520,16416,24128,15472
>a 65520,16288,24240,15456
>a 65520,16384,24144,15456
>a 65520,16432,24096,15440
>a 65520,16464,24112,15456
>a 65520,16480,24128,15536
>a 65520,16368,24128,15456
>p 7,24
>a 65520,16304,24160,15472
>a 65520,16144,24176,15472
>a 65520,15984,24160,15456
>a 65520,15792,24176,15472
>a 65520,15808,24000,15472
>a 65520,15760,24144,15408
>a 65520,15792,24240,15472
>a 65520,15888,24240,15408
>a 65520,15792,24096,15520
>a 65520,15776,24112,15472
>a 65520,15792,24224,15472
>p 7,25
>a 65520,15744,24160,15520
>a 65520,15840,24144,15440
>a 65520,16176,24176,15472
>a 65520,16320,24128,15472
>a 65520,16304,24192,15440
>a 65520,16416,24048,15408
>a 65520,16352,24112,15456
>p 7,24
>a 65520,16096,24176,15472
>a 65520,15728,24144,15456
>a 65520,15824,24176,15456
>a 65520,15776,24128,15472
>a 65520,15776,24176,15536
>a 65520,15728,24144,15392
>a 65520,15712,24176,15488
>a 65520,15824,24160,15392
>a 65520,15728,24160,15472
>a 65520,15776,24160,15392
>a 65520,15776,24240,15424
>a 65520,15824,24176,15472
>a 65520,15840,24176,15456
>a 65520,15760,24160,15472
>a 65520,15792,24048,15472
>a 65520,15920,24112,15472
>a 65520,15824,24112,15472
>a 65520,15824,24176,15456
>a 65520,15824,24112,15472
>a 65520,15824,24288,15488
>a 65520,15840,24176,15472
>a 65520,15824,24112,15424
>a 65520,15728,24144,15472
>a 65520,15728,24128,15408
>a 65520,15760,24240,15408
>a 65520,15728,24240,15456
>a 65520,15712,24176,15408
>a 65520,15824,24272,15520
>a 65520,15792,24176,15472
>a 65520,15728,24144,15552
>a 65520,15728,24144,15440
>a 65520,15760,24240,15552
>a 65520,15776,24048,15440
>a 65520,15760,24160,15456
>a 65520,15728,24016,15520
>a 65520,15632,24160,15488
>a 65520,15856,24144,15440
>a 65520,15664,24208,15456
>a 65520,15696,24096,15440
>a 65520,15728,24176,15488
>a 65520,15760,24144,15488
>a 65520,15840,24176,15456
>a 65520,15776,24112,15472
>a 65520,15760,24112,15552
>a 65520,15728,24160,15440
>a 65520,15760,24144,15552
>a 65520,15792,24160,15504
>a 65520,15776,24144,15488
>a 65520,15712,24048,15488
>a 65520,15792,24144,15456
>a 65520,15760,24160,15488
>a 65520,15824,24112,15456
>a 65520,15760,24144,15392
>a 65520,15760,24112,15456
>a 65520,15808,24176,15504
>a 65520,15776,24272,15328
>a 65520,15776,24144,15392
>a 65520,15776,24112,15456
>a 65520,15728,24224,15552
>a 65520,15600,24176,15456
>a 65520,15856,24176,15360
>a 65520,15664,24208,15488
>a 65520,15760,24144,15456
>a 65520,15728,24176,15520
>a 65520,15696,24160,15472
>a 65520,15856,24240,15456
>a 65520,15776,24112,15424
>a 65520,15760,24176,15536
>a 65520,15760,24160,15440
>a 65520,15776,24144,15504
>a 65520,15760,24160,15456
>a 65520,15792,24144,15440
>a 65520,15776,24160,15520
>a 65520,15744,24112,15472
>a 65520,15872,24336,15472
>a 65520,15856,24160,15408
>a 65520,15744,24240,15440
>a 65520,15776,24144,15504
>a 65520,15744,24224,15424
>a 65520,15792,24112,15536
>a 65520,15776,24176,15536
>p 7,23
>p 7,22
>p 7,21
>p 7,20
>a 65520,15888,24176,15456
>p 7,19
>p 7,18
>p 7,16
>p 7,15
>a 65520,15760,24240,15472
>a 65520,15792,24176,15472
>a 65520,15744,24096,15456
>a 65520,15776,24128,15472
>a 65520,15792,24160,15488
>a 65520,15840,24240,15280
>a 65520,15760,24160,15456
>a 65520,15792,24160,15456
>a 65520,15776,24240,15472
>a 65520,15792,24176,15440
>a 65520,15744,24096,15456
>a 65520,15792,24144,15472
>a 65520,15840,24240,15440
>a 65520,15760,24160,15472
>a 65520,15792,24128,15440
>a 65520,15760,24176,15472
>a 65520,15856,24112,15456
>a 65520,15760,24160,15392
>a 65520,15600,24160,15408
>a 65520,15792,24176,15472
>a 65520,15728,24128,15472
>a 65520,15888,24176,15456
>a 65520,15744,24080,15408
>a 65520,15776,24160,15456
>a 65520,15792,24144,15472
>a 65520,15792,24224,15424
>a 65520,15760,24160,15536
>a 65520,15792,24176,15392
>a 65520,15696,24144,15584
>a 65520,15728,24160,15552
>a 65520,15776,24176,15408
>a 65520,15760,24128,15360
>a 65520,15728,24144,15408
>a 65520,15824,24176,15472
>a 65520,15824,24240,15408
>a 65520,15792,24048,15488
>a 65520,15776,24128,15456
>a 65520,15792,24144,15456
>a 65520,15776,24144,15472
>a 65520,15776,24128,15440
>a 65520,15792,24128,15488
>a 65520,15712,24144,15408
>a 65520,15760,24144,15456
>a 65520,15792,24160,15488
>a 65520,15744,24144,15488
>a 65520,15792,24128,15456
>a 65520,15792,24112,15440
>a 65520,15792,24176,15376
>a 65520,15792,24272,15440
>a 65520,15792,24144,15456
>a 65520,15744,24112,15472
>a 65520,15888,24240,15424
>a 65520,15792,24240,15472
>a 65520,15776,24128,15392
>a 65520,15760,24256,15488
>a 65520,15728,24144,15440
>a 65520,15872,24176,15472
>a 65520,15792,24176,15456
>a 65520,15776,24160,15520
>a 65520,15872,24304,15472
>a 65520,15776,24144,15552
>a 65520,15792,24080,15424
>a 65520,15744,24224,15456
>a 65520,15792,24112,15424
>a 65520,15760,24176,15536
>a 65520,15888,24176,15472
>a 65520,15776,24160,15440
>a 65520,15888,24112,15504
>a 65520,15776,24080,15424
>a 65520,15760,24160,15552
>a 65520,15792,24128,15568
>a 65520,15776,24176,15472
>a 65520,15728,24144,15440
>a 65520,15648,24160,15456
>a 65520,15792,24240,15456
>a 65520,15872,24096,15536
>a 65520,15776,24144,15488
>a 65520,15776,24160,15456
>a 65520,15792,24224,15584
>a 65520,15760,24080,15568
>a 65520,15760,24144,15456
>a 65520,15888,24192,15440
>a 65520,15792,24096,15520
>a 65520,15792,24112,15456
>a 65520,15792,24144,15472
>a 65520,15792,24176,15472
>a 65520,15760,24144,15424
>a 65520,15792,24160,15472
>a 65520,15776,24240,15440
>a 65520,15776,24176,15472
>a 65520,15760,24064,15424
>a 65520,15792,24192,15568
>a 65520,15792,24160,15456
>a 65520,15792,24144,15440
>a 65520,15776,24160,15408
>a 65520,15792,24224,15472
>a 65520,15904,24176,15472
>a 65520,15664,24112,15456
>a 65520,15904,24160,15424
>a 65520,15888,24144,15552
>a 65520,15728,24160,15536
>a 65520,15712,24176,15472
>a 65520,15760,24176,15472
>a 65520,15744,24272,15536
>a 65520,15776,24176,15456
>a 65520,15824,24160,15488
>a 65520,15776,24160,15440
>p 7,0
>a 65520,15776,24160,15472
>a 65520,15792,24144,15472
>a 65520,15728,24160,15440
>a 65520,15792,24176,15488
>a 65520,15728,24160,15440
>a 65520,15744,24080,15552
>a 65520,15712,24176,15408
>a 65520,15872,24112,15488
>a 65520,15776,24144,15424
>a 65520,15792,24112,15456
>a 65520,15808,24128,15552
>a 65520,15776,24144,15440
>a 65520,15776,24128,15440
>a 65520,15808,24112,15440
>a 65520,15776,24176,15472
>p 7,14
>p 7,14
>p 7,13
>p 7,12
>p 7,11
>a 65520,15776,24160,15472
>a 65520,15776,24144,15488
>a 65520,15808,24176,15424
>a 65520,15808,24160,15408
>a 65520,15824,24160,15520
>a 65520,15856,24144,15504
>a 65520,15888,24176,15472
>a 65520,15776,24160,15472
>a 65520,15776,24176,15424
>a 65520,15792,24176,15488
>a 65520,15776,24112,15456
>a 65520,15792,24128,15440
>a 65520,15808,24176,15472
>a 65520,15760,24240,15456
>a 65520,15760,24272,15504
>a 65520,15648,24144,15456
>p 7,0
>a 65520,15792,24240,15376
>a 65520,15888,24176,15424
>a 65520,15776,24176,15456
>a 65520,15712,24096,15440
>a 65520,15760,24176,15440
>a 65520,15776,24176,15552
>a 65520,15760,24160,15456
>a 65520,15776,24160,15472
>a 65520,15776,24080,15456
>a 65520,15776,24144,15472
>a 65520,15872,24128,15408
>a 65520,15712,24160,15536
>a 65520,15792,24160,15472
>a 65520,15776,24128,15456
>a 65520,15744,24144,15440
>a 65520,15872,24160,15424
>a 65520,15808,24144,15456
>a 65520,15904,24176,15296
>a 65520,15792,24160,15552
>a 65520,15760,24144,15456
>a 65520,15840,24240,15440
>a 65520,15760,24144,15360
>a 65520,15808,24208,15456
>a 65520,15776,24160,15424
>a 65520,15792,24128,15456
>a 65520,15808,24144,15472
>a 65520,15792,24144,15536
>a 65520,15776,24160,15456
>a 65520,15744,24288,15440
>a 65520,15776,24288,15552
>a 65520,15776,24176,15424
>a 65520,15744,24160,15408
>a 65520,15712,24144,15472
>a 65520,15728,24128,15408
>a 65520,15808,24144,15472
>a 65520,15776,24224,15472
>a 65520,15776,24368,15408
>a 65520,15904,24112,15456
>a 65520,15744,24144,15424
>a 65520,15728,24176,15488
>a 65520,15824,24176,15456
>a 65520,15648,24176,15488
>a 65520,15808,24176,15472
>a 65520,15792,24112,15456
>a 65520,15776,24080,15456
>a 65520,15776,24176,15440
>a 65520,15792,24144,15456
>a 65520,15760,24160,15488
>a 65520,15808,24144,15440
>a 65520,15792,24176,15472
>a 65520,15808,24272,15424
>a 65520,15808,24256,15424
>a 65520,15792,24160,15520
>a 65520,15776,24144,15472
>a 65520,15760,24112,15472
>a 65520,15760,24144,15408
>p 7,11
>a 65520,15792,24160,15488
>a 65520,15888,24160,15472
>a 65520,15792,24112,15456
>a 65520,15824,24144,15472
>a 65520,15696,24160,15456
>a 65520,15776,24160,15440
>a 65520,15792,24160,15472
>a 65520,15792,24144,15344
>a 65520,15776,24128,15520
>a 65520,15792,24160,15472
>a 65520,15808,24176,15472
>a 65520,15760,24176,15472
>p 7,0
>a 65520,15792,24176,15472
>a 65520,15824,24160,15472
>a 65520,15792,24176,15456
>a 65520,15744,24112,15440
>a 65520,15808,24128,15440
>a 65520,15744,24144,15456
>a 65520,15792,24160,15456
>a 65520,15840,24176,15472
>p 7,11
>a 65520,15792,24160,15536
>a 65520,15792,24208,15392
>a 65520,15760,24080,15392
>a 65520,15824,24240,15552
>a 65520,15760,24096,15440
>a 65520,15760,24128,15312
>a 65520,15792,24112,15440
>a 65520,15792,24144,15472
>a 65520,15792,24160,15456
>a 65520,15744,24080,15488
>a 65520,15760,24112,15456
>a 65520,15776,24288,15440
>a 65520,15792,24144,15472
>p 7,12
>a 65520,15792,24160,15472
>a 65520,15792,24112,15456
>a 65520,15808,24128,15392
>p 7,13
>p 7,14
>p 7,15
>p 7,16
>p 7,18
>a 65520,15792,24128,15456
>p 7,20
>p 7,21
>p 7,22
>p 7,23
>a 65520,15808,24128,15504
>p 7,24
>p 7,25
>p 7,26
>p 7,27
>a 65520,15728,24160,15424
>a 65520,15792,24144,15408
>a 65520,15776,24144,15328
>a 65520,15824,24080,15424
>a 65520,15808,24128,15552
>a 65520,17728,24160,15472
>a 65520,17328,24176,15424
>a 65520,17680,24176,15456
>a 65520,17616,24160,15472
>a 65520,17712,24240,15472
>a 65520,17664,24096,15440
>a 65520,17664,24160,15440
>a 65520,17696,24160,15424
>p 7,26
>a 65520,17424,24096,15408
>p 7,25
>p 7,24
>a 65520,16240,24176,15456
>p 7,23
>a 65520,15744,24160,15552
>a 65520,15760,24144,15456
>a 65520,15776,24128,15456
>a 65520,15744,24192,15424
>a 65520,15776,24272,15472
>a 65520,15760,24160,15504
>p 7,24
>p 7,25
>a 65520,15792,24176,15456
>p 7,26
>p 7,27
>a 65520,15920,24224,15408
>a 65520,15792,24160,15456
>a 65520,16240,24176,15440
>p 7,29
>a 65520,18592,24176,15472
>a 65520,19024,24176,15536
>a 65520,18816,24272,15472
>a 65520,18944,24176,15472
>a 65520,18880,24176,15472
>p 7,27
>p 7,26
>p 7,25
>a 65520,17312,24032,15456
>p 7,24
>p 7,23
>p 7,22
>a 65520,15808,24128,15424
>p 7,21
>p 7,19
>p 7,18
>a 65520,15840,24240,15472
>p 7,16
>a 65520,15776,24128,15536
>p 7,15
>p 7,14
>a 65520,15824,24176,15472
>p 7,13
>p 7,12
>p 7,11
>a 65520,15840,24160,15440
>a 65520,15728,24224,15440
>a 65520,15776,24256,15456
>a 65520,15728,24112,15376
>a 65520,15760,24160,15376
>a 65520,15776,24176,15424
>a 65520,15824,24176,15472
>a 65520,15760,24208,15520
>a 65520,15760,24112,15456
>a 65520,15728,24256,15504
>a 65520,15744,24112,15456
>a 65520,15776,24112,15472
>p 7,0
>a 65520,15776,24160,15568
>a 65520,15856,24176,15392
>a 65520,15744,24032,15456
>a 65520,15744,24176,15456
>a 65520,15856,24160,15424
>a 65520,15792,24144,15472
>a 65520,15792,24160,15456
>a 65520,15648,24016,15520
>a 65520,15712,24256,15344
>a 65520,15760,24160,15408
>a 65520,15664,24112,15440
>a 65520,15920,24176,15472
>a 65520,15776,24160,15440
>a 65520,15792,24208,15392
>a 65520,15776,24176,15456
>a 65520,15792,24160,15472
>a 65520,15792,24176,15504
>a 65520,15568,24032,15424
>a 65520,15760,24128,15488
>a 65520,15776,24176,15552
>a 65520,15776,24160,15456
>a 65520,15760,24176,15456
>a 65520,15728,24176,15472
>a 65520,15792,24176,15456
>a 65520,15808,24144,15488
>a 65520,15792,24128,15456
>a 65520,15776,24176,15472
>a 65520,15760,24144,15456
>a 65520,15776,24160,15472
>a 65520,15664,24144,15456
>a 65520,15712,24176,15472
>a 65520,15808,24176,15488
>a 65520,15792,24160,15472
>a 65520,15776,24240,15440
>a 65520,15792,24176,15472
>a 65520,15728,24144,15456
>a 65520,15760,24160,15456
>a 65520,15792,24144,15440
>a 65520,15792,24208,15424
>a 65520,15808,24256,15488
>a 65520,15760,24112,15472
>a 65520,15792,24112,15392
>a 65520,15728,24144,15472
>a 65520,15792,24080,15424
>a 65520,15728,24160,15456
>a 65520,15760,24176,15472
>a 65520,15792,24160,15536
>a 65520,15792,24176,15456
>a 65520,15792,24144,15456
>a 65520,15776,24128,15392
>a 65520,15776,24144,15504
>a 65520,15856,24176,15520
>a 65520,15856,24144,15456
>a 65520,15728,24176,15472
>a 65520,15792,24128,15440
>a 65520,15792,24160,15472
>a 65520,15856,24160,15424
>a 65520,15792,24160,15552
>a 65520,15856,24160,15408
>a 65520,15744,24048,15440
>a 65520,15792,24176,15440
>a 65520,15792,24160,15472
>a 65520,15792,24176,15456
>a 65520,15776,24160,15472
>a 65520,15744,24272,15456
>a 65520,15792,23968,15472
>a 65520,15920,24176,15472
>a 65520,15808,24160,15456
>a 65520,15728,24160,15520
>