
>v 1 Jul 11 2014, <C1459854>
>a 65520,15776,37776,15600
>a 65520,15616,37856,15552
>a 65520,15728,37696,15584
>a 65520,15712,37792,15568
>a 65520,15744,37776,15648
>a 65520,15728,37776,15696
>a 65520,15712,37744,15488
>a 65520,15632,37776,15568
>a 65520,15728,37872,15568
>a 65520,15712,37744,15552
>a 65520,15744,37808,15536
>a 65520,15696,37680,15552
>a 65520,15696,37792,15552
>a 65520,15712,37776,15520
>a 65520,15728,37712,15584
>a 65520,15728,37712,15584
>a 65520,15696,37744,15520
>a 65520,15728,37776,15536
>a 65520,15632,37808,15584
>a 65520,15760,37792,15568
>a 65520,15664,37696,15552
>a 65520,15712,37888,15632
>a 65520,15760,37776,15568
>a 65520,15728,37792,15552
>a 65520,15728,37792,15568
>a 65520,15728,37760,15488
>a 65520,15680,37776,15568
>a 65520,15712,37648,15536
>a 65520,15760,37808,15584
>a 65520,15744,37712,15552
>a 65520,15728,37776,15536
>a 65520,15664,37744,15456
>a 65520,15680,37744,15728
>a 65520,15728,37872,15568
>a 65520,15728,37856,15520
>a 65520,15728,37792,15552
>p 6,90
>p 5,90
>a 65520,15696,41184,15552
>a 65520,15792,41744,15584
>p 6,0
>p 5,0
>a 65520,15712,37360,15488
>p 6,90
>p 5,90
>a 65520,15728,41824,15552
>p 6,0
>p 5,0
>a 65520,15664,37488,15568
>p 6,90
>p 5,90
>a 65520,15680,41952,15536
>p 6,0
>p 5,0
>a 65520,15728,37648,15472
>p 6,90
>p 5,90
>a 65520,15728,42096,15536
>p 6,0
>p 5,0
>a 65520,15680,37744,15536
>p 6,90
>p 5,90
>a 65520,15728,42256,15584
>p 6,0
>p 5,0
>a 65520,15728,37904,15552
>p 6,90
>p 5,90
>a 65520,15712,42368,15600
>p 6,0
>p 5,0
>a 65520,15728,38032,15552
>p 6,90
>p 5,90
>a 65520,15712,42464,15568
>p 6,0
>p 5,0
>a 65520,15600,38176,15568
>p 6,90
>p 5,90
>a 65520,15712,42560,15664
>p 6,0
>p 5,0
>a 65520,15712,38224,15632
>p 6,90
>p 5,90
>a 65520,15600,42704,15520
>p 6,0
>p 5,0
>a 65520,15728,38496,15536
>p 6,90
>p 5,90
>a 65520,15744,42944,15584
>p 6,0
>p 5,0
>a 65520,15712,38656,15584
>p 6,90
>p 5,90
>a 65520,15712,43008,15584
>p 6,0
>p 5,0
>a 65520,15760,38736,15520
>p 6,90
>p 5,90
>a 65520,15712,43088,15536
>p 6,0
>p 5,0
>a 65520,15712,38608,15600
>p 6,90
>p 5,90
>a 65520,15744,43216,15680
>p 6,0
>p 5,0
>a 65520,15728,38896,15504
>a 65520,15728,38496,15552
>a 65520,15760,37952,15504
>a 65520,15728,37504,15552
>a 65520,15728,37088,15536
>a 65520,15824,36752,15616
>a 65520,15728,36192,15440
>a 65520,15728,35856,15568
>a 65520,15744,35488,15552
>a 65520,15744,35104,15536
>a 65520,15696,34736,15520
>a 65520,15744,34352,15536
>a 65520,15776,34016,15616
>a 65520,15728,33632,15552
>a 65520,15696,33296,15456
>a 65520,15744,33024,15392
>a 65520,15728,32704,15536
>a 65520,15632,32272,15488
>a 65520,15728,31984,15504
>a 65520,15712,31728,15520
>a 65520,15712,31344,15584
>a 65520,15840,31216,15488
>a 65520,15728,30816,15552
>a 65520,15744,30512,15520
>a 65520,15728,30256,15504
>a 65520,15760,29968,15504
>a 65520,15712,29728,15472
>a 65520,15728,29392,15472
>a 65520,15728,29104,15472
>a 65520,15728,28912,15520
>a 65520,15744,28656,15520
>a 65520,15744,28384,15488
>a 65520,15584,28144,15456
>a 65520,15728,27904,15504
>a 65520,15728,27680,15488
>a 65520,15712,27408,15536
>a 65520,15728,27168,15488
>a 65520,15808,26960,15504
>p 6,90
>p 5,90
>a 65520,15728,32400,15472
>p 6,0
>p 5,0
>a 65520,15696,27600,15408
>a 65520,15712,27312,15488
>a 65520,15808,27072,15472
>a 65520,15792,26896,15408
>p 6,90
>p 5,90
>a 65520,15840,32432,15520
>p 6,0
>p 5,0
>a 65520,15824,27440,15488
>a 65520,15648,27264,15456
>a 65520,15712,26992,15456
>p 6,90
>p 5,90
>a 65520,15760,32448,15488
>p 6,0
>p 5,0
>a 65520,15696,27440,15536
>a 65520,15712,27280,15504
>a 65520,15744,27008,15424
>p 6,90
>p 5,90
>a 65520,15696,32384,15472
>a 65520,15680,33200,15520
>p 6,0
>p 5,0
>a 65520,15760,28080,15472
>a 65520,15824,27808,15504
>a 65520,15728,27472,15488
>a 65520,15760,27168,15472
>a 65520,15712,26944,15584
>p 6,90
>p 5,90
>a 65520,15728,32352,15440
>p 6,0
>p 5,0
>a 65520,15728,27344,15456
>a 65520,15776,27104,15472
>a 65520,15696,26736,15648
>p 6,90
>p 5,90
>a 65520,15728,32176,15504
>p 6,0
>p 5,0
>a 65520,15728,27104,15472
>a 65520,15744,26848,15472
>p 6,90
>p 5,90
>a 65520,15744,32240,15504
>p 6,0
>p 5,0
>a 65520,15760,27312,15488
>a 65520,15728,26960,15456
>p 6,90
>p 5,90
>a 65520,15712,32304,15536
>p 6,0
>p 5,0
>a 65520,15728,27248,15504
>a 65520,15728,26976,15472
>p 6,90
>p 5,90
>a 65520,15680,32368,15536
>p 6,0
>p 5,0
>a 65520,15840,27360,15504
>a 65520,15760,27168,15472
>a 65520,15728,26688,15424
>p 6,90
>p 5,90
>a 65520,15728,32288,15520
>p 6,0
>p 5,0
>a 65520,15712,27088,15472
>a 65520,15744,26800,15472
>p 6,90
>p 5,90
>a 65520,15728,32224,15520
>p 6,0
>p 5,0
>a 65520,15776,27120,15408
>a 65520,15728,26800,15536
>p 6,90
>p 5,90
>a 65520,15744,32240,15536
>p 6,0
>p 5,0
>a 65520,15728,27120,15456
>a 65520,15712,26848,15424
>p 6,90
>p 5,90
>a 65520,15760,32304,15504
>p 6,0
>p 5,0
>a 65520,15808,27200,15472
>a 65520,15744,26912,15488
>p 6,90
>p 5,90
>a 65520,15680,32208,15520
>p 6,0
>p 5,0
>a 65520,15728,27200,15472
>a 65520,15728,26848,15424
>p 6,90
>p 5,90
>a 65520,15712,32352,15552
>p 6,0
>p 5,0
>a 65520,15728,27248,15472
>a 65520,15712,27040,15472
>p 6,90
>p 5,90
>a 65520,15664,32320,15504
>p 6,0
>p 5,0
>a 65520,15728,27264,15472
>a 65520,15680,26880,15472
>p 6,90
>p 5,90
>a 65520,15728,32400,15584
>p 6,0
>p 5,0
>a 65520,15760,27392,15568
>a 65520,15744,26928,15504
>p 6,90
>p 5,90
>a 65520,15712,32272,15632
>p 6,0
>p 5,0
>a 65520,15712,27248,15440
>a 65520,15776,26928,15472
>p 6,90
>p 5,90
>a 65520,15728,32368,15600
>p 6,0
>p 5,0
>a 65520,15728,27280,15472
>a 65520,15696,26912,15408
>p 6,90
>p 5,90
>a 65520,15728,32384,15584
>p 6,0
>p 5,0
>a 65520,15744,27264,15472
>a 65520,15744,26960,15376
>p 6,90
>p 5,90
>a 65520,15824,32368,15536
>p 6,0
>p 5,0
>a 65520,15760,27376,15504
>a 65520,15808,26928,15440
>p 6,90
>p 5,90
>a 65520,15760,32352,15520
>a 65520,15728,33024,15408
>a 65520,15760,33536,15616
>a 65520,15728,34016,15536
>a 65520,15872,34592,15536
>a 65520,15744,35152,15632
>a 65520,15728,35728,15520
>a 65520,15792,36112,15536
>a 65520,15728,36576,15456
>a 65520,15696,37120,15536
>a 65520,15728,37600,15520
>a 65520,15680,38048,15552
>a 65520,15728,38496,15472
>a 65520,15728,38992,15616
>