
>v 1 Jul 11 2014, <C1459854>
>a 52256,15472,51968,15456
>a 52112,15376,51936,15456
>a 52208,15504,51968,15424
>a 52240,15408,51952,15424
>a 52272,15424,51952,15408
>a 52208,15376,52016,15472
>a 52208,15440,51984,15408
>a 52208,15424,51984,15408
>a 52240,15408,51984,15536
>a 52272,15440,52048,15456
>a 52256,15504,52000,15440
>a 52256,15216,51888,15408
>a 52256,15424,52032,15472
>a 52272,15376,51968,15424
>a 52256,15424,52112,15392
>a 52272,15520,52032,15488
>p 7,19
>p 7,19
>p 7,20
>p 7,21
>a 52256,15312,52016,15440
>p 7,22
>p 7,23
>a 52208,15504,52016,15488
>a 52144,15440,51968,15472
>a 52240,15408,52032,15456
>a 52208,15312,52016,15424
>a 52272,15424,52032,15408
>a 52272,15392,52064,15472
>a 52272,15344,52064,15472
>a 52288,15408,52080,15424
>a 52208,15456,52080,15472
>p 7,24
>p 7,25
>p 7,27
>p 7,29
>p 7,30
>p 7,31
>a 52272,15408,52080,15472
>p 7,32
>p 7,33
>p 7,34
>a 52320,15408,52016,15472
>p 7,35
>p 7,36
>p 7,37
>p 7,38
>a 47120,27920,51792,15536
>p 7,39
>p 7,40
>p 7,41
>p 7,42
>p 7,43
>p 7,44
>a 46848,27904,51632,15456
>a 46528,28400,51488,15424
>a 46448,28864,51280,15520
>a 46320,28736,51056,15440
>p 7,43
>p 7,42
>a 46704,27904,50784,15344
>p 7,41
>p 7,40
>p 7,39
>p 7,38
>p 7,37
>p 7,36
>a 48560,24048,50736,15440
>p 7,35
>p 7,34
>a 49488,21744,50720,15536
>p 7,33
>p 7,32
>p 7,31
>a 49712,20768,50608,15456
>p 7,30
>p 7,29
>a 50176,19680,50576,15584
>p 7,28
>a 50352,18352,50512,15440
>p 7,27
>p 7,26
>p 7,25
>a 50720,16960,50496,15520
>p 7,24
>a 50736,15648,50592,15472
>a 50816,15600,50544,15440
>a 50720,15760,50464,15456
>p 7,25
>p 7,26
>p 7,27
>p 7,28
>a 50544,16208,50480,15456
>p 7,29
>p 7,30
>a 48912,20512,50288,15440
>p 7,31
>a 49104,20416,50256,15392
>p 7,32
>a 48624,21088,50192,15408
>a 48528,20992,50064,15456
>a 48432,21008,49904,15408
>p 7,31
>p 7,30
>a 48816,20048,49888,15440
>p 7,29
>a 48832,19664,49808,15424
>a 49104,18832,49712,15440
>a 48912,19200,49600,15440
>a 48848,19024,49584,15408
>a 48720,18992,49504,15360
>a 48688,18976,49424,15344
>a 48720,19008,49360,15408
>a 48688,18880,49296,15440
>a 48672,18928,49264,15440
>a 48608,18944,49136,15520
>p 7,28
>p 7,27
>a 48752,18480,49008,15408
>p 7,26
>p 7,25
>a 49232,16752,49056,15408
>p 7,24
>p 7,23
>p 7,22
>p 7,21
>a 49360,15600,49104,15472
>p 7,20
>p 7,19
>p 7,18
>a 49328,15392,49104,15376
>a 49408,15392,49136,15392
>a 49360,15424,49120,15392
>a 49456,15408,49136,15456
>a 49440,15392,49120,15456
>a 49376,15408,49184,15456
>a 49456,15408,49264,15424
>a 49424,15408,49264,15456
>a 49504,15424,49264,15440
>a 49536,15408,49232,15424
>a 49520,15392,49296,15440
>a 49520,15408,49264,15424
>a 49552,15392,49232,15376
>a 49552,15392,49312,15520
>p 7,19
>a 49520,15344,49344,15456
>p 7,20
>p 7,21
>p 7,22
>p 7,24
>p 7,25
>a 49584,15424,49328,15408
>p 7,26
>p 7,27
>p 7,28
>a 49616,15392,49440,15440
>a 49648,15392,49360,15440
>a 49616,15392,49408,15424
>a 49616,15712,49424,15440
>a 48528,18688,49264,15440
>a 48832,18016,49280,15408
>a 48784,18240,49136,15392
>a 48608,18272,49168,15440
>a 48720,18160,49040,15424
>a 48656,18240,49008,15392
>p 7,0
>a 49200,16080,48992,15424
>a 49296,15408,48992,15456
>a 49248,15344,49072,15488
>a 49312,15408,49008,15440
>a 49328,15408,49024,15392
>a 49280,15392,49072,15408
>a 49328,15504,49072,15456
>a 49328,15424,49136,15472
>a 49408,15376,49136,15440
>a 49328,15408,49120,15456
>a 49392,15408,49136,15408
>a 49408,15376,49104,15392
>p 7,28
>a 49424,15376,49136,15456
>a 49392,15424,49216,15424
>a 49424,15520,49200,15440
>a 49536,15424,49232,15520
>a 48080,19280,49072,15456
>a 48608,18128,49072,15408
>p 7,0
>a 49328,15680,49072,15456
>a 49344,15344,49088,15456
>a 49344,15408,49072,15456
>a 49344,15408,49200,15392
>a 49424,15328,49072,15440
>a 49392,15408,49120,15472
>a 49408,15392,49136,15408
>a 49360,15344,49136,15536
>a 49440,15408,49184,15456
>a 49440,15344,49136,15424
>a 49440,15472,49200,15328
>a 49488,15488,49216,15456
>a 49456,15408,49264,15392
>a 49472,15376,49200,15456
>a 49488,15408,49312,15376
>a 49552,15392,49296,15440
>a 49520,15536,49248,15504
>a 49504,15472,49264,15424
>a 49520,15408,49280,15536
>a 49632,15440,49328,15440
>a 49552,15376,49296,15424
>a 49568,15536,49344,15424
>a 49568,15392,49360,15440
>a 49600,15408,49328,15440
>a 49664,15408,49328,15408
>a 49632,15424,49296,15456
>a 49664,15408,49456,15424
>a 49664,15520,49408,15440
>a 49680,15424,49312,15312
>p 7,28
>a 49616,15376,49424,15440
>a 49680,15376,49408,15408
>a 49712,15392,49424,15408
>a 49664,15408,49360,15440
>a 49120,17248,49424,15408
>a 48944,18288,49328,15440
>p 7,0
>a 49568,16016,49328,15440
>a 49552,15376,49312,15456
>a 49600,15376,49328,15392
>a 49616,15408,49456,15392
>a 49664,15408,49264,15424
>a 49616,15280,49408,15376
>a 49616,15488,49360,15456
>a 49584,15408,49376,15440
>a 49552,15376,49408,15424
>p 7,29
>p 7,29
>p 7,30
>p 7,31
>p 7,32
>p 7,33
>p 7,34
>a 49696,15376,49408,15472
>p 7,35
>a 49664,15360,49440,15392
>a 46256,23840,49168,15424
>a 46896,23072,48976,15424
>a 47136,22784,48992,15424
>a 46832,23072,48848,15456
>a 46848,22928,48768,15424
>p 7,36
>a 46320,23696,48592,15456
>p 7,37
>p 7,38
>p 7,39
>a 45520,25248,48432,15360
>p 7,40
>p 7,41
>a 44896,26656,48256,15344
>p 7,42
>a 44192,27744,48080,15456
>p 7,43
>a 44016,28384,47968,15440
>p 7,44
>a 44048,28704,47792,15440
>a 44016,28720,47632,15392
>p 7,45
>a 43616,29760,47520,15408
>p 7,46
>p 7,47
>a 43152,31232,47296,15408
>p 7,48
>p 7,49
>a 43152,32480,47248,15376
>a 44144,31824,47088,15408
>p 7,50
>p 7,51
>a 43648,33536,46960,15376
>p 7,52
>p 7,53
>a 43120,35024,46832,15472
>p 7,54
>p 7,55
>a 43248,35600,46688,15440
>p 7,56
>p 7,57
>a 42928,37168,46512,15520
>p 7,58
>p 7,59
>a 42912,38240,46432,15424
>p 7,60
>p 7,61
>a 42656,40064,46256,15360
>p 7,62
>p 7,63
>a 42848,40752,46176,15424
>p 7,64
>a 42992,41232,46000,15392
>p 7,65
>a 42896,41472,45920,15408
>p 7,66
>a 42912,41552,45680,15376
>p 7,67
>a 42688,41648,45680,15424
>p 7,68
>p 7,69
>a 42592,41584,45552,15424
>p 7,70
>a 42528,41648,45392,15392
>p 7,72
>p 7,73
>a 42432,41392,45280,15536
>p 7,74
>p 7,75
>a 42384,41376,45200,15376
>p 7,76
>p 7,77
>p 7,78
>p 7,79
>a 42240,41248,45104,15408
>a 42176,41232,44944,15520
>a 42064,41088,44912,15408
>p 7,77
>p 7,76
>p 7,74
>p 7,72
>p 7,70
>p 7,67
>p 7,65
>p 7,63
>p 7,62
>p 7,61
>p 7,59
>p 7,58
>a 41984,40976,44704,15408
>p 7,57
>p 7,58
>p 7,57
>p 7,56
>p 7,55
>p 7,53
>p 7,51
>p 7,49
>p 7,46
>p 7,44
>p 7,42
>p 7,39
>a 45776,28448,44704,15392
>p 7,38
>p 7,36
>p 7,35
>p 7,32
>p 7,30
>p 7,28
>p 7,26
>p 7,25
>p 7,24
>p 7,22
>p 7,21
>p 7,19
>p 7,18
>a 46512,16032,44960,15344
>a 46576,15760,44944,15408
>a 46576,15600,45008,15424
>a 46640,15616,45040,15344
>a 46640,15408,45136,15424
>a 46704,15392,45232,15424
>a 46672,15376,45424,15424
>a 46832,15408,45472,15520
>a 46864,15488,45616,15392
>a 46976,15440,45744,15504
>a 46992,15376,45856,15408
>a 47056,15392,45840,15344
>a 47152,15392,45984,15440
>a 47264,15376,46144,15440
>