
>v 1 Jul 11 2014, <C1459854>
>a 65520,15776,24144,15456
>a 65520,15792,24176,15552
>a 65520,15760,24144,15632
>a 65520,15648,24176,15488
>a 65520,15776,24224,15504
>a 65520,15680,24176,15456
>a 65520,15840,24336,15424
>a 65520,15728,24128,15408
>a 65520,15760,24096,15472
>a 65520,15744,24160,15472
>a 65520,15824,24144,15456
>a 65520,15792,24144,15440
>a 65520,15776,24144,15472
>a 65520,15776,24144,15440
>a 65520,15840,24176,15488
>a 65520,15760,24160,15472
>a 65520,15696,24112,15456
>a 65520,15744,24144,15456
>a 65520,15776,24096,15520
>a 65520,15776,24160,15456
>a 65520,15760,24144,15440
>a 65520,15712,24144,15472
>a 65520,15792,24160,15536
>a 65520,15760,24160,15456
>a 65520,15840,24128,15456
>a 65520,15744,24096,15488
>a 65520,15792,24176,15536
>a 65520,15776,24176,15488
>a 65520,15760,24144,15440
>a 65520,15712,24176,15456
>a 65520,15728,24080,15440
>a 65520,15760,24160,15344
>a 65520,15728,24160,15456
>a 65520,15728,24176,15488
>a 65520,15776,24176,15536
>a 65520,15760,24240,15408
>a 65520,15728,24272,15472
>p 7,13
>p 7,13
>p 7,14
>p 7,15
>p 7,16
>p 7,18
>p 7,19
>p 7,20
>a 65520,15776,24192,15472
>a 65520,15728,24144,15456
>p 7,21
>a 65520,15744,24176,15456
>a 65520,15792,24176,15472
>a 65520,15664,24112,15456
>a 65520,15760,24144,15472
>a 65520,15776,24144,15472
>a 65520,15744,24192,15488
>p 7,22
>p 7,23
>a 65520,15824,24176,15456
>p 7,24
>p 7,25
>p 7,26
>a 65520,15744,24144,15536
>p 7,27
>a 65520,15776,24160,15456
>a 65520,15728,24160,15472
>a 65520,15728,24128,15440
>a 65520,15776,24160,15440
>a 65520,17600,24128,15472
>a 65520,17440,24272,15424
>a 65520,17536,24144,15424
>a 65520,17584,24304,15504
>a 65520,17600,24176,15456
>a 65520,17424,24128,15392
>a 65520,17616,24192,15488
>a 65520,17552,24208,15472
>p 7,26
>p 7,25
>p 7,24
>a 65520,16736,24240,15440
>a 65520,15760,24176,15472
>p 7,23
>a 65520,15776,24240,15456
>a 65520,15776,24240,15376
>a 65520,15776,24176,15472
>a 65520,16000,24144,15344
>a 65520,15744,24160,15536
>a 65520,15728,24160,15552
>a 65520,15872,24176,15456
>a 65520,15776,24176,15472
>a 65520,15776,24176,15456
>a 65520,15808,24176,15472
>p 7,22
>p 7,21
>p 7,20
>a 65520,15776,24128,15440
>a 65520,15808,24144,15536
>a 65520,15888,24096,15440
>a 65520,15760,24160,15424
>a 65520,15872,24160,15392
>a 65520,15792,24160,15456
>a 65520,15824,24240,15440
>a 65520,15824,24144,15472
>a 65520,15840,24176,15552
>a 65520,15792,24208,15456
>a 65520,15808,24144,15472
>a 65520,15792,24096,15440
>a 65520,15792,24128,15392
>a 65520,15792,24096,15408
>a 65520,15792,24192,15408
>a 65520,15792,24160,15408
>a 65520,15792,24304,15504
>a 65520,15792,24256,15568
>p 7,19
>p 7,18
>p 7,16
>a 65520,15920,24256,15440
>a 65520,15808,24160,15472
>p 7,15
>p 7,14
>p 7,13
>p 7,12
>p 7,11
>a 65520,15856,24176,15472
>a 65520,15888,24176,15552
>a 65520,15792,24176,15584
>a 65520,15824,24160,15504
>a 65520,15792,24096,15456
>a 65520,15824,24240,15456
>a 65520,15824,24240,15472
>a 65520,15728,24240,15440
>a 65520,15824,23984,15472
>a 65520,15616,24144,15472
>a 65520,15696,24176,15456
>a 65520,15712,24240,15472
>a 65520,15600,24080,15456
>a 65520,15792,24176,15552
>a 65520,15840,24160,15536
>a 65520,15664,24144,15472
>