Build started 6/5/2013 3:24:22 PM.
     1>Project "C:\Users\MOCNIK\documents\visual studio 2010\Projects\ergwegw\ergwegw\ergwegw.vcxproj" on node 2 (build target(s)).
     1>InitializeBuildStatus:
         Creating "Debug\ergwegw.unsuccessfulbuild" because "AlwaysCreate" was specified.
       GenerateTargetFrameworkMonikerAttribute:
       Skipping target "GenerateTargetFrameworkMonikerAttribute" because all output files are up-to-date with respect to the input files.
       ClCompile:
         All outputs are up-to-date.
         C:\Program Files (x86)\Microsoft Visual Studio 10.0\VC\bin\CL.exe /c /AI"C:\Program Files (x86)\Reference Assemblies\Microsoft\Framework\.NETFramework\v4.0" /Zi /clr /nologo /W3 /WX- /Od /Oy- /D WIN32 /D _DEBUG /D _UNICODE /D UNICODE /EHa /MDd /GS /fp:precise /Zc:wchar_t /Zc:forScope /Yu"StdAfx.h" /Fp"Debug\ergwegw.pch" /Fo"Debug\\" /Fd"Debug\vc100.pdb" /TP /FU"C:\Program Files (x86)\Reference Assemblies\Microsoft\Framework\.NETFramework\v4.0\System.Core.dll" /FU"C:\Program Files (x86)\Reference Assemblies\Microsoft\Framework\.NETFramework\v4.0\System.Data.dll" /FU"C:\Program Files (x86)\Reference Assemblies\Microsoft\Framework\.NETFramework\v4.0\System.dll" /FU"C:\Program Files (x86)\Reference Assemblies\Microsoft\Framework\.NETFramework\v4.0\System.Xml.dll" /analyze- /errorReport:prompt ergwegw.cpp /clr:nostdlib 
         ergwegw.cpp
         All outputs are up-to-date.
       ResourceCompile:
         All outputs are up-to-date.
       Link:
         C:\Program Files (x86)\Microsoft Visual Studio 10.0\VC\bin\link.exe /ERRORREPORT:PROMPT /OUT:"C:\Users\MOCNIK\documents\visual studio 2010\Projects\ergwegw\Debug\ergwegw.exe" /INCREMENTAL /NOLOGO /MANIFEST /ManifestFile:"Debug\ergwegw.exe.intermediate.manifest" /MANIFESTUAC:"level='asInvoker' uiAccess='false'" /DEBUG /PDB:"C:\Users\MOCNIK\documents\visual studio 2010\Projects\ergwegw\Debug\ergwegw.pdb" /ASSEMBLYDEBUG /TLBID:1 /DYNAMICBASE /FIXED:NO /NXCOMPAT /MACHINE:X86 Debug\app.res
         Debug\AssemblyInfo.obj
         Debug\ergwegw.obj
         Debug\stdafx.obj
         "Debug\.NETFramework,Version=v4.0.AssemblyAttributes.obj"
         ergwegw.vcxproj -> C:\Users\MOCNIK\documents\visual studio 2010\Projects\ergwegw\Debug\ergwegw.exe
       Manifest:
         C:\Program Files (x86)\Microsoft SDKs\Windows\v7.0A\bin\mt.exe /nologo /verbose /outputresource:"C:\Users\MOCNIK\documents\visual studio 2010\Projects\ergwegw\Debug\ergwegw.exe;#1" /manifest Debug\ergwegw.exe.intermediate.manifest
       FinalizeBuildStatus:
         Deleting file "Debug\ergwegw.unsuccessfulbuild".
         Touching "Debug\ergwegw.lastbuildstate".
     1>Done Building Project "C:\Users\MOCNIK\documents\visual studio 2010\Projects\ergwegw\ergwegw\ergwegw.vcxproj" (build target(s)).

Build succeeded.

Time Elapsed 00:00:02.27
