C:\USERS\MOCNIK\DOCUMENTS\VISUAL STUDIO 2010\PROJECTS\ERGWEGW\DEBUG\ERGWEGW.EXE
C:\USERS\MOCNIK\DOCUMENTS\VISUAL STUDIO 2010\PROJECTS\ERGWEGW\DEBUG\ERGWEGW.ILK
C:\USERS\MOCNIK\DOCUMENTS\VISUAL STUDIO 2010\PROJECTS\ERGWEGW\DEBUG\ERGWEGW.PDB
C:\USERS\MOCNIK\DOCUMENTS\VISUAL STUDIO 2010\PROJECTS\ERGWEGW\ERGWEGW\DEBUG\.NETFRAMEWORK,VERSION=V4.0.ASSEMBLYATTRIBUTES.OBJ
C:\USERS\MOCNIK\DOCUMENTS\VISUAL STUDIO 2010\PROJECTS\ERGWEGW\ERGWEGW\DEBUG\APP.RES
C:\USERS\MOCNIK\DOCUMENTS\VISUAL STUDIO 2010\PROJECTS\ERGWEGW\ERGWEGW\DEBUG\ASSEMBLYINFO.OBJ
c:\Users\MOCNIK\documents\visual studio 2010\Projects\ergwegw\ergwegw\Debug\cl.command.1.tlog
c:\Users\MOCNIK\documents\visual studio 2010\Projects\ergwegw\ergwegw\Debug\CL.read.1.tlog
c:\Users\MOCNIK\documents\visual studio 2010\Projects\ergwegw\ergwegw\Debug\CL.write.1.tlog
C:\USERS\MOCNIK\DOCUMENTS\VISUAL STUDIO 2010\PROJECTS\ERGWEGW\ERGWEGW\DEBUG\ERGWEGW.EXE.INTERMEDIATE.MANIFEST
C:\USERS\MOCNIK\DOCUMENTS\VISUAL STUDIO 2010\PROJECTS\ERGWEGW\ERGWEGW\DEBUG\ERGWEGW.OBJ
C:\USERS\MOCNIK\DOCUMENTS\VISUAL STUDIO 2010\PROJECTS\ERGWEGW\ERGWEGW\DEBUG\ERGWEGW.PCH
c:\Users\MOCNIK\documents\visual studio 2010\Projects\ergwegw\ergwegw\Debug\ergwegw.write.1.tlog
c:\Users\MOCNIK\documents\visual studio 2010\Projects\ergwegw\ergwegw\Debug\link.1160.read.1.tlog
c:\Users\MOCNIK\documents\visual studio 2010\Projects\ergwegw\ergwegw\Debug\link.1160.write.1.tlog
c:\Users\MOCNIK\documents\visual studio 2010\Projects\ergwegw\ergwegw\Debug\link.1160-cvtres.read.1.tlog
c:\Users\MOCNIK\documents\visual studio 2010\Projects\ergwegw\ergwegw\Debug\link.1160-cvtres.write.1.tlog
c:\Users\MOCNIK\documents\visual studio 2010\Projects\ergwegw\ergwegw\Debug\link.1676.read.1.tlog
c:\Users\MOCNIK\documents\visual studio 2010\Projects\ergwegw\ergwegw\Debug\link.1676.write.1.tlog
c:\Users\MOCNIK\documents\visual studio 2010\Projects\ergwegw\ergwegw\Debug\link.1676-cvtres.read.1.tlog
c:\Users\MOCNIK\documents\visual studio 2010\Projects\ergwegw\ergwegw\Debug\link.1676-cvtres.write.1.tlog
c:\Users\MOCNIK\documents\visual studio 2010\Projects\ergwegw\ergwegw\Debug\link.5340.read.1.tlog
c:\Users\MOCNIK\documents\visual studio 2010\Projects\ergwegw\ergwegw\Debug\link.5340.write.1.tlog
c:\Users\MOCNIK\documents\visual studio 2010\Projects\ergwegw\ergwegw\Debug\link.5340-cvtres.read.1.tlog
c:\Users\MOCNIK\documents\visual studio 2010\Projects\ergwegw\ergwegw\Debug\link.5340-cvtres.write.1.tlog
c:\Users\MOCNIK\documents\visual studio 2010\Projects\ergwegw\ergwegw\Debug\link.6200.read.1.tlog
c:\Users\MOCNIK\documents\visual studio 2010\Projects\ergwegw\ergwegw\Debug\link.6200.write.1.tlog
c:\Users\MOCNIK\documents\visual studio 2010\Projects\ergwegw\ergwegw\Debug\link.6200-cvtres.read.1.tlog
c:\Users\MOCNIK\documents\visual studio 2010\Projects\ergwegw\ergwegw\Debug\link.6200-cvtres.write.1.tlog
c:\Users\MOCNIK\documents\visual studio 2010\Projects\ergwegw\ergwegw\Debug\link.6364.read.1.tlog
c:\Users\MOCNIK\documents\visual studio 2010\Projects\ergwegw\ergwegw\Debug\link.6364.write.1.tlog
c:\Users\MOCNIK\documents\visual studio 2010\Projects\ergwegw\ergwegw\Debug\link.6364-cvtres.read.1.tlog
c:\Users\MOCNIK\documents\visual studio 2010\Projects\ergwegw\ergwegw\Debug\link.6364-cvtres.write.1.tlog
c:\Users\MOCNIK\documents\visual studio 2010\Projects\ergwegw\ergwegw\Debug\link.6376.read.1.tlog
c:\Users\MOCNIK\documents\visual studio 2010\Projects\ergwegw\ergwegw\Debug\link.6376.write.1.tlog
c:\Users\MOCNIK\documents\visual studio 2010\Projects\ergwegw\ergwegw\Debug\link.6376-cvtres.read.1.tlog
c:\Users\MOCNIK\documents\visual studio 2010\Projects\ergwegw\ergwegw\Debug\link.6376-cvtres.write.1.tlog
c:\Users\MOCNIK\documents\visual studio 2010\Projects\ergwegw\ergwegw\Debug\link.6636.read.1.tlog
c:\Users\MOCNIK\documents\visual studio 2010\Projects\ergwegw\ergwegw\Debug\link.6636.write.1.tlog
c:\Users\MOCNIK\documents\visual studio 2010\Projects\ergwegw\ergwegw\Debug\link.6636-cvtres.read.1.tlog
c:\Users\MOCNIK\documents\visual studio 2010\Projects\ergwegw\ergwegw\Debug\link.6636-cvtres.write.1.tlog
c:\Users\MOCNIK\documents\visual studio 2010\Projects\ergwegw\ergwegw\Debug\link.6896.read.1.tlog
c:\Users\MOCNIK\documents\visual studio 2010\Projects\ergwegw\ergwegw\Debug\link.6896.write.1.tlog
c:\Users\MOCNIK\documents\visual studio 2010\Projects\ergwegw\ergwegw\Debug\link.6896-cvtres.read.1.tlog
c:\Users\MOCNIK\documents\visual studio 2010\Projects\ergwegw\ergwegw\Debug\link.6896-cvtres.write.1.tlog
c:\Users\MOCNIK\documents\visual studio 2010\Projects\ergwegw\ergwegw\Debug\link.command.1.tlog
c:\Users\MOCNIK\documents\visual studio 2010\Projects\ergwegw\ergwegw\Debug\link.read.1.tlog
c:\Users\MOCNIK\documents\visual studio 2010\Projects\ergwegw\ergwegw\Debug\link.write.1.tlog
c:\Users\MOCNIK\documents\visual studio 2010\Projects\ergwegw\ergwegw\Debug\metagen.read.1.tlog
c:\Users\MOCNIK\documents\visual studio 2010\Projects\ergwegw\ergwegw\Debug\metagen.write.1.tlog
c:\Users\MOCNIK\documents\visual studio 2010\Projects\ergwegw\ergwegw\Debug\mt.command.1.tlog
c:\Users\MOCNIK\documents\visual studio 2010\Projects\ergwegw\ergwegw\Debug\mt.read.1.tlog
c:\Users\MOCNIK\documents\visual studio 2010\Projects\ergwegw\ergwegw\Debug\mt.write.1.tlog
c:\Users\MOCNIK\documents\visual studio 2010\Projects\ergwegw\ergwegw\Debug\rc.command.1.tlog
c:\Users\MOCNIK\documents\visual studio 2010\Projects\ergwegw\ergwegw\Debug\rc.read.1.tlog
c:\Users\MOCNIK\documents\visual studio 2010\Projects\ergwegw\ergwegw\Debug\rc.write.1.tlog
c:\Users\MOCNIK\documents\visual studio 2010\Projects\ergwegw\ergwegw\Debug\RSAENH.DLL.bi
C:\USERS\MOCNIK\DOCUMENTS\VISUAL STUDIO 2010\PROJECTS\ERGWEGW\ERGWEGW\DEBUG\STDAFX.OBJ
C:\USERS\MOCNIK\DOCUMENTS\VISUAL STUDIO 2010\PROJECTS\ERGWEGW\ERGWEGW\DEBUG\VC100.PDB
