C:\USERS\MOCNIK\DOCUMENTS\VISUAL STUDIO 2010\PROJECTS\LZZS\DEBUG\LZZS.EXE
C:\USERS\MOCNIK\DOCUMENTS\VISUAL STUDIO 2010\PROJECTS\LZZS\DEBUG\LZZS.ILK
C:\USERS\MOCNIK\DOCUMENTS\VISUAL STUDIO 2010\PROJECTS\LZZS\DEBUG\LZZS.PDB
C:\USERS\MOCNIK\DOCUMENTS\VISUAL STUDIO 2010\PROJECTS\LZZS\LZZS\DEBUG\.NETFRAMEWORK,VERSION=V4.0.ASSEMBLYATTRIBUTES.OBJ
C:\USERS\MOCNIK\DOCUMENTS\VISUAL STUDIO 2010\PROJECTS\LZZS\LZZS\DEBUG\APP.RES
C:\USERS\MOCNIK\DOCUMENTS\VISUAL STUDIO 2010\PROJECTS\LZZS\LZZS\DEBUG\ASSEMBLYINFO.OBJ
c:\Users\MOCNIK\documents\visual studio 2010\Projects\lzzs\lzzs\Debug\cl.command.1.tlog
c:\Users\MOCNIK\documents\visual studio 2010\Projects\lzzs\lzzs\Debug\CL.read.1.tlog
c:\Users\MOCNIK\documents\visual studio 2010\Projects\lzzs\lzzs\Debug\CL.write.1.tlog
c:\Users\MOCNIK\documents\visual studio 2010\Projects\lzzs\lzzs\Debug\link.6636.read.1.tlog
c:\Users\MOCNIK\documents\visual studio 2010\Projects\lzzs\lzzs\Debug\link.6636.write.1.tlog
c:\Users\MOCNIK\documents\visual studio 2010\Projects\lzzs\lzzs\Debug\link.6636-cvtres.read.1.tlog
c:\Users\MOCNIK\documents\visual studio 2010\Projects\lzzs\lzzs\Debug\link.6636-cvtres.write.1.tlog
c:\Users\MOCNIK\documents\visual studio 2010\Projects\lzzs\lzzs\Debug\link.6948.read.1.tlog
c:\Users\MOCNIK\documents\visual studio 2010\Projects\lzzs\lzzs\Debug\link.6948.write.1.tlog
c:\Users\MOCNIK\documents\visual studio 2010\Projects\lzzs\lzzs\Debug\link.6948-cvtres.read.1.tlog
c:\Users\MOCNIK\documents\visual studio 2010\Projects\lzzs\lzzs\Debug\link.6948-cvtres.write.1.tlog
c:\Users\MOCNIK\documents\visual studio 2010\Projects\lzzs\lzzs\Debug\link.command.1.tlog
c:\Users\MOCNIK\documents\visual studio 2010\Projects\lzzs\lzzs\Debug\link.read.1.tlog
c:\Users\MOCNIK\documents\visual studio 2010\Projects\lzzs\lzzs\Debug\link.write.1.tlog
C:\USERS\MOCNIK\DOCUMENTS\VISUAL STUDIO 2010\PROJECTS\LZZS\LZZS\DEBUG\LZZS.EXE.INTERMEDIATE.MANIFEST
C:\USERS\MOCNIK\DOCUMENTS\VISUAL STUDIO 2010\PROJECTS\LZZS\LZZS\DEBUG\LZZS.OBJ
C:\USERS\MOCNIK\DOCUMENTS\VISUAL STUDIO 2010\PROJECTS\LZZS\LZZS\DEBUG\LZZS.PCH
c:\Users\MOCNIK\documents\visual studio 2010\Projects\lzzs\lzzs\Debug\lzzs.vcxprojResolveAssemblyReference.cache
c:\Users\MOCNIK\documents\visual studio 2010\Projects\lzzs\lzzs\Debug\lzzs.write.1.tlog
c:\Users\MOCNIK\documents\visual studio 2010\Projects\lzzs\lzzs\Debug\metagen.read.1.tlog
c:\Users\MOCNIK\documents\visual studio 2010\Projects\lzzs\lzzs\Debug\metagen.write.1.tlog
c:\Users\MOCNIK\documents\visual studio 2010\Projects\lzzs\lzzs\Debug\mt.command.1.tlog
c:\Users\MOCNIK\documents\visual studio 2010\Projects\lzzs\lzzs\Debug\mt.read.1.tlog
c:\Users\MOCNIK\documents\visual studio 2010\Projects\lzzs\lzzs\Debug\mt.write.1.tlog
c:\Users\MOCNIK\documents\visual studio 2010\Projects\lzzs\lzzs\Debug\rc.command.1.tlog
c:\Users\MOCNIK\documents\visual studio 2010\Projects\lzzs\lzzs\Debug\rc.read.1.tlog
c:\Users\MOCNIK\documents\visual studio 2010\Projects\lzzs\lzzs\Debug\rc.write.1.tlog
c:\Users\MOCNIK\documents\visual studio 2010\Projects\lzzs\lzzs\Debug\RSAENH.DLL.bi
C:\USERS\MOCNIK\DOCUMENTS\VISUAL STUDIO 2010\PROJECTS\LZZS\LZZS\DEBUG\STDAFX.OBJ
C:\USERS\MOCNIK\DOCUMENTS\VISUAL STUDIO 2010\PROJECTS\LZZS\LZZS\DEBUG\VC100.PDB
